Remote Browser Emulator for TPC-W.
  ECE 902  Fall '99
  Version 1.5
System's current path is /root/loadtest
rt:0.11,through:2.27,tt:0.33,num_interact:34,Intrvl:15,num_users:1,errors:0
rt:1.34,through:10.8,tt:0.37,num_interact:162,Intrvl:15,num_users:20,errors:0
rt:5.33,through:10.4,tt:0.38,num_interact:156,Intrvl:15,num_users:80,errors:0
rt:7.52,through:12.67,tt:0.37,num_interact:190,Intrvl:15,num_users:120,errors:0
rt:9.54,through:12.53,tt:0.35,num_interact:188,Intrvl:15,num_users:180,errors:0
rt:13.73,through:12.4,tt:0.38,num_interact:186,Intrvl:15,num_users:240,errors:0
rt:17.31,through:12.6,tt:0.35,num_interact:189,Intrvl:15,num_users:280,errors:0
rt:19.43,through:13,tt:0.42,num_interact:195,Intrvl:15,num_users:310,errors:0
rt:24.65,through:12.4,tt:0.4,num_interact:186,Intrvl:15,num_users:370,errors:0
rt:26.19,through:11.93,tt:0.35,num_interact:179,Intrvl:15,num_users:346,errors:0
rt:27.73,through:12.27,tt:0.35,num_interact:184,Intrvl:15,num_users:348,errors:0
rt:27.22,through:12.07,tt:0.35,num_interact:181,Intrvl:15,num_users:342,errors:0
rt:28.26,through:12.93,tt:0.36,num_interact:194,Intrvl:15,num_users:410,errors:0
rt:28.51,through:10.67,tt:0.36,num_interact:160,Intrvl:15,num_users:357,errors:0
rt:30.13,through:11.13,tt:0.34,num_interact:167,Intrvl:15,num_users:327,errors:0
rt:29.42,through:9.8,tt:0.38,num_interact:147,Intrvl:15,num_users:292,errors:0
rt:28.08,through:11.73,tt:0.35,num_interact:176,Intrvl:15,num_users:304,errors:0
rt:25.41,through:12.67,tt:0.38,num_interact:190,Intrvl:15,num_users:353,errors:0
rt:24.06,through:12.8,tt:0.42,num_interact:192,Intrvl:15,num_users:368,errors:0
rt:27.19,through:12.2,tt:0.33,num_interact:183,Intrvl:15,num_users:349,errors:0
rt:29.35,through:10.67,tt:0.34,num_interact:160,Intrvl:15,num_users:317,errors:0
rt:28.06,through:12,tt:0.34,num_interact:180,Intrvl:15,num_users:324,errors:0
rt:25.01,through:12.93,tt:0.36,num_interact:194,Intrvl:15,num_users:366,errors:0
rt:26.1,through:12.07,tt:0.37,num_interact:181,Intrvl:15,num_users:348,errors:0
rt:28.76,through:12.13,tt:0.33,num_interact:182,Intrvl:15,num_users:330,errors:0
rt:27.51,through:11.67,tt:0.32,num_interact:175,Intrvl:15,num_users:320,errors:0
rt:25.86,through:12.93,tt:0.36,num_interact:194,Intrvl:15,num_users:333,errors:0
rt:25.22,through:12.6,tt:0.37,num_interact:189,Intrvl:15,num_users:342,errors:0
rt:26.84,through:11.53,tt:0.33,num_interact:173,Intrvl:15,num_users:308,errors:0
rt:26.77,through:11.33,tt:0.36,num_interact:170,Intrvl:15,num_users:295,errors:0
rt:24.07,through:12.47,tt:0.37,num_interact:189,Intrvl:15,num_users:311,errors:0
rt:23.64,through:12.87,tt:0.34,num_interact:193,Intrvl:15,num_users:346,errors:0
rt:25.47,through:12.67,tt:0.38,num_interact:190,Intrvl:15,num_users:345,errors:0
rt:26.43,through:12.87,tt:0.35,num_interact:193,Intrvl:15,num_users:368,errors:0
rt:27.26,through:10.8,tt:0.38,num_interact:162,Intrvl:15,num_users:329,errors:0
rt:27.37,through:12,tt:0.33,num_interact:180,Intrvl:15,num_users:336,errors:0
rt:27.15,through:11.53,tt:0.35,num_interact:173,Intrvl:15,num_users:297,errors:0
rt:26.83,through:11.87,tt:0.35,num_interact:178,Intrvl:15,num_users:324,errors:0
rt:24.41,through:12.73,tt:0.4,num_interact:191,Intrvl:15,num_users:343,errors:0
rt:25.17,through:12.6,tt:0.34,num_interact:189,Intrvl:15,num_users:348,errors:0
rt:27.09,through:12.93,tt:0.41,num_interact:194,Intrvl:15,num_users:401,errors:0
rt:28.7,through:10.2,tt:0.32,num_interact:153,Intrvl:15,num_users:325,errors:0
rt:29.43,through:9.2,tt:0.33,num_interact:138,Intrvl:15,num_users:286,errors:0
rt:27.27,through:11.4,tt:0.35,num_interact:171,Intrvl:15,num_users:272,errors:0
rt:24.43,through:12.07,tt:0.35,num_interact:181,Intrvl:15,num_users:369,errors:0
rt:25.11,through:12.73,tt:0.36,num_interact:191,Intrvl:15,num_users:383,errors:0
rt:28.14,through:11.67,tt:0.37,num_interact:175,Intrvl:15,num_users:339,errors:0
rt:27.95,through:11.33,tt:0.36,num_interact:170,Intrvl:15,num_users:357,errors:0
rt:29.83,through:11.67,tt:0.34,num_interact:175,Intrvl:15,num_users:337,errors:0
rt:28.7,through:11.6,tt:0.37,num_interact:174,Intrvl:15,num_users:323,errors:0
rt:26.9,through:10,tt:0.37,num_interact:150,Intrvl:15,num_users:248,errors:0
rt:23.39,through:11.2,tt:0.36,num_interact:168,Intrvl:15,num_users:304,errors:0
rt:23.68,through:11.47,tt:0.38,num_interact:172,Intrvl:15,num_users:278,errors:0
rt:23.58,through:12.2,tt:0.36,num_interact:183,Intrvl:15,num_users:275,errors:0
rt:21.71,through:13,tt:0.37,num_interact:195,Intrvl:15,num_users:280,errors:0
rt:21.66,through:12.8,tt:0.34,num_interact:192,Intrvl:15,num_users:395,errors:0
rt:23.53,through:6.27,tt:0.29,num_interact:94,Intrvl:15,num_users:268,errors:0
rt:28.99,through:10.93,tt:0.31,num_interact:164,Intrvl:15,num_users:279,errors:0
rt:26.49,through:12.33,tt:0.35,num_interact:185,Intrvl:15,num_users:271,errors:0
rt:21.6,through:12.4,tt:0.33,num_interact:186,Intrvl:15,num_users:308,errors:0
rt:23.2,through:10.8,tt:0.29,num_interact:162,Intrvl:15,num_users:254,errors:5
rt:19.69,through:14.2,tt:0.35,num_interact:213,Intrvl:15,num_users:327,errors:0
rt:15.98,through:19.07,tt:0.37,num_interact:286,Intrvl:15,num_users:291,errors:0
rt:14.83,through:19.27,tt:0.4,num_interact:289,Intrvl:15,num_users:265,errors:0
rt:12.48,through:20.13,tt:0.38,num_interact:302,Intrvl:15,num_users:244,errors:0
rt:10.41,through:18.47,tt:0.34,num_interact:277,Intrvl:15,num_users:195,errors:0
rt:10.54,through:20.8,tt:0.37,num_interact:312,Intrvl:15,num_users:396,errors:0
rt:13.25,through:21.4,tt:0.38,num_interact:321,Intrvl:15,num_users:353,errors:0
rt:14.21,through:18.27,tt:0.33,num_interact:274,Intrvl:15,num_users:348,errors:0
rt:16.67,through:16.53,tt:0.38,num_interact:248,Intrvl:15,num_users:335,errors:0
rt:19.52,through:15.93,tt:0.32,num_interact:239,Intrvl:15,num_users:314,errors:0
rt:17.17,through:16,tt:0.34,num_interact:240,Intrvl:15,num_users:289,errors:0
rt:18.96,through:15.93,tt:0.4,num_interact:239,Intrvl:15,num_users:420,errors:6
rt:19.75,through:15.93,tt:0.38,num_interact:239,Intrvl:15,num_users:369,errors:0
rt:21.59,through:14.6,tt:0.4,num_interact:219,Intrvl:15,num_users:343,errors:20
rt:20.36,through:14.8,tt:0.33,num_interact:222,Intrvl:15,num_users:356,errors:0
rt:21.19,through:15.2,tt:0.36,num_interact:228,Intrvl:15,num_users:317,errors:8
rt:20.61,through:14.27,tt:0.37,num_interact:214,Intrvl:15,num_users:357,errors:0
rt:21.68,through:16.67,tt:0.37,num_interact:250,Intrvl:15,num_users:337,errors:28
rt:17.66,through:14,tt:0.34,num_interact:210,Intrvl:15,num_users:307,errors:0
rt:20.49,through:17.07,tt:0.32,num_interact:256,Intrvl:15,num_users:366,errors:23
rt:24.13,through:14.27,tt:0.37,num_interact:214,Intrvl:15,num_users:401,errors:0
rt:21.17,through:13.87,tt:0.35,num_interact:208,Intrvl:15,num_users:294,errors:12
rt:21.07,through:13.27,tt:0.4,num_interact:199,Intrvl:15,num_users:366,errors:1
rt:19.91,through:15.07,tt:0.34,num_interact:226,Intrvl:15,num_users:354,errors:0
rt:23.23,through:16.6,tt:0.37,num_interact:249,Intrvl:15,num_users:368,errors:9
rt:20.43,through:17.13,tt:0.4,num_interact:257,Intrvl:15,num_users:364,errors:0
rt:23.53,through:16.33,tt:0.38,num_interact:245,Intrvl:15,num_users:360,errors:24
rt:20.79,through:15.13,tt:0.35,num_interact:227,Intrvl:15,num_users:353,errors:0
rt:22.02,through:15.67,tt:0.37,num_interact:235,Intrvl:15,num_users:325,errors:12
rt:16.96,through:15.73,tt:0.32,num_interact:236,Intrvl:15,num_users:296,errors:0
rt:18.21,through:15.47,tt:0.33,num_interact:232,Intrvl:15,num_users:274,errors:13
rt:16.42,through:13.8,tt:0.35,num_interact:207,Intrvl:15,num_users:291,errors:0
rt:18.7,through:17.53,tt:0.35,num_interact:263,Intrvl:15,num_users:327,errors:13
rt:17.29,through:16.2,tt:0.33,num_interact:243,Intrvl:15,num_users:301,errors:8
rt:17.27,through:15.27,tt:0.35,num_interact:229,Intrvl:15,num_users:318,errors:12
rt:18.19,through:15.8,tt:0.36,num_interact:237,Intrvl:15,num_users:298,errors:9
rt:17.06,through:15.53,tt:0.37,num_interact:233,Intrvl:15,num_users:309,errors:6
rt:20.68,through:16.13,tt:0.32,num_interact:242,Intrvl:15,num_users:326,errors:17
rt:16.94,through:15.73,tt:0.37,num_interact:236,Intrvl:15,num_users:289,errors:0
rt:21.83,through:15.13,tt:0.37,num_interact:227,Intrvl:15,num_users:305,errors:15
rt:17.25,through:16.27,tt:0.34,num_interact:244,Intrvl:15,num_users:303,errors:0
rt:20.1,through:15.27,tt:0.3,num_interact:229,Intrvl:15,num_users:280,errors:16
rt:15.22,through:16.8,tt:0.37,num_interact:252,Intrvl:15,num_users:339,errors:0
rt:19.59,through:16.6,tt:0.34,num_interact:249,Intrvl:15,num_users:281,errors:13
rt:15.87,through:13.2,tt:0.4,num_interact:198,Intrvl:15,num_users:303,errors:0
rt:18.1,through:17.2,tt:0.36,num_interact:258,Intrvl:15,num_users:289,errors:19
rt:16.05,through:14.6,tt:0.34,num_interact:219,Intrvl:15,num_users:357,errors:0
rt:19.75,through:17.47,tt:0.37,num_interact:262,Intrvl:15,num_users:374,errors:17
rt:23.02,through:15.53,tt:0.33,num_interact:233,Intrvl:15,num_users:375,errors:3
rt:18.29,through:15,tt:0.35,num_interact:225,Intrvl:15,num_users:321,errors:13
rt:22.91,through:15.67,tt:0.39,num_interact:235,Intrvl:15,num_users:339,errors:2
rt:19.14,through:15.67,tt:0.38,num_interact:235,Intrvl:15,num_users:353,errors:1
rt:21.26,through:14.13,tt:0.31,num_interact:212,Intrvl:15,num_users:280,errors:20
rt:17.02,through:15.53,tt:0.37,num_interact:233,Intrvl:15,num_users:291,errors:0
rt:21.31,through:15.33,tt:0.41,num_interact:230,Intrvl:15,num_users:344,errors:17
rt:18.35,through:16.13,tt:0.32,num_interact:242,Intrvl:15,num_users:335,errors:0
rt:21.93,through:17.47,tt:0.33,num_interact:262,Intrvl:15,num_users:380,errors:17
rt:21.12,through:14.93,tt:0.39,num_interact:224,Intrvl:15,num_users:365,errors:1
rt:19.04,through:14.73,tt:0.36,num_interact:221,Intrvl:15,num_users:298,errors:8
rt:19.69,through:14.67,tt:0.37,num_interact:220,Intrvl:15,num_users:304,errors:4
rt:17.78,through:16,tt:0.32,num_interact:240,Intrvl:15,num_users:291,errors:2
rt:19.37,through:14.73,tt:0.34,num_interact:221,Intrvl:15,num_users:285,errors:9
rt:17.26,through:15.33,tt:0.32,num_interact:230,Intrvl:15,num_users:263,errors:0
rt:16.85,through:17.13,tt:0.36,num_interact:257,Intrvl:15,num_users:307,errors:10
rt:15.58,through:15,tt:0.35,num_interact:225,Intrvl:15,num_users:262,errors:0
rt:16.94,through:17,tt:0.38,num_interact:258,Intrvl:15,num_users:354,errors:13
rt:15.98,through:15.53,tt:0.34,num_interact:233,Intrvl:15,num_users:330,errors:0
rt:21.72,through:15.67,tt:0.41,num_interact:235,Intrvl:15,num_users:402,errors:19
rt:22.32,through:15.53,tt:0.37,num_interact:233,Intrvl:15,num_users:359,errors:0
rt:22.38,through:16.4,tt:0.36,num_interact:246,Intrvl:15,num_users:368,errors:14
rt:19.75,through:12.53,tt:0.35,num_interact:188,Intrvl:15,num_users:279,errors:0
rt:19.38,through:15.8,tt:0.36,num_interact:237,Intrvl:15,num_users:321,errors:13
rt:18.82,through:14.6,tt:0.4,num_interact:219,Intrvl:15,num_users:314,errors:0
rt:20.65,through:17.33,tt:0.35,num_interact:260,Intrvl:15,num_users:324,errors:16
rt:17.01,through:14.93,tt:0.31,num_interact:224,Intrvl:15,num_users:333,errors:0
rt:22.11,through:14.67,tt:0.36,num_interact:220,Intrvl:15,num_users:266,errors:32
rt:14.51,through:14.53,tt:0.39,num_interact:218,Intrvl:15,num_users:314,errors:11
rt:12.69,through:25.2,tt:0.33,num_interact:378,Intrvl:15,num_users:304,errors:6
rt:12.67,through:24.73,tt:0.36,num_interact:371,Intrvl:15,num_users:324,errors:7
rt:11.34,through:25.6,tt:0.34,num_interact:384,Intrvl:15,num_users:313,errors:0
rt:12.98,through:24.53,tt:0.36,num_interact:368,Intrvl:15,num_users:294,errors:12
rt:11.53,through:22.87,tt:0.38,num_interact:343,Intrvl:15,num_users:306,errors:0
rt:12.39,through:27.73,tt:0.35,num_interact:416,Intrvl:15,num_users:321,errors:11
rt:10.74,through:24.2,tt:0.37,num_interact:363,Intrvl:15,num_users:319,errors:0
rt:12.41,through:25.67,tt:0.33,num_interact:385,Intrvl:15,num_users:318,errors:15
rt:10.69,through:22.47,tt:0.35,num_interact:337,Intrvl:15,num_users:264,errors:2
rt:10.73,through:24.93,tt:0.36,num_interact:374,Intrvl:15,num_users:314,errors:14
rt:9.82,through:23.47,tt:0.31,num_interact:352,Intrvl:15,num_users:292,errors:4
rt:12.6,through:25.33,tt:0.37,num_interact:380,Intrvl:15,num_users:328,errors:10
rt:13.42,through:23.87,tt:0.37,num_interact:358,Intrvl:15,num_users:363,errors:3
rt:12.27,through:24.53,tt:0.35,num_interact:368,Intrvl:15,num_users:321,errors:2
rt:14.74,through:23.27,tt:0.36,num_interact:349,Intrvl:15,num_users:378,errors:18
rt:12.87,through:24.67,tt:0.34,num_interact:370,Intrvl:15,num_users:356,errors:0
rt:13.94,through:21.47,tt:0.35,num_interact:322,Intrvl:15,num_users:274,errors:13
rt:11.09,through:22,tt:0.35,num_interact:330,Intrvl:15,num_users:312,errors:1
rt:11.29,through:28.33,tt:0.36,num_interact:425,Intrvl:15,num_users:352,errors:7
rt:11.91,through:21.73,tt:0.35,num_interact:326,Intrvl:15,num_users:346,errors:0
rt:14.09,through:24.33,tt:0.33,num_interact:365,Intrvl:15,num_users:313,errors:10
rt:10.83,through:25.27,tt:0.36,num_interact:379,Intrvl:15,num_users:321,errors:0
rt:15.16,through:25.93,tt:0.42,num_interact:389,Intrvl:15,num_users:370,errors:9
rt:12.09,through:24.27,tt:0.34,num_interact:364,Intrvl:15,num_users:339,errors:0
rt:14.05,through:24.73,tt:0.37,num_interact:371,Intrvl:15,num_users:346,errors:7
rt:12.48,through:25.4,tt:0.35,num_interact:381,Intrvl:15,num_users:341,errors:0
rt:13.89,through:24,tt:0.33,num_interact:369,Intrvl:15,num_users:340,errors:8
rt:11.96,through:25.8,tt:0.34,num_interact:387,Intrvl:15,num_users:339,errors:0
rt:14.33,through:24.2,tt:0.34,num_interact:363,Intrvl:15,num_users:345,errors:12
rt:11.25,through:23.8,tt:0.33,num_interact:357,Intrvl:15,num_users:296,errors:0
rt:12.85,through:23.53,tt:0.36,num_interact:353,Intrvl:15,num_users:321,errors:15
rt:14.13,through:26.53,tt:0.37,num_interact:398,Intrvl:15,num_users:512,errors:0
rt:17.86,through:25.73,tt:0.36,num_interact:386,Intrvl:15,num_users:710,errors:13
rt:24.6,through:13,tt:0.34,num_interact:195,Intrvl:15,num_users:276,errors:0
rt:17.02,through:22.73,tt:0.34,num_interact:341,Intrvl:15,num_users:276,errors:21
rt:15.21,through:22.4,tt:0.36,num_interact:336,Intrvl:15,num_users:335,errors:0
rt:15.45,through:24.47,tt:0.34,num_interact:367,Intrvl:15,num_users:308,errors:6
rt:15.75,through:23.27,tt:0.35,num_interact:349,Intrvl:15,num_users:348,errors:0
rt:15.42,through:25.07,tt:0.38,num_interact:376,Intrvl:15,num_users:330,errors:22
rt:17.19,through:22.67,tt:0.38,num_interact:341,Intrvl:15,num_users:314,errors:0
rt:14.3,through:26.4,tt:0.39,num_interact:396,Intrvl:15,num_users:320,errors:17
rt:17.35,through:23.47,tt:0.37,num_interact:352,Intrvl:15,num_users:372,errors:0
rt:17.6,through:25.07,tt:0.37,num_interact:376,Intrvl:15,num_users:300,errors:19
rt:15.15,through:22.4,tt:0.39,num_interact:336,Intrvl:15,num_users:366,errors:0
rt:15.76,through:25.33,tt:0.34,num_interact:380,Intrvl:15,num_users:382,errors:17
rt:18.63,through:22.27,tt:0.34,num_interact:334,Intrvl:15,num_users:346,errors:3
rt:16.6,through:23.27,tt:0.37,num_interact:354,Intrvl:15,num_users:305,errors:15
rt:16.84,through:24,tt:0.37,num_interact:360,Intrvl:15,num_users:421,errors:2
rt:18.24,through:21.13,tt:0.36,num_interact:317,Intrvl:15,num_users:305,errors:0
rt:16.73,through:23.73,tt:0.33,num_interact:356,Intrvl:15,num_users:300,errors:18
rt:14.96,through:22.73,tt:0.36,num_interact:341,Intrvl:15,num_users:318,errors:0
rt:14.81,through:25.47,tt:0.36,num_interact:382,Intrvl:15,num_users:327,errors:6
rt:17.11,through:25.73,tt:0.35,num_interact:386,Intrvl:15,num_users:376,errors:0
rt:17.88,through:24.13,tt:0.34,num_interact:362,Intrvl:15,num_users:306,errors:25
rt:10.79,through:32.2,tt:0.35,num_interact:483,Intrvl:15,num_users:317,errors:0
rt:11.79,through:33.87,tt:0.32,num_interact:508,Intrvl:15,num_users:313,errors:21
rt:11.01,through:31.27,tt:0.38,num_interact:469,Intrvl:15,num_users:350,errors:0
rt:13.41,through:36.87,tt:0.35,num_interact:553,Intrvl:15,num_users:364,errors:18
rt:11.27,through:28.6,tt:0.34,num_interact:429,Intrvl:15,num_users:324,errors:0
rt:13.01,through:35.33,tt:0.36,num_interact:530,Intrvl:15,num_users:352,errors:27
rt:11.63,through:32.93,tt:0.36,num_interact:498,Intrvl:15,num_users:367,errors:0
rt:13.13,through:34.87,tt:0.34,num_interact:523,Intrvl:15,num_users:364,errors:11
rt:13.09,through:31.27,tt:0.35,num_interact:469,Intrvl:15,num_users:407,errors:0
rt:13.89,through:32.53,tt:0.36,num_interact:488,Intrvl:15,num_users:342,errors:17
rt:12.44,through:32.13,tt:0.35,num_interact:482,Intrvl:15,num_users:334,errors:3
rt:10.66,through:33.13,tt:0.37,num_interact:497,Intrvl:15,num_users:316,errors:8
rt:11.41,through:33.47,tt:0.34,num_interact:502,Intrvl:15,num_users:309,errors:3
rt:11.42,through:32.67,tt:0.33,num_interact:490,Intrvl:15,num_users:345,errors:1
rt:12.97,through:33.27,tt:0.37,num_interact:499,Intrvl:15,num_users:359,errors:15
rt:11.06,through:32.6,tt:0.37,num_interact:489,Intrvl:15,num_users:308,errors:0
rt:12.93,through:31.87,tt:0.36,num_interact:478,Intrvl:15,num_users:318,errors:18
rt:11.5,through:33.73,tt:0.34,num_interact:506,Intrvl:15,num_users:398,errors:0
rt:13.99,through:32.8,tt:0.38,num_interact:492,Intrvl:15,num_users:341,errors:15
rt:12.04,through:31.33,tt:0.36,num_interact:470,Intrvl:15,num_users:380,errors:0
rt:12.59,through:30.73,tt:0.37,num_interact:461,Intrvl:15,num_users:316,errors:19
rt:12.36,through:32.53,tt:0.35,num_interact:488,Intrvl:15,num_users:414,errors:0
rt:12.96,through:31.8,tt:0.37,num_interact:477,Intrvl:15,num_users:355,errors:20
rt:12.2,through:31.53,tt:0.37,num_interact:473,Intrvl:15,num_users:349,errors:0
rt:14.1,through:32.2,tt:0.35,num_interact:483,Intrvl:15,num_users:350,errors:16
rt:12.43,through:34.6,tt:0.35,num_interact:519,Intrvl:15,num_users:392,errors:0
rt:14.27,through:32.27,tt:0.34,num_interact:484,Intrvl:15,num_users:349,errors:13
rt:11.67,through:34.73,tt:0.39,num_interact:523,Intrvl:15,num_users:383,errors:0
rt:13.39,through:33.73,tt:0.36,num_interact:506,Intrvl:15,num_users:355,errors:15
rt:13.05,through:34.6,tt:0.35,num_interact:519,Intrvl:15,num_users:374,errors:0
rt:12.51,through:34,tt:0.33,num_interact:512,Intrvl:15,num_users:382,errors:14
rt:12.74,through:30.07,tt:0.34,num_interact:451,Intrvl:15,num_users:375,errors:0
rt:15.4,through:34.93,tt:0.35,num_interact:524,Intrvl:15,num_users:424,errors:10
rt:13.33,through:34.87,tt:0.35,num_interact:523,Intrvl:15,num_users:395,errors:0
rt:14.35,through:35.8,tt:0.35,num_interact:537,Intrvl:15,num_users:424,errors:16
rt:12.84,through:29.53,tt:0.32,num_interact:443,Intrvl:15,num_users:340,errors:0
rt:12.41,through:33.2,tt:0.35,num_interact:498,Intrvl:15,num_users:322,errors:6
rt:11.25,through:30.27,tt:0.35,num_interact:454,Intrvl:15,num_users:298,errors:0
rt:11.36,through:36,tt:0.36,num_interact:543,Intrvl:15,num_users:351,errors:10
rt:12.07,through:30.87,tt:0.36,num_interact:463,Intrvl:15,num_users:363,errors:0
rt:11.87,through:34.87,tt:0.35,num_interact:523,Intrvl:15,num_users:362,errors:18
rt:12.47,through:33.27,tt:0.34,num_interact:499,Intrvl:15,num_users:346,errors:0
rt:12.92,through:34.13,tt:0.36,num_interact:512,Intrvl:15,num_users:377,errors:18
rt:13.12,through:31.6,tt:0.36,num_interact:474,Intrvl:15,num_users:320,errors:1
rt:12.07,through:33.8,tt:0.38,num_interact:511,Intrvl:15,num_users:360,errors:13
rt:12.75,through:31.07,tt:0.35,num_interact:466,Intrvl:15,num_users:378,errors:0
rt:12.79,through:35.2,tt:0.35,num_interact:528,Intrvl:15,num_users:370,errors:15
rt:11.95,through:31,tt:0.34,num_interact:465,Intrvl:15,num_users:308,errors:1
rt:11.59,through:32.87,tt:0.36,num_interact:493,Intrvl:15,num_users:350,errors:20
rt:12.36,through:31.6,tt:0.36,num_interact:479,Intrvl:15,num_users:329,errors:5
rt:11.62,through:32.4,tt:0.35,num_interact:486,Intrvl:15,num_users:350,errors:9
rt:12.94,through:32.73,tt:0.32,num_interact:491,Intrvl:15,num_users:320,errors:6
rt:11.91,through:31,tt:0.36,num_interact:465,Intrvl:15,num_users:307,errors:7
rt:11.52,through:34.93,tt:0.36,num_interact:524,Intrvl:15,num_users:329,errors:11
rt:10.94,through:32.4,tt:0.34,num_interact:486,Intrvl:15,num_users:308,errors:0
rt:11.99,through:35,tt:0.35,num_interact:525,Intrvl:15,num_users:314,errors:10
rt:11.69,through:34.07,tt:0.34,num_interact:511,Intrvl:15,num_users:372,errors:0
rt:13.46,through:33.07,tt:0.35,num_interact:496,Intrvl:15,num_users:355,errors:15
rt:11.62,through:31.67,tt:0.36,num_interact:475,Intrvl:15,num_users:337,errors:0
rt:11.8,through:33.4,tt:0.36,num_interact:501,Intrvl:15,num_users:341,errors:12
rt:11.34,through:33.4,tt:0.35,num_interact:501,Intrvl:15,num_users:334,errors:0
rt:13.18,through:34.93,tt:0.39,num_interact:524,Intrvl:15,num_users:375,errors:27
rt:12.52,through:30.53,tt:0.34,num_interact:458,Intrvl:15,num_users:382,errors:0
rt:13.13,through:35.2,tt:0.33,num_interact:528,Intrvl:15,num_users:351,errors:21
rt:12.98,through:30.47,tt:0.38,num_interact:457,Intrvl:15,num_users:407,errors:0
rt:13.08,through:34.13,tt:0.36,num_interact:512,Intrvl:15,num_users:431,errors:18
rt:15.86,through:31.87,tt:0.35,num_interact:478,Intrvl:15,num_users:373,errors:1
rt:13.15,through:33,tt:0.39,num_interact:496,Intrvl:15,num_users:379,errors:19
rt:12.95,through:33.27,tt:0.35,num_interact:499,Intrvl:15,num_users:364,errors:0
rt:12.33,through:31,tt:0.38,num_interact:470,Intrvl:15,num_users:309,errors:13
rt:11.5,through:32.2,tt:0.34,num_interact:483,Intrvl:15,num_users:329,errors:3
rt:11.96,through:33.33,tt:0.34,num_interact:500,Intrvl:15,num_users:377,errors:13
rt:13.21,through:32.4,tt:0.36,num_interact:486,Intrvl:15,num_users:370,errors:1
rt:11.41,through:33.4,tt:0.36,num_interact:501,Intrvl:15,num_users:348,errors:14
rt:13.35,through:33.67,tt:0.37,num_interact:505,Intrvl:15,num_users:358,errors:11
rt:11.7,through:31.6,tt:0.33,num_interact:474,Intrvl:15,num_users:319,errors:2
rt:13.46,through:32.07,tt:0.36,num_interact:481,Intrvl:15,num_users:413,errors:13
rt:12.92,through:34.07,tt:0.36,num_interact:511,Intrvl:15,num_users:397,errors:0
rt:14.06,through:33.13,tt:0.35,num_interact:497,Intrvl:15,num_users:357,errors:20
rt:12.05,through:32.33,tt:0.34,num_interact:487,Intrvl:15,num_users:359,errors:0
rt:11.69,through:34.13,tt:0.34,num_interact:512,Intrvl:15,num_users:335,errors:12
rt:11.47,through:30.8,tt:0.37,num_interact:462,Intrvl:15,num_users:348,errors:0
rt:12.91,through:35.13,tt:0.35,num_interact:527,Intrvl:15,num_users:367,errors:20
rt:12.45,through:31.6,tt:0.37,num_interact:474,Intrvl:15,num_users:353,errors:0
rt:13.51,through:32.87,tt:0.33,num_interact:493,Intrvl:15,num_users:350,errors:15
rt:13.55,through:35.73,tt:0.36,num_interact:541,Intrvl:15,num_users:456,errors:0
rt:14.28,through:34.73,tt:0.37,num_interact:521,Intrvl:15,num_users:453,errors:13
rt:14.34,through:33.6,tt:0.37,num_interact:504,Intrvl:15,num_users:425,errors:0
rt:15.74,through:29.33,tt:0.35,num_interact:443,Intrvl:15,num_users:374,errors:16
rt:13.89,through:37.33,tt:0.34,num_interact:560,Intrvl:15,num_users:396,errors:0
rt:14.06,through:33,tt:0.36,num_interact:495,Intrvl:15,num_users:400,errors:5
rt:13.47,through:35.47,tt:0.36,num_interact:532,Intrvl:15,num_users:446,errors:0
rt:15.15,through:33.67,tt:0.36,num_interact:505,Intrvl:15,num_users:369,errors:15
rt:13.18,through:31.67,tt:0.35,num_interact:475,Intrvl:15,num_users:401,errors:0
rt:13.19,through:33.07,tt:0.37,num_interact:496,Intrvl:15,num_users:426,errors:17
rt:15.18,through:31.27,tt:0.34,num_interact:469,Intrvl:15,num_users:386,errors:0
rt:13.58,through:34.73,tt:0.37,num_interact:521,Intrvl:15,num_users:433,errors:20
rt:14.94,through:32.93,tt:0.37,num_interact:494,Intrvl:15,num_users:403,errors:0
rt:14,through:31.93,tt:0.37,num_interact:479,Intrvl:15,num_users:401,errors:15
rt:14.24,through:36.2,tt:0.37,num_interact:543,Intrvl:15,num_users:438,errors:2
rt:15.05,through:33.47,tt:0.37,num_interact:502,Intrvl:15,num_users:405,errors:12
rt:13.74,through:35.53,tt:0.35,num_interact:533,Intrvl:15,num_users:426,errors:2
rt:15.24,through:32.2,tt:0.37,num_interact:488,Intrvl:15,num_users:459,errors:16
rt:14.65,through:31.53,tt:0.35,num_interact:473,Intrvl:15,num_users:365,errors:0
rt:14.28,through:32.8,tt:0.37,num_interact:495,Intrvl:15,num_users:427,errors:15
rt:14.85,through:35.07,tt:0.36,num_interact:526,Intrvl:15,num_users:449,errors:0
rt:14.56,through:31.8,tt:0.34,num_interact:477,Intrvl:15,num_users:405,errors:14
rt:13.78,through:31.33,tt:0.37,num_interact:471,Intrvl:15,num_users:376,errors:0
rt:12.29,through:32.4,tt:0.33,num_interact:497,Intrvl:15,num_users:319,errors:12
rt:11.71,through:31.4,tt:0.36,num_interact:471,Intrvl:15,num_users:361,errors:3
rt:12.37,through:34.13,tt:0.33,num_interact:512,Intrvl:15,num_users:387,errors:19
rt:12.94,through:31.33,tt:0.34,num_interact:470,Intrvl:15,num_users:356,errors:0
rt:12.2,through:33.6,tt:0.36,num_interact:504,Intrvl:15,num_users:351,errors:16
rt:12.91,through:31.33,tt:0.36,num_interact:470,Intrvl:15,num_users:345,errors:0
rt:12.76,through:36.27,tt:0.37,num_interact:544,Intrvl:15,num_users:393,errors:12
rt:13.37,through:32.13,tt:0.38,num_interact:482,Intrvl:15,num_users:373,errors:1
rt:13.26,through:33.73,tt:0.38,num_interact:506,Intrvl:15,num_users:373,errors:19
rt:13.43,through:32.67,tt:0.36,num_interact:490,Intrvl:15,num_users:407,errors:8
rt:12.93,through:34.2,tt:0.36,num_interact:513,Intrvl:15,num_users:327,errors:28
rt:11.94,through:44.47,tt:0.38,num_interact:667,Intrvl:15,num_users:385,errors:3
rt:13.05,through:38.53,tt:0.37,num_interact:646,Intrvl:15,num_users:381,errors:10
rt:12.65,through:37.67,tt:0.37,num_interact:565,Intrvl:15,num_users:364,errors:0
rt:13.16,through:39,tt:0.35,num_interact:585,Intrvl:15,num_users:378,errors:0
rt:13.57,through:63.07,tt:0.35,num_interact:946,Intrvl:15,num_users:388,errors:0
rt:11.58,through:39.4,tt:0.38,num_interact:724,Intrvl:15,num_users:366,errors:0
rt:12.13,through:37.73,tt:0.35,num_interact:577,Intrvl:15,num_users:334,errors:0
rt:11.11,through:42.07,tt:0.36,num_interact:631,Intrvl:15,num_users:347,errors:0
rt:11.57,through:36.67,tt:0.36,num_interact:551,Intrvl:15,num_users:371,errors:0
rt:11.25,through:34,tt:0.32,num_interact:592,Intrvl:15,num_users:375,errors:0
rt:11.11,through:35,tt:0.36,num_interact:525,Intrvl:15,num_users:362,errors:0
rt:11.94,through:36.67,tt:0.35,num_interact:550,Intrvl:15,num_users:365,errors:0
rt:11.9,through:33.67,tt:0.36,num_interact:505,Intrvl:15,num_users:377,errors:0
rt:12.66,through:36.93,tt:0.35,num_interact:554,Intrvl:15,num_users:372,errors:0
rt:14.28,through:36.47,tt:0.37,num_interact:547,Intrvl:15,num_users:441,errors:0
rt:11.63,through:36.8,tt:0.34,num_interact:698,Intrvl:15,num_users:361,errors:0
rt:11.7,through:51.93,tt:0.36,num_interact:779,Intrvl:15,num_users:441,errors:0
rt:13.42,through:39.53,tt:0.36,num_interact:726,Intrvl:15,num_users:375,errors:0
rt:12.46,through:65.87,tt:0.34,num_interact:988,Intrvl:15,num_users:402,errors:0
rt:13.88,through:91.27,tt:0.35,num_interact:1369,Intrvl:15,num_users:444,errors:7
rt:15.55,through:36.73,tt:0.36,num_interact:892,Intrvl:15,num_users:434,errors:0
rt:12.35,through:31.27,tt:0.38,num_interact:671,Intrvl:15,num_users:418,errors:0
rt:13.63,through:41.87,tt:0.37,num_interact:628,Intrvl:15,num_users:375,errors:0
rt:13.8,through:39.2,tt:0.36,num_interact:631,Intrvl:15,num_users:396,errors:0
rt:11.83,through:37.27,tt:0.37,num_interact:559,Intrvl:15,num_users:440,errors:0
rt:13.36,through:33.4,tt:0.35,num_interact:501,Intrvl:15,num_users:397,errors:0
rt:14.24,through:38.4,tt:0.36,num_interact:594,Intrvl:15,num_users:369,errors:0
rt:8.63,through:32.67,tt:0.33,num_interact:564,Intrvl:15,num_users:358,errors:0
rt:12.84,through:153.53,tt:0.36,num_interact:2303,Intrvl:15,num_users:391,errors:0
rt:12.35,through:30.93,tt:0.36,num_interact:464,Intrvl:15,num_users:388,errors:0
rt:13.07,through:51.13,tt:0.35,num_interact:1041,Intrvl:15,num_users:374,errors:0
rt:10.06,through:31.07,tt:0.35,num_interact:466,Intrvl:15,num_users:444,errors:0
rt:19.46,through:29.8,tt:0.34,num_interact:447,Intrvl:15,num_users:438,errors:0
rt:13.09,through:37.6,tt:0.36,num_interact:564,Intrvl:15,num_users:327,errors:0
rt:9.81,through:35.93,tt:0.35,num_interact:609,Intrvl:15,num_users:394,errors:0
rt:15.41,through:91,tt:0.36,num_interact:1728,Intrvl:15,num_users:458,errors:0
rt:16.39,through:29.73,tt:0.33,num_interact:1016,Intrvl:15,num_users:479,errors:0
rt:18.65,through:39.07,tt:0.33,num_interact:752,Intrvl:15,num_users:463,errors:0
rt:18.91,through:16.6,tt:0.33,num_interact:478,Intrvl:15,num_users:452,errors:0
rt:20.57,through:35.53,tt:0.35,num_interact:533,Intrvl:15,num_users:433,errors:0
rt:15.68,through:99.73,tt:0.35,num_interact:1496,Intrvl:15,num_users:464,errors:0
rt:15.05,through:34.93,tt:0.37,num_interact:524,Intrvl:15,num_users:434,errors:0
rt:16.16,through:35.87,tt:0.36,num_interact:538,Intrvl:15,num_users:411,errors:0
rt:13.81,through:30.07,tt:0.35,num_interact:905,Intrvl:15,num_users:409,errors:0
rt:15,through:35,tt:0.34,num_interact:634,Intrvl:15,num_users:380,errors:0
rt:12.11,through:32.67,tt:0.38,num_interact:490,Intrvl:15,num_users:441,errors:0
rt:14.52,through:53.8,tt:0.37,num_interact:807,Intrvl:15,num_users:486,errors:0
rt:14.75,through:56.6,tt:0.35,num_interact:849,Intrvl:15,num_users:405,errors:0
rt:13.99,through:63,tt:0.37,num_interact:945,Intrvl:15,num_users:474,errors:0
rt:17.15,through:38.4,tt:0.34,num_interact:576,Intrvl:15,num_users:444,errors:0
rt:14.3,through:37.6,tt:0.32,num_interact:564,Intrvl:15,num_users:465,errors:0
rt:14.02,through:34.53,tt:0.38,num_interact:518,Intrvl:15,num_users:468,errors:0
rt:19.67,through:96.8,tt:0.34,num_interact:1452,Intrvl:15,num_users:484,errors:0
rt:22.26,through:30.87,tt:0.34,num_interact:463,Intrvl:15,num_users:495,errors:0
rt:16.38,through:28.33,tt:0.37,num_interact:425,Intrvl:15,num_users:482,errors:0
rt:13.61,through:31.87,tt:0.35,num_interact:491,Intrvl:15,num_users:395,errors:0
rt:15.01,through:35.13,tt:0.34,num_interact:527,Intrvl:15,num_users:382,errors:0
rt:13.22,through:38.2,tt:0.38,num_interact:573,Intrvl:15,num_users:382,errors:0
rt:10.75,through:35.47,tt:0.34,num_interact:532,Intrvl:15,num_users:389,errors:0
rt:13.19,through:27.53,tt:0.42,num_interact:413,Intrvl:15,num_users:541,errors:0
rt:17.05,through:34.73,tt:0.35,num_interact:545,Intrvl:15,num_users:415,errors:0
rt:14.92,through:37.2,tt:0.36,num_interact:558,Intrvl:15,num_users:404,errors:0
rt:11.05,through:33.33,tt:0.36,num_interact:500,Intrvl:15,num_users:350,errors:0
rt:12.07,through:109.53,tt:0.36,num_interact:1643,Intrvl:15,num_users:440,errors:0
rt:12.43,through:37.8,tt:0.35,num_interact:567,Intrvl:15,num_users:392,errors:0
rt:12.4,through:27.53,tt:0.38,num_interact:413,Intrvl:15,num_users:397,errors:8
rt:14.96,through:60.73,tt:0.34,num_interact:1180,Intrvl:15,num_users:399,errors:0
rt:15.39,through:39,tt:0.34,num_interact:585,Intrvl:15,num_users:373,errors:0
rt:12.69,through:34.53,tt:0.36,num_interact:841,Intrvl:15,num_users:387,errors:5
rt:11.9,through:37.6,tt:0.34,num_interact:564,Intrvl:15,num_users:405,errors:2
rt:12.44,through:38.47,tt:0.35,num_interact:863,Intrvl:15,num_users:429,errors:0
rt:14.93,through:37.47,tt:0.37,num_interact:713,Intrvl:15,num_users:388,errors:0
rt:11.19,through:35.07,tt:0.36,num_interact:526,Intrvl:15,num_users:378,errors:0
rt:12.29,through:57.4,tt:0.35,num_interact:861,Intrvl:15,num_users:405,errors:0
rt:12.58,through:38.87,tt:0.35,num_interact:679,Intrvl:15,num_users:377,errors:0
rt:14.06,through:63.07,tt:0.36,num_interact:1511,Intrvl:15,num_users:442,errors:0
rt:14.25,through:32.27,tt:0.35,num_interact:484,Intrvl:15,num_users:423,errors:0
rt:15.61,through:31.27,tt:0.36,num_interact:469,Intrvl:15,num_users:387,errors:0
rt:12.45,through:51.47,tt:0.35,num_interact:772,Intrvl:15,num_users:403,errors:0
rt:12.37,through:39.87,tt:0.33,num_interact:632,Intrvl:15,num_users:393,errors:0
rt:12.35,through:40.67,tt:0.36,num_interact:610,Intrvl:15,num_users:388,errors:0
rt:12.61,through:28.53,tt:0.35,num_interact:428,Intrvl:15,num_users:418,errors:0
rt:15.11,through:37.33,tt:0.33,num_interact:560,Intrvl:15,num_users:383,errors:0
rt:13.54,through:28.8,tt:0.32,num_interact:432,Intrvl:15,num_users:415,errors:0
rt:13.99,through:36.2,tt:0.37,num_interact:543,Intrvl:15,num_users:470,errors:0
rt:14.52,through:36.27,tt:0.37,num_interact:545,Intrvl:15,num_users:455,errors:0
rt:14.48,through:42.2,tt:0.35,num_interact:670,Intrvl:15,num_users:463,errors:0
rt:14.31,through:31.73,tt:0.35,num_interact:476,Intrvl:15,num_users:462,errors:0
rt:16.55,through:33.73,tt:0.36,num_interact:506,Intrvl:15,num_users:430,errors:0
rt:13.6,through:36.93,tt:0.35,num_interact:554,Intrvl:15,num_users:412,errors:0
rt:13.26,through:43.4,tt:0.37,num_interact:651,Intrvl:15,num_users:465,errors:0
rt:19.89,through:34.87,tt:0.35,num_interact:523,Intrvl:15,num_users:425,errors:0
rt:10.61,through:21.8,tt:0.37,num_interact:327,Intrvl:15,num_users:519,errors:0
rt:22.27,through:22.13,tt:0.32,num_interact:332,Intrvl:15,num_users:376,errors:0
rt:14.68,through:100.27,tt:0.36,num_interact:1504,Intrvl:15,num_users:410,errors:0
rt:9.87,through:32.6,tt:0.35,num_interact:489,Intrvl:15,num_users:410,errors:0
rt:18.92,through:75,tt:0.35,num_interact:1125,Intrvl:15,num_users:416,errors:0
rt:13.63,through:40.4,tt:0.35,num_interact:606,Intrvl:15,num_users:454,errors:0
rt:13.41,through:31.67,tt:0.38,num_interact:475,Intrvl:15,num_users:407,errors:0
rt:13.2,through:39.27,tt:0.35,num_interact:589,Intrvl:15,num_users:367,errors:0
rt:10.06,through:37,tt:0.35,num_interact:555,Intrvl:15,num_users:364,errors:0
rt:12.99,through:84.47,tt:0.36,num_interact:1267,Intrvl:15,num_users:447,errors:0
rt:14.04,through:32.53,tt:0.34,num_interact:488,Intrvl:15,num_users:442,errors:0
rt:13.12,through:35.6,tt:0.36,num_interact:534,Intrvl:15,num_users:439,errors:0
rt:14.73,through:35.47,tt:0.38,num_interact:547,Intrvl:15,num_users:407,errors:0
rt:14.47,through:50.67,tt:0.35,num_interact:792,Intrvl:15,num_users:417,errors:0
rt:13.27,through:51.8,tt:0.35,num_interact:777,Intrvl:15,num_users:421,errors:0
rt:13.5,through:34.67,tt:0.37,num_interact:597,Intrvl:15,num_users:438,errors:0
rt:15.45,through:58.8,tt:0.35,num_interact:882,Intrvl:15,num_users:450,errors:0
rt:10.46,through:26.73,tt:0.35,num_interact:401,Intrvl:15,num_users:426,errors:0
rt:17.67,through:31.07,tt:0.36,num_interact:466,Intrvl:15,num_users:429,errors:0
rt:17.18,through:30,tt:0.37,num_interact:450,Intrvl:15,num_users:387,errors:0
rt:14.31,through:80.8,tt:0.38,num_interact:1212,Intrvl:15,num_users:449,errors:0
rt:12.33,through:30.73,tt:0.33,num_interact:461,Intrvl:15,num_users:427,errors:0
rt:16,through:79.6,tt:0.36,num_interact:1194,Intrvl:15,num_users:466,errors:0
rt:14.58,through:34.47,tt:0.34,num_interact:517,Intrvl:15,num_users:417,errors:0
rt:14.28,through:33.6,tt:0.34,num_interact:504,Intrvl:15,num_users:439,errors:0
rt:14.01,through:56.87,tt:0.35,num_interact:853,Intrvl:15,num_users:446,errors:0
rt:17.19,through:37.47,tt:0.35,num_interact:562,Intrvl:15,num_users:393,errors:0
rt:11.75,through:24.8,tt:0.36,num_interact:372,Intrvl:15,num_users:438,errors:0
rt:20.89,through:29.27,tt:0.35,num_interact:439,Intrvl:15,num_users:401,errors:0
rt:13.06,through:29.53,tt:0.35,num_interact:443,Intrvl:15,num_users:501,errors:0
rt:16.88,through:20.67,tt:0.4,num_interact:310,Intrvl:15,num_users:453,errors:0
rt:28.48,through:13.13,tt:0.37,num_interact:238,Intrvl:15,num_users:498,errors:0
rt:22.89,through:88.47,tt:0.35,num_interact:1327,Intrvl:15,num_users:517,errors:0
rt:30.76,through:2.47,tt:0.3,num_interact:37,Intrvl:15,num_users:458,errors:0
rt:43.18,through:1.47,tt:0.26,num_interact:22,Intrvl:15,num_users:490,errors:0
rt:60.56,through:0.8,tt:0.31,num_interact:12,Intrvl:15,num_users:431,errors:0
rt:213.32,through:62.8,tt:0.36,num_interact:942,Intrvl:15,num_users:445,errors:0
rt:27.23,through:41.73,tt:0.34,num_interact:626,Intrvl:15,num_users:470,errors:0
rt:15.79,through:33.13,tt:0.32,num_interact:644,Intrvl:15,num_users:507,errors:0
rt:19.1,through:37.4,tt:0.34,num_interact:561,Intrvl:15,num_users:459,errors:0
rt:14.15,through:37.87,tt:0.33,num_interact:616,Intrvl:15,num_users:507,errors:0
rt:24.13,through:51.93,tt:0.37,num_interact:779,Intrvl:15,num_users:528,errors:0
rt:22.66,through:5.2,tt:0.42,num_interact:78,Intrvl:15,num_users:506,errors:0
rt:42.92,through:2.87,tt:0.3,num_interact:43,Intrvl:15,num_users:470,errors:0
rt:56,through:2.13,tt:0.33,num_interact:32,Intrvl:15,num_users:470,errors:0
rt:69.73,through:1.47,tt:0.3,num_interact:22,Intrvl:15,num_users:448,errors:0
rt:139.31,through:81.2,tt:0.34,num_interact:1218,Intrvl:15,num_users:504,errors:0
rt:23.73,through:4.53,tt:0.39,num_interact:68,Intrvl:15,num_users:497,errors:0
rt:38.05,through:1.93,tt:0.29,num_interact:29,Intrvl:15,num_users:472,errors:0
rt:52.57,through:0.93,tt:0.37,num_interact:14,Intrvl:15,num_users:484,errors:0
rt:71.25,through:0.93,tt:0.34,num_interact:14,Intrvl:15,num_users:468,errors:0
rt:283.22,through:19,tt:0.36,num_interact:285,Intrvl:15,num_users:490,errors:1
rt:527.91,through:3.07,tt:0.37,num_interact:46,Intrvl:15,num_users:465,errors:0
rt:537.32,through:2.2,tt:0.28,num_interact:33,Intrvl:15,num_users:511,errors:0
rt:570.08,through:2.47,tt:0.42,num_interact:37,Intrvl:15,num_users:518,errors:0
rt:280.37,through:19.53,tt:0.37,num_interact:293,Intrvl:15,num_users:514,errors:5
rt:169.34,through:28.73,tt:0.33,num_interact:431,Intrvl:15,num_users:459,errors:0
rt:29.77,through:22.07,tt:0.32,num_interact:331,Intrvl:15,num_users:452,errors:0
rt:19.49,through:34.87,tt:0.33,num_interact:523,Intrvl:15,num_users:434,errors:0
rt:16.38,through:40.13,tt:0.38,num_interact:602,Intrvl:15,num_users:463,errors:0
rt:40.78,through:23.67,tt:0.36,num_interact:948,Intrvl:15,num_users:480,errors:0
rt:89.25,through:29.8,tt:0.35,num_interact:447,Intrvl:15,num_users:456,errors:0
rt:29.56,through:42,tt:0.36,num_interact:630,Intrvl:15,num_users:475,errors:0
rt:16.02,through:25.67,tt:0.35,num_interact:674,Intrvl:15,num_users:473,errors:0
rt:14.88,through:32.87,tt:0.35,num_interact:493,Intrvl:15,num_users:490,errors:0
rt:17.12,through:64,tt:0.35,num_interact:960,Intrvl:15,num_users:556,errors:0
rt:29.65,through:19.93,tt:0.37,num_interact:299,Intrvl:15,num_users:535,errors:0
rt:21.83,through:34.6,tt:0.34,num_interact:519,Intrvl:15,num_users:498,errors:0
rt:14.52,through:33.27,tt:0.36,num_interact:842,Intrvl:15,num_users:459,errors:0
rt:16.63,through:63.8,tt:0.35,num_interact:957,Intrvl:15,num_users:473,errors:1
rt:19.3,through:35,tt:0.35,num_interact:525,Intrvl:15,num_users:476,errors:0
rt:14.09,through:26.2,tt:0.36,num_interact:393,Intrvl:15,num_users:469,errors:0
rt:16,through:35.73,tt:0.37,num_interact:536,Intrvl:15,num_users:412,errors:0
rt:12.84,through:29.2,tt:0.36,num_interact:438,Intrvl:15,num_users:476,errors:0
rt:17.56,through:35.6,tt:0.37,num_interact:534,Intrvl:15,num_users:498,errors:0
rt:169.88,through:35.33,tt:0.38,num_interact:530,Intrvl:15,num_users:574,errors:0
rt:437.71,through:1.2,tt:0.26,num_interact:18,Intrvl:15,num_users:518,errors:0
rt:331.75,through:1.27,tt:0.31,num_interact:19,Intrvl:15,num_users:432,errors:0
rt:335.02,through:0.87,tt:0.35,num_interact:364,Intrvl:15,num_users:425,errors:18
rt:130.01,through:32.93,tt:0.34,num_interact:494,Intrvl:15,num_users:426,errors:0
rt:21.33,through:36.6,tt:0.32,num_interact:549,Intrvl:15,num_users:425,errors:0
rt:13.4,through:29.07,tt:0.38,num_interact:436,Intrvl:15,num_users:453,errors:0
rt:50.84,through:40,tt:0.35,num_interact:600,Intrvl:15,num_users:460,errors:0
rt:111.35,through:1.33,tt:0.26,num_interact:20,Intrvl:15,num_users:389,errors:0
rt:138.73,through:1.8,tt:0.37,num_interact:27,Intrvl:15,num_users:400,errors:0
rt:190.4,through:1.67,tt:0.46,num_interact:25,Intrvl:15,num_users:381,errors:0
rt:216.78,through:17.2,tt:0.34,num_interact:258,Intrvl:15,num_users:418,errors:0
rt:174.49,through:55.33,tt:0.37,num_interact:888,Intrvl:15,num_users:445,errors:16
rt:22.06,through:37.73,tt:0.34,num_interact:566,Intrvl:15,num_users:461,errors:0
rt:13.26,through:30.2,tt:0.36,num_interact:456,Intrvl:15,num_users:430,errors:0
rt:13.16,through:29.07,tt:0.36,num_interact:436,Intrvl:15,num_users:405,errors:0
rt:13.49,through:34.8,tt:0.37,num_interact:534,Intrvl:15,num_users:509,errors:0
rt:14.89,through:31.73,tt:0.39,num_interact:476,Intrvl:15,num_users:519,errors:0
rt:14.85,through:32,tt:0.32,num_interact:480,Intrvl:15,num_users:485,errors:0
rt:12.13,through:32.87,tt:0.36,num_interact:493,Intrvl:15,num_users:426,errors:0
rt:12.13,through:31,tt:0.37,num_interact:465,Intrvl:15,num_users:429,errors:0
rt:11.36,through:35.33,tt:0.34,num_interact:531,Intrvl:15,num_users:433,errors:10
rt:13.67,through:30,tt:0.37,num_interact:450,Intrvl:15,num_users:460,errors:3
rt:13.88,through:28.13,tt:0.36,num_interact:422,Intrvl:15,num_users:479,errors:13
rt:16.86,through:28.27,tt:0.36,num_interact:424,Intrvl:15,num_users:453,errors:3
rt:15.7,through:23.47,tt:0.33,num_interact:352,Intrvl:15,num_users:420,errors:1
rt:16.95,through:26.8,tt:0.36,num_interact:402,Intrvl:15,num_users:474,errors:10
rt:16.98,through:25.47,tt:0.34,num_interact:382,Intrvl:15,num_users:492,errors:0
rt:17.51,through:27.27,tt:0.36,num_interact:409,Intrvl:15,num_users:473,errors:19
rt:17.51,through:30.4,tt:0.36,num_interact:456,Intrvl:15,num_users:438,errors:9
rt:15.01,through:20.4,tt:0.32,num_interact:306,Intrvl:15,num_users:433,errors:1
rt:20,through:21.27,tt:0.32,num_interact:319,Intrvl:15,num_users:453,errors:11
rt:21.48,through:21.4,tt:0.36,num_interact:321,Intrvl:15,num_users:429,errors:10
rt:22.19,through:17.2,tt:0.38,num_interact:258,Intrvl:15,num_users:472,errors:2
rt:23.48,through:19.27,tt:0.33,num_interact:289,Intrvl:15,num_users:456,errors:9
rt:23.07,through:21.4,tt:0.35,num_interact:321,Intrvl:15,num_users:490,errors:6
rt:23.93,through:16.13,tt:0.36,num_interact:242,Intrvl:15,num_users:411,errors:1
rt:22.4,through:21.13,tt:0.34,num_interact:317,Intrvl:15,num_users:412,errors:12
rt:20.9,through:17.53,tt:0.32,num_interact:263,Intrvl:15,num_users:428,errors:4
rt:21.94,through:19,tt:0.39,num_interact:285,Intrvl:15,num_users:441,errors:0
rt:22.15,through:22.47,tt:0.34,num_interact:337,Intrvl:15,num_users:473,errors:14
rt:22.17,through:19.73,tt:0.37,num_interact:296,Intrvl:15,num_users:493,errors:9
rt:25.04,through:17.2,tt:0.38,num_interact:258,Intrvl:15,num_users:457,errors:4
rt:22.19,through:21.2,tt:0.35,num_interact:318,Intrvl:15,num_users:448,errors:16
rt:23.22,through:18.47,tt:0.33,num_interact:277,Intrvl:15,num_users:431,errors:2
rt:22.98,through:17.13,tt:0.39,num_interact:257,Intrvl:15,num_users:429,errors:10
rt:21.31,through:23.73,tt:0.38,num_interact:356,Intrvl:15,num_users:482,errors:9
rt:23.17,through:17.73,tt:0.43,num_interact:266,Intrvl:15,num_users:472,errors:2
rt:24.27,through:18.33,tt:0.35,num_interact:275,Intrvl:15,num_users:404,errors:15
rt:19.62,through:20.47,tt:0.34,num_interact:307,Intrvl:15,num_users:431,errors:4
rt:21.92,through:17.27,tt:0.42,num_interact:259,Intrvl:15,num_users:510,errors:4
rt:23.72,through:19.33,tt:0.35,num_interact:290,Intrvl:15,num_users:500,errors:9
rt:23.61,through:20.27,tt:0.34,num_interact:304,Intrvl:15,num_users:473,errors:4
rt:26.77,through:17.4,tt:0.37,num_interact:261,Intrvl:15,num_users:400,errors:1
rt:17.65,through:18.53,tt:0.41,num_interact:278,Intrvl:15,num_users:476,errors:10
rt:20.95,through:19.8,tt:0.39,num_interact:297,Intrvl:15,num_users:502,errors:5
rt:23.81,through:17.87,tt:0.35,num_interact:268,Intrvl:15,num_users:483,errors:2
rt:23.66,through:21.33,tt:0.32,num_interact:320,Intrvl:15,num_users:457,errors:15
rt:24.56,through:18.07,tt:0.38,num_interact:271,Intrvl:15,num_users:473,errors:4
rt:22.94,through:18,tt:0.34,num_interact:270,Intrvl:15,num_users:495,errors:11
rt:23.78,through:22.47,tt:0.35,num_interact:337,Intrvl:15,num_users:462,errors:10
rt:22.93,through:18,tt:0.36,num_interact:270,Intrvl:15,num_users:472,errors:3
rt:25.03,through:18.73,tt:0.37,num_interact:283,Intrvl:15,num_users:459,errors:17
rt:23.04,through:23.27,tt:0.35,num_interact:349,Intrvl:15,num_users:505,errors:9
rt:27.57,through:15.33,tt:0.32,num_interact:230,Intrvl:15,num_users:484,errors:2
rt:26.51,through:21.67,tt:0.35,num_interact:325,Intrvl:15,num_users:544,errors:18
rt:25.95,through:21,tt:0.36,num_interact:315,Intrvl:15,num_users:512,errors:7
rt:25.55,through:16.33,tt:0.35,num_interact:245,Intrvl:15,num_users:516,errors:0
rt:26.93,through:19.6,tt:0.36,num_interact:294,Intrvl:15,num_users:465,errors:16
rt:22.36,through:20,tt:0.34,num_interact:300,Intrvl:15,num_users:463,errors:9
rt:25.08,through:16.73,tt:0.37,num_interact:251,Intrvl:15,num_users:492,errors:0
rt:24.11,through:20.6,tt:0.36,num_interact:309,Intrvl:15,num_users:433,errors:9
rt:23.44,through:18.93,tt:0.35,num_interact:284,Intrvl:15,num_users:501,errors:8
rt:25.75,through:17.47,tt:0.37,num_interact:262,Intrvl:15,num_users:548,errors:11
rt:26.63,through:19.27,tt:0.32,num_interact:289,Intrvl:15,num_users:393,errors:14
rt:20.06,through:18,tt:0.37,num_interact:270,Intrvl:15,num_users:457,errors:8
rt:25.33,through:14.47,tt:0.35,num_interact:217,Intrvl:15,num_users:428,errors:6
rt:23.08,through:22.93,tt:0.37,num_interact:344,Intrvl:15,num_users:527,errors:7
rt:27.88,through:15.2,tt:0.35,num_interact:228,Intrvl:15,num_users:430,errors:1
rt:26.39,through:19,tt:0.37,num_interact:285,Intrvl:15,num_users:447,errors:7
rt:22.34,through:19.6,tt:0.35,num_interact:294,Intrvl:15,num_users:470,errors:5
rt:22.57,through:15.07,tt:0.33,num_interact:226,Intrvl:15,num_users:368,errors:0
rt:23.47,through:18.53,tt:0.35,num_interact:278,Intrvl:15,num_users:407,errors:15
rt:19.6,through:19.8,tt:0.34,num_interact:297,Intrvl:15,num_users:439,errors:4
rt:24.66,through:19.47,tt:0.31,num_interact:292,Intrvl:15,num_users:490,errors:3
rt:24.82,through:16.87,tt:0.35,num_interact:253,Intrvl:15,num_users:380,errors:23
rt:20.25,through:20.33,tt:0.36,num_interact:305,Intrvl:15,num_users:478,errors:8
rt:24.25,through:16.47,tt:0.37,num_interact:247,Intrvl:15,num_users:487,errors:1
rt:24.53,through:19.6,tt:0.37,num_interact:294,Intrvl:15,num_users:468,errors:12
rt:26.38,through:20.13,tt:0.37,num_interact:302,Intrvl:15,num_users:476,errors:0
rt:26,through:17.67,tt:0.37,num_interact:265,Intrvl:15,num_users:497,errors:11
rt:26.26,through:21.07,tt:0.34,num_interact:316,Intrvl:15,num_users:423,errors:12
rt:21.87,through:16.73,tt:0.36,num_interact:251,Intrvl:15,num_users:414,errors:2
rt:23.68,through:19.07,tt:0.36,num_interact:286,Intrvl:15,num_users:433,errors:7
rt:21.27,through:20.47,tt:0.36,num_interact:307,Intrvl:15,num_users:465,errors:3
rt:24.4,through:18.47,tt:0.35,num_interact:277,Intrvl:15,num_users:460,errors:7
rt:22.98,through:20.53,tt:0.36,num_interact:308,Intrvl:15,num_users:479,errors:11
rt:25.72,through:22.47,tt:0.36,num_interact:337,Intrvl:15,num_users:469,errors:12
rt:22.15,through:15.53,tt:0.4,num_interact:233,Intrvl:15,num_users:452,errors:2
rt:22.66,through:21.4,tt:0.36,num_interact:321,Intrvl:15,num_users:452,errors:15
rt:23.81,through:20,tt:0.4,num_interact:300,Intrvl:15,num_users:401,errors:6
rt:21.88,through:16.6,tt:0.37,num_interact:249,Intrvl:15,num_users:422,errors:2
rt:23.75,through:21.47,tt:0.32,num_interact:322,Intrvl:15,num_users:427,errors:20
rt:22.92,through:18.73,tt:0.35,num_interact:281,Intrvl:15,num_users:417,errors:1
rt:22.47,through:18.2,tt:0.33,num_interact:273,Intrvl:15,num_users:404,errors:1
rt:20.5,through:19.87,tt:0.39,num_interact:298,Intrvl:15,num_users:380,errors:15
rt:20.72,through:18.6,tt:0.38,num_interact:279,Intrvl:15,num_users:417,errors:8
rt:20.83,through:18.87,tt:0.31,num_interact:283,Intrvl:15,num_users:351,errors:1
rt:16.23,through:30.67,tt:0.38,num_interact:460,Intrvl:15,num_users:422,errors:21
rt:12.33,through:30.67,tt:0.34,num_interact:460,Intrvl:15,num_users:375,errors:1
rt:12.03,through:30.27,tt:0.34,num_interact:454,Intrvl:15,num_users:354,errors:6
rt:11.48,through:36.4,tt:0.36,num_interact:546,Intrvl:15,num_users:402,errors:11
rt:12.11,through:30.07,tt:0.33,num_interact:451,Intrvl:15,num_users:365,errors:3
rt:13.25,through:32.13,tt:0.33,num_interact:483,Intrvl:15,num_users:419,errors:15
rt:12.51,through:35.8,tt:0.36,num_interact:541,Intrvl:15,num_users:435,errors:5
rt:11.62,through:30.07,tt:0.35,num_interact:451,Intrvl:15,num_users:411,errors:0
rt:13.45,through:36.33,tt:0.33,num_interact:545,Intrvl:15,num_users:417,errors:20
rt:13.21,through:35.07,tt:0.33,num_interact:526,Intrvl:15,num_users:468,errors:3
rt:13.49,through:28.27,tt:0.32,num_interact:424,Intrvl:15,num_users:379,errors:0
rt:12.79,through:35.67,tt:0.35,num_interact:535,Intrvl:15,num_users:370,errors:19
rt:10.66,through:32.8,tt:0.39,num_interact:492,Intrvl:15,num_users:390,errors:1
rt:11.9,through:32.07,tt:0.37,num_interact:481,Intrvl:15,num_users:360,errors:12
rt:9.91,through:39.6,tt:0.34,num_interact:594,Intrvl:15,num_users:325,errors:13
rt:11.15,through:25.2,tt:0.39,num_interact:378,Intrvl:15,num_users:424,errors:0
rt:15.65,through:28.73,tt:0.33,num_interact:435,Intrvl:15,num_users:342,errors:13
rt:12.18,through:36.07,tt:0.37,num_interact:541,Intrvl:15,num_users:392,errors:6
rt:9.48,through:34.27,tt:0.35,num_interact:515,Intrvl:15,num_users:363,errors:1
rt:11.34,through:32.73,tt:0.35,num_interact:491,Intrvl:15,num_users:377,errors:8
rt:12.4,through:33.8,tt:0.37,num_interact:507,Intrvl:15,num_users:469,errors:2
rt:14.16,through:30.8,tt:0.33,num_interact:466,Intrvl:15,num_users:466,errors:2
rt:15.55,through:33.53,tt:0.34,num_interact:536,Intrvl:15,num_users:462,errors:24
rt:11.75,through:34.73,tt:0.33,num_interact:521,Intrvl:15,num_users:424,errors:3
rt:12.51,through:27.27,tt:0.33,num_interact:409,Intrvl:15,num_users:351,errors:10
rt:11.47,through:37.8,tt:0.37,num_interact:567,Intrvl:15,num_users:397,errors:12
rt:11.2,through:35.33,tt:0.37,num_interact:530,Intrvl:15,num_users:424,errors:3
rt:13.91,through:34.2,tt:0.36,num_interact:522,Intrvl:15,num_users:413,errors:17
rt:12.07,through:36.87,tt:0.33,num_interact:553,Intrvl:15,num_users:396,errors:2
rt:12.64,through:26.87,tt:0.38,num_interact:403,Intrvl:15,num_users:379,errors:0
rt:12.58,through:36.53,tt:0.38,num_interact:548,Intrvl:15,num_users:427,errors:9
rt:12.29,through:35.2,tt:0.37,num_interact:528,Intrvl:15,num_users:386,errors:8
rt:12.1,through:27.2,tt:0.37,num_interact:408,Intrvl:15,num_users:425,errors:1
rt:13.55,through:35.53,tt:0.35,num_interact:539,Intrvl:15,num_users:422,errors:22
rt:11.8,through:32.87,tt:0.35,num_interact:493,Intrvl:15,num_users:361,errors:4
rt:12.21,through:29.73,tt:0.37,num_interact:446,Intrvl:15,num_users:413,errors:15
rt:12.87,through:36.73,tt:0.34,num_interact:551,Intrvl:15,num_users:383,errors:14
rt:10.46,through:29.6,tt:0.33,num_interact:444,Intrvl:15,num_users:373,errors:0
rt:11.8,through:33.6,tt:0.34,num_interact:505,Intrvl:15,num_users:352,errors:20
rt:10.41,through:39.93,tt:0.36,num_interact:599,Intrvl:15,num_users:374,errors:3
rt:12.17,through:24.47,tt:0.35,num_interact:367,Intrvl:15,num_users:359,errors:2
rt:12.67,through:36.13,tt:0.33,num_interact:551,Intrvl:15,num_users:400,errors:6
rt:11.99,through:36.2,tt:0.37,num_interact:543,Intrvl:15,num_users:414,errors:7
rt:12.89,through:30.27,tt:0.38,num_interact:454,Intrvl:15,num_users:415,errors:1
rt:11.96,through:35.4,tt:0.36,num_interact:531,Intrvl:15,num_users:377,errors:14
rt:11.92,through:34.8,tt:0.36,num_interact:522,Intrvl:15,num_users:391,errors:2
rt:12.93,through:24.93,tt:0.36,num_interact:374,Intrvl:15,num_users:346,errors:1
rt:10.59,through:37.67,tt:0.34,num_interact:565,Intrvl:15,num_users:368,errors:15
rt:10.89,through:32.67,tt:0.38,num_interact:490,Intrvl:15,num_users:398,errors:5
rt:13.29,through:26.93,tt:0.36,num_interact:404,Intrvl:15,num_users:383,errors:14
rt:23.62,through:2.53,tt:0.29,num_interact:38,Intrvl:15,num_users:333,errors:11
rt:14.15,through:30.6,tt:0.36,num_interact:459,Intrvl:15,num_users:353,errors:70
rt:14.68,through:34.73,tt:0.38,num_interact:521,Intrvl:15,num_users:358,errors:68
rt:14.78,through:38.8,tt:0.37,num_interact:773,Intrvl:15,num_users:401,errors:87
rt:16.54,through:33.93,tt:0.35,num_interact:513,Intrvl:15,num_users:403,errors:0
rt:12.71,through:35.2,tt:0.34,num_interact:550,Intrvl:15,num_users:386,errors:0
rt:12.76,through:34,tt:0.39,num_interact:510,Intrvl:15,num_users:380,errors:0
rt:12.78,through:35.07,tt:0.35,num_interact:537,Intrvl:15,num_users:386,errors:0
rt:11.93,through:39.07,tt:0.35,num_interact:586,Intrvl:15,num_users:366,errors:0
rt:11.2,through:42.47,tt:0.35,num_interact:646,Intrvl:15,num_users:401,errors:0
rt:11.89,through:45.07,tt:0.34,num_interact:676,Intrvl:15,num_users:421,errors:0
rt:12.73,through:32.47,tt:0.32,num_interact:496,Intrvl:15,num_users:410,errors:0
rt:12.26,through:38.93,tt:0.33,num_interact:584,Intrvl:15,num_users:388,errors:0
rt:11.61,through:29.4,tt:0.34,num_interact:441,Intrvl:15,num_users:353,errors:0
rt:10.4,through:52.8,tt:0.35,num_interact:793,Intrvl:15,num_users:375,errors:0
rt:11.08,through:32.73,tt:0.37,num_interact:491,Intrvl:15,num_users:382,errors:0
rt:11.53,through:37.27,tt:0.37,num_interact:608,Intrvl:15,num_users:413,errors:0
rt:12.95,through:53.13,tt:0.36,num_interact:797,Intrvl:15,num_users:449,errors:0
rt:13.45,through:37.93,tt:0.34,num_interact:569,Intrvl:15,num_users:410,errors:0
rt:11.02,through:33.33,tt:0.37,num_interact:500,Intrvl:15,num_users:335,errors:0
rt:9.36,through:38.07,tt:0.35,num_interact:571,Intrvl:15,num_users:346,errors:0
rt:8.77,through:38.73,tt:0.36,num_interact:581,Intrvl:15,num_users:312,errors:0
rt:8.28,through:39.8,tt:0.35,num_interact:597,Intrvl:15,num_users:307,errors:0
rt:8.53,through:39.2,tt:0.35,num_interact:588,Intrvl:15,num_users:331,errors:0
rt:9,through:39.73,tt:0.32,num_interact:596,Intrvl:15,num_users:348,errors:0
rt:8.82,through:39.33,tt:0.35,num_interact:590,Intrvl:15,num_users:323,errors:0
rt:9.33,through:41.27,tt:0.36,num_interact:629,Intrvl:15,num_users:375,errors:0
rt:11.09,through:36.47,tt:0.35,num_interact:592,Intrvl:15,num_users:381,errors:0
rt:10.47,through:38,tt:0.32,num_interact:570,Intrvl:15,num_users:357,errors:0
rt:10.18,through:36.67,tt:0.34,num_interact:550,Intrvl:15,num_users:353,errors:0
rt:10.54,through:38.67,tt:0.35,num_interact:580,Intrvl:15,num_users:409,errors:0
rt:12.23,through:32.33,tt:0.36,num_interact:485,Intrvl:15,num_users:383,errors:0
rt:12.05,through:42.93,tt:0.36,num_interact:644,Intrvl:15,num_users:413,errors:0
rt:12.33,through:31.87,tt:0.38,num_interact:492,Intrvl:15,num_users:411,errors:0
rt:10.3,through:33.2,tt:0.36,num_interact:498,Intrvl:15,num_users:252,errors:0
rt:7.43,through:38.93,tt:0.37,num_interact:584,Intrvl:15,num_users:266,errors:0
rt:7.4,through:40.07,tt:0.35,num_interact:601,Intrvl:15,num_users:262,errors:0
rt:7.26,through:38.87,tt:0.35,num_interact:583,Intrvl:15,num_users:265,errors:0
rt:7.59,through:40.6,tt:0.37,num_interact:609,Intrvl:15,num_users:284,errors:0
rt:7.94,through:39.27,tt:0.35,num_interact:589,Intrvl:15,num_users:289,errors:0
rt:7.21,through:37.8,tt:0.35,num_interact:567,Intrvl:15,num_users:239,errors:0
rt:7.33,through:38.73,tt:0.34,num_interact:581,Intrvl:15,num_users:268,errors:0
rt:7.44,through:38.67,tt:0.36,num_interact:580,Intrvl:15,num_users:265,errors:0
rt:7.45,through:39.87,tt:0.36,num_interact:598,Intrvl:15,num_users:264,errors:0
rt:7.45,through:38.4,tt:0.37,num_interact:576,Intrvl:15,num_users:282,errors:40
rt:7.21,through:41.13,tt:0.37,num_interact:617,Intrvl:15,num_users:264,errors:3
rt:6.64,through:55.53,tt:0.34,num_interact:833,Intrvl:15,num_users:272,errors:0
rt:6,through:45.53,tt:0.37,num_interact:683,Intrvl:15,num_users:265,errors:0
rt:8.78,through:43.33,tt:0.38,num_interact:650,Intrvl:15,num_users:259,errors:0
rt:6.76,through:85.47,tt:0.37,num_interact:1282,Intrvl:15,num_users:266,errors:0
rt:7.17,through:35.53,tt:0.36,num_interact:533,Intrvl:15,num_users:309,errors:0
rt:9.02,through:38.67,tt:0.35,num_interact:580,Intrvl:15,num_users:286,errors:0
rt:8.31,through:42.8,tt:0.36,num_interact:642,Intrvl:15,num_users:318,errors:0
rt:8.11,through:40.47,tt:0.34,num_interact:607,Intrvl:15,num_users:273,errors:0
rt:6.53,through:42.53,tt:0.37,num_interact:813,Intrvl:15,num_users:267,errors:0
rt:7.52,through:51,tt:0.34,num_interact:765,Intrvl:15,num_users:306,errors:0
rt:7.79,through:39.2,tt:0.34,num_interact:589,Intrvl:15,num_users:275,errors:0
rt:6.42,through:43.8,tt:0.35,num_interact:657,Intrvl:15,num_users:249,errors:0
rt:7.84,through:66.33,tt:0.36,num_interact:995,Intrvl:15,num_users:302,errors:0
rt:7.98,through:40.4,tt:0.34,num_interact:606,Intrvl:15,num_users:292,errors:0
rt:7.29,through:38.13,tt:0.34,num_interact:572,Intrvl:15,num_users:281,errors:0
rt:8.33,through:46,tt:0.36,num_interact:690,Intrvl:15,num_users:285,errors:0
rt:7.61,through:41.53,tt:0.36,num_interact:627,Intrvl:15,num_users:290,errors:0
rt:6.72,through:40.33,tt:0.35,num_interact:605,Intrvl:15,num_users:235,errors:0
rt:6.96,through:51.47,tt:0.37,num_interact:831,Intrvl:15,num_users:313,errors:0
rt:8.6,through:36.53,tt:0.36,num_interact:548,Intrvl:15,num_users:308,errors:0
rt:8.22,through:44.73,tt:0.36,num_interact:671,Intrvl:15,num_users:267,errors:0
rt:7.26,through:38.27,tt:0.35,num_interact:574,Intrvl:15,num_users:289,errors:0
rt:7.22,through:41.6,tt:0.35,num_interact:624,Intrvl:15,num_users:261,errors:0
rt:5.73,through:56.8,tt:0.35,num_interact:852,Intrvl:15,num_users:271,errors:6
rt:8.61,through:62.27,tt:0.36,num_interact:934,Intrvl:15,num_users:312,errors:7
rt:9.18,through:38.87,tt:0.33,num_interact:583,Intrvl:15,num_users:324,errors:0
rt:9.14,through:79.67,tt:0.37,num_interact:1195,Intrvl:15,num_users:364,errors:0
rt:8.3,through:41.53,tt:0.34,num_interact:691,Intrvl:15,num_users:264,errors:0
rt:7.58,through:45.2,tt:0.34,num_interact:678,Intrvl:15,num_users:301,errors:0
rt:7.57,through:41.53,tt:0.32,num_interact:643,Intrvl:15,num_users:274,errors:0
rt:8.15,through:45.2,tt:0.38,num_interact:678,Intrvl:15,num_users:316,errors:0
rt:7.67,through:41.4,tt:0.35,num_interact:621,Intrvl:15,num_users:313,errors:0
rt:6.63,through:41.67,tt:0.36,num_interact:625,Intrvl:15,num_users:236,errors:0
rt:6.15,through:64,tt:0.34,num_interact:1358,Intrvl:15,num_users:247,errors:0
rt:7.34,through:53.6,tt:0.38,num_interact:804,Intrvl:15,num_users:284,errors:0
rt:7.05,through:39.53,tt:0.36,num_interact:593,Intrvl:15,num_users:292,errors:0
rt:8.04,through:42.87,tt:0.35,num_interact:643,Intrvl:15,num_users:297,errors:0
rt:8.04,through:39.67,tt:0.36,num_interact:598,Intrvl:15,num_users:303,errors:0
rt:8.83,through:90.33,tt:0.36,num_interact:1450,Intrvl:15,num_users:327,errors:0
rt:7.64,through:34.13,tt:0.34,num_interact:512,Intrvl:15,num_users:326,errors:0
rt:9.21,through:38.93,tt:0.35,num_interact:584,Intrvl:15,num_users:285,errors:0
rt:7.92,through:55.27,tt:0.36,num_interact:895,Intrvl:15,num_users:317,errors:0
rt:8.42,through:41.87,tt:0.31,num_interact:628,Intrvl:15,num_users:297,errors:0
rt:8.43,through:38.13,tt:0.39,num_interact:721,Intrvl:15,num_users:325,errors:0
rt:6.84,through:43.2,tt:0.33,num_interact:648,Intrvl:15,num_users:246,errors:0
rt:6.99,through:53.13,tt:0.35,num_interact:797,Intrvl:15,num_users:281,errors:0
rt:7.67,through:38,tt:0.35,num_interact:815,Intrvl:15,num_users:281,errors:0
rt:5.78,through:40.13,tt:0.38,num_interact:602,Intrvl:15,num_users:229,errors:0
Terminating EBs...
EB TPCW Broswing Mix EB #1225commiting suicide!
EB TPCW Broswing Mix EB #157commiting suicide!
EB TPCW Broswing Mix EB #88commiting suicide!
EB TPCW Broswing Mix EB #193commiting suicide!
EB TPCW Broswing Mix EB #171commiting suicide!
EB TPCW Broswing Mix EB #71commiting suicide!
EB TPCW Broswing Mix EB #1214commiting suicide!
EB TPCW Broswing Mix EB #69commiting suicide!
EB TPCW Broswing Mix EB #173commiting suicide!
EB TPCW Broswing Mix EB #1245commiting suicide!
EB TPCW Broswing Mix EB #1221commiting suicide!
EB TPCW Broswing Mix EB #2903commiting suicide!
EB TPCW Broswing Mix EB #1239commiting suicide!
EB TPCW Broswing Mix EB #106commiting suicide!
EB TPCW Broswing Mix EB #172commiting suicide!
EB TPCW Broswing Mix EB #1220commiting suicide!
EB TPCW Broswing Mix EB #2892commiting suicide!
EB TPCW Broswing Mix EB #2765commiting suicide!
EB TPCW Broswing Mix EB #1213commiting suicide!
EB TPCW Broswing Mix EB #2751commiting suicide!
EB TPCW Broswing Mix EB #22commiting suicide!
EB TPCW Broswing Mix EB #1238commiting suicide!
EB TPCW Broswing Mix EB #2746commiting suicide!
EB TPCW Broswing Mix EB #45commiting suicide!
EB TPCW Broswing Mix EB #47commiting suicide!
EB TPCW Broswing Mix EB #1256commiting suicide!
EB TPCW Broswing Mix EB #1254commiting suicide!
EB TPCW Broswing Mix EB #1232commiting suicide!
EB TPCW Broswing Mix EB #2572commiting suicide!
EB TPCW Broswing Mix EB #2756commiting suicide!
EB TPCW Broswing Mix EB #154commiting suicide!
EB TPCW Broswing Mix EB #1224commiting suicide!
EB TPCW Broswing Mix EB #176commiting suicide!
EB TPCW Broswing Mix EB #16commiting suicide!
EB TPCW Broswing Mix EB #121commiting suicide!
EB TPCW Broswing Mix EB #191commiting suicide!
EB TPCW Broswing Mix EB #128commiting suicide!
EB TPCW Broswing Mix EB #185commiting suicide!
EB TPCW Broswing Mix EB #127commiting suicide!
EB TPCW Broswing Mix EB #2900commiting suicide!
EB TPCW Broswing Mix EB #9commiting suicide!
EB TPCW Broswing Mix EB #118commiting suicide!
EB TPCW Broswing Mix EB #144commiting suicide!
EB TPCW Broswing Mix EB #18commiting suicide!
EB TPCW Broswing Mix EB #39commiting suicide!
EB TPCW Broswing Mix EB #28commiting suicide!
EB TPCW Broswing Mix EB #5commiting suicide!
EB TPCW Broswing Mix EB #190commiting suicide!
EB TPCW Broswing Mix EB #2754commiting suicide!
EB TPCW Broswing Mix EB #2573commiting suicide!
EB TPCW Broswing Mix EB #107commiting suicide!
EB TPCW Broswing Mix EB #1212commiting suicide!
EB TPCW Broswing Mix EB #8commiting suicide!
EB TPCW Broswing Mix EB #1265commiting suicide!
EB TPCW Broswing Mix EB #1231commiting suicide!
EB TPCW Broswing Mix EB #102commiting suicide!
EB TPCW Broswing Mix EB #2763commiting suicide!
EB TPCW Broswing Mix EB #82commiting suicide!
EB TPCW Broswing Mix EB #2567commiting suicide!
EB TPCW Broswing Mix EB #96commiting suicide!
EB TPCW Broswing Mix EB #2753commiting suicide!
EB TPCW Broswing Mix EB #182commiting suicide!
EB TPCW Broswing Mix EB #20commiting suicide!
EB TPCW Broswing Mix EB #83commiting suicide!
EB TPCW Broswing Mix EB #1235commiting suicide!
EB TPCW Broswing Mix EB #148commiting suicide!
EB TPCW Broswing Mix EB #2749commiting suicide!
EB TPCW Broswing Mix EB #1237commiting suicide!
EB TPCW Broswing Mix EB #46commiting suicide!
EB TPCW Broswing Mix EB #149commiting suicide!
EB TPCW Broswing Mix EB #100commiting suicide!
EB TPCW Broswing Mix EB #135commiting suicide!
EB TPCW Broswing Mix EB #174commiting suicide!
EB TPCW Broswing Mix EB #1261commiting suicide!
EB TPCW Broswing Mix EB #2755commiting suicide!
EB TPCW Broswing Mix EB #180commiting suicide!
EB TPCW Broswing Mix EB #112commiting suicide!
EB TPCW Broswing Mix EB #183commiting suicide!
EB TPCW Broswing Mix EB #1233commiting suicide!
EB TPCW Broswing Mix EB #93commiting suicide!
EB TPCW Broswing Mix EB #114commiting suicide!
EB TPCW Broswing Mix EB #72commiting suicide!
EB TPCW Broswing Mix EB #179commiting suicide!
EB TPCW Broswing Mix EB #1209commiting suicide!
EB TPCW Broswing Mix EB #43commiting suicide!
EB TPCW Broswing Mix EB #2898commiting suicide!
EB TPCW Broswing Mix EB #2744commiting suicide!
EB TPCW Broswing Mix EB #78commiting suicide!
EB TPCW Broswing Mix EB #53commiting suicide!
EB TPCW Broswing Mix EB #142commiting suicide!
EB TPCW Broswing Mix EB #90commiting suicide!
EB TPCW Broswing Mix EB #19commiting suicide!
EB TPCW Broswing Mix EB #25commiting suicide!
EB TPCW Broswing Mix EB #2574commiting suicide!
EB TPCW Broswing Mix EB #79commiting suicide!
EB TPCW Broswing Mix EB #115commiting suicide!
EB TPCW Broswing Mix EB #6commiting suicide!
EB TPCW Broswing Mix EB #29commiting suicide!
EB TPCW Broswing Mix EB #108commiting suicide!
EB TPCW Broswing Mix EB #195commiting suicide!
EB TPCW Broswing Mix EB #168commiting suicide!
EB TPCW Broswing Mix EB #129commiting suicide!
EB TPCW Broswing Mix EB #1240commiting suicide!
EB TPCW Broswing Mix EB #136commiting suicide!
EB TPCW Broswing Mix EB #92commiting suicide!
EB TPCW Broswing Mix EB #1262commiting suicide!
EB TPCW Broswing Mix EB #147commiting suicide!
EB TPCW Broswing Mix EB #1201commiting suicide!
EB TPCW Broswing Mix EB #2760commiting suicide!
EB TPCW Broswing Mix EB #50commiting suicide!
EB TPCW Broswing Mix EB #2237commiting suicide!
EB TPCW Broswing Mix EB #113commiting suicide!
EB TPCW Broswing Mix EB #1227commiting suicide!
EB TPCW Broswing Mix EB #1234commiting suicide!
EB TPCW Broswing Mix EB #194commiting suicide!
EB TPCW Broswing Mix EB #1248commiting suicide!
EB TPCW Broswing Mix EB #2571commiting suicide!
EB TPCW Broswing Mix EB #117commiting suicide!
EB TPCW Broswing Mix EB #1211commiting suicide!
EB TPCW Broswing Mix EB #116commiting suicide!
EB TPCW Broswing Mix EB #177commiting suicide!
EB TPCW Broswing Mix EB #2762commiting suicide!
EB TPCW Broswing Mix EB #64commiting suicide!
EB TPCW Broswing Mix EB #110commiting suicide!
EB TPCW Broswing Mix EB #161commiting suicide!
EB TPCW Broswing Mix EB #1250commiting suicide!
EB TPCW Broswing Mix EB #196commiting suicide!
EB TPCW Broswing Mix EB #152commiting suicide!
EB TPCW Broswing Mix EB #61commiting suicide!
EB TPCW Broswing Mix EB #166commiting suicide!
EB TPCW Broswing Mix EB #1226commiting suicide!
EB TPCW Broswing Mix EB #59commiting suicide!
EB TPCW Broswing Mix EB #1236commiting suicide!
EB TPCW Broswing Mix EB #1264commiting suicide!
EB TPCW Broswing Mix EB #27commiting suicide!
EB TPCW Broswing Mix EB #1229commiting suicide!
EB TPCW Broswing Mix EB #181commiting suicide!
EB TPCW Broswing Mix EB #67commiting suicide!
EB TPCW Broswing Mix EB #1253commiting suicide!
EB TPCW Broswing Mix EB #1222commiting suicide!
EB TPCW Broswing Mix EB #3commiting suicide!
EB TPCW Broswing Mix EB #1207commiting suicide!
EB TPCW Broswing Mix EB #2566commiting suicide!
EB TPCW Broswing Mix EB #13commiting suicide!
EB TPCW Broswing Mix EB #95commiting suicide!
EB TPCW Broswing Mix EB #52commiting suicide!
EB TPCW Broswing Mix EB #80commiting suicide!
EB TPCW Broswing Mix EB #1208commiting suicide!
EB TPCW Broswing Mix EB #170commiting suicide!
EB TPCW Broswing Mix EB #55commiting suicide!
EB TPCW Broswing Mix EB #1223commiting suicide!
EB TPCW Broswing Mix EB #119commiting suicide!
EB TPCW Broswing Mix EB #23commiting suicide!
EB TPCW Broswing Mix EB #26commiting suicide!
EB TPCW Broswing Mix EB #87commiting suicide!
EB TPCW Broswing Mix EB #17commiting suicide!
EB TPCW Broswing Mix EB #145commiting suicide!
EB TPCW Broswing Mix EB #2748commiting suicide!
EB TPCW Broswing Mix EB #188commiting suicide!
EB TPCW Broswing Mix EB #2575commiting suicide!
EB TPCW Broswing Mix EB #1242commiting suicide!
EB TPCW Broswing Mix EB #137commiting suicide!
EB TPCW Broswing Mix EB #1204commiting suicide!
EB TPCW Broswing Mix EB #70commiting suicide!
EB TPCW Broswing Mix EB #7commiting suicide!
EB TPCW Broswing Mix EB #2758commiting suicide!
EB TPCW Broswing Mix EB #126commiting suicide!
EB TPCW Broswing Mix EB #133commiting suicide!
EB TPCW Broswing Mix EB #86commiting suicide!
EB TPCW Broswing Mix EB #2745commiting suicide!
EB TPCW Broswing Mix EB #1230commiting suicide!
EB TPCW Broswing Mix EB #41commiting suicide!
EB TPCW Broswing Mix EB #163commiting suicide!
EB TPCW Broswing Mix EB #122commiting suicide!
EB TPCW Broswing Mix EB #143commiting suicide!
EB TPCW Broswing Mix EB #94commiting suicide!
EB TPCW Broswing Mix EB #123commiting suicide!
EB TPCW Broswing Mix EB #57commiting suicide!
EB TPCW Broswing Mix EB #162commiting suicide!
EB TPCW Broswing Mix EB #192commiting suicide!
EB TPCW Broswing Mix EB #54commiting suicide!
EB TPCW Broswing Mix EB #140commiting suicide!
EB TPCW Broswing Mix EB #2569commiting suicide!
EB TPCW Broswing Mix EB #130commiting suicide!
EB TPCW Broswing Mix EB #65commiting suicide!
EB TPCW Broswing Mix EB #159commiting suicide!
EB TPCW Broswing Mix EB #4commiting suicide!
EB TPCW Broswing Mix EB #1228commiting suicide!
EB TPCW Broswing Mix EB #1241commiting suicide!
EB TPCW Broswing Mix EB #167commiting suicide!
EB TPCW Broswing Mix EB #1205commiting suicide!
EB TPCW Broswing Mix EB #48commiting suicide!
EB TPCW Broswing Mix EB #11commiting suicide!
EB TPCW Broswing Mix EB #2750commiting suicide!
EB TPCW Broswing Mix EB #153commiting suicide!
EB TPCW Broswing Mix EB #1203commiting suicide!
EB TPCW Broswing Mix EB #36commiting suicide!
EB TPCW Broswing Mix EB #24commiting suicide!
EB TPCW Broswing Mix EB #58commiting suicide!
EB TPCW Broswing Mix EB #2896commiting suicide!
EB TPCW Broswing Mix EB #187commiting suicide!
EB TPCW Broswing Mix EB #1215commiting suicide!
EB TPCW Broswing Mix EB #97commiting suicide!
EB TPCW Broswing Mix EB #38commiting suicide!
EB TPCW Broswing Mix EB #2238commiting suicide!
EB TPCW Broswing Mix EB #76commiting suicide!
EB TPCW Broswing Mix EB #51commiting suicide!
EB TPCW Broswing Mix EB #66commiting suicide!
EB TPCW Broswing Mix EB #2759commiting suicide!
EB TPCW Broswing Mix EB #81commiting suicide!
EB TPCW Broswing Mix EB #178commiting suicide!
EB TPCW Broswing Mix EB #120commiting suicide!
EB TPCW Broswing Mix EB #1258commiting suicide!
EB TPCW Broswing Mix EB #1257commiting suicide!
EB TPCW Broswing Mix EB #155commiting suicide!
EB TPCW Broswing Mix EB #14commiting suicide!
EB TPCW Broswing Mix EB #132commiting suicide!
EB TPCW Broswing Mix EB #111commiting suicide!
EB TPCW Broswing Mix EB #1252commiting suicide!
EB TPCW Broswing Mix EB #30commiting suicide!
EB TPCW Broswing Mix EB #2570commiting suicide!
EB TPCW Broswing Mix EB #37commiting suicide!
EB TPCW Broswing Mix EB #165commiting suicide!
EB TPCW Broswing Mix EB #42commiting suicide!
EB TPCW Broswing Mix EB #68commiting suicide!
EB TPCW Broswing Mix EB #34commiting suicide!
EB TPCW Broswing Mix EB #2764commiting suicide!
EB TPCW Broswing Mix EB #1255commiting suicide!
EB TPCW Broswing Mix EB #33commiting suicide!
EB TPCW Broswing Mix EB #141commiting suicide!
EB TPCW Broswing Mix EB #2568commiting suicide!
EB TPCW Broswing Mix EB #1263commiting suicide!
EB TPCW Broswing Mix EB #1259commiting suicide!
EB TPCW Broswing Mix EB #2757commiting suicide!
EB TPCW Broswing Mix EB #1266commiting suicide!
EB TPCW Broswing Mix EB #2752commiting suicide!
EB TPCW Broswing Mix EB #125commiting suicide!
EB TPCW Broswing Mix EB #2895commiting suicide!
EB TPCW Broswing Mix EB #1249commiting suicide!
EB TPCW Broswing Mix EB #2894commiting suicide!
EB TPCW Broswing Mix EB #2899commiting suicide!
EB TPCW Broswing Mix EB #2901commiting suicide!
EB TPCW Broswing Mix EB #101commiting suicide!
EB TPCW Broswing Mix EB #73commiting suicide!
EB TPCW Broswing Mix EB #103commiting suicide!
EB TPCW Broswing Mix EB #77commiting suicide!
EB TPCW Broswing Mix EB #1246commiting suicide!
EB TPCW Broswing Mix EB #138commiting suicide!
EB TPCW Broswing Mix EB #105commiting suicide!
EB TPCW Broswing Mix EB #15commiting suicide!
EB TPCW Broswing Mix EB #146commiting suicide!
EB TPCW Broswing Mix EB #1217commiting suicide!
EB TPCW Broswing Mix EB #98commiting suicide!
EB TPCW Broswing Mix EB #2761commiting suicide!
EB TPCW Broswing Mix EB #164commiting suicide!
EB TPCW Broswing Mix EB #150commiting suicide!
EB TPCW Broswing Mix EB #139commiting suicide!
EB TPCW Broswing Mix EB #49commiting suicide!
EB TPCW Broswing Mix EB #35commiting suicide!
EB TPCW Broswing Mix EB #1247commiting suicide!
EB TPCW Broswing Mix EB #91commiting suicide!
EB TPCW Broswing Mix EB #44commiting suicide!
EB TPCW Broswing Mix EB #2893commiting suicide!
EB TPCW Broswing Mix EB #2897commiting suicide!
EB TPCW Broswing Mix EB #1244commiting suicide!
EB TPCW Broswing Mix EB #158commiting suicide!
EB TPCW Broswing Mix EB #74commiting suicide!
EB TPCW Broswing Mix EB #124commiting suicide!
EB TPCW Broswing Mix EB #109commiting suicide!
EBs finished.
Really finishing RBE!.
