Remote Browser Emulator for TPC-W.
  ECE 902  Fall '99
  Version 1.5
System's current path is /root/loadtest
rt:0.04,through:2.8,tt:0.31,num_interact:42,Intrvl:15,num_users:1,errors:0
rt:0.29,through:31.47,tt:0.33,num_interact:472,Intrvl:15,num_users:20,errors:0
rt:2.15,through:29,tt:0.37,num_interact:435,Intrvl:15,num_users:80,errors:0
rt:3.2,through:30.8,tt:0.37,num_interact:462,Intrvl:15,num_users:120,errors:0
rt:4.68,through:31.73,tt:0.37,num_interact:476,Intrvl:15,num_users:180,errors:0
rt:6.14,through:32.07,tt:0.38,num_interact:481,Intrvl:15,num_users:240,errors:0
rt:7.97,through:30.87,tt:0.37,num_interact:463,Intrvl:15,num_users:280,errors:0
rt:8.76,through:31.13,tt:0.36,num_interact:467,Intrvl:15,num_users:310,errors:0
rt:9.94,through:34.4,tt:0.38,num_interact:516,Intrvl:15,num_users:340,errors:0
rt:10.46,through:31.8,tt:0.4,num_interact:477,Intrvl:15,num_users:370,errors:0
rt:11.9,through:32.07,tt:0.34,num_interact:481,Intrvl:15,num_users:399,errors:0
rt:12.05,through:32.87,tt:0.39,num_interact:493,Intrvl:15,num_users:412,errors:0
rt:12.91,through:33.53,tt:0.33,num_interact:503,Intrvl:15,num_users:419,errors:0
rt:12.41,through:31.07,tt:0.35,num_interact:466,Intrvl:15,num_users:401,errors:0
rt:12.41,through:30.67,tt:0.33,num_interact:460,Intrvl:15,num_users:380,errors:0
rt:12.17,through:30.87,tt:0.36,num_interact:463,Intrvl:15,num_users:430,errors:0
rt:12.93,through:31.47,tt:0.34,num_interact:472,Intrvl:15,num_users:408,errors:0
rt:13.2,through:32,tt:0.36,num_interact:480,Intrvl:15,num_users:468,errors:0
rt:14.18,through:27.67,tt:0.37,num_interact:415,Intrvl:15,num_users:392,errors:0
rt:13.35,through:30.07,tt:0.37,num_interact:451,Intrvl:15,num_users:425,errors:0
rt:13.08,through:31.13,tt:0.35,num_interact:467,Intrvl:15,num_users:407,errors:0
rt:12.78,through:31.07,tt:0.36,num_interact:466,Intrvl:15,num_users:400,errors:0
rt:12.23,through:31.27,tt:0.37,num_interact:469,Intrvl:15,num_users:385,errors:0
rt:12.22,through:31,tt:0.34,num_interact:465,Intrvl:15,num_users:413,errors:0
rt:12.89,through:32.13,tt:0.34,num_interact:482,Intrvl:15,num_users:433,errors:0
rt:13.19,through:29.6,tt:0.36,num_interact:449,Intrvl:15,num_users:403,errors:0
rt:12.71,through:30.8,tt:0.34,num_interact:462,Intrvl:15,num_users:398,errors:0
rt:12.09,through:32.47,tt:0.36,num_interact:487,Intrvl:15,num_users:392,errors:0
rt:12.3,through:31.67,tt:0.33,num_interact:479,Intrvl:15,num_users:427,errors:0
rt:13.07,through:28.6,tt:0.35,num_interact:429,Intrvl:15,num_users:370,errors:0
rt:11.77,through:31.53,tt:0.33,num_interact:473,Intrvl:15,num_users:376,errors:0
rt:11.74,through:31.13,tt:0.33,num_interact:467,Intrvl:15,num_users:365,errors:0
rt:11.52,through:31.6,tt:0.37,num_interact:474,Intrvl:15,num_users:408,errors:0
rt:12.45,through:30.33,tt:0.36,num_interact:456,Intrvl:15,num_users:387,errors:0
rt:12.62,through:31.93,tt:0.36,num_interact:479,Intrvl:15,num_users:430,errors:0
rt:12.98,through:31.73,tt:0.37,num_interact:476,Intrvl:15,num_users:454,errors:0
rt:13.67,through:27.53,tt:0.37,num_interact:413,Intrvl:15,num_users:378,errors:0
rt:12.56,through:31.27,tt:0.36,num_interact:469,Intrvl:15,num_users:409,errors:0
rt:12.64,through:31.47,tt:0.35,num_interact:473,Intrvl:15,num_users:431,errors:0
rt:13.37,through:29.93,tt:0.34,num_interact:449,Intrvl:15,num_users:401,errors:0
rt:12.74,through:31.8,tt:0.34,num_interact:477,Intrvl:15,num_users:395,errors:0
rt:12.05,through:30.4,tt:0.34,num_interact:456,Intrvl:15,num_users:376,errors:0
rt:11.48,through:29,tt:0.35,num_interact:435,Intrvl:15,num_users:327,errors:0
rt:10.82,through:31.27,tt:0.38,num_interact:469,Intrvl:15,num_users:409,errors:0
rt:12.31,through:30.6,tt:0.36,num_interact:459,Intrvl:15,num_users:377,errors:0
rt:12.01,through:31.87,tt:0.36,num_interact:478,Intrvl:15,num_users:414,errors:0
rt:12.47,through:30.33,tt:0.37,num_interact:455,Intrvl:15,num_users:387,errors:0
rt:12.88,through:29,tt:0.36,num_interact:435,Intrvl:15,num_users:407,errors:0
rt:12.26,through:35.6,tt:0.34,num_interact:534,Intrvl:15,num_users:452,errors:0
rt:13.73,through:28.87,tt:0.36,num_interact:433,Intrvl:15,num_users:393,errors:0
rt:12.87,through:31.87,tt:0.37,num_interact:478,Intrvl:15,num_users:414,errors:0
rt:13.18,through:30.67,tt:0.35,num_interact:460,Intrvl:15,num_users:434,errors:0
rt:13.33,through:32,tt:0.35,num_interact:480,Intrvl:15,num_users:431,errors:0
rt:12.96,through:27.53,tt:0.36,num_interact:413,Intrvl:15,num_users:353,errors:47
rt:8.16,through:43,tt:0.33,num_interact:645,Intrvl:15,num_users:329,errors:0
rt:7.6,through:46.6,tt:0.37,num_interact:894,Intrvl:15,num_users:390,errors:0
rt:7.5,through:45.87,tt:0.36,num_interact:688,Intrvl:15,num_users:393,errors:0
rt:7.24,through:52.93,tt:0.35,num_interact:794,Intrvl:15,num_users:377,errors:0
rt:7.43,through:48.13,tt:0.38,num_interact:722,Intrvl:15,num_users:396,errors:0
rt:8.21,through:70.6,tt:0.36,num_interact:1059,Intrvl:15,num_users:469,errors:0
rt:8.33,through:50.4,tt:0.36,num_interact:756,Intrvl:15,num_users:398,errors:0
rt:7.9,through:65.2,tt:0.34,num_interact:978,Intrvl:15,num_users:413,errors:0
rt:8.15,through:48.13,tt:0.36,num_interact:722,Intrvl:15,num_users:426,errors:0
rt:9.02,through:44.93,tt:0.36,num_interact:674,Intrvl:15,num_users:429,errors:0
rt:8.4,through:53.67,tt:0.33,num_interact:805,Intrvl:15,num_users:425,errors:0
rt:8.46,through:42.67,tt:0.36,num_interact:640,Intrvl:15,num_users:451,errors:0
rt:11.33,through:38.33,tt:0.36,num_interact:575,Intrvl:15,num_users:428,errors:0
rt:9.41,through:56.33,tt:0.34,num_interact:845,Intrvl:15,num_users:436,errors:0
rt:7.54,through:50.13,tt:0.34,num_interact:752,Intrvl:15,num_users:398,errors:0
rt:7.11,through:52.27,tt:0.36,num_interact:950,Intrvl:15,num_users:368,errors:0
rt:6.61,through:51.07,tt:0.36,num_interact:766,Intrvl:15,num_users:369,errors:0
rt:8.32,through:48.67,tt:0.41,num_interact:730,Intrvl:15,num_users:615,errors:0
rt:280.09,through:119.27,tt:0.37,num_interact:1789,Intrvl:15,num_users:660,errors:18
rt:26.48,through:22.6,tt:0.35,num_interact:339,Intrvl:15,num_users:466,errors:0
rt:14.75,through:29.8,tt:0.34,num_interact:447,Intrvl:15,num_users:599,errors:0
rt:15.96,through:32.67,tt:0.39,num_interact:490,Intrvl:15,num_users:605,errors:0
rt:15.94,through:30.4,tt:0.34,num_interact:456,Intrvl:15,num_users:587,errors:0
rt:15.79,through:29.73,tt:0.36,num_interact:446,Intrvl:15,num_users:554,errors:0
rt:14.98,through:31.2,tt:0.35,num_interact:468,Intrvl:15,num_users:640,errors:0
rt:17.35,through:28.87,tt:0.36,num_interact:433,Intrvl:15,num_users:626,errors:0
rt:17.29,through:31.87,tt:0.36,num_interact:478,Intrvl:15,num_users:631,errors:0
rt:17.28,through:30,tt:0.35,num_interact:450,Intrvl:15,num_users:606,errors:0
rt:17.26,through:30.87,tt:0.37,num_interact:465,Intrvl:15,num_users:614,errors:0
rt:16.84,through:32.87,tt:0.35,num_interact:493,Intrvl:15,num_users:672,errors:0
rt:17.28,through:28.73,tt:0.35,num_interact:431,Intrvl:15,num_users:636,errors:0
rt:17.48,through:26.47,tt:0.36,num_interact:397,Intrvl:15,num_users:536,errors:0
rt:15.84,through:30.93,tt:0.35,num_interact:464,Intrvl:15,num_users:536,errors:0
rt:13.94,through:31.8,tt:0.36,num_interact:477,Intrvl:15,num_users:551,errors:0
rt:14.73,through:32.33,tt:0.38,num_interact:485,Intrvl:15,num_users:555,errors:0
rt:14.12,through:31.6,tt:0.32,num_interact:474,Intrvl:15,num_users:560,errors:0
rt:15.13,through:32.07,tt:0.37,num_interact:481,Intrvl:15,num_users:618,errors:0
rt:16.49,through:31.07,tt:0.39,num_interact:466,Intrvl:15,num_users:632,errors:0
rt:17.49,through:29.33,tt:0.34,num_interact:448,Intrvl:15,num_users:632,errors:0
rt:17.39,through:31.13,tt:0.32,num_interact:475,Intrvl:15,num_users:611,errors:0
rt:17.1,through:28.8,tt:0.35,num_interact:432,Intrvl:15,num_users:561,errors:0
rt:15.62,through:30.93,tt:0.34,num_interact:464,Intrvl:15,num_users:629,errors:0
rt:16.72,through:29.33,tt:0.33,num_interact:440,Intrvl:15,num_users:583,errors:0
rt:16.03,through:31.33,tt:0.39,num_interact:470,Intrvl:15,num_users:586,errors:0
rt:15.7,through:32.07,tt:0.39,num_interact:481,Intrvl:15,num_users:629,errors:0
rt:17.16,through:29.73,tt:0.35,num_interact:446,Intrvl:15,num_users:610,errors:0
rt:16.17,through:32.73,tt:0.33,num_interact:491,Intrvl:15,num_users:633,errors:0
rt:17.01,through:32.67,tt:0.34,num_interact:490,Intrvl:15,num_users:643,errors:0
rt:17.35,through:28.6,tt:0.34,num_interact:429,Intrvl:15,num_users:620,errors:0
rt:17.6,through:28.87,tt:0.38,num_interact:433,Intrvl:15,num_users:583,errors:0
rt:16.61,through:31.2,tt:0.35,num_interact:468,Intrvl:15,num_users:603,errors:0
rt:16.4,through:26.33,tt:0.34,num_interact:395,Intrvl:15,num_users:508,errors:0
rt:15.02,through:30.8,tt:0.34,num_interact:463,Intrvl:15,num_users:570,errors:0
rt:15.22,through:33.73,tt:0.33,num_interact:506,Intrvl:15,num_users:725,errors:0
rt:17.97,through:24.87,tt:0.38,num_interact:373,Intrvl:15,num_users:627,errors:0
rt:18.76,through:32.27,tt:0.35,num_interact:484,Intrvl:15,num_users:668,errors:0
rt:17.93,through:28.27,tt:0.33,num_interact:424,Intrvl:15,num_users:580,errors:0
rt:16.44,through:29.33,tt:0.34,num_interact:440,Intrvl:15,num_users:534,errors:0
rt:14.64,through:31.4,tt:0.34,num_interact:471,Intrvl:15,num_users:594,errors:0
rt:15.3,through:31.33,tt:0.39,num_interact:470,Intrvl:15,num_users:619,errors:0
rt:17.39,through:30.13,tt:0.34,num_interact:452,Intrvl:15,num_users:608,errors:0
rt:16.94,through:30.87,tt:0.34,num_interact:463,Intrvl:15,num_users:616,errors:0
rt:16.86,through:21.87,tt:0.34,num_interact:328,Intrvl:15,num_users:452,errors:0
rt:14.66,through:30.6,tt:0.33,num_interact:459,Intrvl:15,num_users:652,errors:0
rt:17.27,through:29.47,tt:0.38,num_interact:442,Intrvl:15,num_users:655,errors:0
rt:17.72,through:31.13,tt:0.34,num_interact:467,Intrvl:15,num_users:617,errors:3
rt:16.08,through:34.4,tt:0.36,num_interact:516,Intrvl:15,num_users:645,errors:0
rt:12.22,through:40.87,tt:0.33,num_interact:613,Intrvl:15,num_users:711,errors:0
rt:15.96,through:6.27,tt:0.36,num_interact:94,Intrvl:15,num_users:706,errors:0
rt:34.28,through:1.07,tt:0.31,num_interact:16,Intrvl:15,num_users:637,errors:0
rt:79.99,through:69.53,tt:0.36,num_interact:1043,Intrvl:15,num_users:734,errors:0
rt:15.99,through:39.47,tt:0.38,num_interact:592,Intrvl:15,num_users:676,errors:0
rt:14.7,through:41.33,tt:0.34,num_interact:620,Intrvl:15,num_users:670,errors:0
rt:12.57,through:45.13,tt:0.35,num_interact:677,Intrvl:15,num_users:535,errors:0
rt:9.26,through:48.6,tt:0.34,num_interact:729,Intrvl:15,num_users:539,errors:0
rt:7.98,through:49.07,tt:0.35,num_interact:750,Intrvl:15,num_users:458,errors:0
rt:8.26,through:126.8,tt:0.36,num_interact:1902,Intrvl:15,num_users:525,errors:0
rt:10.93,through:105.13,tt:0.34,num_interact:1708,Intrvl:15,num_users:734,errors:0
rt:31.54,through:27.6,tt:0.37,num_interact:563,Intrvl:15,num_users:679,errors:0
rt:232.83,through:0.33,tt:0.47,num_interact:5,Intrvl:15,num_users:630,errors:0
rt:410.42,through:53.2,tt:0.38,num_interact:798,Intrvl:15,num_users:745,errors:5
rt:261.46,through:17.67,tt:0.32,num_interact:265,Intrvl:15,num_users:608,errors:3
rt:185.37,through:74.73,tt:0.37,num_interact:1121,Intrvl:15,num_users:702,errors:5
rt:250.78,through:32.67,tt:0.35,num_interact:490,Intrvl:15,num_users:710,errors:9
rt:79.58,through:61.73,tt:0.35,num_interact:950,Intrvl:15,num_users:761,errors:2
rt:6.55,through:40.73,tt:0.35,num_interact:611,Intrvl:15,num_users:679,errors:0
rt:5.87,through:43.13,tt:0.33,num_interact:647,Intrvl:15,num_users:664,errors:0
rt:6.8,through:41.67,tt:0.36,num_interact:667,Intrvl:15,num_users:722,errors:0
rt:6.25,through:43.53,tt:0.33,num_interact:653,Intrvl:15,num_users:671,errors:0
rt:6.34,through:43.13,tt:0.36,num_interact:647,Intrvl:15,num_users:703,errors:0
rt:6.56,through:41.47,tt:0.35,num_interact:622,Intrvl:15,num_users:686,errors:0
rt:6.19,through:44.13,tt:0.34,num_interact:662,Intrvl:15,num_users:692,errors:0
rt:6.23,through:43.2,tt:0.36,num_interact:648,Intrvl:15,num_users:682,errors:0
rt:6.53,through:43.93,tt:0.35,num_interact:666,Intrvl:15,num_users:710,errors:0
rt:6.27,through:39.67,tt:0.36,num_interact:600,Intrvl:15,num_users:653,errors:0
rt:6.06,through:42.93,tt:0.35,num_interact:644,Intrvl:15,num_users:679,errors:0
rt:5.69,through:41.87,tt:0.35,num_interact:628,Intrvl:15,num_users:625,errors:0
rt:6.47,through:42.67,tt:0.39,num_interact:661,Intrvl:15,num_users:702,errors:0
rt:6.73,through:43,tt:0.34,num_interact:645,Intrvl:15,num_users:689,errors:0
rt:8.91,through:37.6,tt:0.36,num_interact:564,Intrvl:15,num_users:784,errors:0
rt:10.36,through:19.93,tt:0.33,num_interact:299,Intrvl:15,num_users:760,errors:0
rt:21.62,through:21.07,tt:0.36,num_interact:316,Intrvl:15,num_users:717,errors:0
rt:8.66,through:39.4,tt:0.35,num_interact:591,Intrvl:15,num_users:680,errors:0
rt:6.29,through:41.87,tt:0.34,num_interact:628,Intrvl:15,num_users:643,errors:0
rt:6.79,through:41.4,tt:0.35,num_interact:621,Intrvl:15,num_users:716,errors:0
rt:8.73,through:42.47,tt:0.38,num_interact:725,Intrvl:15,num_users:773,errors:0
rt:23.27,through:22.87,tt:0.33,num_interact:348,Intrvl:15,num_users:708,errors:0
rt:9.68,through:39.27,tt:0.36,num_interact:589,Intrvl:15,num_users:737,errors:0
rt:7.94,through:40.33,tt:0.37,num_interact:605,Intrvl:15,num_users:720,errors:0
rt:9.56,through:16.73,tt:0.39,num_interact:251,Intrvl:15,num_users:789,errors:0
rt:22.37,through:2.2,tt:0.24,num_interact:33,Intrvl:15,num_users:683,errors:0
rt:25.51,through:29.33,tt:0.35,num_interact:440,Intrvl:15,num_users:685,errors:0
rt:8.44,through:38.07,tt:0.36,num_interact:571,Intrvl:15,num_users:708,errors:0
rt:7.75,through:40.93,tt:0.35,num_interact:614,Intrvl:15,num_users:719,errors:0
rt:7.99,through:41.33,tt:0.36,num_interact:620,Intrvl:15,num_users:714,errors:0
rt:8.42,through:64.07,tt:0.36,num_interact:961,Intrvl:15,num_users:758,errors:0
rt:8.35,through:29.87,tt:0.36,num_interact:527,Intrvl:15,num_users:760,errors:0
rt:111.96,through:17.27,tt:0.39,num_interact:259,Intrvl:15,num_users:737,errors:0
rt:30.18,through:6,tt:0.35,num_interact:105,Intrvl:15,num_users:828,errors:0
rt:54.28,through:0.4,tt:0.17,num_interact:6,Intrvl:15,num_users:730,errors:0
rt:255.43,through:7.87,tt:0.32,num_interact:118,Intrvl:15,num_users:744,errors:0
rt:130.6,through:23.27,tt:0.32,num_interact:349,Intrvl:15,num_users:779,errors:0
rt:23.54,through:6.67,tt:0.34,num_interact:100,Intrvl:15,num_users:684,errors:0
rt:15.08,through:10.27,tt:0.36,num_interact:166,Intrvl:15,num_users:663,errors:0
rt:9.34,through:55.67,tt:0.34,num_interact:835,Intrvl:15,num_users:764,errors:0
rt:33.89,through:11,tt:0.39,num_interact:165,Intrvl:15,num_users:695,errors:0
rt:25.11,through:11.8,tt:0.33,num_interact:177,Intrvl:15,num_users:656,errors:0
rt:1.49,through:61.2,tt:0.35,num_interact:1009,Intrvl:15,num_users:640,errors:0
rt:2.59,through:27.87,tt:0.39,num_interact:418,Intrvl:15,num_users:699,errors:0
rt:18.86,through:1.93,tt:0.38,num_interact:29,Intrvl:15,num_users:723,errors:0
rt:31.58,through:27.33,tt:0.36,num_interact:410,Intrvl:15,num_users:744,errors:0
rt:71.72,through:30.13,tt:0.34,num_interact:477,Intrvl:15,num_users:783,errors:0
rt:4.59,through:23.87,tt:0.35,num_interact:358,Intrvl:15,num_users:693,errors:0
rt:0.15,through:41.87,tt:0.35,num_interact:628,Intrvl:15,num_users:652,errors:0
rt:3,through:17.2,tt:0.39,num_interact:258,Intrvl:15,num_users:703,errors:0
rt:5.52,through:11.4,tt:0.32,num_interact:171,Intrvl:15,num_users:705,errors:0
rt:0.23,through:34.6,tt:0.36,num_interact:519,Intrvl:15,num_users:603,errors:0
rt:3.69,through:2.73,tt:0.39,num_interact:41,Intrvl:15,num_users:765,errors:0
rt:22.14,through:1.8,tt:0.72,num_interact:27,Intrvl:15,num_users:692,errors:0
rt:3.78,through:35.07,tt:0.36,num_interact:526,Intrvl:15,num_users:647,errors:0
rt:1.18,through:46.4,tt:0.35,num_interact:696,Intrvl:15,num_users:661,errors:0
rt:1.81,through:40.2,tt:0.38,num_interact:603,Intrvl:15,num_users:679,errors:0
rt:2.19,through:37.33,tt:0.34,num_interact:560,Intrvl:15,num_users:685,errors:0
rt:10.1,through:56.33,tt:0.37,num_interact:845,Intrvl:15,num_users:736,errors:0
rt:9.37,through:11.33,tt:0.34,num_interact:170,Intrvl:15,num_users:676,errors:0
rt:5.17,through:29.13,tt:0.35,num_interact:437,Intrvl:15,num_users:711,errors:0
rt:1.8,through:44.27,tt:0.33,num_interact:664,Intrvl:15,num_users:625,errors:0
rt:0.56,through:45.27,tt:0.36,num_interact:679,Intrvl:15,num_users:631,errors:0
rt:2.44,through:32.6,tt:0.36,num_interact:489,Intrvl:15,num_users:686,errors:0
rt:0.95,through:43.47,tt:0.34,num_interact:652,Intrvl:15,num_users:645,errors:0
rt:4.63,through:20.47,tt:0.38,num_interact:307,Intrvl:15,num_users:702,errors:0
rt:1.99,through:37.07,tt:0.35,num_interact:564,Intrvl:15,num_users:678,errors:0
rt:1.73,through:42.87,tt:0.35,num_interact:643,Intrvl:15,num_users:671,errors:0
rt:1.21,through:46.2,tt:0.37,num_interact:693,Intrvl:15,num_users:662,errors:0
rt:3.54,through:13.2,tt:0.39,num_interact:198,Intrvl:15,num_users:708,errors:0
rt:25.9,through:6.53,tt:0.44,num_interact:98,Intrvl:15,num_users:736,errors:0
rt:63.28,through:13.4,tt:0.37,num_interact:201,Intrvl:15,num_users:759,errors:0
rt:3.35,through:23.8,tt:0.38,num_interact:357,Intrvl:15,num_users:714,errors:0
rt:0.25,through:44.53,tt:0.36,num_interact:670,Intrvl:15,num_users:666,errors:0
rt:3.11,through:8.67,tt:0.38,num_interact:130,Intrvl:15,num_users:743,errors:0
rt:30.99,through:23.53,tt:0.4,num_interact:399,Intrvl:15,num_users:803,errors:0
rt:14.36,through:11.8,tt:0.32,num_interact:177,Intrvl:15,num_users:747,errors:0
rt:4.83,through:12.2,tt:0.41,num_interact:183,Intrvl:15,num_users:728,errors:0
rt:2.24,through:16.2,tt:0.34,num_interact:243,Intrvl:15,num_users:724,errors:0
rt:1.04,through:31.13,tt:0.33,num_interact:485,Intrvl:15,num_users:708,errors:0
rt:0.1,through:36.07,tt:0.35,num_interact:541,Intrvl:15,num_users:666,errors:0
rt:3.08,through:14.13,tt:0.35,num_interact:212,Intrvl:15,num_users:729,errors:0
rt:0.36,through:40.53,tt:0.35,num_interact:612,Intrvl:15,num_users:671,errors:0
rt:0.06,through:25.13,tt:0.33,num_interact:377,Intrvl:15,num_users:654,errors:0
rt:0.04,through:11.4,tt:0.4,num_interact:171,Intrvl:15,num_users:632,errors:0
rt:0.06,through:27.13,tt:0.34,num_interact:407,Intrvl:15,num_users:638,errors:0
rt:3.27,through:14.13,tt:0.36,num_interact:212,Intrvl:15,num_users:706,errors:0
rt:14.13,through:3.47,tt:0.33,num_interact:93,Intrvl:15,num_users:739,errors:0
rt:12.08,through:12.73,tt:0.36,num_interact:191,Intrvl:15,num_users:707,errors:0
rt:5.86,through:9.4,tt:0.39,num_interact:141,Intrvl:15,num_users:723,errors:0
rt:8.6,through:3.67,tt:0.4,num_interact:55,Intrvl:15,num_users:722,errors:0
rt:17.28,through:37.27,tt:0.39,num_interact:559,Intrvl:15,num_users:741,errors:0
rt:33.34,through:28.2,tt:0.35,num_interact:451,Intrvl:15,num_users:799,errors:0
rt:39.76,through:0.93,tt:0.39,num_interact:14,Intrvl:15,num_users:773,errors:0
rt:23.47,through:1.67,tt:0.42,num_interact:25,Intrvl:15,num_users:769,errors:0
rt:0.26,through:17.53,tt:0.34,num_interact:263,Intrvl:15,num_users:701,errors:0
rt:0.05,through:17.93,tt:0.34,num_interact:269,Intrvl:15,num_users:695,errors:0
rt:3.97,through:6.27,tt:0.43,num_interact:94,Intrvl:15,num_users:762,errors:0
rt:6.46,through:12.93,tt:0.34,num_interact:194,Intrvl:15,num_users:730,errors:0
rt:0.08,through:10.47,tt:0.34,num_interact:157,Intrvl:15,num_users:665,errors:0
rt:1.69,through:21.07,tt:0.38,num_interact:316,Intrvl:15,num_users:709,errors:0
rt:0.07,through:12.4,tt:0.36,num_interact:186,Intrvl:15,num_users:666,errors:0
rt:3.09,through:5.2,tt:0.38,num_interact:78,Intrvl:15,num_users:733,errors:0
rt:16.58,through:8.07,tt:0.4,num_interact:121,Intrvl:15,num_users:738,errors:0
rt:1.56,through:32.2,tt:0.34,num_interact:483,Intrvl:15,num_users:699,errors:0
rt:0.97,through:29.13,tt:0.36,num_interact:437,Intrvl:15,num_users:701,errors:0
rt:0.06,through:2,tt:0.49,num_interact:30,Intrvl:15,num_users:644,errors:0
rt:0.17,through:44.27,tt:0.34,num_interact:664,Intrvl:15,num_users:666,errors:0
rt:3.62,through:9.2,tt:0.4,num_interact:138,Intrvl:15,num_users:719,errors:0
rt:12.48,through:5.2,tt:0.42,num_interact:78,Intrvl:15,num_users:739,errors:0
rt:16.85,through:4,tt:0.33,num_interact:60,Intrvl:15,num_users:729,errors:0
rt:34.14,through:20.67,tt:0.36,num_interact:310,Intrvl:15,num_users:760,errors:0
rt:?,through:0,tt:?,num_interact:0,Intrvl:15,num_users:592,errors:0
rt:0.04,through:10.93,tt:0.31,num_interact:164,Intrvl:15,num_users:596,errors:0
rt:5.38,through:6.47,tt:0.34,num_interact:97,Intrvl:15,num_users:734,errors:0
rt:62,through:18.07,tt:0.44,num_interact:271,Intrvl:15,num_users:765,errors:0
rt:60.1,through:5.87,tt:0.32,num_interact:88,Intrvl:15,num_users:792,errors:0
rt:11.42,through:14.4,tt:0.36,num_interact:216,Intrvl:15,num_users:723,errors:0
rt:3.94,through:10,tt:0.35,num_interact:150,Intrvl:15,num_users:720,errors:0
rt:8.08,through:3.93,tt:0.42,num_interact:59,Intrvl:15,num_users:744,errors:0
rt:10.96,through:0.67,tt:0.24,num_interact:10,Intrvl:15,num_users:756,errors:0
rt:4.42,through:23.47,tt:0.33,num_interact:352,Intrvl:15,num_users:715,errors:0
rt:0.51,through:37.67,tt:0.37,num_interact:565,Intrvl:15,num_users:690,errors:0
rt:0.25,through:44.73,tt:0.37,num_interact:671,Intrvl:15,num_users:678,errors:0
rt:0.05,through:17.27,tt:0.3,num_interact:259,Intrvl:15,num_users:612,errors:0
rt:1.93,through:32.33,tt:0.36,num_interact:485,Intrvl:15,num_users:688,errors:0
rt:3.8,through:12.6,tt:0.37,num_interact:189,Intrvl:15,num_users:701,errors:0
rt:18.02,through:21.6,tt:0.37,num_interact:324,Intrvl:15,num_users:751,errors:0
rt:27.09,through:11.33,tt:0.37,num_interact:170,Intrvl:15,num_users:704,errors:0
rt:34.36,through:8.4,tt:0.39,num_interact:126,Intrvl:15,num_users:780,errors:0
rt:2.75,through:41.67,tt:0.38,num_interact:625,Intrvl:15,num_users:654,errors:0
rt:4.43,through:8.6,tt:0.41,num_interact:129,Intrvl:15,num_users:725,errors:0
rt:19.78,through:2.6,tt:0.54,num_interact:39,Intrvl:15,num_users:738,errors:0
rt:27.83,through:2.27,tt:0.54,num_interact:34,Intrvl:15,num_users:729,errors:0
rt:41.45,through:31.6,tt:0.35,num_interact:474,Intrvl:15,num_users:767,errors:0
rt:1.88,through:20.8,tt:0.36,num_interact:312,Intrvl:15,num_users:724,errors:0
rt:6.12,through:38.47,tt:0.37,num_interact:577,Intrvl:15,num_users:784,errors:0
rt:9.01,through:6.73,tt:0.31,num_interact:101,Intrvl:15,num_users:751,errors:0
rt:4.08,through:1.73,tt:0.39,num_interact:26,Intrvl:15,num_users:779,errors:0
rt:15.9,through:1.53,tt:0.32,num_interact:23,Intrvl:15,num_users:799,errors:0
rt:?,through:0,tt:?,num_interact:0,Intrvl:15,num_users:780,errors:0
rt:?,through:0,tt:?,num_interact:0,Intrvl:15,num_users:750,errors:0
rt:4.02,through:4.27,tt:0.46,num_interact:64,Intrvl:15,num_users:799,errors:0
rt:?,through:0,tt:?,num_interact:0,Intrvl:15,num_users:716,errors:0
rt:3.13,through:4.53,tt:0.44,num_interact:68,Intrvl:15,num_users:769,errors:0
rt:2.15,through:13,tt:0.34,num_interact:195,Intrvl:15,num_users:738,errors:0
rt:0.86,through:0.07,tt:0.19,num_interact:1,Intrvl:15,num_users:656,errors:0
rt:1.52,through:23.6,tt:0.37,num_interact:354,Intrvl:15,num_users:707,errors:0
rt:0.35,through:43.6,tt:0.33,num_interact:658,Intrvl:15,num_users:683,errors:0
rt:0.54,through:1.33,tt:0.4,num_interact:61,Intrvl:15,num_users:821,errors:0
rt:69.79,through:0.87,tt:0.69,num_interact:13,Intrvl:15,num_users:830,errors:0
rt:1.07,through:9.8,tt:0.37,num_interact:147,Intrvl:15,num_users:731,errors:0
rt:0.61,through:22.53,tt:0.32,num_interact:338,Intrvl:15,num_users:749,errors:0
rt:0.96,through:20.67,tt:0.35,num_interact:310,Intrvl:15,num_users:753,errors:0
rt:1.46,through:16.73,tt:0.34,num_interact:251,Intrvl:15,num_users:758,errors:0
rt:2.3,through:14.47,tt:0.35,num_interact:217,Intrvl:15,num_users:764,errors:0
rt:5.49,through:9.13,tt:0.4,num_interact:155,Intrvl:15,num_users:798,errors:0
rt:0.04,through:3,tt:0.29,num_interact:45,Intrvl:15,num_users:668,errors:0
rt:5.67,through:1.93,tt:0.29,num_interact:29,Intrvl:15,num_users:769,errors:0
rt:22.28,through:3.47,tt:0.4,num_interact:52,Intrvl:15,num_users:819,errors:0
rt:25.57,through:0.87,tt:0.35,num_interact:13,Intrvl:15,num_users:776,errors:0
rt:45.34,through:3.27,tt:0.55,num_interact:49,Intrvl:15,num_users:825,errors:0
rt:18.94,through:0.53,tt:0.54,num_interact:8,Intrvl:15,num_users:795,errors:0
rt:0.73,through:15.2,tt:0.34,num_interact:228,Intrvl:15,num_users:757,errors:0
rt:2.58,through:2.07,tt:0.33,num_interact:31,Intrvl:15,num_users:788,errors:0
rt:?,through:0,tt:?,num_interact:0,Intrvl:15,num_users:854,errors:0
rt:?,through:0,tt:?,num_interact:0,Intrvl:15,num_users:689,errors:0
rt:5.63,through:5.33,tt:0.4,num_interact:80,Intrvl:15,num_users:775,errors:0
rt:0.38,through:10.8,tt:0.32,num_interact:162,Intrvl:15,num_users:693,errors:0
rt:?,through:0,tt:?,num_interact:0,Intrvl:15,num_users:669,errors:0
rt:0.56,through:35.8,tt:0.32,num_interact:537,Intrvl:15,num_users:702,errors:0
rt:2.61,through:2.93,tt:0.28,num_interact:44,Intrvl:15,num_users:769,errors:0
rt:9.15,through:8.47,tt:0.38,num_interact:129,Intrvl:15,num_users:724,errors:0
rt:8.09,through:19.53,tt:0.36,num_interact:293,Intrvl:15,num_users:743,errors:0
rt:17.01,through:28.33,tt:0.41,num_interact:425,Intrvl:15,num_users:834,errors:0
rt:?,through:0,tt:?,num_interact:0,Intrvl:15,num_users:768,errors:0
rt:?,through:0,tt:?,num_interact:0,Intrvl:15,num_users:842,errors:0
rt:?,through:0,tt:?,num_interact:0,Intrvl:15,num_users:789,errors:0
rt:?,through:0,tt:?,num_interact:0,Intrvl:15,num_users:846,errors:0
rt:?,through:0,tt:?,num_interact:0,Intrvl:15,num_users:801,errors:0
rt:?,through:0,tt:?,num_interact:0,Intrvl:15,num_users:818,errors:0
rt:?,through:0,tt:?,num_interact:0,Intrvl:15,num_users:811,errors:0
rt:?,through:0,tt:?,num_interact:0,Intrvl:15,num_users:764,errors:0
rt:?,through:0,tt:?,num_interact:0,Intrvl:15,num_users:733,errors:0
rt:2.51,through:6.2,tt:0.34,num_interact:93,Intrvl:15,num_users:759,errors:0
rt:5.08,through:0.27,tt:0.31,num_interact:4,Intrvl:15,num_users:697,errors:0
rt:0.3,through:1.2,tt:0.16,num_interact:18,Intrvl:15,num_users:779,errors:0
rt:16,through:3.73,tt:0.46,num_interact:57,Intrvl:15,num_users:756,errors:0
rt:0.77,through:22.67,tt:0.35,num_interact:340,Intrvl:15,num_users:730,errors:0
rt:4.66,through:4.33,tt:0.31,num_interact:65,Intrvl:15,num_users:765,errors:0
rt:4.54,through:9.93,tt:0.39,num_interact:149,Intrvl:15,num_users:746,errors:0
rt:12.53,through:2.27,tt:0.28,num_interact:34,Intrvl:15,num_users:888,errors:0
rt:?,through:0,tt:?,num_interact:0,Intrvl:15,num_users:801,errors:0
rt:?,through:0,tt:?,num_interact:0,Intrvl:15,num_users:772,errors:0
rt:0.97,through:0.73,tt:0.1,num_interact:11,Intrvl:15,num_users:831,errors:0
rt:6.09,through:0.8,tt:0.28,num_interact:12,Intrvl:15,num_users:818,errors:0
rt:?,through:0,tt:?,num_interact:0,Intrvl:15,num_users:836,errors:0
rt:?,through:0,tt:?,num_interact:0,Intrvl:15,num_users:811,errors:0
rt:?,through:0,tt:?,num_interact:0,Intrvl:15,num_users:760,errors:0
rt:0.06,through:7.53,tt:0.32,num_interact:113,Intrvl:15,num_users:763,errors:0
rt:2.39,through:2.13,tt:0.34,num_interact:32,Intrvl:15,num_users:792,errors:0
rt:6.41,through:3,tt:0.43,num_interact:45,Intrvl:15,num_users:795,errors:0
