Remote Browser Emulator for TPC-W.
  ECE 902  Fall '99
  Version 1.5
System's current path is /root/loadtest
rt:0.06,through:2.27,tt:0.38,num_interact:34,Intrvl:15,num_users:1,errors:0
rt:0.25,through:33.6,tt:0.33,num_interact:504,Intrvl:15,num_users:20,errors:0
rt:2.7,through:23.07,tt:0.4,num_interact:346,Intrvl:15,num_users:80,errors:0
rt:3.21,through:39.67,tt:0.37,num_interact:595,Intrvl:15,num_users:120,errors:0
rt:5.14,through:23.87,tt:0.36,num_interact:358,Intrvl:15,num_users:180,errors:0
rt:9.44,through:20.8,tt:0.36,num_interact:312,Intrvl:15,num_users:240,errors:0
rt:13.1,through:21.13,tt:0.36,num_interact:317,Intrvl:15,num_users:280,errors:0
rt:10.69,through:49.67,tt:0.34,num_interact:745,Intrvl:15,num_users:310,errors:0
rt:8.52,through:57.07,tt:0.35,num_interact:856,Intrvl:15,num_users:340,errors:0
rt:8.61,through:72.6,tt:0.36,num_interact:1089,Intrvl:15,num_users:370,errors:0
rt:7.75,through:48.07,tt:0.35,num_interact:721,Intrvl:15,num_users:399,errors:0
rt:11.91,through:80.07,tt:0.35,num_interact:1201,Intrvl:15,num_users:412,errors:0
rt:13.58,through:35.73,tt:0.36,num_interact:536,Intrvl:15,num_users:419,errors:0
rt:9.43,through:36.93,tt:0.35,num_interact:555,Intrvl:15,num_users:401,errors:0
rt:10.92,through:33.07,tt:0.39,num_interact:504,Intrvl:15,num_users:380,errors:0
rt:9.94,through:92.27,tt:0.35,num_interact:1423,Intrvl:15,num_users:430,errors:0
rt:9.55,through:39.33,tt:0.35,num_interact:590,Intrvl:15,num_users:408,errors:0
rt:11.19,through:66.47,tt:0.36,num_interact:997,Intrvl:15,num_users:468,errors:0
rt:10.8,through:39,tt:0.33,num_interact:585,Intrvl:15,num_users:392,errors:0
rt:10.87,through:155.13,tt:0.36,num_interact:2427,Intrvl:15,num_users:425,errors:0
rt:10.56,through:32.8,tt:0.35,num_interact:492,Intrvl:15,num_users:407,errors:0
rt:10.16,through:39.53,tt:0.35,num_interact:886,Intrvl:15,num_users:400,errors:0
rt:13.47,through:30.53,tt:0.36,num_interact:458,Intrvl:15,num_users:385,errors:0
rt:10.44,through:59.27,tt:0.34,num_interact:889,Intrvl:15,num_users:413,errors:0
rt:8.8,through:30.2,tt:0.36,num_interact:453,Intrvl:15,num_users:433,errors:0
rt:11.1,through:39.8,tt:0.34,num_interact:714,Intrvl:15,num_users:403,errors:0
rt:10.95,through:41.07,tt:0.34,num_interact:616,Intrvl:15,num_users:398,errors:0
rt:6.73,through:35.13,tt:0.35,num_interact:527,Intrvl:15,num_users:392,errors:0
rt:10.77,through:69.2,tt:0.36,num_interact:1038,Intrvl:15,num_users:427,errors:0
rt:10.45,through:40.53,tt:0.36,num_interact:608,Intrvl:15,num_users:370,errors:0
rt:9.82,through:42,tt:0.38,num_interact:630,Intrvl:15,num_users:376,errors:0
rt:8.35,through:35.4,tt:0.36,num_interact:531,Intrvl:15,num_users:365,errors:0
rt:9.32,through:41.73,tt:0.36,num_interact:626,Intrvl:15,num_users:408,errors:0
rt:9.11,through:44,tt:0.35,num_interact:661,Intrvl:15,num_users:387,errors:0
rt:8.37,through:32.07,tt:0.39,num_interact:481,Intrvl:15,num_users:430,errors:0
rt:16.46,through:91.07,tt:0.34,num_interact:1458,Intrvl:15,num_users:454,errors:0
rt:8.95,through:38.13,tt:0.35,num_interact:572,Intrvl:15,num_users:378,errors:0
rt:10.23,through:41,tt:0.38,num_interact:615,Intrvl:15,num_users:409,errors:0
rt:7.82,through:33.53,tt:0.32,num_interact:503,Intrvl:15,num_users:431,errors:0
rt:12.02,through:42.93,tt:0.35,num_interact:648,Intrvl:15,num_users:401,errors:0
rt:9.66,through:41.13,tt:0.36,num_interact:617,Intrvl:15,num_users:395,errors:0
rt:9.22,through:43,tt:0.35,num_interact:645,Intrvl:15,num_users:376,errors:0
rt:7.02,through:40.2,tt:0.36,num_interact:603,Intrvl:15,num_users:327,errors:0
rt:7.9,through:57.27,tt:0.36,num_interact:859,Intrvl:15,num_users:409,errors:0
rt:9.57,through:41.53,tt:0.36,num_interact:623,Intrvl:15,num_users:377,errors:0
rt:8.13,through:40,tt:0.32,num_interact:600,Intrvl:15,num_users:414,errors:0
rt:10.26,through:39.73,tt:0.35,num_interact:596,Intrvl:15,num_users:387,errors:0
rt:8.38,through:38.93,tt:0.34,num_interact:584,Intrvl:15,num_users:407,errors:0
rt:10.06,through:41.4,tt:0.35,num_interact:632,Intrvl:15,num_users:452,errors:0
rt:9.77,through:38.4,tt:0.34,num_interact:686,Intrvl:15,num_users:393,errors:0
rt:9.62,through:65.07,tt:0.35,num_interact:1312,Intrvl:15,num_users:414,errors:0
rt:9.83,through:44.4,tt:0.33,num_interact:666,Intrvl:15,num_users:434,errors:0
rt:14.57,through:30.27,tt:0.37,num_interact:454,Intrvl:15,num_users:431,errors:0
rt:9.75,through:55.07,tt:0.35,num_interact:833,Intrvl:15,num_users:353,errors:0
rt:7.58,through:41.13,tt:0.34,num_interact:617,Intrvl:15,num_users:329,errors:0
rt:8.13,through:81.8,tt:0.37,num_interact:1227,Intrvl:15,num_users:390,errors:0
rt:8.66,through:37.2,tt:0.36,num_interact:558,Intrvl:15,num_users:393,errors:0
rt:9.64,through:42.2,tt:0.34,num_interact:633,Intrvl:15,num_users:377,errors:0
rt:9.47,through:43,tt:0.35,num_interact:645,Intrvl:15,num_users:396,errors:0
rt:8.13,through:30.67,tt:0.36,num_interact:460,Intrvl:15,num_users:469,errors:0
rt:12.64,through:40.8,tt:0.35,num_interact:612,Intrvl:15,num_users:398,errors:0
rt:10.06,through:37.07,tt:0.34,num_interact:556,Intrvl:15,num_users:413,errors:0
rt:11.62,through:32.87,tt:0.36,num_interact:493,Intrvl:15,num_users:426,errors:0
rt:11.31,through:43.87,tt:0.35,num_interact:658,Intrvl:15,num_users:429,errors:0
rt:9.5,through:37.47,tt:0.33,num_interact:784,Intrvl:15,num_users:425,errors:0
rt:10.02,through:38,tt:0.34,num_interact:570,Intrvl:15,num_users:451,errors:0
rt:16.03,through:15.13,tt:0.37,num_interact:227,Intrvl:15,num_users:428,errors:0
rt:67.6,through:31.93,tt:0.33,num_interact:479,Intrvl:15,num_users:436,errors:0
rt:156.06,through:1.8,tt:0.46,num_interact:27,Intrvl:15,num_users:398,errors:0
rt:125.21,through:2.87,tt:0.39,num_interact:43,Intrvl:15,num_users:368,errors:0
rt:125.76,through:2.93,tt:0.47,num_interact:44,Intrvl:15,num_users:369,errors:0
rt:57.96,through:66.73,tt:0.38,num_interact:1258,Intrvl:15,num_users:615,errors:0
rt:402,through:137,tt:0.34,num_interact:2055,Intrvl:15,num_users:660,errors:114
rt:101.49,through:37.4,tt:0.34,num_interact:561,Intrvl:15,num_users:466,errors:0
rt:11.61,through:18.27,tt:0.34,num_interact:274,Intrvl:15,num_users:599,errors:0
rt:327.71,through:82.53,tt:0.35,num_interact:1238,Intrvl:15,num_users:605,errors:5
rt:29.62,through:24.27,tt:0.34,num_interact:364,Intrvl:15,num_users:587,errors:0
rt:13.16,through:31.53,tt:0.33,num_interact:473,Intrvl:15,num_users:554,errors:0
rt:15.55,through:3,tt:0.28,num_interact:45,Intrvl:15,num_users:640,errors:0
rt:32.09,through:2,tt:0.42,num_interact:30,Intrvl:15,num_users:626,errors:0
rt:46.81,through:2.13,tt:0.24,num_interact:32,Intrvl:15,num_users:631,errors:0
rt:60.99,through:1.87,tt:0.2,num_interact:28,Intrvl:15,num_users:606,errors:0
rt:79.24,through:1.93,tt:0.36,num_interact:29,Intrvl:15,num_users:614,errors:0
rt:274.91,through:44.8,tt:0.36,num_interact:672,Intrvl:15,num_users:672,errors:8
rt:385.92,through:1.33,tt:0.28,num_interact:20,Intrvl:15,num_users:636,errors:0
rt:324.21,through:2,tt:0.34,num_interact:30,Intrvl:15,num_users:536,errors:1
rt:342.54,through:1.8,tt:0.37,num_interact:27,Intrvl:15,num_users:536,errors:0
rt:307.87,through:0.93,tt:0.28,num_interact:14,Intrvl:15,num_users:551,errors:1
rt:286.44,through:2.07,tt:0.29,num_interact:31,Intrvl:15,num_users:555,errors:4
rt:192.8,through:21.33,tt:0.39,num_interact:320,Intrvl:15,num_users:560,errors:3
rt:108.56,through:73.07,tt:0.36,num_interact:1096,Intrvl:15,num_users:618,errors:1
rt:8.53,through:64.4,tt:0.36,num_interact:1008,Intrvl:15,num_users:632,errors:0
rt:10.31,through:34.67,tt:0.34,num_interact:520,Intrvl:15,num_users:632,errors:0
rt:9.52,through:39,tt:0.34,num_interact:585,Intrvl:15,num_users:611,errors:0
rt:7.39,through:39.47,tt:0.36,num_interact:592,Intrvl:15,num_users:561,errors:0
rt:9.38,through:33.53,tt:0.38,num_interact:503,Intrvl:15,num_users:629,errors:0
rt:8.27,through:37.8,tt:0.34,num_interact:567,Intrvl:15,num_users:583,errors:0
rt:8.09,through:56.4,tt:0.36,num_interact:846,Intrvl:15,num_users:586,errors:0
rt:10.71,through:11.13,tt:0.35,num_interact:167,Intrvl:15,num_users:629,errors:0
rt:27.09,through:2.27,tt:0.31,num_interact:34,Intrvl:15,num_users:610,errors:0
rt:82.01,through:5.33,tt:0.31,num_interact:80,Intrvl:15,num_users:633,errors:0
rt:139.2,through:2.6,tt:0.4,num_interact:39,Intrvl:15,num_users:643,errors:0
rt:157.59,through:2.6,tt:0.4,num_interact:39,Intrvl:15,num_users:620,errors:0
rt:164.63,through:2.53,tt:0.36,num_interact:38,Intrvl:15,num_users:583,errors:0
rt:146.9,through:0.87,tt:0.36,num_interact:13,Intrvl:15,num_users:603,errors:0
rt:135.26,through:2.2,tt:0.34,num_interact:190,Intrvl:15,num_users:508,errors:0
rt:28.95,through:42.27,tt:0.34,num_interact:680,Intrvl:15,num_users:570,errors:0
rt:25.4,through:67.93,tt:0.37,num_interact:1019,Intrvl:15,num_users:725,errors:0
rt:10.43,through:37.47,tt:0.37,num_interact:605,Intrvl:15,num_users:627,errors:0
rt:94.01,through:82.2,tt:0.35,num_interact:1233,Intrvl:15,num_users:668,errors:0
rt:7.49,through:35.87,tt:0.35,num_interact:538,Intrvl:15,num_users:580,errors:0
rt:5.32,through:43,tt:0.35,num_interact:741,Intrvl:15,num_users:534,errors:0
rt:5.25,through:77.13,tt:0.35,num_interact:1157,Intrvl:15,num_users:594,errors:0
rt:6.48,through:40.13,tt:0.33,num_interact:602,Intrvl:15,num_users:619,errors:0
rt:7.24,through:37.4,tt:0.37,num_interact:561,Intrvl:15,num_users:608,errors:0
rt:7.28,through:44.33,tt:0.35,num_interact:665,Intrvl:15,num_users:616,errors:0
rt:3.23,through:48.07,tt:0.37,num_interact:721,Intrvl:15,num_users:452,errors:0
rt:5.98,through:30.53,tt:0.39,num_interact:458,Intrvl:15,num_users:652,errors:0
rt:15.9,through:26.8,tt:0.39,num_interact:402,Intrvl:15,num_users:655,errors:0
rt:8.9,through:16.6,tt:0.31,num_interact:249,Intrvl:15,num_users:617,errors:0
rt:19.94,through:1.27,tt:0.29,num_interact:19,Intrvl:15,num_users:645,errors:0
rt:114.01,through:20.67,tt:0.38,num_interact:310,Intrvl:15,num_users:711,errors:0
rt:220.6,through:1.47,tt:0.4,num_interact:22,Intrvl:15,num_users:706,errors:0
rt:112.86,through:1.13,tt:0.46,num_interact:17,Intrvl:15,num_users:637,errors:0
rt:197.33,through:42.8,tt:0.35,num_interact:642,Intrvl:15,num_users:734,errors:8
rt:24.94,through:2,tt:0.24,num_interact:30,Intrvl:15,num_users:676,errors:0
rt:42.45,through:1.47,tt:0.4,num_interact:22,Intrvl:15,num_users:670,errors:0
rt:77.82,through:1.33,tt:0.35,num_interact:20,Intrvl:15,num_users:535,errors:0
rt:70.29,through:0.6,tt:0.37,num_interact:187,Intrvl:15,num_users:539,errors:0
rt:20.91,through:39.6,tt:0.34,num_interact:594,Intrvl:15,num_users:458,errors:0
rt:5.37,through:36.2,tt:0.35,num_interact:543,Intrvl:15,num_users:525,errors:0
rt:5.96,through:58.87,tt:0.35,num_interact:883,Intrvl:15,num_users:734,errors:0
rt:13.4,through:34.4,tt:0.4,num_interact:516,Intrvl:15,num_users:679,errors:0
rt:10.19,through:38.2,tt:0.33,num_interact:573,Intrvl:15,num_users:630,errors:0
rt:8.54,through:16.27,tt:0.39,num_interact:244,Intrvl:15,num_users:745,errors:0
rt:24.08,through:1.73,tt:0.4,num_interact:26,Intrvl:15,num_users:608,errors:0
rt:202.32,through:95.4,tt:0.37,num_interact:1431,Intrvl:15,num_users:702,errors:18
rt:229.75,through:16.2,tt:0.33,num_interact:243,Intrvl:15,num_users:710,errors:3
rt:219.72,through:37.13,tt:0.37,num_interact:557,Intrvl:15,num_users:761,errors:24
rt:131.64,through:0.53,tt:0.17,num_interact:8,Intrvl:15,num_users:679,errors:0
rt:150.99,through:1.47,tt:0.35,num_interact:22,Intrvl:15,num_users:664,errors:0
rt:138.82,through:2.47,tt:0.32,num_interact:37,Intrvl:15,num_users:722,errors:1
rt:145.71,through:0.2,tt:0.29,num_interact:3,Intrvl:15,num_users:671,errors:0
rt:123.41,through:17.13,tt:0.37,num_interact:257,Intrvl:15,num_users:703,errors:0
rt:66.87,through:1.73,tt:0.35,num_interact:26,Intrvl:15,num_users:686,errors:0
rt:29.99,through:1.4,tt:0.33,num_interact:21,Intrvl:15,num_users:692,errors:0
rt:71.49,through:2.53,tt:0.35,num_interact:38,Intrvl:15,num_users:682,errors:0
rt:43.44,through:0.33,tt:0.23,num_interact:5,Intrvl:15,num_users:710,errors:0
rt:65.33,through:0.47,tt:0.33,num_interact:7,Intrvl:15,num_users:653,errors:0
rt:107.79,through:13,tt:0.36,num_interact:195,Intrvl:15,num_users:679,errors:0
rt:72.84,through:6.4,tt:0.36,num_interact:96,Intrvl:15,num_users:625,errors:0
rt:21.24,through:12.27,tt:0.37,num_interact:184,Intrvl:15,num_users:702,errors:0
rt:22.92,through:2.87,tt:0.45,num_interact:43,Intrvl:15,num_users:689,errors:0
rt:69.74,through:10.4,tt:0.45,num_interact:156,Intrvl:15,num_users:784,errors:0
rt:128.59,through:1.67,tt:0.39,num_interact:25,Intrvl:15,num_users:760,errors:0
rt:112.03,through:1.47,tt:0.46,num_interact:22,Intrvl:15,num_users:717,errors:0
rt:120.04,through:10.47,tt:0.36,num_interact:157,Intrvl:15,num_users:680,errors:0
rt:105.15,through:2.4,tt:0.34,num_interact:36,Intrvl:15,num_users:643,errors:0
rt:89.53,through:46.27,tt:0.37,num_interact:694,Intrvl:15,num_users:716,errors:0
rt:73.59,through:31.8,tt:0.35,num_interact:477,Intrvl:15,num_users:773,errors:0
rt:54.16,through:3.13,tt:0.41,num_interact:47,Intrvl:15,num_users:708,errors:0
rt:52.74,through:7.53,tt:0.38,num_interact:113,Intrvl:15,num_users:737,errors:0
rt:73.24,through:8.53,tt:0.35,num_interact:128,Intrvl:15,num_users:720,errors:0
rt:37.21,through:11.73,tt:0.36,num_interact:176,Intrvl:15,num_users:789,errors:0
rt:18.25,through:5.07,tt:0.38,num_interact:77,Intrvl:15,num_users:683,errors:0
rt:14.33,through:6.93,tt:0.36,num_interact:104,Intrvl:15,num_users:685,errors:0
rt:16.41,through:4.73,tt:0.37,num_interact:71,Intrvl:15,num_users:708,errors:0
rt:20.09,through:1.07,tt:0.38,num_interact:16,Intrvl:15,num_users:719,errors:0
rt:36.32,through:1.93,tt:0.41,num_interact:29,Intrvl:15,num_users:714,errors:0
rt:47.71,through:3.33,tt:0.31,num_interact:60,Intrvl:15,num_users:758,errors:0
rt:71.57,through:1.4,tt:0.24,num_interact:21,Intrvl:15,num_users:760,errors:0
rt:95.62,through:1.93,tt:0.42,num_interact:29,Intrvl:15,num_users:737,errors:0
rt:29.49,through:33.4,tt:0.36,num_interact:501,Intrvl:15,num_users:828,errors:0
rt:70.39,through:6.93,tt:0.31,num_interact:104,Intrvl:15,num_users:730,errors:0
rt:29.02,through:3.07,tt:0.34,num_interact:46,Intrvl:15,num_users:744,errors:0
rt:36.79,through:6.93,tt:0.36,num_interact:104,Intrvl:15,num_users:779,errors:0
rt:2.18,through:28.47,tt:0.31,num_interact:427,Intrvl:15,num_users:684,errors:0
rt:0.16,through:48.4,tt:0.35,num_interact:726,Intrvl:15,num_users:663,errors:0
rt:31.2,through:25.93,tt:0.37,num_interact:389,Intrvl:15,num_users:764,errors:0
rt:3.42,through:20.07,tt:0.34,num_interact:301,Intrvl:15,num_users:695,errors:0
rt:0.07,through:22.53,tt:0.34,num_interact:338,Intrvl:15,num_users:656,errors:0
rt:0.05,through:19.73,tt:0.36,num_interact:296,Intrvl:15,num_users:640,errors:0
rt:3.03,through:12.4,tt:0.4,num_interact:186,Intrvl:15,num_users:699,errors:0
rt:9.45,through:10.2,tt:0.35,num_interact:153,Intrvl:15,num_users:723,errors:0
rt:10.79,through:20.93,tt:0.38,num_interact:370,Intrvl:15,num_users:744,errors:0
rt:41.23,through:22.73,tt:0.33,num_interact:341,Intrvl:15,num_users:783,errors:0
rt:1.84,through:25.87,tt:0.33,num_interact:388,Intrvl:15,num_users:693,errors:0
rt:0.05,through:11.93,tt:0.36,num_interact:179,Intrvl:15,num_users:652,errors:0
rt:2.96,through:14.67,tt:0.42,num_interact:220,Intrvl:15,num_users:703,errors:0
rt:4.11,through:10.27,tt:0.32,num_interact:154,Intrvl:15,num_users:705,errors:0
rt:?,through:0,tt:?,num_interact:0,Intrvl:15,num_users:603,errors:0
rt:3.06,through:7.27,tt:0.35,num_interact:109,Intrvl:15,num_users:765,errors:0
rt:17.23,through:5,tt:0.44,num_interact:75,Intrvl:15,num_users:692,errors:0
rt:1.85,through:39.07,tt:0.35,num_interact:602,Intrvl:15,num_users:647,errors:0
rt:0.94,through:45,tt:0.36,num_interact:675,Intrvl:15,num_users:661,errors:0
rt:2.53,through:24.13,tt:0.36,num_interact:362,Intrvl:15,num_users:679,errors:0
rt:7.53,through:8.33,tt:0.33,num_interact:125,Intrvl:15,num_users:685,errors:0
rt:13.44,through:4.4,tt:0.28,num_interact:66,Intrvl:15,num_users:736,errors:0
rt:12.85,through:7.67,tt:0.31,num_interact:115,Intrvl:15,num_users:676,errors:0
rt:9.29,through:42.13,tt:0.35,num_interact:632,Intrvl:15,num_users:711,errors:0
rt:0.25,through:50.07,tt:0.35,num_interact:751,Intrvl:15,num_users:625,errors:0
rt:0.13,through:59.4,tt:0.34,num_interact:891,Intrvl:15,num_users:631,errors:0
rt:2.53,through:13.93,tt:0.45,num_interact:209,Intrvl:15,num_users:686,errors:0
rt:0.96,through:48.47,tt:0.32,num_interact:727,Intrvl:15,num_users:645,errors:0
rt:2.7,through:13.2,tt:0.42,num_interact:198,Intrvl:15,num_users:702,errors:0
rt:6.97,through:13.87,tt:0.33,num_interact:208,Intrvl:15,num_users:678,errors:0
rt:5.1,through:14.07,tt:0.39,num_interact:211,Intrvl:15,num_users:671,errors:0
rt:1.36,through:38.27,tt:0.38,num_interact:574,Intrvl:15,num_users:662,errors:0
rt:2.34,through:16.47,tt:0.39,num_interact:247,Intrvl:15,num_users:708,errors:0
rt:36.35,through:18.13,tt:0.36,num_interact:272,Intrvl:15,num_users:736,errors:0
rt:55.98,through:5.73,tt:0.28,num_interact:86,Intrvl:15,num_users:759,errors:0
rt:20.21,through:11.67,tt:0.34,num_interact:175,Intrvl:15,num_users:714,errors:0
rt:0.47,through:46.27,tt:0.34,num_interact:694,Intrvl:15,num_users:666,errors:0
rt:5.14,through:26.6,tt:0.41,num_interact:399,Intrvl:15,num_users:743,errors:0
rt:57.16,through:12.47,tt:0.38,num_interact:187,Intrvl:15,num_users:803,errors:0
rt:52.72,through:1.87,tt:0.33,num_interact:28,Intrvl:15,num_users:747,errors:0
rt:58.96,through:3.4,tt:0.44,num_interact:51,Intrvl:15,num_users:728,errors:0
rt:27.26,through:3.4,tt:0.31,num_interact:51,Intrvl:15,num_users:724,errors:0
rt:14.75,through:5.6,tt:0.33,num_interact:84,Intrvl:15,num_users:708,errors:0
rt:0.55,through:45.07,tt:0.33,num_interact:676,Intrvl:15,num_users:666,errors:0
rt:4.34,through:14.6,tt:0.42,num_interact:219,Intrvl:15,num_users:729,errors:0
rt:0.87,through:34.27,tt:0.34,num_interact:514,Intrvl:15,num_users:671,errors:0
rt:0.12,through:47.73,tt:0.33,num_interact:716,Intrvl:15,num_users:654,errors:0
rt:0.06,through:27.4,tt:0.37,num_interact:411,Intrvl:15,num_users:632,errors:0
rt:0.07,through:42.2,tt:0.36,num_interact:633,Intrvl:15,num_users:638,errors:0
rt:2.93,through:11.47,tt:0.41,num_interact:172,Intrvl:15,num_users:706,errors:0
rt:27.07,through:56.53,tt:0.36,num_interact:848,Intrvl:15,num_users:739,errors:0
rt:19.37,through:4.4,tt:0.36,num_interact:66,Intrvl:15,num_users:707,errors:0
rt:10.63,through:12.27,tt:0.37,num_interact:184,Intrvl:15,num_users:723,errors:0
rt:11.47,through:5.4,tt:0.34,num_interact:81,Intrvl:15,num_users:722,errors:0
rt:23.08,through:2.07,tt:0.27,num_interact:31,Intrvl:15,num_users:741,errors:0
rt:38.37,through:14.13,tt:0.45,num_interact:212,Intrvl:15,num_users:799,errors:0
rt:31.94,through:0.2,tt:0.46,num_interact:3,Intrvl:15,num_users:773,errors:0
rt:35.41,through:0.33,tt:0.28,num_interact:5,Intrvl:15,num_users:769,errors:0
rt:37.17,through:4.93,tt:0.34,num_interact:74,Intrvl:15,num_users:701,errors:0
rt:2.37,through:19.27,tt:0.35,num_interact:289,Intrvl:15,num_users:695,errors:0
rt:8.95,through:17.87,tt:0.35,num_interact:322,Intrvl:15,num_users:762,errors:0
rt:26.47,through:4.53,tt:0.42,num_interact:68,Intrvl:15,num_users:730,errors:0
rt:0.65,through:47.93,tt:0.32,num_interact:719,Intrvl:15,num_users:665,errors:0
rt:3.1,through:11.33,tt:0.39,num_interact:170,Intrvl:15,num_users:709,errors:0
rt:0.35,through:43.93,tt:0.35,num_interact:660,Intrvl:15,num_users:666,errors:0
rt:6.26,through:10.73,tt:0.46,num_interact:161,Intrvl:15,num_users:733,errors:0
rt:5.43,through:7.33,tt:0.34,num_interact:110,Intrvl:15,num_users:738,errors:0
rt:5.24,through:19.67,tt:0.3,num_interact:295,Intrvl:15,num_users:699,errors:0
rt:3.06,through:12.47,tt:0.39,num_interact:187,Intrvl:15,num_users:701,errors:0
rt:0.16,through:23.27,tt:0.33,num_interact:349,Intrvl:15,num_users:644,errors:0
rt:0.24,through:49.67,tt:0.37,num_interact:745,Intrvl:15,num_users:666,errors:0
rt:4.3,through:29.93,tt:0.38,num_interact:449,Intrvl:15,num_users:719,errors:0
rt:17.65,through:22.53,tt:0.35,num_interact:338,Intrvl:15,num_users:739,errors:0
rt:10.59,through:10.13,tt:0.37,num_interact:152,Intrvl:15,num_users:729,errors:0
rt:13.49,through:1.13,tt:0.36,num_interact:17,Intrvl:15,num_users:760,errors:0
rt:?,through:0,tt:?,num_interact:0,Intrvl:15,num_users:592,errors:0
rt:0.05,through:10.47,tt:0.32,num_interact:157,Intrvl:15,num_users:596,errors:0
rt:3.25,through:8,tt:0.38,num_interact:120,Intrvl:15,num_users:734,errors:0
rt:37.32,through:18.47,tt:0.41,num_interact:277,Intrvl:15,num_users:765,errors:0
rt:48.61,through:12.33,tt:0.37,num_interact:185,Intrvl:15,num_users:792,errors:0
rt:0.85,through:24.13,tt:0.33,num_interact:362,Intrvl:15,num_users:723,errors:0
rt:0.29,through:26.6,tt:0.34,num_interact:399,Intrvl:15,num_users:720,errors:0
rt:3.21,through:8.07,tt:0.43,num_interact:121,Intrvl:15,num_users:744,errors:0
rt:7.8,through:4.73,tt:0.36,num_interact:71,Intrvl:15,num_users:756,errors:0
rt:0.56,through:27.6,tt:0.34,num_interact:414,Intrvl:15,num_users:715,errors:0
rt:0.07,through:27.4,tt:0.34,num_interact:411,Intrvl:15,num_users:690,errors:0
rt:0.05,through:17.93,tt:0.33,num_interact:269,Intrvl:15,num_users:678,errors:0
rt:0.05,through:4.67,tt:0.39,num_interact:70,Intrvl:15,num_users:612,errors:0
rt:2.73,through:18.73,tt:0.43,num_interact:281,Intrvl:15,num_users:688,errors:0
rt:10.31,through:6.27,tt:0.37,num_interact:150,Intrvl:15,num_users:701,errors:0
rt:18.65,through:13.47,tt:0.35,num_interact:202,Intrvl:15,num_users:751,errors:0
rt:40.58,through:8.13,tt:0.33,num_interact:122,Intrvl:15,num_users:704,errors:0
rt:48.61,through:9.67,tt:0.36,num_interact:145,Intrvl:15,num_users:780,errors:0
rt:2.26,through:47.47,tt:0.35,num_interact:712,Intrvl:15,num_users:654,errors:0
rt:3.56,through:7.67,tt:0.41,num_interact:115,Intrvl:15,num_users:725,errors:0
rt:35.91,through:30.2,tt:0.34,num_interact:453,Intrvl:15,num_users:738,errors:0
rt:24.54,through:3.47,tt:0.34,num_interact:52,Intrvl:15,num_users:729,errors:0
rt:27.96,through:31.6,tt:0.34,num_interact:474,Intrvl:15,num_users:767,errors:0
rt:8.55,through:12.8,tt:0.33,num_interact:192,Intrvl:15,num_users:724,errors:0
rt:38.53,through:59.93,tt:0.37,num_interact:899,Intrvl:15,num_users:784,errors:0
rt:37.53,through:0.67,tt:0.28,num_interact:10,Intrvl:15,num_users:751,errors:0
rt:32.65,through:6.87,tt:0.38,num_interact:103,Intrvl:15,num_users:779,errors:0
rt:34.03,through:2.27,tt:0.48,num_interact:34,Intrvl:15,num_users:799,errors:0
rt:?,through:0,tt:?,num_interact:0,Intrvl:15,num_users:780,errors:0
rt:?,through:0,tt:?,num_interact:0,Intrvl:15,num_users:750,errors:0
rt:3.67,through:1,tt:0.26,num_interact:15,Intrvl:15,num_users:799,errors:0
rt:?,through:0,tt:?,num_interact:0,Intrvl:15,num_users:716,errors:0
rt:3.88,through:2.8,tt:0.46,num_interact:42,Intrvl:15,num_users:769,errors:0
rt:3.02,through:10.73,tt:0.34,num_interact:161,Intrvl:15,num_users:738,errors:0
rt:1.35,through:0.07,tt:0.39,num_interact:1,Intrvl:15,num_users:656,errors:0
rt:2.8,through:12.27,tt:0.34,num_interact:184,Intrvl:15,num_users:707,errors:0
rt:0.49,through:40.2,tt:0.34,num_interact:603,Intrvl:15,num_users:683,errors:0
rt:37.94,through:11.67,tt:0.42,num_interact:175,Intrvl:15,num_users:821,errors:0
rt:?,through:0,tt:?,num_interact:0,Intrvl:15,num_users:830,errors:0
rt:?,through:0,tt:?,num_interact:0,Intrvl:15,num_users:731,errors:0
rt:1.19,through:10.47,tt:0.4,num_interact:157,Intrvl:15,num_users:749,errors:0
rt:2.3,through:7.73,tt:0.33,num_interact:116,Intrvl:15,num_users:753,errors:0
rt:3.27,through:8.27,tt:0.36,num_interact:124,Intrvl:15,num_users:758,errors:0
rt:7.21,through:3.67,tt:0.44,num_interact:55,Intrvl:15,num_users:764,errors:0
rt:11.35,through:7.6,tt:0.34,num_interact:114,Intrvl:15,num_users:798,errors:0
rt:?,through:0,tt:?,num_interact:0,Intrvl:15,num_users:668,errors:0
rt:3.98,through:5.53,tt:0.33,num_interact:83,Intrvl:15,num_users:769,errors:0
rt:56.95,through:5.33,tt:0.46,num_interact:80,Intrvl:15,num_users:819,errors:0
rt:0.88,through:7.87,tt:0.35,num_interact:118,Intrvl:15,num_users:776,errors:0
rt:1.6,through:0.67,tt:0.28,num_interact:10,Intrvl:15,num_users:825,errors:0
rt:9.72,through:3.2,tt:0.49,num_interact:48,Intrvl:15,num_users:795,errors:0
rt:0.17,through:1.8,tt:0.46,num_interact:27,Intrvl:15,num_users:757,errors:0
rt:3.88,through:3.2,tt:0.37,num_interact:48,Intrvl:15,num_users:788,errors:0
rt:15.41,through:4.6,tt:0.38,num_interact:69,Intrvl:15,num_users:854,errors:0
rt:?,through:0,tt:?,num_interact:0,Intrvl:15,num_users:689,errors:0
rt:4,through:3.47,tt:0.28,num_interact:52,Intrvl:15,num_users:775,errors:0
rt:0.5,through:10.2,tt:0.34,num_interact:153,Intrvl:15,num_users:693,errors:0
rt:0.07,through:0.07,tt:0.61,num_interact:1,Intrvl:15,num_users:669,errors:0
rt:1.05,through:22.13,tt:0.36,num_interact:332,Intrvl:15,num_users:702,errors:0
rt:2.99,through:11.53,tt:0.38,num_interact:173,Intrvl:15,num_users:769,errors:0
rt:11.75,through:6.27,tt:0.36,num_interact:135,Intrvl:15,num_users:724,errors:0
rt:13.67,through:19.6,tt:0.34,num_interact:294,Intrvl:15,num_users:743,errors:0
rt:27.03,through:15.13,tt:0.36,num_interact:227,Intrvl:15,num_users:834,errors:0
rt:18.38,through:6.6,tt:0.3,num_interact:99,Intrvl:15,num_users:768,errors:0
rt:34.26,through:0.73,tt:0.35,num_interact:11,Intrvl:15,num_users:842,errors:0
rt:?,through:0,tt:?,num_interact:0,Intrvl:15,num_users:789,errors:0
rt:0.72,through:0.07,tt:0.06,num_interact:1,Intrvl:15,num_users:846,errors:0
rt:3.19,through:0.93,tt:0.37,num_interact:14,Intrvl:15,num_users:801,errors:0
rt:?,through:0,tt:?,num_interact:0,Intrvl:15,num_users:818,errors:0
rt:?,through:0,tt:?,num_interact:0,Intrvl:15,num_users:811,errors:0
rt:?,through:0,tt:?,num_interact:0,Intrvl:15,num_users:764,errors:0
rt:?,through:0,tt:?,num_interact:0,Intrvl:15,num_users:733,errors:0
rt:2.95,through:6.2,tt:0.42,num_interact:93,Intrvl:15,num_users:759,errors:0
rt:?,through:0,tt:?,num_interact:0,Intrvl:15,num_users:697,errors:0
rt:4.36,through:4.67,tt:0.27,num_interact:70,Intrvl:15,num_users:779,errors:0
rt:16.49,through:2.73,tt:0.56,num_interact:41,Intrvl:15,num_users:756,errors:0
rt:7.14,through:7.73,tt:0.37,num_interact:116,Intrvl:15,num_users:730,errors:0
rt:7.34,through:3.67,tt:0.38,num_interact:55,Intrvl:15,num_users:765,errors:0
rt:14.65,through:3.93,tt:0.33,num_interact:59,Intrvl:15,num_users:746,errors:0
