Remote Browser Emulator for TPC-W.
  ECE 902  Fall '99
  Version 1.5
System's current path is /root/loadtest
rt:0.04,through:2.8,tt:0.32,num_interact:42,Intrvl:15,num_users:1,errors:0
rt:0.05,through:50.73,tt:0.34,num_interact:761,Intrvl:15,num_users:20,errors:0
rt:0.56,through:81.6,tt:0.39,num_interact:1224,Intrvl:15,num_users:80,errors:0
rt:1,through:90.87,tt:0.35,num_interact:1363,Intrvl:15,num_users:120,errors:0
rt:1.59,through:87.4,tt:0.36,num_interact:1311,Intrvl:15,num_users:180,errors:0
rt:2.28,through:87.73,tt:0.35,num_interact:1316,Intrvl:15,num_users:240,errors:0
rt:2.74,through:89.47,tt:0.35,num_interact:1342,Intrvl:15,num_users:280,errors:0
rt:3.1,through:87.4,tt:0.36,num_interact:1311,Intrvl:15,num_users:310,errors:0
rt:3.31,through:86,tt:0.35,num_interact:1290,Intrvl:15,num_users:340,errors:0
rt:3.96,through:88.53,tt:0.35,num_interact:1361,Intrvl:15,num_users:370,errors:0
rt:4.14,through:100.93,tt:0.36,num_interact:1514,Intrvl:15,num_users:399,errors:0
rt:4.69,through:77.67,tt:0.36,num_interact:1165,Intrvl:15,num_users:412,errors:0
rt:4.15,through:88.73,tt:0.37,num_interact:1331,Intrvl:15,num_users:419,errors:0
rt:4.24,through:94.73,tt:0.34,num_interact:1421,Intrvl:15,num_users:401,errors:0
rt:4.19,through:86.8,tt:0.35,num_interact:1302,Intrvl:15,num_users:380,errors:0
rt:4.28,through:86.13,tt:0.34,num_interact:1296,Intrvl:15,num_users:430,errors:0
rt:3.79,through:86,tt:0.35,num_interact:1290,Intrvl:15,num_users:408,errors:0
rt:5.23,through:85.07,tt:0.35,num_interact:1276,Intrvl:15,num_users:468,errors:0
rt:4.56,through:90.73,tt:0.34,num_interact:1361,Intrvl:15,num_users:392,errors:0
rt:3.99,through:82.53,tt:0.35,num_interact:1238,Intrvl:15,num_users:425,errors:0
rt:4.92,through:86,tt:0.35,num_interact:1290,Intrvl:15,num_users:407,errors:0
rt:4.23,through:83.67,tt:0.33,num_interact:1255,Intrvl:15,num_users:400,errors:0
rt:4.21,through:86.2,tt:0.34,num_interact:1293,Intrvl:15,num_users:385,errors:0
rt:4.26,through:98.53,tt:0.35,num_interact:1518,Intrvl:15,num_users:413,errors:0
rt:4.56,through:165.6,tt:0.35,num_interact:2484,Intrvl:15,num_users:433,errors:0
rt:4.29,through:85.67,tt:0.36,num_interact:1285,Intrvl:15,num_users:403,errors:0
rt:4.15,through:87.47,tt:0.35,num_interact:1324,Intrvl:15,num_users:398,errors:0
rt:4.25,through:88.73,tt:0.36,num_interact:1331,Intrvl:15,num_users:392,errors:0
rt:4.33,through:90.73,tt:0.36,num_interact:1361,Intrvl:15,num_users:427,errors:0
rt:4.24,through:86.2,tt:0.34,num_interact:1337,Intrvl:15,num_users:370,errors:0
rt:3.86,through:91.67,tt:0.36,num_interact:1382,Intrvl:15,num_users:376,errors:0
rt:3.57,through:83.47,tt:0.35,num_interact:1252,Intrvl:15,num_users:365,errors:0
rt:4.32,through:88.73,tt:0.34,num_interact:1331,Intrvl:15,num_users:408,errors:0
rt:4.28,through:90.13,tt:0.35,num_interact:1373,Intrvl:15,num_users:387,errors:0
rt:4.8,through:82.4,tt:0.33,num_interact:1236,Intrvl:15,num_users:430,errors:0
rt:4.51,through:83.33,tt:0.35,num_interact:1250,Intrvl:15,num_users:454,errors:0
rt:4.5,through:82,tt:0.35,num_interact:1230,Intrvl:15,num_users:378,errors:0
rt:4.13,through:92.93,tt:0.37,num_interact:1394,Intrvl:15,num_users:409,errors:0
rt:4.34,through:82.73,tt:0.34,num_interact:1241,Intrvl:15,num_users:431,errors:0
rt:4.27,through:87.6,tt:0.34,num_interact:1314,Intrvl:15,num_users:401,errors:0
rt:4.09,through:88.4,tt:0.33,num_interact:1338,Intrvl:15,num_users:395,errors:0
rt:4.38,through:89.93,tt:0.36,num_interact:1364,Intrvl:15,num_users:376,errors:0
rt:3.33,through:83.67,tt:0.35,num_interact:1255,Intrvl:15,num_users:327,errors:0
rt:3.92,through:82.93,tt:0.38,num_interact:1279,Intrvl:15,num_users:409,errors:0
rt:3.77,through:84.67,tt:0.35,num_interact:1270,Intrvl:15,num_users:377,errors:0
rt:4.87,through:100.73,tt:0.34,num_interact:1511,Intrvl:15,num_users:414,errors:0
rt:4.32,through:85.47,tt:0.34,num_interact:1282,Intrvl:15,num_users:387,errors:0
rt:4.38,through:91.93,tt:0.35,num_interact:1397,Intrvl:15,num_users:407,errors:0
rt:4.67,through:89.53,tt:0.37,num_interact:1355,Intrvl:15,num_users:452,errors:0
rt:4.34,through:90.13,tt:0.34,num_interact:1352,Intrvl:15,num_users:393,errors:0
rt:4.16,through:89.27,tt:0.35,num_interact:1358,Intrvl:15,num_users:414,errors:0
rt:4.59,through:88.2,tt:0.36,num_interact:1323,Intrvl:15,num_users:434,errors:0
rt:4.88,through:86.8,tt:0.34,num_interact:1401,Intrvl:15,num_users:431,errors:0
rt:3.74,through:85.4,tt:0.37,num_interact:1282,Intrvl:15,num_users:353,errors:0
rt:3.5,through:86.73,tt:0.34,num_interact:1301,Intrvl:15,num_users:329,errors:0
rt:3.15,through:81.73,tt:0.35,num_interact:1226,Intrvl:15,num_users:390,errors:0
rt:4.88,through:93.33,tt:0.35,num_interact:1400,Intrvl:15,num_users:393,errors:309
rt:3.57,through:98.2,tt:0.35,num_interact:1698,Intrvl:15,num_users:377,errors:12
rt:3.56,through:101.87,tt:0.33,num_interact:1528,Intrvl:15,num_users:396,errors:7
rt:4.15,through:93.93,tt:0.37,num_interact:1655,Intrvl:15,num_users:469,errors:0
rt:3.57,through:106.6,tt:0.35,num_interact:1659,Intrvl:15,num_users:398,errors:0
rt:3.79,through:116.2,tt:0.36,num_interact:1743,Intrvl:15,num_users:413,errors:0
rt:3.72,through:103.6,tt:0.37,num_interact:1554,Intrvl:15,num_users:426,errors:0
rt:3.91,through:96.07,tt:0.35,num_interact:1441,Intrvl:15,num_users:429,errors:0
rt:3.71,through:102.27,tt:0.36,num_interact:1534,Intrvl:15,num_users:425,errors:0
rt:3.91,through:122.13,tt:0.36,num_interact:1832,Intrvl:15,num_users:451,errors:0
rt:4.13,through:100.87,tt:0.34,num_interact:1513,Intrvl:15,num_users:428,errors:0
rt:3.95,through:152.2,tt:0.33,num_interact:2283,Intrvl:15,num_users:436,errors:0
rt:3.31,through:104.53,tt:0.34,num_interact:1679,Intrvl:15,num_users:398,errors:0
rt:3.18,through:110,tt:0.34,num_interact:1650,Intrvl:15,num_users:368,errors:0
rt:3.01,through:110.47,tt:0.35,num_interact:1657,Intrvl:15,num_users:369,errors:0
rt:5.45,through:181,tt:0.36,num_interact:2715,Intrvl:15,num_users:615,errors:0
rt:7.7,through:89.6,tt:0.35,num_interact:1359,Intrvl:15,num_users:660,errors:0
rt:5.05,through:92.2,tt:0.34,num_interact:1383,Intrvl:15,num_users:466,errors:0
rt:5.14,through:152.93,tt:0.36,num_interact:2297,Intrvl:15,num_users:599,errors:0
rt:7.03,through:81.4,tt:0.35,num_interact:1221,Intrvl:15,num_users:605,errors:0
rt:6.88,through:88.4,tt:0.36,num_interact:1326,Intrvl:15,num_users:587,errors:0
rt:5.84,through:86.4,tt:0.35,num_interact:1307,Intrvl:15,num_users:554,errors:81
rt:6.14,through:88.8,tt:0.36,num_interact:1332,Intrvl:15,num_users:640,errors:0
rt:6.94,through:85.67,tt:0.35,num_interact:1285,Intrvl:15,num_users:626,errors:0
rt:6.8,through:91.67,tt:0.36,num_interact:1375,Intrvl:15,num_users:631,errors:0
rt:7.27,through:81.4,tt:0.34,num_interact:1221,Intrvl:15,num_users:606,errors:0
rt:6.81,through:86.27,tt:0.36,num_interact:1296,Intrvl:15,num_users:614,errors:0
rt:6.93,through:90.33,tt:0.36,num_interact:1355,Intrvl:15,num_users:672,errors:0
rt:8.09,through:81.4,tt:0.35,num_interact:1221,Intrvl:15,num_users:636,errors:0
rt:5.88,through:90.8,tt:0.35,num_interact:1362,Intrvl:15,num_users:536,errors:0
rt:5.65,through:94.53,tt:0.35,num_interact:1418,Intrvl:15,num_users:536,errors:0
rt:5.02,through:94.87,tt:0.34,num_interact:1423,Intrvl:15,num_users:551,errors:58
rt:5.71,through:94,tt:0.36,num_interact:1410,Intrvl:15,num_users:555,errors:0
rt:5.89,through:90.87,tt:0.34,num_interact:1409,Intrvl:15,num_users:560,errors:0
rt:5.87,through:88.73,tt:0.35,num_interact:1363,Intrvl:15,num_users:618,errors:0
rt:6.56,through:80,tt:0.34,num_interact:1583,Intrvl:15,num_users:632,errors:0
rt:7.53,through:91.73,tt:0.33,num_interact:1376,Intrvl:15,num_users:632,errors:0
rt:6.98,through:83,tt:0.34,num_interact:1245,Intrvl:15,num_users:611,errors:0
rt:6.12,through:85.6,tt:0.35,num_interact:1284,Intrvl:15,num_users:561,errors:0
rt:6.4,through:91,tt:0.36,num_interact:1365,Intrvl:15,num_users:629,errors:0
rt:6.18,through:88.47,tt:0.35,num_interact:1327,Intrvl:15,num_users:583,errors:0
rt:6.24,through:86.6,tt:0.34,num_interact:1299,Intrvl:15,num_users:586,errors:0
rt:6.65,through:123.07,tt:0.35,num_interact:1861,Intrvl:15,num_users:629,errors:0
rt:5.68,through:77.2,tt:0.33,num_interact:1158,Intrvl:15,num_users:610,errors:0
rt:7.38,through:123.6,tt:0.34,num_interact:1908,Intrvl:15,num_users:633,errors:0
rt:6.94,through:84.4,tt:0.36,num_interact:1266,Intrvl:15,num_users:643,errors:0
rt:7.08,through:88,tt:0.35,num_interact:1320,Intrvl:15,num_users:620,errors:0
rt:6.46,through:93.2,tt:0.34,num_interact:1398,Intrvl:15,num_users:583,errors:0
rt:6.43,through:93.53,tt:0.34,num_interact:1448,Intrvl:15,num_users:603,errors:0
rt:5.01,through:93.07,tt:0.33,num_interact:1396,Intrvl:15,num_users:508,errors:0
rt:5.66,through:111.67,tt:0.36,num_interact:1735,Intrvl:15,num_users:570,errors:0
rt:6.57,through:130.53,tt:0.36,num_interact:1958,Intrvl:15,num_users:725,errors:0
rt:7.79,through:88.73,tt:0.34,num_interact:1331,Intrvl:15,num_users:627,errors:0
rt:7.6,through:76.6,tt:0.35,num_interact:1149,Intrvl:15,num_users:668,errors:0
rt:6.26,through:93.87,tt:0.34,num_interact:1408,Intrvl:15,num_users:580,errors:0
rt:5.66,through:88.53,tt:0.35,num_interact:1328,Intrvl:15,num_users:534,errors:0
rt:6.1,through:116.33,tt:0.34,num_interact:1745,Intrvl:15,num_users:594,errors:0
rt:7.31,through:77.13,tt:0.35,num_interact:1511,Intrvl:15,num_users:619,errors:0
rt:6.36,through:82.73,tt:0.34,num_interact:1241,Intrvl:15,num_users:608,errors:0
rt:6.56,through:91.93,tt:0.35,num_interact:1379,Intrvl:15,num_users:616,errors:0
rt:4.83,through:99.73,tt:0.37,num_interact:1496,Intrvl:15,num_users:452,errors:0
rt:5.24,through:99.87,tt:0.37,num_interact:1498,Intrvl:15,num_users:652,errors:0
rt:7.92,through:82.07,tt:0.37,num_interact:1604,Intrvl:15,num_users:655,errors:0
rt:6.55,through:80.67,tt:0.35,num_interact:1727,Intrvl:15,num_users:617,errors:0
rt:7.48,through:116.27,tt:0.35,num_interact:1744,Intrvl:15,num_users:645,errors:0
rt:7.82,through:142.4,tt:0.35,num_interact:2136,Intrvl:15,num_users:711,errors:0
rt:7.71,through:83.53,tt:0.35,num_interact:1253,Intrvl:15,num_users:706,errors:0
rt:8.12,through:79.67,tt:0.35,num_interact:1195,Intrvl:15,num_users:637,errors:0
rt:8.09,through:82.27,tt:0.35,num_interact:1295,Intrvl:15,num_users:734,errors:0
rt:7.57,through:77.53,tt:0.38,num_interact:1287,Intrvl:15,num_users:676,errors:0
rt:7.95,through:90,tt:0.36,num_interact:1350,Intrvl:15,num_users:670,errors:0
rt:6.65,through:79.13,tt:0.36,num_interact:1187,Intrvl:15,num_users:535,errors:0
rt:6.16,through:89.07,tt:0.34,num_interact:1336,Intrvl:15,num_users:539,errors:0
rt:4.43,through:94.2,tt:0.35,num_interact:1631,Intrvl:15,num_users:458,errors:0
rt:5.39,through:97.6,tt:0.35,num_interact:1464,Intrvl:15,num_users:525,errors:0
rt:6.4,through:66.67,tt:0.39,num_interact:1000,Intrvl:15,num_users:734,errors:0
rt:9.89,through:81.6,tt:0.35,num_interact:1224,Intrvl:15,num_users:679,errors:0
rt:7.6,through:86.13,tt:0.34,num_interact:1338,Intrvl:15,num_users:630,errors:0
rt:7.1,through:80.27,tt:0.37,num_interact:1204,Intrvl:15,num_users:745,errors:0
rt:9.04,through:72.2,tt:0.34,num_interact:1200,Intrvl:15,num_users:608,errors:0
rt:8.54,through:71.27,tt:0.34,num_interact:1069,Intrvl:15,num_users:702,errors:0
rt:9.98,through:129.33,tt:0.36,num_interact:1940,Intrvl:15,num_users:710,errors:0
rt:10.03,through:54.2,tt:0.37,num_interact:813,Intrvl:15,num_users:761,errors:0
rt:13.09,through:69.33,tt:0.35,num_interact:1040,Intrvl:15,num_users:679,errors:0
rt:8.16,through:75.73,tt:0.35,num_interact:1136,Intrvl:15,num_users:664,errors:0
rt:9.73,through:69.13,tt:0.36,num_interact:1037,Intrvl:15,num_users:722,errors:0
rt:8.78,through:70.07,tt:0.34,num_interact:1056,Intrvl:15,num_users:671,errors:0
rt:9.2,through:69.6,tt:0.36,num_interact:1044,Intrvl:15,num_users:703,errors:0
rt:9.17,through:78.27,tt:0.34,num_interact:1174,Intrvl:15,num_users:686,errors:0
rt:9.13,through:71.47,tt:0.35,num_interact:1072,Intrvl:15,num_users:692,errors:0
rt:8.49,through:78.33,tt:0.36,num_interact:1342,Intrvl:15,num_users:682,errors:0
rt:8.53,through:73.8,tt:0.33,num_interact:1107,Intrvl:15,num_users:710,errors:0
rt:8.73,through:75,tt:0.35,num_interact:1125,Intrvl:15,num_users:653,errors:0
rt:9.37,through:69.33,tt:0.37,num_interact:1040,Intrvl:15,num_users:679,errors:0
rt:8.07,through:72.87,tt:0.33,num_interact:1093,Intrvl:15,num_users:625,errors:0
rt:9.24,through:72.27,tt:0.36,num_interact:1084,Intrvl:15,num_users:702,errors:0
rt:9.41,through:71.93,tt:0.34,num_interact:1079,Intrvl:15,num_users:689,errors:0
rt:9.41,through:65.87,tt:0.36,num_interact:988,Intrvl:15,num_users:784,errors:0
rt:10.76,through:68.67,tt:0.34,num_interact:1201,Intrvl:15,num_users:760,errors:0
rt:10.34,through:73.13,tt:0.35,num_interact:1097,Intrvl:15,num_users:717,errors:0
rt:8.33,through:74.4,tt:0.34,num_interact:1116,Intrvl:15,num_users:680,errors:0
rt:8.58,through:69.67,tt:0.33,num_interact:1045,Intrvl:15,num_users:643,errors:0
rt:9.39,through:72.2,tt:0.35,num_interact:1544,Intrvl:15,num_users:716,errors:0
rt:11.35,through:66.4,tt:0.37,num_interact:996,Intrvl:15,num_users:773,errors:0
rt:11.26,through:70.87,tt:0.36,num_interact:1063,Intrvl:15,num_users:708,errors:0
rt:9.77,through:74.53,tt:0.36,num_interact:1118,Intrvl:15,num_users:737,errors:0
rt:9.92,through:60.33,tt:0.36,num_interact:905,Intrvl:15,num_users:720,errors:0
rt:11.08,through:74.33,tt:0.34,num_interact:1115,Intrvl:15,num_users:789,errors:0
rt:9.24,through:71.07,tt:0.34,num_interact:1066,Intrvl:15,num_users:683,errors:0
rt:9.31,through:62.07,tt:0.36,num_interact:931,Intrvl:15,num_users:685,errors:0
rt:10.36,through:73.27,tt:0.36,num_interact:1099,Intrvl:15,num_users:708,errors:0
rt:9.91,through:60.4,tt:0.35,num_interact:906,Intrvl:15,num_users:719,errors:0
rt:10.66,through:76.07,tt:0.35,num_interact:1141,Intrvl:15,num_users:714,errors:0
rt:9.4,through:84.87,tt:0.37,num_interact:1273,Intrvl:15,num_users:758,errors:0
rt:10.52,through:71,tt:0.35,num_interact:1254,Intrvl:15,num_users:760,errors:0
rt:10.31,through:77.67,tt:0.36,num_interact:1200,Intrvl:15,num_users:737,errors:0
rt:10.36,through:118,tt:0.36,num_interact:1827,Intrvl:15,num_users:828,errors:0
rt:10.9,through:69.2,tt:0.36,num_interact:1038,Intrvl:15,num_users:730,errors:0
rt:8.88,through:82.53,tt:0.35,num_interact:1264,Intrvl:15,num_users:744,errors:0
rt:11.76,through:74.27,tt:0.34,num_interact:1114,Intrvl:15,num_users:779,errors:0
rt:10.32,through:57.47,tt:0.36,num_interact:862,Intrvl:15,num_users:684,errors:0
rt:9.91,through:82.73,tt:0.35,num_interact:1241,Intrvl:15,num_users:663,errors:0
rt:9.01,through:65.93,tt:0.34,num_interact:1376,Intrvl:15,num_users:764,errors:0
rt:11.43,through:75.8,tt:0.36,num_interact:1137,Intrvl:15,num_users:695,errors:17
rt:9.14,through:77.87,tt:0.35,num_interact:1168,Intrvl:15,num_users:656,errors:0
rt:8.04,through:79.53,tt:0.35,num_interact:1193,Intrvl:15,num_users:640,errors:0
rt:7.43,through:76.2,tt:0.36,num_interact:1143,Intrvl:15,num_users:699,errors:0
rt:8.41,through:100.07,tt:0.36,num_interact:1501,Intrvl:15,num_users:723,errors:0
rt:9.31,through:76.4,tt:0.38,num_interact:1146,Intrvl:15,num_users:744,errors:0
rt:9.94,through:79,tt:0.36,num_interact:1185,Intrvl:15,num_users:783,errors:0
rt:8.53,through:80.47,tt:0.35,num_interact:1207,Intrvl:15,num_users:693,errors:0
rt:7.88,through:75.93,tt:0.36,num_interact:1139,Intrvl:15,num_users:652,errors:0
rt:8.85,through:72.93,tt:0.36,num_interact:1315,Intrvl:15,num_users:703,errors:0
rt:8.49,through:82.73,tt:0.35,num_interact:1341,Intrvl:15,num_users:705,errors:0
rt:6.86,through:84.53,tt:0.34,num_interact:1268,Intrvl:15,num_users:603,errors:0
rt:7.47,through:72.8,tt:0.36,num_interact:1092,Intrvl:15,num_users:765,errors:0
rt:10.62,through:53.87,tt:0.35,num_interact:808,Intrvl:15,num_users:692,errors:0
rt:11.8,through:65.8,tt:0.35,num_interact:987,Intrvl:15,num_users:647,errors:0
rt:9.73,through:78.87,tt:0.35,num_interact:1183,Intrvl:15,num_users:661,errors:0
rt:7.39,through:77.87,tt:0.36,num_interact:1168,Intrvl:15,num_users:679,errors:0
rt:9.52,through:109.33,tt:0.34,num_interact:1640,Intrvl:15,num_users:685,errors:0
rt:8.41,through:80.93,tt:0.35,num_interact:1214,Intrvl:15,num_users:736,errors:0
rt:8.36,through:73.6,tt:0.34,num_interact:1104,Intrvl:15,num_users:676,errors:0
rt:9.65,through:80.73,tt:0.36,num_interact:1211,Intrvl:15,num_users:711,errors:0
rt:7.01,through:84.33,tt:0.34,num_interact:1265,Intrvl:15,num_users:625,errors:0
rt:6.85,through:76.27,tt:0.35,num_interact:1144,Intrvl:15,num_users:631,errors:0
rt:8.29,through:80.33,tt:0.36,num_interact:1205,Intrvl:15,num_users:686,errors:0
rt:8.11,through:83.13,tt:0.34,num_interact:1247,Intrvl:15,num_users:645,errors:0
rt:7.9,through:88.2,tt:0.36,num_interact:1323,Intrvl:15,num_users:702,errors:0
rt:7.94,through:82.13,tt:0.36,num_interact:1232,Intrvl:15,num_users:678,errors:0
rt:7.63,through:84.93,tt:0.36,num_interact:1317,Intrvl:15,num_users:671,errors:0
rt:7.94,through:83.67,tt:0.34,num_interact:1255,Intrvl:15,num_users:662,errors:0
rt:7.28,through:70.07,tt:0.38,num_interact:1051,Intrvl:15,num_users:708,errors:0
rt:9.58,through:61.53,tt:0.36,num_interact:923,Intrvl:15,num_users:736,errors:0
rt:11.57,through:78.6,tt:0.35,num_interact:1182,Intrvl:15,num_users:759,errors:0
rt:7.41,through:60.13,tt:0.37,num_interact:985,Intrvl:15,num_users:714,errors:0
rt:10.46,through:58.13,tt:0.36,num_interact:872,Intrvl:15,num_users:666,errors:0
rt:10.92,through:123.27,tt:0.34,num_interact:1849,Intrvl:15,num_users:743,errors:0
rt:8.91,through:105.87,tt:0.35,num_interact:1603,Intrvl:15,num_users:803,errors:0
rt:10.14,through:46.47,tt:0.35,num_interact:698,Intrvl:15,num_users:747,errors:0
rt:13.16,through:73.73,tt:0.36,num_interact:1106,Intrvl:15,num_users:728,errors:0
rt:8.91,through:86.73,tt:0.36,num_interact:1301,Intrvl:15,num_users:724,errors:0
rt:8.78,through:76.93,tt:0.35,num_interact:1154,Intrvl:15,num_users:708,errors:0
rt:7.99,through:81.8,tt:0.33,num_interact:1273,Intrvl:15,num_users:666,errors:0
rt:9,through:280.53,tt:0.35,num_interact:4208,Intrvl:15,num_users:729,errors:0
rt:9.28,through:72.4,tt:0.35,num_interact:1086,Intrvl:15,num_users:671,errors:0
rt:9.47,through:67.2,tt:0.34,num_interact:1008,Intrvl:15,num_users:654,errors:0
rt:8.86,through:83.07,tt:0.35,num_interact:1246,Intrvl:15,num_users:632,errors:1
rt:7.6,through:75.33,tt:0.37,num_interact:1186,Intrvl:15,num_users:638,errors:0
rt:8.39,through:108.13,tt:0.34,num_interact:1622,Intrvl:15,num_users:706,errors:0
rt:11.87,through:61.33,tt:0.37,num_interact:920,Intrvl:15,num_users:739,errors:0
rt:10.32,through:75.33,tt:0.35,num_interact:1130,Intrvl:15,num_users:707,errors:0
rt:8.92,through:74.33,tt:0.34,num_interact:1115,Intrvl:15,num_users:723,errors:0
rt:9.87,through:60.07,tt:0.36,num_interact:901,Intrvl:15,num_users:722,errors:0
rt:11.11,through:68.6,tt:0.35,num_interact:1029,Intrvl:15,num_users:741,errors:0
rt:10.61,through:75.87,tt:0.34,num_interact:1138,Intrvl:15,num_users:799,errors:0
rt:10.75,through:61.73,tt:0.35,num_interact:926,Intrvl:15,num_users:773,errors:0
rt:10.7,through:71.6,tt:0.35,num_interact:1289,Intrvl:15,num_users:769,errors:0
rt:10.92,through:70.07,tt:0.35,num_interact:1051,Intrvl:15,num_users:701,errors:0
rt:9.44,through:72.73,tt:0.33,num_interact:1091,Intrvl:15,num_users:695,errors:0
rt:9.54,through:52.93,tt:0.34,num_interact:794,Intrvl:15,num_users:762,errors:0
rt:14.26,through:65.53,tt:0.35,num_interact:983,Intrvl:15,num_users:730,errors:0
rt:9.3,through:67.13,tt:0.35,num_interact:1007,Intrvl:15,num_users:665,errors:0
rt:9.46,through:72.33,tt:0.36,num_interact:1085,Intrvl:15,num_users:709,errors:0
rt:8.28,through:76.2,tt:0.34,num_interact:1182,Intrvl:15,num_users:666,errors:0
rt:9.25,through:115.47,tt:0.36,num_interact:1732,Intrvl:15,num_users:733,errors:0
rt:9.91,through:89.47,tt:0.35,num_interact:1342,Intrvl:15,num_users:738,errors:0
rt:9.21,through:68.53,tt:0.36,num_interact:1028,Intrvl:15,num_users:699,errors:0
rt:9.65,through:72.6,tt:0.34,num_interact:1089,Intrvl:15,num_users:701,errors:0
rt:8.9,through:76,tt:0.35,num_interact:1140,Intrvl:15,num_users:644,errors:0
rt:8.81,through:72.07,tt:0.35,num_interact:1081,Intrvl:15,num_users:666,errors:0
rt:8.37,through:65.93,tt:0.34,num_interact:989,Intrvl:15,num_users:719,errors:0
rt:10.29,through:41.67,tt:0.35,num_interact:625,Intrvl:15,num_users:739,errors:0
rt:15.26,through:50.93,tt:0.37,num_interact:764,Intrvl:15,num_users:729,errors:0
rt:12.03,through:134.2,tt:0.35,num_interact:2013,Intrvl:15,num_users:760,errors:0
rt:9.47,through:68.67,tt:0.36,num_interact:1030,Intrvl:15,num_users:592,errors:0
rt:7.45,through:82.4,tt:0.35,num_interact:1236,Intrvl:15,num_users:596,errors:0
rt:8.8,through:71.47,tt:0.39,num_interact:1072,Intrvl:15,num_users:734,errors:0
rt:10.03,through:56.6,tt:0.35,num_interact:849,Intrvl:15,num_users:765,errors:0
rt:12.58,through:90.93,tt:0.37,num_interact:1675,Intrvl:15,num_users:792,errors:0
rt:11.97,through:69.8,tt:0.35,num_interact:1047,Intrvl:15,num_users:723,errors:0
rt:10.83,through:61.07,tt:0.36,num_interact:916,Intrvl:15,num_users:720,errors:0
rt:10.67,through:146.33,tt:0.35,num_interact:2195,Intrvl:15,num_users:744,errors:0
rt:13.55,through:57.93,tt:0.36,num_interact:869,Intrvl:15,num_users:756,errors:0
rt:10.42,through:78.33,tt:0.34,num_interact:1175,Intrvl:15,num_users:715,errors:0
rt:9.59,through:69.4,tt:0.35,num_interact:1041,Intrvl:15,num_users:690,errors:0
rt:8.42,through:77.6,tt:0.36,num_interact:1164,Intrvl:15,num_users:678,errors:0
rt:7.55,through:85.93,tt:0.35,num_interact:1368,Intrvl:15,num_users:612,errors:0
rt:7.98,through:77.07,tt:0.36,num_interact:1156,Intrvl:15,num_users:688,errors:0
rt:8.81,through:74.87,tt:0.35,num_interact:1123,Intrvl:15,num_users:701,errors:0
rt:13.67,through:49.07,tt:0.34,num_interact:1197,Intrvl:15,num_users:751,errors:1
rt:10.94,through:72.27,tt:0.34,num_interact:1084,Intrvl:15,num_users:704,errors:0
rt:9.11,through:91.27,tt:0.35,num_interact:1369,Intrvl:15,num_users:780,errors:0
rt:9.32,through:79.27,tt:0.35,num_interact:1189,Intrvl:15,num_users:654,errors:0
rt:8.21,through:90.47,tt:0.36,num_interact:1710,Intrvl:15,num_users:725,errors:0
rt:9.53,through:98.07,tt:0.36,num_interact:1471,Intrvl:15,num_users:738,errors:0
rt:10.07,through:44.8,tt:0.38,num_interact:672,Intrvl:15,num_users:729,errors:0
rt:14.86,through:31,tt:0.34,num_interact:465,Intrvl:15,num_users:767,errors:0
rt:18.32,through:41.93,tt:0.35,num_interact:629,Intrvl:15,num_users:724,errors:0
rt:14.35,through:126.27,tt:0.36,num_interact:1894,Intrvl:15,num_users:784,errors:0
rt:11.48,through:68.2,tt:0.35,num_interact:1023,Intrvl:15,num_users:751,errors:0
rt:10.23,through:74.07,tt:0.35,num_interact:1111,Intrvl:15,num_users:779,errors:0
rt:9.1,through:70.8,tt:0.35,num_interact:1062,Intrvl:15,num_users:799,errors:0
rt:10.91,through:79.2,tt:0.36,num_interact:1188,Intrvl:15,num_users:780,errors:0
rt:9.69,through:73.6,tt:0.35,num_interact:1104,Intrvl:15,num_users:750,errors:0
rt:9.01,through:86.67,tt:0.36,num_interact:1300,Intrvl:15,num_users:799,errors:0
rt:11.04,through:79.33,tt:0.34,num_interact:1190,Intrvl:15,num_users:716,errors:0
rt:9.22,through:89.6,tt:0.35,num_interact:1344,Intrvl:15,num_users:769,errors:0
rt:11.71,through:51.2,tt:0.35,num_interact:768,Intrvl:15,num_users:738,errors:0
rt:8.99,through:86.4,tt:0.33,num_interact:1302,Intrvl:15,num_users:656,errors:0
rt:8.77,through:109.33,tt:0.35,num_interact:1641,Intrvl:15,num_users:707,errors:0
rt:8,through:74,tt:0.35,num_interact:1491,Intrvl:15,num_users:683,errors:0
rt:9.23,through:95.67,tt:0.36,num_interact:1437,Intrvl:15,num_users:821,errors:0
rt:11.25,through:50,tt:0.36,num_interact:750,Intrvl:15,num_users:830,errors:11
rt:19.01,through:38.47,tt:0.36,num_interact:577,Intrvl:15,num_users:731,errors:0
rt:13.84,through:77.47,tt:0.35,num_interact:1162,Intrvl:15,num_users:749,errors:2
rt:9.97,through:80.8,tt:0.34,num_interact:1212,Intrvl:15,num_users:753,errors:0
rt:8.85,through:75.47,tt:0.34,num_interact:1132,Intrvl:15,num_users:758,errors:0
rt:9.9,through:91.2,tt:0.34,num_interact:1368,Intrvl:15,num_users:764,errors:0
rt:8.52,through:76.27,tt:0.34,num_interact:1144,Intrvl:15,num_users:798,errors:0
rt:9.09,through:69.8,tt:0.34,num_interact:1047,Intrvl:15,num_users:668,errors:0
rt:9.73,through:92.93,tt:0.37,num_interact:1394,Intrvl:15,num_users:769,errors:0
rt:8.44,through:74.33,tt:0.36,num_interact:1285,Intrvl:15,num_users:819,errors:0
rt:11.3,through:81,tt:0.33,num_interact:1215,Intrvl:15,num_users:776,errors:0
rt:8.99,through:71.27,tt:0.34,num_interact:1069,Intrvl:15,num_users:825,errors:0
rt:10.31,through:76.53,tt:0.36,num_interact:1148,Intrvl:15,num_users:795,errors:0
rt:9.38,through:76.93,tt:0.34,num_interact:1351,Intrvl:15,num_users:757,errors:0
rt:10.61,through:108.87,tt:0.36,num_interact:1633,Intrvl:15,num_users:788,errors:24
rt:9.48,through:67.67,tt:0.34,num_interact:1015,Intrvl:15,num_users:854,errors:0
rt:10.42,through:69.07,tt:0.37,num_interact:1036,Intrvl:15,num_users:689,errors:0
rt:9.47,through:85.8,tt:0.37,num_interact:1287,Intrvl:15,num_users:775,errors:0
rt:9.35,through:81.2,tt:0.36,num_interact:1218,Intrvl:15,num_users:693,errors:0
rt:8.21,through:85.87,tt:0.36,num_interact:1288,Intrvl:15,num_users:669,errors:0
rt:7.65,through:85.47,tt:0.33,num_interact:1282,Intrvl:15,num_users:702,errors:0
rt:8.25,through:97.33,tt:0.37,num_interact:1460,Intrvl:15,num_users:769,errors:0
rt:9.53,through:79.4,tt:0.35,num_interact:1191,Intrvl:15,num_users:724,errors:0
rt:8.97,through:78.47,tt:0.36,num_interact:1266,Intrvl:15,num_users:743,errors:0
rt:9.42,through:77.67,tt:0.37,num_interact:1165,Intrvl:15,num_users:834,errors:0
rt:9.77,through:76.8,tt:0.34,num_interact:1176,Intrvl:15,num_users:768,errors:0
rt:9.84,through:74.4,tt:0.35,num_interact:1116,Intrvl:15,num_users:842,errors:0
rt:11.49,through:79.73,tt:0.34,num_interact:1196,Intrvl:15,num_users:789,errors:0
rt:9.89,through:73.67,tt:0.34,num_interact:1817,Intrvl:15,num_users:846,errors:0
rt:22.61,through:58.93,tt:0.35,num_interact:884,Intrvl:15,num_users:801,errors:0
rt:10.56,through:81.53,tt:0.34,num_interact:1223,Intrvl:15,num_users:818,errors:0
rt:9.07,through:76.73,tt:0.36,num_interact:1151,Intrvl:15,num_users:811,errors:0
rt:10.56,through:76.6,tt:0.35,num_interact:1149,Intrvl:15,num_users:764,errors:0
rt:9.05,through:81.47,tt:0.36,num_interact:1222,Intrvl:15,num_users:733,errors:0
rt:8.71,through:80.07,tt:0.37,num_interact:1201,Intrvl:15,num_users:759,errors:1
rt:8.12,through:81.27,tt:0.34,num_interact:1342,Intrvl:15,num_users:697,errors:0
rt:8.67,through:99.67,tt:0.36,num_interact:1495,Intrvl:15,num_users:779,errors:0
rt:10.03,through:76.53,tt:0.35,num_interact:1148,Intrvl:15,num_users:756,errors:0
rt:9.23,through:78,tt:0.36,num_interact:1170,Intrvl:15,num_users:730,errors:0
rt:9.06,through:81.73,tt:0.36,num_interact:1226,Intrvl:15,num_users:765,errors:0
rt:8.87,through:75.4,tt:0.32,num_interact:1131,Intrvl:15,num_users:746,errors:0
rt:10.5,through:68.33,tt:0.37,num_interact:1025,Intrvl:15,num_users:888,errors:0
rt:10.91,through:84.4,tt:0.36,num_interact:1266,Intrvl:15,num_users:801,errors:0
rt:10,through:73,tt:0.34,num_interact:1233,Intrvl:15,num_users:772,errors:0
rt:10.72,through:106.93,tt:0.36,num_interact:1604,Intrvl:15,num_users:831,errors:0
rt:10.18,through:66.07,tt:0.34,num_interact:991,Intrvl:15,num_users:818,errors:0
rt:11.49,through:76.6,tt:0.34,num_interact:1576,Intrvl:15,num_users:836,errors:0
rt:11.72,through:76,tt:0.36,num_interact:1140,Intrvl:15,num_users:811,errors:0
rt:9.23,through:72.6,tt:0.36,num_interact:1089,Intrvl:15,num_users:760,errors:0
rt:9.62,through:73.73,tt:0.36,num_interact:1106,Intrvl:15,num_users:763,errors:0
rt:10.22,through:77.47,tt:0.36,num_interact:1162,Intrvl:15,num_users:792,errors:0
rt:10.33,through:68.93,tt:0.36,num_interact:1034,Intrvl:15,num_users:795,errors:0
rt:10.87,through:70.73,tt:0.34,num_interact:1066,Intrvl:15,num_users:844,errors:0
rt:14.88,through:40.8,tt:0.33,num_interact:612,Intrvl:15,num_users:770,errors:0
rt:12,through:80.8,tt:0.37,num_interact:1212,Intrvl:15,num_users:743,errors:0
rt:11.32,through:71.27,tt:0.38,num_interact:1069,Intrvl:15,num_users:855,errors:0
rt:9.77,through:64.2,tt:0.37,num_interact:963,Intrvl:15,num_users:706,errors:0
rt:9.35,through:64.47,tt:0.38,num_interact:967,Intrvl:15,num_users:779,errors:0
rt:11.63,through:76.33,tt:0.35,num_interact:1145,Intrvl:15,num_users:848,errors:0
rt:11.85,through:90.73,tt:0.35,num_interact:1664,Intrvl:15,num_users:871,errors:0
rt:11.91,through:131.27,tt:0.35,num_interact:1969,Intrvl:15,num_users:906,errors:0
rt:11.39,through:26.4,tt:0.36,num_interact:396,Intrvl:15,num_users:847,errors:4
rt:21.48,through:6.8,tt:0.31,num_interact:102,Intrvl:15,num_users:835,errors:0
rt:34.1,through:6.47,tt:0.31,num_interact:97,Intrvl:15,num_users:841,errors:0
rt:43.24,through:6.8,tt:0.39,num_interact:102,Intrvl:15,num_users:875,errors:0
rt:25.87,through:7.33,tt:0.34,num_interact:110,Intrvl:15,num_users:786,errors:0
rt:42.35,through:108.87,tt:0.34,num_interact:1633,Intrvl:15,num_users:843,errors:0
rt:13.91,through:44.87,tt:0.33,num_interact:864,Intrvl:15,num_users:765,errors:0
rt:15.49,through:84.67,tt:0.36,num_interact:1270,Intrvl:15,num_users:873,errors:0
rt:19.71,through:12.6,tt:0.37,num_interact:189,Intrvl:15,num_users:817,errors:0
rt:19.26,through:17.47,tt:0.35,num_interact:262,Intrvl:15,num_users:817,errors:0
rt:36.27,through:14.13,tt:0.36,num_interact:212,Intrvl:15,num_users:837,errors:0
rt:45.68,through:32.2,tt:0.34,num_interact:483,Intrvl:15,num_users:766,errors:0
rt:23.82,through:64,tt:0.38,num_interact:960,Intrvl:15,num_users:821,errors:0
rt:14.06,through:42.07,tt:0.36,num_interact:631,Intrvl:15,num_users:807,errors:0
rt:15.39,through:108.47,tt:0.34,num_interact:1627,Intrvl:15,num_users:812,errors:0
rt:13.59,through:68.2,tt:0.33,num_interact:1023,Intrvl:15,num_users:868,errors:0
rt:11.56,through:72.87,tt:0.33,num_interact:1093,Intrvl:15,num_users:783,errors:0
rt:9.81,through:73.13,tt:0.38,num_interact:1097,Intrvl:15,num_users:673,errors:0
rt:9.01,through:80.87,tt:0.35,num_interact:1213,Intrvl:15,num_users:695,errors:0
rt:9.32,through:46.4,tt:0.37,num_interact:696,Intrvl:15,num_users:820,errors:0
rt:13.96,through:67.67,tt:0.36,num_interact:1015,Intrvl:15,num_users:711,errors:0
rt:9.38,through:67.13,tt:0.37,num_interact:1007,Intrvl:15,num_users:754,errors:0
rt:10,through:73.47,tt:0.35,num_interact:1347,Intrvl:15,num_users:755,errors:0
rt:11.82,through:46.87,tt:0.35,num_interact:703,Intrvl:15,num_users:741,errors:0
rt:13.45,through:68.2,tt:0.35,num_interact:1124,Intrvl:15,num_users:789,errors:0
rt:10.55,through:79.2,tt:0.36,num_interact:1188,Intrvl:15,num_users:736,errors:0
rt:10.61,through:83,tt:0.37,num_interact:1245,Intrvl:15,num_users:740,errors:0
rt:10.41,through:68.93,tt:0.37,num_interact:1034,Intrvl:15,num_users:809,errors:0
rt:12.07,through:66.73,tt:0.35,num_interact:1433,Intrvl:15,num_users:728,errors:0
rt:9.07,through:69.73,tt:0.33,num_interact:1089,Intrvl:15,num_users:683,errors:0
rt:10.51,through:293.13,tt:0.36,num_interact:4397,Intrvl:15,num_users:764,errors:0
rt:10.68,through:64.73,tt:0.35,num_interact:971,Intrvl:15,num_users:741,errors:0
rt:11.26,through:74.6,tt:0.35,num_interact:1119,Intrvl:15,num_users:706,errors:0
rt:9.13,through:71.07,tt:0.37,num_interact:1066,Intrvl:15,num_users:811,errors:0
rt:10.54,through:72.87,tt:0.35,num_interact:1093,Intrvl:15,num_users:737,errors:0
rt:8.88,through:69.47,tt:0.34,num_interact:1043,Intrvl:15,num_users:676,errors:0
rt:9.54,through:113.2,tt:0.36,num_interact:1698,Intrvl:15,num_users:734,errors:0
rt:10.43,through:77.47,tt:0.35,num_interact:1162,Intrvl:15,num_users:698,errors:0
rt:9.18,through:74.8,tt:0.37,num_interact:1123,Intrvl:15,num_users:755,errors:0
rt:10.87,through:73.6,tt:0.35,num_interact:1104,Intrvl:15,num_users:741,errors:0
rt:8.5,through:75.73,tt:0.34,num_interact:1145,Intrvl:15,num_users:715,errors:0
rt:9.98,through:66.47,tt:0.37,num_interact:997,Intrvl:15,num_users:807,errors:0
rt:15.44,through:61,tt:0.37,num_interact:915,Intrvl:15,num_users:815,errors:0
rt:10.41,through:70.2,tt:0.34,num_interact:1118,Intrvl:15,num_users:767,errors:0
rt:13.6,through:244.4,tt:0.34,num_interact:3821,Intrvl:15,num_users:794,errors:0
rt:12.89,through:53.73,tt:0.35,num_interact:806,Intrvl:15,num_users:774,errors:0
rt:11.52,through:71.53,tt:0.36,num_interact:1073,Intrvl:15,num_users:685,errors:0
rt:9.58,through:78.67,tt:0.36,num_interact:1180,Intrvl:15,num_users:721,errors:0
rt:9.52,through:72,tt:0.37,num_interact:1080,Intrvl:15,num_users:810,errors:0
rt:12.7,through:50.33,tt:0.37,num_interact:1311,Intrvl:15,num_users:820,errors:0
rt:13,through:69.47,tt:0.34,num_interact:1516,Intrvl:15,num_users:707,errors:0
rt:10.13,through:153.6,tt:0.36,num_interact:2304,Intrvl:15,num_users:754,errors:0
rt:9.08,through:71,tt:0.35,num_interact:1065,Intrvl:15,num_users:757,errors:0
rt:11.52,through:54.53,tt:0.36,num_interact:819,Intrvl:15,num_users:708,errors:0
rt:8.93,through:76,tt:0.37,num_interact:1140,Intrvl:15,num_users:738,errors:0
rt:10.08,through:71.8,tt:0.34,num_interact:1077,Intrvl:15,num_users:755,errors:0
rt:11.07,through:70.87,tt:0.35,num_interact:1070,Intrvl:15,num_users:727,errors:66
rt:8.39,through:71.07,tt:0.35,num_interact:1066,Intrvl:15,num_users:707,errors:23
rt:10.51,through:70,tt:0.34,num_interact:1050,Intrvl:15,num_users:696,errors:0
rt:8.38,through:79.87,tt:0.36,num_interact:1198,Intrvl:15,num_users:767,errors:0
rt:9.34,through:78.13,tt:0.34,num_interact:1172,Intrvl:15,num_users:706,errors:0
rt:8.08,through:63.67,tt:0.37,num_interact:955,Intrvl:15,num_users:696,errors:0
rt:12.33,through:61.13,tt:0.36,num_interact:917,Intrvl:15,num_users:698,errors:0
rt:9.42,through:85.27,tt:0.33,num_interact:1279,Intrvl:15,num_users:681,errors:0
rt:7.98,through:99.8,tt:0.35,num_interact:1497,Intrvl:15,num_users:744,errors:0
rt:9.41,through:74.93,tt:0.36,num_interact:1124,Intrvl:15,num_users:711,errors:0
rt:8.64,through:75.47,tt:0.34,num_interact:1132,Intrvl:15,num_users:754,errors:0
rt:9.02,through:70.67,tt:0.34,num_interact:1060,Intrvl:15,num_users:688,errors:0
rt:10.15,through:71.27,tt:0.34,num_interact:1269,Intrvl:15,num_users:708,errors:0
rt:8.74,through:84.8,tt:0.35,num_interact:1272,Intrvl:15,num_users:715,errors:0
rt:9.16,through:86,tt:0.32,num_interact:1290,Intrvl:15,num_users:718,errors:0
rt:8.87,through:76.8,tt:0.35,num_interact:1568,Intrvl:15,num_users:724,errors:0
rt:7.99,through:83.6,tt:0.35,num_interact:1254,Intrvl:15,num_users:663,errors:0
rt:7.56,through:77.6,tt:0.36,num_interact:1164,Intrvl:15,num_users:669,errors:0
rt:7.98,through:58.13,tt:0.36,num_interact:872,Intrvl:15,num_users:669,errors:0
rt:10.12,through:164.87,tt:0.36,num_interact:2473,Intrvl:15,num_users:707,errors:0
rt:8.72,through:80.93,tt:0.35,num_interact:1214,Intrvl:15,num_users:713,errors:0
rt:8.86,through:123.93,tt:0.34,num_interact:1859,Intrvl:15,num_users:750,errors:0
rt:8.46,through:65.07,tt:0.34,num_interact:976,Intrvl:15,num_users:691,errors:0
rt:10.68,through:48.87,tt:0.36,num_interact:733,Intrvl:15,num_users:760,errors:0
rt:15.6,through:65.33,tt:0.36,num_interact:980,Intrvl:15,num_users:737,errors:0
rt:9.17,through:78.67,tt:0.36,num_interact:1245,Intrvl:15,num_users:732,errors:0
rt:9.01,through:78.73,tt:0.33,num_interact:1181,Intrvl:15,num_users:705,errors:0
rt:6.96,through:89.2,tt:0.35,num_interact:1338,Intrvl:15,num_users:591,errors:0
rt:5.52,through:55.87,tt:0.37,num_interact:838,Intrvl:15,num_users:673,errors:0
rt:10.33,through:69.13,tt:0.34,num_interact:1037,Intrvl:15,num_users:629,errors:0
rt:8.85,through:77.67,tt:0.34,num_interact:1165,Intrvl:15,num_users:658,errors:0
rt:10.07,through:68.47,tt:0.35,num_interact:1027,Intrvl:15,num_users:765,errors:0
rt:8.59,through:81.07,tt:0.36,num_interact:1357,Intrvl:15,num_users:692,errors:0
rt:7.41,through:75.2,tt:0.34,num_interact:1128,Intrvl:15,num_users:636,errors:0
rt:9.7,through:56.33,tt:0.35,num_interact:845,Intrvl:15,num_users:684,errors:0
rt:10.39,through:76,tt:0.33,num_interact:1140,Intrvl:15,num_users:641,errors:0
rt:7.49,through:88.33,tt:0.34,num_interact:1325,Intrvl:15,num_users:689,errors:0
rt:8.84,through:87.87,tt:0.37,num_interact:1319,Intrvl:15,num_users:758,errors:0
rt:9.72,through:76.33,tt:0.37,num_interact:1145,Intrvl:15,num_users:798,errors:0
rt:9.9,through:72.6,tt:0.34,num_interact:1089,Intrvl:15,num_users:755,errors:0
rt:9.88,through:79.67,tt:0.37,num_interact:1237,Intrvl:15,num_users:760,errors:0
rt:8.66,through:73.53,tt:0.36,num_interact:1103,Intrvl:15,num_users:703,errors:0
rt:8.82,through:99.13,tt:0.35,num_interact:1487,Intrvl:15,num_users:732,errors:0
rt:9.35,through:89.33,tt:0.35,num_interact:1340,Intrvl:15,num_users:789,errors:0
rt:9.08,through:50.07,tt:0.36,num_interact:751,Intrvl:15,num_users:726,errors:0
rt:12.41,through:75.2,tt:0.35,num_interact:1128,Intrvl:15,num_users:690,errors:0
rt:8.19,through:82.27,tt:0.33,num_interact:1234,Intrvl:15,num_users:665,errors:0
rt:8.08,through:74.07,tt:0.32,num_interact:1111,Intrvl:15,num_users:669,errors:6
rt:9.08,through:80.33,tt:0.35,num_interact:1205,Intrvl:15,num_users:706,errors:0
rt:8.47,through:70.13,tt:0.35,num_interact:1052,Intrvl:15,num_users:731,errors:0
rt:9.19,through:86.53,tt:0.35,num_interact:1469,Intrvl:15,num_users:651,errors:0
rt:8.3,through:76.47,tt:0.33,num_interact:1304,Intrvl:15,num_users:651,errors:0
rt:8.63,through:62.67,tt:0.34,num_interact:1466,Intrvl:15,num_users:650,errors:0
rt:10.11,through:209.4,tt:0.34,num_interact:3141,Intrvl:15,num_users:757,errors:0
rt:9.22,through:64.73,tt:0.37,num_interact:1058,Intrvl:15,num_users:712,errors:0
rt:10.45,through:54.93,tt:0.36,num_interact:824,Intrvl:15,num_users:692,errors:0
rt:12.04,through:82.6,tt:0.35,num_interact:1239,Intrvl:15,num_users:752,errors:0
rt:11.02,through:41.53,tt:0.35,num_interact:623,Intrvl:15,num_users:721,errors:0
rt:13.66,through:162.8,tt:0.35,num_interact:2442,Intrvl:15,num_users:733,errors:0
rt:8.2,through:84.47,tt:0.36,num_interact:1321,Intrvl:15,num_users:624,errors:0
rt:8.7,through:46.73,tt:0.4,num_interact:701,Intrvl:15,num_users:764,errors:0
rt:15.3,through:48,tt:0.39,num_interact:720,Intrvl:15,num_users:715,errors:0
rt:11.7,through:126.33,tt:0.35,num_interact:1954,Intrvl:15,num_users:750,errors:0
rt:8.78,through:72.47,tt:0.35,num_interact:1087,Intrvl:15,num_users:698,errors:0
rt:9.07,through:74.47,tt:0.35,num_interact:1117,Intrvl:15,num_users:660,errors:0
rt:9.02,through:83.6,tt:0.36,num_interact:1254,Intrvl:15,num_users:774,errors:0
rt:13.35,through:81.67,tt:0.35,num_interact:1350,Intrvl:15,num_users:806,errors:0
rt:11.76,through:43.33,tt:0.34,num_interact:650,Intrvl:15,num_users:775,errors:0
rt:14.9,through:66.47,tt:0.34,num_interact:997,Intrvl:15,num_users:726,errors:0
rt:10.14,through:74.2,tt:0.36,num_interact:1161,Intrvl:15,num_users:763,errors:0
rt:10.03,through:59.27,tt:0.35,num_interact:889,Intrvl:15,num_users:689,errors:0
rt:12.55,through:111.13,tt:0.36,num_interact:2219,Intrvl:15,num_users:777,errors:0
rt:11.08,through:75.13,tt:0.35,num_interact:1127,Intrvl:15,num_users:709,errors:0
rt:9.98,through:71.6,tt:0.35,num_interact:1074,Intrvl:15,num_users:712,errors:0
rt:9.22,through:64.2,tt:0.35,num_interact:963,Intrvl:15,num_users:695,errors:0
rt:9.18,through:70.13,tt:0.37,num_interact:1052,Intrvl:15,num_users:721,errors:0
rt:9.14,through:52.13,tt:0.37,num_interact:782,Intrvl:15,num_users:720,errors:0
rt:13.28,through:58,tt:0.33,num_interact:908,Intrvl:15,num_users:701,errors:0
rt:10.11,through:76.4,tt:0.33,num_interact:1146,Intrvl:15,num_users:682,errors:0
rt:8.6,through:75.27,tt:0.33,num_interact:1129,Intrvl:15,num_users:629,errors:0
rt:8.11,through:71,tt:0.37,num_interact:1065,Intrvl:15,num_users:674,errors:0
rt:9.88,through:66.2,tt:0.37,num_interact:993,Intrvl:15,num_users:666,errors:0
rt:8.34,through:100.87,tt:0.35,num_interact:1569,Intrvl:15,num_users:683,errors:0
rt:8.81,through:74.6,tt:0.33,num_interact:1119,Intrvl:15,num_users:693,errors:0
rt:8.75,through:71.67,tt:0.33,num_interact:1075,Intrvl:15,num_users:643,errors:0
rt:8.11,through:73.93,tt:0.35,num_interact:1109,Intrvl:15,num_users:597,errors:0
rt:8.05,through:68.27,tt:0.35,num_interact:1470,Intrvl:15,num_users:651,errors:30
rt:8.81,through:179.8,tt:0.35,num_interact:2697,Intrvl:15,num_users:736,errors:19
rt:10.73,through:95.93,tt:0.34,num_interact:2059,Intrvl:15,num_users:765,errors:0
rt:10.43,through:89.33,tt:0.34,num_interact:1340,Intrvl:15,num_users:771,errors:0
rt:9.62,through:78.4,tt:0.35,num_interact:1176,Intrvl:15,num_users:731,errors:0
rt:8.06,through:74.73,tt:0.35,num_interact:1121,Intrvl:15,num_users:676,errors:0
rt:8.61,through:75.27,tt:0.35,num_interact:1129,Intrvl:15,num_users:644,errors:0
rt:8.7,through:66.2,tt:0.36,num_interact:1072,Intrvl:15,num_users:624,errors:0
rt:7.92,through:75.07,tt:0.34,num_interact:1127,Intrvl:15,num_users:644,errors:0
rt:8.47,through:83.53,tt:0.35,num_interact:1253,Intrvl:15,num_users:632,errors:0
rt:7.37,through:85.47,tt:0.34,num_interact:1282,Intrvl:15,num_users:644,errors:0
rt:7.59,through:117.73,tt:0.36,num_interact:1766,Intrvl:15,num_users:673,errors:0
rt:7.51,through:87,tt:0.37,num_interact:1305,Intrvl:15,num_users:643,errors:0
rt:9.38,through:71,tt:0.35,num_interact:1065,Intrvl:15,num_users:761,errors:0
rt:8.08,through:81.27,tt:0.34,num_interact:1246,Intrvl:15,num_users:643,errors:0
rt:7,through:87.2,tt:0.35,num_interact:1308,Intrvl:15,num_users:610,errors:0
rt:8.01,through:77.33,tt:0.37,num_interact:1245,Intrvl:15,num_users:698,errors:0
rt:7.07,through:68.4,tt:0.35,num_interact:1026,Intrvl:15,num_users:671,errors:0
rt:9.34,through:112.6,tt:0.34,num_interact:1689,Intrvl:15,num_users:705,errors:0
rt:7.78,through:84.13,tt:0.35,num_interact:1262,Intrvl:15,num_users:629,errors:0
rt:6.71,through:76.47,tt:0.34,num_interact:1209,Intrvl:15,num_users:685,errors:0
rt:9.6,through:116.07,tt:0.36,num_interact:2035,Intrvl:15,num_users:779,errors:0
rt:13.76,through:49.67,tt:0.33,num_interact:745,Intrvl:15,num_users:653,errors:0
rt:9.83,through:187.87,tt:0.35,num_interact:3029,Intrvl:15,num_users:686,errors:0
rt:9.35,through:92.47,tt:0.38,num_interact:1387,Intrvl:15,num_users:748,errors:0
rt:8.08,through:78.87,tt:0.34,num_interact:1183,Intrvl:15,num_users:691,errors:0
rt:8.46,through:83.2,tt:0.35,num_interact:1248,Intrvl:15,num_users:697,errors:0
rt:9.07,through:88.47,tt:0.33,num_interact:1352,Intrvl:15,num_users:755,errors:0
rt:6.68,through:70.2,tt:0.37,num_interact:1053,Intrvl:15,num_users:717,errors:0
rt:12.65,through:70.93,tt:0.34,num_interact:1064,Intrvl:15,num_users:660,errors:0
rt:10.46,through:63.07,tt:0.35,num_interact:1539,Intrvl:15,num_users:770,errors:0
rt:11.7,through:78.47,tt:0.34,num_interact:1177,Intrvl:15,num_users:697,errors:0
rt:8.49,through:82.33,tt:0.35,num_interact:1235,Intrvl:15,num_users:746,errors:0
rt:7.53,through:83,tt:0.34,num_interact:1256,Intrvl:15,num_users:616,errors:0
rt:8,through:85.73,tt:0.36,num_interact:1395,Intrvl:15,num_users:675,errors:0
rt:8.47,through:161.47,tt:0.35,num_interact:2422,Intrvl:15,num_users:739,errors:0
rt:9.68,through:74.67,tt:0.35,num_interact:1120,Intrvl:15,num_users:768,errors:0
rt:8.43,through:80.8,tt:0.34,num_interact:1212,Intrvl:15,num_users:680,errors:0
rt:9.86,through:73.73,tt:0.34,num_interact:1136,Intrvl:15,num_users:745,errors:0
rt:7.15,through:55.13,tt:0.37,num_interact:827,Intrvl:15,num_users:721,errors:0
rt:15.18,through:66.4,tt:0.37,num_interact:996,Intrvl:15,num_users:807,errors:0
rt:9.5,through:89.6,tt:0.35,num_interact:1344,Intrvl:15,num_users:730,errors:0
rt:8.77,through:79,tt:0.37,num_interact:1185,Intrvl:15,num_users:769,errors:0
rt:10.37,through:76.2,tt:0.33,num_interact:1143,Intrvl:15,num_users:777,errors:0
rt:9.1,through:77.53,tt:0.36,num_interact:1164,Intrvl:15,num_users:695,errors:0
rt:8.33,through:110.8,tt:0.34,num_interact:1867,Intrvl:15,num_users:715,errors:0
rt:9.99,through:126.13,tt:0.36,num_interact:1892,Intrvl:15,num_users:789,errors:23
rt:10.12,through:45.2,tt:0.36,num_interact:678,Intrvl:15,num_users:801,errors:0
rt:15.89,through:114.8,tt:0.33,num_interact:2302,Intrvl:15,num_users:812,errors:0
rt:13.29,through:78.4,tt:0.35,num_interact:1176,Intrvl:15,num_users:820,errors:0
rt:9.92,through:68.87,tt:0.34,num_interact:1137,Intrvl:15,num_users:822,errors:0
rt:14.11,through:33.33,tt:0.33,num_interact:500,Intrvl:15,num_users:752,errors:0
rt:17.25,through:37.93,tt:0.34,num_interact:569,Intrvl:15,num_users:782,errors:0
rt:20.33,through:44,tt:0.34,num_interact:660,Intrvl:15,num_users:731,errors:0
rt:14.12,through:74,tt:0.35,num_interact:1110,Intrvl:15,num_users:668,errors:0
rt:9.86,through:260.27,tt:0.36,num_interact:3904,Intrvl:15,num_users:686,errors:0
rt:10.04,through:69.87,tt:0.35,num_interact:1048,Intrvl:15,num_users:673,errors:0
rt:8.9,through:75.8,tt:0.35,num_interact:1231,Intrvl:15,num_users:601,errors:0
rt:8.49,through:256.07,tt:0.35,num_interact:3841,Intrvl:15,num_users:679,errors:0
rt:8.82,through:63.33,tt:0.36,num_interact:1310,Intrvl:15,num_users:698,errors:0
rt:11.44,through:109.27,tt:0.34,num_interact:1639,Intrvl:15,num_users:702,errors:0
rt:10.05,through:63.27,tt:0.36,num_interact:949,Intrvl:15,num_users:676,errors:0
rt:11.1,through:60.07,tt:0.36,num_interact:1717,Intrvl:15,num_users:708,errors:0
rt:8.89,through:78.53,tt:0.33,num_interact:1178,Intrvl:15,num_users:697,errors:0
rt:9.52,through:75.2,tt:0.36,num_interact:1128,Intrvl:15,num_users:679,errors:0
rt:8,through:70.6,tt:0.35,num_interact:1059,Intrvl:15,num_users:697,errors:0
rt:9.69,through:61.07,tt:0.34,num_interact:916,Intrvl:15,num_users:669,errors:0
rt:10.98,through:57.93,tt:0.37,num_interact:869,Intrvl:15,num_users:735,errors:0
rt:10.8,through:70.13,tt:0.36,num_interact:1052,Intrvl:15,num_users:725,errors:0
rt:11.1,through:56.47,tt:0.37,num_interact:847,Intrvl:15,num_users:731,errors:0
rt:10.39,through:71.93,tt:0.35,num_interact:1300,Intrvl:15,num_users:696,errors:0
rt:9.76,through:73.47,tt:0.36,num_interact:1102,Intrvl:15,num_users:637,errors:0
rt:8.31,through:55.4,tt:0.37,num_interact:831,Intrvl:15,num_users:702,errors:0
rt:10.94,through:63.6,tt:0.36,num_interact:955,Intrvl:15,num_users:648,errors:0
rt:9.44,through:113.4,tt:0.36,num_interact:1701,Intrvl:15,num_users:651,errors:0
rt:8.42,through:75.07,tt:0.35,num_interact:1126,Intrvl:15,num_users:638,errors:0
rt:9.18,through:47.8,tt:0.34,num_interact:717,Intrvl:15,num_users:757,errors:0
rt:9.87,through:79.87,tt:0.36,num_interact:1198,Intrvl:15,num_users:607,errors:0
rt:7.8,through:80.13,tt:0.34,num_interact:1291,Intrvl:15,num_users:604,errors:0
rt:7.81,through:89.27,tt:0.35,num_interact:1339,Intrvl:15,num_users:650,errors:0
rt:8,through:71.93,tt:0.36,num_interact:1079,Intrvl:15,num_users:654,errors:0
rt:9.55,through:72.33,tt:0.37,num_interact:1088,Intrvl:15,num_users:661,errors:0
rt:8.4,through:86.73,tt:0.36,num_interact:1301,Intrvl:15,num_users:704,errors:0
rt:8.06,through:74.53,tt:0.33,num_interact:1118,Intrvl:15,num_users:575,errors:0
rt:7.04,through:94.47,tt:0.34,num_interact:1417,Intrvl:15,num_users:612,errors:0
rt:7.64,through:71.27,tt:0.35,num_interact:1069,Intrvl:15,num_users:613,errors:0
rt:8.25,through:185.6,tt:0.34,num_interact:2896,Intrvl:15,num_users:628,errors:16
rt:8.02,through:68.4,tt:0.36,num_interact:1026,Intrvl:15,num_users:624,errors:14
rt:7.9,through:74.47,tt:0.34,num_interact:1117,Intrvl:15,num_users:606,errors:0
rt:8.12,through:87,tt:0.35,num_interact:1367,Intrvl:15,num_users:604,errors:0
rt:6.87,through:85.8,tt:0.33,num_interact:1287,Intrvl:15,num_users:601,errors:0
rt:6.2,through:80.07,tt:0.34,num_interact:1201,Intrvl:15,num_users:599,errors:0
rt:7.21,through:113.33,tt:0.35,num_interact:1700,Intrvl:15,num_users:649,errors:0
rt:8.99,through:70.53,tt:0.37,num_interact:1058,Intrvl:15,num_users:741,errors:0
rt:8.91,through:73.8,tt:0.34,num_interact:1107,Intrvl:15,num_users:626,errors:0
rt:6.97,through:91.07,tt:0.35,num_interact:1366,Intrvl:15,num_users:562,errors:0
rt:6.45,through:88.4,tt:0.35,num_interact:1326,Intrvl:15,num_users:582,errors:0
rt:7.31,through:82.73,tt:0.36,num_interact:1241,Intrvl:15,num_users:637,errors:0
rt:7.43,through:82.13,tt:0.33,num_interact:1232,Intrvl:15,num_users:636,errors:0
rt:7.3,through:86.13,tt:0.36,num_interact:1292,Intrvl:15,num_users:690,errors:0
rt:7.73,through:78.47,tt:0.37,num_interact:1177,Intrvl:15,num_users:616,errors:0
rt:7.37,through:79.2,tt:0.35,num_interact:1188,Intrvl:15,num_users:634,errors:0
rt:7.65,through:60.07,tt:0.36,num_interact:901,Intrvl:15,num_users:680,errors:0
rt:10.31,through:75.47,tt:0.36,num_interact:1132,Intrvl:15,num_users:672,errors:0
rt:8.43,through:82.13,tt:0.35,num_interact:1232,Intrvl:15,num_users:676,errors:0
rt:7.46,through:76.13,tt:0.35,num_interact:1142,Intrvl:15,num_users:622,errors:0
rt:6.96,through:91.6,tt:0.34,num_interact:1374,Intrvl:15,num_users:615,errors:0
rt:6.57,through:79.33,tt:0.37,num_interact:1190,Intrvl:15,num_users:567,errors:0
rt:6.22,through:93.53,tt:0.36,num_interact:1403,Intrvl:15,num_users:584,errors:0
rt:6.07,through:77.27,tt:0.37,num_interact:1159,Intrvl:15,num_users:597,errors:0
rt:7.14,through:79.73,tt:0.36,num_interact:1196,Intrvl:15,num_users:560,errors:0
rt:6.4,through:135.13,tt:0.35,num_interact:2027,Intrvl:15,num_users:581,errors:0
rt:6.59,through:90,tt:0.33,num_interact:1350,Intrvl:15,num_users:601,errors:0
rt:6.14,through:88.13,tt:0.35,num_interact:1520,Intrvl:15,num_users:581,errors:0
rt:7.24,through:93.53,tt:0.35,num_interact:1403,Intrvl:15,num_users:638,errors:0
rt:7.35,through:78.6,tt:0.36,num_interact:1485,Intrvl:15,num_users:710,errors:0
rt:8.79,through:77.4,tt:0.35,num_interact:1161,Intrvl:15,num_users:725,errors:0
rt:9.92,through:55.6,tt:0.34,num_interact:834,Intrvl:15,num_users:702,errors:0
rt:10.57,through:79.87,tt:0.35,num_interact:1303,Intrvl:15,num_users:735,errors:0
rt:8.74,through:76.67,tt:0.36,num_interact:1150,Intrvl:15,num_users:668,errors:0
rt:6.99,through:91.4,tt:0.35,num_interact:1371,Intrvl:15,num_users:591,errors:0
rt:6.45,through:82,tt:0.36,num_interact:1230,Intrvl:15,num_users:630,errors:0
rt:6.93,through:86.73,tt:0.34,num_interact:1301,Intrvl:15,num_users:598,errors:0
rt:6.94,through:86.8,tt:0.34,num_interact:1302,Intrvl:15,num_users:622,errors:0
rt:7.44,through:76.4,tt:0.35,num_interact:1146,Intrvl:15,num_users:677,errors:0
rt:7.83,through:85.2,tt:0.35,num_interact:1278,Intrvl:15,num_users:687,errors:0
rt:7.31,through:81.8,tt:0.32,num_interact:1227,Intrvl:15,num_users:624,errors:0
rt:7.73,through:83.93,tt:0.36,num_interact:1259,Intrvl:15,num_users:625,errors:0
rt:6.71,through:87.87,tt:0.36,num_interact:1318,Intrvl:15,num_users:623,errors:0
rt:7.48,through:77.27,tt:0.35,num_interact:1159,Intrvl:15,num_users:626,errors:0
rt:7.03,through:89.6,tt:0.37,num_interact:1344,Intrvl:15,num_users:633,errors:0
rt:7.65,through:68.8,tt:0.36,num_interact:1032,Intrvl:15,num_users:605,errors:0
rt:8.13,through:105.67,tt:0.35,num_interact:1585,Intrvl:15,num_users:693,errors:0
rt:9.66,through:83.2,tt:0.35,num_interact:1250,Intrvl:15,num_users:644,errors:0
rt:7.35,through:79.87,tt:0.35,num_interact:1198,Intrvl:15,num_users:628,errors:0
rt:7.35,through:95.67,tt:0.34,num_interact:1435,Intrvl:15,num_users:638,errors:0
rt:7.52,through:82.47,tt:0.37,num_interact:1237,Intrvl:15,num_users:648,errors:0
rt:6.34,through:78.13,tt:0.34,num_interact:1172,Intrvl:15,num_users:589,errors:0
rt:8.41,through:92.13,tt:0.36,num_interact:1382,Intrvl:15,num_users:662,errors:0
rt:6.32,through:81.27,tt:0.35,num_interact:1219,Intrvl:15,num_users:566,errors:0
rt:7.05,through:83.13,tt:0.37,num_interact:1328,Intrvl:15,num_users:582,errors:0
rt:7.59,through:85.27,tt:0.36,num_interact:1279,Intrvl:15,num_users:628,errors:0
rt:6.48,through:84.8,tt:0.34,num_interact:1272,Intrvl:15,num_users:632,errors:0
rt:5.12,through:73.2,tt:0.36,num_interact:1098,Intrvl:15,num_users:572,errors:0
rt:7.77,through:133.87,tt:0.36,num_interact:2008,Intrvl:15,num_users:622,errors:0
rt:7.51,through:84.87,tt:0.35,num_interact:1273,Intrvl:15,num_users:619,errors:0
rt:7,through:70.6,tt:0.37,num_interact:1059,Intrvl:15,num_users:653,errors:0
rt:8.36,through:82.4,tt:0.35,num_interact:1236,Intrvl:15,num_users:638,errors:0
rt:7,through:75.93,tt:0.36,num_interact:1139,Intrvl:15,num_users:618,errors:0
rt:7.81,through:88.4,tt:0.36,num_interact:1326,Intrvl:15,num_users:655,errors:0
rt:7.17,through:76.27,tt:0.35,num_interact:1144,Intrvl:15,num_users:598,errors:0
rt:7.49,through:86,tt:0.34,num_interact:1290,Intrvl:15,num_users:594,errors:0
rt:7.71,through:83.8,tt:0.36,num_interact:1257,Intrvl:15,num_users:658,errors:0
rt:6.41,through:79.8,tt:0.34,num_interact:1677,Intrvl:15,num_users:582,errors:0
rt:7.5,through:98.93,tt:0.36,num_interact:1484,Intrvl:15,num_users:693,errors:0
rt:8.27,through:131.6,tt:0.36,num_interact:1974,Intrvl:15,num_users:716,errors:0
rt:7.42,through:85.13,tt:0.37,num_interact:1277,Intrvl:15,num_users:596,errors:0
rt:7.8,through:77.87,tt:0.36,num_interact:1336,Intrvl:15,num_users:653,errors:0
rt:7.7,through:88.67,tt:0.35,num_interact:1330,Intrvl:15,num_users:664,errors:0
rt:6.98,through:82.27,tt:0.36,num_interact:1234,Intrvl:15,num_users:586,errors:0
rt:6.39,through:86.67,tt:0.35,num_interact:1300,Intrvl:15,num_users:614,errors:0
rt:6.83,through:92.2,tt:0.36,num_interact:1383,Intrvl:15,num_users:631,errors:0
rt:6.57,through:73.93,tt:0.35,num_interact:1109,Intrvl:15,num_users:608,errors:0
rt:8.15,through:86.07,tt:0.33,num_interact:1291,Intrvl:15,num_users:593,errors:0
rt:7.08,through:85.53,tt:0.37,num_interact:1283,Intrvl:15,num_users:644,errors:0
rt:7.04,through:75.2,tt:0.36,num_interact:1128,Intrvl:15,num_users:607,errors:0
rt:7.74,through:81.2,tt:0.34,num_interact:1218,Intrvl:15,num_users:596,errors:0
rt:7.06,through:80.33,tt:0.34,num_interact:1205,Intrvl:15,num_users:603,errors:0
rt:6.44,through:85.6,tt:0.37,num_interact:1284,Intrvl:15,num_users:543,errors:0
rt:6.32,through:79.53,tt:0.36,num_interact:1193,Intrvl:15,num_users:631,errors:0
rt:6.73,through:81.13,tt:0.35,num_interact:1217,Intrvl:15,num_users:598,errors:0
rt:6.42,through:78,tt:0.35,num_interact:1170,Intrvl:15,num_users:555,errors:0
rt:6.63,through:99.2,tt:0.33,num_interact:1488,Intrvl:15,num_users:560,errors:0
rt:6.09,through:112.33,tt:0.35,num_interact:1998,Intrvl:15,num_users:605,errors:0
rt:7.38,through:83,tt:0.35,num_interact:1245,Intrvl:15,num_users:578,errors:0
rt:6.59,through:115.87,tt:0.36,num_interact:1738,Intrvl:15,num_users:616,errors:0
rt:8.4,through:78.47,tt:0.35,num_interact:1177,Intrvl:15,num_users:635,errors:0
rt:6.61,through:72.13,tt:0.35,num_interact:1082,Intrvl:15,num_users:636,errors:0
rt:8.67,through:130.13,tt:0.34,num_interact:1952,Intrvl:15,num_users:648,errors:0
rt:4.31,through:95.33,tt:0.35,num_interact:1430,Intrvl:15,num_users:418,errors:0
rt:3.86,through:100.6,tt:0.36,num_interact:1509,Intrvl:15,num_users:417,errors:0
rt:3.86,through:96.87,tt:0.34,num_interact:2028,Intrvl:15,num_users:422,errors:0
rt:4.55,through:96.73,tt:0.35,num_interact:1451,Intrvl:15,num_users:419,errors:0
rt:3.33,through:99.07,tt:0.36,num_interact:1486,Intrvl:15,num_users:380,errors:0
rt:3.6,through:101.93,tt:0.36,num_interact:1622,Intrvl:15,num_users:386,errors:0
rt:3.44,through:102.47,tt:0.35,num_interact:1537,Intrvl:15,num_users:368,errors:0
rt:3.62,through:101.6,tt:0.36,num_interact:1524,Intrvl:15,num_users:404,errors:0
rt:3.03,through:103.07,tt:0.35,num_interact:1777,Intrvl:15,num_users:363,errors:0
rt:3.44,through:106.2,tt:0.36,num_interact:1700,Intrvl:15,num_users:376,errors:0
rt:3.03,through:104.2,tt:0.36,num_interact:1563,Intrvl:15,num_users:360,errors:0
rt:3.28,through:102.73,tt:0.35,num_interact:1688,Intrvl:15,num_users:381,errors:0
rt:3.49,through:214.87,tt:0.36,num_interact:3223,Intrvl:15,num_users:394,errors:0
rt:3.52,through:99.07,tt:0.34,num_interact:1486,Intrvl:15,num_users:390,errors:0
rt:2.95,through:104.53,tt:0.34,num_interact:1568,Intrvl:15,num_users:343,errors:0
rt:3.42,through:96.93,tt:0.37,num_interact:1454,Intrvl:15,num_users:395,errors:0
rt:3.58,through:104.53,tt:0.34,num_interact:1568,Intrvl:15,num_users:388,errors:0
rt:3.47,through:100.53,tt:0.34,num_interact:1508,Intrvl:15,num_users:389,errors:0
rt:3.97,through:99,tt:0.35,num_interact:1491,Intrvl:15,num_users:424,errors:0
rt:3.61,through:95.47,tt:0.35,num_interact:1432,Intrvl:15,num_users:411,errors:0
rt:3.02,through:103.8,tt:0.37,num_interact:1557,Intrvl:15,num_users:352,errors:0
rt:3.26,through:107.13,tt:0.35,num_interact:1836,Intrvl:15,num_users:376,errors:0
rt:3.55,through:171.87,tt:0.36,num_interact:2578,Intrvl:15,num_users:403,errors:0
rt:3.57,through:102.53,tt:0.35,num_interact:1538,Intrvl:15,num_users:381,errors:0
rt:3.57,through:96.8,tt:0.34,num_interact:1452,Intrvl:15,num_users:403,errors:0
rt:3.44,through:101.33,tt:0.35,num_interact:1541,Intrvl:15,num_users:390,errors:0
rt:3.48,through:100.27,tt:0.35,num_interact:1504,Intrvl:15,num_users:378,errors:0
rt:2.82,through:108.13,tt:0.36,num_interact:1749,Intrvl:15,num_users:345,errors:0
rt:2.98,through:110.6,tt:0.36,num_interact:1659,Intrvl:15,num_users:342,errors:0
rt:3.58,through:95.13,tt:0.35,num_interact:1427,Intrvl:15,num_users:409,errors:0
rt:4.19,through:93.2,tt:0.36,num_interact:1398,Intrvl:15,num_users:456,errors:0
rt:3.35,through:108.27,tt:0.36,num_interact:1624,Intrvl:15,num_users:362,errors:0
rt:3.54,through:95.47,tt:0.35,num_interact:1870,Intrvl:15,num_users:408,errors:0
rt:3.31,through:107.13,tt:0.34,num_interact:1633,Intrvl:15,num_users:368,errors:0
rt:3.69,through:214.07,tt:0.36,num_interact:3211,Intrvl:15,num_users:435,errors:0
rt:3.78,through:99,tt:0.33,num_interact:1485,Intrvl:15,num_users:397,errors:0
rt:3.35,through:97.6,tt:0.35,num_interact:1464,Intrvl:15,num_users:385,errors:0
rt:3.05,through:103,tt:0.35,num_interact:1545,Intrvl:15,num_users:343,errors:0
rt:3.65,through:99.2,tt:0.36,num_interact:1566,Intrvl:15,num_users:415,errors:0
rt:3.87,through:109.53,tt:0.34,num_interact:1643,Intrvl:15,num_users:423,errors:0
rt:3.7,through:99.33,tt:0.35,num_interact:1593,Intrvl:15,num_users:394,errors:0
rt:3.28,through:105.73,tt:0.36,num_interact:1586,Intrvl:15,num_users:363,errors:0
rt:2.88,through:103.53,tt:0.35,num_interact:1556,Intrvl:15,num_users:343,errors:0
rt:2.98,through:166.6,tt:0.36,num_interact:2499,Intrvl:15,num_users:361,errors:0
rt:3.48,through:115.07,tt:0.35,num_interact:1726,Intrvl:15,num_users:394,errors:0
rt:4.26,through:125.67,tt:0.37,num_interact:1891,Intrvl:15,num_users:474,errors:0
rt:3.84,through:97.93,tt:0.33,num_interact:1469,Intrvl:15,num_users:407,errors:0
rt:3.2,through:103.8,tt:0.34,num_interact:1557,Intrvl:15,num_users:362,errors:0
rt:3.86,through:97.53,tt:0.36,num_interact:1463,Intrvl:15,num_users:416,errors:0
rt:3.93,through:93.73,tt:0.36,num_interact:1597,Intrvl:15,num_users:415,errors:0
rt:3.85,through:95.47,tt:0.34,num_interact:1432,Intrvl:15,num_users:401,errors:0
rt:4.17,through:116.67,tt:0.35,num_interact:1750,Intrvl:15,num_users:443,errors:0
rt:3.47,through:102.53,tt:0.35,num_interact:1538,Intrvl:15,num_users:371,errors:0
rt:3.54,through:97.27,tt:0.34,num_interact:1490,Intrvl:15,num_users:407,errors:0
rt:3.63,through:103.13,tt:0.35,num_interact:1547,Intrvl:15,num_users:387,errors:0
rt:3.64,through:96.73,tt:0.34,num_interact:1714,Intrvl:15,num_users:403,errors:0
rt:3.47,through:100.67,tt:0.35,num_interact:1510,Intrvl:15,num_users:380,errors:0
rt:3.52,through:103.47,tt:0.33,num_interact:1552,Intrvl:15,num_users:408,errors:0
rt:3.67,through:100.4,tt:0.35,num_interact:1506,Intrvl:15,num_users:392,errors:0
rt:3.77,through:100.8,tt:0.35,num_interact:1512,Intrvl:15,num_users:408,errors:0
Terminating EBs...
EB TPCW Broswing Mix EB #817commiting suicide!
EB TPCW Broswing Mix EB #290commiting suicide!
EB TPCW Broswing Mix EB #153commiting suicide!
EB TPCW Broswing Mix EB #15501commiting suicide!
EB TPCW Broswing Mix EB #211commiting suicide!
EB TPCW Broswing Mix EB #15504commiting suicide!
EB TPCW Broswing Mix EB #279commiting suicide!
EB TPCW Broswing Mix EB #1052commiting suicide!
EB TPCW Broswing Mix EB #15620commiting suicide!
EB TPCW Broswing Mix EB #127commiting suicide!
EB TPCW Broswing Mix EB #310commiting suicide!
EB TPCW Broswing Mix EB #221commiting suicide!
EB TPCW Broswing Mix EB #176commiting suicide!
EB TPCW Broswing Mix EB #50commiting suicide!
EB TPCW Broswing Mix EB #58commiting suicide!
EB TPCW Broswing Mix EB #15778commiting suicide!
EB TPCW Broswing Mix EB #251commiting suicide!
EB TPCW Broswing Mix EB #77commiting suicide!
EB TPCW Broswing Mix EB #194commiting suicide!
EB TPCW Broswing Mix EB #147commiting suicide!
EB TPCW Broswing Mix EB #15718commiting suicide!
EB TPCW Broswing Mix EB #170commiting suicide!
EB TPCW Broswing Mix EB #15773commiting suicide!
EB TPCW Broswing Mix EB #182commiting suicide!
EB TPCW Broswing Mix EB #5commiting suicide!
EB TPCW Broswing Mix EB #231commiting suicide!
EB TPCW Broswing Mix EB #17commiting suicide!
EB TPCW Broswing Mix EB #169commiting suicide!
EB TPCW Broswing Mix EB #313commiting suicide!
EB TPCW Broswing Mix EB #177commiting suicide!
EB TPCW Broswing Mix EB #267commiting suicide!
EB TPCW Broswing Mix EB #163commiting suicide!
EB TPCW Broswing Mix EB #191commiting suicide!
EB TPCW Broswing Mix EB #143commiting suicide!
EB TPCW Broswing Mix EB #258commiting suicide!
EB TPCW Broswing Mix EB #1045commiting suicide!
EB TPCW Broswing Mix EB #104commiting suicide!
EB TPCW Broswing Mix EB #29commiting suicide!
EB TPCW Broswing Mix EB #195commiting suicide!
EB TPCW Broswing Mix EB #15770commiting suicide!
EB TPCW Broswing Mix EB #220commiting suicide!
EB TPCW Broswing Mix EB #112commiting suicide!
EB TPCW Broswing Mix EB #100commiting suicide!
EB TPCW Broswing Mix EB #326commiting suicide!
EB TPCW Broswing Mix EB #288commiting suicide!
EB TPCW Broswing Mix EB #236commiting suicide!
EB TPCW Broswing Mix EB #10commiting suicide!
EB TPCW Broswing Mix EB #136commiting suicide!
EB TPCW Broswing Mix EB #250commiting suicide!
EB TPCW Broswing Mix EB #15810commiting suicide!
EB TPCW Broswing Mix EB #305commiting suicide!
EB TPCW Broswing Mix EB #20commiting suicide!
EB TPCW Broswing Mix EB #282commiting suicide!
EB TPCW Broswing Mix EB #15798commiting suicide!
EB TPCW Broswing Mix EB #285commiting suicide!
EB TPCW Broswing Mix EB #96commiting suicide!
EB TPCW Broswing Mix EB #297commiting suicide!
EB TPCW Broswing Mix EB #229commiting suicide!
EB TPCW Broswing Mix EB #264commiting suicide!
EB TPCW Broswing Mix EB #197commiting suicide!
EB TPCW Broswing Mix EB #287commiting suicide!
EB TPCW Broswing Mix EB #271commiting suicide!
EB TPCW Broswing Mix EB #187commiting suicide!
EB TPCW Broswing Mix EB #293commiting suicide!
EB TPCW Broswing Mix EB #278commiting suicide!
EB TPCW Broswing Mix EB #92commiting suicide!
EB TPCW Broswing Mix EB #257commiting suicide!
EB TPCW Broswing Mix EB #225commiting suicide!
EB TPCW Broswing Mix EB #108commiting suicide!
EB TPCW Broswing Mix EB #320commiting suicide!
EB TPCW Broswing Mix EB #219commiting suicide!
EB TPCW Broswing Mix EB #138commiting suicide!
EB TPCW Broswing Mix EB #298commiting suicide!
EB TPCW Broswing Mix EB #76commiting suicide!
EB TPCW Broswing Mix EB #141commiting suicide!
EB TPCW Broswing Mix EB #179commiting suicide!
EB TPCW Broswing Mix EB #185commiting suicide!
EB TPCW Broswing Mix EB #168commiting suicide!
EB TPCW Broswing Mix EB #46commiting suicide!
EB TPCW Broswing Mix EB #15494commiting suicide!
EB TPCW Broswing Mix EB #317commiting suicide!
EB TPCW Broswing Mix EB #15768commiting suicide!
EB TPCW Broswing Mix EB #140commiting suicide!
EB TPCW Broswing Mix EB #300commiting suicide!
EB TPCW Broswing Mix EB #208commiting suicide!
EB TPCW Broswing Mix EB #274commiting suicide!
EB TPCW Broswing Mix EB #15505commiting suicide!
EB TPCW Broswing Mix EB #54commiting suicide!
EB TPCW Broswing Mix EB #81commiting suicide!
EB TPCW Broswing Mix EB #15503commiting suicide!
EB TPCW Broswing Mix EB #15795commiting suicide!
EB TPCW Broswing Mix EB #94commiting suicide!
EB TPCW Broswing Mix EB #114commiting suicide!
EB TPCW Broswing Mix EB #1048commiting suicide!
EB TPCW Broswing Mix EB #97commiting suicide!
EB TPCW Broswing Mix EB #178commiting suicide!
EB TPCW Broswing Mix EB #124commiting suicide!
EB TPCW Broswing Mix EB #52commiting suicide!
EB TPCW Broswing Mix EB #80commiting suicide!
EB TPCW Broswing Mix EB #113commiting suicide!
EB TPCW Broswing Mix EB #15769commiting suicide!
EB TPCW Broswing Mix EB #142commiting suicide!
EB TPCW Broswing Mix EB #122commiting suicide!
EB TPCW Broswing Mix EB #15498commiting suicide!
EB TPCW Broswing Mix EB #133commiting suicide!
EB TPCW Broswing Mix EB #190commiting suicide!
EB TPCW Broswing Mix EB #238commiting suicide!
EB TPCW Broswing Mix EB #188commiting suicide!
EB TPCW Broswing Mix EB #161commiting suicide!
EB TPCW Broswing Mix EB #56commiting suicide!
EB TPCW Broswing Mix EB #1053commiting suicide!
EB TPCW Broswing Mix EB #15181commiting suicide!
EB TPCW Broswing Mix EB #325commiting suicide!
EB TPCW Broswing Mix EB #262commiting suicide!
EB TPCW Broswing Mix EB #47commiting suicide!
EB TPCW Broswing Mix EB #260commiting suicide!
EB TPCW Broswing Mix EB #15808commiting suicide!
EB TPCW Broswing Mix EB #67commiting suicide!
EB TPCW Broswing Mix EB #15721commiting suicide!
EB TPCW Broswing Mix EB #98commiting suicide!
EB TPCW Broswing Mix EB #55commiting suicide!
EB TPCW Broswing Mix EB #15796commiting suicide!
EB TPCW Broswing Mix EB #4commiting suicide!
EB TPCW Broswing Mix EB #59commiting suicide!
EB TPCW Broswing Mix EB #263commiting suicide!
EB TPCW Broswing Mix EB #13commiting suicide!
EB TPCW Broswing Mix EB #245commiting suicide!
EB TPCW Broswing Mix EB #111commiting suicide!
EB TPCW Broswing Mix EB #131commiting suicide!
EB TPCW Broswing Mix EB #33commiting suicide!
EB TPCW Broswing Mix EB #15506commiting suicide!
EB TPCW Broswing Mix EB #215commiting suicide!
EB TPCW Broswing Mix EB #206commiting suicide!
EB TPCW Broswing Mix EB #15803commiting suicide!
EB TPCW Broswing Mix EB #15775commiting suicide!
EB TPCW Broswing Mix EB #291commiting suicide!
EB TPCW Broswing Mix EB #82commiting suicide!
EB TPCW Broswing Mix EB #137commiting suicide!
EB TPCW Broswing Mix EB #15800commiting suicide!
EB TPCW Broswing Mix EB #28commiting suicide!
EB TPCW Broswing Mix EB #15500commiting suicide!
EB TPCW Broswing Mix EB #15491commiting suicide!
EB TPCW Broswing Mix EB #256commiting suicide!
EB TPCW Broswing Mix EB #32commiting suicide!
EB TPCW Broswing Mix EB #323commiting suicide!
EB TPCW Broswing Mix EB #241commiting suicide!
EB TPCW Broswing Mix EB #106commiting suicide!
EB TPCW Broswing Mix EB #121commiting suicide!
EB TPCW Broswing Mix EB #89commiting suicide!
EB TPCW Broswing Mix EB #66commiting suicide!
EB TPCW Broswing Mix EB #15767commiting suicide!
EB TPCW Broswing Mix EB #105commiting suicide!
EB TPCW Broswing Mix EB #314commiting suicide!
EB TPCW Broswing Mix EB #265commiting suicide!
EB TPCW Broswing Mix EB #7commiting suicide!
EB TPCW Broswing Mix EB #60commiting suicide!
EB TPCW Broswing Mix EB #85commiting suicide!
EB TPCW Broswing Mix EB #149commiting suicide!
EB TPCW Broswing Mix EB #103commiting suicide!
EB TPCW Broswing Mix EB #34commiting suicide!
EB TPCW Broswing Mix EB #216commiting suicide!
EB TPCW Broswing Mix EB #70commiting suicide!
EB TPCW Broswing Mix EB #39commiting suicide!
EB TPCW Broswing Mix EB #269commiting suicide!
EB TPCW Broswing Mix EB #158commiting suicide!
EB TPCW Broswing Mix EB #174commiting suicide!
EB TPCW Broswing Mix EB #299commiting suicide!
EB TPCW Broswing Mix EB #91commiting suicide!
EB TPCW Broswing Mix EB #65commiting suicide!
EB TPCW Broswing Mix EB #51commiting suicide!
EB TPCW Broswing Mix EB #75commiting suicide!
EB TPCW Broswing Mix EB #307commiting suicide!
EB TPCW Broswing Mix EB #64commiting suicide!
EB TPCW Broswing Mix EB #15717commiting suicide!
EB TPCW Broswing Mix EB #15622commiting suicide!
EB TPCW Broswing Mix EB #15499commiting suicide!
EB TPCW Broswing Mix EB #189commiting suicide!
EB TPCW Broswing Mix EB #246commiting suicide!
EB TPCW Broswing Mix EB #150commiting suicide!
EB TPCW Broswing Mix EB #321commiting suicide!
EB TPCW Broswing Mix EB #116commiting suicide!
EB TPCW Broswing Mix EB #27commiting suicide!
EB TPCW Broswing Mix EB #319commiting suicide!
EB TPCW Broswing Mix EB #315commiting suicide!
EB TPCW Broswing Mix EB #237commiting suicide!
EB TPCW Broswing Mix EB #117commiting suicide!
EB TPCW Broswing Mix EB #292commiting suicide!
EB TPCW Broswing Mix EB #816commiting suicide!
EB TPCW Broswing Mix EB #295commiting suicide!
EB TPCW Broswing Mix EB #15495commiting suicide!
EB TPCW Broswing Mix EB #101commiting suicide!
EB TPCW Broswing Mix EB #227commiting suicide!
EB TPCW Broswing Mix EB #78commiting suicide!
EB TPCW Broswing Mix EB #15771commiting suicide!
EB TPCW Broswing Mix EB #24commiting suicide!
EB TPCW Broswing Mix EB #15774commiting suicide!
EB TPCW Broswing Mix EB #57commiting suicide!
EB TPCW Broswing Mix EB #40commiting suicide!
EB TPCW Broswing Mix EB #244commiting suicide!
EB TPCW Broswing Mix EB #93commiting suicide!
EB TPCW Broswing Mix EB #129commiting suicide!
EB TPCW Broswing Mix EB #12commiting suicide!
EB TPCW Broswing Mix EB #1050commiting suicide!
EB TPCW Broswing Mix EB #1047commiting suicide!
EB TPCW Broswing Mix EB #15797commiting suicide!
EB TPCW Broswing Mix EB #109commiting suicide!
EB TPCW Broswing Mix EB #210commiting suicide!
EB TPCW Broswing Mix EB #15802commiting suicide!
EB TPCW Broswing Mix EB #266commiting suicide!
EB TPCW Broswing Mix EB #15490commiting suicide!
EB TPCW Broswing Mix EB #18commiting suicide!
EB TPCW Broswing Mix EB #44commiting suicide!
EB TPCW Broswing Mix EB #212commiting suicide!
EB TPCW Broswing Mix EB #171commiting suicide!
EB TPCW Broswing Mix EB #139commiting suicide!
EB TPCW Broswing Mix EB #15716commiting suicide!
EB TPCW Broswing Mix EB #15777commiting suicide!
EB TPCW Broswing Mix EB #240commiting suicide!
EB TPCW Broswing Mix EB #322commiting suicide!
EB TPCW Broswing Mix EB #235commiting suicide!
EB TPCW Broswing Mix EB #242commiting suicide!
EB TPCW Broswing Mix EB #22commiting suicide!
EB TPCW Broswing Mix EB #255commiting suicide!
EB TPCW Broswing Mix EB #192commiting suicide!
EB TPCW Broswing Mix EB #63commiting suicide!
EB TPCW Broswing Mix EB #30commiting suicide!
EB TPCW Broswing Mix EB #15619commiting suicide!
EB TPCW Broswing Mix EB #15627commiting suicide!
EB TPCW Broswing Mix EB #31commiting suicide!
EB TPCW Broswing Mix EB #14commiting suicide!
EB TPCW Broswing Mix EB #126commiting suicide!
EB TPCW Broswing Mix EB #160commiting suicide!
EB TPCW Broswing Mix EB #166commiting suicide!
EB TPCW Broswing Mix EB #252commiting suicide!
EB TPCW Broswing Mix EB #199commiting suicide!
EB TPCW Broswing Mix EB #277commiting suicide!
EB TPCW Broswing Mix EB #15720commiting suicide!
EB TPCW Broswing Mix EB #308commiting suicide!
EB TPCW Broswing Mix EB #35commiting suicide!
EB TPCW Broswing Mix EB #45commiting suicide!
EB TPCW Broswing Mix EB #48commiting suicide!
EB TPCW Broswing Mix EB #223commiting suicide!
EB TPCW Broswing Mix EB #15625commiting suicide!
EB TPCW Broswing Mix EB #83commiting suicide!
EB TPCW Broswing Mix EB #1042commiting suicide!
EB TPCW Broswing Mix EB #243commiting suicide!
EB TPCW Broswing Mix EB #228commiting suicide!
EB TPCW Broswing Mix EB #209commiting suicide!
EB TPCW Broswing Mix EB #281commiting suicide!
EB TPCW Broswing Mix EB #200commiting suicide!
EB TPCW Broswing Mix EB #115commiting suicide!
EB TPCW Broswing Mix EB #99commiting suicide!
EB TPCW Broswing Mix EB #1049commiting suicide!
EB TPCW Broswing Mix EB #9commiting suicide!
EB TPCW Broswing Mix EB #224commiting suicide!
EB TPCW Broswing Mix EB #294commiting suicide!
EB TPCW Broswing Mix EB #15commiting suicide!
EB TPCW Broswing Mix EB #232commiting suicide!
EB TPCW Broswing Mix EB #311commiting suicide!
EB TPCW Broswing Mix EB #301commiting suicide!
EB TPCW Broswing Mix EB #324commiting suicide!
EB TPCW Broswing Mix EB #217commiting suicide!
EB TPCW Broswing Mix EB #119commiting suicide!
EB TPCW Broswing Mix EB #304commiting suicide!
EB TPCW Broswing Mix EB #306commiting suicide!
EB TPCW Broswing Mix EB #156commiting suicide!
EB TPCW Broswing Mix EB #15807commiting suicide!
EB TPCW Broswing Mix EB #53commiting suicide!
EB TPCW Broswing Mix EB #328commiting suicide!
EB TPCW Broswing Mix EB #318commiting suicide!
EB TPCW Broswing Mix EB #69commiting suicide!
EB TPCW Broswing Mix EB #196commiting suicide!
EB TPCW Broswing Mix EB #181commiting suicide!
EB TPCW Broswing Mix EB #261commiting suicide!
EB TPCW Broswing Mix EB #205commiting suicide!
EB TPCW Broswing Mix EB #15806commiting suicide!
EB TPCW Broswing Mix EB #15489commiting suicide!
EB TPCW Broswing Mix EB #15621commiting suicide!
EB TPCW Broswing Mix EB #273commiting suicide!
EB TPCW Broswing Mix EB #230commiting suicide!
EB TPCW Broswing Mix EB #79commiting suicide!
EB TPCW Broswing Mix EB #130commiting suicide!
EB TPCW Broswing Mix EB #84commiting suicide!
EB TPCW Broswing Mix EB #15624commiting suicide!
EB TPCW Broswing Mix EB #167commiting suicide!
EB TPCW Broswing Mix EB #15722commiting suicide!
EB TPCW Broswing Mix EB #202commiting suicide!
EB TPCW Broswing Mix EB #123commiting suicide!
EB TPCW Broswing Mix EB #173commiting suicide!
EB TPCW Broswing Mix EB #38commiting suicide!
EB TPCW Broswing Mix EB #162commiting suicide!
EB TPCW Broswing Mix EB #68commiting suicide!
EB TPCW Broswing Mix EB #88commiting suicide!
EB TPCW Broswing Mix EB #71commiting suicide!
EB TPCW Broswing Mix EB #15492commiting suicide!
EB TPCW Broswing Mix EB #286commiting suicide!
EB TPCW Broswing Mix EB #19commiting suicide!
EB TPCW Broswing Mix EB #165commiting suicide!
EB TPCW Broswing Mix EB #184commiting suicide!
EB TPCW Broswing Mix EB #327commiting suicide!
EB TPCW Broswing Mix EB #15799commiting suicide!
EB TPCW Broswing Mix EB #154commiting suicide!
EB TPCW Broswing Mix EB #107commiting suicide!
EB TPCW Broswing Mix EB #125commiting suicide!
EB TPCW Broswing Mix EB #16commiting suicide!
EB TPCW Broswing Mix EB #49commiting suicide!
EB TPCW Broswing Mix EB #164commiting suicide!
EB TPCW Broswing Mix EB #239commiting suicide!
EB TPCW Broswing Mix EB #275commiting suicide!
EB TPCW Broswing Mix EB #175commiting suicide!
EB TPCW Broswing Mix EB #15801commiting suicide!
EB TPCW Broswing Mix EB #283commiting suicide!
EB TPCW Broswing Mix EB #207commiting suicide!
EB TPCW Broswing Mix EB #233commiting suicide!
EB TPCW Broswing Mix EB #204commiting suicide!
EB TPCW Broswing Mix EB #1046commiting suicide!
EB TPCW Broswing Mix EB #42commiting suicide!
EB TPCW Broswing Mix EB #73commiting suicide!
EB TPCW Broswing Mix EB #87commiting suicide!
EB TPCW Broswing Mix EB #201commiting suicide!
EB TPCW Broswing Mix EB #15626commiting suicide!
EB TPCW Broswing Mix EB #253commiting suicide!
EB TPCW Broswing Mix EB #25commiting suicide!
EB TPCW Broswing Mix EB #234commiting suicide!
EB TPCW Broswing Mix EB #41commiting suicide!
EB TPCW Broswing Mix EB #15772commiting suicide!
EB TPCW Broswing Mix EB #102commiting suicide!
EB TPCW Broswing Mix EB #302commiting suicide!
EB TPCW Broswing Mix EB #183commiting suicide!
EB TPCW Broswing Mix EB #128commiting suicide!
EB TPCW Broswing Mix EB #186commiting suicide!
EB TPCW Broswing Mix EB #276commiting suicide!
EB TPCW Broswing Mix EB #218commiting suicide!
EB TPCW Broswing Mix EB #21commiting suicide!
EB TPCW Broswing Mix EB #198commiting suicide!
EB TPCW Broswing Mix EB #1044commiting suicide!
EB TPCW Broswing Mix EB #118commiting suicide!
EB TPCW Broswing Mix EB #289commiting suicide!
EB TPCW Broswing Mix EB #15715commiting suicide!
EB TPCW Broswing Mix EB #270commiting suicide!
EB TPCW Broswing Mix EB #132commiting suicide!
EB TPCW Broswing Mix EB #312commiting suicide!
EB TPCW Broswing Mix EB #61commiting suicide!
EB TPCW Broswing Mix EB #1043commiting suicide!
EB TPCW Broswing Mix EB #15805commiting suicide!
EB TPCW Broswing Mix EB #62commiting suicide!
EB TPCW Broswing Mix EB #43commiting suicide!
EB TPCW Broswing Mix EB #272commiting suicide!
EB TPCW Broswing Mix EB #222commiting suicide!
EB TPCW Broswing Mix EB #135commiting suicide!
EB TPCW Broswing Mix EB #151commiting suicide!
EB TPCW Broswing Mix EB #157commiting suicide!
EB TPCW Broswing Mix EB #268commiting suicide!
EB TPCW Broswing Mix EB #214commiting suicide!
EB TPCW Broswing Mix EB #146commiting suicide!
EB TPCW Broswing Mix EB #249commiting suicide!
EB TPCW Broswing Mix EB #15776commiting suicide!
EB TPCW Broswing Mix EB #155commiting suicide!
EB TPCW Broswing Mix EB #159commiting suicide!
EB TPCW Broswing Mix EB #248commiting suicide!
EB TPCW Broswing Mix EB #316commiting suicide!
EB TPCW Broswing Mix EB #74commiting suicide!
EB TPCW Broswing Mix EB #23commiting suicide!
EB TPCW Broswing Mix EB #284commiting suicide!
EB TPCW Broswing Mix EB #120commiting suicide!
EB TPCW Broswing Mix EB #15723commiting suicide!
EB TPCW Broswing Mix EB #172commiting suicide!
EB TPCW Broswing Mix EB #15497commiting suicide!
EB TPCW Broswing Mix EB #180commiting suicide!
EB TPCW Broswing Mix EB #15502commiting suicide!
EB TPCW Broswing Mix EB #247commiting suicide!
EB TPCW Broswing Mix EB #309commiting suicide!
EB TPCW Broswing Mix EB #15488commiting suicide!
EB TPCW Broswing Mix EB #296commiting suicide!
EB TPCW Broswing Mix EB #203commiting suicide!
EB TPCW Broswing Mix EB #72commiting suicide!
EB TPCW Broswing Mix EB #1041commiting suicide!
EB TPCW Broswing Mix EB #15496commiting suicide!
EB TPCW Broswing Mix EB #144commiting suicide!
EB TPCW Broswing Mix EB #1051commiting suicide!
EB TPCW Broswing Mix EB #280commiting suicide!
EB TPCW Broswing Mix EB #26commiting suicide!
EB TPCW Broswing Mix EB #15809commiting suicide!
EB TPCW Broswing Mix EB #254commiting suicide!
EB TPCW Broswing Mix EB #193commiting suicide!
EB TPCW Broswing Mix EB #134commiting suicide!
EB TPCW Broswing Mix EB #90commiting suicide!
EB TPCW Broswing Mix EB #145commiting suicide!
EB TPCW Broswing Mix EB #15493commiting suicide!
EB TPCW Broswing Mix EB #86commiting suicide!
EB TPCW Broswing Mix EB #213commiting suicide!
EB TPCW Broswing Mix EB #15623commiting suicide!
EB TPCW Broswing Mix EB #152commiting suicide!
EB TPCW Broswing Mix EB #110commiting suicide!
EB TPCW Broswing Mix EB #95commiting suicide!
EB TPCW Broswing Mix EB #303commiting suicide!
EB TPCW Broswing Mix EB #15804commiting suicide!
EB TPCW Broswing Mix EB #226commiting suicide!
EB TPCW Broswing Mix EB #15719commiting suicide!
EB TPCW Broswing Mix EB #259commiting suicide!
EBs finished.
Really finishing RBE!.
