Remote Browser Emulator for TPC-W.
  ECE 902  Fall '99
  Version 1.5
System's current path is /root/loadtest
rt:0.06,through:2.13,tt:0.38,num_interact:32,Intrvl:15,num_users:1,errors:0
rt:0.16,through:35.93,tt:0.38,num_interact:540,Intrvl:15,num_users:20,errors:0
rt:1.37,through:43.27,tt:0.37,num_interact:649,Intrvl:15,num_users:80,errors:0
rt:2.15,through:45.27,tt:0.38,num_interact:679,Intrvl:15,num_users:120,errors:0
rt:3.36,through:45.07,tt:0.34,num_interact:676,Intrvl:15,num_users:180,errors:0
rt:4.59,through:44.53,tt:0.35,num_interact:668,Intrvl:15,num_users:240,errors:0
rt:5.46,through:48.07,tt:0.34,num_interact:721,Intrvl:15,num_users:280,errors:0
rt:6.27,through:44.87,tt:0.36,num_interact:673,Intrvl:15,num_users:310,errors:0
rt:7.03,through:44.93,tt:0.37,num_interact:675,Intrvl:15,num_users:340,errors:4
rt:6.7,through:45.33,tt:0.33,num_interact:680,Intrvl:15,num_users:370,errors:0
rt:7.28,through:85.47,tt:0.35,num_interact:1282,Intrvl:15,num_users:399,errors:0
rt:7.36,through:52.07,tt:0.35,num_interact:781,Intrvl:15,num_users:412,errors:0
rt:7.69,through:55.2,tt:0.34,num_interact:828,Intrvl:15,num_users:419,errors:0
rt:7.37,through:52.67,tt:0.35,num_interact:790,Intrvl:15,num_users:401,errors:0
rt:5.94,through:59.4,tt:0.36,num_interact:891,Intrvl:15,num_users:380,errors:0
rt:7.86,through:55.27,tt:0.37,num_interact:829,Intrvl:15,num_users:430,errors:0
rt:8.19,through:52.13,tt:0.36,num_interact:782,Intrvl:15,num_users:408,errors:0
rt:8.19,through:46.53,tt:0.37,num_interact:698,Intrvl:15,num_users:468,errors:0
rt:8.08,through:51.33,tt:0.35,num_interact:770,Intrvl:15,num_users:392,errors:0
rt:7.34,through:104.4,tt:0.35,num_interact:1566,Intrvl:15,num_users:425,errors:0
rt:8.11,through:53.4,tt:0.36,num_interact:801,Intrvl:15,num_users:407,errors:0
rt:7.29,through:53.4,tt:0.36,num_interact:967,Intrvl:15,num_users:400,errors:0
rt:6.6,through:53.27,tt:0.36,num_interact:1035,Intrvl:15,num_users:385,errors:0
rt:7.42,through:70.8,tt:0.35,num_interact:1062,Intrvl:15,num_users:413,errors:0
rt:7.92,through:72.4,tt:0.33,num_interact:1086,Intrvl:15,num_users:433,errors:0
rt:7.59,through:52,tt:0.36,num_interact:934,Intrvl:15,num_users:403,errors:0
rt:6.96,through:51.53,tt:0.33,num_interact:773,Intrvl:15,num_users:398,errors:0
rt:8.03,through:55.47,tt:0.36,num_interact:832,Intrvl:15,num_users:392,errors:0
rt:6.98,through:47.53,tt:0.35,num_interact:1398,Intrvl:15,num_users:427,errors:0
rt:7.83,through:53,tt:0.35,num_interact:795,Intrvl:15,num_users:370,errors:0
rt:6.43,through:66.67,tt:0.34,num_interact:1000,Intrvl:15,num_users:376,errors:0
rt:6.25,through:60.33,tt:0.36,num_interact:905,Intrvl:15,num_users:365,errors:0
rt:7.37,through:50.93,tt:0.37,num_interact:764,Intrvl:15,num_users:408,errors:0
rt:6.36,through:53.27,tt:0.36,num_interact:799,Intrvl:15,num_users:387,errors:0
rt:6.93,through:54.8,tt:0.34,num_interact:822,Intrvl:15,num_users:430,errors:0
rt:8.23,through:46.6,tt:0.38,num_interact:699,Intrvl:15,num_users:454,errors:0
rt:7.57,through:64.13,tt:0.36,num_interact:962,Intrvl:15,num_users:378,errors:0
rt:7.73,through:56.6,tt:0.35,num_interact:849,Intrvl:15,num_users:409,errors:0
rt:7.35,through:51.07,tt:0.34,num_interact:766,Intrvl:15,num_users:431,errors:0
rt:7.08,through:56.73,tt:0.36,num_interact:896,Intrvl:15,num_users:401,errors:0
rt:6.96,through:51.53,tt:0.34,num_interact:773,Intrvl:15,num_users:395,errors:0
rt:6.79,through:59.4,tt:0.34,num_interact:891,Intrvl:15,num_users:376,errors:0
rt:5.3,through:55.13,tt:0.35,num_interact:827,Intrvl:15,num_users:327,errors:0
rt:6.26,through:48.87,tt:0.38,num_interact:733,Intrvl:15,num_users:409,errors:0
rt:7.18,through:82.93,tt:0.35,num_interact:1432,Intrvl:15,num_users:377,errors:0
rt:7.02,through:72.2,tt:0.35,num_interact:1083,Intrvl:15,num_users:414,errors:0
rt:6.78,through:56.4,tt:0.35,num_interact:846,Intrvl:15,num_users:387,errors:0
rt:6.77,through:75.8,tt:0.34,num_interact:1137,Intrvl:15,num_users:407,errors:0
rt:7.71,through:47.27,tt:0.35,num_interact:709,Intrvl:15,num_users:452,errors:0
rt:7.81,through:56.6,tt:0.35,num_interact:866,Intrvl:15,num_users:393,errors:0
rt:6.84,through:54.27,tt:0.35,num_interact:897,Intrvl:15,num_users:414,errors:0
rt:7.79,through:72.93,tt:0.34,num_interact:1094,Intrvl:15,num_users:434,errors:0
rt:8.7,through:44.33,tt:0.35,num_interact:665,Intrvl:15,num_users:431,errors:0
rt:7.32,through:53.2,tt:0.36,num_interact:798,Intrvl:15,num_users:353,errors:0
rt:5.51,through:59.33,tt:0.33,num_interact:890,Intrvl:15,num_users:329,errors:0
rt:6.32,through:55.8,tt:0.35,num_interact:837,Intrvl:15,num_users:390,errors:0
rt:6.82,through:48.13,tt:0.35,num_interact:722,Intrvl:15,num_users:393,errors:0
rt:6.98,through:57,tt:0.33,num_interact:855,Intrvl:15,num_users:377,errors:0
rt:6.42,through:59.07,tt:0.35,num_interact:886,Intrvl:15,num_users:396,errors:0
rt:8.33,through:48.47,tt:0.35,num_interact:727,Intrvl:15,num_users:469,errors:0
rt:7.74,through:51.8,tt:0.34,num_interact:1052,Intrvl:15,num_users:398,errors:0
rt:7.11,through:54.8,tt:0.35,num_interact:961,Intrvl:15,num_users:413,errors:0
rt:7.2,through:52.4,tt:0.33,num_interact:786,Intrvl:15,num_users:426,errors:0
rt:8.9,through:53.6,tt:0.34,num_interact:804,Intrvl:15,num_users:429,errors:0
rt:8.81,through:50.27,tt:0.35,num_interact:879,Intrvl:15,num_users:425,errors:0
rt:8.81,through:118.07,tt:0.37,num_interact:1771,Intrvl:15,num_users:451,errors:0
rt:8.98,through:66.87,tt:0.34,num_interact:1003,Intrvl:15,num_users:428,errors:0
rt:8.68,through:90.53,tt:0.35,num_interact:1362,Intrvl:15,num_users:436,errors:0
rt:7.18,through:49.27,tt:0.35,num_interact:739,Intrvl:15,num_users:398,errors:0
rt:7.14,through:49.47,tt:0.36,num_interact:742,Intrvl:15,num_users:368,errors:0
rt:6.99,through:51.87,tt:0.34,num_interact:1101,Intrvl:15,num_users:369,errors:0
rt:7.67,through:33.13,tt:0.34,num_interact:497,Intrvl:15,num_users:615,errors:0
rt:23.9,through:3.2,tt:0.31,num_interact:48,Intrvl:15,num_users:660,errors:0
rt:34.44,through:4,tt:0.39,num_interact:60,Intrvl:15,num_users:466,errors:0
rt:28.26,through:64.27,tt:0.36,num_interact:964,Intrvl:15,num_users:599,errors:0
rt:316.1,through:43.53,tt:0.35,num_interact:677,Intrvl:15,num_users:605,errors:0
rt:?,through:0,tt:0.49,num_interact:9,Intrvl:15,num_users:587,errors:0
rt:357.62,through:2,tt:0.38,num_interact:30,Intrvl:15,num_users:554,errors:0
rt:196.61,through:64.13,tt:0.34,num_interact:985,Intrvl:15,num_users:640,errors:11
rt:19.34,through:45.07,tt:0.34,num_interact:677,Intrvl:15,num_users:626,errors:0
rt:9.18,through:45.8,tt:0.36,num_interact:687,Intrvl:15,num_users:631,errors:0
rt:8.83,through:43.8,tt:0.35,num_interact:657,Intrvl:15,num_users:606,errors:0
rt:8.66,through:44.8,tt:0.39,num_interact:672,Intrvl:15,num_users:614,errors:0
rt:9.77,through:40.93,tt:0.37,num_interact:698,Intrvl:15,num_users:672,errors:0
rt:10.54,through:42.13,tt:0.36,num_interact:632,Intrvl:15,num_users:636,errors:0
rt:7.61,through:45.53,tt:0.36,num_interact:683,Intrvl:15,num_users:536,errors:0
rt:7.42,through:44.4,tt:0.35,num_interact:666,Intrvl:15,num_users:536,errors:0
rt:7.16,through:46.47,tt:0.37,num_interact:697,Intrvl:15,num_users:551,errors:0
rt:7.75,through:45.07,tt:0.36,num_interact:676,Intrvl:15,num_users:555,errors:0
rt:7.79,through:44.33,tt:0.33,num_interact:665,Intrvl:15,num_users:560,errors:0
rt:8.4,through:45.2,tt:0.34,num_interact:678,Intrvl:15,num_users:618,errors:0
rt:9.33,through:44.67,tt:0.38,num_interact:670,Intrvl:15,num_users:632,errors:0
rt:9.76,through:42.8,tt:0.35,num_interact:642,Intrvl:15,num_users:632,errors:0
rt:8.99,through:46.2,tt:0.33,num_interact:720,Intrvl:15,num_users:611,errors:0
rt:8.43,through:44.67,tt:0.34,num_interact:670,Intrvl:15,num_users:561,errors:0
rt:8.54,through:44.93,tt:0.37,num_interact:680,Intrvl:15,num_users:629,errors:0
rt:9.22,through:41.67,tt:0.38,num_interact:625,Intrvl:15,num_users:583,errors:0
rt:8.31,through:45.33,tt:0.34,num_interact:680,Intrvl:15,num_users:586,errors:0
rt:8.97,through:44.27,tt:0.36,num_interact:664,Intrvl:15,num_users:629,errors:0
rt:9.38,through:43.4,tt:0.35,num_interact:651,Intrvl:15,num_users:610,errors:0
rt:9.22,through:44.27,tt:0.37,num_interact:664,Intrvl:15,num_users:633,errors:0
rt:9.69,through:46.13,tt:0.36,num_interact:694,Intrvl:15,num_users:643,errors:0
rt:9.57,through:43.4,tt:0.36,num_interact:651,Intrvl:15,num_users:620,errors:0
rt:8.85,through:43.33,tt:0.35,num_interact:650,Intrvl:15,num_users:583,errors:0
rt:8.6,through:44.8,tt:0.35,num_interact:672,Intrvl:15,num_users:603,errors:0
rt:8.28,through:39.87,tt:0.34,num_interact:598,Intrvl:15,num_users:508,errors:0
rt:7.45,through:44.13,tt:0.35,num_interact:662,Intrvl:15,num_users:570,errors:0
rt:9.79,through:35.93,tt:0.38,num_interact:539,Intrvl:15,num_users:725,errors:0
rt:15.36,through:12.6,tt:0.36,num_interact:189,Intrvl:15,num_users:627,errors:0
rt:291.62,through:53.53,tt:0.34,num_interact:803,Intrvl:15,num_users:668,errors:42
rt:147.85,through:14.07,tt:0.28,num_interact:211,Intrvl:15,num_users:580,errors:16
rt:37.89,through:6.13,tt:0.37,num_interact:92,Intrvl:15,num_users:534,errors:6
rt:3.34,through:2.73,tt:0.38,num_interact:41,Intrvl:15,num_users:594,errors:16
rt:39.47,through:2.47,tt:0.43,num_interact:37,Intrvl:15,num_users:619,errors:22
rt:68.7,through:6.53,tt:0.37,num_interact:98,Intrvl:15,num_users:608,errors:145
rt:40.85,through:7.93,tt:0.34,num_interact:119,Intrvl:15,num_users:616,errors:49
rt:1.26,through:32.6,tt:0.36,num_interact:489,Intrvl:15,num_users:452,errors:0
rt:5.99,through:37.47,tt:0.41,num_interact:562,Intrvl:15,num_users:652,errors:8
rt:11.06,through:29.13,tt:0.37,num_interact:504,Intrvl:15,num_users:655,errors:111
rt:24.38,through:33,tt:0.33,num_interact:495,Intrvl:15,num_users:617,errors:52
rt:8.61,through:25.27,tt:0.36,num_interact:379,Intrvl:15,num_users:645,errors:0
rt:4.73,through:42.73,tt:0.36,num_interact:641,Intrvl:15,num_users:711,errors:0
rt:6.82,through:34.6,tt:0.37,num_interact:925,Intrvl:15,num_users:706,errors:171
rt:29.15,through:46.93,tt:0.35,num_interact:704,Intrvl:15,num_users:637,errors:46
rt:29.26,through:21.6,tt:0.36,num_interact:324,Intrvl:15,num_users:734,errors:1
rt:18.07,through:0.73,tt:0.5,num_interact:11,Intrvl:15,num_users:676,errors:0
rt:30.5,through:0.4,tt:0.37,num_interact:6,Intrvl:15,num_users:670,errors:0
rt:69.61,through:59.13,tt:0.34,num_interact:892,Intrvl:15,num_users:535,errors:0
rt:4.98,through:44.33,tt:0.35,num_interact:665,Intrvl:15,num_users:539,errors:0
rt:4.17,through:40,tt:0.35,num_interact:600,Intrvl:15,num_users:458,errors:0
rt:4.45,through:44.2,tt:0.36,num_interact:663,Intrvl:15,num_users:525,errors:0
rt:6.03,through:27.27,tt:0.37,num_interact:409,Intrvl:15,num_users:734,errors:0
rt:24.37,through:1.47,tt:0.31,num_interact:22,Intrvl:15,num_users:679,errors:0
rt:25.35,through:4.27,tt:0.45,num_interact:64,Intrvl:15,num_users:630,errors:0
rt:133.23,through:56.53,tt:0.37,num_interact:848,Intrvl:15,num_users:745,errors:0
rt:112.5,through:11.6,tt:0.33,num_interact:174,Intrvl:15,num_users:608,errors:0
rt:41.58,through:33.53,tt:0.36,num_interact:892,Intrvl:15,num_users:702,errors:0
rt:126.98,through:14.07,tt:0.31,num_interact:211,Intrvl:15,num_users:710,errors:0
rt:27.99,through:8.33,tt:0.4,num_interact:125,Intrvl:15,num_users:761,errors:0
rt:8.09,through:27.4,tt:0.34,num_interact:411,Intrvl:15,num_users:679,errors:0
rt:0.18,through:36.6,tt:0.34,num_interact:549,Intrvl:15,num_users:664,errors:0
rt:5.07,through:5.47,tt:0.42,num_interact:82,Intrvl:15,num_users:722,errors:0
rt:0.95,through:31.87,tt:0.35,num_interact:478,Intrvl:15,num_users:671,errors:0
rt:3.68,through:10.73,tt:0.4,num_interact:161,Intrvl:15,num_users:703,errors:0
rt:2.97,through:15.2,tt:0.3,num_interact:228,Intrvl:15,num_users:686,errors:0
rt:2.95,through:12.07,tt:0.38,num_interact:181,Intrvl:15,num_users:692,errors:0
rt:1.65,through:21.07,tt:0.35,num_interact:330,Intrvl:15,num_users:682,errors:0
rt:3.17,through:9.07,tt:0.38,num_interact:136,Intrvl:15,num_users:710,errors:0
rt:0.43,through:35.27,tt:0.34,num_interact:529,Intrvl:15,num_users:653,errors:0
rt:1.32,through:23.27,tt:0.39,num_interact:349,Intrvl:15,num_users:679,errors:0
rt:0.1,through:30.33,tt:0.33,num_interact:455,Intrvl:15,num_users:625,errors:0
rt:5.16,through:3.13,tt:0.42,num_interact:47,Intrvl:15,num_users:702,errors:0
rt:15.07,through:6.93,tt:0.42,num_interact:104,Intrvl:15,num_users:689,errors:0
rt:12,through:6.87,tt:0.35,num_interact:103,Intrvl:15,num_users:784,errors:0
rt:76.89,through:0.53,tt:0.31,num_interact:8,Intrvl:15,num_users:760,errors:0
rt:52.34,through:5.07,tt:0.39,num_interact:76,Intrvl:15,num_users:717,errors:0
rt:2.13,through:26.73,tt:0.33,num_interact:401,Intrvl:15,num_users:680,errors:0
rt:0.14,through:42.13,tt:0.33,num_interact:632,Intrvl:15,num_users:643,errors:0
rt:4.77,through:5,tt:0.47,num_interact:75,Intrvl:15,num_users:716,errors:0
rt:17.97,through:8.07,tt:0.4,num_interact:121,Intrvl:15,num_users:773,errors:0
rt:35.39,through:0.33,tt:0.3,num_interact:5,Intrvl:15,num_users:708,errors:0
rt:16.81,through:28.6,tt:0.38,num_interact:429,Intrvl:15,num_users:737,errors:0
rt:0.11,through:4.33,tt:0.37,num_interact:65,Intrvl:15,num_users:720,errors:0
rt:0.35,through:0.33,tt:0.06,num_interact:5,Intrvl:15,num_users:789,errors:0
rt:?,through:0,tt:?,num_interact:0,Intrvl:15,num_users:683,errors:0
rt:0.05,through:5.47,tt:0.31,num_interact:82,Intrvl:15,num_users:685,errors:0
rt:1.25,through:13.87,tt:0.4,num_interact:208,Intrvl:15,num_users:708,errors:0
rt:4.19,through:9.53,tt:0.32,num_interact:143,Intrvl:15,num_users:719,errors:0
rt:2.76,through:9.73,tt:0.33,num_interact:146,Intrvl:15,num_users:714,errors:0
rt:7.48,through:4.67,tt:0.38,num_interact:70,Intrvl:15,num_users:758,errors:0
rt:27.56,through:0.93,tt:0.46,num_interact:14,Intrvl:15,num_users:760,errors:0
rt:2.44,through:7.67,tt:0.37,num_interact:115,Intrvl:15,num_users:737,errors:0
rt:2.58,through:1.73,tt:0.23,num_interact:26,Intrvl:15,num_users:828,errors:0
rt:?,through:0,tt:?,num_interact:0,Intrvl:15,num_users:730,errors:0
rt:1.43,through:7.33,tt:0.39,num_interact:121,Intrvl:15,num_users:744,errors:0
rt:4.29,through:9.47,tt:0.34,num_interact:142,Intrvl:15,num_users:779,errors:0
rt:?,through:0,tt:?,num_interact:0,Intrvl:15,num_users:684,errors:0
rt:?,through:0,tt:?,num_interact:0,Intrvl:15,num_users:663,errors:0
rt:1.39,through:1,tt:0.15,num_interact:15,Intrvl:15,num_users:764,errors:0
rt:3.52,through:14.27,tt:0.38,num_interact:214,Intrvl:15,num_users:695,errors:0
rt:?,through:0,tt:?,num_interact:0,Intrvl:15,num_users:656,errors:0
rt:?,through:0,tt:?,num_interact:0,Intrvl:15,num_users:640,errors:0
rt:3.79,through:11.4,tt:0.39,num_interact:171,Intrvl:15,num_users:699,errors:0
rt:12.84,through:29.4,tt:0.36,num_interact:441,Intrvl:15,num_users:723,errors:0
rt:7.66,through:11.73,tt:0.35,num_interact:176,Intrvl:15,num_users:744,errors:0
rt:21.74,through:2.47,tt:0.36,num_interact:37,Intrvl:15,num_users:783,errors:0
rt:?,through:0,tt:?,num_interact:0,Intrvl:15,num_users:693,errors:0
rt:?,through:0,tt:?,num_interact:0,Intrvl:15,num_users:652,errors:0
rt:2.63,through:12.93,tt:0.39,num_interact:194,Intrvl:15,num_users:703,errors:0
rt:6.07,through:6.8,tt:0.33,num_interact:102,Intrvl:15,num_users:705,errors:0
rt:?,through:0,tt:?,num_interact:0,Intrvl:15,num_users:603,errors:0
rt:3.98,through:2.2,tt:0.31,num_interact:33,Intrvl:15,num_users:765,errors:0
rt:23.17,through:0.47,tt:0.55,num_interact:7,Intrvl:15,num_users:692,errors:0
rt:2.67,through:34.4,tt:0.37,num_interact:516,Intrvl:15,num_users:647,errors:0
rt:1.47,through:27.73,tt:0.34,num_interact:416,Intrvl:15,num_users:661,errors:0
rt:3.01,through:17.07,tt:0.35,num_interact:256,Intrvl:15,num_users:679,errors:0
rt:6.1,through:10.07,tt:0.33,num_interact:151,Intrvl:15,num_users:685,errors:0
rt:21.03,through:26.87,tt:0.33,num_interact:403,Intrvl:15,num_users:736,errors:0
rt:1.17,through:30.93,tt:0.35,num_interact:464,Intrvl:15,num_users:676,errors:0
rt:4.38,through:8.73,tt:0.49,num_interact:131,Intrvl:15,num_users:711,errors:0
rt:1.67,through:23.53,tt:0.34,num_interact:353,Intrvl:15,num_users:625,errors:0
rt:0.08,through:32.73,tt:0.35,num_interact:491,Intrvl:15,num_users:631,errors:0
rt:3.32,through:13.2,tt:0.43,num_interact:198,Intrvl:15,num_users:686,errors:0
rt:0.46,through:43.33,tt:0.33,num_interact:650,Intrvl:15,num_users:645,errors:0
rt:4.49,through:6.67,tt:0.4,num_interact:100,Intrvl:15,num_users:702,errors:0
rt:9.18,through:7.33,tt:0.4,num_interact:110,Intrvl:15,num_users:678,errors:0
rt:7.94,through:8.33,tt:0.32,num_interact:125,Intrvl:15,num_users:671,errors:0
rt:1.06,through:36.13,tt:0.35,num_interact:542,Intrvl:15,num_users:662,errors:0
rt:3.16,through:8.73,tt:0.41,num_interact:131,Intrvl:15,num_users:708,errors:0
rt:20.56,through:15.53,tt:0.34,num_interact:233,Intrvl:15,num_users:736,errors:0
rt:28.17,through:16.2,tt:0.32,num_interact:246,Intrvl:15,num_users:759,errors:0
rt:0.51,through:16.47,tt:0.33,num_interact:247,Intrvl:15,num_users:714,errors:0
rt:0.04,through:7.47,tt:0.37,num_interact:112,Intrvl:15,num_users:666,errors:0
rt:1.39,through:2.33,tt:0.38,num_interact:53,Intrvl:15,num_users:743,errors:0
rt:16.05,through:4.87,tt:0.46,num_interact:73,Intrvl:15,num_users:803,errors:0
rt:0.38,through:2.67,tt:0.25,num_interact:40,Intrvl:15,num_users:747,errors:0
rt:0.08,through:2.87,tt:0.28,num_interact:43,Intrvl:15,num_users:728,errors:0
rt:0.07,through:2.33,tt:0.35,num_interact:35,Intrvl:15,num_users:724,errors:0
rt:0.06,through:2.8,tt:0.3,num_interact:42,Intrvl:15,num_users:708,errors:0
rt:?,through:0,tt:?,num_interact:0,Intrvl:15,num_users:666,errors:0
rt:4.02,through:4.27,tt:0.42,num_interact:64,Intrvl:15,num_users:729,errors:0
rt:0.32,through:10.27,tt:0.34,num_interact:154,Intrvl:15,num_users:671,errors:0
rt:?,through:0,tt:?,num_interact:0,Intrvl:15,num_users:654,errors:0
rt:?,through:0,tt:?,num_interact:0,Intrvl:15,num_users:632,errors:0
rt:0.04,through:15.2,tt:0.34,num_interact:228,Intrvl:15,num_users:638,errors:0
rt:3.92,through:10.27,tt:0.37,num_interact:154,Intrvl:15,num_users:706,errors:0
rt:16.9,through:27.27,tt:0.36,num_interact:409,Intrvl:15,num_users:739,errors:0
rt:27.61,through:2.53,tt:0.5,num_interact:38,Intrvl:15,num_users:707,errors:0
rt:15.72,through:18.67,tt:0.35,num_interact:280,Intrvl:15,num_users:723,errors:0
rt:16.97,through:6.07,tt:0.35,num_interact:91,Intrvl:15,num_users:722,errors:0
rt:12.12,through:17.6,tt:0.37,num_interact:264,Intrvl:15,num_users:741,errors:0
