Remote Browser Emulator for TPC-W.
  ECE 902  Fall '99
  Version 1.5
System's current path is /root/loadtest
rt:?,through:0,tt:?,num_interact:0,Intrvl:15,num_users:1,errors:0
rt:?,through:0,tt:?,num_interact:0,Intrvl:15,num_users:20,errors:0
rt:?,through:0,tt:?,num_interact:0,Intrvl:15,num_users:80,errors:0
rt:?,through:0,tt:?,num_interact:0,Intrvl:15,num_users:120,errors:0
rt:?,through:0,tt:?,num_interact:0,Intrvl:15,num_users:180,errors:0
rt:?,through:0,tt:?,num_interact:0,Intrvl:15,num_users:240,errors:0
rt:?,through:0,tt:?,num_interact:0,Intrvl:15,num_users:280,errors:0
rt:?,through:0,tt:?,num_interact:0,Intrvl:15,num_users:310,errors:0
rt:?,through:0,tt:?,num_interact:0,Intrvl:15,num_users:340,errors:0
rt:?,through:0,tt:?,num_interact:0,Intrvl:15,num_users:370,errors:0
rt:?,through:0,tt:?,num_interact:0,Intrvl:15,num_users:399,errors:0
rt:?,through:0,tt:?,num_interact:0,Intrvl:15,num_users:412,errors:0
rt:?,through:0,tt:?,num_interact:0,Intrvl:15,num_users:419,errors:1
rt:?,through:0,tt:?,num_interact:0,Intrvl:15,num_users:401,errors:19
rt:?,through:0,tt:?,num_interact:0,Intrvl:15,num_users:380,errors:60
rt:?,through:0,tt:?,num_interact:0,Intrvl:15,num_users:430,errors:40
rt:?,through:0,tt:?,num_interact:0,Intrvl:15,num_users:408,errors:60
rt:?,through:0,tt:?,num_interact:0,Intrvl:15,num_users:468,errors:60
rt:?,through:0,tt:?,num_interact:0,Intrvl:15,num_users:392,errors:40
rt:?,through:0,tt:?,num_interact:0,Intrvl:15,num_users:425,errors:30
rt:?,through:0,tt:?,num_interact:0,Intrvl:15,num_users:407,errors:30
rt:?,through:0,tt:?,num_interact:0,Intrvl:15,num_users:400,errors:30
rt:?,through:0,tt:?,num_interact:0,Intrvl:15,num_users:385,errors:10
rt:?,through:0,tt:?,num_interact:0,Intrvl:15,num_users:413,errors:0
rt:?,through:0,tt:?,num_interact:0,Intrvl:15,num_users:433,errors:0
rt:?,through:0,tt:?,num_interact:0,Intrvl:15,num_users:403,errors:1
rt:?,through:0,tt:?,num_interact:0,Intrvl:15,num_users:398,errors:19
rt:?,through:0,tt:?,num_interact:0,Intrvl:15,num_users:392,errors:65
rt:?,through:0,tt:?,num_interact:0,Intrvl:15,num_users:427,errors:40
rt:?,through:0,tt:?,num_interact:0,Intrvl:15,num_users:370,errors:60
rt:?,through:0,tt:?,num_interact:0,Intrvl:15,num_users:376,errors:60
rt:?,through:0,tt:?,num_interact:0,Intrvl:15,num_users:365,errors:40
rt:?,through:0,tt:?,num_interact:0,Intrvl:15,num_users:408,errors:30
rt:?,through:0,tt:?,num_interact:0,Intrvl:15,num_users:387,errors:30
rt:?,through:0,tt:?,num_interact:0,Intrvl:15,num_users:430,errors:25
rt:?,through:0,tt:?,num_interact:0,Intrvl:15,num_users:454,errors:0
rt:?,through:0,tt:?,num_interact:0,Intrvl:15,num_users:378,errors:0
rt:?,through:0,tt:?,num_interact:0,Intrvl:15,num_users:409,errors:1
rt:?,through:0,tt:?,num_interact:0,Intrvl:15,num_users:431,errors:19
rt:?,through:0,tt:?,num_interact:0,Intrvl:15,num_users:401,errors:60
rt:?,through:0,tt:?,num_interact:0,Intrvl:15,num_users:395,errors:40
rt:?,through:0,tt:?,num_interact:0,Intrvl:15,num_users:376,errors:60
rt:?,through:0,tt:?,num_interact:0,Intrvl:15,num_users:327,errors:60
rt:?,through:0,tt:?,num_interact:0,Intrvl:15,num_users:409,errors:40
rt:?,through:0,tt:?,num_interact:0,Intrvl:15,num_users:377,errors:30
rt:?,through:0,tt:?,num_interact:0,Intrvl:15,num_users:414,errors:17
rt:?,through:0,tt:?,num_interact:0,Intrvl:15,num_users:387,errors:0
rt:?,through:0,tt:?,num_interact:0,Intrvl:15,num_users:407,errors:0
rt:?,through:0,tt:?,num_interact:0,Intrvl:15,num_users:452,errors:0
rt:?,through:0,tt:?,num_interact:0,Intrvl:15,num_users:393,errors:0
rt:?,through:0,tt:?,num_interact:0,Intrvl:15,num_users:414,errors:1
rt:?,through:0,tt:?,num_interact:0,Intrvl:15,num_users:434,errors:19
rt:?,through:0,tt:?,num_interact:0,Intrvl:15,num_users:431,errors:60
rt:?,through:0,tt:?,num_interact:0,Intrvl:15,num_users:353,errors:40
rt:?,through:0,tt:?,num_interact:0,Intrvl:15,num_users:329,errors:60
rt:?,through:0,tt:?,num_interact:0,Intrvl:15,num_users:390,errors:62
rt:?,through:0,tt:?,num_interact:0,Intrvl:15,num_users:393,errors:40
rt:?,through:0,tt:?,num_interact:0,Intrvl:15,num_users:377,errors:30
rt:?,through:0,tt:?,num_interact:0,Intrvl:15,num_users:396,errors:17
rt:?,through:0,tt:?,num_interact:0,Intrvl:15,num_users:469,errors:0
rt:?,through:0,tt:?,num_interact:0,Intrvl:15,num_users:398,errors:0
rt:?,through:0,tt:?,num_interact:0,Intrvl:15,num_users:413,errors:0
rt:?,through:0,tt:?,num_interact:0,Intrvl:15,num_users:426,errors:0
rt:?,through:0,tt:?,num_interact:0,Intrvl:15,num_users:429,errors:13
rt:?,through:0,tt:?,num_interact:0,Intrvl:15,num_users:425,errors:39
rt:?,through:0,tt:?,num_interact:0,Intrvl:15,num_users:451,errors:46
rt:?,through:0,tt:?,num_interact:0,Intrvl:15,num_users:428,errors:53
rt:?,through:0,tt:?,num_interact:0,Intrvl:15,num_users:436,errors:109
rt:?,through:0,tt:?,num_interact:0,Intrvl:15,num_users:398,errors:48
rt:?,through:0,tt:?,num_interact:0,Intrvl:15,num_users:368,errors:35
rt:?,through:0,tt:?,num_interact:0,Intrvl:15,num_users:369,errors:24
rt:?,through:0,tt:?,num_interact:0,Intrvl:15,num_users:615,errors:10
rt:?,through:0,tt:?,num_interact:0,Intrvl:15,num_users:660,errors:0
rt:?,through:0,tt:?,num_interact:0,Intrvl:15,num_users:466,errors:0
rt:?,through:0,tt:?,num_interact:0,Intrvl:15,num_users:599,errors:0
rt:?,through:0,tt:?,num_interact:0,Intrvl:15,num_users:605,errors:1
rt:?,through:0,tt:?,num_interact:0,Intrvl:15,num_users:587,errors:19
rt:?,through:0,tt:?,num_interact:0,Intrvl:15,num_users:554,errors:60
rt:?,through:0,tt:?,num_interact:0,Intrvl:15,num_users:640,errors:1617
rt:?,through:0,tt:?,num_interact:0,Intrvl:15,num_users:626,errors:60
rt:?,through:0,tt:?,num_interact:0,Intrvl:15,num_users:631,errors:101
rt:?,through:0,tt:?,num_interact:0,Intrvl:15,num_users:606,errors:40
rt:?,through:0,tt:?,num_interact:0,Intrvl:15,num_users:614,errors:31
rt:?,through:0,tt:?,num_interact:0,Intrvl:15,num_users:672,errors:114
rt:?,through:0,tt:?,num_interact:0,Intrvl:15,num_users:636,errors:0
rt:?,through:0,tt:?,num_interact:0,Intrvl:15,num_users:536,errors:0
rt:?,through:0,tt:?,num_interact:0,Intrvl:15,num_users:536,errors:70
rt:?,through:0,tt:?,num_interact:0,Intrvl:15,num_users:551,errors:0
rt:?,through:0,tt:?,num_interact:0,Intrvl:15,num_users:555,errors:1
rt:?,through:0,tt:?,num_interact:0,Intrvl:15,num_users:560,errors:19
rt:?,through:0,tt:?,num_interact:0,Intrvl:15,num_users:618,errors:3535
rt:?,through:0,tt:?,num_interact:0,Intrvl:15,num_users:632,errors:40
rt:?,through:0,tt:?,num_interact:0,Intrvl:15,num_users:632,errors:99
rt:?,through:0,tt:?,num_interact:0,Intrvl:15,num_users:611,errors:62
rt:?,through:0,tt:?,num_interact:0,Intrvl:15,num_users:561,errors:40
rt:?,through:0,tt:?,num_interact:0,Intrvl:15,num_users:629,errors:31
rt:?,through:0,tt:?,num_interact:0,Intrvl:15,num_users:583,errors:114
rt:?,through:0,tt:?,num_interact:0,Intrvl:15,num_users:586,errors:0
rt:?,through:0,tt:?,num_interact:0,Intrvl:15,num_users:629,errors:0
rt:?,through:0,tt:?,num_interact:0,Intrvl:15,num_users:610,errors:85
rt:?,through:0,tt:?,num_interact:0,Intrvl:15,num_users:633,errors:5
rt:?,through:0,tt:?,num_interact:0,Intrvl:15,num_users:643,errors:24
rt:?,through:0,tt:?,num_interact:0,Intrvl:15,num_users:620,errors:1
rt:?,through:0,tt:?,num_interact:0,Intrvl:15,num_users:583,errors:100
rt:?,through:0,tt:?,num_interact:0,Intrvl:15,num_users:603,errors:60
rt:?,through:0,tt:?,num_interact:0,Intrvl:15,num_users:508,errors:100
rt:?,through:0,tt:?,num_interact:0,Intrvl:15,num_users:570,errors:4297
rt:?,through:0,tt:?,num_interact:0,Intrvl:15,num_users:725,errors:1415
rt:?,through:0,tt:?,num_interact:0,Intrvl:15,num_users:627,errors:114
rt:?,through:0,tt:?,num_interact:0,Intrvl:15,num_users:668,errors:0
rt:?,through:0,tt:?,num_interact:0,Intrvl:15,num_users:580,errors:0
rt:?,through:0,tt:?,num_interact:0,Intrvl:15,num_users:534,errors:42
rt:?,through:0,tt:?,num_interact:0,Intrvl:15,num_users:594,errors:4292
rt:?,through:0,tt:?,num_interact:0,Intrvl:15,num_users:619,errors:4403
rt:?,through:0,tt:?,num_interact:0,Intrvl:15,num_users:608,errors:4418
rt:?,through:0,tt:?,num_interact:0,Intrvl:15,num_users:616,errors:3523
rt:?,through:0,tt:?,num_interact:0,Intrvl:15,num_users:452,errors:60
rt:?,through:0,tt:?,num_interact:0,Intrvl:15,num_users:652,errors:3903
rt:?,through:0,tt:?,num_interact:0,Intrvl:15,num_users:655,errors:4342
rt:?,through:0,tt:?,num_interact:0,Intrvl:15,num_users:617,errors:4303
rt:?,through:0,tt:?,num_interact:0,Intrvl:15,num_users:645,errors:4393
rt:?,through:0,tt:?,num_interact:0,Intrvl:15,num_users:711,errors:179
rt:?,through:0,tt:?,num_interact:0,Intrvl:15,num_users:706,errors:0
rt:?,through:0,tt:?,num_interact:0,Intrvl:15,num_users:637,errors:0
rt:?,through:0,tt:?,num_interact:0,Intrvl:15,num_users:734,errors:0
rt:?,through:0,tt:?,num_interact:0,Intrvl:15,num_users:676,errors:0
rt:?,through:0,tt:?,num_interact:0,Intrvl:15,num_users:670,errors:9
rt:?,through:0,tt:?,num_interact:0,Intrvl:15,num_users:535,errors:0
rt:?,through:0,tt:?,num_interact:0,Intrvl:15,num_users:539,errors:111
rt:?,through:0,tt:?,num_interact:0,Intrvl:15,num_users:458,errors:68
rt:?,through:0,tt:?,num_interact:0,Intrvl:15,num_users:525,errors:4748
rt:?,through:0,tt:?,num_interact:0,Intrvl:15,num_users:734,errors:6355
rt:?,through:0,tt:?,num_interact:0,Intrvl:15,num_users:679,errors:969
rt:?,through:0,tt:?,num_interact:0,Intrvl:15,num_users:630,errors:102
rt:?,through:0,tt:?,num_interact:0,Intrvl:15,num_users:745,errors:0
rt:?,through:0,tt:?,num_interact:0,Intrvl:15,num_users:608,errors:0
rt:?,through:0,tt:?,num_interact:0,Intrvl:15,num_users:702,errors:4204
rt:?,through:0,tt:?,num_interact:0,Intrvl:15,num_users:710,errors:4867
rt:?,through:0,tt:?,num_interact:0,Intrvl:15,num_users:761,errors:7374
rt:?,through:0,tt:?,num_interact:0,Intrvl:15,num_users:679,errors:737
rt:?,through:0,tt:?,num_interact:0,Intrvl:15,num_users:664,errors:64
rt:?,through:0,tt:?,num_interact:0,Intrvl:15,num_users:722,errors:9
rt:?,through:0,tt:?,num_interact:0,Intrvl:15,num_users:671,errors:65
rt:?,through:0,tt:?,num_interact:0,Intrvl:15,num_users:703,errors:23
rt:?,through:0,tt:?,num_interact:0,Intrvl:15,num_users:686,errors:298
rt:?,through:0,tt:?,num_interact:0,Intrvl:15,num_users:692,errors:29
rt:?,through:0,tt:?,num_interact:0,Intrvl:15,num_users:682,errors:0
rt:?,through:0,tt:?,num_interact:0,Intrvl:15,num_users:710,errors:11
rt:?,through:0,tt:?,num_interact:0,Intrvl:15,num_users:653,errors:0
rt:?,through:0,tt:?,num_interact:0,Intrvl:15,num_users:679,errors:4381
rt:?,through:0,tt:?,num_interact:0,Intrvl:15,num_users:625,errors:21
rt:?,through:0,tt:?,num_interact:0,Intrvl:15,num_users:702,errors:5471
rt:?,through:0,tt:?,num_interact:0,Intrvl:15,num_users:689,errors:64
rt:?,through:0,tt:?,num_interact:0,Intrvl:15,num_users:784,errors:9
rt:?,through:0,tt:?,num_interact:0,Intrvl:15,num_users:760,errors:65
rt:?,through:0,tt:?,num_interact:0,Intrvl:15,num_users:717,errors:23
rt:?,through:0,tt:?,num_interact:0,Intrvl:15,num_users:680,errors:253
rt:?,through:0,tt:?,num_interact:0,Intrvl:15,num_users:643,errors:74
rt:?,through:0,tt:?,num_interact:0,Intrvl:15,num_users:716,errors:0
rt:?,through:0,tt:?,num_interact:0,Intrvl:15,num_users:773,errors:4233
rt:?,through:0,tt:?,num_interact:0,Intrvl:15,num_users:708,errors:4395
rt:?,through:0,tt:?,num_interact:0,Intrvl:15,num_users:737,errors:4106
rt:?,through:0,tt:?,num_interact:0,Intrvl:15,num_users:720,errors:1
rt:?,through:0,tt:?,num_interact:0,Intrvl:15,num_users:789,errors:12
rt:?,through:0,tt:?,num_interact:0,Intrvl:15,num_users:683,errors:141
rt:?,through:0,tt:?,num_interact:0,Intrvl:15,num_users:685,errors:73
rt:?,through:0,tt:?,num_interact:0,Intrvl:15,num_users:708,errors:0
rt:?,through:0,tt:?,num_interact:0,Intrvl:15,num_users:719,errors:66
rt:?,through:0,tt:?,num_interact:0,Intrvl:15,num_users:714,errors:199
rt:?,through:0,tt:?,num_interact:0,Intrvl:15,num_users:758,errors:4343
rt:?,through:0,tt:?,num_interact:0,Intrvl:15,num_users:760,errors:4488
rt:?,through:0,tt:?,num_interact:0,Intrvl:15,num_users:737,errors:2793
rt:?,through:0,tt:?,num_interact:0,Intrvl:15,num_users:828,errors:0
rt:?,through:0,tt:?,num_interact:0,Intrvl:15,num_users:730,errors:0
rt:?,through:0,tt:?,num_interact:0,Intrvl:15,num_users:744,errors:2
rt:?,through:0,tt:?,num_interact:0,Intrvl:15,num_users:779,errors:0
rt:?,through:0,tt:?,num_interact:0,Intrvl:15,num_users:684,errors:153
rt:?,through:0,tt:?,num_interact:0,Intrvl:15,num_users:663,errors:61
rt:?,through:0,tt:?,num_interact:0,Intrvl:15,num_users:764,errors:4327
rt:?,through:0,tt:?,num_interact:0,Intrvl:15,num_users:695,errors:4521
rt:?,through:0,tt:?,num_interact:0,Intrvl:15,num_users:656,errors:4431
rt:?,through:0,tt:?,num_interact:0,Intrvl:15,num_users:640,errors:2145
rt:?,through:0,tt:?,num_interact:0,Intrvl:15,num_users:699,errors:116
rt:?,through:0,tt:?,num_interact:0,Intrvl:15,num_users:723,errors:20
rt:?,through:0,tt:?,num_interact:0,Intrvl:15,num_users:744,errors:14
rt:?,through:0,tt:?,num_interact:0,Intrvl:15,num_users:783,errors:4344
rt:?,through:0,tt:?,num_interact:0,Intrvl:15,num_users:693,errors:7
rt:?,through:0,tt:?,num_interact:0,Intrvl:15,num_users:652,errors:1
rt:?,through:0,tt:?,num_interact:0,Intrvl:15,num_users:703,errors:4588
rt:?,through:0,tt:?,num_interact:0,Intrvl:15,num_users:705,errors:4694
rt:?,through:0,tt:?,num_interact:0,Intrvl:15,num_users:603,errors:198
rt:?,through:0,tt:?,num_interact:0,Intrvl:15,num_users:765,errors:247
rt:?,through:0,tt:?,num_interact:0,Intrvl:15,num_users:692,errors:59
rt:?,through:0,tt:?,num_interact:0,Intrvl:15,num_users:647,errors:195
rt:?,through:0,tt:?,num_interact:0,Intrvl:15,num_users:661,errors:130
rt:?,through:0,tt:?,num_interact:0,Intrvl:15,num_users:679,errors:22
rt:?,through:0,tt:?,num_interact:0,Intrvl:15,num_users:685,errors:14
rt:?,through:0,tt:?,num_interact:0,Intrvl:15,num_users:736,errors:0
rt:?,through:0,tt:?,num_interact:0,Intrvl:15,num_users:676,errors:0
rt:?,through:0,tt:?,num_interact:0,Intrvl:15,num_users:711,errors:4258
rt:?,through:0,tt:?,num_interact:0,Intrvl:15,num_users:625,errors:21
rt:?,through:0,tt:?,num_interact:0,Intrvl:15,num_users:631,errors:4384
rt:?,through:0,tt:?,num_interact:0,Intrvl:15,num_users:686,errors:5541
rt:?,through:0,tt:?,num_interact:0,Intrvl:15,num_users:645,errors:3084
rt:?,through:0,tt:?,num_interact:0,Intrvl:15,num_users:702,errors:59
rt:?,through:0,tt:?,num_interact:0,Intrvl:15,num_users:678,errors:78
rt:?,through:0,tt:?,num_interact:0,Intrvl:15,num_users:671,errors:233
rt:?,through:0,tt:?,num_interact:0,Intrvl:15,num_users:662,errors:36
rt:?,through:0,tt:?,num_interact:0,Intrvl:15,num_users:708,errors:0
rt:?,through:0,tt:?,num_interact:0,Intrvl:15,num_users:736,errors:14
rt:?,through:0,tt:?,num_interact:0,Intrvl:15,num_users:759,errors:0
rt:?,through:0,tt:?,num_interact:0,Intrvl:15,num_users:714,errors:0
rt:?,through:0,tt:?,num_interact:0,Intrvl:15,num_users:666,errors:0
rt:?,through:0,tt:?,num_interact:0,Intrvl:15,num_users:743,errors:4134
rt:?,through:0,tt:?,num_interact:0,Intrvl:15,num_users:803,errors:5584
rt:?,through:0,tt:?,num_interact:0,Intrvl:15,num_users:747,errors:2926
rt:?,through:0,tt:?,num_interact:0,Intrvl:15,num_users:728,errors:78
rt:?,through:0,tt:?,num_interact:0,Intrvl:15,num_users:724,errors:60
rt:?,through:0,tt:?,num_interact:0,Intrvl:15,num_users:708,errors:210
rt:?,through:0,tt:?,num_interact:0,Intrvl:15,num_users:666,errors:114
rt:?,through:0,tt:?,num_interact:0,Intrvl:15,num_users:729,errors:26
rt:?,through:0,tt:?,num_interact:0,Intrvl:15,num_users:671,errors:14
rt:?,through:0,tt:?,num_interact:0,Intrvl:15,num_users:654,errors:0
rt:?,through:0,tt:?,num_interact:0,Intrvl:15,num_users:632,errors:0
rt:?,through:0,tt:?,num_interact:0,Intrvl:15,num_users:638,errors:0
rt:?,through:0,tt:?,num_interact:0,Intrvl:15,num_users:706,errors:4365
rt:?,through:0,tt:?,num_interact:0,Intrvl:15,num_users:739,errors:6625
rt:?,through:0,tt:?,num_interact:0,Intrvl:15,num_users:707,errors:3733
rt:?,through:0,tt:?,num_interact:0,Intrvl:15,num_users:723,errors:61
rt:?,through:0,tt:?,num_interact:0,Intrvl:15,num_users:722,errors:60
rt:?,through:0,tt:?,num_interact:0,Intrvl:15,num_users:741,errors:210
rt:?,through:0,tt:?,num_interact:0,Intrvl:15,num_users:799,errors:114
rt:?,through:0,tt:?,num_interact:0,Intrvl:15,num_users:773,errors:22
rt:?,through:0,tt:?,num_interact:0,Intrvl:15,num_users:769,errors:14
rt:?,through:0,tt:?,num_interact:0,Intrvl:15,num_users:701,errors:0
rt:?,through:0,tt:?,num_interact:0,Intrvl:15,num_users:695,errors:0
rt:?,through:0,tt:?,num_interact:0,Intrvl:15,num_users:762,errors:6
rt:?,through:0,tt:?,num_interact:0,Intrvl:15,num_users:730,errors:22
rt:?,through:0,tt:?,num_interact:0,Intrvl:15,num_users:665,errors:0
rt:?,through:0,tt:?,num_interact:0,Intrvl:15,num_users:709,errors:46
rt:?,through:0,tt:?,num_interact:0,Intrvl:15,num_users:666,errors:183
rt:?,through:0,tt:?,num_interact:0,Intrvl:15,num_users:733,errors:4314
rt:?,through:0,tt:?,num_interact:0,Intrvl:15,num_users:738,errors:4014
rt:?,through:0,tt:?,num_interact:0,Intrvl:15,num_users:699,errors:174
rt:?,through:0,tt:?,num_interact:0,Intrvl:15,num_users:701,errors:26
rt:?,through:0,tt:?,num_interact:0,Intrvl:15,num_users:644,errors:14
rt:?,through:0,tt:?,num_interact:0,Intrvl:15,num_users:666,errors:0
rt:?,through:0,tt:?,num_interact:0,Intrvl:15,num_users:719,errors:0
rt:?,through:0,tt:?,num_interact:0,Intrvl:15,num_users:739,errors:6
rt:?,through:0,tt:?,num_interact:0,Intrvl:15,num_users:729,errors:1
rt:?,through:0,tt:?,num_interact:0,Intrvl:15,num_users:760,errors:4455
rt:?,through:0,tt:?,num_interact:0,Intrvl:15,num_users:592,errors:20
rt:?,through:0,tt:?,num_interact:0,Intrvl:15,num_users:596,errors:4393
rt:?,through:0,tt:?,num_interact:0,Intrvl:15,num_users:734,errors:1793
rt:?,through:0,tt:?,num_interact:0,Intrvl:15,num_users:765,errors:47
rt:?,through:0,tt:?,num_interact:0,Intrvl:15,num_users:792,errors:212
rt:?,through:0,tt:?,num_interact:0,Intrvl:15,num_users:723,errors:114
rt:?,through:0,tt:?,num_interact:0,Intrvl:15,num_users:720,errors:22
rt:?,through:0,tt:?,num_interact:0,Intrvl:15,num_users:744,errors:14
rt:?,through:0,tt:?,num_interact:0,Intrvl:15,num_users:756,errors:0
rt:?,through:0,tt:?,num_interact:0,Intrvl:15,num_users:715,errors:0
rt:?,through:0,tt:?,num_interact:0,Intrvl:15,num_users:690,errors:0
rt:?,through:0,tt:?,num_interact:0,Intrvl:15,num_users:678,errors:0
rt:?,through:0,tt:?,num_interact:0,Intrvl:15,num_users:612,errors:0
rt:?,through:0,tt:?,num_interact:0,Intrvl:15,num_users:688,errors:4443
rt:?,through:0,tt:?,num_interact:0,Intrvl:15,num_users:701,errors:4411
rt:?,through:0,tt:?,num_interact:0,Intrvl:15,num_users:751,errors:392
rt:?,through:0,tt:?,num_interact:0,Intrvl:15,num_users:704,errors:63
rt:?,through:0,tt:?,num_interact:0,Intrvl:15,num_users:780,errors:235
rt:?,through:0,tt:?,num_interact:0,Intrvl:15,num_users:654,errors:50
rt:?,through:0,tt:?,num_interact:0,Intrvl:15,num_users:725,errors:0
rt:?,through:0,tt:?,num_interact:0,Intrvl:15,num_users:738,errors:14
rt:?,through:0,tt:?,num_interact:0,Intrvl:15,num_users:729,errors:0
rt:?,through:0,tt:?,num_interact:0,Intrvl:15,num_users:767,errors:4324
rt:?,through:0,tt:?,num_interact:0,Intrvl:15,num_users:724,errors:14
rt:?,through:0,tt:?,num_interact:0,Intrvl:15,num_users:784,errors:5433
rt:?,through:0,tt:?,num_interact:0,Intrvl:15,num_users:751,errors:4326
rt:?,through:0,tt:?,num_interact:0,Intrvl:15,num_users:779,errors:2795
rt:?,through:0,tt:?,num_interact:0,Intrvl:15,num_users:799,errors:136
rt:?,through:0,tt:?,num_interact:0,Intrvl:15,num_users:780,errors:47
rt:?,through:0,tt:?,num_interact:0,Intrvl:15,num_users:750,errors:212
rt:?,through:0,tt:?,num_interact:0,Intrvl:15,num_users:799,errors:4230
rt:?,through:0,tt:?,num_interact:0,Intrvl:15,num_users:716,errors:4414
rt:?,through:0,tt:?,num_interact:0,Intrvl:15,num_users:769,errors:2519
rt:?,through:0,tt:?,num_interact:0,Intrvl:15,num_users:738,errors:0
rt:?,through:0,tt:?,num_interact:0,Intrvl:15,num_users:656,errors:0
rt:?,through:0,tt:?,num_interact:0,Intrvl:15,num_users:707,errors:0
rt:?,through:0,tt:?,num_interact:0,Intrvl:15,num_users:683,errors:0
rt:?,through:0,tt:?,num_interact:0,Intrvl:15,num_users:821,errors:4110
rt:?,through:0,tt:?,num_interact:0,Intrvl:15,num_users:830,errors:4713
rt:?,through:0,tt:?,num_interact:0,Intrvl:15,num_users:731,errors:4221
rt:?,through:0,tt:?,num_interact:0,Intrvl:15,num_users:749,errors:4254
rt:?,through:0,tt:?,num_interact:0,Intrvl:15,num_users:753,errors:2347
rt:?,through:0,tt:?,num_interact:0,Intrvl:15,num_users:758,errors:103
rt:?,through:0,tt:?,num_interact:0,Intrvl:15,num_users:764,errors:35
rt:?,through:0,tt:?,num_interact:0,Intrvl:15,num_users:798,errors:4329
rt:?,through:0,tt:?,num_interact:0,Intrvl:15,num_users:668,errors:4547
rt:?,through:0,tt:?,num_interact:0,Intrvl:15,num_users:769,errors:9193
rt:?,through:0,tt:?,num_interact:0,Intrvl:15,num_users:819,errors:1756
rt:?,through:0,tt:?,num_interact:0,Intrvl:15,num_users:776,errors:0
rt:?,through:0,tt:?,num_interact:0,Intrvl:15,num_users:825,errors:4033
rt:?,through:0,tt:?,num_interact:0,Intrvl:15,num_users:795,errors:4289
rt:?,through:0,tt:?,num_interact:0,Intrvl:15,num_users:757,errors:4302
rt:?,through:0,tt:?,num_interact:0,Intrvl:15,num_users:788,errors:4784
rt:?,through:0,tt:?,num_interact:0,Intrvl:15,num_users:854,errors:1188
rt:?,through:0,tt:?,num_interact:0,Intrvl:15,num_users:689,errors:31
rt:?,through:0,tt:?,num_interact:0,Intrvl:15,num_users:775,errors:4129
rt:?,through:0,tt:?,num_interact:0,Intrvl:15,num_users:693,errors:4137
rt:?,through:0,tt:?,num_interact:0,Intrvl:15,num_users:669,errors:4144
rt:?,through:0,tt:?,num_interact:0,Intrvl:15,num_users:702,errors:6971
rt:?,through:0,tt:?,num_interact:0,Intrvl:15,num_users:769,errors:1555
rt:?,through:0,tt:?,num_interact:0,Intrvl:15,num_users:724,errors:0
rt:?,through:0,tt:?,num_interact:0,Intrvl:15,num_users:743,errors:194
rt:?,through:0,tt:?,num_interact:0,Intrvl:15,num_users:834,errors:4127
rt:?,through:0,tt:?,num_interact:0,Intrvl:15,num_users:768,errors:4252
rt:?,through:0,tt:?,num_interact:0,Intrvl:15,num_users:842,errors:4268
rt:?,through:0,tt:?,num_interact:0,Intrvl:15,num_users:789,errors:3034
rt:?,through:0,tt:?,num_interact:0,Intrvl:15,num_users:846,errors:3949
rt:?,through:0,tt:?,num_interact:0,Intrvl:15,num_users:801,errors:4371
rt:?,through:0,tt:?,num_interact:0,Intrvl:15,num_users:818,errors:5347
rt:?,through:0,tt:?,num_interact:0,Intrvl:15,num_users:811,errors:4321
rt:?,through:0,tt:?,num_interact:0,Intrvl:15,num_users:764,errors:4306
rt:?,through:0,tt:?,num_interact:0,Intrvl:15,num_users:733,errors:1160
rt:?,through:0,tt:?,num_interact:0,Intrvl:15,num_users:759,errors:0
rt:?,through:0,tt:?,num_interact:0,Intrvl:15,num_users:697,errors:63
rt:?,through:0,tt:?,num_interact:0,Intrvl:15,num_users:779,errors:4180
rt:?,through:0,tt:?,num_interact:0,Intrvl:15,num_users:756,errors:4318
rt:?,through:0,tt:?,num_interact:0,Intrvl:15,num_users:730,errors:4263
rt:?,through:0,tt:?,num_interact:0,Intrvl:15,num_users:765,errors:4270
rt:?,through:0,tt:?,num_interact:0,Intrvl:15,num_users:746,errors:3078
rt:?,through:0,tt:?,num_interact:0,Intrvl:15,num_users:888,errors:0
rt:?,through:0,tt:?,num_interact:0,Intrvl:15,num_users:801,errors:0
rt:?,through:0,tt:?,num_interact:0,Intrvl:15,num_users:772,errors:0
rt:?,through:0,tt:?,num_interact:0,Intrvl:15,num_users:831,errors:4119
rt:?,through:0,tt:?,num_interact:0,Intrvl:15,num_users:818,errors:4139
rt:?,through:0,tt:?,num_interact:0,Intrvl:15,num_users:836,errors:4230
rt:?,through:0,tt:?,num_interact:0,Intrvl:15,num_users:811,errors:4250
rt:?,through:0,tt:?,num_interact:0,Intrvl:15,num_users:760,errors:2718
rt:?,through:0,tt:?,num_interact:0,Intrvl:15,num_users:763,errors:112
rt:?,through:0,tt:?,num_interact:0,Intrvl:15,num_users:792,errors:151
rt:?,through:0,tt:?,num_interact:0,Intrvl:15,num_users:795,errors:137
rt:?,through:0,tt:?,num_interact:0,Intrvl:15,num_users:844,errors:4110
rt:?,through:0,tt:?,num_interact:0,Intrvl:15,num_users:770,errors:4227
rt:?,through:0,tt:?,num_interact:0,Intrvl:15,num_users:743,errors:4456
rt:?,through:0,tt:?,num_interact:0,Intrvl:15,num_users:855,errors:4119
rt:?,through:0,tt:?,num_interact:0,Intrvl:15,num_users:706,errors:0
rt:?,through:0,tt:?,num_interact:0,Intrvl:15,num_users:779,errors:4123
rt:?,through:0,tt:?,num_interact:0,Intrvl:15,num_users:848,errors:6324
rt:?,through:0,tt:?,num_interact:0,Intrvl:15,num_users:871,errors:5335
rt:?,through:0,tt:?,num_interact:0,Intrvl:15,num_users:906,errors:4772
rt:?,through:0,tt:?,num_interact:0,Intrvl:15,num_users:847,errors:4214
rt:?,through:0,tt:?,num_interact:0,Intrvl:15,num_users:835,errors:4223
rt:?,through:0,tt:?,num_interact:0,Intrvl:15,num_users:841,errors:4494
rt:?,through:0,tt:?,num_interact:0,Intrvl:15,num_users:875,errors:4819
rt:?,through:0,tt:?,num_interact:0,Intrvl:15,num_users:786,errors:310
rt:?,through:0,tt:?,num_interact:0,Intrvl:15,num_users:843,errors:4221
rt:?,through:0,tt:?,num_interact:0,Intrvl:15,num_users:765,errors:4395
rt:?,through:0,tt:?,num_interact:0,Intrvl:15,num_users:873,errors:4978
rt:?,through:0,tt:?,num_interact:0,Intrvl:15,num_users:817,errors:4397
rt:?,through:0,tt:?,num_interact:0,Intrvl:15,num_users:817,errors:4389
rt:?,through:0,tt:?,num_interact:0,Intrvl:15,num_users:837,errors:1183
rt:?,through:0,tt:?,num_interact:0,Intrvl:15,num_users:766,errors:110
rt:?,through:0,tt:?,num_interact:0,Intrvl:15,num_users:821,errors:4375
rt:?,through:0,tt:?,num_interact:0,Intrvl:15,num_users:807,errors:4362
rt:?,through:0,tt:?,num_interact:0,Intrvl:15,num_users:812,errors:4668
rt:?,through:0,tt:?,num_interact:0,Intrvl:15,num_users:868,errors:4368
rt:?,through:0,tt:?,num_interact:0,Intrvl:15,num_users:783,errors:4207
rt:?,through:0,tt:?,num_interact:0,Intrvl:15,num_users:673,errors:890
rt:?,through:0,tt:?,num_interact:0,Intrvl:15,num_users:695,errors:4054
rt:?,through:0,tt:?,num_interact:0,Intrvl:15,num_users:820,errors:5534
rt:?,through:0,tt:?,num_interact:0,Intrvl:15,num_users:711,errors:4319
rt:?,through:0,tt:?,num_interact:0,Intrvl:15,num_users:754,errors:4762
rt:?,through:0,tt:?,num_interact:0,Intrvl:15,num_users:755,errors:4448
rt:?,through:0,tt:?,num_interact:0,Intrvl:15,num_users:741,errors:222
rt:?,through:0,tt:?,num_interact:0,Intrvl:15,num_users:789,errors:2
rt:?,through:0,tt:?,num_interact:0,Intrvl:15,num_users:736,errors:166
rt:?,through:0,tt:?,num_interact:0,Intrvl:15,num_users:740,errors:70
rt:?,through:0,tt:?,num_interact:0,Intrvl:15,num_users:809,errors:127
rt:?,through:0,tt:?,num_interact:0,Intrvl:15,num_users:728,errors:93
rt:?,through:0,tt:?,num_interact:0,Intrvl:15,num_users:683,errors:92
rt:?,through:0,tt:?,num_interact:0,Intrvl:15,num_users:764,errors:4378
rt:?,through:0,tt:?,num_interact:0,Intrvl:15,num_users:741,errors:4483
rt:?,through:0,tt:?,num_interact:0,Intrvl:15,num_users:706,errors:4447
rt:?,through:0,tt:?,num_interact:0,Intrvl:15,num_users:811,errors:3708
rt:?,through:0,tt:?,num_interact:0,Intrvl:15,num_users:737,errors:0
rt:?,through:0,tt:?,num_interact:0,Intrvl:15,num_users:676,errors:40
rt:?,through:0,tt:?,num_interact:0,Intrvl:15,num_users:734,errors:4188
rt:?,through:0,tt:?,num_interact:0,Intrvl:15,num_users:698,errors:4311
rt:?,through:0,tt:?,num_interact:0,Intrvl:15,num_users:755,errors:4632
rt:?,through:0,tt:?,num_interact:0,Intrvl:15,num_users:741,errors:4303
rt:?,through:0,tt:?,num_interact:0,Intrvl:15,num_users:715,errors:1411
rt:?,through:0,tt:?,num_interact:0,Intrvl:15,num_users:807,errors:175
rt:?,through:0,tt:?,num_interact:0,Intrvl:15,num_users:815,errors:0
rt:?,through:0,tt:?,num_interact:0,Intrvl:15,num_users:767,errors:0
rt:?,through:0,tt:?,num_interact:0,Intrvl:15,num_users:794,errors:4280
rt:?,through:0,tt:?,num_interact:0,Intrvl:15,num_users:774,errors:4206
rt:?,through:0,tt:?,num_interact:0,Intrvl:15,num_users:685,errors:4361
rt:?,through:0,tt:?,num_interact:0,Intrvl:15,num_users:721,errors:4490
rt:?,through:0,tt:?,num_interact:0,Intrvl:15,num_users:810,errors:4848
rt:?,through:0,tt:?,num_interact:0,Intrvl:15,num_users:820,errors:3392
rt:?,through:0,tt:?,num_interact:0,Intrvl:15,num_users:707,errors:151
rt:?,through:0,tt:?,num_interact:0,Intrvl:15,num_users:754,errors:4060
rt:?,through:0,tt:?,num_interact:0,Intrvl:15,num_users:757,errors:4453
rt:?,through:0,tt:?,num_interact:0,Intrvl:15,num_users:708,errors:4310
rt:?,through:0,tt:?,num_interact:0,Intrvl:15,num_users:738,errors:4446
rt:?,through:0,tt:?,num_interact:0,Intrvl:15,num_users:755,errors:3344
rt:?,through:0,tt:?,num_interact:0,Intrvl:15,num_users:727,errors:0
rt:?,through:0,tt:?,num_interact:0,Intrvl:15,num_users:707,errors:0
rt:?,through:0,tt:?,num_interact:0,Intrvl:15,num_users:696,errors:3
rt:?,through:0,tt:?,num_interact:0,Intrvl:15,num_users:767,errors:7
rt:?,through:0,tt:?,num_interact:0,Intrvl:15,num_users:706,errors:22
rt:?,through:0,tt:?,num_interact:0,Intrvl:15,num_users:696,errors:14
rt:?,through:0,tt:?,num_interact:0,Intrvl:15,num_users:698,errors:241
rt:?,through:0,tt:?,num_interact:0,Intrvl:15,num_users:681,errors:2
rt:?,through:0,tt:?,num_interact:0,Intrvl:15,num_users:744,errors:4309
rt:?,through:0,tt:?,num_interact:0,Intrvl:15,num_users:711,errors:4327
rt:?,through:0,tt:?,num_interact:0,Intrvl:15,num_users:754,errors:4455
rt:?,through:0,tt:?,num_interact:0,Intrvl:15,num_users:688,errors:2656
rt:?,through:0,tt:?,num_interact:0,Intrvl:15,num_users:708,errors:36
rt:?,through:0,tt:?,num_interact:0,Intrvl:15,num_users:715,errors:0
rt:?,through:0,tt:?,num_interact:0,Intrvl:15,num_users:718,errors:0
rt:?,through:0,tt:?,num_interact:0,Intrvl:15,num_users:724,errors:5
rt:?,through:0,tt:?,num_interact:0,Intrvl:15,num_users:663,errors:19
rt:?,through:0,tt:?,num_interact:0,Intrvl:15,num_users:669,errors:2
rt:?,through:0,tt:?,num_interact:0,Intrvl:15,num_users:669,errors:90
rt:?,through:0,tt:?,num_interact:0,Intrvl:15,num_users:707,errors:142
rt:?,through:0,tt:?,num_interact:0,Intrvl:15,num_users:713,errors:0
rt:?,through:0,tt:?,num_interact:0,Intrvl:15,num_users:750,errors:197
rt:?,through:0,tt:?,num_interact:0,Intrvl:15,num_users:691,errors:83
rt:?,through:0,tt:?,num_interact:0,Intrvl:15,num_users:760,errors:4325
rt:?,through:0,tt:?,num_interact:0,Intrvl:15,num_users:737,errors:4490
rt:?,through:0,tt:?,num_interact:0,Intrvl:15,num_users:732,errors:4561
rt:?,through:0,tt:?,num_interact:0,Intrvl:15,num_users:705,errors:2421
rt:?,through:0,tt:?,num_interact:0,Intrvl:15,num_users:591,errors:0
rt:?,through:0,tt:?,num_interact:0,Intrvl:15,num_users:673,errors:6
rt:?,through:0,tt:?,num_interact:0,Intrvl:15,num_users:629,errors:13
rt:?,through:0,tt:?,num_interact:0,Intrvl:15,num_users:658,errors:9
rt:?,through:0,tt:?,num_interact:0,Intrvl:15,num_users:765,errors:4083
rt:?,through:0,tt:?,num_interact:0,Intrvl:15,num_users:692,errors:4350
rt:?,through:0,tt:?,num_interact:0,Intrvl:15,num_users:636,errors:4483
rt:?,through:0,tt:?,num_interact:0,Intrvl:15,num_users:684,errors:4683
rt:?,through:0,tt:?,num_interact:0,Intrvl:15,num_users:641,errors:4495
rt:?,through:0,tt:?,num_interact:0,Intrvl:15,num_users:689,errors:1852
rt:?,through:0,tt:?,num_interact:0,Intrvl:15,num_users:758,errors:35
rt:?,through:0,tt:?,num_interact:0,Intrvl:15,num_users:798,errors:0
rt:?,through:0,tt:?,num_interact:0,Intrvl:15,num_users:755,errors:13
rt:?,through:0,tt:?,num_interact:0,Intrvl:15,num_users:760,errors:39
rt:?,through:0,tt:?,num_interact:0,Intrvl:15,num_users:703,errors:5
rt:?,through:0,tt:?,num_interact:0,Intrvl:15,num_users:732,errors:4316
rt:?,through:0,tt:?,num_interact:0,Intrvl:15,num_users:789,errors:5190
rt:?,through:0,tt:?,num_interact:0,Intrvl:15,num_users:726,errors:4420
rt:?,through:0,tt:?,num_interact:0,Intrvl:15,num_users:690,errors:4496
rt:?,through:0,tt:?,num_interact:0,Intrvl:15,num_users:665,errors:3830
rt:?,through:0,tt:?,num_interact:0,Intrvl:15,num_users:669,errors:75
rt:?,through:0,tt:?,num_interact:0,Intrvl:15,num_users:706,errors:138
rt:?,through:0,tt:?,num_interact:0,Intrvl:15,num_users:731,errors:52
rt:?,through:0,tt:?,num_interact:0,Intrvl:15,num_users:651,errors:0
rt:?,through:0,tt:?,num_interact:0,Intrvl:15,num_users:651,errors:13
rt:?,through:0,tt:?,num_interact:0,Intrvl:15,num_users:650,errors:37
rt:?,through:0,tt:?,num_interact:0,Intrvl:15,num_users:757,errors:4272
rt:?,through:0,tt:?,num_interact:0,Intrvl:15,num_users:712,errors:4488
rt:?,through:0,tt:?,num_interact:0,Intrvl:15,num_users:692,errors:4502
rt:?,through:0,tt:?,num_interact:0,Intrvl:15,num_users:752,errors:5090
rt:?,through:0,tt:?,num_interact:0,Intrvl:15,num_users:721,errors:4346
rt:?,through:0,tt:?,num_interact:0,Intrvl:15,num_users:733,errors:63
rt:?,through:0,tt:?,num_interact:0,Intrvl:15,num_users:624,errors:238
rt:?,through:0,tt:?,num_interact:0,Intrvl:15,num_users:764,errors:4014
rt:?,through:0,tt:?,num_interact:0,Intrvl:15,num_users:715,errors:4338
rt:?,through:0,tt:?,num_interact:0,Intrvl:15,num_users:750,errors:4809
rt:?,through:0,tt:?,num_interact:0,Intrvl:15,num_users:698,errors:4413
rt:?,through:0,tt:?,num_interact:0,Intrvl:15,num_users:660,errors:3274
rt:?,through:0,tt:?,num_interact:0,Intrvl:15,num_users:774,errors:4129
rt:?,through:0,tt:?,num_interact:0,Intrvl:15,num_users:806,errors:6657
rt:?,through:0,tt:?,num_interact:0,Intrvl:15,num_users:775,errors:4297
rt:?,through:0,tt:?,num_interact:0,Intrvl:15,num_users:726,errors:4316
rt:?,through:0,tt:?,num_interact:0,Intrvl:15,num_users:763,errors:4400
rt:?,through:0,tt:?,num_interact:0,Intrvl:15,num_users:689,errors:3528
rt:?,through:0,tt:?,num_interact:0,Intrvl:15,num_users:777,errors:274
rt:?,through:0,tt:?,num_interact:0,Intrvl:15,num_users:709,errors:10
rt:?,through:0,tt:?,num_interact:0,Intrvl:15,num_users:712,errors:120
rt:?,through:0,tt:?,num_interact:0,Intrvl:15,num_users:695,errors:27
rt:?,through:0,tt:?,num_interact:0,Intrvl:15,num_users:721,errors:4261
rt:?,through:0,tt:?,num_interact:0,Intrvl:15,num_users:720,errors:4436
rt:?,through:0,tt:?,num_interact:0,Intrvl:15,num_users:701,errors:4418
rt:?,through:0,tt:?,num_interact:0,Intrvl:15,num_users:682,errors:4493
rt:?,through:0,tt:?,num_interact:0,Intrvl:15,num_users:629,errors:2234
rt:?,through:0,tt:?,num_interact:0,Intrvl:15,num_users:674,errors:5
rt:?,through:0,tt:?,num_interact:0,Intrvl:15,num_users:666,errors:53
rt:?,through:0,tt:?,num_interact:0,Intrvl:15,num_users:683,errors:37
rt:?,through:0,tt:?,num_interact:0,Intrvl:15,num_users:693,errors:263
rt:?,through:0,tt:?,num_interact:0,Intrvl:15,num_users:643,errors:79
rt:?,through:0,tt:?,num_interact:0,Intrvl:15,num_users:597,errors:113
rt:?,through:0,tt:?,num_interact:0,Intrvl:15,num_users:651,errors:44
rt:?,through:0,tt:?,num_interact:0,Intrvl:15,num_users:736,errors:4256
rt:?,through:0,tt:?,num_interact:0,Intrvl:15,num_users:765,errors:6390
rt:?,through:0,tt:?,num_interact:0,Intrvl:15,num_users:771,errors:4878
rt:?,through:0,tt:?,num_interact:0,Intrvl:15,num_users:731,errors:4536
rt:?,through:0,tt:?,num_interact:0,Intrvl:15,num_users:676,errors:3494
rt:?,through:0,tt:?,num_interact:0,Intrvl:15,num_users:644,errors:4
rt:?,through:0,tt:?,num_interact:0,Intrvl:15,num_users:624,errors:40
rt:?,through:0,tt:?,num_interact:0,Intrvl:15,num_users:644,errors:36
rt:?,through:0,tt:?,num_interact:0,Intrvl:15,num_users:632,errors:258
rt:?,through:0,tt:?,num_interact:0,Intrvl:15,num_users:644,errors:77
rt:?,through:0,tt:?,num_interact:0,Intrvl:15,num_users:673,errors:113
rt:?,through:0,tt:?,num_interact:0,Intrvl:15,num_users:643,errors:71
rt:?,through:0,tt:?,num_interact:0,Intrvl:15,num_users:761,errors:0
rt:?,through:0,tt:?,num_interact:0,Intrvl:15,num_users:643,errors:0
rt:?,through:0,tt:?,num_interact:0,Intrvl:15,num_users:610,errors:6
rt:?,through:0,tt:?,num_interact:0,Intrvl:15,num_users:698,errors:4598
rt:?,through:0,tt:?,num_interact:0,Intrvl:15,num_users:671,errors:4523
rt:?,through:0,tt:?,num_interact:0,Intrvl:15,num_users:705,errors:6044
rt:?,through:0,tt:?,num_interact:0,Intrvl:15,num_users:629,errors:1998
rt:?,through:0,tt:?,num_interact:0,Intrvl:15,num_users:685,errors:9
rt:?,through:0,tt:?,num_interact:0,Intrvl:15,num_users:779,errors:133
rt:?,through:0,tt:?,num_interact:0,Intrvl:15,num_users:653,errors:236
rt:?,through:0,tt:?,num_interact:0,Intrvl:15,num_users:686,errors:4162
rt:?,through:0,tt:?,num_interact:0,Intrvl:15,num_users:748,errors:4855
rt:?,through:0,tt:?,num_interact:0,Intrvl:15,num_users:691,errors:4457
rt:?,through:0,tt:?,num_interact:0,Intrvl:15,num_users:697,errors:4807
rt:?,through:0,tt:?,num_interact:0,Intrvl:15,num_users:755,errors:2423
rt:?,through:0,tt:?,num_interact:0,Intrvl:15,num_users:717,errors:0
rt:?,through:0,tt:?,num_interact:0,Intrvl:15,num_users:660,errors:0
rt:?,through:0,tt:?,num_interact:0,Intrvl:15,num_users:770,errors:4172
rt:?,through:0,tt:?,num_interact:0,Intrvl:15,num_users:697,errors:4240
rt:?,through:0,tt:?,num_interact:0,Intrvl:15,num_users:746,errors:4458
rt:?,through:0,tt:?,num_interact:0,Intrvl:15,num_users:616,errors:4423
rt:?,through:0,tt:?,num_interact:0,Intrvl:15,num_users:675,errors:911
rt:?,through:0,tt:?,num_interact:0,Intrvl:15,num_users:739,errors:39
rt:?,through:0,tt:?,num_interact:0,Intrvl:15,num_users:768,errors:4295
rt:?,through:0,tt:?,num_interact:0,Intrvl:15,num_users:680,errors:4369
rt:?,through:0,tt:?,num_interact:0,Intrvl:15,num_users:745,errors:4636
rt:?,through:0,tt:?,num_interact:0,Intrvl:15,num_users:721,errors:4282
rt:?,through:0,tt:?,num_interact:0,Intrvl:15,num_users:807,errors:3478
rt:?,through:0,tt:?,num_interact:0,Intrvl:15,num_users:730,errors:0
rt:?,through:0,tt:?,num_interact:0,Intrvl:15,num_users:769,errors:4398
rt:?,through:0,tt:?,num_interact:0,Intrvl:15,num_users:777,errors:4720
rt:?,through:0,tt:?,num_interact:0,Intrvl:15,num_users:695,errors:4396
rt:?,through:0,tt:?,num_interact:0,Intrvl:15,num_users:715,errors:4764
rt:?,through:0,tt:?,num_interact:0,Intrvl:15,num_users:789,errors:4105
rt:?,through:0,tt:?,num_interact:0,Intrvl:15,num_users:801,errors:4322
rt:?,through:0,tt:?,num_interact:0,Intrvl:15,num_users:812,errors:4334
rt:?,through:0,tt:?,num_interact:0,Intrvl:15,num_users:820,errors:4647
rt:?,through:0,tt:?,num_interact:0,Intrvl:15,num_users:822,errors:4402
rt:?,through:0,tt:?,num_interact:0,Intrvl:15,num_users:752,errors:4382
rt:?,through:0,tt:?,num_interact:0,Intrvl:15,num_users:782,errors:3768
rt:?,through:0,tt:?,num_interact:0,Intrvl:15,num_users:731,errors:0
rt:?,through:0,tt:?,num_interact:0,Intrvl:15,num_users:668,errors:0
rt:?,through:0,tt:?,num_interact:0,Intrvl:15,num_users:686,errors:21
rt:?,through:0,tt:?,num_interact:0,Intrvl:15,num_users:673,errors:34
rt:?,through:0,tt:?,num_interact:0,Intrvl:15,num_users:601,errors:260
rt:?,through:0,tt:?,num_interact:0,Intrvl:15,num_users:679,errors:117
rt:?,through:0,tt:?,num_interact:0,Intrvl:15,num_users:698,errors:27
rt:?,through:0,tt:?,num_interact:0,Intrvl:15,num_users:702,errors:50
rt:?,through:0,tt:?,num_interact:0,Intrvl:15,num_users:676,errors:0
rt:?,through:0,tt:?,num_interact:0,Intrvl:15,num_users:708,errors:4364
rt:?,through:0,tt:?,num_interact:0,Intrvl:15,num_users:697,errors:4570
rt:?,through:0,tt:?,num_interact:0,Intrvl:15,num_users:679,errors:4623
rt:?,through:0,tt:?,num_interact:0,Intrvl:15,num_users:697,errors:5285
rt:?,through:0,tt:?,num_interact:0,Intrvl:15,num_users:669,errors:1079
rt:?,through:0,tt:?,num_interact:0,Intrvl:15,num_users:735,errors:12
rt:?,through:0,tt:?,num_interact:0,Intrvl:15,num_users:725,errors:7
rt:?,through:0,tt:?,num_interact:0,Intrvl:15,num_users:731,errors:77
rt:?,through:0,tt:?,num_interact:0,Intrvl:15,num_users:696,errors:398
rt:?,through:0,tt:?,num_interact:0,Intrvl:15,num_users:637,errors:14
rt:?,through:0,tt:?,num_interact:0,Intrvl:15,num_users:702,errors:64
rt:?,through:0,tt:?,num_interact:0,Intrvl:15,num_users:648,errors:3
rt:?,through:0,tt:?,num_interact:0,Intrvl:15,num_users:651,errors:0
rt:?,through:0,tt:?,num_interact:0,Intrvl:15,num_users:638,errors:36
rt:?,through:0,tt:?,num_interact:0,Intrvl:15,num_users:757,errors:1
rt:?,through:0,tt:?,num_interact:0,Intrvl:15,num_users:607,errors:45
rt:?,through:0,tt:?,num_interact:0,Intrvl:15,num_users:604,errors:12
rt:?,through:0,tt:?,num_interact:0,Intrvl:15,num_users:650,errors:4534
rt:?,through:0,tt:?,num_interact:0,Intrvl:15,num_users:654,errors:4583
rt:?,through:0,tt:?,num_interact:0,Intrvl:15,num_users:661,errors:4497
rt:?,through:0,tt:?,num_interact:0,Intrvl:15,num_users:704,errors:3541
rt:?,through:0,tt:?,num_interact:0,Intrvl:15,num_users:575,errors:87
rt:?,through:0,tt:?,num_interact:0,Intrvl:15,num_users:612,errors:27
rt:?,through:0,tt:?,num_interact:0,Intrvl:15,num_users:613,errors:49
rt:?,through:0,tt:?,num_interact:0,Intrvl:15,num_users:628,errors:0
rt:?,through:0,tt:?,num_interact:0,Intrvl:15,num_users:624,errors:0
rt:?,through:0,tt:?,num_interact:0,Intrvl:15,num_users:606,errors:34
rt:?,through:0,tt:?,num_interact:0,Intrvl:15,num_users:604,errors:42
rt:?,through:0,tt:?,num_interact:0,Intrvl:15,num_users:601,errors:0
rt:?,through:0,tt:?,num_interact:0,Intrvl:15,num_users:599,errors:11
rt:?,through:0,tt:?,num_interact:0,Intrvl:15,num_users:649,errors:4707
rt:?,through:0,tt:?,num_interact:0,Intrvl:15,num_users:741,errors:7309
rt:?,through:0,tt:?,num_interact:0,Intrvl:15,num_users:626,errors:4382
rt:?,through:0,tt:?,num_interact:0,Intrvl:15,num_users:562,errors:114
rt:?,through:0,tt:?,num_interact:0,Intrvl:15,num_users:582,errors:26
rt:?,through:0,tt:?,num_interact:0,Intrvl:15,num_users:637,errors:48
rt:?,through:0,tt:?,num_interact:0,Intrvl:15,num_users:636,errors:0
rt:?,through:0,tt:?,num_interact:0,Intrvl:15,num_users:690,errors:0
rt:?,through:0,tt:?,num_interact:0,Intrvl:15,num_users:616,errors:34
rt:?,through:0,tt:?,num_interact:0,Intrvl:15,num_users:634,errors:29
rt:?,through:0,tt:?,num_interact:0,Intrvl:15,num_users:680,errors:11
rt:?,through:0,tt:?,num_interact:0,Intrvl:15,num_users:672,errors:11
rt:?,through:0,tt:?,num_interact:0,Intrvl:15,num_users:676,errors:0
rt:?,through:0,tt:?,num_interact:0,Intrvl:15,num_users:622,errors:0
rt:?,through:0,tt:?,num_interact:0,Intrvl:15,num_users:615,errors:9
rt:?,through:0,tt:?,num_interact:0,Intrvl:15,num_users:567,errors:390
rt:?,through:0,tt:?,num_interact:0,Intrvl:15,num_users:584,errors:19
rt:?,through:0,tt:?,num_interact:0,Intrvl:15,num_users:597,errors:62
rt:?,through:0,tt:?,num_interact:0,Intrvl:15,num_users:560,errors:2
rt:?,through:0,tt:?,num_interact:0,Intrvl:15,num_users:581,errors:0
rt:?,through:0,tt:?,num_interact:0,Intrvl:15,num_users:601,errors:33
rt:?,through:0,tt:?,num_interact:0,Intrvl:15,num_users:581,errors:1
rt:?,through:0,tt:?,num_interact:0,Intrvl:15,num_users:638,errors:40
rt:?,through:0,tt:?,num_interact:0,Intrvl:15,num_users:710,errors:4688
rt:?,through:0,tt:?,num_interact:0,Intrvl:15,num_users:725,errors:5848
rt:?,through:0,tt:?,num_interact:0,Intrvl:15,num_users:702,errors:4704
rt:?,through:0,tt:?,num_interact:0,Intrvl:15,num_users:735,errors:1311
rt:?,through:0,tt:?,num_interact:0,Intrvl:15,num_users:668,errors:326
rt:?,through:0,tt:?,num_interact:0,Intrvl:15,num_users:591,errors:74
rt:?,through:0,tt:?,num_interact:0,Intrvl:15,num_users:630,errors:26
rt:?,through:0,tt:?,num_interact:0,Intrvl:15,num_users:598,errors:48
rt:?,through:0,tt:?,num_interact:0,Intrvl:15,num_users:622,errors:21
rt:?,through:0,tt:?,num_interact:0,Intrvl:15,num_users:677,errors:0
rt:?,through:0,tt:?,num_interact:0,Intrvl:15,num_users:687,errors:34
rt:?,through:0,tt:?,num_interact:0,Intrvl:15,num_users:624,errors:50
rt:?,through:0,tt:?,num_interact:0,Intrvl:15,num_users:625,errors:0
rt:?,through:0,tt:?,num_interact:0,Intrvl:15,num_users:623,errors:0
rt:?,through:0,tt:?,num_interact:0,Intrvl:15,num_users:626,errors:0
rt:?,through:0,tt:?,num_interact:0,Intrvl:15,num_users:633,errors:11
rt:?,through:0,tt:?,num_interact:0,Intrvl:15,num_users:605,errors:11
rt:?,through:0,tt:?,num_interact:0,Intrvl:15,num_users:693,errors:4201
rt:?,through:0,tt:?,num_interact:0,Intrvl:15,num_users:644,errors:4575
rt:?,through:0,tt:?,num_interact:0,Intrvl:15,num_users:628,errors:4647
rt:?,through:0,tt:?,num_interact:0,Intrvl:15,num_users:638,errors:2939
rt:?,through:0,tt:?,num_interact:0,Intrvl:15,num_users:648,errors:0
rt:?,through:0,tt:?,num_interact:0,Intrvl:15,num_users:589,errors:34
rt:?,through:0,tt:?,num_interact:0,Intrvl:15,num_users:662,errors:31
rt:?,through:0,tt:?,num_interact:0,Intrvl:15,num_users:566,errors:17
rt:?,through:0,tt:?,num_interact:0,Intrvl:15,num_users:582,errors:0
rt:?,through:0,tt:?,num_interact:0,Intrvl:15,num_users:628,errors:0
rt:?,through:0,tt:?,num_interact:0,Intrvl:15,num_users:632,errors:0
rt:?,through:0,tt:?,num_interact:0,Intrvl:15,num_users:572,errors:12
rt:?,through:0,tt:?,num_interact:0,Intrvl:15,num_users:622,errors:11
rt:?,through:0,tt:?,num_interact:0,Intrvl:15,num_users:619,errors:385
rt:?,through:0,tt:?,num_interact:0,Intrvl:15,num_users:653,errors:4210
rt:?,through:0,tt:?,num_interact:0,Intrvl:15,num_users:638,errors:4407
rt:?,through:0,tt:?,num_interact:0,Intrvl:15,num_users:618,errors:4511
rt:?,through:0,tt:?,num_interact:0,Intrvl:15,num_users:655,errors:4504
rt:?,through:0,tt:?,num_interact:0,Intrvl:15,num_users:598,errors:1630
rt:?,through:0,tt:?,num_interact:0,Intrvl:15,num_users:594,errors:40
rt:?,through:0,tt:?,num_interact:0,Intrvl:15,num_users:658,errors:6
rt:?,through:0,tt:?,num_interact:0,Intrvl:15,num_users:582,errors:0
rt:?,through:0,tt:?,num_interact:0,Intrvl:15,num_users:693,errors:0
rt:?,through:0,tt:?,num_interact:0,Intrvl:15,num_users:716,errors:11
rt:?,through:0,tt:?,num_interact:0,Intrvl:15,num_users:596,errors:19
rt:?,through:0,tt:?,num_interact:0,Intrvl:15,num_users:653,errors:5077
rt:?,through:0,tt:?,num_interact:0,Intrvl:15,num_users:664,errors:4476
rt:?,through:0,tt:?,num_interact:0,Intrvl:15,num_users:586,errors:4525
rt:?,through:0,tt:?,num_interact:0,Intrvl:15,num_users:614,errors:6336
rt:?,through:0,tt:?,num_interact:0,Intrvl:15,num_users:631,errors:4
rt:?,through:0,tt:?,num_interact:0,Intrvl:15,num_users:608,errors:33
rt:?,through:0,tt:?,num_interact:0,Intrvl:15,num_users:593,errors:40
rt:?,through:0,tt:?,num_interact:0,Intrvl:15,num_users:644,errors:6
rt:?,through:0,tt:?,num_interact:0,Intrvl:15,num_users:607,errors:4
rt:?,through:0,tt:?,num_interact:0,Intrvl:15,num_users:596,errors:0
rt:?,through:0,tt:?,num_interact:0,Intrvl:15,num_users:603,errors:11
rt:?,through:0,tt:?,num_interact:0,Intrvl:15,num_users:543,errors:9
rt:?,through:0,tt:?,num_interact:0,Intrvl:15,num_users:631,errors:4288
rt:?,through:0,tt:?,num_interact:0,Intrvl:15,num_users:598,errors:4624
rt:?,through:0,tt:?,num_interact:0,Intrvl:15,num_users:555,errors:4885
rt:?,through:0,tt:?,num_interact:0,Intrvl:15,num_users:560,errors:4735
rt:?,through:0,tt:?,num_interact:0,Intrvl:15,num_users:605,errors:338
rt:?,through:0,tt:?,num_interact:0,Intrvl:15,num_users:578,errors:35
rt:?,through:0,tt:?,num_interact:0,Intrvl:15,num_users:616,errors:22
rt:?,through:0,tt:?,num_interact:0,Intrvl:15,num_users:635,errors:17
rt:?,through:0,tt:?,num_interact:0,Intrvl:15,num_users:636,errors:0
rt:?,through:0,tt:?,num_interact:0,Intrvl:15,num_users:648,errors:0
rt:?,through:0,tt:?,num_interact:0,Intrvl:15,num_users:418,errors:0
rt:?,through:0,tt:?,num_interact:0,Intrvl:15,num_users:417,errors:10
rt:?,through:0,tt:?,num_interact:0,Intrvl:15,num_users:422,errors:6
rt:?,through:0,tt:?,num_interact:0,Intrvl:15,num_users:419,errors:272
rt:?,through:0,tt:?,num_interact:0,Intrvl:15,num_users:380,errors:13
rt:?,through:0,tt:?,num_interact:0,Intrvl:15,num_users:386,errors:28
rt:?,through:0,tt:?,num_interact:0,Intrvl:15,num_users:368,errors:18
rt:?,through:0,tt:?,num_interact:0,Intrvl:15,num_users:404,errors:0
rt:?,through:0,tt:?,num_interact:0,Intrvl:15,num_users:363,errors:25
rt:?,through:0,tt:?,num_interact:0,Intrvl:15,num_users:376,errors:20
rt:?,through:0,tt:?,num_interact:0,Intrvl:15,num_users:360,errors:0
rt:?,through:0,tt:?,num_interact:0,Intrvl:15,num_users:381,errors:0
rt:?,through:0,tt:?,num_interact:0,Intrvl:15,num_users:394,errors:0
rt:?,through:0,tt:?,num_interact:0,Intrvl:15,num_users:390,errors:6
rt:?,through:0,tt:?,num_interact:0,Intrvl:15,num_users:343,errors:8
rt:?,through:0,tt:?,num_interact:0,Intrvl:15,num_users:395,errors:238
rt:?,through:0,tt:?,num_interact:0,Intrvl:15,num_users:388,errors:0
rt:?,through:0,tt:?,num_interact:0,Intrvl:15,num_users:389,errors:22
rt:?,through:0,tt:?,num_interact:0,Intrvl:15,num_users:424,errors:5022
rt:?,through:0,tt:?,num_interact:0,Intrvl:15,num_users:411,errors:5104
rt:?,through:0,tt:?,num_interact:0,Intrvl:15,num_users:352,errors:5156
rt:?,through:0,tt:?,num_interact:0,Intrvl:15,num_users:376,errors:4235
rt:?,through:0,tt:?,num_interact:0,Intrvl:15,num_users:403,errors:6
rt:?,through:0,tt:?,num_interact:0,Intrvl:15,num_users:381,errors:0
rt:?,through:0,tt:?,num_interact:0,Intrvl:15,num_users:403,errors:0
rt:?,through:0,tt:?,num_interact:0,Intrvl:15,num_users:390,errors:0
rt:?,through:0,tt:?,num_interact:0,Intrvl:15,num_users:378,errors:6
rt:?,through:0,tt:?,num_interact:0,Intrvl:15,num_users:345,errors:10
rt:?,through:0,tt:?,num_interact:0,Intrvl:15,num_users:342,errors:237
rt:?,through:0,tt:?,num_interact:0,Intrvl:15,num_users:409,errors:11
rt:?,through:0,tt:?,num_interact:0,Intrvl:15,num_users:456,errors:14
rt:?,through:0,tt:?,num_interact:0,Intrvl:15,num_users:362,errors:0
rt:?,through:0,tt:?,num_interact:0,Intrvl:15,num_users:408,errors:9
rt:?,through:0,tt:?,num_interact:0,Intrvl:15,num_users:368,errors:21
rt:?,through:0,tt:?,num_interact:0,Intrvl:15,num_users:435,errors:30
rt:?,through:0,tt:?,num_interact:0,Intrvl:15,num_users:397,errors:6
rt:?,through:0,tt:?,num_interact:0,Intrvl:15,num_users:385,errors:0
rt:?,through:0,tt:?,num_interact:0,Intrvl:15,num_users:343,errors:0
rt:?,through:0,tt:?,num_interact:0,Intrvl:15,num_users:415,errors:6
rt:?,through:0,tt:?,num_interact:0,Intrvl:15,num_users:423,errors:8
rt:?,through:0,tt:?,num_interact:0,Intrvl:15,num_users:394,errors:19
rt:?,through:0,tt:?,num_interact:0,Intrvl:15,num_users:363,errors:219
rt:?,through:0,tt:?,num_interact:0,Intrvl:15,num_users:343,errors:11
rt:?,through:0,tt:?,num_interact:0,Intrvl:15,num_users:361,errors:14
rt:?,through:0,tt:?,num_interact:0,Intrvl:15,num_users:394,errors:9
rt:?,through:0,tt:?,num_interact:0,Intrvl:15,num_users:474,errors:0
rt:?,through:0,tt:?,num_interact:0,Intrvl:15,num_users:407,errors:40
rt:?,through:0,tt:?,num_interact:0,Intrvl:15,num_users:362,errors:17
rt:?,through:0,tt:?,num_interact:0,Intrvl:15,num_users:416,errors:0
rt:?,through:0,tt:?,num_interact:0,Intrvl:15,num_users:415,errors:0
rt:?,through:0,tt:?,num_interact:0,Intrvl:15,num_users:401,errors:0
rt:?,through:0,tt:?,num_interact:0,Intrvl:15,num_users:443,errors:5059
rt:?,through:0,tt:?,num_interact:0,Intrvl:15,num_users:371,errors:36
rt:?,through:0,tt:?,num_interact:0,Intrvl:15,num_users:407,errors:5046
rt:?,through:0,tt:?,num_interact:0,Intrvl:15,num_users:387,errors:2781
rt:?,through:0,tt:?,num_interact:0,Intrvl:15,num_users:403,errors:43
rt:?,through:0,tt:?,num_interact:0,Intrvl:15,num_users:380,errors:1
rt:?,through:0,tt:?,num_interact:0,Intrvl:15,num_users:408,errors:9
rt:?,through:0,tt:?,num_interact:0,Intrvl:15,num_users:392,errors:21
rt:?,through:0,tt:?,num_interact:0,Intrvl:15,num_users:408,errors:30
Terminating EBs...
