Remote Browser Emulator for TPC-W.
  ECE 902  Fall '99
  Version 1.5
System's current path is /root/loadtest
rt:0.04,through:2.47,tt:0.34,num_interact:37,Intrvl:15,num_users:1,errors:0
rt:0.05,through:48.13,tt:0.36,num_interact:723,Intrvl:15,num_users:20,errors:0
rt:0.56,through:88.33,tt:0.36,num_interact:1325,Intrvl:15,num_users:80,errors:0
rt:0.99,through:86.27,tt:0.37,num_interact:1294,Intrvl:15,num_users:120,errors:0
rt:1.63,through:86.73,tt:0.36,num_interact:1301,Intrvl:15,num_users:180,errors:0
rt:2.29,through:89.6,tt:0.35,num_interact:1344,Intrvl:15,num_users:240,errors:0
rt:2.5,through:86.33,tt:0.36,num_interact:1295,Intrvl:15,num_users:280,errors:0
rt:3.31,through:89.2,tt:0.35,num_interact:1338,Intrvl:15,num_users:310,errors:0
rt:3.43,through:87.27,tt:0.36,num_interact:1340,Intrvl:15,num_users:340,errors:0
rt:3.62,through:90.67,tt:0.35,num_interact:1360,Intrvl:15,num_users:370,errors:0
rt:4.46,through:81.6,tt:0.35,num_interact:1227,Intrvl:15,num_users:399,errors:0
rt:4.62,through:87.27,tt:0.35,num_interact:1520,Intrvl:15,num_users:412,errors:0
rt:4.5,through:84.4,tt:0.36,num_interact:1312,Intrvl:15,num_users:419,errors:0
rt:4.42,through:86.8,tt:0.36,num_interact:1302,Intrvl:15,num_users:401,errors:0
rt:3.38,through:84,tt:0.34,num_interact:1260,Intrvl:15,num_users:380,errors:0
rt:5.15,through:90.13,tt:0.34,num_interact:1352,Intrvl:15,num_users:430,errors:0
rt:4.62,through:83.67,tt:0.34,num_interact:1258,Intrvl:15,num_users:408,errors:0
rt:4.43,through:83.6,tt:0.36,num_interact:1254,Intrvl:15,num_users:468,errors:0
rt:4.79,through:86.27,tt:0.36,num_interact:1459,Intrvl:15,num_users:392,errors:0
rt:4.1,through:109.13,tt:0.35,num_interact:1637,Intrvl:15,num_users:425,errors:0
rt:4.5,through:89.8,tt:0.34,num_interact:1347,Intrvl:15,num_users:407,errors:0
rt:3.92,through:84.07,tt:0.35,num_interact:1261,Intrvl:15,num_users:400,errors:0
rt:3,through:83.73,tt:0.33,num_interact:1256,Intrvl:15,num_users:385,errors:0
rt:5.89,through:80.87,tt:0.35,num_interact:1213,Intrvl:15,num_users:413,errors:0
rt:4.61,through:107.33,tt:0.36,num_interact:1610,Intrvl:15,num_users:433,errors:0
rt:4.47,through:89.4,tt:0.34,num_interact:1347,Intrvl:15,num_users:403,errors:0
rt:4.2,through:89.33,tt:0.34,num_interact:1343,Intrvl:15,num_users:398,errors:0
rt:3.67,through:83.27,tt:0.37,num_interact:1249,Intrvl:15,num_users:392,errors:0
rt:4.98,through:89.13,tt:0.34,num_interact:1337,Intrvl:15,num_users:427,errors:0
rt:3.7,through:80.27,tt:0.36,num_interact:1204,Intrvl:15,num_users:370,errors:0
rt:3.29,through:86.4,tt:0.35,num_interact:1296,Intrvl:15,num_users:376,errors:0
rt:4.83,through:94.27,tt:0.34,num_interact:1414,Intrvl:15,num_users:365,errors:0
rt:4.09,through:83.73,tt:0.37,num_interact:1256,Intrvl:15,num_users:408,errors:0
rt:4.16,through:88.67,tt:0.34,num_interact:1330,Intrvl:15,num_users:387,errors:0
rt:4.36,through:82.93,tt:0.35,num_interact:1359,Intrvl:15,num_users:430,errors:0
rt:4.75,through:127.6,tt:0.35,num_interact:1914,Intrvl:15,num_users:454,errors:0
rt:4.24,through:86.6,tt:0.35,num_interact:1299,Intrvl:15,num_users:378,errors:0
rt:4.28,through:88.13,tt:0.35,num_interact:1322,Intrvl:15,num_users:409,errors:0
rt:4.03,through:96.8,tt:0.35,num_interact:1452,Intrvl:15,num_users:431,errors:0
rt:3.5,through:85.73,tt:0.34,num_interact:1330,Intrvl:15,num_users:401,errors:0
rt:5.35,through:91.67,tt:0.35,num_interact:1375,Intrvl:15,num_users:395,errors:0
rt:4.11,through:86.2,tt:0.34,num_interact:1293,Intrvl:15,num_users:376,errors:0
rt:3.36,through:82.13,tt:0.36,num_interact:1232,Intrvl:15,num_users:327,errors:0
rt:4,through:83.93,tt:0.36,num_interact:1259,Intrvl:15,num_users:409,errors:0
rt:4.45,through:90.6,tt:0.33,num_interact:1359,Intrvl:15,num_users:377,errors:0
rt:4.13,through:87.13,tt:0.36,num_interact:1309,Intrvl:15,num_users:414,errors:0
rt:4.08,through:83.47,tt:0.36,num_interact:1252,Intrvl:15,num_users:387,errors:0
rt:3.66,through:117.2,tt:0.36,num_interact:1758,Intrvl:15,num_users:407,errors:0
rt:5.69,through:87.73,tt:0.36,num_interact:1396,Intrvl:15,num_users:452,errors:0
rt:4.49,through:87.93,tt:0.34,num_interact:1319,Intrvl:15,num_users:393,errors:0
rt:3.95,through:86.93,tt:0.36,num_interact:1304,Intrvl:15,num_users:414,errors:0
rt:4.92,through:88.73,tt:0.35,num_interact:1437,Intrvl:15,num_users:434,errors:0
rt:4.44,through:88.33,tt:0.33,num_interact:1351,Intrvl:15,num_users:431,errors:0
rt:3.76,through:83.2,tt:0.36,num_interact:1248,Intrvl:15,num_users:353,errors:0
rt:3.58,through:89.2,tt:0.35,num_interact:1338,Intrvl:15,num_users:329,errors:0
rt:3.09,through:81.53,tt:0.37,num_interact:1223,Intrvl:15,num_users:390,errors:0
rt:4.88,through:95.53,tt:0.35,num_interact:1433,Intrvl:15,num_users:393,errors:0
rt:3.97,through:86.33,tt:0.35,num_interact:1331,Intrvl:15,num_users:377,errors:0
rt:3.96,through:87.93,tt:0.34,num_interact:1319,Intrvl:15,num_users:396,errors:0
rt:4.66,through:97.13,tt:0.36,num_interact:1496,Intrvl:15,num_users:469,errors:0
rt:4.65,through:90.33,tt:0.35,num_interact:1355,Intrvl:15,num_users:398,errors:0
rt:4.23,through:84.87,tt:0.35,num_interact:1289,Intrvl:15,num_users:413,errors:0
rt:4.56,through:94.47,tt:0.35,num_interact:1434,Intrvl:15,num_users:426,errors:0
rt:4.22,through:87.73,tt:0.35,num_interact:1316,Intrvl:15,num_users:429,errors:0
rt:4.71,through:89.13,tt:0.34,num_interact:1337,Intrvl:15,num_users:425,errors:0
rt:4.95,through:87.13,tt:0.36,num_interact:1350,Intrvl:15,num_users:451,errors:0
rt:4.48,through:86.93,tt:0.35,num_interact:1304,Intrvl:15,num_users:428,errors:0
rt:3.53,through:82.27,tt:0.35,num_interact:1255,Intrvl:15,num_users:436,errors:0
rt:4.91,through:96.73,tt:0.34,num_interact:1463,Intrvl:15,num_users:398,errors:18
rt:3.18,through:100.2,tt:0.34,num_interact:1506,Intrvl:15,num_users:368,errors:0
rt:2.94,through:88.73,tt:0.37,num_interact:1331,Intrvl:15,num_users:369,errors:0
rt:6.63,through:79.4,tt:0.38,num_interact:1191,Intrvl:15,num_users:615,errors:0
rt:8.17,through:76.4,tt:0.36,num_interact:1146,Intrvl:15,num_users:660,errors:0
rt:5.29,through:87.47,tt:0.35,num_interact:1312,Intrvl:15,num_users:466,errors:0
rt:5.64,through:108.07,tt:0.35,num_interact:1622,Intrvl:15,num_users:599,errors:0
rt:6.72,through:81.8,tt:0.36,num_interact:1466,Intrvl:15,num_users:605,errors:0
rt:8.04,through:83.27,tt:0.35,num_interact:1249,Intrvl:15,num_users:587,errors:0
rt:6.38,through:80.07,tt:0.36,num_interact:1470,Intrvl:15,num_users:554,errors:0
rt:7.22,through:83.93,tt:0.36,num_interact:1259,Intrvl:15,num_users:640,errors:0
rt:8.03,through:77.8,tt:0.36,num_interact:1167,Intrvl:15,num_users:626,errors:0
rt:7.97,through:76,tt:0.35,num_interact:1140,Intrvl:15,num_users:631,errors:0
rt:7.21,through:84.93,tt:0.33,num_interact:1274,Intrvl:15,num_users:606,errors:0
rt:7.58,through:93.27,tt:0.35,num_interact:1452,Intrvl:15,num_users:614,errors:0
rt:6.96,through:86.93,tt:0.36,num_interact:1304,Intrvl:15,num_users:672,errors:0
rt:7.83,through:74.73,tt:0.35,num_interact:1121,Intrvl:15,num_users:636,errors:0
rt:6.84,through:85.27,tt:0.34,num_interact:1279,Intrvl:15,num_users:536,errors:0
rt:5.43,through:87.2,tt:0.35,num_interact:1308,Intrvl:15,num_users:536,errors:0
rt:6.27,through:85.13,tt:0.35,num_interact:1277,Intrvl:15,num_users:551,errors:0
rt:6.28,through:88.07,tt:0.34,num_interact:1321,Intrvl:15,num_users:555,errors:0
rt:6,through:88.53,tt:0.34,num_interact:1328,Intrvl:15,num_users:560,errors:0
rt:6.8,through:70.67,tt:0.33,num_interact:1060,Intrvl:15,num_users:618,errors:0
rt:8.26,through:84,tt:0.34,num_interact:1260,Intrvl:15,num_users:632,errors:0
rt:6.99,through:77.73,tt:0.35,num_interact:1166,Intrvl:15,num_users:632,errors:0
rt:7.2,through:85.73,tt:0.35,num_interact:1503,Intrvl:15,num_users:611,errors:0
rt:6.48,through:83.93,tt:0.35,num_interact:1259,Intrvl:15,num_users:561,errors:0
rt:7.19,through:108,tt:0.35,num_interact:1620,Intrvl:15,num_users:629,errors:15
rt:6.57,through:83.47,tt:0.35,num_interact:1257,Intrvl:15,num_users:583,errors:0
rt:6.53,through:74.2,tt:0.34,num_interact:1113,Intrvl:15,num_users:586,errors:0
rt:8.08,through:85.93,tt:0.35,num_interact:1289,Intrvl:15,num_users:629,errors:0
rt:7.15,through:87,tt:0.34,num_interact:1305,Intrvl:15,num_users:610,errors:0
rt:6.86,through:77.53,tt:0.35,num_interact:1163,Intrvl:15,num_users:633,errors:0
rt:7.28,through:85.93,tt:0.34,num_interact:1289,Intrvl:15,num_users:643,errors:0
rt:7.53,through:78.87,tt:0.34,num_interact:1551,Intrvl:15,num_users:620,errors:0
rt:6.31,through:87.13,tt:0.33,num_interact:1307,Intrvl:15,num_users:583,errors:0
rt:6.34,through:85.13,tt:0.35,num_interact:1346,Intrvl:15,num_users:603,errors:0
rt:5.7,through:86.47,tt:0.34,num_interact:1297,Intrvl:15,num_users:508,errors:0
rt:5.59,through:129.33,tt:0.36,num_interact:1940,Intrvl:15,num_users:570,errors:0
rt:8.85,through:140.53,tt:0.37,num_interact:2108,Intrvl:15,num_users:725,errors:0
rt:7.54,through:80.8,tt:0.35,num_interact:1212,Intrvl:15,num_users:627,errors:0
rt:8.06,through:240.6,tt:0.34,num_interact:3609,Intrvl:15,num_users:668,errors:0
rt:6.83,through:84.2,tt:0.35,num_interact:1397,Intrvl:15,num_users:580,errors:0
rt:6.03,through:82,tt:0.35,num_interact:1258,Intrvl:15,num_users:534,errors:0
rt:5.74,through:89.93,tt:0.34,num_interact:1349,Intrvl:15,num_users:594,errors:0
rt:8.04,through:82.2,tt:0.36,num_interact:1233,Intrvl:15,num_users:619,errors:0
rt:7.24,through:82.67,tt:0.36,num_interact:1240,Intrvl:15,num_users:608,errors:0
rt:6.86,through:80.2,tt:0.35,num_interact:1203,Intrvl:15,num_users:616,errors:0
rt:4.96,through:90.8,tt:0.34,num_interact:1362,Intrvl:15,num_users:452,errors:0
rt:5.34,through:103.2,tt:0.37,num_interact:1548,Intrvl:15,num_users:652,errors:0
rt:7.65,through:83.2,tt:0.38,num_interact:1272,Intrvl:15,num_users:655,errors:0
rt:7.05,through:86.73,tt:0.35,num_interact:1301,Intrvl:15,num_users:617,errors:0
rt:8.54,through:91.73,tt:0.37,num_interact:1376,Intrvl:15,num_users:645,errors:0
rt:7.92,through:74.13,tt:0.36,num_interact:1287,Intrvl:15,num_users:711,errors:0
rt:8.53,through:82.2,tt:0.34,num_interact:1233,Intrvl:15,num_users:706,errors:0
rt:8.25,through:79.8,tt:0.35,num_interact:1197,Intrvl:15,num_users:637,errors:0
rt:8.52,through:68.67,tt:0.35,num_interact:1030,Intrvl:15,num_users:734,errors:0
rt:8.53,through:82.93,tt:0.36,num_interact:1482,Intrvl:15,num_users:676,errors:0
rt:8.09,through:80.73,tt:0.35,num_interact:1211,Intrvl:15,num_users:670,errors:0
rt:6.3,through:87.33,tt:0.35,num_interact:1310,Intrvl:15,num_users:535,errors:0
rt:5.86,through:90.27,tt:0.33,num_interact:1354,Intrvl:15,num_users:539,errors:0
rt:4.57,through:93.33,tt:0.35,num_interact:1400,Intrvl:15,num_users:458,errors:0
rt:4.9,through:163.93,tt:0.35,num_interact:2459,Intrvl:15,num_users:525,errors:0
rt:7.11,through:114.93,tt:0.35,num_interact:1724,Intrvl:15,num_users:734,errors:0
rt:8.74,through:84.6,tt:0.35,num_interact:1269,Intrvl:15,num_users:679,errors:0
rt:7.4,through:78.13,tt:0.37,num_interact:1172,Intrvl:15,num_users:630,errors:0
rt:7.47,through:80.4,tt:0.36,num_interact:1206,Intrvl:15,num_users:745,errors:0
rt:9.46,through:83.53,tt:0.35,num_interact:1253,Intrvl:15,num_users:608,errors:0
rt:8.09,through:121.2,tt:0.34,num_interact:1818,Intrvl:15,num_users:702,errors:0
rt:7.96,through:59.73,tt:0.36,num_interact:896,Intrvl:15,num_users:710,errors:0
rt:10.66,through:124.87,tt:0.36,num_interact:1873,Intrvl:15,num_users:761,errors:0
rt:8.38,through:79.87,tt:0.35,num_interact:1406,Intrvl:15,num_users:679,errors:0
rt:9.19,through:75.13,tt:0.37,num_interact:1200,Intrvl:15,num_users:664,errors:0
rt:8.15,through:97.27,tt:0.34,num_interact:1459,Intrvl:15,num_users:722,errors:0
rt:9.34,through:77.53,tt:0.34,num_interact:1163,Intrvl:15,num_users:671,errors:0
rt:8.19,through:51.87,tt:0.34,num_interact:778,Intrvl:15,num_users:703,errors:0
rt:12.42,through:62.87,tt:0.34,num_interact:943,Intrvl:15,num_users:686,errors:0
rt:9.35,through:82.87,tt:0.35,num_interact:1243,Intrvl:15,num_users:692,errors:0
rt:7.7,through:66,tt:0.36,num_interact:990,Intrvl:15,num_users:682,errors:0
rt:9.91,through:78.8,tt:0.34,num_interact:1182,Intrvl:15,num_users:710,errors:0
rt:8.73,through:82.4,tt:0.35,num_interact:1236,Intrvl:15,num_users:653,errors:0
rt:7.09,through:71.6,tt:0.35,num_interact:1074,Intrvl:15,num_users:679,errors:0
rt:8.27,through:77.67,tt:0.36,num_interact:1165,Intrvl:15,num_users:625,errors:0
rt:7.62,through:94.87,tt:0.34,num_interact:1423,Intrvl:15,num_users:702,errors:0
rt:9.4,through:80.27,tt:0.36,num_interact:1371,Intrvl:15,num_users:689,errors:0
rt:8.05,through:80.8,tt:0.36,num_interact:1212,Intrvl:15,num_users:784,errors:0
rt:11.09,through:67.93,tt:0.38,num_interact:1019,Intrvl:15,num_users:760,errors:0
rt:9.74,through:71.87,tt:0.35,num_interact:1078,Intrvl:15,num_users:717,errors:0
rt:9.5,through:73.2,tt:0.33,num_interact:1098,Intrvl:15,num_users:680,errors:0
rt:9.34,through:77.93,tt:0.34,num_interact:1169,Intrvl:15,num_users:643,errors:0
rt:7.11,through:56.4,tt:0.36,num_interact:846,Intrvl:15,num_users:716,errors:0
rt:11.25,through:108.07,tt:0.36,num_interact:1621,Intrvl:15,num_users:773,errors:0
rt:9.62,through:57.13,tt:0.35,num_interact:1316,Intrvl:15,num_users:708,errors:0
rt:9.72,through:85.47,tt:0.37,num_interact:1282,Intrvl:15,num_users:737,errors:0
rt:9.05,through:57.67,tt:0.37,num_interact:865,Intrvl:15,num_users:720,errors:0
rt:10.93,through:128.33,tt:0.34,num_interact:1925,Intrvl:15,num_users:789,errors:0
rt:10.31,through:70.4,tt:0.35,num_interact:1056,Intrvl:15,num_users:683,errors:0
rt:7.72,through:72.87,tt:0.33,num_interact:1093,Intrvl:15,num_users:685,errors:0
rt:9.7,through:116.73,tt:0.37,num_interact:1751,Intrvl:15,num_users:708,errors:0
rt:10.84,through:69.93,tt:0.35,num_interact:1049,Intrvl:15,num_users:719,errors:0
rt:11.52,through:61.73,tt:0.34,num_interact:926,Intrvl:15,num_users:714,errors:0
rt:9.28,through:58.93,tt:0.37,num_interact:884,Intrvl:15,num_users:758,errors:0
rt:11.31,through:79.6,tt:0.36,num_interact:1194,Intrvl:15,num_users:760,errors:0
rt:10.42,through:69.33,tt:0.35,num_interact:1515,Intrvl:15,num_users:737,errors:0
rt:9.97,through:74.8,tt:0.37,num_interact:1557,Intrvl:15,num_users:828,errors:0
rt:9.13,through:59.67,tt:0.34,num_interact:895,Intrvl:15,num_users:730,errors:0
rt:12.27,through:159.73,tt:0.36,num_interact:2396,Intrvl:15,num_users:744,errors:0
rt:8.79,through:81.13,tt:0.35,num_interact:1217,Intrvl:15,num_users:779,errors:0
rt:8.79,through:53.67,tt:0.35,num_interact:805,Intrvl:15,num_users:684,errors:0
rt:10.7,through:74,tt:0.35,num_interact:1110,Intrvl:15,num_users:663,errors:0
rt:10.5,through:68.47,tt:0.35,num_interact:1027,Intrvl:15,num_users:764,errors:0
rt:9.04,through:78.8,tt:0.34,num_interact:1182,Intrvl:15,num_users:695,errors:0
rt:8.11,through:70.27,tt:0.34,num_interact:1054,Intrvl:15,num_users:656,errors:0
rt:8.77,through:85.2,tt:0.36,num_interact:1278,Intrvl:15,num_users:640,errors:0
rt:7.65,through:73.13,tt:0.36,num_interact:1097,Intrvl:15,num_users:699,errors:0
rt:9.07,through:80.67,tt:0.34,num_interact:1210,Intrvl:15,num_users:723,errors:0
rt:8.91,through:70.67,tt:0.34,num_interact:1060,Intrvl:15,num_users:744,errors:0
rt:10.12,through:74.07,tt:0.35,num_interact:1111,Intrvl:15,num_users:783,errors:0
rt:8.9,through:71,tt:0.36,num_interact:1065,Intrvl:15,num_users:693,errors:0
rt:8.92,through:84.8,tt:0.35,num_interact:1272,Intrvl:15,num_users:652,errors:0
rt:7.39,through:76.27,tt:0.36,num_interact:1144,Intrvl:15,num_users:703,errors:0
rt:10.02,through:71.73,tt:0.35,num_interact:1169,Intrvl:15,num_users:705,errors:0
rt:7.22,through:84.33,tt:0.35,num_interact:1423,Intrvl:15,num_users:603,errors:0
rt:7.65,through:100.33,tt:0.38,num_interact:1505,Intrvl:15,num_users:765,errors:0
rt:9.88,through:80.13,tt:0.35,num_interact:1202,Intrvl:15,num_users:692,errors:0
rt:7.35,through:67.67,tt:0.32,num_interact:1015,Intrvl:15,num_users:647,errors:0
rt:9.89,through:74.47,tt:0.35,num_interact:1117,Intrvl:15,num_users:661,errors:0
rt:7.53,through:66.33,tt:0.37,num_interact:995,Intrvl:15,num_users:679,errors:0
rt:10.22,through:127.4,tt:0.36,num_interact:1911,Intrvl:15,num_users:685,errors:0
rt:7.96,through:75.73,tt:0.37,num_interact:1136,Intrvl:15,num_users:736,errors:0
rt:9.41,through:78.33,tt:0.37,num_interact:1175,Intrvl:15,num_users:676,errors:0
rt:7.53,through:84.2,tt:0.35,num_interact:1263,Intrvl:15,num_users:711,errors:0
rt:8.2,through:81.27,tt:0.36,num_interact:1219,Intrvl:15,num_users:625,errors:0
rt:6.87,through:75.93,tt:0.33,num_interact:1139,Intrvl:15,num_users:631,errors:0
rt:8.13,through:85.67,tt:0.36,num_interact:1285,Intrvl:15,num_users:686,errors:0
rt:8.48,through:77.33,tt:0.35,num_interact:1160,Intrvl:15,num_users:645,errors:0
rt:7.01,through:59,tt:0.35,num_interact:885,Intrvl:15,num_users:702,errors:0
rt:8.97,through:76.13,tt:0.34,num_interact:2429,Intrvl:15,num_users:678,errors:0
rt:11.17,through:71.2,tt:0.35,num_interact:1068,Intrvl:15,num_users:671,errors:0
rt:9.38,through:77.47,tt:0.36,num_interact:1162,Intrvl:15,num_users:662,errors:0
rt:8.9,through:79.13,tt:0.35,num_interact:1187,Intrvl:15,num_users:708,errors:0
rt:8.25,through:92.4,tt:0.34,num_interact:1386,Intrvl:15,num_users:736,errors:0
rt:9.84,through:91.2,tt:0.36,num_interact:1368,Intrvl:15,num_users:759,errors:0
rt:9.63,through:66.47,tt:0.38,num_interact:997,Intrvl:15,num_users:714,errors:0
rt:9.05,through:85,tt:0.35,num_interact:1324,Intrvl:15,num_users:666,errors:0
rt:8.37,through:96.13,tt:0.35,num_interact:1442,Intrvl:15,num_users:743,errors:0
rt:9.49,through:84.33,tt:0.37,num_interact:1265,Intrvl:15,num_users:803,errors:0
rt:10.53,through:77.13,tt:0.36,num_interact:1157,Intrvl:15,num_users:747,errors:0
rt:9.05,through:79.2,tt:0.34,num_interact:1188,Intrvl:15,num_users:728,errors:0
rt:8.99,through:58.6,tt:0.36,num_interact:879,Intrvl:15,num_users:724,errors:0
rt:11.19,through:69.27,tt:0.35,num_interact:1039,Intrvl:15,num_users:708,errors:0
rt:9.4,through:80.07,tt:0.35,num_interact:1201,Intrvl:15,num_users:666,errors:0
rt:8.26,through:95.73,tt:0.36,num_interact:1723,Intrvl:15,num_users:729,errors:0
rt:8.57,through:77.6,tt:0.35,num_interact:1164,Intrvl:15,num_users:671,errors:0
rt:8.75,through:71.73,tt:0.35,num_interact:1076,Intrvl:15,num_users:654,errors:0
rt:8.28,through:73.2,tt:0.34,num_interact:1098,Intrvl:15,num_users:632,errors:0
rt:8.55,through:77.73,tt:0.36,num_interact:1477,Intrvl:15,num_users:638,errors:0
rt:7.77,through:70.93,tt:0.35,num_interact:1064,Intrvl:15,num_users:706,errors:0
rt:10.12,through:144.4,tt:0.36,num_interact:2166,Intrvl:15,num_users:739,errors:0
rt:13.68,through:64.93,tt:0.32,num_interact:974,Intrvl:15,num_users:707,errors:0
rt:8.85,through:78.27,tt:0.33,num_interact:1301,Intrvl:15,num_users:723,errors:0
rt:9.65,through:76.47,tt:0.35,num_interact:1147,Intrvl:15,num_users:722,errors:0
rt:9.02,through:77.53,tt:0.35,num_interact:1163,Intrvl:15,num_users:741,errors:0
rt:8.57,through:74.33,tt:0.34,num_interact:1115,Intrvl:15,num_users:799,errors:0
rt:10.52,through:73.53,tt:0.35,num_interact:1160,Intrvl:15,num_users:773,errors:0
rt:9.48,through:78.53,tt:0.37,num_interact:1178,Intrvl:15,num_users:769,errors:0
rt:9.94,through:72.53,tt:0.35,num_interact:1088,Intrvl:15,num_users:701,errors:0
rt:8.97,through:51.53,tt:0.36,num_interact:773,Intrvl:15,num_users:695,errors:0
rt:11.63,through:139.07,tt:0.35,num_interact:2086,Intrvl:15,num_users:762,errors:0
rt:12.14,through:71,tt:0.35,num_interact:1065,Intrvl:15,num_users:730,errors:0
rt:9.24,through:69.4,tt:0.35,num_interact:1041,Intrvl:15,num_users:665,errors:0
rt:10.74,through:69.93,tt:0.38,num_interact:1049,Intrvl:15,num_users:709,errors:0
rt:8.33,through:76.8,tt:0.34,num_interact:1152,Intrvl:15,num_users:666,errors:0
rt:8.88,through:53.2,tt:0.36,num_interact:798,Intrvl:15,num_users:733,errors:0
rt:12.95,through:55.4,tt:0.35,num_interact:831,Intrvl:15,num_users:738,errors:0
rt:11.61,through:71.2,tt:0.34,num_interact:1068,Intrvl:15,num_users:699,errors:0
rt:8.72,through:77.27,tt:0.33,num_interact:1159,Intrvl:15,num_users:701,errors:0
rt:8.2,through:80.8,tt:0.34,num_interact:1212,Intrvl:15,num_users:644,errors:0
rt:8.06,through:71.13,tt:0.37,num_interact:1067,Intrvl:15,num_users:666,errors:0
rt:10.72,through:100.2,tt:0.36,num_interact:2400,Intrvl:15,num_users:719,errors:0
rt:8.92,through:80.93,tt:0.34,num_interact:1214,Intrvl:15,num_users:739,errors:0
rt:9.98,through:76.53,tt:0.34,num_interact:1148,Intrvl:15,num_users:729,errors:0
rt:10.19,through:58.6,tt:0.36,num_interact:879,Intrvl:15,num_users:760,errors:0
rt:9.34,through:81.27,tt:0.34,num_interact:1219,Intrvl:15,num_users:592,errors:0
rt:6.91,through:78.93,tt:0.35,num_interact:1184,Intrvl:15,num_users:596,errors:0
rt:8.06,through:97.47,tt:0.36,num_interact:1679,Intrvl:15,num_users:734,errors:0
rt:9.42,through:44.8,tt:0.36,num_interact:672,Intrvl:15,num_users:765,errors:0
rt:21.85,through:52.13,tt:0.34,num_interact:782,Intrvl:15,num_users:792,errors:0
rt:11.21,through:78.53,tt:0.35,num_interact:1178,Intrvl:15,num_users:723,errors:0
rt:9.64,through:78.6,tt:0.34,num_interact:1200,Intrvl:15,num_users:720,errors:0
rt:8.51,through:92.47,tt:0.36,num_interact:1463,Intrvl:15,num_users:744,errors:0
rt:9.53,through:68.67,tt:0.34,num_interact:1030,Intrvl:15,num_users:756,errors:0
rt:9.76,through:71.73,tt:0.34,num_interact:1076,Intrvl:15,num_users:715,errors:0
rt:9.48,through:63.87,tt:0.35,num_interact:958,Intrvl:15,num_users:690,errors:0
rt:9.56,through:75.2,tt:0.35,num_interact:1128,Intrvl:15,num_users:678,errors:0
rt:8.94,through:75.73,tt:0.36,num_interact:1633,Intrvl:15,num_users:612,errors:0
rt:8.79,through:110.8,tt:0.36,num_interact:1662,Intrvl:15,num_users:688,errors:0
rt:8.01,through:58.53,tt:0.35,num_interact:1261,Intrvl:15,num_users:701,errors:0
rt:11.79,through:122.6,tt:0.35,num_interact:1839,Intrvl:15,num_users:751,errors:0
rt:8.57,through:64.33,tt:0.36,num_interact:965,Intrvl:15,num_users:704,errors:0
rt:9.85,through:108.53,tt:0.36,num_interact:1628,Intrvl:15,num_users:780,errors:0
rt:9.88,through:73.27,tt:0.36,num_interact:1099,Intrvl:15,num_users:654,errors:0
rt:8.97,through:73.53,tt:0.35,num_interact:1582,Intrvl:15,num_users:725,errors:0
rt:9.38,through:86.27,tt:0.35,num_interact:1303,Intrvl:15,num_users:738,errors:0
rt:8.61,through:76.53,tt:0.34,num_interact:1179,Intrvl:15,num_users:729,errors:0
rt:14.39,through:238.27,tt:0.36,num_interact:3661,Intrvl:15,num_users:767,errors:0
rt:9.37,through:80.87,tt:0.36,num_interact:1266,Intrvl:15,num_users:724,errors:0
rt:9.84,through:91.87,tt:0.36,num_interact:1378,Intrvl:15,num_users:784,errors:0
rt:9.46,through:73.8,tt:0.35,num_interact:1107,Intrvl:15,num_users:751,errors:0
rt:10.56,through:76.4,tt:0.35,num_interact:1146,Intrvl:15,num_users:779,errors:0
rt:11.02,through:75.47,tt:0.37,num_interact:1132,Intrvl:15,num_users:799,errors:0
rt:11,through:75.73,tt:0.35,num_interact:1136,Intrvl:15,num_users:780,errors:0
rt:10.2,through:74.67,tt:0.36,num_interact:1120,Intrvl:15,num_users:750,errors:0
rt:9.22,through:69.47,tt:0.34,num_interact:1042,Intrvl:15,num_users:799,errors:0
rt:9.4,through:73.93,tt:0.35,num_interact:1109,Intrvl:15,num_users:716,errors:0
rt:9.93,through:79.07,tt:0.35,num_interact:1186,Intrvl:15,num_users:769,errors:0
rt:9.37,through:72.87,tt:0.34,num_interact:1093,Intrvl:15,num_users:738,errors:0
rt:8.76,through:82.6,tt:0.35,num_interact:1239,Intrvl:15,num_users:656,errors:0
rt:7.56,through:75.07,tt:0.36,num_interact:1126,Intrvl:15,num_users:707,errors:0
rt:8.52,through:79.4,tt:0.35,num_interact:1324,Intrvl:15,num_users:683,errors:0
rt:9.47,through:103.67,tt:0.36,num_interact:1555,Intrvl:15,num_users:821,errors:0
rt:11.41,through:67,tt:0.35,num_interact:1005,Intrvl:15,num_users:830,errors:0
rt:10.75,through:71.27,tt:0.35,num_interact:1069,Intrvl:15,num_users:731,errors:0
rt:10.47,through:114.13,tt:0.35,num_interact:1712,Intrvl:15,num_users:749,errors:0
rt:12.01,through:80,tt:0.36,num_interact:1200,Intrvl:15,num_users:753,errors:0
rt:8.97,through:58.87,tt:0.35,num_interact:883,Intrvl:15,num_users:758,errors:0
rt:16.17,through:153.4,tt:0.36,num_interact:2385,Intrvl:15,num_users:764,errors:0
rt:12.69,through:184.2,tt:0.34,num_interact:2763,Intrvl:15,num_users:798,errors:0
rt:9.08,through:75.27,tt:0.34,num_interact:1129,Intrvl:15,num_users:668,errors:0
rt:9.83,through:73.73,tt:0.37,num_interact:1134,Intrvl:15,num_users:769,errors:0
rt:10.44,through:108,tt:0.34,num_interact:1620,Intrvl:15,num_users:819,errors:0
rt:10.7,through:72.07,tt:0.36,num_interact:1081,Intrvl:15,num_users:776,errors:0
rt:8.04,through:33.73,tt:0.35,num_interact:506,Intrvl:15,num_users:825,errors:0
rt:14.41,through:19.87,tt:0.36,num_interact:298,Intrvl:15,num_users:795,errors:0
rt:25.41,through:33,tt:0.33,num_interact:495,Intrvl:15,num_users:757,errors:0
rt:24.81,through:56.33,tt:0.33,num_interact:936,Intrvl:15,num_users:788,errors:0
rt:11.03,through:87.6,tt:0.35,num_interact:1419,Intrvl:15,num_users:854,errors:0
rt:10.29,through:72.6,tt:0.36,num_interact:1089,Intrvl:15,num_users:689,errors:0
rt:9.15,through:117.6,tt:0.35,num_interact:1764,Intrvl:15,num_users:775,errors:0
rt:9.38,through:79.4,tt:0.36,num_interact:1226,Intrvl:15,num_users:693,errors:0
rt:7.59,through:64.33,tt:0.35,num_interact:965,Intrvl:15,num_users:669,errors:0
rt:10.21,through:208.33,tt:0.35,num_interact:3125,Intrvl:15,num_users:702,errors:0
rt:10.06,through:73.13,tt:0.36,num_interact:1097,Intrvl:15,num_users:769,errors:0
rt:8.85,through:77.2,tt:0.34,num_interact:1158,Intrvl:15,num_users:724,errors:0
rt:9.34,through:82.87,tt:0.36,num_interact:1243,Intrvl:15,num_users:743,errors:0
rt:15.12,through:123.2,tt:0.36,num_interact:1848,Intrvl:15,num_users:834,errors:0
rt:10.92,through:74.4,tt:0.35,num_interact:1116,Intrvl:15,num_users:768,errors:0
rt:9.25,through:68.53,tt:0.36,num_interact:1392,Intrvl:15,num_users:842,errors:0
rt:12.32,through:8.8,tt:0.36,num_interact:132,Intrvl:15,num_users:789,errors:0
rt:33.94,through:145.67,tt:0.34,num_interact:2185,Intrvl:15,num_users:846,errors:0
rt:14.67,through:69.53,tt:0.35,num_interact:1939,Intrvl:15,num_users:801,errors:0
rt:16.49,through:104.4,tt:0.35,num_interact:1566,Intrvl:15,num_users:818,errors:0
rt:12.97,through:79.2,tt:0.35,num_interact:1224,Intrvl:15,num_users:811,errors:0
rt:10.25,through:76.47,tt:0.34,num_interact:1147,Intrvl:15,num_users:764,errors:0
rt:8.95,through:77.53,tt:0.36,num_interact:1163,Intrvl:15,num_users:733,errors:0
rt:8.93,through:75.53,tt:0.35,num_interact:1401,Intrvl:15,num_users:759,errors:0
rt:9.45,through:77.67,tt:0.35,num_interact:1165,Intrvl:15,num_users:697,errors:0
rt:9.07,through:84.6,tt:0.36,num_interact:1269,Intrvl:15,num_users:779,errors:0
rt:14.31,through:49.4,tt:0.34,num_interact:1121,Intrvl:15,num_users:756,errors:0
rt:10.03,through:70.27,tt:0.35,num_interact:1054,Intrvl:15,num_users:730,errors:0
rt:9.41,through:68.2,tt:0.35,num_interact:1023,Intrvl:15,num_users:765,errors:0
rt:11.05,through:74.2,tt:0.34,num_interact:1113,Intrvl:15,num_users:746,errors:0
rt:9.29,through:53.27,tt:0.36,num_interact:799,Intrvl:15,num_users:888,errors:0
rt:21.3,through:49.8,tt:0.36,num_interact:747,Intrvl:15,num_users:801,errors:0
rt:11,through:49.53,tt:0.35,num_interact:743,Intrvl:15,num_users:772,errors:0
rt:15.78,through:65,tt:0.33,num_interact:1504,Intrvl:15,num_users:831,errors:0
rt:20.14,through:75.2,tt:0.32,num_interact:1128,Intrvl:15,num_users:818,errors:0
rt:11.51,through:84.67,tt:0.35,num_interact:1270,Intrvl:15,num_users:836,errors:0
rt:9.89,through:73.4,tt:0.34,num_interact:1101,Intrvl:15,num_users:811,errors:0
rt:10.7,through:62.27,tt:0.38,num_interact:1602,Intrvl:15,num_users:760,errors:0
rt:16.14,through:78,tt:0.36,num_interact:1170,Intrvl:15,num_users:763,errors:0
rt:22.17,through:47.4,tt:0.34,num_interact:711,Intrvl:15,num_users:792,errors:0
rt:13.24,through:55.6,tt:0.35,num_interact:969,Intrvl:15,num_users:795,errors:0
rt:14.95,through:205.6,tt:0.36,num_interact:3084,Intrvl:15,num_users:844,errors:0
rt:10.54,through:50.4,tt:0.35,num_interact:756,Intrvl:15,num_users:770,errors:0
rt:14.15,through:54.93,tt:0.36,num_interact:824,Intrvl:15,num_users:743,errors:0
rt:12.36,through:77.13,tt:0.36,num_interact:1157,Intrvl:15,num_users:855,errors:0
rt:10.91,through:67.4,tt:0.36,num_interact:1011,Intrvl:15,num_users:706,errors:0
rt:10.03,through:111.47,tt:0.36,num_interact:1672,Intrvl:15,num_users:779,errors:0
rt:12.23,through:21.6,tt:0.4,num_interact:324,Intrvl:15,num_users:848,errors:0
rt:27.56,through:61.93,tt:0.36,num_interact:929,Intrvl:15,num_users:871,errors:0
rt:14.18,through:72.67,tt:0.37,num_interact:1353,Intrvl:15,num_users:906,errors:0
rt:12.13,through:71.13,tt:0.35,num_interact:1067,Intrvl:15,num_users:847,errors:0
rt:10.85,through:68.6,tt:0.34,num_interact:1029,Intrvl:15,num_users:835,errors:0
rt:12.69,through:65.93,tt:0.34,num_interact:989,Intrvl:15,num_users:841,errors:0
rt:12.11,through:69.4,tt:0.37,num_interact:1041,Intrvl:15,num_users:875,errors:0
rt:12.3,through:70.87,tt:0.34,num_interact:1063,Intrvl:15,num_users:786,errors:0
rt:10.43,through:79.93,tt:0.34,num_interact:1199,Intrvl:15,num_users:843,errors:0
rt:10.27,through:77.4,tt:0.35,num_interact:1203,Intrvl:15,num_users:765,errors:0
rt:10.04,through:87,tt:0.36,num_interact:1305,Intrvl:15,num_users:873,errors:0
rt:12.12,through:63.6,tt:0.36,num_interact:954,Intrvl:15,num_users:817,errors:0
rt:16,through:25.07,tt:0.35,num_interact:1011,Intrvl:15,num_users:817,errors:0
rt:36.43,through:20,tt:0.31,num_interact:300,Intrvl:15,num_users:837,errors:0
rt:25.76,through:69.87,tt:0.35,num_interact:1048,Intrvl:15,num_users:766,errors:0
rt:11.15,through:70.13,tt:0.34,num_interact:1052,Intrvl:15,num_users:821,errors:0
rt:12.36,through:74.47,tt:0.35,num_interact:1117,Intrvl:15,num_users:807,errors:0
rt:11.77,through:61.2,tt:0.35,num_interact:918,Intrvl:15,num_users:812,errors:0
rt:12.09,through:89.2,tt:0.36,num_interact:1338,Intrvl:15,num_users:868,errors:0
rt:9.99,through:65.47,tt:0.36,num_interact:982,Intrvl:15,num_users:783,errors:0
rt:10.75,through:59,tt:0.39,num_interact:885,Intrvl:15,num_users:673,errors:0
rt:10.95,through:72.47,tt:0.35,num_interact:1115,Intrvl:15,num_users:695,errors:0
rt:8.99,through:78.13,tt:0.35,num_interact:1282,Intrvl:15,num_users:820,errors:0
rt:10.24,through:63.07,tt:0.36,num_interact:946,Intrvl:15,num_users:711,errors:0
rt:10.49,through:103.13,tt:0.35,num_interact:1547,Intrvl:15,num_users:754,errors:0
rt:10.27,through:70.53,tt:0.36,num_interact:1058,Intrvl:15,num_users:755,errors:0
rt:9.4,through:69.87,tt:0.34,num_interact:1486,Intrvl:15,num_users:741,errors:0
rt:9.39,through:99,tt:0.35,num_interact:1485,Intrvl:15,num_users:789,errors:0
rt:11.69,through:46.87,tt:0.35,num_interact:703,Intrvl:15,num_users:736,errors:0
rt:14.81,through:49.93,tt:0.33,num_interact:749,Intrvl:15,num_users:740,errors:0
rt:12.88,through:73.53,tt:0.35,num_interact:1103,Intrvl:15,num_users:809,errors:0
rt:11,through:63.4,tt:0.35,num_interact:951,Intrvl:15,num_users:728,errors:0
rt:10.21,through:71.8,tt:0.35,num_interact:1077,Intrvl:15,num_users:683,errors:0
rt:9.51,through:144.53,tt:0.36,num_interact:2176,Intrvl:15,num_users:764,errors:0
rt:9.68,through:76.53,tt:0.34,num_interact:1148,Intrvl:15,num_users:741,errors:0
rt:8.42,through:71.6,tt:0.36,num_interact:1154,Intrvl:15,num_users:706,errors:0
rt:8.18,through:60.6,tt:0.36,num_interact:909,Intrvl:15,num_users:811,errors:0
rt:15.21,through:63.4,tt:0.35,num_interact:951,Intrvl:15,num_users:737,errors:0
rt:9.92,through:77,tt:0.33,num_interact:1356,Intrvl:15,num_users:676,errors:0
rt:8.76,through:115.07,tt:0.37,num_interact:1770,Intrvl:15,num_users:734,errors:0
rt:10.04,through:79.73,tt:0.34,num_interact:1196,Intrvl:15,num_users:698,errors:0
rt:9.04,through:71.07,tt:0.36,num_interact:1066,Intrvl:15,num_users:755,errors:0
rt:10.15,through:70.73,tt:0.34,num_interact:1061,Intrvl:15,num_users:741,errors:0
rt:8.83,through:75.93,tt:0.34,num_interact:1139,Intrvl:15,num_users:715,errors:0
rt:10.9,through:127.6,tt:0.37,num_interact:1914,Intrvl:15,num_users:807,errors:0
rt:24.84,through:3.73,tt:0.4,num_interact:56,Intrvl:15,num_users:815,errors:0
rt:29.64,through:6.6,tt:0.36,num_interact:99,Intrvl:15,num_users:767,errors:0
rt:38.63,through:7.47,tt:0.36,num_interact:112,Intrvl:15,num_users:794,errors:0
rt:53.16,through:7.67,tt:0.32,num_interact:115,Intrvl:15,num_users:774,errors:0
rt:48.46,through:61.6,tt:0.32,num_interact:928,Intrvl:15,num_users:685,errors:0
rt:8.13,through:66.13,tt:0.33,num_interact:992,Intrvl:15,num_users:721,errors:0
rt:11.33,through:85.2,tt:0.38,num_interact:2093,Intrvl:15,num_users:810,errors:0
rt:17.67,through:249.27,tt:0.34,num_interact:3739,Intrvl:15,num_users:820,errors:0
rt:12.49,through:61.47,tt:0.35,num_interact:922,Intrvl:15,num_users:707,errors:0
rt:9.97,through:61.6,tt:0.37,num_interact:924,Intrvl:15,num_users:754,errors:0
rt:13.3,through:58,tt:0.36,num_interact:870,Intrvl:15,num_users:757,errors:0
rt:11.13,through:76,tt:0.35,num_interact:1140,Intrvl:15,num_users:708,errors:0
rt:10.41,through:62.73,tt:0.38,num_interact:1330,Intrvl:15,num_users:738,errors:0
rt:9.9,through:66.07,tt:0.35,num_interact:991,Intrvl:15,num_users:755,errors:0
rt:9.29,through:75.33,tt:0.34,num_interact:1130,Intrvl:15,num_users:727,errors:0
rt:11.02,through:67.67,tt:0.34,num_interact:1015,Intrvl:15,num_users:707,errors:0
rt:8.34,through:75.53,tt:0.34,num_interact:1133,Intrvl:15,num_users:696,errors:0
rt:9.98,through:117.47,tt:0.35,num_interact:1762,Intrvl:15,num_users:767,errors:0
rt:11.76,through:77.93,tt:0.34,num_interact:1216,Intrvl:15,num_users:706,errors:0
rt:10.47,through:73.73,tt:0.36,num_interact:1106,Intrvl:15,num_users:696,errors:0
rt:9.21,through:62,tt:0.34,num_interact:1462,Intrvl:15,num_users:698,errors:0
rt:8.94,through:78.47,tt:0.34,num_interact:1225,Intrvl:15,num_users:681,errors:0
rt:9.11,through:126.8,tt:0.37,num_interact:1902,Intrvl:15,num_users:744,errors:0
rt:8.91,through:71.67,tt:0.36,num_interact:1075,Intrvl:15,num_users:711,errors:0
rt:10.15,through:52.93,tt:0.35,num_interact:794,Intrvl:15,num_users:754,errors:0
rt:13,through:54.13,tt:0.35,num_interact:812,Intrvl:15,num_users:688,errors:0
rt:12.42,through:68.6,tt:0.35,num_interact:1029,Intrvl:15,num_users:708,errors:0
rt:9.35,through:66.27,tt:0.33,num_interact:994,Intrvl:15,num_users:715,errors:0
rt:10.83,through:57.47,tt:0.33,num_interact:1025,Intrvl:15,num_users:718,errors:0
rt:11.08,through:107.67,tt:0.35,num_interact:1615,Intrvl:15,num_users:724,errors:0
rt:9.89,through:61.67,tt:0.33,num_interact:925,Intrvl:15,num_users:663,errors:0
rt:10.4,through:61.4,tt:0.35,num_interact:921,Intrvl:15,num_users:669,errors:0
rt:10.31,through:75.07,tt:0.35,num_interact:1126,Intrvl:15,num_users:669,errors:0
rt:10.08,through:170.53,tt:0.34,num_interact:2626,Intrvl:15,num_users:707,errors:0
rt:8.92,through:98.27,tt:0.35,num_interact:1474,Intrvl:15,num_users:713,errors:0
rt:8.94,through:78.07,tt:0.34,num_interact:1215,Intrvl:15,num_users:750,errors:0
rt:9.71,through:73.47,tt:0.34,num_interact:1102,Intrvl:15,num_users:691,errors:0
rt:11.08,through:192.6,tt:0.35,num_interact:2889,Intrvl:15,num_users:760,errors:0
rt:10.11,through:68.87,tt:0.34,num_interact:1033,Intrvl:15,num_users:737,errors:0
rt:10.88,through:62.07,tt:0.35,num_interact:1443,Intrvl:15,num_users:732,errors:0
rt:10.08,through:63.6,tt:0.36,num_interact:954,Intrvl:15,num_users:705,errors:0
rt:8.68,through:83.27,tt:0.36,num_interact:1249,Intrvl:15,num_users:591,errors:0
rt:7.99,through:77.47,tt:0.36,num_interact:1162,Intrvl:15,num_users:673,errors:0
rt:8.13,through:73.53,tt:0.37,num_interact:1428,Intrvl:15,num_users:629,errors:0
rt:8.08,through:87.2,tt:0.36,num_interact:1308,Intrvl:15,num_users:658,errors:0
rt:9.99,through:120.47,tt:0.35,num_interact:1808,Intrvl:15,num_users:765,errors:0
rt:9.35,through:75,tt:0.35,num_interact:1185,Intrvl:15,num_users:692,errors:0
rt:8.25,through:76.67,tt:0.35,num_interact:1150,Intrvl:15,num_users:636,errors:0
rt:9.24,through:84.8,tt:0.36,num_interact:1272,Intrvl:15,num_users:684,errors:0
rt:8.35,through:72.93,tt:0.36,num_interact:1094,Intrvl:15,num_users:641,errors:0
rt:8.62,through:102.33,tt:0.36,num_interact:1535,Intrvl:15,num_users:689,errors:0
rt:9.68,through:51.2,tt:0.36,num_interact:768,Intrvl:15,num_users:758,errors:0
rt:12.46,through:45.6,tt:0.34,num_interact:684,Intrvl:15,num_users:798,errors:0
rt:17.33,through:46.4,tt:0.35,num_interact:696,Intrvl:15,num_users:755,errors:0
rt:13.41,through:70.73,tt:0.36,num_interact:1061,Intrvl:15,num_users:760,errors:0
rt:10.37,through:84.47,tt:0.35,num_interact:1267,Intrvl:15,num_users:703,errors:0
rt:9.41,through:74.4,tt:0.37,num_interact:1116,Intrvl:15,num_users:732,errors:57
rt:10.72,through:168.8,tt:0.36,num_interact:2532,Intrvl:15,num_users:789,errors:0
rt:9.65,through:75.27,tt:0.35,num_interact:1129,Intrvl:15,num_users:726,errors:0
rt:9.22,through:86.73,tt:0.34,num_interact:1301,Intrvl:15,num_users:690,errors:0
rt:8.36,through:76,tt:0.36,num_interact:1140,Intrvl:15,num_users:665,errors:0
rt:6.87,through:68.53,tt:0.34,num_interact:1028,Intrvl:15,num_users:669,errors:0
rt:9.5,through:158.27,tt:0.35,num_interact:2972,Intrvl:15,num_users:706,errors:0
rt:9.32,through:78.27,tt:0.34,num_interact:1338,Intrvl:15,num_users:731,errors:0
rt:12.16,through:58.93,tt:0.35,num_interact:884,Intrvl:15,num_users:651,errors:0
rt:9.72,through:75.4,tt:0.35,num_interact:1724,Intrvl:15,num_users:651,errors:0
rt:7.31,through:77.73,tt:0.34,num_interact:1166,Intrvl:15,num_users:650,errors:0
rt:8.2,through:54.33,tt:0.38,num_interact:815,Intrvl:15,num_users:757,errors:0
rt:13.06,through:71.47,tt:0.35,num_interact:1072,Intrvl:15,num_users:712,errors:0
rt:8.67,through:75.53,tt:0.34,num_interact:1133,Intrvl:15,num_users:692,errors:0
rt:9.24,through:64.73,tt:0.35,num_interact:1337,Intrvl:15,num_users:752,errors:0
rt:14.67,through:69.93,tt:0.36,num_interact:1049,Intrvl:15,num_users:721,errors:0
rt:7.99,through:46.27,tt:0.35,num_interact:694,Intrvl:15,num_users:733,errors:0
rt:12.2,through:53,tt:0.36,num_interact:1736,Intrvl:15,num_users:624,errors:0
rt:8.72,through:106.73,tt:0.36,num_interact:1804,Intrvl:15,num_users:764,errors:0
rt:10.98,through:68.87,tt:0.37,num_interact:1033,Intrvl:15,num_users:715,errors:0
rt:11.11,through:161,tt:0.35,num_interact:2415,Intrvl:15,num_users:750,errors:0
rt:9.21,through:61.53,tt:0.34,num_interact:923,Intrvl:15,num_users:698,errors:0
rt:9.29,through:81.6,tt:0.33,num_interact:1224,Intrvl:15,num_users:660,errors:0
rt:9.55,through:85.2,tt:0.36,num_interact:1278,Intrvl:15,num_users:774,errors:0
rt:10.06,through:75.47,tt:0.34,num_interact:1132,Intrvl:15,num_users:806,errors:0
rt:10.79,through:60.07,tt:0.35,num_interact:2051,Intrvl:15,num_users:775,errors:6
rt:17.14,through:63.8,tt:0.35,num_interact:957,Intrvl:15,num_users:726,errors:0
rt:9.7,through:77.47,tt:0.36,num_interact:1165,Intrvl:15,num_users:763,errors:0
rt:8.22,through:76.07,tt:0.34,num_interact:1141,Intrvl:15,num_users:689,errors:0
rt:10.91,through:149.07,tt:0.35,num_interact:2236,Intrvl:15,num_users:777,errors:0
rt:8.8,through:77.4,tt:0.35,num_interact:1181,Intrvl:15,num_users:709,errors:0
rt:9.25,through:79.4,tt:0.35,num_interact:1329,Intrvl:15,num_users:712,errors:0
rt:9.1,through:80.27,tt:0.35,num_interact:1204,Intrvl:15,num_users:695,errors:0
rt:8.16,through:74.2,tt:0.34,num_interact:1113,Intrvl:15,num_users:721,errors:0
rt:9.24,through:77.93,tt:0.35,num_interact:1169,Intrvl:15,num_users:720,errors:0
rt:7.88,through:67.27,tt:0.35,num_interact:1109,Intrvl:15,num_users:701,errors:0
rt:10.07,through:80,tt:0.34,num_interact:1200,Intrvl:15,num_users:682,errors:0
rt:7.64,through:77.4,tt:0.33,num_interact:1161,Intrvl:15,num_users:629,errors:0
rt:8.58,through:63.6,tt:0.35,num_interact:954,Intrvl:15,num_users:674,errors:0
rt:9.85,through:75.6,tt:0.35,num_interact:1134,Intrvl:15,num_users:666,errors:0
rt:8.12,through:78.27,tt:0.35,num_interact:1174,Intrvl:15,num_users:683,errors:0
rt:9.38,through:150.6,tt:0.35,num_interact:2259,Intrvl:15,num_users:693,errors:0
rt:8.06,through:80.33,tt:0.34,num_interact:1205,Intrvl:15,num_users:643,errors:0
rt:6.6,through:85.27,tt:0.34,num_interact:1279,Intrvl:15,num_users:597,errors:0
rt:7.79,through:94.67,tt:0.35,num_interact:1420,Intrvl:15,num_users:651,errors:0
rt:7.32,through:73.93,tt:0.37,num_interact:1109,Intrvl:15,num_users:736,errors:0
rt:10.08,through:67.27,tt:0.36,num_interact:1009,Intrvl:15,num_users:765,errors:0
rt:9.75,through:72.2,tt:0.35,num_interact:1584,Intrvl:15,num_users:771,errors:0
rt:10.22,through:73.87,tt:0.35,num_interact:1108,Intrvl:15,num_users:731,errors:0
rt:9.09,through:58.73,tt:0.34,num_interact:881,Intrvl:15,num_users:676,errors:0
rt:10.58,through:79.93,tt:0.35,num_interact:1348,Intrvl:15,num_users:644,errors:0
rt:7.25,through:87,tt:0.34,num_interact:1305,Intrvl:15,num_users:624,errors:0
rt:7.02,through:85.07,tt:0.35,num_interact:1276,Intrvl:15,num_users:644,errors:0
rt:7.25,through:81,tt:0.35,num_interact:1215,Intrvl:15,num_users:632,errors:0
rt:7.16,through:115.8,tt:0.35,num_interact:1737,Intrvl:15,num_users:644,errors:0
rt:7.66,through:98.07,tt:0.35,num_interact:1471,Intrvl:15,num_users:673,errors:0
rt:7.68,through:83.87,tt:0.35,num_interact:1258,Intrvl:15,num_users:643,errors:0
rt:9.17,through:77.2,tt:0.36,num_interact:1158,Intrvl:15,num_users:761,errors:0
rt:8.35,through:67.6,tt:0.36,num_interact:1014,Intrvl:15,num_users:643,errors:0
rt:6.74,through:83.27,tt:0.35,num_interact:2116,Intrvl:15,num_users:610,errors:0
rt:9.24,through:114.73,tt:0.36,num_interact:1780,Intrvl:15,num_users:698,errors:0
rt:9.08,through:73.87,tt:0.37,num_interact:1108,Intrvl:15,num_users:671,errors:0
rt:7.99,through:78.13,tt:0.35,num_interact:1172,Intrvl:15,num_users:705,errors:0
rt:7.59,through:71.73,tt:0.35,num_interact:1076,Intrvl:15,num_users:629,errors:0
rt:8.51,through:87.47,tt:0.36,num_interact:1507,Intrvl:15,num_users:685,errors:0
rt:9.6,through:99.8,tt:0.36,num_interact:1497,Intrvl:15,num_users:779,errors:0
rt:9.59,through:81.67,tt:0.36,num_interact:1225,Intrvl:15,num_users:653,errors:0
rt:7.73,through:73.4,tt:0.37,num_interact:1101,Intrvl:15,num_users:686,errors:0
rt:10.74,through:230.6,tt:0.35,num_interact:3459,Intrvl:15,num_users:748,errors:0
rt:9.12,through:78.6,tt:0.34,num_interact:1179,Intrvl:15,num_users:691,errors:0
rt:8.22,through:78.67,tt:0.35,num_interact:1182,Intrvl:15,num_users:697,errors:0
rt:9.12,through:122.8,tt:0.35,num_interact:1842,Intrvl:15,num_users:755,errors:0
rt:8.84,through:76.8,tt:0.37,num_interact:1152,Intrvl:15,num_users:717,errors:0
rt:8.76,through:78.93,tt:0.35,num_interact:1184,Intrvl:15,num_users:660,errors:0
rt:8.81,through:78.6,tt:0.37,num_interact:1179,Intrvl:15,num_users:770,errors:0
rt:9.47,through:72.87,tt:0.35,num_interact:1093,Intrvl:15,num_users:697,errors:0
rt:8.63,through:75.4,tt:0.35,num_interact:1131,Intrvl:15,num_users:746,errors:0
rt:8.65,through:70.27,tt:0.35,num_interact:1568,Intrvl:15,num_users:616,errors:0
rt:8.54,through:67.87,tt:0.35,num_interact:1475,Intrvl:15,num_users:675,errors:0
rt:8.46,through:81.47,tt:0.35,num_interact:1222,Intrvl:15,num_users:739,errors:0
rt:9.47,through:49.33,tt:0.38,num_interact:824,Intrvl:15,num_users:768,errors:0
rt:12.9,through:69,tt:0.34,num_interact:1035,Intrvl:15,num_users:680,errors:0
rt:10.12,through:45.53,tt:0.35,num_interact:683,Intrvl:15,num_users:745,errors:0
rt:15.95,through:52,tt:0.37,num_interact:780,Intrvl:15,num_users:721,errors:0
rt:13.38,through:71.73,tt:0.36,num_interact:1076,Intrvl:15,num_users:807,errors:0
rt:7.59,through:61.27,tt:0.35,num_interact:1307,Intrvl:15,num_users:730,errors:0
rt:11.26,through:78.73,tt:0.36,num_interact:1181,Intrvl:15,num_users:769,errors:0
rt:10.7,through:70.33,tt:0.35,num_interact:1427,Intrvl:15,num_users:777,errors:0
rt:13.79,through:66,tt:0.35,num_interact:990,Intrvl:15,num_users:695,errors:0
rt:10.75,through:91.73,tt:0.35,num_interact:2456,Intrvl:15,num_users:715,errors:0
rt:10.52,through:97.27,tt:0.33,num_interact:1459,Intrvl:15,num_users:789,errors:0
rt:11.7,through:82.6,tt:0.34,num_interact:1309,Intrvl:15,num_users:801,errors:0
rt:10.36,through:76.93,tt:0.33,num_interact:1232,Intrvl:15,num_users:812,errors:0
rt:11.8,through:79.13,tt:0.37,num_interact:1187,Intrvl:15,num_users:820,errors:0
rt:10.94,through:75.2,tt:0.36,num_interact:1128,Intrvl:15,num_users:822,errors:0
rt:9.03,through:49.6,tt:0.36,num_interact:744,Intrvl:15,num_users:752,errors:0
rt:13.26,through:41.2,tt:0.36,num_interact:618,Intrvl:15,num_users:782,errors:0
rt:17.75,through:52.47,tt:0.34,num_interact:787,Intrvl:15,num_users:731,errors:0
rt:11.03,through:76.4,tt:0.34,num_interact:1146,Intrvl:15,num_users:668,errors:0
rt:8.25,through:101.2,tt:0.34,num_interact:1616,Intrvl:15,num_users:686,errors:0
rt:10.37,through:78.27,tt:0.35,num_interact:1241,Intrvl:15,num_users:673,errors:0
rt:8.46,through:75.53,tt:0.34,num_interact:1133,Intrvl:15,num_users:601,errors:0
rt:7.11,through:140.93,tt:0.34,num_interact:2114,Intrvl:15,num_users:679,errors:0
rt:11.24,through:58.87,tt:0.38,num_interact:883,Intrvl:15,num_users:698,errors:0
rt:9.79,through:77.2,tt:0.34,num_interact:1498,Intrvl:15,num_users:702,errors:0
rt:10.01,through:63.53,tt:0.36,num_interact:953,Intrvl:15,num_users:676,errors:0
rt:10.27,through:217.13,tt:0.35,num_interact:3257,Intrvl:15,num_users:708,errors:0
rt:8.91,through:78.8,tt:0.33,num_interact:1182,Intrvl:15,num_users:697,errors:0
rt:8.12,through:68.8,tt:0.35,num_interact:1032,Intrvl:15,num_users:679,errors:0
rt:9.7,through:79.4,tt:0.35,num_interact:1191,Intrvl:15,num_users:697,errors:0
rt:8.05,through:81.93,tt:0.35,num_interact:1229,Intrvl:15,num_users:669,errors:0
rt:9.1,through:74.93,tt:0.37,num_interact:1170,Intrvl:15,num_users:735,errors:0
rt:8.81,through:75.6,tt:0.34,num_interact:1134,Intrvl:15,num_users:725,errors:0
rt:9.44,through:72.2,tt:0.36,num_interact:1083,Intrvl:15,num_users:731,errors:0
rt:9.17,through:75,tt:0.36,num_interact:1125,Intrvl:15,num_users:696,errors:0
rt:7.99,through:69.27,tt:0.35,num_interact:1039,Intrvl:15,num_users:637,errors:0
rt:9.12,through:122.33,tt:0.34,num_interact:1835,Intrvl:15,num_users:702,errors:0
rt:8.65,through:78.27,tt:0.33,num_interact:1180,Intrvl:15,num_users:648,errors:0
rt:7.9,through:86.67,tt:0.37,num_interact:1300,Intrvl:15,num_users:651,errors:0
rt:8.08,through:75.87,tt:0.35,num_interact:1138,Intrvl:15,num_users:638,errors:0
rt:7.73,through:63.13,tt:0.38,num_interact:1011,Intrvl:15,num_users:757,errors:0
rt:12.11,through:66.33,tt:0.35,num_interact:1060,Intrvl:15,num_users:607,errors:0
rt:6.73,through:74.8,tt:0.35,num_interact:1122,Intrvl:15,num_users:604,errors:0
rt:8.46,through:159.4,tt:0.35,num_interact:2391,Intrvl:15,num_users:650,errors:0
rt:7.03,through:73.27,tt:0.35,num_interact:1099,Intrvl:15,num_users:654,errors:0
rt:7.98,through:85.8,tt:0.36,num_interact:1287,Intrvl:15,num_users:661,errors:0
rt:9.01,through:63.13,tt:0.37,num_interact:947,Intrvl:15,num_users:704,errors:0
rt:7.87,through:83.47,tt:0.35,num_interact:1259,Intrvl:15,num_users:575,errors:0
rt:7.16,through:82.33,tt:0.35,num_interact:1268,Intrvl:15,num_users:612,errors:0
rt:6.79,through:76.87,tt:0.35,num_interact:1153,Intrvl:15,num_users:613,errors:0
rt:7.63,through:81.47,tt:0.37,num_interact:1222,Intrvl:15,num_users:628,errors:0
rt:7.63,through:80.33,tt:0.36,num_interact:1205,Intrvl:15,num_users:624,errors:0
rt:6.57,through:79.07,tt:0.36,num_interact:1186,Intrvl:15,num_users:606,errors:0
rt:7.86,through:79.53,tt:0.35,num_interact:1454,Intrvl:15,num_users:604,errors:0
rt:6.99,through:86.73,tt:0.34,num_interact:1301,Intrvl:15,num_users:601,errors:0
rt:6.32,through:76.67,tt:0.35,num_interact:1150,Intrvl:15,num_users:599,errors:0
rt:7.85,through:77.6,tt:0.35,num_interact:1188,Intrvl:15,num_users:649,errors:0
rt:8.29,through:98.93,tt:0.34,num_interact:1484,Intrvl:15,num_users:741,errors:0
rt:10.83,through:59.53,tt:0.34,num_interact:893,Intrvl:15,num_users:626,errors:0
rt:7.76,through:76.27,tt:0.35,num_interact:1210,Intrvl:15,num_users:562,errors:0
rt:7.07,through:79.73,tt:0.36,num_interact:1196,Intrvl:15,num_users:582,errors:0
rt:7.54,through:77.6,tt:0.36,num_interact:1164,Intrvl:15,num_users:637,errors:0
rt:7.63,through:75.4,tt:0.36,num_interact:1131,Intrvl:15,num_users:636,errors:0
rt:7.99,through:93.07,tt:0.36,num_interact:1396,Intrvl:15,num_users:690,errors:0
rt:8.04,through:85.53,tt:0.34,num_interact:1283,Intrvl:15,num_users:616,errors:0
rt:7.09,through:92,tt:0.36,num_interact:1380,Intrvl:15,num_users:634,errors:0
rt:7.62,through:82.27,tt:0.37,num_interact:1234,Intrvl:15,num_users:680,errors:0
rt:8.3,through:80.2,tt:0.33,num_interact:1203,Intrvl:15,num_users:672,errors:0
rt:7.23,through:71.33,tt:0.36,num_interact:1070,Intrvl:15,num_users:676,errors:0
rt:7.87,through:82.87,tt:0.35,num_interact:1243,Intrvl:15,num_users:622,errors:0
rt:8.21,through:85.2,tt:0.36,num_interact:1278,Intrvl:15,num_users:615,errors:0
rt:7.05,through:77.73,tt:0.36,num_interact:1166,Intrvl:15,num_users:567,errors:0
rt:6.12,through:103,tt:0.35,num_interact:1545,Intrvl:15,num_users:584,errors:0
rt:7.1,through:90.73,tt:0.36,num_interact:1365,Intrvl:15,num_users:597,errors:0
rt:6.17,through:79.53,tt:0.37,num_interact:1193,Intrvl:15,num_users:560,errors:0
rt:6.74,through:82.33,tt:0.37,num_interact:1313,Intrvl:15,num_users:581,errors:0
rt:7.62,through:89.13,tt:0.35,num_interact:1337,Intrvl:15,num_users:601,errors:0
rt:6.19,through:75.53,tt:0.34,num_interact:1133,Intrvl:15,num_users:581,errors:0
rt:7.57,through:199.8,tt:0.35,num_interact:2997,Intrvl:15,num_users:638,errors:0
rt:7.9,through:79.53,tt:0.36,num_interact:1353,Intrvl:15,num_users:710,errors:0
rt:8.99,through:95.27,tt:0.36,num_interact:1429,Intrvl:15,num_users:725,errors:0
rt:9.14,through:54,tt:0.37,num_interact:810,Intrvl:15,num_users:702,errors:0
rt:12.39,through:48.4,tt:0.35,num_interact:959,Intrvl:15,num_users:735,errors:0
rt:12.19,through:77.53,tt:0.35,num_interact:1163,Intrvl:15,num_users:668,errors:0
rt:7.22,through:80.07,tt:0.34,num_interact:1201,Intrvl:15,num_users:591,errors:0
rt:7.48,through:115.8,tt:0.35,num_interact:1737,Intrvl:15,num_users:630,errors:0
rt:8.15,through:78.6,tt:0.36,num_interact:1179,Intrvl:15,num_users:598,errors:0
rt:6.95,through:85,tt:0.35,num_interact:1275,Intrvl:15,num_users:622,errors:0
rt:7.66,through:107.73,tt:0.36,num_interact:1616,Intrvl:15,num_users:677,errors:0
rt:7.79,through:72.6,tt:0.36,num_interact:1220,Intrvl:15,num_users:687,errors:0
rt:8.44,through:73.73,tt:0.33,num_interact:1496,Intrvl:15,num_users:624,errors:0
rt:8.65,through:72.87,tt:0.34,num_interact:1093,Intrvl:15,num_users:625,errors:0
rt:7.85,through:76.4,tt:0.36,num_interact:1559,Intrvl:15,num_users:623,errors:0
rt:7.6,through:90.8,tt:0.35,num_interact:1362,Intrvl:15,num_users:626,errors:0
rt:7.36,through:88.8,tt:0.36,num_interact:1332,Intrvl:15,num_users:633,errors:0
rt:6.87,through:80.33,tt:0.35,num_interact:1205,Intrvl:15,num_users:605,errors:0
rt:8.01,through:76.87,tt:0.35,num_interact:1153,Intrvl:15,num_users:693,errors:0
rt:7.55,through:77.93,tt:0.36,num_interact:1169,Intrvl:15,num_users:644,errors:0
rt:8.06,through:68.47,tt:0.35,num_interact:1027,Intrvl:15,num_users:628,errors:0
rt:9.22,through:78.13,tt:0.37,num_interact:1172,Intrvl:15,num_users:638,errors:0
rt:7.23,through:74.87,tt:0.34,num_interact:1123,Intrvl:15,num_users:648,errors:0
rt:8.13,through:72.8,tt:0.35,num_interact:1092,Intrvl:15,num_users:589,errors:0
rt:7.93,through:78.4,tt:0.36,num_interact:1371,Intrvl:15,num_users:662,errors:0
rt:6.83,through:97.67,tt:0.37,num_interact:1465,Intrvl:15,num_users:566,errors:0
rt:7.05,through:71.4,tt:0.34,num_interact:1071,Intrvl:15,num_users:582,errors:0
rt:6.73,through:83.67,tt:0.37,num_interact:1255,Intrvl:15,num_users:628,errors:0
rt:7.37,through:73.93,tt:0.35,num_interact:1182,Intrvl:15,num_users:632,errors:0
rt:7.56,through:83.07,tt:0.35,num_interact:1281,Intrvl:15,num_users:572,errors:0
rt:6.97,through:112.33,tt:0.36,num_interact:1685,Intrvl:15,num_users:622,errors:0
rt:7.29,through:72.2,tt:0.34,num_interact:1083,Intrvl:15,num_users:619,errors:0
rt:7.52,through:117.4,tt:0.34,num_interact:1761,Intrvl:15,num_users:653,errors:0
rt:7,through:71.33,tt:0.34,num_interact:1070,Intrvl:15,num_users:638,errors:0
rt:8.75,through:68.93,tt:0.36,num_interact:1034,Intrvl:15,num_users:618,errors:0
rt:8.62,through:85.4,tt:0.38,num_interact:1281,Intrvl:15,num_users:655,errors:0
rt:7.74,through:75.53,tt:0.36,num_interact:1133,Intrvl:15,num_users:598,errors:0
rt:6.76,through:80.93,tt:0.33,num_interact:1214,Intrvl:15,num_users:594,errors:0
rt:7.61,through:137.53,tt:0.35,num_interact:2063,Intrvl:15,num_users:658,errors:0
rt:6.95,through:85.53,tt:0.33,num_interact:1283,Intrvl:15,num_users:582,errors:0
rt:7.13,through:163.07,tt:0.36,num_interact:2446,Intrvl:15,num_users:693,errors:0
rt:9.95,through:70.67,tt:0.36,num_interact:1140,Intrvl:15,num_users:716,errors:0
rt:7.32,through:78.47,tt:0.34,num_interact:1177,Intrvl:15,num_users:596,errors:0
rt:7.88,through:115.67,tt:0.35,num_interact:1735,Intrvl:15,num_users:653,errors:0
rt:7.86,through:85.4,tt:0.36,num_interact:1281,Intrvl:15,num_users:664,errors:0
rt:7.74,through:80.33,tt:0.35,num_interact:1205,Intrvl:15,num_users:586,errors:0
rt:6.89,through:73.13,tt:0.36,num_interact:1097,Intrvl:15,num_users:614,errors:0
rt:8.24,through:74.4,tt:0.36,num_interact:1839,Intrvl:15,num_users:631,errors:0
rt:6.68,through:74.67,tt:0.36,num_interact:1120,Intrvl:15,num_users:608,errors:0
rt:8.18,through:79.8,tt:0.35,num_interact:1340,Intrvl:15,num_users:593,errors:0
rt:7.86,through:90,tt:0.35,num_interact:1350,Intrvl:15,num_users:644,errors:0
rt:7.71,through:84.33,tt:0.36,num_interact:1265,Intrvl:15,num_users:607,errors:0
rt:7.26,through:78.87,tt:0.34,num_interact:1183,Intrvl:15,num_users:596,errors:0
rt:6.82,through:80.27,tt:0.36,num_interact:1392,Intrvl:15,num_users:603,errors:0
rt:6.04,through:81.73,tt:0.35,num_interact:1226,Intrvl:15,num_users:543,errors:0
rt:6.81,through:77.27,tt:0.35,num_interact:1159,Intrvl:15,num_users:631,errors:0
rt:7.46,through:84.27,tt:0.35,num_interact:1264,Intrvl:15,num_users:598,errors:0
rt:6.47,through:79.33,tt:0.35,num_interact:1657,Intrvl:15,num_users:555,errors:0
rt:6.34,through:89.33,tt:0.36,num_interact:1340,Intrvl:15,num_users:560,errors:0
rt:7.37,through:133.13,tt:0.35,num_interact:1997,Intrvl:15,num_users:605,errors:0
rt:6.62,through:82.33,tt:0.35,num_interact:1235,Intrvl:15,num_users:578,errors:0
rt:6.66,through:78.73,tt:0.36,num_interact:1181,Intrvl:15,num_users:616,errors:0
rt:8.56,through:75.2,tt:0.36,num_interact:1128,Intrvl:15,num_users:635,errors:0
rt:7,through:79.53,tt:0.35,num_interact:1193,Intrvl:15,num_users:636,errors:0
rt:7.27,through:63.93,tt:0.36,num_interact:959,Intrvl:15,num_users:648,errors:0
rt:6.05,through:94.93,tt:0.34,num_interact:1424,Intrvl:15,num_users:418,errors:0
rt:3.85,through:98.2,tt:0.35,num_interact:1495,Intrvl:15,num_users:417,errors:0
rt:3.94,through:130.13,tt:0.35,num_interact:2281,Intrvl:15,num_users:422,errors:0
rt:4.07,through:99.13,tt:0.36,num_interact:1597,Intrvl:15,num_users:419,errors:0
rt:3.47,through:102.07,tt:0.34,num_interact:1548,Intrvl:15,num_users:380,errors:0
rt:3.6,through:114.53,tt:0.34,num_interact:1718,Intrvl:15,num_users:386,errors:0
rt:3.22,through:96.6,tt:0.36,num_interact:1798,Intrvl:15,num_users:368,errors:0
rt:3.6,through:105.4,tt:0.36,num_interact:1582,Intrvl:15,num_users:404,errors:0
rt:3.08,through:100.4,tt:0.35,num_interact:1506,Intrvl:15,num_users:363,errors:0
rt:3.47,through:102.47,tt:0.36,num_interact:1537,Intrvl:15,num_users:376,errors:0
rt:3.15,through:108.27,tt:0.36,num_interact:1624,Intrvl:15,num_users:360,errors:0
rt:3.33,through:97.27,tt:0.36,num_interact:1459,Intrvl:15,num_users:381,errors:0
rt:3.65,through:112,tt:0.35,num_interact:1680,Intrvl:15,num_users:394,errors:0
rt:3.58,through:98.73,tt:0.37,num_interact:1481,Intrvl:15,num_users:390,errors:0
rt:2.99,through:106.33,tt:0.34,num_interact:1595,Intrvl:15,num_users:343,errors:0
rt:3.43,through:102.2,tt:0.35,num_interact:1533,Intrvl:15,num_users:395,errors:0
rt:3.55,through:103.47,tt:0.36,num_interact:1552,Intrvl:15,num_users:388,errors:0
rt:3.59,through:96,tt:0.33,num_interact:1440,Intrvl:15,num_users:389,errors:0
rt:3.75,through:93.4,tt:0.35,num_interact:1507,Intrvl:15,num_users:424,errors:0
rt:4.05,through:94.2,tt:0.36,num_interact:1413,Intrvl:15,num_users:411,errors:0
rt:3.29,through:102.33,tt:0.35,num_interact:1663,Intrvl:15,num_users:352,errors:0
rt:3.23,through:129.87,tt:0.36,num_interact:1948,Intrvl:15,num_users:376,errors:0
rt:3.58,through:112.13,tt:0.35,num_interact:1682,Intrvl:15,num_users:403,errors:0
rt:3.37,through:97.6,tt:0.37,num_interact:1464,Intrvl:15,num_users:381,errors:0
rt:3.66,through:99.13,tt:0.36,num_interact:1487,Intrvl:15,num_users:403,errors:0
rt:3.58,through:103,tt:0.34,num_interact:1561,Intrvl:15,num_users:390,errors:0
rt:3.5,through:102.2,tt:0.34,num_interact:1533,Intrvl:15,num_users:378,errors:0
rt:3.01,through:99.93,tt:0.35,num_interact:1499,Intrvl:15,num_users:345,errors:0
rt:2.95,through:105,tt:0.34,num_interact:1575,Intrvl:15,num_users:342,errors:0
rt:3.38,through:138.47,tt:0.35,num_interact:2087,Intrvl:15,num_users:409,errors:0
rt:4.34,through:103,tt:0.34,num_interact:1641,Intrvl:15,num_users:456,errors:0
rt:3.59,through:103.6,tt:0.34,num_interact:1554,Intrvl:15,num_users:362,errors:0
rt:3.56,through:97.73,tt:0.37,num_interact:1466,Intrvl:15,num_users:408,errors:0
rt:3.34,through:101.67,tt:0.35,num_interact:1525,Intrvl:15,num_users:368,errors:0
rt:4.02,through:91.67,tt:0.37,num_interact:1515,Intrvl:15,num_users:435,errors:0
rt:3.84,through:101.33,tt:0.34,num_interact:1520,Intrvl:15,num_users:397,errors:0
rt:3.53,through:96.6,tt:0.33,num_interact:1610,Intrvl:15,num_users:385,errors:0
rt:3.05,through:99.6,tt:0.35,num_interact:1526,Intrvl:15,num_users:343,errors:0
rt:3.78,through:104.53,tt:0.34,num_interact:1793,Intrvl:15,num_users:415,errors:0
rt:3.85,through:94.93,tt:0.34,num_interact:1653,Intrvl:15,num_users:423,errors:0
rt:3.65,through:99.4,tt:0.34,num_interact:1491,Intrvl:15,num_users:394,errors:0
rt:3.24,through:103.2,tt:0.34,num_interact:1548,Intrvl:15,num_users:363,errors:0
rt:3.04,through:105.33,tt:0.34,num_interact:1580,Intrvl:15,num_users:343,errors:0
rt:3.15,through:99.73,tt:0.35,num_interact:1523,Intrvl:15,num_users:361,errors:0
rt:3.44,through:123.07,tt:0.35,num_interact:1846,Intrvl:15,num_users:394,errors:91
rt:4.55,through:95.93,tt:0.36,num_interact:1460,Intrvl:15,num_users:474,errors:14
rt:3.94,through:94.13,tt:0.35,num_interact:1607,Intrvl:15,num_users:407,errors:0
rt:3.32,through:102.53,tt:0.35,num_interact:1666,Intrvl:15,num_users:362,errors:0
rt:3.55,through:130.53,tt:0.35,num_interact:1958,Intrvl:15,num_users:416,errors:0
rt:3.81,through:97.8,tt:0.35,num_interact:1467,Intrvl:15,num_users:415,errors:0
rt:3.92,through:96.93,tt:0.35,num_interact:1525,Intrvl:15,num_users:401,errors:0
rt:3.99,through:113.8,tt:0.35,num_interact:1707,Intrvl:15,num_users:443,errors:0
rt:3.64,through:101.87,tt:0.36,num_interact:1528,Intrvl:15,num_users:371,errors:0
rt:3.62,through:161.47,tt:0.35,num_interact:2422,Intrvl:15,num_users:407,errors:0
rt:3.63,through:100.2,tt:0.34,num_interact:1503,Intrvl:15,num_users:387,errors:0
rt:3.64,through:135.47,tt:0.36,num_interact:2032,Intrvl:15,num_users:403,errors:0
rt:3.39,through:102.2,tt:0.35,num_interact:1533,Intrvl:15,num_users:380,errors:0
rt:3.75,through:114.13,tt:0.34,num_interact:1712,Intrvl:15,num_users:408,errors:0
rt:3.64,through:101.07,tt:0.35,num_interact:1517,Intrvl:15,num_users:392,errors:0
rt:3.71,through:98.13,tt:0.36,num_interact:1472,Intrvl:15,num_users:408,errors:0
Terminating EBs...
EB TPCW Broswing Mix EB #43commiting suicide!
EB TPCW Broswing Mix EB #285commiting suicide!
EB TPCW Broswing Mix EB #262commiting suicide!
EB TPCW Broswing Mix EB #266commiting suicide!
EB TPCW Broswing Mix EB #200commiting suicide!
EB TPCW Broswing Mix EB #37commiting suicide!
EB TPCW Broswing Mix EB #89commiting suicide!
EB TPCW Broswing Mix EB #113commiting suicide!
EB TPCW Broswing Mix EB #15715commiting suicide!
EB TPCW Broswing Mix EB #15800commiting suicide!
EB TPCW Broswing Mix EB #1042commiting suicide!
EB TPCW Broswing Mix EB #18commiting suicide!
EB TPCW Broswing Mix EB #15500commiting suicide!
EB TPCW Broswing Mix EB #15774commiting suicide!
EB TPCW Broswing Mix EB #222commiting suicide!
EB TPCW Broswing Mix EB #241commiting suicide!
EB TPCW Broswing Mix EB #151commiting suicide!
EB TPCW Broswing Mix EB #816commiting suicide!
EB TPCW Broswing Mix EB #260commiting suicide!
EB TPCW Broswing Mix EB #80commiting suicide!
EB TPCW Broswing Mix EB #123commiting suicide!
EB TPCW Broswing Mix EB #62commiting suicide!
EB TPCW Broswing Mix EB #199commiting suicide!
EB TPCW Broswing Mix EB #163commiting suicide!
EB TPCW Broswing Mix EB #15775commiting suicide!
EB TPCW Broswing Mix EB #99commiting suicide!
EB TPCW Broswing Mix EB #158commiting suicide!
EB TPCW Broswing Mix EB #218commiting suicide!
EB TPCW Broswing Mix EB #321commiting suicide!
EB TPCW Broswing Mix EB #15716commiting suicide!
EB TPCW Broswing Mix EB #78commiting suicide!
EB TPCW Broswing Mix EB #20commiting suicide!
EB TPCW Broswing Mix EB #141commiting suicide!
EB TPCW Broswing Mix EB #15778commiting suicide!
EB TPCW Broswing Mix EB #168commiting suicide!
EB TPCW Broswing Mix EB #254commiting suicide!
EB TPCW Broswing Mix EB #301commiting suicide!
EB TPCW Broswing Mix EB #283commiting suicide!
EB TPCW Broswing Mix EB #15805commiting suicide!
EB TPCW Broswing Mix EB #15621commiting suicide!
EB TPCW Broswing Mix EB #6commiting suicide!
EB TPCW Broswing Mix EB #157commiting suicide!
EB TPCW Broswing Mix EB #327commiting suicide!
EB TPCW Broswing Mix EB #1043commiting suicide!
EB TPCW Broswing Mix EB #15620commiting suicide!
EB TPCW Broswing Mix EB #15506commiting suicide!
EB TPCW Broswing Mix EB #194commiting suicide!
EB TPCW Broswing Mix EB #294commiting suicide!
EB TPCW Broswing Mix EB #134commiting suicide!
EB TPCW Broswing Mix EB #15806commiting suicide!
EB TPCW Broswing Mix EB #207commiting suicide!
EB TPCW Broswing Mix EB #162commiting suicide!
EB TPCW Broswing Mix EB #223commiting suicide!
EB TPCW Broswing Mix EB #146commiting suicide!
EB TPCW Broswing Mix EB #1046commiting suicide!
EB TPCW Broswing Mix EB #153commiting suicide!
EB TPCW Broswing Mix EB #319commiting suicide!
EB TPCW Broswing Mix EB #15commiting suicide!
EB TPCW Broswing Mix EB #202commiting suicide!
EB TPCW Broswing Mix EB #75commiting suicide!
EB TPCW Broswing Mix EB #196commiting suicide!
EB TPCW Broswing Mix EB #15797commiting suicide!
EB TPCW Broswing Mix EB #144commiting suicide!
EB TPCW Broswing Mix EB #60commiting suicide!
EB TPCW Broswing Mix EB #15622commiting suicide!
EB TPCW Broswing Mix EB #13commiting suicide!
EB TPCW Broswing Mix EB #295commiting suicide!
EB TPCW Broswing Mix EB #4commiting suicide!
EB TPCW Broswing Mix EB #325commiting suicide!
EB TPCW Broswing Mix EB #77commiting suicide!
EB TPCW Broswing Mix EB #274commiting suicide!
EB TPCW Broswing Mix EB #275commiting suicide!
EB TPCW Broswing Mix EB #1050commiting suicide!
EB TPCW Broswing Mix EB #42commiting suicide!
EB TPCW Broswing Mix EB #15795commiting suicide!
EB TPCW Broswing Mix EB #104commiting suicide!
EB TPCW Broswing Mix EB #25commiting suicide!
EB TPCW Broswing Mix EB #197commiting suicide!
EB TPCW Broswing Mix EB #183commiting suicide!
EB TPCW Broswing Mix EB #14commiting suicide!
EB TPCW Broswing Mix EB #174commiting suicide!
EB TPCW Broswing Mix EB #271commiting suicide!
EB TPCW Broswing Mix EB #221commiting suicide!
EB TPCW Broswing Mix EB #5commiting suicide!
EB TPCW Broswing Mix EB #57commiting suicide!
EB TPCW Broswing Mix EB #15502commiting suicide!
EB TPCW Broswing Mix EB #58commiting suicide!
EB TPCW Broswing Mix EB #270commiting suicide!
EB TPCW Broswing Mix EB #139commiting suicide!
EB TPCW Broswing Mix EB #234commiting suicide!
EB TPCW Broswing Mix EB #98commiting suicide!
EB TPCW Broswing Mix EB #306commiting suicide!
EB TPCW Broswing Mix EB #38commiting suicide!
EB TPCW Broswing Mix EB #167commiting suicide!
EB TPCW Broswing Mix EB #273commiting suicide!
EB TPCW Broswing Mix EB #148commiting suicide!
EB TPCW Broswing Mix EB #105commiting suicide!
EB TPCW Broswing Mix EB #115commiting suicide!
EB TPCW Broswing Mix EB #15802commiting suicide!
EB TPCW Broswing Mix EB #1044commiting suicide!
EB TPCW Broswing Mix EB #323commiting suicide!
EB TPCW Broswing Mix EB #276commiting suicide!
EB TPCW Broswing Mix EB #180commiting suicide!
EB TPCW Broswing Mix EB #326commiting suicide!
EB TPCW Broswing Mix EB #140commiting suicide!
EB TPCW Broswing Mix EB #64commiting suicide!
EB TPCW Broswing Mix EB #15719commiting suicide!
EB TPCW Broswing Mix EB #15801commiting suicide!
EB TPCW Broswing Mix EB #15776commiting suicide!
EB TPCW Broswing Mix EB #135commiting suicide!
EB TPCW Broswing Mix EB #147commiting suicide!
EB TPCW Broswing Mix EB #92commiting suicide!
EB TPCW Broswing Mix EB #281commiting suicide!
EB TPCW Broswing Mix EB #15803commiting suicide!
EB TPCW Broswing Mix EB #289commiting suicide!
EB TPCW Broswing Mix EB #15773commiting suicide!
EB TPCW Broswing Mix EB #291commiting suicide!
EB TPCW Broswing Mix EB #245commiting suicide!
EB TPCW Broswing Mix EB #68commiting suicide!
EB TPCW Broswing Mix EB #315commiting suicide!
EB TPCW Broswing Mix EB #54commiting suicide!
EB TPCW Broswing Mix EB #250commiting suicide!
EB TPCW Broswing Mix EB #265commiting suicide!
EB TPCW Broswing Mix EB #96commiting suicide!
EB TPCW Broswing Mix EB #131commiting suicide!
EB TPCW Broswing Mix EB #1041commiting suicide!
EB TPCW Broswing Mix EB #102commiting suicide!
EB TPCW Broswing Mix EB #176commiting suicide!
EB TPCW Broswing Mix EB #192commiting suicide!
EB TPCW Broswing Mix EB #279commiting suicide!
EB TPCW Broswing Mix EB #63commiting suicide!
EB TPCW Broswing Mix EB #55commiting suicide!
EB TPCW Broswing Mix EB #175commiting suicide!
EB TPCW Broswing Mix EB #233commiting suicide!
EB TPCW Broswing Mix EB #211commiting suicide!
EB TPCW Broswing Mix EB #7commiting suicide!
EB TPCW Broswing Mix EB #286commiting suicide!
EB TPCW Broswing Mix EB #15492commiting suicide!
EB TPCW Broswing Mix EB #41commiting suicide!
EB TPCW Broswing Mix EB #1045commiting suicide!
EB TPCW Broswing Mix EB #15490commiting suicide!
EB TPCW Broswing Mix EB #155commiting suicide!
EB TPCW Broswing Mix EB #45commiting suicide!
EB TPCW Broswing Mix EB #193commiting suicide!
EB TPCW Broswing Mix EB #226commiting suicide!
EB TPCW Broswing Mix EB #15624commiting suicide!
EB TPCW Broswing Mix EB #292commiting suicide!
EB TPCW Broswing Mix EB #261commiting suicide!
EB TPCW Broswing Mix EB #255commiting suicide!
EB TPCW Broswing Mix EB #39commiting suicide!
EB TPCW Broswing Mix EB #128commiting suicide!
EB TPCW Broswing Mix EB #33commiting suicide!
EB TPCW Broswing Mix EB #267commiting suicide!
EB TPCW Broswing Mix EB #19commiting suicide!
EB TPCW Broswing Mix EB #15505commiting suicide!
EB TPCW Broswing Mix EB #173commiting suicide!
EB TPCW Broswing Mix EB #313commiting suicide!
EB TPCW Broswing Mix EB #324commiting suicide!
EB TPCW Broswing Mix EB #15804commiting suicide!
EB TPCW Broswing Mix EB #15626commiting suicide!
EB TPCW Broswing Mix EB #9commiting suicide!
EB TPCW Broswing Mix EB #229commiting suicide!
EB TPCW Broswing Mix EB #127commiting suicide!
EB TPCW Broswing Mix EB #84commiting suicide!
EB TPCW Broswing Mix EB #296commiting suicide!
EB TPCW Broswing Mix EB #307commiting suicide!
EB TPCW Broswing Mix EB #220commiting suicide!
EB TPCW Broswing Mix EB #30commiting suicide!
EB TPCW Broswing Mix EB #311commiting suicide!
EB TPCW Broswing Mix EB #328commiting suicide!
EB TPCW Broswing Mix EB #32commiting suicide!
EB TPCW Broswing Mix EB #15497commiting suicide!
EB TPCW Broswing Mix EB #182commiting suicide!
EB TPCW Broswing Mix EB #308commiting suicide!
EB TPCW Broswing Mix EB #172commiting suicide!
EB TPCW Broswing Mix EB #48commiting suicide!
EB TPCW Broswing Mix EB #116commiting suicide!
EB TPCW Broswing Mix EB #15491commiting suicide!
EB TPCW Broswing Mix EB #52commiting suicide!
EB TPCW Broswing Mix EB #137commiting suicide!
EB TPCW Broswing Mix EB #209commiting suicide!
EB TPCW Broswing Mix EB #94commiting suicide!
EB TPCW Broswing Mix EB #277commiting suicide!
EB TPCW Broswing Mix EB #130commiting suicide!
EB TPCW Broswing Mix EB #302commiting suicide!
EB TPCW Broswing Mix EB #15769commiting suicide!
EB TPCW Broswing Mix EB #56commiting suicide!
EB TPCW Broswing Mix EB #1048commiting suicide!
EB TPCW Broswing Mix EB #228commiting suicide!
EB TPCW Broswing Mix EB #178commiting suicide!
EB TPCW Broswing Mix EB #95commiting suicide!
EB TPCW Broswing Mix EB #230commiting suicide!
EB TPCW Broswing Mix EB #15771commiting suicide!
EB TPCW Broswing Mix EB #288commiting suicide!
EB TPCW Broswing Mix EB #111commiting suicide!
EB TPCW Broswing Mix EB #15623commiting suicide!
EB TPCW Broswing Mix EB #190commiting suicide!
EB TPCW Broswing Mix EB #244commiting suicide!
EB TPCW Broswing Mix EB #264commiting suicide!
EB TPCW Broswing Mix EB #299commiting suicide!
EB TPCW Broswing Mix EB #47commiting suicide!
EB TPCW Broswing Mix EB #59commiting suicide!
EB TPCW Broswing Mix EB #282commiting suicide!
EB TPCW Broswing Mix EB #215commiting suicide!
EB TPCW Broswing Mix EB #91commiting suicide!
EB TPCW Broswing Mix EB #83commiting suicide!
EB TPCW Broswing Mix EB #23commiting suicide!
EB TPCW Broswing Mix EB #142commiting suicide!
EB TPCW Broswing Mix EB #15799commiting suicide!
EB TPCW Broswing Mix EB #72commiting suicide!
EB TPCW Broswing Mix EB #106commiting suicide!
EB TPCW Broswing Mix EB #161commiting suicide!
EB TPCW Broswing Mix EB #322commiting suicide!
EB TPCW Broswing Mix EB #309commiting suicide!
EB TPCW Broswing Mix EB #259commiting suicide!
EB TPCW Broswing Mix EB #15768commiting suicide!
EB TPCW Broswing Mix EB #124commiting suicide!
EB TPCW Broswing Mix EB #269commiting suicide!
EB TPCW Broswing Mix EB #125commiting suicide!
EB TPCW Broswing Mix EB #248commiting suicide!
EB TPCW Broswing Mix EB #184commiting suicide!
EB TPCW Broswing Mix EB #119commiting suicide!
EB TPCW Broswing Mix EB #191commiting suicide!
EB TPCW Broswing Mix EB #15496commiting suicide!
EB TPCW Broswing Mix EB #138commiting suicide!
EB TPCW Broswing Mix EB #61commiting suicide!
EB TPCW Broswing Mix EB #186commiting suicide!
EB TPCW Broswing Mix EB #15807commiting suicide!
EB TPCW Broswing Mix EB #224commiting suicide!
EB TPCW Broswing Mix EB #165commiting suicide!
EB TPCW Broswing Mix EB #15796commiting suicide!
EB TPCW Broswing Mix EB #15772commiting suicide!
EB TPCW Broswing Mix EB #88commiting suicide!
EB TPCW Broswing Mix EB #107commiting suicide!
EB TPCW Broswing Mix EB #312commiting suicide!
EB TPCW Broswing Mix EB #15503commiting suicide!
EB TPCW Broswing Mix EB #317commiting suicide!
EB TPCW Broswing Mix EB #15777commiting suicide!
EB TPCW Broswing Mix EB #212commiting suicide!
EB TPCW Broswing Mix EB #100commiting suicide!
EB TPCW Broswing Mix EB #28commiting suicide!
EB TPCW Broswing Mix EB #15810commiting suicide!
EB TPCW Broswing Mix EB #44commiting suicide!
EB TPCW Broswing Mix EB #252commiting suicide!
EB TPCW Broswing Mix EB #79commiting suicide!
EB TPCW Broswing Mix EB #70commiting suicide!
EB TPCW Broswing Mix EB #118commiting suicide!
EB TPCW Broswing Mix EB #117commiting suicide!
EB TPCW Broswing Mix EB #268commiting suicide!
EB TPCW Broswing Mix EB #15494commiting suicide!
EB TPCW Broswing Mix EB #73commiting suicide!
EB TPCW Broswing Mix EB #81commiting suicide!
EB TPCW Broswing Mix EB #67commiting suicide!
EB TPCW Broswing Mix EB #170commiting suicide!
EB TPCW Broswing Mix EB #150commiting suicide!
EB TPCW Broswing Mix EB #185commiting suicide!
EB TPCW Broswing Mix EB #108commiting suicide!
EB TPCW Broswing Mix EB #217commiting suicide!
EB TPCW Broswing Mix EB #16commiting suicide!
EB TPCW Broswing Mix EB #109commiting suicide!
EB TPCW Broswing Mix EB #15722commiting suicide!
EB TPCW Broswing Mix EB #297commiting suicide!
EB TPCW Broswing Mix EB #169commiting suicide!
EB TPCW Broswing Mix EB #246commiting suicide!
EB TPCW Broswing Mix EB #132commiting suicide!
EB TPCW Broswing Mix EB #136commiting suicide!
EB TPCW Broswing Mix EB #143commiting suicide!
EB TPCW Broswing Mix EB #314commiting suicide!
EB TPCW Broswing Mix EB #15718commiting suicide!
EB TPCW Broswing Mix EB #15501commiting suicide!
EB TPCW Broswing Mix EB #112commiting suicide!
EB TPCW Broswing Mix EB #97commiting suicide!
EB TPCW Broswing Mix EB #66commiting suicide!
EB TPCW Broswing Mix EB #236commiting suicide!
EB TPCW Broswing Mix EB #320commiting suicide!
EB TPCW Broswing Mix EB #15723commiting suicide!
EB TPCW Broswing Mix EB #15625commiting suicide!
EB TPCW Broswing Mix EB #187commiting suicide!
EB TPCW Broswing Mix EB #15488commiting suicide!
EB TPCW Broswing Mix EB #85commiting suicide!
EB TPCW Broswing Mix EB #257commiting suicide!
EB TPCW Broswing Mix EB #205commiting suicide!
EB TPCW Broswing Mix EB #50commiting suicide!
EB TPCW Broswing Mix EB #171commiting suicide!
EB TPCW Broswing Mix EB #201commiting suicide!
EB TPCW Broswing Mix EB #15717commiting suicide!
EB TPCW Broswing Mix EB #219commiting suicide!
EB TPCW Broswing Mix EB #280commiting suicide!
EB TPCW Broswing Mix EB #247commiting suicide!
EB TPCW Broswing Mix EB #15720commiting suicide!
EB TPCW Broswing Mix EB #74commiting suicide!
EB TPCW Broswing Mix EB #15808commiting suicide!
EB TPCW Broswing Mix EB #49commiting suicide!
EB TPCW Broswing Mix EB #122commiting suicide!
EB TPCW Broswing Mix EB #53commiting suicide!
EB TPCW Broswing Mix EB #253commiting suicide!
EB TPCW Broswing Mix EB #159commiting suicide!
EB TPCW Broswing Mix EB #87commiting suicide!
EB TPCW Broswing Mix EB #310commiting suicide!
EB TPCW Broswing Mix EB #164commiting suicide!
EB TPCW Broswing Mix EB #40commiting suicide!
EB TPCW Broswing Mix EB #181commiting suicide!
EB TPCW Broswing Mix EB #71commiting suicide!
EB TPCW Broswing Mix EB #258commiting suicide!
EB TPCW Broswing Mix EB #214commiting suicide!
EB TPCW Broswing Mix EB #256commiting suicide!
EB TPCW Broswing Mix EB #15489commiting suicide!
EB TPCW Broswing Mix EB #145commiting suicide!
EB TPCW Broswing Mix EB #149commiting suicide!
EB TPCW Broswing Mix EB #36commiting suicide!
EB TPCW Broswing Mix EB #15493commiting suicide!
EB TPCW Broswing Mix EB #156commiting suicide!
EB TPCW Broswing Mix EB #290commiting suicide!
EB TPCW Broswing Mix EB #65commiting suicide!
EB TPCW Broswing Mix EB #242commiting suicide!
EB TPCW Broswing Mix EB #15627commiting suicide!
EB TPCW Broswing Mix EB #15495commiting suicide!
EB TPCW Broswing Mix EB #304commiting suicide!
EB TPCW Broswing Mix EB #817commiting suicide!
EB TPCW Broswing Mix EB #278commiting suicide!
EB TPCW Broswing Mix EB #237commiting suicide!
EB TPCW Broswing Mix EB #114commiting suicide!
EB TPCW Broswing Mix EB #179commiting suicide!
EB TPCW Broswing Mix EB #238commiting suicide!
EB TPCW Broswing Mix EB #22commiting suicide!
EB TPCW Broswing Mix EB #15770commiting suicide!
EB TPCW Broswing Mix EB #189commiting suicide!
EB TPCW Broswing Mix EB #121commiting suicide!
EB TPCW Broswing Mix EB #316commiting suicide!
EB TPCW Broswing Mix EB #82commiting suicide!
EB TPCW Broswing Mix EB #1052commiting suicide!
EB TPCW Broswing Mix EB #243commiting suicide!
EB TPCW Broswing Mix EB #206commiting suicide!
EB TPCW Broswing Mix EB #210commiting suicide!
EB TPCW Broswing Mix EB #1049commiting suicide!
EB TPCW Broswing Mix EB #17commiting suicide!
EB TPCW Broswing Mix EB #126commiting suicide!
EB TPCW Broswing Mix EB #90commiting suicide!
EB TPCW Broswing Mix EB #204commiting suicide!
EB TPCW Broswing Mix EB #203commiting suicide!
EB TPCW Broswing Mix EB #1053commiting suicide!
EB TPCW Broswing Mix EB #195commiting suicide!
EB TPCW Broswing Mix EB #27commiting suicide!
EB TPCW Broswing Mix EB #46commiting suicide!
EB TPCW Broswing Mix EB #101commiting suicide!
EB TPCW Broswing Mix EB #110commiting suicide!
EB TPCW Broswing Mix EB #305commiting suicide!
EB TPCW Broswing Mix EB #15504commiting suicide!
EB TPCW Broswing Mix EB #235commiting suicide!
EB TPCW Broswing Mix EB #24commiting suicide!
EB TPCW Broswing Mix EB #177commiting suicide!
EB TPCW Broswing Mix EB #251commiting suicide!
EB TPCW Broswing Mix EB #69commiting suicide!
EB TPCW Broswing Mix EB #249commiting suicide!
EB TPCW Broswing Mix EB #76commiting suicide!
EB TPCW Broswing Mix EB #198commiting suicide!
EB TPCW Broswing Mix EB #15767commiting suicide!
EB TPCW Broswing Mix EB #208commiting suicide!
EB TPCW Broswing Mix EB #29commiting suicide!
EB TPCW Broswing Mix EB #232commiting suicide!
EB TPCW Broswing Mix EB #152commiting suicide!
EB TPCW Broswing Mix EB #227commiting suicide!
EB TPCW Broswing Mix EB #15798commiting suicide!
EB TPCW Broswing Mix EB #34commiting suicide!
EB TPCW Broswing Mix EB #154commiting suicide!
EB TPCW Broswing Mix EB #231commiting suicide!
EB TPCW Broswing Mix EB #293commiting suicide!
EB TPCW Broswing Mix EB #15181commiting suicide!
EB TPCW Broswing Mix EB #1051commiting suicide!
EB TPCW Broswing Mix EB #15619commiting suicide!
EB TPCW Broswing Mix EB #15498commiting suicide!
EB TPCW Broswing Mix EB #86commiting suicide!
EB TPCW Broswing Mix EB #15499commiting suicide!
EB TPCW Broswing Mix EB #239commiting suicide!
EB TPCW Broswing Mix EB #263commiting suicide!
EB TPCW Broswing Mix EB #284commiting suicide!
EB TPCW Broswing Mix EB #15721commiting suicide!
EB TPCW Broswing Mix EB #103commiting suicide!
EB TPCW Broswing Mix EB #240commiting suicide!
EB TPCW Broswing Mix EB #300commiting suicide!
EB TPCW Broswing Mix EB #160commiting suicide!
EB TPCW Broswing Mix EB #272commiting suicide!
EB TPCW Broswing Mix EB #35commiting suicide!
EB TPCW Broswing Mix EB #303commiting suicide!
EB TPCW Broswing Mix EB #213commiting suicide!
EB TPCW Broswing Mix EB #225commiting suicide!
EB TPCW Broswing Mix EB #298commiting suicide!
EB TPCW Broswing Mix EB #188commiting suicide!
EB TPCW Broswing Mix EB #51commiting suicide!
EB TPCW Broswing Mix EB #129commiting suicide!
EB TPCW Broswing Mix EB #216commiting suicide!
EB TPCW Broswing Mix EB #15809commiting suicide!
EB TPCW Broswing Mix EB #1047commiting suicide!
EB TPCW Broswing Mix EB #93commiting suicide!
EB TPCW Broswing Mix EB #287commiting suicide!
EB TPCW Broswing Mix EB #318commiting suicide!
EB TPCW Broswing Mix EB #133commiting suicide!
EBs finished.
Really finishing RBE!.
