rt:0.03,through:2.6,tt:0.35,num_interact:156,Intrvl:60,num_users:1,errors:0
rt:0.04,through:51.88,tt:0.34,num_interact:3113,Intrvl:60,num_users:20,errors:0
rt:0.38,through:109.27,tt:0.35,num_interact:6556,Intrvl:60,num_users:80,errors:0
rt:0.7,through:113.8,tt:0.35,num_interact:6867,Intrvl:60,num_users:120,errors:0
rt:1.31,through:107.9,tt:0.35,num_interact:6492,Intrvl:60,num_users:180,errors:0
rt:1.95,through:104.7,tt:0.35,num_interact:6304,Intrvl:60,num_users:240,errors:0
rt:2.44,through:101.68,tt:0.35,num_interact:6101,Intrvl:60,num_users:280,errors:0
rt:2.76,through:119.75,tt:0.36,num_interact:7208,Intrvl:60,num_users:310,errors:0
rt:3.15,through:120.18,tt:0.35,num_interact:7248,Intrvl:60,num_users:340,errors:0
rt:3.47,through:106.27,tt:0.34,num_interact:6376,Intrvl:60,num_users:370,errors:0
rt:3.83,through:95.13,tt:0.35,num_interact:5711,Intrvl:60,num_users:399,errors:0
rt:3.98,through:116.9,tt:0.36,num_interact:7014,Intrvl:60,num_users:412,errors:0
rt:4.04,through:96.45,tt:0.34,num_interact:5894,Intrvl:60,num_users:419,errors:0
rt:3.85,through:94.35,tt:0.35,num_interact:5992,Intrvl:60,num_users:401,errors:0
rt:3.5,through:97.52,tt:0.35,num_interact:6153,Intrvl:60,num_users:380,errors:0
rt:4.16,through:96.57,tt:0.35,num_interact:5794,Intrvl:60,num_users:430,errors:0
rt:3.88,through:97.68,tt:0.35,num_interact:5861,Intrvl:60,num_users:408,errors:0
rt:4.87,through:88.42,tt:0.36,num_interact:5389,Intrvl:60,num_users:468,errors:27
rt:3.47,through:101.73,tt:0.36,num_interact:6104,Intrvl:60,num_users:392,errors:0
rt:3.98,through:103.33,tt:0.35,num_interact:6200,Intrvl:60,num_users:425,errors:0
rt:3.81,through:96.88,tt:0.35,num_interact:6130,Intrvl:60,num_users:407,errors:0
rt:3.76,through:99.38,tt:0.35,num_interact:5963,Intrvl:60,num_users:400,errors:0
rt:3.55,through:98.85,tt:0.35,num_interact:5931,Intrvl:60,num_users:385,errors:0
rt:3.87,through:101.22,tt:0.35,num_interact:6073,Intrvl:60,num_users:413,errors:0
rt:4.22,through:99.28,tt:0.35,num_interact:6383,Intrvl:60,num_users:433,errors:0
rt:3.76,through:99.7,tt:0.34,num_interact:5982,Intrvl:60,num_users:403,errors:0
rt:3.87,through:95.95,tt:0.35,num_interact:5813,Intrvl:60,num_users:398,errors:0
rt:3.56,through:98.4,tt:0.35,num_interact:5904,Intrvl:60,num_users:392,errors:0
rt:3.97,through:98.87,tt:0.35,num_interact:5932,Intrvl:60,num_users:427,errors:0
rt:3.34,through:102.77,tt:0.35,num_interact:6166,Intrvl:60,num_users:370,errors:0
rt:3.42,through:100.75,tt:0.35,num_interact:6111,Intrvl:60,num_users:376,errors:0
rt:3.52,through:95.43,tt:0.34,num_interact:5726,Intrvl:60,num_users:365,errors:0
rt:4.05,through:92.1,tt:0.35,num_interact:5526,Intrvl:60,num_users:408,errors:0
rt:3.8,through:94.72,tt:0.35,num_interact:5713,Intrvl:60,num_users:387,errors:0
rt:4.29,through:98.27,tt:0.35,num_interact:6331,Intrvl:60,num_users:430,errors:0
rt:4.54,through:91.8,tt:0.35,num_interact:5508,Intrvl:60,num_users:454,errors:0
rt:3.57,through:100.65,tt:0.36,num_interact:6039,Intrvl:60,num_users:378,errors:0
rt:3.84,through:96,tt:0.35,num_interact:5760,Intrvl:60,num_users:409,errors:0
rt:4.24,through:104.38,tt:0.35,num_interact:6513,Intrvl:60,num_users:431,errors:0
rt:3.78,through:96.35,tt:0.34,num_interact:5811,Intrvl:60,num_users:401,errors:0
rt:3.81,through:96.18,tt:0.36,num_interact:5771,Intrvl:60,num_users:395,errors:0
rt:3.48,through:98.18,tt:0.35,num_interact:6053,Intrvl:60,num_users:376,errors:0
rt:2.81,through:103.78,tt:0.36,num_interact:6482,Intrvl:60,num_users:327,errors:0
rt:3.89,through:95.63,tt:0.35,num_interact:5906,Intrvl:60,num_users:409,errors:0
rt:3.52,through:98.5,tt:0.35,num_interact:5934,Intrvl:60,num_users:377,errors:0
rt:3.99,through:102.58,tt:0.35,num_interact:6200,Intrvl:60,num_users:414,errors:0
rt:3.72,through:94.92,tt:0.35,num_interact:5695,Intrvl:60,num_users:387,errors:0
rt:4.03,through:100.93,tt:0.35,num_interact:6105,Intrvl:60,num_users:407,errors:0
rt:4.58,through:91,tt:0.35,num_interact:5746,Intrvl:60,num_users:452,errors:0
rt:3.76,through:97.47,tt:0.35,num_interact:5848,Intrvl:60,num_users:393,errors:0
rt:3.92,through:111.15,tt:0.35,num_interact:7096,Intrvl:60,num_users:414,errors:0
rt:4.36,through:93.37,tt:0.36,num_interact:5602,Intrvl:60,num_users:434,errors:0
rt:4.81,through:83.58,tt:0.35,num_interact:5015,Intrvl:60,num_users:431,errors:0
rt:3.36,through:96.42,tt:0.35,num_interact:5960,Intrvl:60,num_users:353,errors:0
rt:2.99,through:100.08,tt:0.35,num_interact:6006,Intrvl:60,num_users:329,errors:0
rt:3.81,through:91.02,tt:0.35,num_interact:5461,Intrvl:60,num_users:390,errors:0
rt:3.93,through:95.78,tt:0.35,num_interact:5773,Intrvl:60,num_users:393,errors:0
rt:3.69,through:93.73,tt:0.35,num_interact:5624,Intrvl:60,num_users:377,errors:0
rt:3.93,through:97.95,tt:0.36,num_interact:6219,Intrvl:60,num_users:396,errors:0
rt:4.74,through:90.58,tt:0.34,num_interact:5438,Intrvl:60,num_users:469,errors:0
rt:3.93,through:94.7,tt:0.35,num_interact:5686,Intrvl:60,num_users:398,errors:0
rt:3.91,through:96.37,tt:0.35,num_interact:5782,Intrvl:60,num_users:413,errors:0
rt:4.06,through:97.23,tt:0.35,num_interact:5835,Intrvl:60,num_users:426,errors:0
rt:4.14,through:95.73,tt:0.36,num_interact:5744,Intrvl:60,num_users:429,errors:0
rt:4.23,through:91.77,tt:0.35,num_interact:5506,Intrvl:60,num_users:425,errors:0
rt:4.64,through:92.45,tt:0.35,num_interact:5547,Intrvl:60,num_users:451,errors:0
rt:4.11,through:95.18,tt:0.35,num_interact:5711,Intrvl:60,num_users:428,errors:0
rt:4.35,through:95.8,tt:0.35,num_interact:5748,Intrvl:60,num_users:436,errors:0
rt:3.86,through:96.52,tt:0.35,num_interact:5791,Intrvl:60,num_users:398,errors:0
rt:3.32,through:99.93,tt:0.34,num_interact:6271,Intrvl:60,num_users:368,errors:0
rt:3.39,through:98.8,tt:0.35,num_interact:5949,Intrvl:60,num_users:369,errors:0
rt:6.3,through:101.52,tt:0.36,num_interact:6091,Intrvl:60,num_users:615,errors:0
rt:8.18,through:76.93,tt:0.36,num_interact:4616,Intrvl:60,num_users:660,errors:0
rt:4.97,through:94.07,tt:0.35,num_interact:5728,Intrvl:60,num_users:466,errors:0
rt:6.66,through:83.07,tt:0.36,num_interact:4984,Intrvl:60,num_users:599,errors:0
rt:7.05,through:81.5,tt:0.35,num_interact:4890,Intrvl:60,num_users:605,errors:55
rt:7.3,through:76.7,tt:0.35,num_interact:4602,Intrvl:60,num_users:587,errors:0
rt:6.75,through:79.67,tt:0.35,num_interact:4820,Intrvl:60,num_users:554,errors:0
rt:7.83,through:76.57,tt:0.35,num_interact:4594,Intrvl:60,num_users:640,errors:0
rt:7.88,through:75.82,tt:0.35,num_interact:4706,Intrvl:60,num_users:626,errors:0
rt:7.9,through:78.22,tt:0.35,num_interact:4693,Intrvl:60,num_users:631,errors:0
rt:7.7,through:75.4,tt:0.34,num_interact:4524,Intrvl:60,num_users:606,errors:0
rt:7.97,through:74.07,tt:0.35,num_interact:4444,Intrvl:60,num_users:614,errors:0
rt:9.38,through:69.75,tt:0.35,num_interact:4185,Intrvl:60,num_users:672,errors:0
rt:8.75,through:69.77,tt:0.34,num_interact:4186,Intrvl:60,num_users:636,errors:0
rt:6.89,through:76.02,tt:0.36,num_interact:4569,Intrvl:60,num_users:536,errors:0
rt:6.56,through:78.98,tt:0.35,num_interact:4739,Intrvl:60,num_users:536,errors:0
rt:6.22,through:82.48,tt:0.35,num_interact:4976,Intrvl:60,num_users:551,errors:0
rt:6.73,through:78.07,tt:0.35,num_interact:4684,Intrvl:60,num_users:555,errors:0
rt:6.41,through:81.12,tt:0.35,num_interact:4867,Intrvl:60,num_users:560,errors:0
rt:7.89,through:77.35,tt:0.34,num_interact:4680,Intrvl:60,num_users:618,errors:0
rt:8.25,through:78.23,tt:0.35,num_interact:4694,Intrvl:60,num_users:632,errors:0
rt:7.37,through:78.7,tt:0.35,num_interact:4722,Intrvl:60,num_users:632,errors:0
rt:7.47,through:80.23,tt:0.35,num_interact:4814,Intrvl:60,num_users:611,errors:0
rt:6.37,through:83.1,tt:0.35,num_interact:4986,Intrvl:60,num_users:561,errors:0
rt:7.25,through:88.47,tt:0.34,num_interact:5308,Intrvl:60,num_users:629,errors:0
rt:6.87,through:80.58,tt:0.35,num_interact:4835,Intrvl:60,num_users:583,errors:0
rt:7.71,through:73.95,tt:0.35,num_interact:4466,Intrvl:60,num_users:586,errors:0
rt:7.31,through:81.4,tt:0.35,num_interact:4893,Intrvl:60,num_users:629,errors:0
rt:7.08,through:80.53,tt:0.35,num_interact:4832,Intrvl:60,num_users:610,errors:0
rt:7.8,through:80.23,tt:0.36,num_interact:4814,Intrvl:60,num_users:633,errors:0
rt:8.38,through:78,tt:0.36,num_interact:4680,Intrvl:60,num_users:643,errors:0
rt:7.11,through:80.85,tt:0.34,num_interact:4851,Intrvl:60,num_users:620,errors:0
rt:6.71,through:84.48,tt:0.35,num_interact:5069,Intrvl:60,num_users:583,errors:0
rt:6.91,through:85.22,tt:0.35,num_interact:5129,Intrvl:60,num_users:603,errors:0
rt:5.99,through:82.23,tt:0.35,num_interact:4935,Intrvl:60,num_users:508,errors:0
rt:6.57,through:81.37,tt:0.35,num_interact:4884,Intrvl:60,num_users:570,errors:0
rt:8.87,through:87.58,tt:0.35,num_interact:5255,Intrvl:60,num_users:725,errors:0
rt:7.34,through:80.65,tt:0.35,num_interact:4839,Intrvl:60,num_users:627,errors:0
rt:8.61,through:74.45,tt:0.35,num_interact:4467,Intrvl:60,num_users:668,errors:0
rt:6.98,through:81.67,tt:0.35,num_interact:4900,Intrvl:60,num_users:580,errors:0
rt:5.89,through:85.75,tt:0.35,num_interact:5145,Intrvl:60,num_users:534,errors:0
rt:6.82,through:92.12,tt:0.35,num_interact:5527,Intrvl:60,num_users:594,errors:0
rt:7.49,through:106.03,tt:0.35,num_interact:6539,Intrvl:60,num_users:619,errors:0
rt:7.69,through:77.95,tt:0.35,num_interact:4677,Intrvl:60,num_users:608,errors:0
rt:7.66,through:77.27,tt:0.35,num_interact:4636,Intrvl:60,num_users:616,errors:0
rt:4.88,through:90.82,tt:0.36,num_interact:5449,Intrvl:60,num_users:452,errors:0
rt:9.07,through:69.55,tt:0.36,num_interact:4173,Intrvl:60,num_users:652,errors:0
rt:8.79,through:71.95,tt:0.34,num_interact:4412,Intrvl:60,num_users:655,errors:0
rt:7.52,through:78.43,tt:0.35,num_interact:4706,Intrvl:60,num_users:617,errors:0
rt:7.84,through:82.75,tt:0.35,num_interact:5049,Intrvl:60,num_users:645,errors:0
rt:8.9,through:78.38,tt:0.35,num_interact:4868,Intrvl:60,num_users:711,errors:0
rt:9.14,through:73.6,tt:0.35,num_interact:4416,Intrvl:60,num_users:706,errors:0
rt:8.37,through:75.83,tt:0.35,num_interact:4587,Intrvl:60,num_users:637,errors:0
rt:9.34,through:73.92,tt:0.35,num_interact:4435,Intrvl:60,num_users:734,errors:0
rt:8.76,through:75.15,tt:0.35,num_interact:4509,Intrvl:60,num_users:676,errors:0
rt:8.49,through:76.33,tt:0.35,num_interact:4580,Intrvl:60,num_users:670,errors:0
rt:5.99,through:82.12,tt:0.35,num_interact:4927,Intrvl:60,num_users:535,errors:0
rt:6.23,through:83.18,tt:0.35,num_interact:4991,Intrvl:60,num_users:539,errors:0
rt:4.91,through:90.43,tt:0.35,num_interact:5426,Intrvl:60,num_users:458,errors:0
rt:5.74,through:94.92,tt:0.35,num_interact:5695,Intrvl:60,num_users:525,errors:0
rt:8.71,through:83.13,tt:0.35,num_interact:4988,Intrvl:60,num_users:734,errors:0
rt:8.7,through:76.68,tt:0.35,num_interact:4711,Intrvl:60,num_users:679,errors:0
rt:7.72,through:78.1,tt:0.35,num_interact:4686,Intrvl:60,num_users:630,errors:0
rt:9.24,through:76.45,tt:0.36,num_interact:4595,Intrvl:60,num_users:745,errors:0
rt:7.8,through:74.78,tt:0.35,num_interact:5002,Intrvl:60,num_users:608,errors:0
rt:9.05,through:91.5,tt:0.35,num_interact:5490,Intrvl:60,num_users:702,errors:0
rt:9.48,through:76.68,tt:0.34,num_interact:4977,Intrvl:60,num_users:710,errors:0
rt:10.12,through:72.72,tt:0.35,num_interact:4363,Intrvl:60,num_users:761,errors:7
rt:8.59,through:70.28,tt:0.35,num_interact:4217,Intrvl:60,num_users:679,errors:0
rt:8.69,through:74.97,tt:0.36,num_interact:4498,Intrvl:60,num_users:664,errors:0
rt:9.46,through:73.37,tt:0.35,num_interact:4455,Intrvl:60,num_users:722,errors:0
rt:8.87,through:69.43,tt:0.35,num_interact:4166,Intrvl:60,num_users:671,errors:0
rt:9.08,through:83.58,tt:0.35,num_interact:5015,Intrvl:60,num_users:703,errors:0
rt:8.67,through:76.98,tt:0.35,num_interact:4619,Intrvl:60,num_users:686,errors:0
rt:8.66,through:75.28,tt:0.35,num_interact:4517,Intrvl:60,num_users:692,errors:0
rt:9.56,through:70.42,tt:0.35,num_interact:4225,Intrvl:60,num_users:682,errors:0
rt:9.04,through:78.13,tt:0.36,num_interact:4688,Intrvl:60,num_users:710,errors:0
rt:8.07,through:76.8,tt:0.35,num_interact:4608,Intrvl:60,num_users:653,errors:0
rt:8.54,through:77.58,tt:0.35,num_interact:4655,Intrvl:60,num_users:679,errors:0
rt:7.44,through:78.58,tt:0.34,num_interact:4716,Intrvl:60,num_users:625,errors:0
rt:9.17,through:80.4,tt:0.35,num_interact:4824,Intrvl:60,num_users:702,errors:0
rt:9.25,through:72.25,tt:0.35,num_interact:4570,Intrvl:60,num_users:689,errors:0
rt:10.17,through:73.52,tt:0.35,num_interact:4446,Intrvl:60,num_users:784,errors:0
rt:10.35,through:71.75,tt:0.35,num_interact:4305,Intrvl:60,num_users:760,errors:0
rt:9.21,through:74.3,tt:0.34,num_interact:4458,Intrvl:60,num_users:717,errors:0
rt:8.81,through:76.38,tt:0.35,num_interact:4583,Intrvl:60,num_users:680,errors:0
rt:7.98,through:78.33,tt:0.35,num_interact:5190,Intrvl:60,num_users:643,errors:0
rt:10.67,through:88.48,tt:0.36,num_interact:5309,Intrvl:60,num_users:716,errors:0
rt:14.34,through:45.6,tt:0.36,num_interact:2736,Intrvl:60,num_users:773,errors:0
rt:10.36,through:74.93,tt:0.35,num_interact:4963,Intrvl:60,num_users:708,errors:0
rt:9.57,through:75.15,tt:0.35,num_interact:4509,Intrvl:60,num_users:737,errors:0
rt:9.42,through:74.05,tt:0.35,num_interact:4558,Intrvl:60,num_users:720,errors:0
rt:10.88,through:71.45,tt:0.35,num_interact:4287,Intrvl:60,num_users:789,errors:0
rt:8.89,through:76.95,tt:0.35,num_interact:4751,Intrvl:60,num_users:683,errors:0
rt:8.72,through:78.78,tt:0.35,num_interact:4727,Intrvl:60,num_users:685,errors:0
rt:9.12,through:79.42,tt:0.36,num_interact:4765,Intrvl:60,num_users:708,errors:0
rt:9.64,through:81.52,tt:0.34,num_interact:5001,Intrvl:60,num_users:719,errors:0
rt:9.71,through:70.27,tt:0.35,num_interact:4216,Intrvl:60,num_users:714,errors:0
rt:10.71,through:105.07,tt:0.35,num_interact:6409,Intrvl:60,num_users:758,errors:0
rt:10.56,through:68.57,tt:0.35,num_interact:4114,Intrvl:60,num_users:760,errors:0
rt:9.82,through:73.77,tt:0.34,num_interact:4451,Intrvl:60,num_users:737,errors:0
rt:11.24,through:71.3,tt:0.36,num_interact:4397,Intrvl:60,num_users:828,errors:0
rt:11.07,through:65.92,tt:0.35,num_interact:4059,Intrvl:60,num_users:730,errors:0
rt:9.73,through:72.53,tt:0.34,num_interact:4352,Intrvl:60,num_users:744,errors:0
rt:10.73,through:77.27,tt:0.36,num_interact:4672,Intrvl:60,num_users:779,errors:0
rt:8.95,through:75.2,tt:0.35,num_interact:4512,Intrvl:60,num_users:684,errors:0
rt:8.39,through:76.05,tt:0.35,num_interact:4563,Intrvl:60,num_users:663,errors:0
rt:9.77,through:72.28,tt:0.35,num_interact:4337,Intrvl:60,num_users:764,errors:0
rt:9.17,through:73.62,tt:0.35,num_interact:4417,Intrvl:60,num_users:695,errors:0
rt:8.53,through:77.07,tt:0.35,num_interact:4653,Intrvl:60,num_users:656,errors:0
rt:8,through:74,tt:0.35,num_interact:4522,Intrvl:60,num_users:640,errors:0
rt:9.23,through:82.35,tt:0.36,num_interact:4941,Intrvl:60,num_users:699,errors:0
rt:8.57,through:69.92,tt:0.35,num_interact:4197,Intrvl:60,num_users:723,errors:0
rt:10.82,through:84.6,tt:0.34,num_interact:5188,Intrvl:60,num_users:744,errors:0
rt:10.58,through:73.75,tt:0.35,num_interact:4425,Intrvl:60,num_users:783,errors:0
rt:9.75,through:69,tt:0.34,num_interact:4140,Intrvl:60,num_users:693,errors:0
rt:8.53,through:76.13,tt:0.35,num_interact:4568,Intrvl:60,num_users:652,errors:0
rt:9.35,through:73.03,tt:0.36,num_interact:4382,Intrvl:60,num_users:703,errors:0
rt:9.31,through:73.77,tt:0.35,num_interact:4523,Intrvl:60,num_users:705,errors:0
rt:7.28,through:80.28,tt:0.35,num_interact:4817,Intrvl:60,num_users:603,errors:0
rt:9.75,through:74.25,tt:0.36,num_interact:4520,Intrvl:60,num_users:765,errors:0
rt:9.17,through:75.22,tt:0.36,num_interact:4513,Intrvl:60,num_users:692,errors:0
rt:8.17,through:76.02,tt:0.35,num_interact:4561,Intrvl:60,num_users:647,errors:0
rt:8.12,through:77.85,tt:0.35,num_interact:4671,Intrvl:60,num_users:661,errors:0
rt:8.93,through:74.85,tt:0.35,num_interact:4491,Intrvl:60,num_users:679,errors:0
rt:9.11,through:72.9,tt:0.35,num_interact:4374,Intrvl:60,num_users:685,errors:0
rt:9.68,through:77.85,tt:0.35,num_interact:4759,Intrvl:60,num_users:736,errors:0
rt:9.96,through:66.3,tt:0.34,num_interact:3980,Intrvl:60,num_users:676,errors:0
rt:9.26,through:73.3,tt:0.35,num_interact:4484,Intrvl:60,num_users:711,errors:0
rt:8.1,through:75.67,tt:0.35,num_interact:4823,Intrvl:60,num_users:625,errors:0
rt:7.78,through:77.6,tt:0.36,num_interact:4657,Intrvl:60,num_users:631,errors:0
rt:8.53,through:79.33,tt:0.34,num_interact:4760,Intrvl:60,num_users:686,errors:0
rt:8.19,through:73.12,tt:0.35,num_interact:4387,Intrvl:60,num_users:645,errors:2
rt:9.52,through:76.43,tt:0.36,num_interact:4586,Intrvl:60,num_users:702,errors:0
rt:9.12,through:71.43,tt:0.35,num_interact:4286,Intrvl:60,num_users:678,errors:0
rt:8.26,through:77.43,tt:0.36,num_interact:4651,Intrvl:60,num_users:671,errors:0
rt:8.32,through:77.35,tt:0.35,num_interact:4641,Intrvl:60,num_users:662,errors:0
rt:9.03,through:74.18,tt:0.35,num_interact:4748,Intrvl:60,num_users:708,errors:0
rt:9.77,through:74.85,tt:0.34,num_interact:4504,Intrvl:60,num_users:736,errors:0
rt:10.03,through:76.42,tt:0.35,num_interact:4636,Intrvl:60,num_users:759,errors:0
rt:12.55,through:56.12,tt:0.35,num_interact:3401,Intrvl:60,num_users:714,errors:0
rt:9.47,through:65.72,tt:0.35,num_interact:3943,Intrvl:60,num_users:666,errors:0
rt:10.12,through:71.88,tt:0.35,num_interact:4313,Intrvl:60,num_users:743,errors:0
rt:11.11,through:85.75,tt:0.35,num_interact:5145,Intrvl:60,num_users:803,errors:0
rt:10,through:73.2,tt:0.36,num_interact:4394,Intrvl:60,num_users:747,errors:0
rt:9.69,through:71.88,tt:0.35,num_interact:4313,Intrvl:60,num_users:728,errors:0
rt:11.15,through:52.75,tt:0.35,num_interact:3165,Intrvl:60,num_users:724,errors:0
rt:10.68,through:73.6,tt:0.36,num_interact:4708,Intrvl:60,num_users:708,errors:0
rt:8.53,through:77.62,tt:0.35,num_interact:4657,Intrvl:60,num_users:666,errors:0
rt:9.46,through:71.98,tt:0.35,num_interact:4319,Intrvl:60,num_users:729,errors:0
rt:8.78,through:75.83,tt:0.35,num_interact:4550,Intrvl:60,num_users:671,errors:0
rt:8.19,through:77.6,tt:0.34,num_interact:4678,Intrvl:60,num_users:654,errors:0
rt:7.68,through:79.37,tt:0.34,num_interact:4762,Intrvl:60,num_users:632,errors:0
rt:7.71,through:75.3,tt:0.36,num_interact:4518,Intrvl:60,num_users:638,errors:0
rt:9.11,through:95.62,tt:0.34,num_interact:5775,Intrvl:60,num_users:706,errors:0
rt:9.61,through:82.42,tt:0.35,num_interact:4948,Intrvl:60,num_users:739,errors:0
rt:9.38,through:77.85,tt:0.35,num_interact:4672,Intrvl:60,num_users:707,errors:0
rt:9.56,through:76.85,tt:0.36,num_interact:4614,Intrvl:60,num_users:723,errors:0
rt:9.25,through:73.6,tt:0.35,num_interact:4638,Intrvl:60,num_users:722,errors:0
rt:10.01,through:77.95,tt:0.35,num_interact:4713,Intrvl:60,num_users:741,errors:0
rt:10.86,through:71.47,tt:0.35,num_interact:4321,Intrvl:60,num_users:799,errors:45
rt:10.47,through:71.92,tt:0.34,num_interact:4315,Intrvl:60,num_users:773,errors:5
rt:10.57,through:69.6,tt:0.35,num_interact:4176,Intrvl:60,num_users:769,errors:0
rt:9.59,through:72.63,tt:0.35,num_interact:4358,Intrvl:60,num_users:701,errors:0
rt:9.08,through:73.45,tt:0.33,num_interact:4499,Intrvl:60,num_users:695,errors:0
rt:9.69,through:76.75,tt:0.36,num_interact:4605,Intrvl:60,num_users:762,errors:0
rt:9.52,through:75.45,tt:0.34,num_interact:4527,Intrvl:60,num_users:730,errors:0
rt:8.18,through:78.62,tt:0.36,num_interact:4717,Intrvl:60,num_users:665,errors:0
rt:9.47,through:72.17,tt:0.34,num_interact:4434,Intrvl:60,num_users:709,errors:0
rt:8.32,through:78.98,tt:0.34,num_interact:4739,Intrvl:60,num_users:666,errors:0
rt:9.37,through:73.85,tt:0.36,num_interact:4431,Intrvl:60,num_users:733,errors:0
rt:9.84,through:71.37,tt:0.34,num_interact:4331,Intrvl:60,num_users:738,errors:0
rt:9.13,through:74.55,tt:0.34,num_interact:4473,Intrvl:60,num_users:699,errors:0
rt:9.04,through:73.4,tt:0.35,num_interact:4404,Intrvl:60,num_users:701,errors:0
rt:8.22,through:75.85,tt:0.34,num_interact:4551,Intrvl:60,num_users:644,errors:0
rt:9.31,through:74.32,tt:0.35,num_interact:4629,Intrvl:60,num_users:666,errors:0
rt:9.1,through:73.32,tt:0.35,num_interact:4547,Intrvl:60,num_users:719,errors:0
rt:9.91,through:78.3,tt:0.34,num_interact:4700,Intrvl:60,num_users:739,errors:0
rt:9.5,through:73.08,tt:0.35,num_interact:4645,Intrvl:60,num_users:729,errors:0
rt:10.37,through:71.83,tt:0.34,num_interact:4310,Intrvl:60,num_users:760,errors:0
rt:8.6,through:76.43,tt:0.35,num_interact:4589,Intrvl:60,num_users:592,errors:0
rt:7.23,through:77.2,tt:0.35,num_interact:4793,Intrvl:60,num_users:596,errors:0
rt:10.17,through:69.32,tt:0.36,num_interact:4159,Intrvl:60,num_users:734,errors:0
rt:10.43,through:76.78,tt:0.35,num_interact:4607,Intrvl:60,num_users:765,errors:0
rt:10.96,through:68.42,tt:0.35,num_interact:4345,Intrvl:60,num_users:792,errors:0
rt:10.07,through:72.17,tt:0.35,num_interact:4330,Intrvl:60,num_users:723,errors:0
rt:9.33,through:73.5,tt:0.36,num_interact:4629,Intrvl:60,num_users:720,errors:0
rt:9.64,through:79.3,tt:0.35,num_interact:4878,Intrvl:60,num_users:744,errors:0
rt:10.33,through:70.33,tt:0.34,num_interact:4220,Intrvl:60,num_users:756,errors:0
rt:9.87,through:70.55,tt:0.34,num_interact:4368,Intrvl:60,num_users:715,errors:0
rt:9.01,through:74.67,tt:0.34,num_interact:4667,Intrvl:60,num_users:690,errors:0
rt:8.66,through:73.28,tt:0.34,num_interact:4397,Intrvl:60,num_users:678,errors:0
rt:7.56,through:78.68,tt:0.35,num_interact:5033,Intrvl:60,num_users:612,errors:0
rt:9.1,through:74.97,tt:0.36,num_interact:4498,Intrvl:60,num_users:688,errors:0
rt:8.91,through:75.18,tt:0.35,num_interact:4511,Intrvl:60,num_users:701,errors:0
rt:10.36,through:76.28,tt:0.35,num_interact:4577,Intrvl:60,num_users:751,errors:0
rt:9.39,through:67.5,tt:0.35,num_interact:4050,Intrvl:60,num_users:704,errors:0
rt:11.32,through:70.42,tt:0.35,num_interact:4225,Intrvl:60,num_users:780,errors:0
rt:8.97,through:73.25,tt:0.35,num_interact:4395,Intrvl:60,num_users:654,errors:0
rt:10.64,through:66.73,tt:0.35,num_interact:4047,Intrvl:60,num_users:725,errors:0
rt:9.82,through:74.95,tt:0.35,num_interact:4572,Intrvl:60,num_users:738,errors:0
rt:9.67,through:70.4,tt:0.35,num_interact:4224,Intrvl:60,num_users:729,errors:215
rt:10.35,through:78.28,tt:0.35,num_interact:4697,Intrvl:60,num_users:767,errors:0
rt:9.62,through:73.05,tt:0.35,num_interact:4383,Intrvl:60,num_users:724,errors:0
rt:11.01,through:69.27,tt:0.34,num_interact:4189,Intrvl:60,num_users:784,errors:0
rt:11.29,through:66.82,tt:0.35,num_interact:4009,Intrvl:60,num_users:751,errors:0
rt:10.48,through:71.6,tt:0.35,num_interact:4296,Intrvl:60,num_users:779,errors:0
rt:11.37,through:73.08,tt:0.35,num_interact:4449,Intrvl:60,num_users:799,errors:0
rt:11,through:71.13,tt:0.35,num_interact:4268,Intrvl:60,num_users:780,errors:0
rt:9.75,through:74.03,tt:0.35,num_interact:4442,Intrvl:60,num_users:750,errors:0
rt:11.15,through:66.85,tt:0.35,num_interact:4011,Intrvl:60,num_users:799,errors:0
rt:9.86,through:80.02,tt:0.35,num_interact:4801,Intrvl:60,num_users:716,errors:0
rt:10.32,through:74.3,tt:0.36,num_interact:4458,Intrvl:60,num_users:769,errors:0
rt:9.68,through:74.25,tt:0.36,num_interact:4455,Intrvl:60,num_users:738,errors:0
rt:8.75,through:74.15,tt:0.35,num_interact:4449,Intrvl:60,num_users:656,errors:0
rt:8.99,through:75.82,tt:0.35,num_interact:4961,Intrvl:60,num_users:707,errors:0
rt:8.56,through:76.02,tt:0.34,num_interact:4561,Intrvl:60,num_users:683,errors:0
rt:11.4,through:70.93,tt:0.36,num_interact:4256,Intrvl:60,num_users:821,errors:0
rt:11.83,through:70.08,tt:0.35,num_interact:4205,Intrvl:60,num_users:830,errors:0
rt:9.92,through:70.52,tt:0.35,num_interact:4231,Intrvl:60,num_users:731,errors:0
rt:10.16,through:75.45,tt:0.35,num_interact:4527,Intrvl:60,num_users:749,errors:0
rt:10.18,through:71.83,tt:0.36,num_interact:4327,Intrvl:60,num_users:753,errors:0
rt:10.62,through:66.78,tt:0.35,num_interact:4007,Intrvl:60,num_users:758,errors:0
rt:10.72,through:72.35,tt:0.35,num_interact:4341,Intrvl:60,num_users:764,errors:0
rt:10.82,through:71.75,tt:0.34,num_interact:4352,Intrvl:60,num_users:798,errors:0
rt:9.62,through:69.27,tt:0.35,num_interact:4156,Intrvl:60,num_users:668,errors:0
rt:10.09,through:78.28,tt:0.36,num_interact:4804,Intrvl:60,num_users:769,errors:0
rt:11.2,through:78.42,tt:0.35,num_interact:4705,Intrvl:60,num_users:819,errors:0
rt:11.75,through:64.83,tt:0.34,num_interact:3890,Intrvl:60,num_users:776,errors:0
rt:11.5,through:72.42,tt:0.36,num_interact:4345,Intrvl:60,num_users:825,errors:0
rt:11.23,through:68.33,tt:0.35,num_interact:4100,Intrvl:60,num_users:795,errors:0
rt:10.13,through:73.32,tt:0.35,num_interact:4410,Intrvl:60,num_users:757,errors:0
rt:12.73,through:61.37,tt:0.36,num_interact:3682,Intrvl:60,num_users:788,errors:0
rt:11.98,through:71.98,tt:0.34,num_interact:4319,Intrvl:60,num_users:854,errors:0
rt:9.53,through:71.27,tt:0.35,num_interact:4276,Intrvl:60,num_users:689,errors:0
rt:11.01,through:72.95,tt:0.36,num_interact:4564,Intrvl:60,num_users:775,errors:0
rt:8.99,through:73.53,tt:0.34,num_interact:4412,Intrvl:60,num_users:693,errors:0
rt:8.92,through:71.73,tt:0.35,num_interact:4304,Intrvl:60,num_users:669,errors:0
rt:9.94,through:68.63,tt:0.36,num_interact:4118,Intrvl:60,num_users:702,errors:0
rt:10.15,through:75.12,tt:0.35,num_interact:4514,Intrvl:60,num_users:769,errors:0
rt:9.78,through:68.15,tt:0.35,num_interact:4089,Intrvl:60,num_users:724,errors:0
rt:10.32,through:76.05,tt:0.36,num_interact:4563,Intrvl:60,num_users:743,errors:0
rt:12.22,through:67.45,tt:0.36,num_interact:4069,Intrvl:60,num_users:834,errors:0
rt:10.46,through:72.77,tt:0.36,num_interact:4434,Intrvl:60,num_users:768,errors:0
rt:11.65,through:69.78,tt:0.36,num_interact:4187,Intrvl:60,num_users:842,errors:0
rt:11.42,through:69.27,tt:0.35,num_interact:4163,Intrvl:60,num_users:789,errors:0
rt:11.87,through:67.8,tt:0.35,num_interact:4068,Intrvl:60,num_users:846,errors:0
rt:11.55,through:67.3,tt:0.34,num_interact:4078,Intrvl:60,num_users:801,errors:0
rt:11.61,through:80.8,tt:0.35,num_interact:4848,Intrvl:60,num_users:818,errors:0
rt:11.2,through:69.72,tt:0.36,num_interact:4183,Intrvl:60,num_users:811,errors:0
rt:10.78,through:69.92,tt:0.35,num_interact:4216,Intrvl:60,num_users:764,errors:0
rt:9.86,through:72.87,tt:0.35,num_interact:4372,Intrvl:60,num_users:733,errors:0
rt:10.26,through:70.55,tt:0.35,num_interact:4269,Intrvl:60,num_users:759,errors:0
rt:9.3,through:74.15,tt:0.35,num_interact:4449,Intrvl:60,num_users:697,errors:0
rt:10.37,through:69.52,tt:0.35,num_interact:4221,Intrvl:60,num_users:779,errors:0
rt:12.34,through:58.93,tt:0.36,num_interact:3829,Intrvl:60,num_users:756,errors:0
rt:9.71,through:72.57,tt:0.35,num_interact:4354,Intrvl:60,num_users:730,errors:0
rt:9.97,through:77.53,tt:0.35,num_interact:4652,Intrvl:60,num_users:765,errors:0
rt:10.25,through:71.73,tt:0.36,num_interact:4304,Intrvl:60,num_users:746,errors:0
rt:12.16,through:72.23,tt:0.35,num_interact:4334,Intrvl:60,num_users:888,errors:0
rt:11.64,through:68.08,tt:0.35,num_interact:4085,Intrvl:60,num_users:801,errors:0
rt:10.86,through:72.77,tt:0.35,num_interact:4411,Intrvl:60,num_users:772,errors:0
rt:11.67,through:73.12,tt:0.36,num_interact:4387,Intrvl:60,num_users:831,errors:0
rt:11.52,through:68.9,tt:0.34,num_interact:4134,Intrvl:60,num_users:818,errors:0
rt:12.42,through:65.13,tt:0.36,num_interact:3971,Intrvl:60,num_users:836,errors:0
rt:24.12,through:23.22,tt:0.38,num_interact:1682,Intrvl:60,num_users:811,errors:0
rt:14.93,through:66.57,tt:0.34,num_interact:3994,Intrvl:60,num_users:760,errors:0
rt:10.42,through:70.13,tt:0.35,num_interact:4557,Intrvl:60,num_users:763,errors:0
rt:11.15,through:71.25,tt:0.35,num_interact:4275,Intrvl:60,num_users:792,errors:0
rt:11.05,through:70.02,tt:0.35,num_interact:4201,Intrvl:60,num_users:795,errors:0
rt:11.4,through:68.18,tt:0.35,num_interact:4091,Intrvl:60,num_users:844,errors:0
rt:10.97,through:69.43,tt:0.34,num_interact:4166,Intrvl:60,num_users:770,errors:0
rt:10.31,through:70.58,tt:0.35,num_interact:4235,Intrvl:60,num_users:743,errors:0
rt:11.78,through:75.63,tt:0.36,num_interact:4538,Intrvl:60,num_users:855,errors:0
rt:10.36,through:68.65,tt:0.36,num_interact:4119,Intrvl:60,num_users:706,errors:0
rt:10.2,through:74.97,tt:0.35,num_interact:4569,Intrvl:60,num_users:779,errors:0
rt:11.93,through:68.05,tt:0.35,num_interact:4083,Intrvl:60,num_users:848,errors:0
rt:12.39,through:74.42,tt:0.35,num_interact:4465,Intrvl:60,num_users:871,errors:0
rt:13.72,through:69.43,tt:0.35,num_interact:4167,Intrvl:60,num_users:906,errors:0
rt:12.54,through:72.8,tt:0.35,num_interact:4368,Intrvl:60,num_users:847,errors:0
rt:11.91,through:68.63,tt:0.36,num_interact:4118,Intrvl:60,num_users:835,errors:0
rt:12.16,through:68.58,tt:0.34,num_interact:4115,Intrvl:60,num_users:841,errors:0
rt:12.77,through:64.47,tt:0.35,num_interact:3868,Intrvl:60,num_users:875,errors:0
rt:11.65,through:70.07,tt:0.35,num_interact:4204,Intrvl:60,num_users:786,errors:0
rt:11.82,through:68.2,tt:0.35,num_interact:4092,Intrvl:60,num_users:843,errors:0
rt:10.7,through:70.17,tt:0.35,num_interact:4210,Intrvl:60,num_users:765,errors:0
rt:12.89,through:64.75,tt:0.35,num_interact:3885,Intrvl:60,num_users:873,errors:0
rt:11.81,through:68.53,tt:0.34,num_interact:4112,Intrvl:60,num_users:817,errors:0
rt:11.39,through:69.4,tt:0.34,num_interact:4255,Intrvl:60,num_users:817,errors:0
rt:11.77,through:72.42,tt:0.35,num_interact:4345,Intrvl:60,num_users:837,errors:0
rt:10.66,through:71.88,tt:0.35,num_interact:4313,Intrvl:60,num_users:766,errors:0
rt:11.12,through:76.4,tt:0.35,num_interact:4586,Intrvl:60,num_users:821,errors:0
rt:11.43,through:68.07,tt:0.36,num_interact:4272,Intrvl:60,num_users:807,errors:0
rt:11.54,through:72.2,tt:0.35,num_interact:4462,Intrvl:60,num_users:812,errors:0
rt:12.39,through:68.48,tt:0.35,num_interact:4109,Intrvl:60,num_users:868,errors:0
rt:11.28,through:70.13,tt:0.36,num_interact:4208,Intrvl:60,num_users:783,errors:0
rt:9.13,through:71.4,tt:0.36,num_interact:5398,Intrvl:60,num_users:673,errors:0
rt:9.99,through:86.25,tt:0.35,num_interact:5175,Intrvl:60,num_users:695,errors:0
rt:11.31,through:71.87,tt:0.36,num_interact:4312,Intrvl:60,num_users:820,errors:0
rt:9.55,through:73.52,tt:0.35,num_interact:4411,Intrvl:60,num_users:711,errors:0
rt:10.09,through:71.38,tt:0.35,num_interact:4283,Intrvl:60,num_users:754,errors:0
rt:10.8,through:67.57,tt:0.35,num_interact:4115,Intrvl:60,num_users:755,errors:0
rt:10.19,through:72.47,tt:0.36,num_interact:4665,Intrvl:60,num_users:741,errors:0
rt:11.02,through:68.98,tt:0.34,num_interact:4200,Intrvl:60,num_users:789,errors:0
rt:9.83,through:73.15,tt:0.34,num_interact:4389,Intrvl:60,num_users:736,errors:0
rt:9.76,through:72.85,tt:0.36,num_interact:4371,Intrvl:60,num_users:740,errors:0
rt:11.2,through:71.72,tt:0.35,num_interact:4303,Intrvl:60,num_users:809,errors:0
rt:10.22,through:70.48,tt:0.36,num_interact:4229,Intrvl:60,num_users:728,errors:0
rt:9.09,through:74.32,tt:0.35,num_interact:4820,Intrvl:60,num_users:683,errors:0
rt:9.98,through:73.83,tt:0.35,num_interact:4432,Intrvl:60,num_users:764,errors:0
rt:10.67,through:67.47,tt:0.35,num_interact:4048,Intrvl:60,num_users:741,errors:0
rt:9.47,through:72.77,tt:0.35,num_interact:4495,Intrvl:60,num_users:706,errors:0
rt:11.27,through:67.72,tt:0.35,num_interact:4063,Intrvl:60,num_users:811,errors:0
rt:10.22,through:70.97,tt:0.34,num_interact:4260,Intrvl:60,num_users:737,errors:0
rt:8.72,through:71.92,tt:0.35,num_interact:4317,Intrvl:60,num_users:676,errors:0
rt:9.94,through:75.88,tt:0.34,num_interact:4553,Intrvl:60,num_users:734,errors:0
rt:9.12,through:75.1,tt:0.35,num_interact:4506,Intrvl:60,num_users:698,errors:0
rt:10.15,through:70.87,tt:0.36,num_interact:4511,Intrvl:60,num_users:755,errors:0
rt:9.77,through:71.2,tt:0.34,num_interact:4272,Intrvl:60,num_users:741,errors:0
rt:9.91,through:71.02,tt:0.35,num_interact:4392,Intrvl:60,num_users:715,errors:0
rt:10.91,through:71.92,tt:0.36,num_interact:4315,Intrvl:60,num_users:807,errors:0
rt:12.16,through:67.53,tt:0.35,num_interact:4052,Intrvl:60,num_users:815,errors:0
rt:10.69,through:70.28,tt:0.35,num_interact:4336,Intrvl:60,num_users:767,errors:0
rt:11.73,through:64.73,tt:0.36,num_interact:3884,Intrvl:60,num_users:794,errors:0
rt:11.04,through:68.8,tt:0.36,num_interact:4137,Intrvl:60,num_users:774,errors:0
rt:9.13,through:73.4,tt:0.34,num_interact:4404,Intrvl:60,num_users:685,errors:0
rt:9.52,through:79.12,tt:0.36,num_interact:4747,Intrvl:60,num_users:721,errors:0
rt:11.02,through:69.78,tt:0.35,num_interact:4489,Intrvl:60,num_users:810,errors:0
rt:11.77,through:71.6,tt:0.35,num_interact:4296,Intrvl:60,num_users:820,errors:0
rt:10.24,through:68.45,tt:0.36,num_interact:4107,Intrvl:60,num_users:707,errors:0
rt:9.87,through:71.03,tt:0.36,num_interact:4262,Intrvl:60,num_users:754,errors:0
rt:10.44,through:70.5,tt:0.36,num_interact:4230,Intrvl:60,num_users:757,errors:0
rt:9.53,through:72.53,tt:0.35,num_interact:4644,Intrvl:60,num_users:708,errors:0
rt:9.81,through:73.92,tt:0.35,num_interact:4560,Intrvl:60,num_users:738,errors:0
rt:10.29,through:76.93,tt:0.35,num_interact:4616,Intrvl:60,num_users:755,errors:0
rt:9.87,through:72.82,tt:0.35,num_interact:4371,Intrvl:60,num_users:727,errors:0
rt:9.14,through:72.6,tt:0.34,num_interact:4356,Intrvl:60,num_users:707,errors:0
rt:9.14,through:72.75,tt:0.35,num_interact:4589,Intrvl:60,num_users:696,errors:0
rt:11.31,through:93.68,tt:0.35,num_interact:5621,Intrvl:60,num_users:767,errors:0
rt:9.66,through:70.65,tt:0.35,num_interact:4239,Intrvl:60,num_users:706,errors:0
rt:9.23,through:71.68,tt:0.35,num_interact:4822,Intrvl:60,num_users:696,errors:0
rt:9.76,through:72.77,tt:0.34,num_interact:4366,Intrvl:60,num_users:698,errors:0
rt:8.95,through:72.65,tt:0.35,num_interact:4359,Intrvl:60,num_users:681,errors:0
rt:10.6,through:72.87,tt:0.35,num_interact:4372,Intrvl:60,num_users:744,errors:0
rt:9.47,through:71.42,tt:0.34,num_interact:4384,Intrvl:60,num_users:711,errors:0
rt:10.51,through:66.13,tt:0.36,num_interact:3990,Intrvl:60,num_users:754,errors:0
rt:11.47,through:61.42,tt:0.35,num_interact:3685,Intrvl:60,num_users:688,errors:0
rt:9.29,through:78.35,tt:0.35,num_interact:4848,Intrvl:60,num_users:708,errors:0
rt:10.72,through:68.25,tt:0.35,num_interact:4505,Intrvl:60,num_users:715,errors:0
rt:10.29,through:70.3,tt:0.35,num_interact:4433,Intrvl:60,num_users:718,errors:0
rt:9.85,through:72.45,tt:0.35,num_interact:4347,Intrvl:60,num_users:724,errors:0
rt:8.73,through:68.02,tt:0.35,num_interact:4081,Intrvl:60,num_users:663,errors:0
rt:9.31,through:73.38,tt:0.35,num_interact:4403,Intrvl:60,num_users:669,errors:0
rt:8.75,through:74.9,tt:0.35,num_interact:4494,Intrvl:60,num_users:669,errors:0
rt:9.29,through:72.65,tt:0.36,num_interact:4359,Intrvl:60,num_users:707,errors:0
rt:9.74,through:71.3,tt:0.34,num_interact:4278,Intrvl:60,num_users:713,errors:0
rt:10.2,through:70.2,tt:0.34,num_interact:4212,Intrvl:60,num_users:750,errors:0
rt:9.49,through:71.9,tt:0.34,num_interact:4314,Intrvl:60,num_users:691,errors:0
rt:9.87,through:76.78,tt:0.35,num_interact:4609,Intrvl:60,num_users:760,errors:0
rt:9.71,through:72.8,tt:0.35,num_interact:4368,Intrvl:60,num_users:737,errors:0
rt:10.12,through:70.57,tt:0.35,num_interact:4364,Intrvl:60,num_users:732,errors:0
rt:9.76,through:69.83,tt:0.35,num_interact:4190,Intrvl:60,num_users:705,errors:0
rt:7.57,through:78.95,tt:0.34,num_interact:4830,Intrvl:60,num_users:591,errors:0
rt:8.55,through:79.83,tt:0.35,num_interact:4790,Intrvl:60,num_users:673,errors:0
rt:7.76,through:76.37,tt:0.34,num_interact:4582,Intrvl:60,num_users:629,errors:0
rt:8.71,through:73.05,tt:0.35,num_interact:4410,Intrvl:60,num_users:658,errors:0
rt:10.15,through:78.43,tt:0.36,num_interact:4971,Intrvl:60,num_users:765,errors:0
rt:9.12,through:73.55,tt:0.35,num_interact:4470,Intrvl:60,num_users:692,errors:0
rt:8.52,through:73.7,tt:0.35,num_interact:4422,Intrvl:60,num_users:636,errors:0
rt:8.62,through:74.17,tt:0.35,num_interact:4522,Intrvl:60,num_users:684,errors:0
rt:8.26,through:72.57,tt:0.36,num_interact:4354,Intrvl:60,num_users:641,errors:0
rt:9.29,through:81.32,tt:0.35,num_interact:4879,Intrvl:60,num_users:689,errors:0
rt:10.67,through:69.78,tt:0.35,num_interact:4187,Intrvl:60,num_users:758,errors:0
rt:11.03,through:72.75,tt:0.36,num_interact:4366,Intrvl:60,num_users:798,errors:0
rt:10.23,through:70.3,tt:0.34,num_interact:4218,Intrvl:60,num_users:755,errors:1
rt:10.56,through:70.28,tt:0.35,num_interact:4217,Intrvl:60,num_users:760,errors:0
rt:9.38,through:74.02,tt:0.36,num_interact:4441,Intrvl:60,num_users:703,errors:0
rt:9.35,through:80.38,tt:0.35,num_interact:5028,Intrvl:60,num_users:732,errors:0
rt:11.01,through:70.22,tt:0.35,num_interact:4213,Intrvl:60,num_users:789,errors:0
rt:10.78,through:64.93,tt:0.35,num_interact:4038,Intrvl:60,num_users:726,errors:0
rt:9.57,through:70.6,tt:0.36,num_interact:4236,Intrvl:60,num_users:690,errors:0
rt:9.07,through:74.72,tt:0.34,num_interact:4483,Intrvl:60,num_users:665,errors:0
rt:8.26,through:75.47,tt:0.35,num_interact:4549,Intrvl:60,num_users:669,errors:0
rt:9.29,through:77.37,tt:0.34,num_interact:4642,Intrvl:60,num_users:706,errors:0
rt:9.87,through:77.43,tt:0.34,num_interact:4674,Intrvl:60,num_users:731,errors:0
rt:8.71,through:72.68,tt:0.36,num_interact:4563,Intrvl:60,num_users:651,errors:0
rt:8.39,through:75.18,tt:0.34,num_interact:4745,Intrvl:60,num_users:651,errors:0
rt:9.52,through:65.02,tt:0.36,num_interact:3940,Intrvl:60,num_users:650,errors:0
rt:9.92,through:75.05,tt:0.36,num_interact:4503,Intrvl:60,num_users:757,errors:0
rt:9.69,through:72.37,tt:0.35,num_interact:4411,Intrvl:60,num_users:712,errors:0
rt:9.52,through:63.85,tt:0.36,num_interact:3841,Intrvl:60,num_users:692,errors:0
rt:10.88,through:81.57,tt:0.35,num_interact:4894,Intrvl:60,num_users:752,errors:0
rt:9.63,through:71.68,tt:0.35,num_interact:4441,Intrvl:60,num_users:721,errors:0
rt:13.06,through:53.98,tt:0.36,num_interact:3239,Intrvl:60,num_users:733,errors:0
rt:7.96,through:76.53,tt:0.35,num_interact:4592,Intrvl:60,num_users:624,errors:0
rt:9.9,through:67.8,tt:0.36,num_interact:4068,Intrvl:60,num_users:764,errors:0
rt:10.3,through:71.47,tt:0.36,num_interact:4296,Intrvl:60,num_users:715,errors:0
rt:10.23,through:70.12,tt:0.36,num_interact:4207,Intrvl:60,num_users:750,errors:0
rt:10.28,through:69.63,tt:0.35,num_interact:4178,Intrvl:60,num_users:698,errors:0
rt:8.43,through:75.4,tt:0.34,num_interact:4524,Intrvl:60,num_users:660,errors:0
rt:10.15,through:75.45,tt:0.35,num_interact:4803,Intrvl:60,num_users:774,errors:0
rt:11.44,through:71.4,tt:0.34,num_interact:4284,Intrvl:60,num_users:806,errors:0
rt:10.83,through:69.47,tt:0.35,num_interact:4168,Intrvl:60,num_users:775,errors:0
rt:9.71,through:72.72,tt:0.35,num_interact:4363,Intrvl:60,num_users:726,errors:0
rt:10.14,through:70.22,tt:0.35,num_interact:4213,Intrvl:60,num_users:763,errors:0
rt:9.56,through:73.82,tt:0.35,num_interact:4433,Intrvl:60,num_users:689,errors:0
rt:10.59,through:69.5,tt:0.36,num_interact:4660,Intrvl:60,num_users:777,errors:0
rt:12.96,through:61.88,tt:0.34,num_interact:3850,Intrvl:60,num_users:709,errors:0
rt:9.65,through:75.53,tt:0.36,num_interact:4532,Intrvl:60,num_users:712,errors:0
rt:8.9,through:75.15,tt:0.35,num_interact:4509,Intrvl:60,num_users:695,errors:0
rt:9.58,through:73.82,tt:0.35,num_interact:4494,Intrvl:60,num_users:721,errors:0
rt:9.88,through:71.08,tt:0.35,num_interact:4623,Intrvl:60,num_users:720,errors:0
rt:9.12,through:72.4,tt:0.36,num_interact:4610,Intrvl:60,num_users:701,errors:0
rt:10.6,through:58.88,tt:0.35,num_interact:4154,Intrvl:60,num_users:682,errors:0
rt:8.55,through:75.87,tt:0.35,num_interact:5079,Intrvl:60,num_users:629,errors:0
rt:9.32,through:67.85,tt:0.35,num_interact:4251,Intrvl:60,num_users:674,errors:0
rt:8.6,through:69.42,tt:0.35,num_interact:4165,Intrvl:60,num_users:666,errors:0
rt:9.35,through:90.92,tt:0.35,num_interact:5455,Intrvl:60,num_users:683,errors:0
rt:9.33,through:70.8,tt:0.35,num_interact:4249,Intrvl:60,num_users:693,errors:0
rt:8.38,through:76.45,tt:0.35,num_interact:4587,Intrvl:60,num_users:643,errors:0
rt:7.84,through:73.67,tt:0.35,num_interact:4422,Intrvl:60,num_users:597,errors:0
rt:8.62,through:75.95,tt:0.35,num_interact:4557,Intrvl:60,num_users:651,errors:0
rt:9.5,through:71.72,tt:0.35,num_interact:4303,Intrvl:60,num_users:736,errors:0
rt:10.46,through:74.52,tt:0.35,num_interact:4471,Intrvl:60,num_users:765,errors:0
rt:10.73,through:69.08,tt:0.36,num_interact:4145,Intrvl:60,num_users:771,errors:0
rt:9.89,through:72.72,tt:0.35,num_interact:4363,Intrvl:60,num_users:731,errors:0
rt:9.04,through:71.72,tt:0.35,num_interact:4303,Intrvl:60,num_users:676,errors:0
rt:8.66,through:73.52,tt:0.36,num_interact:4411,Intrvl:60,num_users:644,errors:0
rt:8.21,through:72.03,tt:0.35,num_interact:4322,Intrvl:60,num_users:624,errors:0
rt:8.26,through:85.33,tt:0.35,num_interact:5158,Intrvl:60,num_users:644,errors:0
rt:8.1,through:76.43,tt:0.35,num_interact:4618,Intrvl:60,num_users:632,errors:0
rt:8.52,through:71.77,tt:0.36,num_interact:4306,Intrvl:60,num_users:644,errors:0
rt:8.52,through:72.73,tt:0.35,num_interact:4364,Intrvl:60,num_users:673,errors:0
rt:8.32,through:76.95,tt:0.34,num_interact:4617,Intrvl:60,num_users:643,errors:0
rt:10.26,through:73.52,tt:0.35,num_interact:4502,Intrvl:60,num_users:761,errors:0
rt:8.3,through:74.43,tt:0.34,num_interact:4548,Intrvl:60,num_users:643,errors:0
rt:7.92,through:74.78,tt:0.34,num_interact:4487,Intrvl:60,num_users:610,errors:0
rt:8.96,through:72.43,tt:0.35,num_interact:4346,Intrvl:60,num_users:698,errors:0
rt:8.55,through:74.9,tt:0.34,num_interact:4494,Intrvl:60,num_users:671,errors:0
rt:9.87,through:72.2,tt:0.35,num_interact:4332,Intrvl:60,num_users:705,errors:0
rt:8.03,through:76.07,tt:0.36,num_interact:4564,Intrvl:60,num_users:629,errors:44
rt:8.91,through:78.65,tt:0.35,num_interact:4719,Intrvl:60,num_users:685,errors:0
rt:10.45,through:75.02,tt:0.35,num_interact:4501,Intrvl:60,num_users:779,errors:0
rt:8.47,through:75.5,tt:0.35,num_interact:4530,Intrvl:60,num_users:653,errors:0
rt:8.81,through:75.33,tt:0.36,num_interact:4520,Intrvl:60,num_users:686,errors:0
rt:9.99,through:75.23,tt:0.36,num_interact:4514,Intrvl:60,num_users:748,errors:0
rt:9.02,through:74.08,tt:0.35,num_interact:4445,Intrvl:60,num_users:691,errors:0
rt:8.97,through:77.68,tt:0.34,num_interact:4661,Intrvl:60,num_users:697,errors:0
rt:10.29,through:70.83,tt:0.36,num_interact:4254,Intrvl:60,num_users:755,errors:0
rt:9.68,through:76.3,tt:0.35,num_interact:4613,Intrvl:60,num_users:717,errors:0
rt:8.25,through:74.2,tt:0.35,num_interact:4452,Intrvl:60,num_users:660,errors:0
rt:10.16,through:73.17,tt:0.35,num_interact:4390,Intrvl:60,num_users:770,errors:0
rt:9.99,through:70.37,tt:0.34,num_interact:4288,Intrvl:60,num_users:697,errors:0
rt:10.1,through:71.22,tt:0.35,num_interact:4273,Intrvl:60,num_users:746,errors:0
rt:8.17,through:75.23,tt:0.35,num_interact:4514,Intrvl:60,num_users:616,errors:0
rt:9.34,through:69.82,tt:0.35,num_interact:4438,Intrvl:60,num_users:675,errors:0
rt:10.05,through:80.92,tt:0.34,num_interact:4873,Intrvl:60,num_users:739,errors:0
rt:10.52,through:70.2,tt:0.36,num_interact:4346,Intrvl:60,num_users:768,errors:0
rt:10.33,through:65.57,tt:0.36,num_interact:3941,Intrvl:60,num_users:680,errors:0
rt:9.78,through:70.33,tt:0.36,num_interact:4220,Intrvl:60,num_users:745,errors:0
rt:9.94,through:71.38,tt:0.35,num_interact:4337,Intrvl:60,num_users:721,errors:0
rt:11.26,through:66.95,tt:0.36,num_interact:4150,Intrvl:60,num_users:807,errors:0
rt:10.22,through:70.37,tt:0.35,num_interact:4222,Intrvl:60,num_users:730,errors:0
rt:10.39,through:76.83,tt:0.35,num_interact:4612,Intrvl:60,num_users:769,errors:0
rt:10.88,through:69.78,tt:0.35,num_interact:4187,Intrvl:60,num_users:777,errors:0
rt:9.88,through:68.13,tt:0.35,num_interact:4237,Intrvl:60,num_users:695,errors:0
rt:9.37,through:76.48,tt:0.34,num_interact:4589,Intrvl:60,num_users:715,errors:0
rt:11.11,through:67.92,tt:0.35,num_interact:4412,Intrvl:60,num_users:789,errors:0
rt:11.26,through:70.27,tt:0.35,num_interact:4218,Intrvl:60,num_users:801,errors:0
rt:13.29,through:60.28,tt:0.34,num_interact:3877,Intrvl:60,num_users:812,errors:0
rt:12.28,through:68.57,tt:0.35,num_interact:4114,Intrvl:60,num_users:820,errors:0
rt:11.75,through:67.97,tt:0.35,num_interact:4176,Intrvl:60,num_users:822,errors:0
rt:10.77,through:71.87,tt:0.35,num_interact:4346,Intrvl:60,num_users:752,errors:0
rt:10.94,through:69.5,tt:0.36,num_interact:4170,Intrvl:60,num_users:782,errors:0
rt:10.08,through:69.27,tt:0.35,num_interact:4156,Intrvl:60,num_users:731,errors:0
rt:8.86,through:75.07,tt:0.35,num_interact:4504,Intrvl:60,num_users:668,errors:0
rt:8.87,through:74.03,tt:0.35,num_interact:4465,Intrvl:60,num_users:686,errors:0
rt:9.05,through:71.92,tt:0.35,num_interact:4525,Intrvl:60,num_users:673,errors:0
rt:7.96,through:72.18,tt:0.35,num_interact:4446,Intrvl:60,num_users:601,errors:0
rt:8.7,through:79.52,tt:0.35,num_interact:4771,Intrvl:60,num_users:679,errors:0
rt:9.29,through:72.07,tt:0.35,num_interact:4554,Intrvl:60,num_users:698,errors:0
rt:9.05,through:73.38,tt:0.37,num_interact:4583,Intrvl:60,num_users:702,errors:0
rt:8.78,through:75.8,tt:0.35,num_interact:4631,Intrvl:60,num_users:676,errors:0
rt:9.46,through:72.85,tt:0.35,num_interact:4546,Intrvl:60,num_users:708,errors:0
rt:9.16,through:71.8,tt:0.36,num_interact:4421,Intrvl:60,num_users:697,errors:0
rt:8.91,through:73.4,tt:0.35,num_interact:4404,Intrvl:60,num_users:679,errors:0
rt:9.3,through:72.2,tt:0.35,num_interact:4542,Intrvl:60,num_users:697,errors:0
rt:9.42,through:67.28,tt:0.35,num_interact:4062,Intrvl:60,num_users:669,errors:0
rt:9.88,through:78.43,tt:0.35,num_interact:4706,Intrvl:60,num_users:735,errors:0
rt:9.99,through:70.33,tt:0.34,num_interact:4233,Intrvl:60,num_users:725,errors:0
rt:10.34,through:67.3,tt:0.34,num_interact:4038,Intrvl:60,num_users:731,errors:0
rt:9.2,through:73.8,tt:0.35,num_interact:4522,Intrvl:60,num_users:696,errors:50
rt:8.09,through:77.02,tt:0.35,num_interact:4621,Intrvl:60,num_users:637,errors:0
rt:8.74,through:77.12,tt:0.36,num_interact:4672,Intrvl:60,num_users:702,errors:0
rt:8.21,through:75.83,tt:0.35,num_interact:4613,Intrvl:60,num_users:648,errors:0
rt:9.36,through:66.57,tt:0.35,num_interact:3994,Intrvl:60,num_users:651,errors:0
rt:8.97,through:72.52,tt:0.35,num_interact:4351,Intrvl:60,num_users:638,errors:0
rt:9.7,through:71.52,tt:0.35,num_interact:4291,Intrvl:60,num_users:757,errors:0
rt:8.07,through:75.75,tt:0.35,num_interact:4545,Intrvl:60,num_users:607,errors:0
rt:7.52,through:76.68,tt:0.35,num_interact:4601,Intrvl:60,num_users:604,errors:0
rt:8.13,through:76.02,tt:0.36,num_interact:4776,Intrvl:60,num_users:650,errors:0
rt:8.33,through:78.78,tt:0.34,num_interact:4727,Intrvl:60,num_users:654,errors:0
rt:8.83,through:71.58,tt:0.36,num_interact:4379,Intrvl:60,num_users:661,errors:0
rt:9.24,through:73.95,tt:0.34,num_interact:4437,Intrvl:60,num_users:704,errors:0
rt:7.28,through:77.02,tt:0.35,num_interact:4652,Intrvl:60,num_users:575,errors:0
rt:7.72,through:76.52,tt:0.35,num_interact:4776,Intrvl:60,num_users:612,errors:0
rt:7.85,through:74.78,tt:0.35,num_interact:4487,Intrvl:60,num_users:613,errors:0
rt:8.51,through:74.03,tt:0.36,num_interact:4773,Intrvl:60,num_users:628,errors:0
rt:7.97,through:74.23,tt:0.34,num_interact:4454,Intrvl:60,num_users:624,errors:0
rt:7.8,through:75.95,tt:0.35,num_interact:4557,Intrvl:60,num_users:606,errors:0
rt:7.45,through:77.53,tt:0.35,num_interact:4652,Intrvl:60,num_users:604,errors:0
rt:7.46,through:73.37,tt:0.34,num_interact:4402,Intrvl:60,num_users:601,errors:0
rt:7.96,through:72.58,tt:0.35,num_interact:4355,Intrvl:60,num_users:599,errors:0
rt:9.24,through:61.7,tt:0.35,num_interact:3702,Intrvl:60,num_users:649,errors:0
rt:10.62,through:77.98,tt:0.34,num_interact:4679,Intrvl:60,num_users:741,errors:0
rt:8.37,through:70.05,tt:0.35,num_interact:4203,Intrvl:60,num_users:626,errors:0
rt:6.98,through:80.07,tt:0.35,num_interact:4804,Intrvl:60,num_users:562,errors:0
rt:7.38,through:79.88,tt:0.35,num_interact:4793,Intrvl:60,num_users:582,errors:0
rt:8.14,through:81.2,tt:0.34,num_interact:5032,Intrvl:60,num_users:637,errors:0
rt:8.1,through:70.45,tt:0.36,num_interact:4227,Intrvl:60,num_users:636,errors:0
rt:9.33,through:80.2,tt:0.35,num_interact:4864,Intrvl:60,num_users:690,errors:0
rt:7.8,through:76.07,tt:0.35,num_interact:4564,Intrvl:60,num_users:616,errors:0
rt:7.73,through:77.05,tt:0.35,num_interact:4834,Intrvl:60,num_users:634,errors:0
rt:9.03,through:94.8,tt:0.36,num_interact:5688,Intrvl:60,num_users:680,errors:0
rt:8.88,through:73.17,tt:0.34,num_interact:4390,Intrvl:60,num_users:672,errors:0
rt:8.64,through:75.55,tt:0.33,num_interact:4554,Intrvl:60,num_users:676,errors:0
rt:8.3,through:68.52,tt:0.35,num_interact:4111,Intrvl:60,num_users:622,errors:0
rt:8.53,through:73.23,tt:0.34,num_interact:4432,Intrvl:60,num_users:615,errors:0
rt:7.29,through:72.28,tt:0.35,num_interact:4337,Intrvl:60,num_users:567,errors:0
rt:7.62,through:75.52,tt:0.36,num_interact:4531,Intrvl:60,num_users:584,errors:0
rt:7.2,through:85.93,tt:0.35,num_interact:5156,Intrvl:60,num_users:597,errors:0
rt:6.8,through:78.1,tt:0.35,num_interact:4923,Intrvl:60,num_users:560,errors:0
rt:6.97,through:85.82,tt:0.34,num_interact:5150,Intrvl:60,num_users:581,errors:123
rt:7.42,through:81.13,tt:0.35,num_interact:4868,Intrvl:60,num_users:601,errors:0
rt:6.73,through:80.32,tt:0.36,num_interact:4961,Intrvl:60,num_users:581,errors:0
rt:7.9,through:81.05,tt:0.36,num_interact:5126,Intrvl:60,num_users:638,errors:0
rt:9.4,through:71.52,tt:0.35,num_interact:4293,Intrvl:60,num_users:710,errors:0
rt:9.77,through:75.42,tt:0.35,num_interact:4715,Intrvl:60,num_users:725,errors:0
rt:10.84,through:64.13,tt:0.34,num_interact:3853,Intrvl:60,num_users:702,errors:0
rt:9.92,through:72.07,tt:0.36,num_interact:4324,Intrvl:60,num_users:735,errors:0
rt:8.87,through:76.1,tt:0.34,num_interact:4580,Intrvl:60,num_users:668,errors:0
rt:7.33,through:77.13,tt:0.35,num_interact:4628,Intrvl:60,num_users:591,errors:0
rt:7.76,through:77.65,tt:0.35,num_interact:4662,Intrvl:60,num_users:630,errors:0
rt:7.46,through:75.62,tt:0.35,num_interact:4538,Intrvl:60,num_users:598,errors:0
rt:7.71,through:82.75,tt:0.35,num_interact:5125,Intrvl:60,num_users:622,errors:0
rt:8.71,through:74.85,tt:0.36,num_interact:4828,Intrvl:60,num_users:677,errors:0
rt:9.74,through:71.28,tt:0.35,num_interact:4303,Intrvl:60,num_users:687,errors:0
rt:7.95,through:76.28,tt:0.35,num_interact:4579,Intrvl:60,num_users:624,errors:0
rt:8.3,through:71.08,tt:0.35,num_interact:4360,Intrvl:60,num_users:625,errors:0
rt:8.25,through:73.55,tt:0.35,num_interact:4413,Intrvl:60,num_users:623,errors:0
rt:7.93,through:76.38,tt:0.35,num_interact:4583,Intrvl:60,num_users:626,errors:0
rt:8.47,through:73.9,tt:0.34,num_interact:4465,Intrvl:60,num_users:633,errors:0
rt:7.61,through:76.28,tt:0.35,num_interact:4577,Intrvl:60,num_users:605,errors:0
rt:8.59,through:77.5,tt:0.35,num_interact:4723,Intrvl:60,num_users:693,errors:0
rt:8.41,through:76.1,tt:0.34,num_interact:4566,Intrvl:60,num_users:644,errors:0
rt:8.02,through:70.98,tt:0.35,num_interact:4259,Intrvl:60,num_users:628,errors:0
rt:8.72,through:75.17,tt:0.35,num_interact:4510,Intrvl:60,num_users:638,errors:0
rt:8.18,through:75.03,tt:0.34,num_interact:4943,Intrvl:60,num_users:648,errors:0
rt:7.6,through:77.58,tt:0.35,num_interact:4655,Intrvl:60,num_users:589,errors:0
rt:8.8,through:73.58,tt:0.34,num_interact:4842,Intrvl:60,num_users:662,errors:0
rt:7.69,through:72.6,tt:0.35,num_interact:4883,Intrvl:60,num_users:566,errors:0
rt:7.54,through:71.12,tt:0.35,num_interact:4946,Intrvl:60,num_users:582,errors:0
rt:8.18,through:75.88,tt:0.35,num_interact:4796,Intrvl:60,num_users:628,errors:0
rt:7.97,through:76.5,tt:0.35,num_interact:4625,Intrvl:60,num_users:632,errors:0
rt:7.25,through:76.77,tt:0.35,num_interact:4606,Intrvl:60,num_users:572,errors:0
rt:8.39,through:77.43,tt:0.35,num_interact:4646,Intrvl:60,num_users:622,errors:0
rt:8.29,through:71.62,tt:0.36,num_interact:4297,Intrvl:60,num_users:619,errors:0
rt:8.4,through:75.53,tt:0.34,num_interact:4532,Intrvl:60,num_users:653,errors:0
rt:8.5,through:71.72,tt:0.35,num_interact:4325,Intrvl:60,num_users:638,errors:0
rt:7.72,through:75.92,tt:0.35,num_interact:4667,Intrvl:60,num_users:618,errors:0
rt:8.51,through:79.53,tt:0.35,num_interact:4772,Intrvl:60,num_users:655,errors:0
rt:7.37,through:77.25,tt:0.35,num_interact:4635,Intrvl:60,num_users:598,errors:0
rt:7.36,through:74.33,tt:0.35,num_interact:4462,Intrvl:60,num_users:594,errors:0
rt:8.55,through:97.82,tt:0.35,num_interact:5869,Intrvl:60,num_users:658,errors:0
rt:7.11,through:78.37,tt:0.35,num_interact:4702,Intrvl:60,num_users:582,errors:0
rt:8.72,through:77.53,tt:0.35,num_interact:4652,Intrvl:60,num_users:693,errors:0
rt:9.57,through:81.12,tt:0.35,num_interact:4867,Intrvl:60,num_users:716,errors:0
rt:7.68,through:78.75,tt:0.35,num_interact:4725,Intrvl:60,num_users:596,errors:0
rt:9.01,through:102.88,tt:0.35,num_interact:6173,Intrvl:60,num_users:653,errors:17
rt:10.21,through:65.35,tt:0.36,num_interact:3921,Intrvl:60,num_users:664,errors:0
rt:7.93,through:71.45,tt:0.36,num_interact:4287,Intrvl:60,num_users:586,errors:0
rt:8.56,through:70.5,tt:0.36,num_interact:4230,Intrvl:60,num_users:614,errors:0
rt:8.34,through:77.45,tt:0.36,num_interact:4647,Intrvl:60,num_users:631,errors:0
rt:7.99,through:73.72,tt:0.36,num_interact:4423,Intrvl:60,num_users:608,errors:0
rt:7.41,through:77.15,tt:0.36,num_interact:4646,Intrvl:60,num_users:593,errors:0
rt:8.58,through:73.32,tt:0.35,num_interact:4591,Intrvl:60,num_users:644,errors:0
rt:7.8,through:74.58,tt:0.35,num_interact:4475,Intrvl:60,num_users:607,errors:0
rt:7.21,through:79.13,tt:0.34,num_interact:4748,Intrvl:60,num_users:596,errors:0
rt:7.66,through:76.32,tt:0.35,num_interact:4579,Intrvl:60,num_users:603,errors:0
rt:6.99,through:74.8,tt:0.34,num_interact:4488,Intrvl:60,num_users:543,errors:0
rt:7.8,through:74.98,tt:0.35,num_interact:4499,Intrvl:60,num_users:631,errors:0
rt:7.32,through:78.5,tt:0.34,num_interact:4710,Intrvl:60,num_users:598,errors:0
rt:7.18,through:74.87,tt:0.35,num_interact:4629,Intrvl:60,num_users:555,errors:0
rt:7.03,through:78.43,tt:0.36,num_interact:4706,Intrvl:60,num_users:560,errors:0
rt:7.46,through:76.25,tt:0.35,num_interact:4575,Intrvl:60,num_users:605,errors:0
rt:7.32,through:77.58,tt:0.34,num_interact:4655,Intrvl:60,num_users:578,errors:0
rt:8.11,through:67.45,tt:0.36,num_interact:4987,Intrvl:60,num_users:616,errors:0
rt:9.03,through:87.05,tt:0.35,num_interact:5226,Intrvl:60,num_users:635,errors:0
rt:8.27,through:73.22,tt:0.35,num_interact:4398,Intrvl:60,num_users:636,errors:0
rt:8.24,through:72.18,tt:0.35,num_interact:4816,Intrvl:60,num_users:648,errors:0
rt:4.81,through:87.95,tt:0.35,num_interact:5523,Intrvl:60,num_users:418,errors:0
rt:4.35,through:88.15,tt:0.35,num_interact:5871,Intrvl:60,num_users:417,errors:0
rt:4.34,through:90.2,tt:0.35,num_interact:5726,Intrvl:60,num_users:422,errors:0
rt:4.35,through:90,tt:0.36,num_interact:5400,Intrvl:60,num_users:419,errors:0
rt:3.86,through:92.8,tt:0.35,num_interact:5713,Intrvl:60,num_users:380,errors:0
rt:3.9,through:97.93,tt:0.34,num_interact:6164,Intrvl:60,num_users:386,errors:0
rt:3.62,through:93,tt:0.35,num_interact:5645,Intrvl:60,num_users:368,errors:0
rt:4.14,through:97.87,tt:0.35,num_interact:6054,Intrvl:60,num_users:404,errors:0
rt:3.51,through:95.37,tt:0.36,num_interact:5722,Intrvl:60,num_users:363,errors:0
rt:3.75,through:97.2,tt:0.35,num_interact:6020,Intrvl:60,num_users:376,errors:0
rt:3.49,through:93.8,tt:0.35,num_interact:5948,Intrvl:60,num_users:360,errors:0
rt:3.82,through:99.58,tt:0.35,num_interact:6273,Intrvl:60,num_users:381,errors:0
rt:4.07,through:99.53,tt:0.35,num_interact:6443,Intrvl:60,num_users:394,errors:0
rt:4.05,through:88.32,tt:0.35,num_interact:5299,Intrvl:60,num_users:390,errors:0
rt:3.4,through:93.7,tt:0.35,num_interact:5625,Intrvl:60,num_users:343,errors:0
rt:4.12,through:86.38,tt:0.35,num_interact:5183,Intrvl:60,num_users:395,errors:0
rt:4.02,through:88.17,tt:0.35,num_interact:5639,Intrvl:60,num_users:388,errors:0
rt:3.99,through:89,tt:0.35,num_interact:5521,Intrvl:60,num_users:389,errors:0
rt:4.48,through:96.7,tt:0.35,num_interact:5842,Intrvl:60,num_users:424,errors:59
rt:4.27,through:88.23,tt:0.35,num_interact:5294,Intrvl:60,num_users:411,errors:0
rt:3.48,through:95.15,tt:0.35,num_interact:5709,Intrvl:60,num_users:352,errors:0
rt:3.86,through:89.7,tt:0.35,num_interact:5391,Intrvl:60,num_users:376,errors:0
rt:4.22,through:89,tt:0.35,num_interact:5431,Intrvl:60,num_users:403,errors:0
rt:3.93,through:90.85,tt:0.34,num_interact:5451,Intrvl:60,num_users:381,errors:0
rt:4.07,through:89.48,tt:0.34,num_interact:5627,Intrvl:60,num_users:403,errors:0
rt:4.03,through:91.13,tt:0.35,num_interact:5470,Intrvl:60,num_users:390,errors:0
rt:3.72,through:91.53,tt:0.35,num_interact:5932,Intrvl:60,num_users:378,errors:0
rt:3.34,through:94.22,tt:0.35,num_interact:5653,Intrvl:60,num_users:345,errors:0
rt:3.4,through:92,tt:0.34,num_interact:5520,Intrvl:60,num_users:342,errors:0
rt:4.32,through:85.78,tt:0.35,num_interact:5147,Intrvl:60,num_users:409,errors:0
rt:4.72,through:129.52,tt:0.35,num_interact:7876,Intrvl:60,num_users:456,errors:0
rt:3.57,through:90.22,tt:0.35,num_interact:5413,Intrvl:60,num_users:362,errors:0
rt:4.22,through:98.15,tt:0.35,num_interact:5889,Intrvl:60,num_users:408,errors:0
rt:3.81,through:88.95,tt:0.35,num_interact:5337,Intrvl:60,num_users:368,errors:0
rt:4.65,through:86.38,tt:0.35,num_interact:5183,Intrvl:60,num_users:435,errors:0
rt:4.2,through:88.72,tt:0.35,num_interact:5323,Intrvl:60,num_users:397,errors:0
rt:3.99,through:88.88,tt:0.35,num_interact:5403,Intrvl:60,num_users:385,errors:0
rt:3.35,through:92.97,tt:0.36,num_interact:5723,Intrvl:60,num_users:343,errors:0
rt:4.25,through:103.67,tt:0.35,num_interact:6220,Intrvl:60,num_users:415,errors:0
rt:4.39,through:93.05,tt:0.35,num_interact:5717,Intrvl:60,num_users:423,errors:0
rt:4.06,through:90.4,tt:0.35,num_interact:5555,Intrvl:60,num_users:394,errors:0
rt:3.58,through:91.68,tt:0.35,num_interact:6058,Intrvl:60,num_users:363,errors:0
rt:3.29,through:95.95,tt:0.35,num_interact:5757,Intrvl:60,num_users:343,errors:0
rt:3.45,through:97.18,tt:0.35,num_interact:5831,Intrvl:60,num_users:361,errors:0
rt:3.95,through:90.37,tt:0.35,num_interact:5422,Intrvl:60,num_users:394,errors:0
rt:5.2,through:88.48,tt:0.35,num_interact:5309,Intrvl:60,num_users:474,errors:0
rt:4.33,through:89.42,tt:0.35,num_interact:5382,Intrvl:60,num_users:407,errors:0
rt:3.5,through:93.43,tt:0.35,num_interact:5606,Intrvl:60,num_users:362,errors:0
rt:4.16,through:97.15,tt:0.35,num_interact:5829,Intrvl:60,num_users:416,errors:0
rt:4.31,through:88.53,tt:0.35,num_interact:5575,Intrvl:60,num_users:415,errors:0
rt:4.19,through:90.38,tt:0.35,num_interact:5423,Intrvl:60,num_users:401,errors:0
rt:4.64,through:90.98,tt:0.36,num_interact:5844,Intrvl:60,num_users:443,errors:0
rt:3.66,through:93.23,tt:0.36,num_interact:5594,Intrvl:60,num_users:371,errors:0
rt:4.1,through:107.62,tt:0.35,num_interact:6457,Intrvl:60,num_users:407,errors:0
rt:3.91,through:92.13,tt:0.35,num_interact:5528,Intrvl:60,num_users:387,errors:0
rt:4.1,through:91.87,tt:0.36,num_interact:5512,Intrvl:60,num_users:403,errors:0
rt:3.83,through:91.2,tt:0.34,num_interact:5472,Intrvl:60,num_users:380,errors:0
rt:4.23,through:88,tt:0.35,num_interact:5615,Intrvl:60,num_users:408,errors:0
rt:4.01,through:91.18,tt:0.34,num_interact:5471,Intrvl:60,num_users:392,errors:60
rt:4.26,through:89.5,tt:0.35,num_interact:5370,Intrvl:60,num_users:408,errors:0
