Remote Browser Emulator for TPC-W.
  ECE 902  Fall '99
  Version 1.5
System's current path is /root/loadtest
rt:0.12,through:2.33,tt:0.31,num_interact:35,Intrvl:15,num_users:1,errors:0
rt:1.27,through:11.67,tt:0.35,num_interact:175,Intrvl:15,num_users:20,errors:0
rt:5.28,through:10.87,tt:0.4,num_interact:163,Intrvl:15,num_users:80,errors:0
rt:7.08,through:12.67,tt:0.36,num_interact:190,Intrvl:15,num_users:120,errors:0
rt:9.44,through:13.13,tt:0.4,num_interact:197,Intrvl:15,num_users:180,errors:0
rt:13.76,through:12.67,tt:0.42,num_interact:191,Intrvl:15,num_users:240,errors:0
rt:17.02,through:13.13,tt:0.39,num_interact:197,Intrvl:15,num_users:280,errors:0
rt:19.25,through:12.73,tt:0.35,num_interact:191,Intrvl:15,num_users:310,errors:0
rt:22.72,through:12.87,tt:0.38,num_interact:193,Intrvl:15,num_users:340,errors:0
rt:25.47,through:12.67,tt:0.39,num_interact:190,Intrvl:15,num_users:370,errors:0
rt:26.89,through:13,tt:0.34,num_interact:195,Intrvl:15,num_users:399,errors:0
rt:28.02,through:12.73,tt:0.4,num_interact:191,Intrvl:15,num_users:412,errors:0
rt:30.35,through:13,tt:0.35,num_interact:195,Intrvl:15,num_users:419,errors:0
rt:32.61,through:12.47,tt:0.41,num_interact:187,Intrvl:15,num_users:401,errors:0
rt:31.27,through:11.6,tt:0.36,num_interact:174,Intrvl:15,num_users:380,errors:0
rt:30.1,through:12.47,tt:0.35,num_interact:187,Intrvl:15,num_users:430,errors:0
rt:31.79,through:12.2,tt:0.37,num_interact:183,Intrvl:15,num_users:408,errors:0
rt:33.18,through:12.13,tt:0.38,num_interact:182,Intrvl:15,num_users:468,errors:0
rt:32.79,through:11.73,tt:0.37,num_interact:176,Intrvl:15,num_users:392,errors:0
rt:34.53,through:9.8,tt:0.31,num_interact:147,Intrvl:15,num_users:425,errors:0
rt:36.07,through:11.87,tt:0.4,num_interact:178,Intrvl:15,num_users:407,errors:0
rt:36.08,through:11.27,tt:0.41,num_interact:169,Intrvl:15,num_users:400,errors:0
rt:33.18,through:12.27,tt:0.35,num_interact:184,Intrvl:15,num_users:385,errors:0
rt:30.58,through:12.67,tt:0.34,num_interact:190,Intrvl:15,num_users:413,errors:0
rt:31.5,through:12.6,tt:0.37,num_interact:189,Intrvl:15,num_users:433,errors:0
rt:32.14,through:12.47,tt:0.31,num_interact:187,Intrvl:15,num_users:403,errors:0
rt:32.81,through:11.8,tt:0.32,num_interact:177,Intrvl:15,num_users:398,errors:0
rt:32.4,through:12.33,tt:0.38,num_interact:185,Intrvl:15,num_users:392,errors:0
rt:31.02,through:12.47,tt:0.36,num_interact:187,Intrvl:15,num_users:427,errors:0
rt:32.05,through:11.07,tt:0.36,num_interact:166,Intrvl:15,num_users:370,errors:0
rt:32.68,through:11.13,tt:0.33,num_interact:167,Intrvl:15,num_users:376,errors:0
rt:30.6,through:12.47,tt:0.36,num_interact:187,Intrvl:15,num_users:365,errors:0
rt:29.22,through:12.67,tt:0.38,num_interact:190,Intrvl:15,num_users:408,errors:0
rt:30.25,through:12.2,tt:0.37,num_interact:183,Intrvl:15,num_users:387,errors:0
rt:31.68,through:11.73,tt:0.37,num_interact:176,Intrvl:15,num_users:430,errors:0
rt:30.88,through:13.2,tt:0.4,num_interact:198,Intrvl:15,num_users:454,errors:0
rt:31.93,through:10.6,tt:0.37,num_interact:159,Intrvl:15,num_users:378,errors:0
rt:34.24,through:11.2,tt:0.32,num_interact:168,Intrvl:15,num_users:409,errors:0
rt:33.81,through:12,tt:0.36,num_interact:180,Intrvl:15,num_users:431,errors:0
rt:33.55,through:12,tt:0.36,num_interact:180,Intrvl:15,num_users:401,errors:0
rt:32.14,through:11.87,tt:0.37,num_interact:178,Intrvl:15,num_users:395,errors:0
rt:33.46,through:11.47,tt:0.34,num_interact:172,Intrvl:15,num_users:376,errors:0
rt:32.48,through:11,tt:0.3,num_interact:165,Intrvl:15,num_users:327,errors:0
rt:28.99,through:11.33,tt:0.39,num_interact:170,Intrvl:15,num_users:409,errors:0
rt:28.09,through:11.6,tt:0.38,num_interact:174,Intrvl:15,num_users:377,errors:0
rt:31.73,through:12,tt:0.36,num_interact:180,Intrvl:15,num_users:414,errors:0
rt:32.68,through:12,tt:0.36,num_interact:180,Intrvl:15,num_users:387,errors:0
rt:32.3,through:11.73,tt:0.38,num_interact:176,Intrvl:15,num_users:407,errors:7
rt:30.8,through:12.8,tt:0.34,num_interact:192,Intrvl:15,num_users:452,errors:0
rt:25.02,through:19.4,tt:0.38,num_interact:292,Intrvl:15,num_users:393,errors:0
rt:18.8,through:25,tt:0.36,num_interact:375,Intrvl:15,num_users:414,errors:0
rt:16.33,through:25.2,tt:0.37,num_interact:378,Intrvl:15,num_users:434,errors:0
rt:16.62,through:25.4,tt:0.34,num_interact:381,Intrvl:15,num_users:431,errors:0
rt:16.46,through:21.13,tt:0.33,num_interact:317,Intrvl:15,num_users:353,errors:0
rt:14.21,through:23.73,tt:0.36,num_interact:356,Intrvl:15,num_users:329,errors:0
rt:13.67,through:24.93,tt:0.33,num_interact:374,Intrvl:15,num_users:390,errors:0
rt:14.68,through:25.2,tt:0.37,num_interact:378,Intrvl:15,num_users:393,errors:0
rt:15.01,through:25.33,tt:0.34,num_interact:380,Intrvl:15,num_users:377,errors:0
rt:14.71,through:25.27,tt:0.35,num_interact:379,Intrvl:15,num_users:396,errors:0
rt:15.39,through:25.8,tt:0.38,num_interact:387,Intrvl:15,num_users:469,errors:0
rt:17.13,through:22,tt:0.37,num_interact:330,Intrvl:15,num_users:398,errors:0
rt:16.33,through:24.93,tt:0.35,num_interact:374,Intrvl:15,num_users:413,errors:0
rt:15.99,through:25.8,tt:0.35,num_interact:387,Intrvl:15,num_users:426,errors:0
rt:16.19,through:25.6,tt:0.37,num_interact:384,Intrvl:15,num_users:429,errors:0
rt:16.19,through:26.07,tt:0.37,num_interact:391,Intrvl:15,num_users:425,errors:0
rt:16.57,through:25.47,tt:0.36,num_interact:382,Intrvl:15,num_users:451,errors:0
rt:16.55,through:24.13,tt:0.31,num_interact:362,Intrvl:15,num_users:428,errors:0
rt:17.55,through:25.67,tt:0.33,num_interact:385,Intrvl:15,num_users:436,errors:0
rt:16.43,through:23.8,tt:0.36,num_interact:357,Intrvl:15,num_users:398,errors:0
rt:15.51,through:23.93,tt:0.33,num_interact:359,Intrvl:15,num_users:368,errors:0
rt:14.85,through:25.07,tt:0.37,num_interact:376,Intrvl:15,num_users:369,errors:0
rt:14.9,through:25.07,tt:0.37,num_interact:376,Intrvl:15,num_users:615,errors:0
rt:19.96,through:27.13,tt:0.42,num_interact:407,Intrvl:15,num_users:660,errors:0
rt:22.81,through:17.73,tt:0.37,num_interact:267,Intrvl:15,num_users:466,errors:0
rt:22.69,through:23,tt:0.31,num_interact:345,Intrvl:15,num_users:599,errors:0
rt:22.31,through:25.4,tt:0.39,num_interact:381,Intrvl:15,num_users:605,errors:0
rt:23.8,through:25.13,tt:0.38,num_interact:377,Intrvl:15,num_users:587,errors:0
rt:22.25,through:24.13,tt:0.36,num_interact:362,Intrvl:15,num_users:554,errors:0
rt:22.29,through:25.07,tt:0.34,num_interact:376,Intrvl:15,num_users:640,errors:0
rt:22.66,through:25.47,tt:0.35,num_interact:382,Intrvl:15,num_users:626,errors:0
rt:23.53,through:25.2,tt:0.35,num_interact:378,Intrvl:15,num_users:631,errors:0
rt:23.76,through:25,tt:0.34,num_interact:375,Intrvl:15,num_users:606,errors:0
rt:23.56,through:24.93,tt:0.35,num_interact:379,Intrvl:15,num_users:614,errors:0
rt:23.36,through:26.73,tt:0.36,num_interact:401,Intrvl:15,num_users:672,errors:0
rt:24.48,through:24.6,tt:0.36,num_interact:369,Intrvl:15,num_users:636,errors:1
rt:23.94,through:22,tt:0.35,num_interact:330,Intrvl:15,num_users:536,errors:0
rt:22.81,through:24.33,tt:0.36,num_interact:365,Intrvl:15,num_users:536,errors:2
rt:23.21,through:25.33,tt:0.36,num_interact:380,Intrvl:15,num_users:551,errors:0
rt:22.4,through:26,tt:0.32,num_interact:390,Intrvl:15,num_users:555,errors:0
rt:20.72,through:25.73,tt:0.34,num_interact:391,Intrvl:15,num_users:560,errors:0
rt:21.75,through:26.13,tt:0.36,num_interact:395,Intrvl:15,num_users:618,errors:0
rt:21.96,through:25.73,tt:0.37,num_interact:386,Intrvl:15,num_users:632,errors:0
rt:23.77,through:25.67,tt:0.39,num_interact:385,Intrvl:15,num_users:632,errors:0
rt:23.24,through:25.53,tt:0.35,num_interact:383,Intrvl:15,num_users:611,errors:0
rt:23.95,through:23.4,tt:0.33,num_interact:351,Intrvl:15,num_users:561,errors:0
rt:22.9,through:24.47,tt:0.36,num_interact:367,Intrvl:15,num_users:629,errors:0
rt:23.59,through:24.4,tt:0.36,num_interact:369,Intrvl:15,num_users:583,errors:0
rt:22.19,through:24.93,tt:0.39,num_interact:374,Intrvl:15,num_users:586,errors:0
rt:23.32,through:25.93,tt:0.36,num_interact:389,Intrvl:15,num_users:629,errors:0
rt:22.62,through:25.07,tt:0.35,num_interact:376,Intrvl:15,num_users:610,errors:0
rt:23.61,through:25.53,tt:0.35,num_interact:383,Intrvl:15,num_users:633,errors:0
rt:23.79,through:25.73,tt:0.35,num_interact:386,Intrvl:15,num_users:643,errors:0
rt:23.7,through:24.93,tt:0.35,num_interact:374,Intrvl:15,num_users:620,errors:0
rt:23.3,through:24.6,tt:0.35,num_interact:369,Intrvl:15,num_users:583,errors:0
rt:24.08,through:25.2,tt:0.37,num_interact:379,Intrvl:15,num_users:603,errors:0
rt:22.36,through:22.8,tt:0.36,num_interact:342,Intrvl:15,num_users:508,errors:1
rt:21.81,through:23.6,tt:0.37,num_interact:357,Intrvl:15,num_users:570,errors:0
rt:22.17,through:26.07,tt:0.37,num_interact:402,Intrvl:15,num_users:725,errors:0
rt:23.4,through:23.93,tt:0.38,num_interact:359,Intrvl:15,num_users:627,errors:20
rt:22.95,through:24.2,tt:0.37,num_interact:419,Intrvl:15,num_users:668,errors:0
rt:23.78,through:30.13,tt:0.32,num_interact:453,Intrvl:15,num_users:580,errors:0
rt:19.97,through:28.53,tt:0.37,num_interact:428,Intrvl:15,num_users:534,errors:0
rt:17.7,through:31.67,tt:0.34,num_interact:475,Intrvl:15,num_users:594,errors:2
rt:18.69,through:30.6,tt:0.36,num_interact:459,Intrvl:15,num_users:619,errors:2
rt:18.5,through:34,tt:0.36,num_interact:510,Intrvl:15,num_users:608,errors:0
rt:17.08,through:28.67,tt:0.38,num_interact:430,Intrvl:15,num_users:616,errors:0
rt:15.44,through:29.27,tt:0.36,num_interact:439,Intrvl:15,num_users:452,errors:1
rt:17.69,through:23.2,tt:0.36,num_interact:348,Intrvl:15,num_users:652,errors:0
rt:20.02,through:25.07,tt:0.39,num_interact:376,Intrvl:15,num_users:655,errors:10
rt:23.16,through:23.87,tt:0.35,num_interact:358,Intrvl:15,num_users:617,errors:1
rt:23.46,through:24.47,tt:0.37,num_interact:367,Intrvl:15,num_users:645,errors:9
rt:24.63,through:25.2,tt:0.37,num_interact:378,Intrvl:15,num_users:711,errors:1
rt:25.28,through:25.07,tt:0.36,num_interact:382,Intrvl:15,num_users:706,errors:2
rt:27.22,through:22.07,tt:0.38,num_interact:331,Intrvl:15,num_users:637,errors:14
rt:25.62,through:24.67,tt:0.35,num_interact:370,Intrvl:15,num_users:734,errors:0
rt:27.33,through:22.33,tt:0.34,num_interact:337,Intrvl:15,num_users:676,errors:16
rt:26.63,through:24.47,tt:0.33,num_interact:367,Intrvl:15,num_users:670,errors:0
rt:25.12,through:20.33,tt:0.37,num_interact:305,Intrvl:15,num_users:535,errors:14
rt:21.21,through:23.4,tt:0.36,num_interact:351,Intrvl:15,num_users:539,errors:0
rt:21.55,through:20.73,tt:0.34,num_interact:311,Intrvl:15,num_users:458,errors:15
rt:23.43,through:24.6,tt:0.38,num_interact:369,Intrvl:15,num_users:525,errors:2
rt:21.47,through:24.47,tt:0.37,num_interact:367,Intrvl:15,num_users:734,errors:15
rt:25.32,through:23.53,tt:0.37,num_interact:353,Intrvl:15,num_users:679,errors:2
rt:25.55,through:25.47,tt:0.33,num_interact:382,Intrvl:15,num_users:630,errors:21
rt:25.95,through:22.8,tt:0.37,num_interact:342,Intrvl:15,num_users:745,errors:0
rt:26.19,through:22.47,tt:0.38,num_interact:337,Intrvl:15,num_users:608,errors:11
rt:25.45,through:22.73,tt:0.35,num_interact:341,Intrvl:15,num_users:702,errors:0
rt:25.55,through:25.27,tt:0.37,num_interact:379,Intrvl:15,num_users:710,errors:21
rt:29.6,through:22.93,tt:0.37,num_interact:344,Intrvl:15,num_users:761,errors:0
rt:28.42,through:24.2,tt:0.36,num_interact:363,Intrvl:15,num_users:679,errors:22
rt:28.02,through:23.07,tt:0.35,num_interact:346,Intrvl:15,num_users:664,errors:1
rt:24.95,through:24.73,tt:0.36,num_interact:373,Intrvl:15,num_users:722,errors:19
rt:27.88,through:21.87,tt:0.32,num_interact:328,Intrvl:15,num_users:671,errors:0
rt:26.26,through:26.87,tt:0.37,num_interact:405,Intrvl:15,num_users:703,errors:10
rt:26.52,through:24.13,tt:0.35,num_interact:362,Intrvl:15,num_users:686,errors:7
rt:26.6,through:24.93,tt:0.31,num_interact:374,Intrvl:15,num_users:692,errors:1
rt:28.52,through:24.27,tt:0.32,num_interact:364,Intrvl:15,num_users:682,errors:28
rt:29.36,through:23.27,tt:0.32,num_interact:349,Intrvl:15,num_users:710,errors:4
rt:27.1,through:26.73,tt:0.37,num_interact:536,Intrvl:15,num_users:653,errors:23
rt:25.93,through:47.6,tt:0.37,num_interact:719,Intrvl:15,num_users:679,errors:8
rt:205.62,through:29,tt:0.34,num_interact:435,Intrvl:15,num_users:625,errors:3
rt:51.66,through:22.13,tt:0.4,num_interact:332,Intrvl:15,num_users:702,errors:0
rt:51.28,through:32.93,tt:0.35,num_interact:495,Intrvl:15,num_users:689,errors:0
rt:18.39,through:28.67,tt:0.36,num_interact:430,Intrvl:15,num_users:784,errors:0
rt:22.67,through:27.6,tt:0.34,num_interact:414,Intrvl:15,num_users:760,errors:0
rt:64.49,through:8.8,tt:0.36,num_interact:177,Intrvl:15,num_users:717,errors:0
rt:372.58,through:0.53,tt:0.41,num_interact:8,Intrvl:15,num_users:680,errors:0
rt:383.59,through:3,tt:0.35,num_interact:45,Intrvl:15,num_users:643,errors:0
rt:399.64,through:23.73,tt:0.39,num_interact:356,Intrvl:15,num_users:716,errors:0
rt:93.62,through:20.53,tt:0.35,num_interact:308,Intrvl:15,num_users:773,errors:0
rt:50.55,through:7.13,tt:0.36,num_interact:114,Intrvl:15,num_users:708,errors:0
rt:304.94,through:65.2,tt:0.36,num_interact:978,Intrvl:15,num_users:737,errors:1
rt:33.68,through:20.87,tt:0.36,num_interact:313,Intrvl:15,num_users:720,errors:0
rt:19.64,through:21.73,tt:0.42,num_interact:326,Intrvl:15,num_users:789,errors:0
rt:19.58,through:18.47,tt:0.35,num_interact:277,Intrvl:15,num_users:683,errors:0
rt:21.78,through:15.6,tt:0.33,num_interact:234,Intrvl:15,num_users:685,errors:0
rt:24.24,through:15.53,tt:0.4,num_interact:233,Intrvl:15,num_users:708,errors:0
rt:26.6,through:16.8,tt:0.33,num_interact:252,Intrvl:15,num_users:719,errors:0
rt:25.7,through:15.73,tt:0.41,num_interact:236,Intrvl:15,num_users:714,errors:12
rt:25.52,through:17.07,tt:0.37,num_interact:256,Intrvl:15,num_users:758,errors:0
rt:27.43,through:15.8,tt:0.42,num_interact:237,Intrvl:15,num_users:760,errors:24
rt:30.32,through:15.73,tt:0.34,num_interact:236,Intrvl:15,num_users:737,errors:0
rt:26.22,through:15.67,tt:0.36,num_interact:235,Intrvl:15,num_users:828,errors:21
rt:38.14,through:13.87,tt:0.35,num_interact:208,Intrvl:15,num_users:730,errors:0
rt:28.5,through:16.27,tt:0.34,num_interact:244,Intrvl:15,num_users:744,errors:20
rt:33.95,through:14.47,tt:0.36,num_interact:217,Intrvl:15,num_users:779,errors:0
rt:31.31,through:14.27,tt:0.36,num_interact:214,Intrvl:15,num_users:684,errors:9
rt:30.68,through:13.87,tt:0.32,num_interact:208,Intrvl:15,num_users:663,errors:0
rt:25.7,through:14.6,tt:0.39,num_interact:219,Intrvl:15,num_users:764,errors:12
rt:32.39,through:13.4,tt:0.35,num_interact:201,Intrvl:15,num_users:695,errors:3
rt:28.89,through:14.53,tt:0.33,num_interact:218,Intrvl:15,num_users:656,errors:8
rt:24.89,through:13.33,tt:0.36,num_interact:200,Intrvl:15,num_users:640,errors:10
rt:27.14,through:15.67,tt:0.4,num_interact:235,Intrvl:15,num_users:699,errors:0
rt:26.31,through:16.27,tt:0.39,num_interact:244,Intrvl:15,num_users:723,errors:21
rt:29.99,through:14.87,tt:0.35,num_interact:223,Intrvl:15,num_users:744,errors:0
rt:22.28,through:2.47,tt:0.43,num_interact:37,Intrvl:15,num_users:783,errors:23
rt:29.62,through:8.53,tt:0.27,num_interact:128,Intrvl:15,num_users:693,errors:31
rt:40.78,through:9.67,tt:0.34,num_interact:145,Intrvl:15,num_users:652,errors:91
rt:42.81,through:12.73,tt:0.33,num_interact:191,Intrvl:15,num_users:703,errors:87
rt:45.07,through:13.4,tt:0.32,num_interact:201,Intrvl:15,num_users:705,errors:6
rt:49.72,through:10.6,tt:0.3,num_interact:159,Intrvl:15,num_users:603,errors:0
rt:41.3,through:11.67,tt:0.35,num_interact:175,Intrvl:15,num_users:765,errors:0
rt:39.71,through:11.33,tt:0.35,num_interact:170,Intrvl:15,num_users:692,errors:0
rt:36.23,through:10.33,tt:0.36,num_interact:155,Intrvl:15,num_users:647,errors:0
rt:35.95,through:11.6,tt:0.36,num_interact:174,Intrvl:15,num_users:661,errors:0
rt:33.12,through:12.73,tt:0.39,num_interact:191,Intrvl:15,num_users:679,errors:0
rt:36.89,through:13.33,tt:0.34,num_interact:200,Intrvl:15,num_users:685,errors:0
rt:33.78,through:13.53,tt:0.35,num_interact:203,Intrvl:15,num_users:736,errors:0
rt:34.64,through:12.07,tt:0.38,num_interact:181,Intrvl:15,num_users:676,errors:0
rt:34.39,through:11.4,tt:0.36,num_interact:171,Intrvl:15,num_users:711,errors:0
rt:36.09,through:10.4,tt:0.36,num_interact:156,Intrvl:15,num_users:625,errors:0
rt:36.92,through:10.87,tt:0.35,num_interact:163,Intrvl:15,num_users:631,errors:0
rt:35.06,through:12.47,tt:0.35,num_interact:187,Intrvl:15,num_users:686,errors:0
rt:34.18,through:11.93,tt:0.39,num_interact:179,Intrvl:15,num_users:645,errors:0
rt:32.02,through:11.8,tt:0.35,num_interact:177,Intrvl:15,num_users:702,errors:0
rt:33.89,through:12.53,tt:0.37,num_interact:188,Intrvl:15,num_users:678,errors:0
rt:34.34,through:13,tt:0.34,num_interact:195,Intrvl:15,num_users:671,errors:0
rt:35.29,through:12.73,tt:0.34,num_interact:191,Intrvl:15,num_users:662,errors:0
rt:33.33,through:12.47,tt:0.37,num_interact:187,Intrvl:15,num_users:708,errors:0
rt:33.06,through:13.47,tt:0.36,num_interact:202,Intrvl:15,num_users:736,errors:0
rt:34.47,through:13.33,tt:0.4,num_interact:200,Intrvl:15,num_users:759,errors:0
rt:36.11,through:12.13,tt:0.35,num_interact:182,Intrvl:15,num_users:714,errors:0
rt:38.52,through:10.8,tt:0.33,num_interact:162,Intrvl:15,num_users:666,errors:0
rt:38,through:11.47,tt:0.34,num_interact:172,Intrvl:15,num_users:743,errors:0
rt:35.75,through:13,tt:0.39,num_interact:195,Intrvl:15,num_users:803,errors:0
rt:37.8,through:12.87,tt:0.39,num_interact:193,Intrvl:15,num_users:747,errors:0
rt:39.79,through:11.13,tt:0.34,num_interact:167,Intrvl:15,num_users:728,errors:0
rt:40.97,through:12,tt:0.34,num_interact:180,Intrvl:15,num_users:724,errors:0
rt:38.7,through:12.8,tt:0.3,num_interact:192,Intrvl:15,num_users:708,errors:0
rt:37.2,through:11,tt:0.35,num_interact:165,Intrvl:15,num_users:666,errors:0
rt:37.85,through:13,tt:0.35,num_interact:195,Intrvl:15,num_users:729,errors:0
rt:36.8,through:11.47,tt:0.35,num_interact:172,Intrvl:15,num_users:671,errors:0
rt:36.68,through:10.73,tt:0.38,num_interact:161,Intrvl:15,num_users:654,errors:0
rt:35.23,through:12.13,tt:0.35,num_interact:182,Intrvl:15,num_users:632,errors:0
rt:32.83,through:12.73,tt:0.38,num_interact:191,Intrvl:15,num_users:638,errors:0
rt:32.33,through:13.13,tt:0.36,num_interact:197,Intrvl:15,num_users:706,errors:0
rt:31.02,through:13.53,tt:0.38,num_interact:203,Intrvl:15,num_users:739,errors:2
rt:33.78,through:13.13,tt:0.37,num_interact:197,Intrvl:15,num_users:707,errors:0
rt:34.79,through:12.2,tt:0.35,num_interact:183,Intrvl:15,num_users:723,errors:0
rt:36.89,through:12.73,tt:0.38,num_interact:193,Intrvl:15,num_users:722,errors:0
rt:38.46,through:13.73,tt:0.35,num_interact:206,Intrvl:15,num_users:741,errors:0
rt:36.91,through:13.4,tt:0.33,num_interact:201,Intrvl:15,num_users:799,errors:0
rt:37.01,through:13.07,tt:0.37,num_interact:196,Intrvl:15,num_users:773,errors:0
rt:38.57,through:11.93,tt:0.38,num_interact:179,Intrvl:15,num_users:769,errors:0
rt:39.09,through:11.73,tt:0.38,num_interact:176,Intrvl:15,num_users:701,errors:0
rt:39.66,through:11.47,tt:0.38,num_interact:172,Intrvl:15,num_users:695,errors:0
rt:39.33,through:12.4,tt:0.32,num_interact:186,Intrvl:15,num_users:762,errors:0
rt:37.62,through:13.33,tt:0.35,num_interact:200,Intrvl:15,num_users:730,errors:0
rt:37.99,through:10.13,tt:0.33,num_interact:152,Intrvl:15,num_users:665,errors:0
rt:38.93,through:11.8,tt:0.31,num_interact:177,Intrvl:15,num_users:709,errors:0
rt:37.26,through:11.93,tt:0.3,num_interact:179,Intrvl:15,num_users:666,errors:0
rt:36.71,through:11.47,tt:0.33,num_interact:172,Intrvl:15,num_users:733,errors:0
rt:35.87,through:13.33,tt:0.34,num_interact:200,Intrvl:15,num_users:738,errors:22
rt:27.74,through:18.6,tt:0.34,num_interact:279,Intrvl:15,num_users:699,errors:2
rt:19.55,through:32.87,tt:0.34,num_interact:493,Intrvl:15,num_users:701,errors:0
rt:14.4,through:31.4,tt:0.34,num_interact:471,Intrvl:15,num_users:644,errors:0
rt:12.74,through:76.8,tt:0.36,num_interact:1171,Intrvl:15,num_users:666,errors:0
rt:180.69,through:160.47,tt:0.36,num_interact:2407,Intrvl:15,num_users:719,errors:25
rt:35.05,through:25.47,tt:0.37,num_interact:382,Intrvl:15,num_users:739,errors:0
rt:19.57,through:25.33,tt:0.35,num_interact:380,Intrvl:15,num_users:729,errors:0
rt:18.39,through:25.73,tt:0.33,num_interact:388,Intrvl:15,num_users:760,errors:0
rt:19.2,through:17.13,tt:0.36,num_interact:257,Intrvl:15,num_users:592,errors:0
rt:16.71,through:24.13,tt:0.36,num_interact:362,Intrvl:15,num_users:596,errors:0
rt:13.82,through:25.93,tt:0.36,num_interact:389,Intrvl:15,num_users:734,errors:0
rt:17.75,through:25.93,tt:0.42,num_interact:389,Intrvl:15,num_users:765,errors:0
rt:19.39,through:26.67,tt:0.36,num_interact:400,Intrvl:15,num_users:792,errors:0
rt:20.65,through:22.2,tt:0.34,num_interact:333,Intrvl:15,num_users:723,errors:0
rt:19.97,through:18.27,tt:0.34,num_interact:274,Intrvl:15,num_users:720,errors:0
rt:18.64,through:13.13,tt:0.36,num_interact:197,Intrvl:15,num_users:744,errors:0
rt:24.52,through:13,tt:0.41,num_interact:195,Intrvl:15,num_users:756,errors:0
rt:27.23,through:11.93,tt:0.39,num_interact:179,Intrvl:15,num_users:715,errors:58
rt:27.79,through:10.87,tt:0.35,num_interact:163,Intrvl:15,num_users:690,errors:75
rt:47.07,through:11.53,tt:0.35,num_interact:173,Intrvl:15,num_users:678,errors:0
rt:54.48,through:10.87,tt:0.33,num_interact:163,Intrvl:15,num_users:612,errors:0
rt:36.36,through:11.07,tt:0.36,num_interact:166,Intrvl:15,num_users:688,errors:0
rt:39.29,through:13.2,tt:0.38,num_interact:198,Intrvl:15,num_users:701,errors:0
rt:33.11,through:12.87,tt:0.42,num_interact:193,Intrvl:15,num_users:751,errors:0
rt:34.47,through:12.27,tt:0.42,num_interact:184,Intrvl:15,num_users:704,errors:0
rt:37.47,through:11.13,tt:0.37,num_interact:167,Intrvl:15,num_users:780,errors:0
rt:38.6,through:11,tt:0.34,num_interact:165,Intrvl:15,num_users:654,errors:0
rt:40.13,through:8.53,tt:0.32,num_interact:128,Intrvl:15,num_users:725,errors:0
rt:38.76,through:11.6,tt:0.32,num_interact:174,Intrvl:15,num_users:738,errors:0
rt:40.98,through:12.67,tt:0.37,num_interact:190,Intrvl:15,num_users:729,errors:0
rt:40.47,through:12.4,tt:0.39,num_interact:186,Intrvl:15,num_users:767,errors:0
rt:38.32,through:13.07,tt:0.38,num_interact:196,Intrvl:15,num_users:724,errors:0
rt:36.92,through:10.07,tt:0.35,num_interact:155,Intrvl:15,num_users:784,errors:0
rt:39.86,through:13,tt:0.32,num_interact:195,Intrvl:15,num_users:751,errors:0
rt:41.44,through:11.4,tt:0.36,num_interact:171,Intrvl:15,num_users:779,errors:0
rt:41.9,through:12.27,tt:0.34,num_interact:184,Intrvl:15,num_users:799,errors:0
rt:40.44,through:12.93,tt:0.36,num_interact:194,Intrvl:15,num_users:780,errors:0
rt:41.54,through:11.93,tt:0.41,num_interact:179,Intrvl:15,num_users:750,errors:0
rt:42.04,through:12.2,tt:0.33,num_interact:183,Intrvl:15,num_users:799,errors:0
rt:42.29,through:11.4,tt:0.4,num_interact:171,Intrvl:15,num_users:716,errors:0
rt:41.36,through:9.6,tt:0.34,num_interact:144,Intrvl:15,num_users:769,errors:0
rt:42.31,through:12.33,tt:0.33,num_interact:185,Intrvl:15,num_users:738,errors:0
rt:42.96,through:9.4,tt:0.35,num_interact:141,Intrvl:15,num_users:656,errors:0
rt:41.86,through:10.13,tt:0.35,num_interact:152,Intrvl:15,num_users:707,errors:0
rt:39.53,through:11.6,tt:0.34,num_interact:174,Intrvl:15,num_users:683,errors:0
rt:37.34,through:11.6,tt:0.37,num_interact:174,Intrvl:15,num_users:821,errors:0
rt:37.09,through:12.87,tt:0.35,num_interact:193,Intrvl:15,num_users:830,errors:0
rt:40.52,through:9.53,tt:0.34,num_interact:143,Intrvl:15,num_users:731,errors:0
rt:41.56,through:11,tt:0.34,num_interact:165,Intrvl:15,num_users:749,errors:0
rt:42.43,through:11.67,tt:0.38,num_interact:175,Intrvl:15,num_users:753,errors:0
rt:42.56,through:12.73,tt:0.4,num_interact:191,Intrvl:15,num_users:758,errors:0
rt:42.19,through:13.13,tt:0.33,num_interact:197,Intrvl:15,num_users:764,errors:0
rt:38.73,through:13,tt:0.35,num_interact:195,Intrvl:15,num_users:798,errors:0
rt:39.06,through:10.2,tt:0.35,num_interact:153,Intrvl:15,num_users:668,errors:0
rt:40.2,through:9.53,tt:0.34,num_interact:143,Intrvl:15,num_users:769,errors:0
rt:40.65,through:10.73,tt:0.35,num_interact:161,Intrvl:15,num_users:819,errors:0
rt:41.18,through:12.4,tt:0.35,num_interact:186,Intrvl:15,num_users:776,errors:0
rt:43.33,through:11.27,tt:0.33,num_interact:169,Intrvl:15,num_users:825,errors:0
rt:41.45,through:12.47,tt:0.36,num_interact:187,Intrvl:15,num_users:795,errors:0
rt:46.1,through:10.93,tt:0.31,num_interact:164,Intrvl:15,num_users:757,errors:0
rt:44.44,through:11.07,tt:0.37,num_interact:166,Intrvl:15,num_users:788,errors:0
rt:43.32,through:12.87,tt:0.35,num_interact:193,Intrvl:15,num_users:854,errors:0
rt:43.74,through:9.13,tt:0.34,num_interact:137,Intrvl:15,num_users:689,errors:0
rt:43.42,through:9.87,tt:0.32,num_interact:148,Intrvl:15,num_users:775,errors:0
rt:43.57,through:10.27,tt:0.37,num_interact:154,Intrvl:15,num_users:693,errors:0
rt:44.24,through:9.33,tt:0.37,num_interact:140,Intrvl:15,num_users:669,errors:0
rt:42.99,through:10.6,tt:0.37,num_interact:159,Intrvl:15,num_users:702,errors:0
rt:39.46,through:11.67,tt:0.42,num_interact:175,Intrvl:15,num_users:769,errors:0
rt:39.44,through:12.87,tt:0.38,num_interact:193,Intrvl:15,num_users:724,errors:0
rt:40.29,through:10.2,tt:0.33,num_interact:153,Intrvl:15,num_users:743,errors:0
rt:39,through:12.53,tt:0.33,num_interact:188,Intrvl:15,num_users:834,errors:0
rt:39.68,through:13.13,tt:0.36,num_interact:197,Intrvl:15,num_users:768,errors:0
rt:41.37,through:10.53,tt:0.39,num_interact:158,Intrvl:15,num_users:842,errors:0
rt:43.05,through:11.27,tt:0.36,num_interact:169,Intrvl:15,num_users:789,errors:0
rt:43.55,through:11.87,tt:0.36,num_interact:178,Intrvl:15,num_users:846,errors:0
rt:44.75,through:12.13,tt:0.38,num_interact:182,Intrvl:15,num_users:801,errors:2
rt:46.02,through:11.73,tt:0.29,num_interact:176,Intrvl:15,num_users:818,errors:4
rt:39.56,through:17.4,tt:0.39,num_interact:261,Intrvl:15,num_users:811,errors:0
rt:35.45,through:19.53,tt:0.39,num_interact:293,Intrvl:15,num_users:764,errors:0
rt:28.19,through:19.07,tt:0.32,num_interact:286,Intrvl:15,num_users:733,errors:0
rt:23.81,through:19.73,tt:0.35,num_interact:296,Intrvl:15,num_users:759,errors:0
rt:22.15,through:19.27,tt:0.36,num_interact:289,Intrvl:15,num_users:697,errors:0
rt:19.94,through:21.33,tt:0.36,num_interact:320,Intrvl:15,num_users:779,errors:0
rt:20.34,through:19.07,tt:0.37,num_interact:286,Intrvl:15,num_users:756,errors:0
rt:25.63,through:15.27,tt:0.34,num_interact:229,Intrvl:15,num_users:730,errors:1
rt:28.94,through:15.73,tt:0.35,num_interact:236,Intrvl:15,num_users:765,errors:5
rt:31.39,through:15.2,tt:0.31,num_interact:229,Intrvl:15,num_users:746,errors:8
rt:29.73,through:16.6,tt:0.38,num_interact:249,Intrvl:15,num_users:888,errors:0
rt:32.88,through:14,tt:0.36,num_interact:210,Intrvl:15,num_users:801,errors:0
rt:33.32,through:15.2,tt:0.35,num_interact:228,Intrvl:15,num_users:772,errors:18
rt:33.02,through:14.27,tt:0.35,num_interact:214,Intrvl:15,num_users:831,errors:0
rt:31.88,through:15.6,tt:0.35,num_interact:234,Intrvl:15,num_users:818,errors:19
rt:39.16,through:14.67,tt:0.37,num_interact:220,Intrvl:15,num_users:836,errors:0
rt:34.47,through:16.73,tt:0.34,num_interact:251,Intrvl:15,num_users:811,errors:20
rt:36.67,through:12.67,tt:0.38,num_interact:190,Intrvl:15,num_users:760,errors:0
rt:34,through:16,tt:0.33,num_interact:240,Intrvl:15,num_users:763,errors:19
rt:34.29,through:14.47,tt:0.37,num_interact:217,Intrvl:15,num_users:792,errors:2
rt:34.59,through:16.2,tt:0.39,num_interact:243,Intrvl:15,num_users:795,errors:9
rt:33.21,through:17.33,tt:0.35,num_interact:260,Intrvl:15,num_users:844,errors:10
rt:38.13,through:12.93,tt:0.32,num_interact:197,Intrvl:15,num_users:770,errors:0
rt:29.97,through:16.27,tt:0.34,num_interact:244,Intrvl:15,num_users:743,errors:18
rt:35,through:14.07,tt:0.37,num_interact:211,Intrvl:15,num_users:855,errors:0
rt:34.52,through:13.4,tt:0.33,num_interact:201,Intrvl:15,num_users:706,errors:19
rt:33.76,through:13.67,tt:0.33,num_interact:205,Intrvl:15,num_users:779,errors:1
rt:30.3,through:16.07,tt:0.36,num_interact:241,Intrvl:15,num_users:848,errors:14
rt:33.05,through:13.87,tt:0.37,num_interact:208,Intrvl:15,num_users:871,errors:4
rt:36.79,through:16.6,tt:0.36,num_interact:249,Intrvl:15,num_users:906,errors:5
rt:38.56,through:14.33,tt:0.36,num_interact:215,Intrvl:15,num_users:847,errors:10
rt:33.77,through:21.13,tt:0.33,num_interact:317,Intrvl:15,num_users:835,errors:0
rt:31.66,through:14.13,tt:0.36,num_interact:212,Intrvl:15,num_users:841,errors:17
rt:40.74,through:15.93,tt:0.36,num_interact:239,Intrvl:15,num_users:875,errors:0
rt:34.27,through:15.4,tt:0.36,num_interact:231,Intrvl:15,num_users:786,errors:8
rt:38.22,through:10.67,tt:0.36,num_interact:160,Intrvl:15,num_users:843,errors:2
rt:38.53,through:14.53,tt:0.37,num_interact:218,Intrvl:15,num_users:765,errors:12
rt:33.79,through:15.4,tt:0.35,num_interact:231,Intrvl:15,num_users:873,errors:4
rt:39.38,through:13.47,tt:0.4,num_interact:202,Intrvl:15,num_users:817,errors:3
rt:34.97,through:16.53,tt:0.3,num_interact:248,Intrvl:15,num_users:817,errors:15
rt:35.53,through:13.8,tt:0.32,num_interact:207,Intrvl:15,num_users:837,errors:1
rt:38.81,through:14.2,tt:0.34,num_interact:213,Intrvl:15,num_users:766,errors:10
rt:34.97,through:15.73,tt:0.37,num_interact:236,Intrvl:15,num_users:821,errors:5
rt:34.46,through:15,tt:0.37,num_interact:225,Intrvl:15,num_users:807,errors:9
rt:35.37,through:15.87,tt:0.34,num_interact:238,Intrvl:15,num_users:812,errors:9
rt:37.03,through:16.2,tt:0.34,num_interact:243,Intrvl:15,num_users:868,errors:1
rt:35.52,through:14,tt:0.36,num_interact:210,Intrvl:15,num_users:783,errors:23
rt:38.14,through:12.47,tt:0.36,num_interact:187,Intrvl:15,num_users:673,errors:0
rt:28.68,through:14.4,tt:0.37,num_interact:216,Intrvl:15,num_users:695,errors:10
rt:30.98,through:14.8,tt:0.31,num_interact:222,Intrvl:15,num_users:820,errors:0
rt:34.58,through:13.93,tt:0.37,num_interact:209,Intrvl:15,num_users:711,errors:9
rt:34.29,through:14.6,tt:0.37,num_interact:219,Intrvl:15,num_users:754,errors:0
rt:29.67,through:15,tt:0.38,num_interact:225,Intrvl:15,num_users:755,errors:5
rt:32,through:15.2,tt:0.36,num_interact:228,Intrvl:15,num_users:741,errors:6
rt:30.55,through:16.33,tt:0.37,num_interact:245,Intrvl:15,num_users:789,errors:0
rt:31.08,through:14.47,tt:0.37,num_interact:217,Intrvl:15,num_users:736,errors:17
rt:33.43,through:15.87,tt:0.36,num_interact:238,Intrvl:15,num_users:740,errors:0
rt:27.54,through:14.73,tt:0.37,num_interact:221,Intrvl:15,num_users:809,errors:16
rt:39.33,through:14,tt:0.35,num_interact:210,Intrvl:15,num_users:728,errors:0
rt:28.1,through:16.13,tt:0.34,num_interact:242,Intrvl:15,num_users:683,errors:13
rt:31.98,through:12.67,tt:0.38,num_interact:190,Intrvl:15,num_users:764,errors:1
rt:33.56,through:13.6,tt:0.35,num_interact:204,Intrvl:15,num_users:741,errors:16
rt:30.05,through:18.4,tt:0.32,num_interact:276,Intrvl:15,num_users:706,errors:0
rt:20.7,through:24.13,tt:0.36,num_interact:362,Intrvl:15,num_users:811,errors:9
rt:25.05,through:21.33,tt:0.39,num_interact:326,Intrvl:15,num_users:737,errors:2
rt:18.79,through:21.2,tt:0.35,num_interact:318,Intrvl:15,num_users:676,errors:0
rt:19.91,through:24.07,tt:0.38,num_interact:361,Intrvl:15,num_users:734,errors:5
rt:20,through:22.27,tt:0.36,num_interact:334,Intrvl:15,num_users:698,errors:4
rt:18.38,through:24.67,tt:0.39,num_interact:370,Intrvl:15,num_users:755,errors:0
rt:20.1,through:24.47,tt:0.35,num_interact:374,Intrvl:15,num_users:741,errors:4
rt:19.09,through:22.2,tt:0.33,num_interact:333,Intrvl:15,num_users:715,errors:6
rt:19.81,through:26.07,tt:0.39,num_interact:401,Intrvl:15,num_users:807,errors:4
rt:98.84,through:23.93,tt:0.36,num_interact:713,Intrvl:15,num_users:815,errors:0
rt:199.72,through:18.2,tt:0.37,num_interact:273,Intrvl:15,num_users:767,errors:0
rt:32.05,through:15.67,tt:0.33,num_interact:235,Intrvl:15,num_users:794,errors:0
rt:69.84,through:1,tt:0.28,num_interact:15,Intrvl:15,num_users:774,errors:0
rt:48.52,through:1.87,tt:0.4,num_interact:28,Intrvl:15,num_users:685,errors:0
rt:103.95,through:52.2,tt:0.36,num_interact:783,Intrvl:15,num_users:721,errors:0
rt:23.66,through:46.4,tt:0.36,num_interact:967,Intrvl:15,num_users:810,errors:0
rt:32.41,through:31.53,tt:0.39,num_interact:473,Intrvl:15,num_users:820,errors:0
rt:21.11,through:29.87,tt:0.34,num_interact:448,Intrvl:15,num_users:707,errors:0
rt:15.71,through:22.6,tt:0.37,num_interact:339,Intrvl:15,num_users:754,errors:0
rt:20.22,through:25.07,tt:0.38,num_interact:377,Intrvl:15,num_users:757,errors:0
rt:19.76,through:22.87,tt:0.39,num_interact:343,Intrvl:15,num_users:708,errors:0
rt:17.97,through:24.73,tt:0.37,num_interact:371,Intrvl:15,num_users:738,errors:0
rt:18.09,through:25.47,tt:0.37,num_interact:385,Intrvl:15,num_users:755,errors:0
rt:18.68,through:24.13,tt:0.38,num_interact:362,Intrvl:15,num_users:727,errors:0
rt:18.73,through:23.47,tt:0.36,num_interact:352,Intrvl:15,num_users:707,errors:0
rt:17.89,through:25.27,tt:0.37,num_interact:379,Intrvl:15,num_users:696,errors:0
rt:17.28,through:25.47,tt:0.37,num_interact:382,Intrvl:15,num_users:767,errors:0
rt:18.36,through:22,tt:0.37,num_interact:330,Intrvl:15,num_users:706,errors:0
rt:18.67,through:24.33,tt:0.36,num_interact:365,Intrvl:15,num_users:696,errors:0
rt:16.75,through:25.2,tt:0.38,num_interact:378,Intrvl:15,num_users:698,errors:0
rt:16.07,through:24.73,tt:0.34,num_interact:371,Intrvl:15,num_users:681,errors:0
rt:17.52,through:25.47,tt:0.36,num_interact:382,Intrvl:15,num_users:744,errors:0
rt:17.49,through:22.73,tt:0.37,num_interact:341,Intrvl:15,num_users:711,errors:0
rt:18.04,through:25.53,tt:0.34,num_interact:383,Intrvl:15,num_users:754,errors:0
rt:18.42,through:22.87,tt:0.36,num_interact:343,Intrvl:15,num_users:688,errors:0
rt:17.47,through:23.4,tt:0.35,num_interact:351,Intrvl:15,num_users:708,errors:0
rt:17.18,through:25.6,tt:0.37,num_interact:384,Intrvl:15,num_users:715,errors:0
rt:17.55,through:25.4,tt:0.33,num_interact:381,Intrvl:15,num_users:718,errors:0
rt:17.43,through:24.73,tt:0.35,num_interact:371,Intrvl:15,num_users:724,errors:0
rt:17.36,through:23.07,tt:0.36,num_interact:346,Intrvl:15,num_users:663,errors:0
rt:16.76,through:24.6,tt:0.35,num_interact:370,Intrvl:15,num_users:669,errors:0
rt:15.45,through:25.6,tt:0.37,num_interact:384,Intrvl:15,num_users:669,errors:0
rt:15.48,through:25.73,tt:0.35,num_interact:386,Intrvl:15,num_users:707,errors:0
rt:16.77,through:24.13,tt:0.37,num_interact:372,Intrvl:15,num_users:713,errors:0
rt:17.64,through:26.47,tt:0.37,num_interact:399,Intrvl:15,num_users:750,errors:0
rt:17.75,through:21.93,tt:0.33,num_interact:329,Intrvl:15,num_users:691,errors:0
rt:18.13,through:25.13,tt:0.41,num_interact:379,Intrvl:15,num_users:760,errors:0
rt:17.84,through:23.93,tt:0.33,num_interact:359,Intrvl:15,num_users:737,errors:0
rt:18.54,through:25.53,tt:0.32,num_interact:383,Intrvl:15,num_users:732,errors:0
rt:18.01,through:23.67,tt:0.34,num_interact:355,Intrvl:15,num_users:705,errors:0
rt:16.89,through:20,tt:0.35,num_interact:300,Intrvl:15,num_users:591,errors:0
rt:14.92,through:23.73,tt:0.41,num_interact:356,Intrvl:15,num_users:673,errors:0
rt:16.02,through:23.33,tt:0.34,num_interact:350,Intrvl:15,num_users:629,errors:0
rt:15.09,through:24.8,tt:0.36,num_interact:372,Intrvl:15,num_users:658,errors:0
rt:15.47,through:24.93,tt:0.37,num_interact:374,Intrvl:15,num_users:765,errors:0
rt:17.98,through:21.73,tt:0.38,num_interact:339,Intrvl:15,num_users:692,errors:0
rt:18.18,through:22,tt:0.32,num_interact:334,Intrvl:15,num_users:636,errors:0
rt:15.76,through:25,tt:0.35,num_interact:375,Intrvl:15,num_users:684,errors:0
rt:15.49,through:23.4,tt:0.36,num_interact:351,Intrvl:15,num_users:641,errors:0
rt:15.33,through:24.6,tt:0.37,num_interact:369,Intrvl:15,num_users:689,errors:0
rt:16.66,through:24.73,tt:0.36,num_interact:371,Intrvl:15,num_users:758,errors:0
rt:18.67,through:25.93,tt:0.38,num_interact:402,Intrvl:15,num_users:798,errors:0
rt:19.83,through:23.93,tt:0.36,num_interact:360,Intrvl:15,num_users:755,errors:0
rt:19.45,through:24.93,tt:0.36,num_interact:374,Intrvl:15,num_users:760,errors:0
rt:19.39,through:22.33,tt:0.37,num_interact:336,Intrvl:15,num_users:703,errors:0
rt:18.45,through:24.87,tt:0.33,num_interact:373,Intrvl:15,num_users:732,errors:0
rt:18.39,through:25.2,tt:0.36,num_interact:380,Intrvl:15,num_users:789,errors:0
rt:19.55,through:23.07,tt:0.35,num_interact:346,Intrvl:15,num_users:726,errors:0
rt:18.72,through:21.8,tt:0.37,num_interact:327,Intrvl:15,num_users:690,errors:0
rt:18.54,through:22.8,tt:0.34,num_interact:342,Intrvl:15,num_users:665,errors:0
rt:15.88,through:26.4,tt:0.32,num_interact:396,Intrvl:15,num_users:669,errors:0
rt:15.98,through:25.4,tt:0.36,num_interact:381,Intrvl:15,num_users:706,errors:0
rt:16.64,through:25.47,tt:0.35,num_interact:382,Intrvl:15,num_users:731,errors:0
rt:17.93,through:20.87,tt:0.32,num_interact:313,Intrvl:15,num_users:651,errors:0
rt:16.24,through:25.13,tt:0.33,num_interact:377,Intrvl:15,num_users:651,errors:0
rt:15.83,through:24.2,tt:0.34,num_interact:367,Intrvl:15,num_users:650,errors:0
rt:15.38,through:28.8,tt:0.35,num_interact:452,Intrvl:15,num_users:757,errors:5
rt:15.79,through:25.6,tt:0.33,num_interact:384,Intrvl:15,num_users:712,errors:0
rt:15.03,through:30,tt:0.36,num_interact:450,Intrvl:15,num_users:692,errors:0
rt:15.25,through:26.73,tt:0.36,num_interact:401,Intrvl:15,num_users:752,errors:0
rt:15.99,through:28.2,tt:0.35,num_interact:423,Intrvl:15,num_users:721,errors:0
rt:17.62,through:20.13,tt:0.36,num_interact:302,Intrvl:15,num_users:733,errors:0
rt:16.93,through:29.6,tt:0.35,num_interact:444,Intrvl:15,num_users:624,errors:0
rt:14.68,through:19.8,tt:0.32,num_interact:297,Intrvl:15,num_users:764,errors:0
rt:19.58,through:5.87,tt:0.36,num_interact:88,Intrvl:15,num_users:715,errors:0
rt:73.65,through:49.53,tt:0.36,num_interact:743,Intrvl:15,num_users:750,errors:0
rt:19,through:28.13,tt:0.38,num_interact:429,Intrvl:15,num_users:698,errors:0
rt:14.68,through:29.93,tt:0.35,num_interact:449,Intrvl:15,num_users:660,errors:0
rt:50.68,through:20.8,tt:0.39,num_interact:412,Intrvl:15,num_users:774,errors:0
rt:299.36,through:102.93,tt:0.36,num_interact:1544,Intrvl:15,num_users:806,errors:19
rt:128.47,through:10.4,tt:0.3,num_interact:156,Intrvl:15,num_users:775,errors:0
rt:53.39,through:11.13,tt:0.37,num_interact:167,Intrvl:15,num_users:726,errors:0
rt:24.82,through:12.2,tt:0.34,num_interact:183,Intrvl:15,num_users:763,errors:0
rt:23.33,through:11.33,tt:0.39,num_interact:170,Intrvl:15,num_users:689,errors:0
rt:21.03,through:12.67,tt:0.34,num_interact:190,Intrvl:15,num_users:777,errors:0
rt:21.84,through:10.93,tt:0.39,num_interact:164,Intrvl:15,num_users:709,errors:0
rt:22.08,through:11.8,tt:0.4,num_interact:177,Intrvl:15,num_users:712,errors:0
rt:20.53,through:12.73,tt:0.32,num_interact:192,Intrvl:15,num_users:695,errors:0
rt:19.27,through:13.07,tt:0.36,num_interact:196,Intrvl:15,num_users:721,errors:0
rt:19.28,through:13.33,tt:0.44,num_interact:200,Intrvl:15,num_users:720,errors:0
rt:19.62,through:12.87,tt:0.34,num_interact:193,Intrvl:15,num_users:701,errors:0
rt:19.78,through:12.27,tt:0.4,num_interact:184,Intrvl:15,num_users:682,errors:0
rt:17.03,through:11.87,tt:0.37,num_interact:178,Intrvl:15,num_users:629,errors:0
rt:16.26,through:12.8,tt:0.37,num_interact:192,Intrvl:15,num_users:674,errors:0
rt:17.36,through:13.47,tt:0.37,num_interact:202,Intrvl:15,num_users:666,errors:0
rt:16.79,through:13.27,tt:0.34,num_interact:199,Intrvl:15,num_users:683,errors:0
rt:17.83,through:13.4,tt:0.39,num_interact:201,Intrvl:15,num_users:693,errors:0
rt:20.17,through:11.27,tt:0.4,num_interact:169,Intrvl:15,num_users:643,errors:0
rt:15.98,through:11.73,tt:0.34,num_interact:176,Intrvl:15,num_users:597,errors:0
rt:15.33,through:13.2,tt:0.32,num_interact:198,Intrvl:15,num_users:651,errors:0
rt:16.07,through:13.53,tt:0.38,num_interact:203,Intrvl:15,num_users:736,errors:0
rt:21.39,through:14,tt:0.39,num_interact:210,Intrvl:15,num_users:765,errors:0
rt:23.74,through:13.13,tt:0.4,num_interact:197,Intrvl:15,num_users:771,errors:0
rt:25.34,through:12.73,tt:0.35,num_interact:191,Intrvl:15,num_users:731,errors:0
rt:25.53,through:9.93,tt:0.36,num_interact:149,Intrvl:15,num_users:676,errors:0
rt:22.66,through:10.87,tt:0.31,num_interact:163,Intrvl:15,num_users:644,errors:0
rt:20.37,through:11.8,tt:0.38,num_interact:177,Intrvl:15,num_users:624,errors:0
rt:16.33,through:13.8,tt:0.35,num_interact:207,Intrvl:15,num_users:644,errors:0
rt:15.31,through:12.13,tt:0.3,num_interact:182,Intrvl:15,num_users:632,errors:0
rt:16.69,through:13.93,tt:0.32,num_interact:209,Intrvl:15,num_users:644,errors:0
rt:16.42,through:13.87,tt:0.34,num_interact:208,Intrvl:15,num_users:673,errors:0
rt:18.6,through:12.33,tt:0.35,num_interact:185,Intrvl:15,num_users:643,errors:0
rt:17.43,through:13,tt:0.36,num_interact:195,Intrvl:15,num_users:761,errors:0
rt:21.52,through:8.2,tt:0.3,num_interact:123,Intrvl:15,num_users:643,errors:0
rt:22.79,through:10.13,tt:0.37,num_interact:152,Intrvl:15,num_users:610,errors:0
rt:17.41,through:12.53,tt:0.38,num_interact:188,Intrvl:15,num_users:698,errors:0
rt:18.61,through:12.73,tt:0.38,num_interact:191,Intrvl:15,num_users:671,errors:0
rt:19.89,through:13.13,tt:0.36,num_interact:197,Intrvl:15,num_users:705,errors:0
rt:21.12,through:9.73,tt:0.4,num_interact:146,Intrvl:15,num_users:629,errors:0
rt:19.31,through:12.33,tt:0.34,num_interact:185,Intrvl:15,num_users:685,errors:0
rt:19.48,through:13.53,tt:0.36,num_interact:203,Intrvl:15,num_users:779,errors:0
rt:22.96,through:8.8,tt:0.35,num_interact:132,Intrvl:15,num_users:653,errors:0
rt:24.06,through:10.8,tt:0.33,num_interact:162,Intrvl:15,num_users:686,errors:0
rt:20.92,through:13.2,tt:0.35,num_interact:198,Intrvl:15,num_users:748,errors:0
rt:23,through:11.47,tt:0.38,num_interact:172,Intrvl:15,num_users:691,errors:0
rt:23.11,through:12.67,tt:0.36,num_interact:190,Intrvl:15,num_users:697,errors:0
rt:21.31,through:13.6,tt:0.36,num_interact:204,Intrvl:15,num_users:755,errors:0
rt:22.89,through:12.4,tt:0.37,num_interact:186,Intrvl:15,num_users:717,errors:0
rt:24.67,through:10.6,tt:0.35,num_interact:159,Intrvl:15,num_users:660,errors:0
rt:20.77,through:12.27,tt:0.32,num_interact:184,Intrvl:15,num_users:770,errors:0
rt:24.97,through:9.53,tt:0.38,num_interact:143,Intrvl:15,num_users:697,errors:0
rt:23.67,through:12.93,tt:0.33,num_interact:194,Intrvl:15,num_users:746,errors:0
rt:25.94,through:7.4,tt:0.35,num_interact:111,Intrvl:15,num_users:616,errors:0
rt:20.98,through:11.4,tt:0.31,num_interact:171,Intrvl:15,num_users:675,errors:0
rt:19.67,through:13.73,tt:0.37,num_interact:206,Intrvl:15,num_users:739,errors:0
rt:21.55,through:13.13,tt:0.35,num_interact:197,Intrvl:15,num_users:768,errors:0
rt:24.95,through:10.53,tt:0.31,num_interact:158,Intrvl:15,num_users:680,errors:0
rt:23.75,through:11.47,tt:0.35,num_interact:172,Intrvl:15,num_users:745,errors:0
rt:24.3,through:12.73,tt:0.37,num_interact:191,Intrvl:15,num_users:721,errors:0
rt:23.21,through:12.6,tt:0.34,num_interact:189,Intrvl:15,num_users:807,errors:0
rt:27.6,through:10.67,tt:0.36,num_interact:160,Intrvl:15,num_users:730,errors:0
rt:25.99,through:11.67,tt:0.35,num_interact:175,Intrvl:15,num_users:769,errors:5
rt:21.51,through:16.87,tt:0.38,num_interact:253,Intrvl:15,num_users:777,errors:0
rt:16.64,through:17.33,tt:0.34,num_interact:260,Intrvl:15,num_users:695,errors:1
rt:16.45,through:17.6,tt:0.38,num_interact:264,Intrvl:15,num_users:715,errors:1
rt:13.1,through:26.53,tt:0.36,num_interact:398,Intrvl:15,num_users:789,errors:0
rt:37.37,through:24.73,tt:0.38,num_interact:618,Intrvl:15,num_users:801,errors:0
rt:38.24,through:27.73,tt:0.37,num_interact:416,Intrvl:15,num_users:812,errors:0
rt:121.5,through:25.8,tt:0.33,num_interact:430,Intrvl:15,num_users:820,errors:0
rt:290.43,through:14,tt:0.37,num_interact:210,Intrvl:15,num_users:822,errors:0
rt:188.31,through:3.6,tt:0.43,num_interact:54,Intrvl:15,num_users:752,errors:0
rt:119.93,through:6.47,tt:0.34,num_interact:97,Intrvl:15,num_users:782,errors:0
rt:29.12,through:24.27,tt:0.37,num_interact:364,Intrvl:15,num_users:731,errors:0
rt:6.38,through:18.67,tt:0.34,num_interact:280,Intrvl:15,num_users:668,errors:0
rt:6.14,through:24.07,tt:0.32,num_interact:361,Intrvl:15,num_users:686,errors:0
rt:5.13,through:23.87,tt:0.37,num_interact:358,Intrvl:15,num_users:673,errors:0
rt:5.3,through:15.87,tt:0.34,num_interact:238,Intrvl:15,num_users:601,errors:0
rt:6.18,through:22.33,tt:0.35,num_interact:335,Intrvl:15,num_users:679,errors:0
rt:7.41,through:23,tt:0.35,num_interact:345,Intrvl:15,num_users:698,errors:0
rt:6.82,through:24.67,tt:0.38,num_interact:370,Intrvl:15,num_users:702,errors:0
rt:6.77,through:19.6,tt:0.36,num_interact:294,Intrvl:15,num_users:676,errors:0
rt:7.54,through:23.07,tt:0.37,num_interact:346,Intrvl:15,num_users:708,errors:0
rt:8.94,through:19.93,tt:0.37,num_interact:299,Intrvl:15,num_users:697,errors:0
rt:9.44,through:19.33,tt:0.34,num_interact:290,Intrvl:15,num_users:679,errors:0
rt:8.16,through:18.13,tt:0.39,num_interact:272,Intrvl:15,num_users:697,errors:0
rt:9.03,through:19.6,tt:0.36,num_interact:294,Intrvl:15,num_users:669,errors:0
rt:8.58,through:21.6,tt:0.4,num_interact:324,Intrvl:15,num_users:735,errors:0
rt:7.73,through:22.4,tt:0.35,num_interact:336,Intrvl:15,num_users:725,errors:0
rt:9.91,through:21.2,tt:0.33,num_interact:318,Intrvl:15,num_users:731,errors:0
rt:9.6,through:17.73,tt:0.35,num_interact:266,Intrvl:15,num_users:696,errors:2
rt:12.74,through:11.6,tt:0.37,num_interact:174,Intrvl:15,num_users:637,errors:1
rt:8.03,through:22.27,tt:0.39,num_interact:334,Intrvl:15,num_users:702,errors:0
rt:8.69,through:16.6,tt:0.34,num_interact:249,Intrvl:15,num_users:648,errors:0
rt:8.7,through:15,tt:0.39,num_interact:225,Intrvl:15,num_users:651,errors:0
rt:8.8,through:16.6,tt:0.37,num_interact:249,Intrvl:15,num_users:638,errors:0
rt:6.91,through:18,tt:0.39,num_interact:270,Intrvl:15,num_users:757,errors:0
rt:2.68,through:6.93,tt:0.32,num_interact:104,Intrvl:15,num_users:607,errors:0
rt:4.13,through:16.2,tt:0.36,num_interact:243,Intrvl:15,num_users:604,errors:10
rt:8.81,through:19.87,tt:0.33,num_interact:298,Intrvl:15,num_users:650,errors:44
rt:10.16,through:18.93,tt:0.36,num_interact:284,Intrvl:15,num_users:654,errors:15
rt:8.77,through:17.33,tt:0.38,num_interact:260,Intrvl:15,num_users:661,errors:0
rt:7.34,through:19.13,tt:0.36,num_interact:287,Intrvl:15,num_users:704,errors:0
rt:15.08,through:8.53,tt:0.42,num_interact:128,Intrvl:15,num_users:575,errors:0
rt:9.82,through:15.4,tt:0.36,num_interact:231,Intrvl:15,num_users:612,errors:0
rt:8.04,through:17.2,tt:0.37,num_interact:258,Intrvl:15,num_users:613,errors:0
rt:7.09,through:18,tt:0.36,num_interact:270,Intrvl:15,num_users:628,errors:0
rt:7.8,through:17,tt:0.37,num_interact:255,Intrvl:15,num_users:624,errors:0
rt:8.23,through:14.8,tt:0.33,num_interact:222,Intrvl:15,num_users:606,errors:0
rt:7.6,through:16.4,tt:0.37,num_interact:246,Intrvl:15,num_users:604,errors:0
rt:7.27,through:16.67,tt:0.4,num_interact:250,Intrvl:15,num_users:601,errors:0
rt:6.29,through:16.53,tt:0.33,num_interact:248,Intrvl:15,num_users:599,errors:0
rt:6.44,through:20.6,tt:0.36,num_interact:309,Intrvl:15,num_users:649,errors:0
rt:8.42,through:21,tt:0.33,num_interact:315,Intrvl:15,num_users:741,errors:0
rt:9.2,through:10.53,tt:0.35,num_interact:158,Intrvl:15,num_users:626,errors:0
rt:12.92,through:7.53,tt:0.36,num_interact:113,Intrvl:15,num_users:562,errors:0
rt:9.22,through:14.93,tt:0.36,num_interact:224,Intrvl:15,num_users:582,errors:0
rt:6.55,through:20.2,tt:0.34,num_interact:303,Intrvl:15,num_users:637,errors:0
rt:7.57,through:16.93,tt:0.34,num_interact:254,Intrvl:15,num_users:636,errors:0
rt:8.24,through:20.67,tt:0.36,num_interact:310,Intrvl:15,num_users:690,errors:0
rt:10.37,through:11.6,tt:0.32,num_interact:174,Intrvl:15,num_users:616,errors:0
rt:11.32,through:14.2,tt:0.34,num_interact:213,Intrvl:15,num_users:634,errors:0
rt:9.07,through:19.33,tt:0.38,num_interact:290,Intrvl:15,num_users:680,errors:0
rt:11.31,through:16.67,tt:0.38,num_interact:250,Intrvl:15,num_users:672,errors:0
rt:11.38,through:17.13,tt:0.35,num_interact:257,Intrvl:15,num_users:676,errors:0
rt:12.37,through:12.93,tt:0.35,num_interact:194,Intrvl:15,num_users:622,errors:0
rt:11.55,through:13.47,tt:0.31,num_interact:202,Intrvl:15,num_users:615,errors:0
rt:9.31,through:11.33,tt:0.32,num_interact:170,Intrvl:15,num_users:567,errors:0
rt:7.09,through:17.47,tt:0.33,num_interact:262,Intrvl:15,num_users:584,errors:0
rt:6.18,through:18.13,tt:0.34,num_interact:272,Intrvl:15,num_users:597,errors:0
rt:7.19,through:12.93,tt:0.31,num_interact:194,Intrvl:15,num_users:560,errors:0
rt:5.7,through:17.4,tt:0.32,num_interact:261,Intrvl:15,num_users:581,errors:0
rt:5.94,through:19,tt:0.37,num_interact:285,Intrvl:15,num_users:601,errors:0
rt:7.13,through:15.47,tt:0.35,num_interact:232,Intrvl:15,num_users:581,errors:0
rt:6.14,through:18.93,tt:0.32,num_interact:284,Intrvl:15,num_users:638,errors:0
rt:7.2,through:22.27,tt:0.37,num_interact:334,Intrvl:15,num_users:710,errors:0
rt:9.38,through:18.47,tt:0.38,num_interact:277,Intrvl:15,num_users:725,errors:0
rt:13.47,through:15.73,tt:0.4,num_interact:236,Intrvl:15,num_users:702,errors:0
rt:13.37,through:17.6,tt:0.32,num_interact:264,Intrvl:15,num_users:735,errors:0
rt:15.09,through:13.53,tt:0.31,num_interact:203,Intrvl:15,num_users:668,errors:2
rt:14.6,through:8.87,tt:0.37,num_interact:133,Intrvl:15,num_users:591,errors:0
rt:12.35,through:12.53,tt:0.33,num_interact:188,Intrvl:15,num_users:630,errors:0
rt:10.9,through:13,tt:0.37,num_interact:195,Intrvl:15,num_users:598,errors:0
rt:8.73,through:18,tt:0.34,num_interact:270,Intrvl:15,num_users:622,errors:0
rt:7.7,through:20.13,tt:0.36,num_interact:302,Intrvl:15,num_users:677,errors:0
rt:8.61,through:17.93,tt:0.36,num_interact:269,Intrvl:15,num_users:687,errors:0
rt:12.48,through:12.27,tt:0.33,num_interact:184,Intrvl:15,num_users:624,errors:0
rt:11.67,through:14.2,tt:0.33,num_interact:213,Intrvl:15,num_users:625,errors:0
rt:10.53,through:16.53,tt:0.35,num_interact:248,Intrvl:15,num_users:623,errors:0
rt:9.38,through:17.47,tt:0.37,num_interact:262,Intrvl:15,num_users:626,errors:0
rt:8.67,through:17.33,tt:0.35,num_interact:260,Intrvl:15,num_users:633,errors:0
rt:9.4,through:14.2,tt:0.34,num_interact:213,Intrvl:15,num_users:605,errors:0
rt:8.32,through:21.67,tt:0.35,num_interact:325,Intrvl:15,num_users:693,errors:0
rt:8.87,through:12.93,tt:0.38,num_interact:194,Intrvl:15,num_users:644,errors:0
rt:11.82,through:13.93,tt:0.34,num_interact:209,Intrvl:15,num_users:628,errors:0
rt:10.52,through:17.07,tt:0.31,num_interact:256,Intrvl:15,num_users:638,errors:0
rt:10.02,through:17.2,tt:0.38,num_interact:258,Intrvl:15,num_users:648,errors:0
rt:9.97,through:10.87,tt:0.36,num_interact:163,Intrvl:15,num_users:589,errors:0
rt:8.03,through:20.27,tt:0.37,num_interact:304,Intrvl:15,num_users:662,errors:0
rt:9.3,through:9.2,tt:0.32,num_interact:138,Intrvl:15,num_users:566,errors:0
rt:8.22,through:13.6,tt:0.34,num_interact:204,Intrvl:15,num_users:582,errors:0
rt:7.01,through:19.73,tt:0.41,num_interact:296,Intrvl:15,num_users:628,errors:0
rt:8.06,through:17.6,tt:0.33,num_interact:264,Intrvl:15,num_users:632,errors:0
rt:9.37,through:10.6,tt:0.33,num_interact:159,Intrvl:15,num_users:572,errors:0
rt:6.72,through:18.93,tt:0.36,num_interact:284,Intrvl:15,num_users:622,errors:0
rt:8.28,through:16.33,tt:0.36,num_interact:245,Intrvl:15,num_users:619,errors:0
rt:8.12,through:19.8,tt:0.34,num_interact:297,Intrvl:15,num_users:653,errors:0
rt:9.89,through:15.2,tt:0.34,num_interact:228,Intrvl:15,num_users:638,errors:0
rt:10.48,through:15.27,tt:0.35,num_interact:229,Intrvl:15,num_users:618,errors:0
rt:8.27,through:18.13,tt:0.36,num_interact:272,Intrvl:15,num_users:655,errors:0
rt:10.2,through:12.2,tt:0.29,num_interact:183,Intrvl:15,num_users:598,errors:0
rt:10.3,through:13.47,tt:0.36,num_interact:202,Intrvl:15,num_users:594,errors:0
rt:7.43,through:21.53,tt:0.4,num_interact:323,Intrvl:15,num_users:658,errors:0
rt:8.66,through:9.53,tt:0.37,num_interact:143,Intrvl:15,num_users:582,errors:0
rt:9.06,through:19.4,tt:0.36,num_interact:291,Intrvl:15,num_users:693,errors:0
rt:8.07,through:21.6,tt:0.37,num_interact:324,Intrvl:15,num_users:716,errors:0
rt:10.03,through:8.33,tt:0.34,num_interact:125,Intrvl:15,num_users:596,errors:0
rt:10.97,through:16.47,tt:0.39,num_interact:247,Intrvl:15,num_users:653,errors:0
rt:11.48,through:15.8,tt:0.32,num_interact:237,Intrvl:15,num_users:664,errors:0
rt:11.07,through:10.2,tt:0.33,num_interact:153,Intrvl:15,num_users:586,errors:0
rt:9.46,through:14.53,tt:0.44,num_interact:218,Intrvl:15,num_users:614,errors:0
rt:8.48,through:18.47,tt:0.35,num_interact:277,Intrvl:15,num_users:631,errors:0
rt:9.23,through:14.53,tt:0.31,num_interact:218,Intrvl:15,num_users:608,errors:0
rt:9.14,through:14.47,tt:0.34,num_interact:217,Intrvl:15,num_users:593,errors:0
rt:7.07,through:20.27,tt:0.36,num_interact:304,Intrvl:15,num_users:644,errors:0
rt:8.63,through:13.73,tt:0.32,num_interact:206,Intrvl:15,num_users:607,errors:0
rt:9.63,through:14.93,tt:0.37,num_interact:224,Intrvl:15,num_users:596,errors:0
rt:7.94,through:16.73,tt:0.37,num_interact:251,Intrvl:15,num_users:603,errors:0
rt:7.68,through:12.07,tt:0.34,num_interact:181,Intrvl:15,num_users:543,errors:0
rt:6.1,through:21.13,tt:0.36,num_interact:317,Intrvl:15,num_users:631,errors:0
rt:7.45,through:14.47,tt:0.37,num_interact:217,Intrvl:15,num_users:598,errors:0
rt:9.61,through:11.47,tt:0.35,num_interact:172,Intrvl:15,num_users:555,errors:0
rt:6.7,through:16,tt:0.36,num_interact:240,Intrvl:15,num_users:560,errors:0
rt:5.96,through:19.8,tt:0.41,num_interact:297,Intrvl:15,num_users:605,errors:0
rt:8,through:14.73,tt:0.36,num_interact:221,Intrvl:15,num_users:578,errors:0
rt:6.79,through:18.6,tt:0.32,num_interact:279,Intrvl:15,num_users:616,errors:0
rt:8.83,through:19.13,tt:0.36,num_interact:287,Intrvl:15,num_users:635,errors:0
rt:9.02,through:16,tt:0.4,num_interact:240,Intrvl:15,num_users:636,errors:0
rt:9.72,through:18.2,tt:0.34,num_interact:273,Intrvl:15,num_users:648,errors:0
rt:10.91,through:6.47,tt:0.33,num_interact:97,Intrvl:15,num_users:418,errors:0
rt:7.9,through:10.93,tt:0.36,num_interact:164,Intrvl:15,num_users:417,errors:0
rt:3.82,through:17,tt:0.39,num_interact:255,Intrvl:15,num_users:422,errors:0
rt:3.73,through:16.93,tt:0.36,num_interact:254,Intrvl:15,num_users:419,errors:0
rt:3.5,through:15.73,tt:0.38,num_interact:236,Intrvl:15,num_users:380,errors:0
rt:3.22,through:17.13,tt:0.34,num_interact:257,Intrvl:15,num_users:386,errors:0
rt:3.16,through:16.07,tt:0.36,num_interact:241,Intrvl:15,num_users:368,errors:0
rt:3.47,through:19,tt:0.38,num_interact:285,Intrvl:15,num_users:404,errors:0
rt:4.43,through:12.73,tt:0.35,num_interact:191,Intrvl:15,num_users:363,errors:0
rt:3.23,through:17.6,tt:0.35,num_interact:264,Intrvl:15,num_users:376,errors:0
rt:2.73,through:15.13,tt:0.37,num_interact:227,Intrvl:15,num_users:360,errors:0
rt:3.17,through:18.53,tt:0.36,num_interact:278,Intrvl:15,num_users:381,errors:0
rt:4.43,through:18.2,tt:0.35,num_interact:273,Intrvl:15,num_users:394,errors:0
rt:4.63,through:16.13,tt:0.33,num_interact:242,Intrvl:15,num_users:390,errors:0
rt:4.02,through:13.4,tt:0.32,num_interact:201,Intrvl:15,num_users:343,errors:0
rt:3.43,through:20.33,tt:0.35,num_interact:305,Intrvl:15,num_users:395,errors:0
rt:5.29,through:16,tt:0.31,num_interact:240,Intrvl:15,num_users:388,errors:0
rt:5.61,through:17.27,tt:0.33,num_interact:259,Intrvl:15,num_users:389,errors:0
rt:5.11,through:19,tt:0.41,num_interact:285,Intrvl:15,num_users:424,errors:0
rt:6.72,through:15.53,tt:0.38,num_interact:233,Intrvl:15,num_users:411,errors:0
rt:6.78,through:9.73,tt:0.31,num_interact:146,Intrvl:15,num_users:352,errors:0
rt:4,through:18.07,tt:0.38,num_interact:271,Intrvl:15,num_users:376,errors:0
rt:4.46,through:18.93,tt:0.35,num_interact:284,Intrvl:15,num_users:403,errors:0
rt:5.91,through:13.93,tt:0.33,num_interact:209,Intrvl:15,num_users:381,errors:0
rt:5.01,through:18.4,tt:0.36,num_interact:276,Intrvl:15,num_users:403,errors:0
rt:5.88,through:15.73,tt:0.36,num_interact:236,Intrvl:15,num_users:390,errors:0
rt:5.13,through:15.33,tt:0.32,num_interact:230,Intrvl:15,num_users:378,errors:0
rt:4.56,through:13,tt:0.37,num_interact:195,Intrvl:15,num_users:345,errors:0
rt:2.59,through:16.47,tt:0.36,num_interact:247,Intrvl:15,num_users:342,errors:0
rt:3.94,through:21.93,tt:0.38,num_interact:329,Intrvl:15,num_users:409,errors:0
rt:5.18,through:19.67,tt:0.38,num_interact:295,Intrvl:15,num_users:456,errors:0
rt:7.61,through:8,tt:0.33,num_interact:120,Intrvl:15,num_users:362,errors:0
rt:5.72,through:17,tt:0.37,num_interact:255,Intrvl:15,num_users:408,errors:0
rt:6.76,through:12,tt:0.34,num_interact:180,Intrvl:15,num_users:368,errors:0
rt:4.55,through:21.13,tt:0.38,num_interact:317,Intrvl:15,num_users:435,errors:0
rt:7.21,through:13,tt:0.34,num_interact:195,Intrvl:15,num_users:397,errors:0
rt:7.06,through:14.73,tt:0.39,num_interact:221,Intrvl:15,num_users:385,errors:0
rt:4.71,through:11.73,tt:0.34,num_interact:176,Intrvl:15,num_users:343,errors:0
rt:3.92,through:21,tt:0.37,num_interact:315,Intrvl:15,num_users:415,errors:0
rt:5.95,through:18.33,tt:0.37,num_interact:275,Intrvl:15,num_users:423,errors:0
rt:7.18,through:13.8,tt:0.37,num_interact:207,Intrvl:15,num_users:394,errors:0
rt:6.2,through:12.53,tt:0.32,num_interact:188,Intrvl:15,num_users:363,errors:0
rt:3.26,through:14.47,tt:0.33,num_interact:217,Intrvl:15,num_users:343,errors:0
rt:3.58,through:17.53,tt:0.35,num_interact:263,Intrvl:15,num_users:361,errors:0
rt:4.01,through:19,tt:0.37,num_interact:285,Intrvl:15,num_users:394,errors:0
rt:5.38,through:22,tt:0.4,num_interact:330,Intrvl:15,num_users:474,errors:0
rt:7.95,through:11.47,tt:0.34,num_interact:172,Intrvl:15,num_users:407,errors:0
rt:8,through:9.93,tt:0.29,num_interact:149,Intrvl:15,num_users:362,errors:0
rt:5.14,through:19.6,tt:0.35,num_interact:294,Intrvl:15,num_users:416,errors:0
rt:6.67,through:17.13,tt:0.35,num_interact:257,Intrvl:15,num_users:415,errors:0
rt:6.67,through:15,tt:0.34,num_interact:225,Intrvl:15,num_users:401,errors:0
rt:6.09,through:19.67,tt:0.37,num_interact:295,Intrvl:15,num_users:443,errors:0
rt:7.54,through:9.87,tt:0.34,num_interact:148,Intrvl:15,num_users:371,errors:0
rt:5.77,through:17,tt:0.41,num_interact:255,Intrvl:15,num_users:407,errors:0
rt:6.1,through:14.6,tt:0.39,num_interact:219,Intrvl:15,num_users:387,errors:0
rt:5.49,through:17.93,tt:0.37,num_interact:269,Intrvl:15,num_users:403,errors:0
rt:5.91,through:14.47,tt:0.35,num_interact:217,Intrvl:15,num_users:380,errors:0
rt:5.1,through:18.93,tt:0.36,num_interact:284,Intrvl:15,num_users:408,errors:0
rt:6.26,through:14.73,tt:0.33,num_interact:221,Intrvl:15,num_users:392,errors:0
rt:5.76,through:18.2,tt:0.35,num_interact:273,Intrvl:15,num_users:408,errors:0
Terminating EBs...
EB TPCW Broswing Mix EB #15767commiting suicide!
EB TPCW Broswing Mix EB #15622commiting suicide!
EB TPCW Broswing Mix EB #305commiting suicide!
EB TPCW Broswing Mix EB #240commiting suicide!
EB TPCW Broswing Mix EB #15798commiting suicide!
EB TPCW Broswing Mix EB #15805commiting suicide!
EB TPCW Broswing Mix EB #87commiting suicide!
EB TPCW Broswing Mix EB #15502commiting suicide!
EB TPCW Broswing Mix EB #15773commiting suicide!
EB TPCW Broswing Mix EB #198commiting suicide!
EB TPCW Broswing Mix EB #1043commiting suicide!
EB TPCW Broswing Mix EB #84commiting suicide!
EB TPCW Broswing Mix EB #15774commiting suicide!
EB TPCW Broswing Mix EB #15799commiting suicide!
EB TPCW Broswing Mix EB #15500commiting suicide!
EB TPCW Broswing Mix EB #15777commiting suicide!
EB TPCW Broswing Mix EB #147commiting suicide!
EB TPCW Broswing Mix EB #110commiting suicide!
EB TPCW Broswing Mix EB #15801commiting suicide!
EB TPCW Broswing Mix EB #140commiting suicide!
EB TPCW Broswing Mix EB #15498commiting suicide!
EB TPCW Broswing Mix EB #268commiting suicide!
EB TPCW Broswing Mix EB #188commiting suicide!
EB TPCW Broswing Mix EB #15499commiting suicide!
EB TPCW Broswing Mix EB #34commiting suicide!
EB TPCW Broswing Mix EB #15723commiting suicide!
EB TPCW Broswing Mix EB #37commiting suicide!
EB TPCW Broswing Mix EB #285commiting suicide!
EB TPCW Broswing Mix EB #15807commiting suicide!
EB TPCW Broswing Mix EB #292commiting suicide!
EB TPCW Broswing Mix EB #235commiting suicide!
EB TPCW Broswing Mix EB #15620commiting suicide!
EB TPCW Broswing Mix EB #15810commiting suicide!
EB TPCW Broswing Mix EB #15772commiting suicide!
EB TPCW Broswing Mix EB #113commiting suicide!
EB TPCW Broswing Mix EB #15778commiting suicide!
EB TPCW Broswing Mix EB #319commiting suicide!
EB TPCW Broswing Mix EB #181commiting suicide!
EB TPCW Broswing Mix EB #15808commiting suicide!
EB TPCW Broswing Mix EB #15721commiting suicide!
EB TPCW Broswing Mix EB #15495commiting suicide!
EB TPCW Broswing Mix EB #270commiting suicide!
EB TPCW Broswing Mix EB #15490commiting suicide!
EB TPCW Broswing Mix EB #15496commiting suicide!
EB TPCW Broswing Mix EB #15719commiting suicide!
EB TPCW Broswing Mix EB #15488commiting suicide!
EB TPCW Broswing Mix EB #86commiting suicide!
EB TPCW Broswing Mix EB #121commiting suicide!
EB TPCW Broswing Mix EB #85commiting suicide!
EB TPCW Broswing Mix EB #15505commiting suicide!
EB TPCW Broswing Mix EB #15800commiting suicide!
EB TPCW Broswing Mix EB #15806commiting suicide!
EB TPCW Broswing Mix EB #54commiting suicide!
EB TPCW Broswing Mix EB #15802commiting suicide!
EB TPCW Broswing Mix EB #15797commiting suicide!
EB TPCW Broswing Mix EB #15503commiting suicide!
EB TPCW Broswing Mix EB #93commiting suicide!
EB TPCW Broswing Mix EB #15720commiting suicide!
EB TPCW Broswing Mix EB #15491commiting suicide!
EB TPCW Broswing Mix EB #65commiting suicide!
EB TPCW Broswing Mix EB #15771commiting suicide!
EB TPCW Broswing Mix EB #326commiting suicide!
EB TPCW Broswing Mix EB #1050commiting suicide!
EB TPCW Broswing Mix EB #15497commiting suicide!
EB TPCW Broswing Mix EB #15494commiting suicide!
EB TPCW Broswing Mix EB #146commiting suicide!
EB TPCW Broswing Mix EB #91commiting suicide!
EB TPCW Broswing Mix EB #15504commiting suicide!
EB TPCW Broswing Mix EB #15501commiting suicide!
EB TPCW Broswing Mix EB #15717commiting suicide!
EB TPCW Broswing Mix EB #279commiting suicide!
EB TPCW Broswing Mix EB #109commiting suicide!
EB TPCW Broswing Mix EB #15770commiting suicide!
EB TPCW Broswing Mix EB #153commiting suicide!
EB TPCW Broswing Mix EB #120commiting suicide!
EB TPCW Broswing Mix EB #307commiting suicide!
EB TPCW Broswing Mix EB #15506commiting suicide!
EB TPCW Broswing Mix EB #192commiting suicide!
EB TPCW Broswing Mix EB #15809commiting suicide!
EB TPCW Broswing Mix EB #52commiting suicide!
EB TPCW Broswing Mix EB #15492commiting suicide!
EB TPCW Broswing Mix EB #15619commiting suicide!
EB TPCW Broswing Mix EB #15621commiting suicide!
EB TPCW Broswing Mix EB #15768commiting suicide!
EB TPCW Broswing Mix EB #15776commiting suicide!
EB TPCW Broswing Mix EB #145commiting suicide!
EB TPCW Broswing Mix EB #15718commiting suicide!
EB TPCW Broswing Mix EB #75commiting suicide!
EB TPCW Broswing Mix EB #15625commiting suicide!
EB TPCW Broswing Mix EB #15181commiting suicide!
EB TPCW Broswing Mix EB #15803commiting suicide!
EB TPCW Broswing Mix EB #15623commiting suicide!
EB TPCW Broswing Mix EB #15627commiting suicide!
EB TPCW Broswing Mix EB #151commiting suicide!
EB TPCW Broswing Mix EB #15769commiting suicide!
EB TPCW Broswing Mix EB #15795commiting suicide!
EB TPCW Broswing Mix EB #130commiting suicide!
EB TPCW Broswing Mix EB #230commiting suicide!
EB TPCW Broswing Mix EB #15493commiting suicide!
EB TPCW Broswing Mix EB #274commiting suicide!
EB TPCW Broswing Mix EB #1042commiting suicide!
EB TPCW Broswing Mix EB #15715commiting suicide!
EB TPCW Broswing Mix EB #15626commiting suicide!
EB TPCW Broswing Mix EB #15804commiting suicide!
EB TPCW Broswing Mix EB #15716commiting suicide!
EB TPCW Broswing Mix EB #15624commiting suicide!
EB TPCW Broswing Mix EB #15722commiting suicide!
EB TPCW Broswing Mix EB #323commiting suicide!
EB TPCW Broswing Mix EB #15796commiting suicide!
EB TPCW Broswing Mix EB #15775commiting suicide!
EB TPCW Broswing Mix EB #15489commiting suicide!
EB TPCW Broswing Mix EB #232commiting suicide!
EBs finished.
Really finishing RBE!.
