Remote Browser Emulator for TPC-W.
  ECE 902  Fall '99
  Version 1.5
System's current path is /root/loadtest
rt:0.12,through:1.93,tt:0.39,num_interact:29,Intrvl:15,num_users:1,errors:0
rt:1.88,through:7.8,tt:0.39,num_interact:117,Intrvl:15,num_users:20,errors:0
rt:7.19,through:6.33,tt:0.4,num_interact:95,Intrvl:15,num_users:80,errors:0
rt:10.95,through:8.6,tt:0.37,num_interact:129,Intrvl:15,num_users:120,errors:0
rt:13.2,through:8.33,tt:0.34,num_interact:125,Intrvl:15,num_users:180,errors:0
rt:16.2,through:8.6,tt:0.4,num_interact:129,Intrvl:15,num_users:240,errors:0
rt:21.36,through:8.53,tt:0.47,num_interact:128,Intrvl:15,num_users:280,errors:0
rt:26.6,through:8.53,tt:0.33,num_interact:128,Intrvl:15,num_users:310,errors:0
rt:33.52,through:8.47,tt:0.36,num_interact:127,Intrvl:15,num_users:370,errors:0
rt:34.85,through:8.73,tt:0.34,num_interact:131,Intrvl:15,num_users:346,errors:0
rt:39.75,through:6.33,tt:0.39,num_interact:95,Intrvl:15,num_users:348,errors:19
rt:40.62,through:7.73,tt:0.36,num_interact:116,Intrvl:15,num_users:342,errors:0
rt:46.04,through:8.2,tt:0.4,num_interact:123,Intrvl:15,num_users:410,errors:7
rt:45.45,through:7.93,tt:0.39,num_interact:119,Intrvl:15,num_users:357,errors:0
rt:43.05,through:6,tt:0.26,num_interact:90,Intrvl:15,num_users:327,errors:11
rt:43.06,through:6.13,tt:0.39,num_interact:92,Intrvl:15,num_users:292,errors:0
rt:44.88,through:6.07,tt:0.39,num_interact:91,Intrvl:15,num_users:304,errors:2
rt:48.63,through:7.67,tt:0.39,num_interact:115,Intrvl:15,num_users:353,errors:1
rt:40.68,through:8.6,tt:0.35,num_interact:129,Intrvl:15,num_users:368,errors:11
rt:40.75,through:7.07,tt:0.42,num_interact:106,Intrvl:15,num_users:349,errors:0
rt:41.58,through:7.2,tt:0.33,num_interact:108,Intrvl:15,num_users:317,errors:21
rt:44.98,through:6.73,tt:0.37,num_interact:101,Intrvl:15,num_users:324,errors:1
rt:41.7,through:7.33,tt:0.34,num_interact:110,Intrvl:15,num_users:366,errors:16
rt:46.15,through:7,tt:0.4,num_interact:105,Intrvl:15,num_users:348,errors:2
rt:44.36,through:7.2,tt:0.3,num_interact:108,Intrvl:15,num_users:330,errors:4
rt:47.02,through:6.4,tt:0.39,num_interact:96,Intrvl:15,num_users:320,errors:16
rt:41.4,through:7.73,tt:0.32,num_interact:116,Intrvl:15,num_users:333,errors:0
rt:47.18,through:7.87,tt:0.32,num_interact:118,Intrvl:15,num_users:342,errors:19
rt:38.53,through:7.13,tt:0.31,num_interact:107,Intrvl:15,num_users:308,errors:0
rt:42.95,through:7.13,tt:0.32,num_interact:107,Intrvl:15,num_users:295,errors:17
rt:45.6,through:6.87,tt:0.43,num_interact:103,Intrvl:15,num_users:311,errors:0
rt:41.45,through:8.07,tt:0.37,num_interact:121,Intrvl:15,num_users:346,errors:16
rt:40.49,through:7.47,tt:0.33,num_interact:112,Intrvl:15,num_users:345,errors:2
rt:37.41,through:8.27,tt:0.37,num_interact:124,Intrvl:15,num_users:368,errors:5
rt:47.43,through:7.13,tt:0.28,num_interact:107,Intrvl:15,num_users:329,errors:18
rt:38.09,through:7.2,tt:0.34,num_interact:108,Intrvl:15,num_users:336,errors:0
rt:46.43,through:5.13,tt:0.35,num_interact:77,Intrvl:15,num_users:297,errors:24
rt:44.06,through:7.4,tt:0.35,num_interact:111,Intrvl:15,num_users:324,errors:0
rt:45.07,through:7.6,tt:0.34,num_interact:114,Intrvl:15,num_users:343,errors:18
rt:43.53,through:7.4,tt:0.34,num_interact:111,Intrvl:15,num_users:348,errors:0
rt:44.98,through:8.73,tt:0.38,num_interact:131,Intrvl:15,num_users:401,errors:9
rt:48.22,through:7.27,tt:0.32,num_interact:109,Intrvl:15,num_users:325,errors:5
rt:40.83,through:5,tt:0.31,num_interact:75,Intrvl:15,num_users:286,errors:0
rt:48.5,through:4.87,tt:0.43,num_interact:73,Intrvl:15,num_users:272,errors:8
rt:47.88,through:7.67,tt:0.38,num_interact:115,Intrvl:15,num_users:369,errors:0
rt:44.11,through:7.33,tt:0.32,num_interact:110,Intrvl:15,num_users:383,errors:14
rt:37.33,through:6.73,tt:0.43,num_interact:101,Intrvl:15,num_users:339,errors:0
rt:42.55,through:7.33,tt:0.37,num_interact:110,Intrvl:15,num_users:357,errors:14
rt:47.1,through:8.13,tt:0.37,num_interact:122,Intrvl:15,num_users:337,errors:0
rt:47.32,through:5.93,tt:0.37,num_interact:89,Intrvl:15,num_users:323,errors:17
rt:45.72,through:6.13,tt:0.33,num_interact:92,Intrvl:15,num_users:248,errors:0
rt:42.36,through:6.6,tt:0.33,num_interact:99,Intrvl:15,num_users:304,errors:8
rt:42.91,through:5.8,tt:0.26,num_interact:87,Intrvl:15,num_users:278,errors:6
rt:39.26,through:6.8,tt:0.39,num_interact:102,Intrvl:15,num_users:275,errors:9
rt:46.41,through:7.2,tt:0.42,num_interact:108,Intrvl:15,num_users:280,errors:4
rt:35.18,through:8.33,tt:0.34,num_interact:125,Intrvl:15,num_users:395,errors:0
rt:41.72,through:6.73,tt:0.37,num_interact:101,Intrvl:15,num_users:268,errors:13
rt:38.33,through:3.93,tt:0.4,num_interact:59,Intrvl:15,num_users:279,errors:0
rt:43.52,through:4.87,tt:0.34,num_interact:73,Intrvl:15,num_users:271,errors:18
rt:47.41,through:7.87,tt:0.33,num_interact:118,Intrvl:15,num_users:308,errors:0
rt:46.89,through:6.67,tt:0.33,num_interact:100,Intrvl:15,num_users:254,errors:16
rt:32.76,through:5.87,tt:0.35,num_interact:88,Intrvl:15,num_users:327,errors:0
rt:40.99,through:8.8,tt:0.31,num_interact:132,Intrvl:15,num_users:291,errors:24
rt:27.13,through:5.8,tt:0.36,num_interact:87,Intrvl:15,num_users:265,errors:0
rt:20.45,through:14.67,tt:0.3,num_interact:220,Intrvl:15,num_users:244,errors:15
rt:21.07,through:11.27,tt:0.35,num_interact:169,Intrvl:15,num_users:195,errors:0
rt:17.52,through:17.4,tt:0.43,num_interact:261,Intrvl:15,num_users:396,errors:2
rt:13.42,through:18.73,tt:0.34,num_interact:281,Intrvl:15,num_users:353,errors:1
rt:18.66,through:15.67,tt:0.41,num_interact:235,Intrvl:15,num_users:348,errors:5
rt:19.2,through:14.73,tt:0.38,num_interact:221,Intrvl:15,num_users:335,errors:2
rt:18.91,through:16,tt:0.35,num_interact:240,Intrvl:15,num_users:314,errors:18
rt:18.97,through:14.47,tt:0.38,num_interact:217,Intrvl:15,num_users:289,errors:3
rt:19.06,through:16.67,tt:0.36,num_interact:250,Intrvl:15,num_users:420,errors:6
rt:23.4,through:15.2,tt:0.35,num_interact:228,Intrvl:15,num_users:369,errors:4
rt:19.14,through:14.8,tt:0.37,num_interact:222,Intrvl:15,num_users:343,errors:4
rt:22.86,through:14.73,tt:0.38,num_interact:221,Intrvl:15,num_users:356,errors:17
rt:20.77,through:15.53,tt:0.37,num_interact:233,Intrvl:15,num_users:317,errors:0
rt:24.06,through:15.6,tt:0.41,num_interact:234,Intrvl:15,num_users:357,errors:13
rt:18.73,through:15.8,tt:0.38,num_interact:237,Intrvl:15,num_users:337,errors:0
rt:19.66,through:14.53,tt:0.33,num_interact:218,Intrvl:15,num_users:307,errors:20
rt:18.43,through:14.87,tt:0.41,num_interact:223,Intrvl:15,num_users:366,errors:0
rt:21.59,through:18.13,tt:0.37,num_interact:272,Intrvl:15,num_users:401,errors:19
rt:21.96,through:11.73,tt:0.36,num_interact:176,Intrvl:15,num_users:294,errors:1
rt:19.27,through:14.8,tt:0.35,num_interact:222,Intrvl:15,num_users:366,errors:10
rt:22.33,through:14.73,tt:0.32,num_interact:221,Intrvl:15,num_users:354,errors:1
rt:21.72,through:16.47,tt:0.38,num_interact:247,Intrvl:15,num_users:368,errors:6
rt:23.24,through:15.87,tt:0.37,num_interact:238,Intrvl:15,num_users:364,errors:5
rt:20.15,through:16.53,tt:0.35,num_interact:248,Intrvl:15,num_users:360,errors:0
rt:21.65,through:16.13,tt:0.36,num_interact:242,Intrvl:15,num_users:353,errors:21
rt:20.27,through:14.2,tt:0.35,num_interact:213,Intrvl:15,num_users:325,errors:0
rt:20.71,through:15.6,tt:0.32,num_interact:234,Intrvl:15,num_users:296,errors:12
rt:18.22,through:15.27,tt:0.4,num_interact:229,Intrvl:15,num_users:274,errors:0
rt:18.79,through:14.93,tt:0.35,num_interact:224,Intrvl:15,num_users:291,errors:17
rt:16.81,through:17,tt:0.35,num_interact:255,Intrvl:15,num_users:327,errors:0
rt:19.56,through:17.4,tt:0.34,num_interact:261,Intrvl:15,num_users:301,errors:8
rt:17.6,through:15.27,tt:0.37,num_interact:229,Intrvl:15,num_users:318,errors:0
rt:17.29,through:16.6,tt:0.33,num_interact:249,Intrvl:15,num_users:298,errors:10
rt:17.04,through:15.67,tt:0.32,num_interact:235,Intrvl:15,num_users:309,errors:3
rt:19.66,through:16.07,tt:0.32,num_interact:241,Intrvl:15,num_users:326,errors:6
rt:17.57,through:15.27,tt:0.33,num_interact:229,Intrvl:15,num_users:289,errors:9
rt:15.91,through:15.93,tt:0.36,num_interact:239,Intrvl:15,num_users:305,errors:3
rt:20.48,through:15,tt:0.36,num_interact:225,Intrvl:15,num_users:303,errors:14
rt:16.48,through:15.33,tt:0.37,num_interact:230,Intrvl:15,num_users:280,errors:0
rt:18.51,through:16.8,tt:0.37,num_interact:252,Intrvl:15,num_users:339,errors:22
rt:16.49,through:15.53,tt:0.36,num_interact:233,Intrvl:15,num_users:281,errors:0
rt:17.44,through:15,tt:0.35,num_interact:225,Intrvl:15,num_users:303,errors:20
rt:17.61,through:14.73,tt:0.36,num_interact:221,Intrvl:15,num_users:289,errors:0
rt:22.13,through:16.53,tt:0.39,num_interact:248,Intrvl:15,num_users:357,errors:14
rt:20.57,through:15.73,tt:0.33,num_interact:236,Intrvl:15,num_users:374,errors:0
rt:20.9,through:17.93,tt:0.36,num_interact:269,Intrvl:15,num_users:375,errors:11
rt:22.05,through:13.6,tt:0.33,num_interact:204,Intrvl:15,num_users:321,errors:1
rt:19.94,through:15.6,tt:0.36,num_interact:234,Intrvl:15,num_users:339,errors:8
rt:22.13,through:16.07,tt:0.38,num_interact:241,Intrvl:15,num_users:353,errors:4
rt:19.14,through:14.73,tt:0.39,num_interact:221,Intrvl:15,num_users:280,errors:0
rt:18.16,through:15,tt:0.34,num_interact:225,Intrvl:15,num_users:291,errors:7
rt:18.11,through:15.73,tt:0.39,num_interact:236,Intrvl:15,num_users:344,errors:0
rt:19.14,through:17.27,tt:0.33,num_interact:259,Intrvl:15,num_users:335,errors:12
rt:19.28,through:15.93,tt:0.41,num_interact:239,Intrvl:15,num_users:380,errors:0
rt:21.52,through:17.47,tt:0.41,num_interact:262,Intrvl:15,num_users:365,errors:17
rt:18.44,through:12.73,tt:0.33,num_interact:191,Intrvl:15,num_users:298,errors:4
rt:13.4,through:23.53,tt:0.34,num_interact:353,Intrvl:15,num_users:304,errors:19
rt:11.62,through:21.8,tt:0.39,num_interact:327,Intrvl:15,num_users:291,errors:0
rt:13.44,through:24.13,tt:0.33,num_interact:362,Intrvl:15,num_users:285,errors:18
rt:11.62,through:20.73,tt:0.32,num_interact:311,Intrvl:15,num_users:263,errors:4
rt:10.72,through:29.27,tt:0.33,num_interact:439,Intrvl:15,num_users:307,errors:13
rt:10.1,through:21.8,tt:0.37,num_interact:327,Intrvl:15,num_users:262,errors:2
rt:10.17,through:25.53,tt:0.38,num_interact:383,Intrvl:15,num_users:354,errors:13
rt:13.67,through:24.13,tt:0.37,num_interact:362,Intrvl:15,num_users:330,errors:9
rt:13.82,through:23.47,tt:0.4,num_interact:352,Intrvl:15,num_users:402,errors:10
rt:14.53,through:23.6,tt:0.32,num_interact:354,Intrvl:15,num_users:359,errors:6
rt:13.72,through:24.6,tt:0.39,num_interact:369,Intrvl:15,num_users:368,errors:0
rt:13.79,through:20.4,tt:0.36,num_interact:306,Intrvl:15,num_users:279,errors:23
rt:10.16,through:23.67,tt:0.34,num_interact:355,Intrvl:15,num_users:321,errors:0
rt:12.41,through:26,tt:0.34,num_interact:390,Intrvl:15,num_users:314,errors:20
rt:11.26,through:21.53,tt:0.37,num_interact:323,Intrvl:15,num_users:324,errors:0
rt:13.27,through:28.2,tt:0.33,num_interact:423,Intrvl:15,num_users:333,errors:27
rt:10.63,through:20.4,tt:0.36,num_interact:306,Intrvl:15,num_users:266,errors:0
rt:13.41,through:25.27,tt:0.35,num_interact:379,Intrvl:15,num_users:314,errors:24
rt:11.39,through:21.8,tt:0.32,num_interact:327,Intrvl:15,num_users:304,errors:0
rt:13.2,through:24,tt:0.38,num_interact:360,Intrvl:15,num_users:324,errors:4
rt:12.5,through:26.6,tt:0.33,num_interact:399,Intrvl:15,num_users:313,errors:0
rt:10.93,through:23.93,tt:0.33,num_interact:359,Intrvl:15,num_users:294,errors:0
rt:12.23,through:24.93,tt:0.39,num_interact:374,Intrvl:15,num_users:306,errors:10
rt:12.79,through:23.67,tt:0.36,num_interact:360,Intrvl:15,num_users:321,errors:0
rt:11.57,through:27.67,tt:0.37,num_interact:415,Intrvl:15,num_users:319,errors:14
rt:10.01,through:24,tt:0.35,num_interact:360,Intrvl:15,num_users:318,errors:0
rt:11.99,through:23.87,tt:0.34,num_interact:358,Intrvl:15,num_users:264,errors:12
rt:9.22,through:23.67,tt:0.33,num_interact:355,Intrvl:15,num_users:314,errors:0
rt:13.38,through:23.67,tt:0.37,num_interact:355,Intrvl:15,num_users:292,errors:14
rt:10.44,through:23.73,tt:0.36,num_interact:356,Intrvl:15,num_users:328,errors:0
rt:13.94,through:26.53,tt:0.37,num_interact:398,Intrvl:15,num_users:363,errors:19
rt:11.45,through:22.53,tt:0.34,num_interact:338,Intrvl:15,num_users:321,errors:0
rt:14.49,through:25.27,tt:0.33,num_interact:379,Intrvl:15,num_users:378,errors:28
rt:12.53,through:22.53,tt:0.33,num_interact:338,Intrvl:15,num_users:356,errors:0
rt:12.6,through:22.93,tt:0.35,num_interact:344,Intrvl:15,num_users:274,errors:23
rt:11,through:22.27,tt:0.39,num_interact:334,Intrvl:15,num_users:312,errors:1
rt:13.71,through:25.13,tt:0.35,num_interact:377,Intrvl:15,num_users:352,errors:16
rt:12.71,through:22,tt:0.35,num_interact:330,Intrvl:15,num_users:346,errors:5
rt:12.68,through:23.07,tt:0.36,num_interact:346,Intrvl:15,num_users:313,errors:15
rt:12.21,through:28.8,tt:0.39,num_interact:432,Intrvl:15,num_users:321,errors:8
rt:10.02,through:31,tt:0.37,num_interact:465,Intrvl:15,num_users:370,errors:0
rt:12.76,through:33.87,tt:0.36,num_interact:513,Intrvl:15,num_users:339,errors:11
rt:9.48,through:32.33,tt:0.35,num_interact:485,Intrvl:15,num_users:346,errors:0
rt:10.94,through:32.93,tt:0.35,num_interact:494,Intrvl:15,num_users:341,errors:11
rt:8.26,through:33.13,tt:0.33,num_interact:497,Intrvl:15,num_users:340,errors:0
rt:10.73,through:34.2,tt:0.36,num_interact:513,Intrvl:15,num_users:339,errors:7
rt:9.91,through:33,tt:0.39,num_interact:495,Intrvl:15,num_users:345,errors:0
rt:9.25,through:31.2,tt:0.35,num_interact:468,Intrvl:15,num_users:296,errors:4
rt:7.59,through:34.93,tt:0.4,num_interact:524,Intrvl:15,num_users:321,errors:0
rt:13.3,through:31.67,tt:0.38,num_interact:520,Intrvl:15,num_users:512,errors:5
rt:16.98,through:80.33,tt:0.37,num_interact:1238,Intrvl:15,num_users:710,errors:7
rt:17.52,through:22.73,tt:0.35,num_interact:341,Intrvl:15,num_users:276,errors:0
rt:11.38,through:30,tt:0.36,num_interact:450,Intrvl:15,num_users:276,errors:0
rt:11.89,through:32.33,tt:0.37,num_interact:485,Intrvl:15,num_users:335,errors:0
rt:11.84,through:32.13,tt:0.37,num_interact:482,Intrvl:15,num_users:308,errors:0
rt:11.55,through:33.53,tt:0.35,num_interact:503,Intrvl:15,num_users:348,errors:0
rt:12.25,through:32.73,tt:0.34,num_interact:491,Intrvl:15,num_users:330,errors:0
rt:11.96,through:33,tt:0.33,num_interact:495,Intrvl:15,num_users:314,errors:0
rt:11.39,through:34.73,tt:0.37,num_interact:522,Intrvl:15,num_users:320,errors:0
rt:11.53,through:34.47,tt:0.36,num_interact:517,Intrvl:15,num_users:372,errors:0
rt:12.5,through:31.47,tt:0.34,num_interact:472,Intrvl:15,num_users:300,errors:0
rt:11.71,through:32.33,tt:0.37,num_interact:485,Intrvl:15,num_users:366,errors:0
rt:12.97,through:34,tt:0.35,num_interact:510,Intrvl:15,num_users:382,errors:0
rt:13.24,through:32.2,tt:0.35,num_interact:483,Intrvl:15,num_users:346,errors:0
rt:11.23,through:31.73,tt:0.36,num_interact:476,Intrvl:15,num_users:305,errors:0
rt:12.85,through:33.53,tt:0.38,num_interact:503,Intrvl:15,num_users:421,errors:0
rt:13.17,through:28.6,tt:0.33,num_interact:429,Intrvl:15,num_users:305,errors:0
rt:10.9,through:31.87,tt:0.35,num_interact:478,Intrvl:15,num_users:300,errors:0
rt:11.38,through:34.2,tt:0.36,num_interact:513,Intrvl:15,num_users:318,errors:0
rt:11.59,through:33.33,tt:0.35,num_interact:500,Intrvl:15,num_users:327,errors:0
rt:12.49,through:34.73,tt:0.36,num_interact:521,Intrvl:15,num_users:376,errors:0
rt:11.85,through:30.33,tt:0.32,num_interact:455,Intrvl:15,num_users:306,errors:0
rt:11.59,through:32.73,tt:0.37,num_interact:506,Intrvl:15,num_users:317,errors:0
rt:11.45,through:33.93,tt:0.37,num_interact:509,Intrvl:15,num_users:313,errors:0
rt:11.46,through:33.8,tt:0.39,num_interact:507,Intrvl:15,num_users:350,errors:13
rt:11.62,through:36.33,tt:0.35,num_interact:545,Intrvl:15,num_users:364,errors:0
rt:10.73,through:37.6,tt:0.33,num_interact:564,Intrvl:15,num_users:324,errors:0
rt:10.5,through:38.2,tt:0.35,num_interact:573,Intrvl:15,num_users:352,errors:0
rt:11.99,through:69.27,tt:0.35,num_interact:1039,Intrvl:15,num_users:367,errors:0
rt:11.63,through:34.6,tt:0.34,num_interact:519,Intrvl:15,num_users:364,errors:0
rt:13.05,through:53.27,tt:0.36,num_interact:799,Intrvl:15,num_users:407,errors:0
rt:12.12,through:36.33,tt:0.35,num_interact:545,Intrvl:15,num_users:342,errors:0
rt:10.07,through:35.8,tt:0.36,num_interact:660,Intrvl:15,num_users:334,errors:0
rt:10.9,through:37.07,tt:0.37,num_interact:627,Intrvl:15,num_users:316,errors:0
rt:9.9,through:38.53,tt:0.34,num_interact:706,Intrvl:15,num_users:309,errors:0
rt:9.98,through:43.53,tt:0.36,num_interact:653,Intrvl:15,num_users:345,errors:0
rt:11.33,through:68.33,tt:0.36,num_interact:1025,Intrvl:15,num_users:359,errors:0
rt:11.23,through:42.2,tt:0.36,num_interact:633,Intrvl:15,num_users:308,errors:0
rt:9.49,through:35.8,tt:0.33,num_interact:636,Intrvl:15,num_users:318,errors:0
rt:10.22,through:43.8,tt:0.34,num_interact:657,Intrvl:15,num_users:398,errors:0
rt:12.34,through:36.4,tt:0.34,num_interact:546,Intrvl:15,num_users:341,errors:0
rt:11.63,through:36.6,tt:0.38,num_interact:775,Intrvl:15,num_users:380,errors:0
rt:11.33,through:37,tt:0.38,num_interact:555,Intrvl:15,num_users:316,errors:0
rt:10.12,through:28.93,tt:0.39,num_interact:434,Intrvl:15,num_users:414,errors:0
rt:13.41,through:34.93,tt:0.37,num_interact:524,Intrvl:15,num_users:355,errors:0
rt:12.08,through:40.8,tt:0.34,num_interact:612,Intrvl:15,num_users:349,errors:0
rt:10.83,through:36.13,tt:0.36,num_interact:542,Intrvl:15,num_users:350,errors:0
rt:11.19,through:34.53,tt:0.35,num_interact:518,Intrvl:15,num_users:392,errors:0
rt:11.11,through:36.07,tt:0.34,num_interact:671,Intrvl:15,num_users:349,errors:0
rt:12.34,through:102,tt:0.35,num_interact:1530,Intrvl:15,num_users:383,errors:0
rt:12.41,through:35,tt:0.36,num_interact:760,Intrvl:15,num_users:355,errors:0
rt:11.01,through:44.33,tt:0.35,num_interact:665,Intrvl:15,num_users:374,errors:0
rt:12.66,through:43.47,tt:0.34,num_interact:724,Intrvl:15,num_users:382,errors:0
rt:12.78,through:34.33,tt:0.33,num_interact:515,Intrvl:15,num_users:375,errors:0
rt:12.38,through:93.13,tt:0.34,num_interact:1397,Intrvl:15,num_users:424,errors:0
rt:14.1,through:31.67,tt:0.33,num_interact:738,Intrvl:15,num_users:395,errors:0
rt:13.76,through:40.4,tt:0.37,num_interact:606,Intrvl:15,num_users:424,errors:0
rt:12.61,through:36.33,tt:0.37,num_interact:557,Intrvl:15,num_users:340,errors:0
rt:10.72,through:39.47,tt:0.38,num_interact:592,Intrvl:15,num_users:322,errors:0
rt:9.58,through:41.6,tt:0.33,num_interact:624,Intrvl:15,num_users:298,errors:0
rt:9.49,through:48.13,tt:0.37,num_interact:740,Intrvl:15,num_users:351,errors:0
rt:11.2,through:39.07,tt:0.37,num_interact:586,Intrvl:15,num_users:363,errors:0
rt:11.52,through:40.47,tt:0.36,num_interact:758,Intrvl:15,num_users:362,errors:0
rt:12.26,through:36.8,tt:0.36,num_interact:552,Intrvl:15,num_users:346,errors:0
rt:11.88,through:46.67,tt:0.33,num_interact:700,Intrvl:15,num_users:377,errors:0
rt:11.57,through:39.27,tt:0.34,num_interact:672,Intrvl:15,num_users:320,errors:0
rt:9.71,through:37.73,tt:0.36,num_interact:566,Intrvl:15,num_users:360,errors:0
rt:11.98,through:53.2,tt:0.35,num_interact:798,Intrvl:15,num_users:378,errors:0
rt:11.98,through:37.4,tt:0.35,num_interact:713,Intrvl:15,num_users:370,errors:0
rt:11,through:37.93,tt:0.34,num_interact:831,Intrvl:15,num_users:308,errors:0
rt:9.61,through:69.33,tt:0.34,num_interact:1064,Intrvl:15,num_users:350,errors:0
rt:11.99,through:41.53,tt:0.35,num_interact:623,Intrvl:15,num_users:329,errors:0
rt:10.97,through:35.2,tt:0.36,num_interact:528,Intrvl:15,num_users:350,errors:0
rt:10.47,through:38.67,tt:0.34,num_interact:580,Intrvl:15,num_users:320,errors:0
rt:9.8,through:35.47,tt:0.35,num_interact:573,Intrvl:15,num_users:307,errors:0
rt:9.15,through:36.8,tt:0.35,num_interact:552,Intrvl:15,num_users:329,errors:0
rt:10.64,through:39.53,tt:0.34,num_interact:593,Intrvl:15,num_users:308,errors:0
rt:10.21,through:38.73,tt:0.38,num_interact:581,Intrvl:15,num_users:314,errors:0
rt:9.84,through:35.27,tt:0.38,num_interact:529,Intrvl:15,num_users:372,errors:0
rt:11.98,through:43,tt:0.36,num_interact:662,Intrvl:15,num_users:355,errors:0
rt:11.71,through:38.67,tt:0.33,num_interact:580,Intrvl:15,num_users:337,errors:0
rt:10.09,through:35.6,tt:0.34,num_interact:534,Intrvl:15,num_users:341,errors:0
rt:11.6,through:40.93,tt:0.34,num_interact:614,Intrvl:15,num_users:334,errors:2
rt:11.51,through:30.27,tt:0.37,num_interact:665,Intrvl:15,num_users:375,errors:0
rt:11.48,through:38.73,tt:0.36,num_interact:597,Intrvl:15,num_users:382,errors:0
rt:13.09,through:39.2,tt:0.36,num_interact:588,Intrvl:15,num_users:351,errors:0
rt:12.37,through:36.13,tt:0.34,num_interact:702,Intrvl:15,num_users:407,errors:0
rt:12.26,through:30.8,tt:0.35,num_interact:462,Intrvl:15,num_users:431,errors:0
rt:15.74,through:35.73,tt:0.36,num_interact:536,Intrvl:15,num_users:373,errors:0
rt:12.04,through:35.6,tt:0.36,num_interact:534,Intrvl:15,num_users:379,errors:0
rt:11.51,through:37.07,tt:0.34,num_interact:556,Intrvl:15,num_users:364,errors:0
rt:11.33,through:36.87,tt:0.32,num_interact:553,Intrvl:15,num_users:309,errors:0
rt:9.67,through:145.07,tt:0.35,num_interact:2319,Intrvl:15,num_users:329,errors:0
rt:11.97,through:42.53,tt:0.37,num_interact:638,Intrvl:15,num_users:377,errors:0
rt:10.54,through:34.6,tt:0.34,num_interact:519,Intrvl:15,num_users:370,errors:0
rt:12.14,through:38.67,tt:0.34,num_interact:580,Intrvl:15,num_users:348,errors:0
rt:11.55,through:63.6,tt:0.37,num_interact:981,Intrvl:15,num_users:358,errors:0
rt:10.62,through:37.8,tt:0.33,num_interact:567,Intrvl:15,num_users:319,errors:0
rt:11.31,through:36.6,tt:0.36,num_interact:549,Intrvl:15,num_users:413,errors:0
rt:13.7,through:36.73,tt:0.37,num_interact:551,Intrvl:15,num_users:397,errors:0
rt:11.04,through:34.07,tt:0.35,num_interact:511,Intrvl:15,num_users:357,errors:0
rt:11.19,through:38.73,tt:0.35,num_interact:581,Intrvl:15,num_users:359,errors:0
rt:11.15,through:40.53,tt:0.35,num_interact:769,Intrvl:15,num_users:335,errors:0
rt:10.73,through:40.73,tt:0.35,num_interact:611,Intrvl:15,num_users:348,errors:0
rt:10.67,through:51.53,tt:0.37,num_interact:773,Intrvl:15,num_users:367,errors:0
rt:11.42,through:41.13,tt:0.34,num_interact:671,Intrvl:15,num_users:353,errors:0
rt:11.17,through:36,tt:0.35,num_interact:631,Intrvl:15,num_users:350,errors:0
rt:12.4,through:70.47,tt:0.35,num_interact:1057,Intrvl:15,num_users:456,errors:0
rt:14.16,through:33.27,tt:0.36,num_interact:588,Intrvl:15,num_users:453,errors:0
rt:17.11,through:34.2,tt:0.35,num_interact:513,Intrvl:15,num_users:425,errors:0
rt:12.48,through:33.4,tt:0.33,num_interact:751,Intrvl:15,num_users:374,errors:0
rt:12.34,through:79.93,tt:0.35,num_interact:1199,Intrvl:15,num_users:396,errors:0
rt:14.07,through:30.4,tt:0.33,num_interact:743,Intrvl:15,num_users:400,errors:0
rt:13.6,through:37,tt:0.38,num_interact:555,Intrvl:15,num_users:446,errors:0
rt:13.9,through:37.07,tt:0.38,num_interact:556,Intrvl:15,num_users:369,errors:0
rt:12.7,through:56.67,tt:0.36,num_interact:850,Intrvl:15,num_users:401,errors:0
rt:12.69,through:33.53,tt:0.35,num_interact:653,Intrvl:15,num_users:426,errors:0
rt:17,through:38.07,tt:0.35,num_interact:605,Intrvl:15,num_users:386,errors:0
rt:11.91,through:28.13,tt:0.36,num_interact:422,Intrvl:15,num_users:433,errors:0
rt:14.87,through:41.2,tt:0.35,num_interact:618,Intrvl:15,num_users:403,errors:0
rt:12.34,through:30.27,tt:0.34,num_interact:454,Intrvl:15,num_users:401,errors:0
rt:13.96,through:34.4,tt:0.35,num_interact:516,Intrvl:15,num_users:438,errors:0
rt:15.09,through:32.47,tt:0.33,num_interact:508,Intrvl:15,num_users:405,errors:0
rt:15.29,through:88.13,tt:0.36,num_interact:1322,Intrvl:15,num_users:426,errors:0
rt:12.5,through:30.67,tt:0.39,num_interact:461,Intrvl:15,num_users:459,errors:0
rt:15.97,through:35.53,tt:0.37,num_interact:533,Intrvl:15,num_users:365,errors:0
rt:12.55,through:46.93,tt:0.36,num_interact:783,Intrvl:15,num_users:427,errors:0
rt:15.75,through:60.87,tt:0.34,num_interact:1316,Intrvl:15,num_users:449,errors:0
rt:23.58,through:24.73,tt:0.35,num_interact:371,Intrvl:15,num_users:405,errors:0
rt:15.37,through:52.87,tt:0.35,num_interact:804,Intrvl:15,num_users:376,errors:0
rt:11.44,through:38.13,tt:0.34,num_interact:572,Intrvl:15,num_users:319,errors:0
rt:10.29,through:37.13,tt:0.36,num_interact:557,Intrvl:15,num_users:361,errors:0
rt:12.37,through:33.6,tt:0.36,num_interact:504,Intrvl:15,num_users:387,errors:0
rt:12.8,through:35.2,tt:0.36,num_interact:552,Intrvl:15,num_users:356,errors:0
rt:12.09,through:40.47,tt:0.35,num_interact:644,Intrvl:15,num_users:351,errors:0
rt:10.98,through:39.2,tt:0.33,num_interact:588,Intrvl:15,num_users:345,errors:0
rt:11.54,through:29,tt:0.35,num_interact:435,Intrvl:15,num_users:393,errors:0
rt:13.47,through:37.33,tt:0.36,num_interact:621,Intrvl:15,num_users:373,errors:0
rt:11.79,through:33.6,tt:0.36,num_interact:504,Intrvl:15,num_users:373,errors:0
rt:13.16,through:42.13,tt:0.33,num_interact:632,Intrvl:15,num_users:407,errors:0
rt:11.73,through:38.4,tt:0.36,num_interact:576,Intrvl:15,num_users:327,errors:0
rt:11.1,through:72.4,tt:0.37,num_interact:1450,Intrvl:15,num_users:385,errors:0
rt:15.44,through:38.87,tt:0.37,num_interact:583,Intrvl:15,num_users:381,errors:0
rt:11.66,through:31,tt:0.35,num_interact:465,Intrvl:15,num_users:364,errors:0
rt:11.87,through:41.73,tt:0.35,num_interact:661,Intrvl:15,num_users:378,errors:0
rt:13.9,through:57.07,tt:0.36,num_interact:856,Intrvl:15,num_users:388,errors:0
rt:12.32,through:34.8,tt:0.34,num_interact:522,Intrvl:15,num_users:366,errors:0
rt:11.35,through:39.8,tt:0.35,num_interact:701,Intrvl:15,num_users:334,errors:0
rt:9.12,through:38,tt:0.37,num_interact:570,Intrvl:15,num_users:347,errors:0
rt:12.31,through:62.67,tt:0.35,num_interact:1267,Intrvl:15,num_users:371,errors:0
rt:12.18,through:33.67,tt:0.37,num_interact:505,Intrvl:15,num_users:375,errors:0
rt:12.65,through:36.8,tt:0.34,num_interact:552,Intrvl:15,num_users:362,errors:0
rt:12.91,through:35.67,tt:0.33,num_interact:535,Intrvl:15,num_users:365,errors:0
rt:11.2,through:36.2,tt:0.33,num_interact:543,Intrvl:15,num_users:377,errors:0
rt:13.12,through:38,tt:0.34,num_interact:570,Intrvl:15,num_users:372,errors:0
rt:12.37,through:27.13,tt:0.36,num_interact:407,Intrvl:15,num_users:441,errors:0
rt:14.6,through:35.87,tt:0.32,num_interact:538,Intrvl:15,num_users:361,errors:0
rt:15.05,through:30.6,tt:0.36,num_interact:1058,Intrvl:15,num_users:441,errors:0
rt:17.26,through:34.13,tt:0.36,num_interact:512,Intrvl:15,num_users:375,errors:0
rt:13.3,through:35.27,tt:0.35,num_interact:529,Intrvl:15,num_users:402,errors:0
rt:14.73,through:33.13,tt:0.36,num_interact:598,Intrvl:15,num_users:444,errors:0
rt:12.7,through:27.8,tt:0.39,num_interact:417,Intrvl:15,num_users:434,errors:0
rt:15.87,through:30.4,tt:0.33,num_interact:456,Intrvl:15,num_users:418,errors:0
rt:14.35,through:35.73,tt:0.34,num_interact:574,Intrvl:15,num_users:375,errors:0
rt:12.94,through:71.13,tt:0.35,num_interact:1067,Intrvl:15,num_users:396,errors:0
rt:12.87,through:36.67,tt:0.36,num_interact:721,Intrvl:15,num_users:440,errors:0
rt:16.57,through:29.53,tt:0.34,num_interact:443,Intrvl:15,num_users:397,errors:0
rt:14.3,through:34.13,tt:0.35,num_interact:512,Intrvl:15,num_users:369,errors:0
rt:13.31,through:31.87,tt:0.29,num_interact:478,Intrvl:15,num_users:358,errors:0
rt:13.02,through:65.73,tt:0.35,num_interact:1003,Intrvl:15,num_users:391,errors:0
rt:10.51,through:33,tt:0.35,num_interact:495,Intrvl:15,num_users:388,errors:0
rt:13.58,through:63.33,tt:0.36,num_interact:950,Intrvl:15,num_users:374,errors:0
rt:14.37,through:35.27,tt:0.36,num_interact:529,Intrvl:15,num_users:444,errors:0
rt:12.34,through:28.4,tt:0.37,num_interact:426,Intrvl:15,num_users:438,errors:0
rt:14.03,through:33.8,tt:0.34,num_interact:511,Intrvl:15,num_users:327,errors:0
rt:11.06,through:72.07,tt:0.36,num_interact:1081,Intrvl:15,num_users:394,errors:0
rt:14.45,through:65.67,tt:0.34,num_interact:1161,Intrvl:15,num_users:458,errors:0
rt:15.41,through:42.67,tt:0.39,num_interact:640,Intrvl:15,num_users:479,errors:0
rt:19.6,through:34.33,tt:0.35,num_interact:515,Intrvl:15,num_users:463,errors:0
rt:15.52,through:24.8,tt:0.35,num_interact:372,Intrvl:15,num_users:452,errors:0
rt:21.16,through:32.8,tt:0.33,num_interact:492,Intrvl:15,num_users:433,errors:0
rt:14.16,through:27.6,tt:0.35,num_interact:414,Intrvl:15,num_users:464,errors:0
rt:17.3,through:34.73,tt:0.33,num_interact:521,Intrvl:15,num_users:434,errors:0
rt:15.27,through:38.07,tt:0.34,num_interact:571,Intrvl:15,num_users:411,errors:0
rt:10.85,through:26.33,tt:0.33,num_interact:395,Intrvl:15,num_users:409,errors:0
rt:17.31,through:32.73,tt:0.35,num_interact:491,Intrvl:15,num_users:380,errors:0
rt:12.16,through:40.47,tt:0.36,num_interact:607,Intrvl:15,num_users:441,errors:0
rt:19,through:107.47,tt:0.37,num_interact:1696,Intrvl:15,num_users:486,errors:0
rt:14.66,through:36.67,tt:0.34,num_interact:550,Intrvl:15,num_users:405,errors:0
rt:13.25,through:30.13,tt:0.36,num_interact:452,Intrvl:15,num_users:474,errors:0
rt:16.31,through:38.47,tt:0.33,num_interact:577,Intrvl:15,num_users:444,errors:0
rt:14.55,through:28.93,tt:0.35,num_interact:434,Intrvl:15,num_users:465,errors:0
rt:16.06,through:31.8,tt:0.32,num_interact:930,Intrvl:15,num_users:468,errors:0
rt:18.77,through:86.53,tt:0.36,num_interact:1298,Intrvl:15,num_users:484,errors:0
rt:30.18,through:52.87,tt:0.35,num_interact:1165,Intrvl:15,num_users:495,errors:0
rt:115.32,through:26.93,tt:0.37,num_interact:404,Intrvl:15,num_users:482,errors:0
rt:25.16,through:29.87,tt:0.3,num_interact:448,Intrvl:15,num_users:395,errors:0
rt:18.11,through:32.47,tt:0.36,num_interact:487,Intrvl:15,num_users:382,errors:0
rt:14.4,through:32.53,tt:0.35,num_interact:865,Intrvl:15,num_users:382,errors:0
rt:13.67,through:77.2,tt:0.35,num_interact:1158,Intrvl:15,num_users:389,errors:0
rt:13,through:23.13,tt:0.41,num_interact:347,Intrvl:15,num_users:541,errors:0
rt:22.74,through:18.87,tt:0.36,num_interact:283,Intrvl:15,num_users:415,errors:0
rt:19.18,through:34.53,tt:0.37,num_interact:527,Intrvl:15,num_users:404,errors:0
rt:13.1,through:39,tt:0.33,num_interact:672,Intrvl:15,num_users:350,errors:0
rt:11.34,through:73.47,tt:0.37,num_interact:1102,Intrvl:15,num_users:440,errors:0
rt:13.54,through:33.47,tt:0.39,num_interact:504,Intrvl:15,num_users:392,errors:0
rt:16.93,through:35.4,tt:0.33,num_interact:531,Intrvl:15,num_users:397,errors:0
rt:14.52,through:59.47,tt:0.35,num_interact:892,Intrvl:15,num_users:399,errors:0
rt:12,through:30.67,tt:0.36,num_interact:579,Intrvl:15,num_users:373,errors:0
rt:13.07,through:57,tt:0.37,num_interact:918,Intrvl:15,num_users:387,errors:0
rt:6.61,through:40.87,tt:0.36,num_interact:613,Intrvl:15,num_users:405,errors:0
rt:14.63,through:41.67,tt:0.33,num_interact:625,Intrvl:15,num_users:429,errors:0
rt:21.68,through:36.87,tt:0.35,num_interact:592,Intrvl:15,num_users:388,errors:0
rt:13.96,through:37.73,tt:0.32,num_interact:567,Intrvl:15,num_users:378,errors:0
rt:13.16,through:35.27,tt:0.37,num_interact:529,Intrvl:15,num_users:405,errors:0
rt:12.38,through:33.53,tt:0.34,num_interact:503,Intrvl:15,num_users:377,errors:0
rt:12.37,through:51.8,tt:0.34,num_interact:777,Intrvl:15,num_users:442,errors:0
rt:16.24,through:31.53,tt:0.37,num_interact:473,Intrvl:15,num_users:423,errors:0
rt:14.88,through:33.67,tt:0.34,num_interact:546,Intrvl:15,num_users:387,errors:0
rt:13.02,through:49.07,tt:0.35,num_interact:962,Intrvl:15,num_users:403,errors:0
rt:13.42,through:33.33,tt:0.37,num_interact:642,Intrvl:15,num_users:393,errors:0
rt:14.04,through:35.07,tt:0.35,num_interact:540,Intrvl:15,num_users:388,errors:0
rt:14.44,through:82,tt:0.35,num_interact:1373,Intrvl:15,num_users:418,errors:0
rt:15.45,through:35.87,tt:0.36,num_interact:759,Intrvl:15,num_users:383,errors:0
rt:12.73,through:35.73,tt:0.34,num_interact:720,Intrvl:15,num_users:415,errors:0
rt:15.72,through:85.2,tt:0.36,num_interact:1278,Intrvl:15,num_users:470,errors:0
rt:17.54,through:31.87,tt:0.35,num_interact:478,Intrvl:15,num_users:455,errors:0
rt:16.83,through:57.93,tt:0.36,num_interact:869,Intrvl:15,num_users:463,errors:0
rt:14.15,through:25.93,tt:0.35,num_interact:389,Intrvl:15,num_users:462,errors:0
rt:18.06,through:31.33,tt:0.35,num_interact:470,Intrvl:15,num_users:430,errors:0
rt:15.63,through:35.27,tt:0.35,num_interact:574,Intrvl:15,num_users:412,errors:0
rt:15.01,through:85,tt:0.35,num_interact:1275,Intrvl:15,num_users:465,errors:0
rt:15.17,through:47.47,tt:0.35,num_interact:877,Intrvl:15,num_users:425,errors:0
rt:14.84,through:40.8,tt:0.35,num_interact:612,Intrvl:15,num_users:519,errors:0
rt:22.32,through:7.07,tt:0.35,num_interact:106,Intrvl:15,num_users:376,errors:0
rt:42.02,through:2.67,tt:0.34,num_interact:40,Intrvl:15,num_users:410,errors:0
rt:55.16,through:2.4,tt:0.34,num_interact:37,Intrvl:15,num_users:410,errors:0
rt:196.13,through:65.93,tt:0.35,num_interact:989,Intrvl:15,num_users:416,errors:3
rt:327.52,through:56.27,tt:0.36,num_interact:844,Intrvl:15,num_users:454,errors:49
rt:263.1,through:2.53,tt:0.4,num_interact:38,Intrvl:15,num_users:407,errors:1
rt:332.68,through:3.4,tt:0.42,num_interact:51,Intrvl:15,num_users:367,errors:0
rt:243.89,through:1.8,tt:0.3,num_interact:27,Intrvl:15,num_users:364,errors:1
rt:160.65,through:66.27,tt:0.36,num_interact:994,Intrvl:15,num_users:447,errors:2
rt:74.62,through:21.6,tt:0.36,num_interact:326,Intrvl:15,num_users:442,errors:0
rt:19.76,through:25,tt:0.35,num_interact:375,Intrvl:15,num_users:439,errors:0
rt:22.18,through:16.13,tt:0.37,num_interact:242,Intrvl:15,num_users:407,errors:0
rt:24.45,through:15.6,tt:0.32,num_interact:234,Intrvl:15,num_users:417,errors:0
rt:26.8,through:17.73,tt:0.34,num_interact:266,Intrvl:15,num_users:421,errors:0
rt:26.62,through:16.73,tt:0.35,num_interact:251,Intrvl:15,num_users:438,errors:15
rt:31.24,through:15.47,tt:0.36,num_interact:232,Intrvl:15,num_users:450,errors:0
rt:28.25,through:16.73,tt:0.36,num_interact:251,Intrvl:15,num_users:426,errors:14
rt:31.66,through:14.87,tt:0.34,num_interact:223,Intrvl:15,num_users:429,errors:2
rt:28.67,through:16.07,tt:0.34,num_interact:244,Intrvl:15,num_users:387,errors:22
rt:28.92,through:13.4,tt:0.36,num_interact:201,Intrvl:15,num_users:449,errors:6
rt:32.37,through:14.87,tt:0.36,num_interact:223,Intrvl:15,num_users:427,errors:11
rt:30.24,through:16.67,tt:0.34,num_interact:250,Intrvl:15,num_users:466,errors:11
rt:37.84,through:13.67,tt:0.36,num_interact:205,Intrvl:15,num_users:417,errors:0
rt:28.91,through:16.93,tt:0.36,num_interact:254,Intrvl:15,num_users:439,errors:19
rt:32.78,through:15,tt:0.34,num_interact:225,Intrvl:15,num_users:446,errors:0
rt:29.96,through:16,tt:0.39,num_interact:240,Intrvl:15,num_users:393,errors:15
rt:34.89,through:14.6,tt:0.35,num_interact:219,Intrvl:15,num_users:438,errors:0
rt:30.81,through:16.47,tt:0.34,num_interact:247,Intrvl:15,num_users:401,errors:9
rt:28.35,through:14.47,tt:0.36,num_interact:217,Intrvl:15,num_users:501,errors:2
rt:33.26,through:13.67,tt:0.36,num_interact:205,Intrvl:15,num_users:453,errors:5
rt:30.26,through:16.07,tt:0.34,num_interact:241,Intrvl:15,num_users:498,errors:14
rt:34.76,through:15.87,tt:0.37,num_interact:238,Intrvl:15,num_users:517,errors:0
rt:33.76,through:15.93,tt:0.38,num_interact:239,Intrvl:15,num_users:458,errors:17
rt:36.5,through:14.53,tt:0.35,num_interact:218,Intrvl:15,num_users:490,errors:0
rt:33.07,through:14.93,tt:0.35,num_interact:224,Intrvl:15,num_users:431,errors:17
rt:34.94,through:14.73,tt:0.36,num_interact:221,Intrvl:15,num_users:445,errors:1
rt:30.05,through:15.73,tt:0.34,num_interact:236,Intrvl:15,num_users:470,errors:15
rt:34.85,through:15.93,tt:0.35,num_interact:239,Intrvl:15,num_users:507,errors:2
rt:34.22,through:15.67,tt:0.31,num_interact:235,Intrvl:15,num_users:459,errors:14
rt:31.11,through:15.33,tt:0.33,num_interact:230,Intrvl:15,num_users:507,errors:8
rt:33.92,through:15.4,tt:0.31,num_interact:231,Intrvl:15,num_users:528,errors:2
rt:35.3,through:16.4,tt:0.35,num_interact:246,Intrvl:15,num_users:506,errors:18
rt:38.51,through:14.87,tt:0.37,num_interact:223,Intrvl:15,num_users:470,errors:0
rt:31.71,through:15.13,tt:0.37,num_interact:228,Intrvl:15,num_users:470,errors:18
rt:37.6,through:15,tt:0.35,num_interact:225,Intrvl:15,num_users:448,errors:0
rt:31.94,through:17.67,tt:0.33,num_interact:265,Intrvl:15,num_users:504,errors:17
rt:33.86,through:14.53,tt:0.42,num_interact:218,Intrvl:15,num_users:497,errors:0
rt:36.07,through:15.27,tt:0.37,num_interact:230,Intrvl:15,num_users:472,errors:10
rt:33.86,through:16.53,tt:0.32,num_interact:248,Intrvl:15,num_users:484,errors:5
rt:34.21,through:16.13,tt:0.36,num_interact:242,Intrvl:15,num_users:468,errors:5
rt:33.32,through:16.6,tt:0.32,num_interact:249,Intrvl:15,num_users:490,errors:9
rt:34.04,through:14.93,tt:0.36,num_interact:224,Intrvl:15,num_users:465,errors:1
rt:29.75,through:16.67,tt:0.31,num_interact:250,Intrvl:15,num_users:511,errors:23
rt:36.44,through:15.8,tt:0.38,num_interact:237,Intrvl:15,num_users:518,errors:0
rt:33.67,through:16.67,tt:0.35,num_interact:251,Intrvl:15,num_users:514,errors:17
rt:37.04,through:13.67,tt:0.32,num_interact:205,Intrvl:15,num_users:459,errors:0
rt:32.71,through:16.87,tt:0.33,num_interact:253,Intrvl:15,num_users:452,errors:14
rt:33.71,through:14.6,tt:0.36,num_interact:219,Intrvl:15,num_users:434,errors:0
rt:31.1,through:15.53,tt:0.38,num_interact:233,Intrvl:15,num_users:463,errors:15
rt:33.61,through:15.93,tt:0.35,num_interact:239,Intrvl:15,num_users:480,errors:1
rt:34.46,through:15.93,tt:0.36,num_interact:239,Intrvl:15,num_users:456,errors:5
rt:30.13,through:15.6,tt:0.35,num_interact:234,Intrvl:15,num_users:475,errors:16
rt:34.96,through:15.8,tt:0.37,num_interact:237,Intrvl:15,num_users:473,errors:0
rt:30.21,through:17.07,tt:0.36,num_interact:256,Intrvl:15,num_users:490,errors:15
rt:35.48,through:16.47,tt:0.38,num_interact:247,Intrvl:15,num_users:556,errors:0
rt:33.36,through:16.13,tt:0.37,num_interact:244,Intrvl:15,num_users:535,errors:13
rt:36.16,through:16,tt:0.32,num_interact:240,Intrvl:15,num_users:498,errors:2
rt:34.44,through:16.4,tt:0.35,num_interact:246,Intrvl:15,num_users:459,errors:17
rt:35.02,through:13.13,tt:0.34,num_interact:197,Intrvl:15,num_users:473,errors:0
rt:32.26,through:17.27,tt:0.36,num_interact:259,Intrvl:15,num_users:476,errors:12
rt:33.12,through:14.4,tt:0.38,num_interact:216,Intrvl:15,num_users:469,errors:7
rt:34.7,through:13.87,tt:0.39,num_interact:208,Intrvl:15,num_users:412,errors:10
rt:30.48,through:16.13,tt:0.35,num_interact:242,Intrvl:15,num_users:476,errors:13
rt:35.22,through:15.67,tt:0.33,num_interact:235,Intrvl:15,num_users:498,errors:0
rt:31.86,through:16.07,tt:0.37,num_interact:241,Intrvl:15,num_users:574,errors:17
rt:36.26,through:15.13,tt:0.32,num_interact:227,Intrvl:15,num_users:518,errors:0
rt:35.33,through:14.87,tt:0.33,num_interact:223,Intrvl:15,num_users:432,errors:21
rt:35.89,through:13.2,tt:0.35,num_interact:199,Intrvl:15,num_users:425,errors:0
rt:30.9,through:16.13,tt:0.36,num_interact:242,Intrvl:15,num_users:426,errors:13
rt:33.45,through:15.47,tt:0.35,num_interact:232,Intrvl:15,num_users:425,errors:2
rt:29.86,through:17.07,tt:0.37,num_interact:256,Intrvl:15,num_users:453,errors:14
rt:34.4,through:15.33,tt:0.32,num_interact:230,Intrvl:15,num_users:460,errors:4
rt:30.2,through:15.47,tt:0.33,num_interact:232,Intrvl:15,num_users:389,errors:8
rt:30.26,through:14.6,tt:0.34,num_interact:219,Intrvl:15,num_users:400,errors:10
rt:29.77,through:14.73,tt:0.35,num_interact:221,Intrvl:15,num_users:381,errors:1
rt:27.85,through:16.53,tt:0.39,num_interact:248,Intrvl:15,num_users:418,errors:20
rt:30.06,through:16.07,tt:0.36,num_interact:241,Intrvl:15,num_users:445,errors:0
rt:28.04,through:16.2,tt:0.39,num_interact:243,Intrvl:15,num_users:461,errors:22
rt:35.8,through:14.53,tt:0.39,num_interact:218,Intrvl:15,num_users:430,errors:0
rt:30.5,through:17.73,tt:0.31,num_interact:266,Intrvl:15,num_users:405,errors:20
rt:32.25,through:13.4,tt:0.31,num_interact:202,Intrvl:15,num_users:509,errors:0
rt:30.89,through:17.53,tt:0.4,num_interact:263,Intrvl:15,num_users:519,errors:16
rt:35.44,through:13.13,tt:0.29,num_interact:197,Intrvl:15,num_users:485,errors:0
rt:32.47,through:15,tt:0.33,num_interact:225,Intrvl:15,num_users:426,errors:24
rt:31,through:13.73,tt:0.35,num_interact:206,Intrvl:15,num_users:429,errors:7
rt:33.28,through:15.73,tt:0.33,num_interact:236,Intrvl:15,num_users:433,errors:0
rt:31.49,through:16.33,tt:0.33,num_interact:245,Intrvl:15,num_users:460,errors:11
rt:36.1,through:16.67,tt:0.36,num_interact:250,Intrvl:15,num_users:479,errors:0
rt:31.94,through:17.13,tt:0.38,num_interact:257,Intrvl:15,num_users:453,errors:12
rt:34.37,through:13.67,tt:0.35,num_interact:205,Intrvl:15,num_users:420,errors:3
rt:29.71,through:16.4,tt:0.37,num_interact:246,Intrvl:15,num_users:474,errors:8
rt:33.02,through:14.87,tt:0.32,num_interact:223,Intrvl:15,num_users:492,errors:4
rt:32.74,through:16.33,tt:0.34,num_interact:245,Intrvl:15,num_users:473,errors:2
rt:30.63,through:14.27,tt:0.38,num_interact:214,Intrvl:15,num_users:438,errors:17
rt:35.65,through:15.13,tt:0.33,num_interact:227,Intrvl:15,num_users:433,errors:0
rt:28.01,through:15.53,tt:0.33,num_interact:233,Intrvl:15,num_users:453,errors:22
rt:34.99,through:15.87,tt:0.37,num_interact:238,Intrvl:15,num_users:429,errors:0
rt:28.15,through:16.33,tt:0.33,num_interact:245,Intrvl:15,num_users:472,errors:32
rt:36.73,through:13.93,tt:0.39,num_interact:209,Intrvl:15,num_users:456,errors:0
rt:30.62,through:17.8,tt:0.35,num_interact:267,Intrvl:15,num_users:490,errors:12
rt:37.69,through:12,tt:0.37,num_interact:180,Intrvl:15,num_users:411,errors:2
rt:35.01,through:16,tt:0.32,num_interact:240,Intrvl:15,num_users:412,errors:6
rt:29.68,through:15,tt:0.35,num_interact:225,Intrvl:15,num_users:428,errors:7
rt:30.62,through:16.67,tt:0.32,num_interact:250,Intrvl:15,num_users:441,errors:0
rt:29.91,through:15.6,tt:0.36,num_interact:234,Intrvl:15,num_users:473,errors:15
rt:34.56,through:16.93,tt:0.37,num_interact:255,Intrvl:15,num_users:493,errors:0
rt:31.19,through:15,tt:0.3,num_interact:225,Intrvl:15,num_users:457,errors:12
rt:34.04,through:16.13,tt:0.36,num_interact:242,Intrvl:15,num_users:448,errors:0
rt:30.17,through:16.6,tt:0.38,num_interact:249,Intrvl:15,num_users:431,errors:18
rt:33.73,through:14.27,tt:0.38,num_interact:215,Intrvl:15,num_users:429,errors:0
rt:29.5,through:15.93,tt:0.37,num_interact:239,Intrvl:15,num_users:482,errors:11
rt:32.33,through:15.93,tt:0.31,num_interact:239,Intrvl:15,num_users:472,errors:5
rt:30.21,through:14.4,tt:0.42,num_interact:222,Intrvl:15,num_users:404,errors:37
rt:32.7,through:13.8,tt:0.36,num_interact:207,Intrvl:15,num_users:431,errors:0
rt:31.07,through:16.07,tt:0.39,num_interact:241,Intrvl:15,num_users:510,errors:11
rt:31.02,through:14.53,tt:0.38,num_interact:218,Intrvl:15,num_users:500,errors:9
rt:36.54,through:16.4,tt:0.36,num_interact:246,Intrvl:15,num_users:473,errors:18
rt:32.03,through:14.13,tt:0.38,num_interact:212,Intrvl:15,num_users:400,errors:2
rt:35.24,through:15.2,tt:0.35,num_interact:228,Intrvl:15,num_users:476,errors:0
rt:29.37,through:16.13,tt:0.36,num_interact:242,Intrvl:15,num_users:502,errors:10
rt:36.31,through:14.87,tt:0.34,num_interact:223,Intrvl:15,num_users:483,errors:2
rt:32.75,through:16.27,tt:0.37,num_interact:244,Intrvl:15,num_users:457,errors:14
rt:31.27,through:15.13,tt:0.34,num_interact:227,Intrvl:15,num_users:473,errors:2
rt:32.42,through:16.73,tt:0.34,num_interact:251,Intrvl:15,num_users:495,errors:13
rt:34.62,through:14.4,tt:0.34,num_interact:216,Intrvl:15,num_users:462,errors:5
rt:32.91,through:16.47,tt:0.38,num_interact:247,Intrvl:15,num_users:472,errors:8
rt:33.61,through:15.2,tt:0.33,num_interact:228,Intrvl:15,num_users:459,errors:18
rt:34,through:16.87,tt:0.38,num_interact:253,Intrvl:15,num_users:505,errors:1
rt:32.58,through:15.93,tt:0.33,num_interact:239,Intrvl:15,num_users:484,errors:17
rt:37.48,through:14.93,tt:0.33,num_interact:224,Intrvl:15,num_users:544,errors:2
rt:32.89,through:17.4,tt:0.36,num_interact:261,Intrvl:15,num_users:512,errors:21
rt:38.06,through:13.87,tt:0.36,num_interact:208,Intrvl:15,num_users:516,errors:0
rt:35.36,through:15.8,tt:0.34,num_interact:237,Intrvl:15,num_users:465,errors:14
rt:36.1,through:14.47,tt:0.35,num_interact:217,Intrvl:15,num_users:463,errors:4
rt:35.69,through:16.67,tt:0.38,num_interact:250,Intrvl:15,num_users:492,errors:11
rt:34.1,through:13.87,tt:0.33,num_interact:208,Intrvl:15,num_users:433,errors:1
rt:32.93,through:16.2,tt:0.34,num_interact:243,Intrvl:15,num_users:501,errors:1
rt:31.25,through:15.73,tt:0.35,num_interact:236,Intrvl:15,num_users:548,errors:21
rt:38,through:12.2,tt:0.34,num_interact:183,Intrvl:15,num_users:393,errors:1
rt:29.63,through:15.33,tt:0.32,num_interact:230,Intrvl:15,num_users:457,errors:18
rt:36.09,through:13,tt:0.42,num_interact:195,Intrvl:15,num_users:428,errors:1
rt:33.08,through:16.73,tt:0.35,num_interact:251,Intrvl:15,num_users:527,errors:9
rt:36.55,through:12.67,tt:0.35,num_interact:190,Intrvl:15,num_users:430,errors:0
rt:36.12,through:16.4,tt:0.35,num_interact:246,Intrvl:15,num_users:447,errors:10
rt:32.35,through:13.93,tt:0.35,num_interact:209,Intrvl:15,num_users:470,errors:2
rt:37.35,through:13.93,tt:0.32,num_interact:209,Intrvl:15,num_users:368,errors:0
rt:28.56,through:15.4,tt:0.37,num_interact:231,Intrvl:15,num_users:407,errors:8
rt:30.14,through:14.47,tt:0.35,num_interact:218,Intrvl:15,num_users:439,errors:0
rt:27.7,through:15.73,tt:0.38,num_interact:236,Intrvl:15,num_users:490,errors:16
rt:38.07,through:13.93,tt:0.37,num_interact:209,Intrvl:15,num_users:380,errors:0
rt:27.69,through:14.93,tt:0.32,num_interact:224,Intrvl:15,num_users:478,errors:15
rt:34.08,through:14.87,tt:0.34,num_interact:223,Intrvl:15,num_users:487,errors:0
rt:30.42,through:16.27,tt:0.36,num_interact:244,Intrvl:15,num_users:468,errors:15
rt:33.23,through:15.8,tt:0.35,num_interact:237,Intrvl:15,num_users:476,errors:0
rt:33.05,through:15.93,tt:0.34,num_interact:239,Intrvl:15,num_users:497,errors:18
rt:37.69,through:13.67,tt:0.36,num_interact:205,Intrvl:15,num_users:423,errors:1
rt:30.79,through:16.8,tt:0.35,num_interact:252,Intrvl:15,num_users:414,errors:14
rt:27.94,through:13.73,tt:0.37,num_interact:206,Intrvl:15,num_users:433,errors:3
rt:32.15,through:16.27,tt:0.35,num_interact:244,Intrvl:15,num_users:465,errors:4
rt:34.38,through:16.33,tt:0.34,num_interact:245,Intrvl:15,num_users:460,errors:5
rt:30.79,through:17.2,tt:0.37,num_interact:258,Intrvl:15,num_users:479,errors:0
rt:31.27,through:16.53,tt:0.35,num_interact:248,Intrvl:15,num_users:469,errors:23
rt:34.38,through:14.73,tt:0.35,num_interact:221,Intrvl:15,num_users:452,errors:0
rt:28.59,through:16.73,tt:0.32,num_interact:252,Intrvl:15,num_users:452,errors:22
rt:35.85,through:16.2,tt:0.34,num_interact:243,Intrvl:15,num_users:401,errors:0
rt:24.35,through:17.2,tt:0.38,num_interact:258,Intrvl:15,num_users:422,errors:13
rt:30.21,through:16.53,tt:0.33,num_interact:248,Intrvl:15,num_users:427,errors:0
rt:28.98,through:17,tt:0.36,num_interact:256,Intrvl:15,num_users:417,errors:10
rt:28.43,through:15,tt:0.35,num_interact:225,Intrvl:15,num_users:404,errors:4
rt:29.46,through:15.6,tt:0.35,num_interact:234,Intrvl:15,num_users:380,errors:2
rt:29.41,through:15.93,tt:0.38,num_interact:239,Intrvl:15,num_users:417,errors:10
rt:30.64,through:14.53,tt:0.36,num_interact:218,Intrvl:15,num_users:351,errors:0
rt:26.57,through:16,tt:0.28,num_interact:240,Intrvl:15,num_users:422,errors:11
rt:30.25,through:14,tt:0.33,num_interact:210,Intrvl:15,num_users:375,errors:2
rt:26.64,through:15.33,tt:0.4,num_interact:230,Intrvl:15,num_users:354,errors:5
rt:26.13,through:14.73,tt:0.34,num_interact:221,Intrvl:15,num_users:402,errors:10
rt:29.71,through:15.73,tt:0.36,num_interact:236,Intrvl:15,num_users:365,errors:0
rt:27.73,through:17.27,tt:0.36,num_interact:259,Intrvl:15,num_users:419,errors:13
rt:30.88,through:14.93,tt:0.36,num_interact:224,Intrvl:15,num_users:435,errors:0
rt:29.05,through:15.87,tt:0.36,num_interact:240,Intrvl:15,num_users:411,errors:4
rt:29.07,through:15.67,tt:0.41,num_interact:235,Intrvl:15,num_users:417,errors:4
rt:28.36,through:16.47,tt:0.34,num_interact:247,Intrvl:15,num_users:468,errors:0
rt:30.76,through:15.73,tt:0.33,num_interact:236,Intrvl:15,num_users:379,errors:10
rt:30.94,through:13.33,tt:0.31,num_interact:200,Intrvl:15,num_users:370,errors:0
rt:26.74,through:16.33,tt:0.36,num_interact:245,Intrvl:15,num_users:390,errors:8
rt:30.82,through:14.47,tt:0.33,num_interact:217,Intrvl:15,num_users:360,errors:5
rt:26.23,through:15.13,tt:0.38,num_interact:227,Intrvl:15,num_users:325,errors:0
rt:25.11,through:15.8,tt:0.44,num_interact:237,Intrvl:15,num_users:424,errors:14
rt:31.97,through:13.87,tt:0.35,num_interact:208,Intrvl:15,num_users:342,errors:0
rt:25.85,through:16,tt:0.31,num_interact:240,Intrvl:15,num_users:392,errors:9
rt:30.02,through:12.93,tt:0.36,num_interact:194,Intrvl:15,num_users:363,errors:3
rt:26.68,through:16.2,tt:0.31,num_interact:243,Intrvl:15,num_users:377,errors:2
rt:27.8,through:15.93,tt:0.38,num_interact:239,Intrvl:15,num_users:469,errors:7
rt:31.78,through:17.07,tt:0.35,num_interact:256,Intrvl:15,num_users:466,errors:0
rt:28.29,through:17.33,tt:0.33,num_interact:260,Intrvl:15,num_users:462,errors:9
rt:31.67,through:14,tt:0.34,num_interact:210,Intrvl:15,num_users:424,errors:1
rt:30.99,through:14.07,tt:0.35,num_interact:211,Intrvl:15,num_users:351,errors:4
rt:26.98,through:15.53,tt:0.31,num_interact:233,Intrvl:15,num_users:397,errors:4
rt:29.71,through:15.73,tt:0.33,num_interact:236,Intrvl:15,num_users:424,errors:0
rt:28.92,through:17.47,tt:0.34,num_interact:262,Intrvl:15,num_users:413,errors:13
rt:30,through:14.8,tt:0.33,num_interact:222,Intrvl:15,num_users:396,errors:0
rt:27.2,through:16.07,tt:0.38,num_interact:241,Intrvl:15,num_users:379,errors:5
rt:30.19,through:15.53,tt:0.37,num_interact:233,Intrvl:15,num_users:427,errors:5
rt:29.16,through:15.47,tt:0.36,num_interact:232,Intrvl:15,num_users:386,errors:1
rt:28.25,through:16.6,tt:0.34,num_interact:249,Intrvl:15,num_users:425,errors:12
rt:29.98,through:15.2,tt:0.36,num_interact:228,Intrvl:15,num_users:422,errors:0
rt:28.35,through:15.87,tt:0.34,num_interact:238,Intrvl:15,num_users:361,errors:5
rt:29.56,through:15,tt:0.36,num_interact:225,Intrvl:15,num_users:413,errors:1
rt:28.94,through:15,tt:0.32,num_interact:225,Intrvl:15,num_users:383,errors:1
rt:28.29,through:15.8,tt:0.39,num_interact:237,Intrvl:15,num_users:373,errors:9
rt:26.58,through:15.27,tt:0.34,num_interact:229,Intrvl:15,num_users:352,errors:0
rt:25.29,through:17.6,tt:0.37,num_interact:264,Intrvl:15,num_users:374,errors:10
rt:29.09,through:13.47,tt:0.35,num_interact:202,Intrvl:15,num_users:359,errors:1
rt:25.32,through:17.73,tt:0.38,num_interact:266,Intrvl:15,num_users:400,errors:7
rt:29.01,through:16,tt:0.31,num_interact:240,Intrvl:15,num_users:414,errors:6
rt:26.57,through:17.07,tt:0.36,num_interact:256,Intrvl:15,num_users:415,errors:0
rt:26.12,through:16.33,tt:0.29,num_interact:245,Intrvl:15,num_users:377,errors:14
rt:29.1,through:14.67,tt:0.34,num_interact:220,Intrvl:15,num_users:391,errors:0
rt:26.52,through:16.4,tt:0.4,num_interact:246,Intrvl:15,num_users:346,errors:5
rt:30.63,through:15.13,tt:0.36,num_interact:227,Intrvl:15,num_users:368,errors:2
rt:25.25,through:16.47,tt:0.37,num_interact:247,Intrvl:15,num_users:398,errors:0
rt:26.72,through:15.8,tt:0.34,num_interact:237,Intrvl:15,num_users:383,errors:9
rt:26.24,through:15.2,tt:0.35,num_interact:228,Intrvl:15,num_users:333,errors:0
rt:24.51,through:16.4,tt:0.38,num_interact:246,Intrvl:15,num_users:353,errors:12
rt:27.75,through:14.73,tt:0.39,num_interact:221,Intrvl:15,num_users:358,errors:0
rt:24.46,through:17.4,tt:0.36,num_interact:261,Intrvl:15,num_users:401,errors:6
rt:27.87,through:16.2,tt:0.35,num_interact:243,Intrvl:15,num_users:403,errors:3
rt:26.3,through:16.87,tt:0.36,num_interact:253,Intrvl:15,num_users:386,errors:0
rt:26.87,through:16.27,tt:0.36,num_interact:244,Intrvl:15,num_users:380,errors:12
rt:28.09,through:16,tt:0.34,num_interact:240,Intrvl:15,num_users:386,errors:0
rt:26.9,through:17,tt:0.37,num_interact:255,Intrvl:15,num_users:366,errors:7
rt:28.12,through:15.4,tt:0.33,num_interact:231,Intrvl:15,num_users:401,errors:4
rt:26.74,through:16.73,tt:0.36,num_interact:251,Intrvl:15,num_users:421,errors:0
rt:28.4,through:15.8,tt:0.37,num_interact:237,Intrvl:15,num_users:410,errors:11
rt:28.85,through:15.73,tt:0.32,num_interact:236,Intrvl:15,num_users:388,errors:0
rt:25.27,through:16.13,tt:0.35,num_interact:242,Intrvl:15,num_users:353,errors:8
rt:27.93,through:15.13,tt:0.39,num_interact:227,Intrvl:15,num_users:375,errors:2
rt:26.02,through:16.47,tt:0.35,num_interact:248,Intrvl:15,num_users:382,errors:6
rt:28.79,through:16.13,tt:0.37,num_interact:242,Intrvl:15,num_users:413,errors:7
rt:26.96,through:16.73,tt:0.37,num_interact:251,Intrvl:15,num_users:449,errors:0
rt:29.1,through:17.33,tt:0.35,num_interact:260,Intrvl:15,num_users:410,errors:17
rt:30.3,through:11.53,tt:0.42,num_interact:173,Intrvl:15,num_users:335,errors:0
rt:25.38,through:16.07,tt:0.3,num_interact:241,Intrvl:15,num_users:346,errors:6
rt:26.59,through:13.87,tt:0.35,num_interact:208,Intrvl:15,num_users:312,errors:2
rt:24.23,through:16.2,tt:0.34,num_interact:243,Intrvl:15,num_users:307,errors:0
rt:25.84,through:16.27,tt:0.34,num_interact:244,Intrvl:15,num_users:331,errors:9
rt:22.37,through:16.4,tt:0.32,num_interact:246,Intrvl:15,num_users:348,errors:0
rt:23.46,through:17.73,tt:0.34,num_interact:266,Intrvl:15,num_users:323,errors:12
rt:26.99,through:14.6,tt:0.32,num_interact:219,Intrvl:15,num_users:375,errors:3
rt:24.94,through:16.67,tt:0.34,num_interact:250,Intrvl:15,num_users:381,errors:0
rt:26.5,through:13.87,tt:0.35,num_interact:208,Intrvl:15,num_users:357,errors:14
rt:29.84,through:13.07,tt:0.34,num_interact:196,Intrvl:15,num_users:353,errors:1
rt:28.04,through:16.8,tt:0.39,num_interact:252,Intrvl:15,num_users:409,errors:7
rt:28.28,through:16.07,tt:0.38,num_interact:241,Intrvl:15,num_users:383,errors:1
rt:24.72,through:16.87,tt:0.33,num_interact:253,Intrvl:15,num_users:413,errors:21
rt:30.63,through:14.53,tt:0.36,num_interact:218,Intrvl:15,num_users:411,errors:3
rt:27.14,through:12,tt:0.39,num_interact:181,Intrvl:15,num_users:252,errors:0
rt:23.83,through:14.87,tt:0.34,num_interact:223,Intrvl:15,num_users:266,errors:9
rt:21.71,through:13.33,tt:0.33,num_interact:200,Intrvl:15,num_users:262,errors:0
rt:21.58,through:16.67,tt:0.39,num_interact:250,Intrvl:15,num_users:265,errors:15
rt:21.22,through:15.93,tt:0.35,num_interact:239,Intrvl:15,num_users:284,errors:0
rt:21.72,through:16.6,tt:0.34,num_interact:249,Intrvl:15,num_users:289,errors:12
rt:22.1,through:13.73,tt:0.3,num_interact:206,Intrvl:15,num_users:239,errors:0
rt:19.14,through:17.2,tt:0.34,num_interact:258,Intrvl:15,num_users:268,errors:19
rt:19.77,through:15.27,tt:0.37,num_interact:229,Intrvl:15,num_users:265,errors:0
rt:19.91,through:16.27,tt:0.4,num_interact:244,Intrvl:15,num_users:264,errors:10
rt:22.34,through:16.67,tt:0.37,num_interact:250,Intrvl:15,num_users:282,errors:0
rt:20.07,through:17.93,tt:0.34,num_interact:269,Intrvl:15,num_users:264,errors:19
rt:20.38,through:14.4,tt:0.33,num_interact:216,Intrvl:15,num_users:272,errors:3
rt:20.54,through:16.13,tt:0.38,num_interact:242,Intrvl:15,num_users:265,errors:6
rt:20.8,through:15.67,tt:0.34,num_interact:235,Intrvl:15,num_users:259,errors:10
rt:18.86,through:16.6,tt:0.38,num_interact:249,Intrvl:15,num_users:266,errors:2
rt:21.24,through:16.33,tt:0.37,num_interact:245,Intrvl:15,num_users:309,errors:19
rt:19.58,through:16.87,tt:0.34,num_interact:255,Intrvl:15,num_users:286,errors:0
rt:25.69,through:14.6,tt:0.43,num_interact:219,Intrvl:15,num_users:318,errors:22
rt:22.57,through:15.13,tt:0.33,num_interact:228,Intrvl:15,num_users:273,errors:0
rt:23.47,through:16.6,tt:0.32,num_interact:249,Intrvl:15,num_users:267,errors:12
rt:22.9,through:14.33,tt:0.35,num_interact:215,Intrvl:15,num_users:306,errors:0
rt:21.54,through:17.47,tt:0.36,num_interact:262,Intrvl:15,num_users:275,errors:9
rt:21.08,through:13.87,tt:0.36,num_interact:208,Intrvl:15,num_users:249,errors:1
rt:19.92,through:15.73,tt:0.34,num_interact:236,Intrvl:15,num_users:302,errors:14
rt:22.26,through:15.93,tt:0.36,num_interact:239,Intrvl:15,num_users:292,errors:1
rt:20.54,through:16.13,tt:0.39,num_interact:242,Intrvl:15,num_users:281,errors:7
rt:21.64,through:15.67,tt:0.38,num_interact:236,Intrvl:15,num_users:285,errors:9
rt:21.28,through:16.6,tt:0.38,num_interact:249,Intrvl:15,num_users:290,errors:2
rt:22.37,through:13.4,tt:0.34,num_interact:201,Intrvl:15,num_users:235,errors:17
rt:17.97,through:16.4,tt:0.42,num_interact:246,Intrvl:15,num_users:313,errors:0
rt:23.55,through:16.47,tt:0.33,num_interact:247,Intrvl:15,num_users:308,errors:18
rt:20.42,through:14.13,tt:0.36,num_interact:212,Intrvl:15,num_users:267,errors:0
rt:22.46,through:16.93,tt:0.36,num_interact:254,Intrvl:15,num_users:289,errors:17
rt:21.65,through:14.6,tt:0.36,num_interact:219,Intrvl:15,num_users:261,errors:0
rt:20.53,through:17.2,tt:0.43,num_interact:259,Intrvl:15,num_users:271,errors:17
rt:22.3,through:14.33,tt:0.34,num_interact:215,Intrvl:15,num_users:312,errors:0
rt:20.5,through:17.27,tt:0.31,num_interact:259,Intrvl:15,num_users:324,errors:11
rt:26.05,through:15.73,tt:0.33,num_interact:236,Intrvl:15,num_users:364,errors:2
rt:23.55,through:13.6,tt:0.35,num_interact:204,Intrvl:15,num_users:264,errors:0
rt:21.49,through:18.93,tt:0.38,num_interact:284,Intrvl:15,num_users:301,errors:10
rt:19.64,through:16.33,tt:0.36,num_interact:245,Intrvl:15,num_users:274,errors:0
rt:20.05,through:14.53,tt:0.35,num_interact:218,Intrvl:15,num_users:316,errors:8
rt:20.98,through:17.4,tt:0.36,num_interact:261,Intrvl:15,num_users:313,errors:0
rt:18.18,through:14.13,tt:0.33,num_interact:212,Intrvl:15,num_users:236,errors:31
rt:19.62,through:13.13,tt:0.32,num_interact:197,Intrvl:15,num_users:247,errors:0
rt:20.92,through:16.8,tt:0.37,num_interact:252,Intrvl:15,num_users:284,errors:8
rt:25.7,through:14.93,tt:0.33,num_interact:224,Intrvl:15,num_users:292,errors:2
rt:20.29,through:17.53,tt:0.33,num_interact:263,Intrvl:15,num_users:297,errors:0
rt:22.89,through:17.6,tt:0.38,num_interact:264,Intrvl:15,num_users:303,errors:9
rt:22.29,through:15.73,tt:0.34,num_interact:236,Intrvl:15,num_users:327,errors:0
rt:22.78,through:16.93,tt:0.35,num_interact:254,Intrvl:15,num_users:326,errors:4
rt:22.51,through:15.4,tt:0.35,num_interact:231,Intrvl:15,num_users:285,errors:5
rt:21.52,through:16,tt:0.4,num_interact:240,Intrvl:15,num_users:317,errors:0
rt:24.1,through:16.07,tt:0.34,num_interact:241,Intrvl:15,num_users:297,errors:17
rt:22.06,through:15.27,tt:0.34,num_interact:229,Intrvl:15,num_users:325,errors:0
rt:23.47,through:15,tt:0.34,num_interact:225,Intrvl:15,num_users:246,errors:11
rt:21.53,through:14,tt:0.38,num_interact:210,Intrvl:15,num_users:281,errors:2
rt:20.82,through:15.6,tt:0.37,num_interact:234,Intrvl:15,num_users:281,errors:0
rt:22.3,through:14.67,tt:0.36,num_interact:220,Intrvl:15,num_users:229,errors:7
Terminating EBs...
EB TPCW Broswing Mix EB #2896commiting suicide!
EB TPCW Broswing Mix EB #1246commiting suicide!
EB TPCW Broswing Mix EB #2897commiting suicide!
EB TPCW Broswing Mix EB #121commiting suicide!
EB TPCW Broswing Mix EB #117commiting suicide!
EB TPCW Broswing Mix EB #27commiting suicide!
EB TPCW Broswing Mix EB #38commiting suicide!
EB TPCW Broswing Mix EB #1238commiting suicide!
EB TPCW Broswing Mix EB #84commiting suicide!
EB TPCW Broswing Mix EB #1219commiting suicide!
EB TPCW Broswing Mix EB #1247commiting suicide!
EB TPCW Broswing Mix EB #123commiting suicide!
EB TPCW Broswing Mix EB #37commiting suicide!
EB TPCW Broswing Mix EB #1264commiting suicide!
EB TPCW Broswing Mix EB #2903commiting suicide!
EB TPCW Broswing Mix EB #1262commiting suicide!
EB TPCW Broswing Mix EB #2894commiting suicide!
EB TPCW Broswing Mix EB #14commiting suicide!
EB TPCW Broswing Mix EB #1257commiting suicide!
EB TPCW Broswing Mix EB #15commiting suicide!
EB TPCW Broswing Mix EB #2902commiting suicide!
EB TPCW Broswing Mix EB #2745commiting suicide!
EB TPCW Broswing Mix EB #2238commiting suicide!
EB TPCW Broswing Mix EB #41commiting suicide!
EB TPCW Broswing Mix EB #18commiting suicide!
EB TPCW Broswing Mix EB #70commiting suicide!
EB TPCW Broswing Mix EB #2750commiting suicide!
EB TPCW Broswing Mix EB #12commiting suicide!
EB TPCW Broswing Mix EB #21commiting suicide!
EB TPCW Broswing Mix EB #171commiting suicide!
EB TPCW Broswing Mix EB #114commiting suicide!
EB TPCW Broswing Mix EB #2899commiting suicide!
EB TPCW Broswing Mix EB #172commiting suicide!
EB TPCW Broswing Mix EB #90commiting suicide!
EB TPCW Broswing Mix EB #55commiting suicide!
EB TPCW Broswing Mix EB #1208commiting suicide!
EB TPCW Broswing Mix EB #102commiting suicide!
EB TPCW Broswing Mix EB #47commiting suicide!
EB TPCW Broswing Mix EB #1258commiting suicide!
EB TPCW Broswing Mix EB #127commiting suicide!
EB TPCW Broswing Mix EB #156commiting suicide!
EB TPCW Broswing Mix EB #10commiting suicide!
EB TPCW Broswing Mix EB #147commiting suicide!
EB TPCW Broswing Mix EB #2900commiting suicide!
EB TPCW Broswing Mix EB #139commiting suicide!
EB TPCW Broswing Mix EB #72commiting suicide!
EB TPCW Broswing Mix EB #112commiting suicide!
EB TPCW Broswing Mix EB #1236commiting suicide!
EB TPCW Broswing Mix EB #64commiting suicide!
EB TPCW Broswing Mix EB #152commiting suicide!
EB TPCW Broswing Mix EB #61commiting suicide!
EB TPCW Broswing Mix EB #1224commiting suicide!
EB TPCW Broswing Mix EB #34commiting suicide!
EB TPCW Broswing Mix EB #8commiting suicide!
EB TPCW Broswing Mix EB #78commiting suicide!
EB TPCW Broswing Mix EB #126commiting suicide!
EB TPCW Broswing Mix EB #128commiting suicide!
EB TPCW Broswing Mix EB #23commiting suicide!
EB TPCW Broswing Mix EB #113commiting suicide!
EB TPCW Broswing Mix EB #168commiting suicide!
EB TPCW Broswing Mix EB #178commiting suicide!
EB TPCW Broswing Mix EB #135commiting suicide!
EB TPCW Broswing Mix EB #2572commiting suicide!
EB TPCW Broswing Mix EB #149commiting suicide!
EB TPCW Broswing Mix EB #74commiting suicide!
EB TPCW Broswing Mix EB #1244commiting suicide!
EB TPCW Broswing Mix EB #1250commiting suicide!
EB TPCW Broswing Mix EB #2765commiting suicide!
EB TPCW Broswing Mix EB #94commiting suicide!
EB TPCW Broswing Mix EB #1225commiting suicide!
EB TPCW Broswing Mix EB #118commiting suicide!
EB TPCW Broswing Mix EB #176commiting suicide!
EB TPCW Broswing Mix EB #57commiting suicide!
EB TPCW Broswing Mix EB #183commiting suicide!
EB TPCW Broswing Mix EB #145commiting suicide!
EB TPCW Broswing Mix EB #184commiting suicide!
EB TPCW Broswing Mix EB #1248commiting suicide!
EB TPCW Broswing Mix EB #129commiting suicide!
EB TPCW Broswing Mix EB #1242commiting suicide!
EB TPCW Broswing Mix EB #32commiting suicide!
EB TPCW Broswing Mix EB #1266commiting suicide!
EB TPCW Broswing Mix EB #31commiting suicide!
EB TPCW Broswing Mix EB #1227commiting suicide!
EB TPCW Broswing Mix EB #13commiting suicide!
EB TPCW Broswing Mix EB #1203commiting suicide!
EB TPCW Broswing Mix EB #1222commiting suicide!
EB TPCW Broswing Mix EB #165commiting suicide!
EB TPCW Broswing Mix EB #1228commiting suicide!
EB TPCW Broswing Mix EB #185commiting suicide!
EB TPCW Broswing Mix EB #136commiting suicide!
EB TPCW Broswing Mix EB #110commiting suicide!
EB TPCW Broswing Mix EB #148commiting suicide!
EB TPCW Broswing Mix EB #4commiting suicide!
EB TPCW Broswing Mix EB #59commiting suicide!
EB TPCW Broswing Mix EB #125commiting suicide!
EB TPCW Broswing Mix EB #1256commiting suicide!
EB TPCW Broswing Mix EB #58commiting suicide!
EB TPCW Broswing Mix EB #2573commiting suicide!
EB TPCW Broswing Mix EB #2566commiting suicide!
EB TPCW Broswing Mix EB #1253commiting suicide!
EB TPCW Broswing Mix EB #1218commiting suicide!
EB TPCW Broswing Mix EB #42commiting suicide!
EB TPCW Broswing Mix EB #1206commiting suicide!
EB TPCW Broswing Mix EB #11commiting suicide!
EB TPCW Broswing Mix EB #44commiting suicide!
EB TPCW Broswing Mix EB #155commiting suicide!
EB TPCW Broswing Mix EB #153commiting suicide!
EB TPCW Broswing Mix EB #111commiting suicide!
EB TPCW Broswing Mix EB #28commiting suicide!
EB TPCW Broswing Mix EB #53commiting suicide!
EB TPCW Broswing Mix EB #1249commiting suicide!
EB TPCW Broswing Mix EB #130commiting suicide!
EB TPCW Broswing Mix EB #60commiting suicide!
EB TPCW Broswing Mix EB #140commiting suicide!
EB TPCW Broswing Mix EB #106commiting suicide!
EB TPCW Broswing Mix EB #39commiting suicide!
EB TPCW Broswing Mix EB #2747commiting suicide!
EB TPCW Broswing Mix EB #192commiting suicide!
EB TPCW Broswing Mix EB #65commiting suicide!
EB TPCW Broswing Mix EB #86commiting suicide!
EB TPCW Broswing Mix EB #35commiting suicide!
EB TPCW Broswing Mix EB #1239commiting suicide!
EB TPCW Broswing Mix EB #33commiting suicide!
EB TPCW Broswing Mix EB #80commiting suicide!
EB TPCW Broswing Mix EB #116commiting suicide!
EB TPCW Broswing Mix EB #1215commiting suicide!
EB TPCW Broswing Mix EB #154commiting suicide!
EB TPCW Broswing Mix EB #134commiting suicide!
EB TPCW Broswing Mix EB #92commiting suicide!
EB TPCW Broswing Mix EB #1217commiting suicide!
EB TPCW Broswing Mix EB #1202commiting suicide!
EB TPCW Broswing Mix EB #1255commiting suicide!
EB TPCW Broswing Mix EB #89commiting suicide!
EB TPCW Broswing Mix EB #68commiting suicide!
EB TPCW Broswing Mix EB #133commiting suicide!
EB TPCW Broswing Mix EB #1252commiting suicide!
EB TPCW Broswing Mix EB #17commiting suicide!
EB TPCW Broswing Mix EB #1263commiting suicide!
EB TPCW Broswing Mix EB #2569commiting suicide!
EB TPCW Broswing Mix EB #107commiting suicide!
EB TPCW Broswing Mix EB #132commiting suicide!
EB TPCW Broswing Mix EB #1223commiting suicide!
EB TPCW Broswing Mix EB #1260commiting suicide!
EB TPCW Broswing Mix EB #73commiting suicide!
EB TPCW Broswing Mix EB #115commiting suicide!
EB TPCW Broswing Mix EB #1211commiting suicide!
EB TPCW Broswing Mix EB #19commiting suicide!
EB TPCW Broswing Mix EB #175commiting suicide!
EB TPCW Broswing Mix EB #2748commiting suicide!
EB TPCW Broswing Mix EB #69commiting suicide!
EB TPCW Broswing Mix EB #43commiting suicide!
EB TPCW Broswing Mix EB #2746commiting suicide!
EB TPCW Broswing Mix EB #25commiting suicide!
EB TPCW Broswing Mix EB #109commiting suicide!
EB TPCW Broswing Mix EB #124commiting suicide!
EB TPCW Broswing Mix EB #1241commiting suicide!
EB TPCW Broswing Mix EB #81commiting suicide!
EB TPCW Broswing Mix EB #1251commiting suicide!
EB TPCW Broswing Mix EB #1235commiting suicide!
EB TPCW Broswing Mix EB #108commiting suicide!
EB TPCW Broswing Mix EB #79commiting suicide!
EB TPCW Broswing Mix EB #77commiting suicide!
EB TPCW Broswing Mix EB #36commiting suicide!
EB TPCW Broswing Mix EB #2762commiting suicide!
EB TPCW Broswing Mix EB #96commiting suicide!
EB TPCW Broswing Mix EB #1210commiting suicide!
EB TPCW Broswing Mix EB #24commiting suicide!
EB TPCW Broswing Mix EB #120commiting suicide!
EB TPCW Broswing Mix EB #2892commiting suicide!
EB TPCW Broswing Mix EB #2756commiting suicide!
EB TPCW Broswing Mix EB #143commiting suicide!
EB TPCW Broswing Mix EB #2761commiting suicide!
EB TPCW Broswing Mix EB #2764commiting suicide!
EB TPCW Broswing Mix EB #186commiting suicide!
EB TPCW Broswing Mix EB #163commiting suicide!
EB TPCW Broswing Mix EB #2570commiting suicide!
EB TPCW Broswing Mix EB #1200commiting suicide!
EB TPCW Broswing Mix EB #63commiting suicide!
EB TPCW Broswing Mix EB #2759commiting suicide!
EB TPCW Broswing Mix EB #167commiting suicide!
EB TPCW Broswing Mix EB #195commiting suicide!
EB TPCW Broswing Mix EB #5commiting suicide!
EB TPCW Broswing Mix EB #54commiting suicide!
EB TPCW Broswing Mix EB #160commiting suicide!
EB TPCW Broswing Mix EB #98commiting suicide!
EB TPCW Broswing Mix EB #158commiting suicide!
EB TPCW Broswing Mix EB #2763commiting suicide!
EB TPCW Broswing Mix EB #2568commiting suicide!
EB TPCW Broswing Mix EB #6commiting suicide!
EB TPCW Broswing Mix EB #1233commiting suicide!
EB TPCW Broswing Mix EB #85commiting suicide!
EB TPCW Broswing Mix EB #1209commiting suicide!
EB TPCW Broswing Mix EB #2901commiting suicide!
EB TPCW Broswing Mix EB #103commiting suicide!
EB TPCW Broswing Mix EB #157commiting suicide!
EB TPCW Broswing Mix EB #16commiting suicide!
EB TPCW Broswing Mix EB #1221commiting suicide!
EB TPCW Broswing Mix EB #87commiting suicide!
EB TPCW Broswing Mix EB #1214commiting suicide!
EB TPCW Broswing Mix EB #1232commiting suicide!
EB TPCW Broswing Mix EB #52commiting suicide!
EB TPCW Broswing Mix EB #138commiting suicide!
EB TPCW Broswing Mix EB #75commiting suicide!
EB TPCW Broswing Mix EB #46commiting suicide!
EB TPCW Broswing Mix EB #141commiting suicide!
EB TPCW Broswing Mix EB #196commiting suicide!
EB TPCW Broswing Mix EB #2749commiting suicide!
EB TPCW Broswing Mix EB #181commiting suicide!
EB TPCW Broswing Mix EB #1234commiting suicide!
EB TPCW Broswing Mix EB #93commiting suicide!
EB TPCW Broswing Mix EB #131commiting suicide!
EB TPCW Broswing Mix EB #1212commiting suicide!
EB TPCW Broswing Mix EB #2754commiting suicide!
EB TPCW Broswing Mix EB #1201commiting suicide!
EB TPCW Broswing Mix EB #2575commiting suicide!
EB TPCW Broswing Mix EB #1265commiting suicide!
EB TPCW Broswing Mix EB #173commiting suicide!
EB TPCW Broswing Mix EB #142commiting suicide!
EB TPCW Broswing Mix EB #2757commiting suicide!
EB TPCW Broswing Mix EB #1205commiting suicide!
EB TPCW Broswing Mix EB #179commiting suicide!
EB TPCW Broswing Mix EB #2898commiting suicide!
EB TPCW Broswing Mix EB #105commiting suicide!
EB TPCW Broswing Mix EB #97commiting suicide!
EB TPCW Broswing Mix EB #161commiting suicide!
EB TPCW Broswing Mix EB #1229commiting suicide!
EB TPCW Broswing Mix EB #9commiting suicide!
EB TPCW Broswing Mix EB #62commiting suicide!
EB TPCW Broswing Mix EB #1240commiting suicide!
EB TPCW Broswing Mix EB #48commiting suicide!
EB TPCW Broswing Mix EB #146commiting suicide!
EB TPCW Broswing Mix EB #56commiting suicide!
EB TPCW Broswing Mix EB #49commiting suicide!
EB TPCW Broswing Mix EB #101commiting suicide!
EB TPCW Broswing Mix EB #2895commiting suicide!
EB TPCW Broswing Mix EB #22commiting suicide!
EB TPCW Broswing Mix EB #1254commiting suicide!
EB TPCW Broswing Mix EB #2744commiting suicide!
EB TPCW Broswing Mix EB #2760commiting suicide!
EB TPCW Broswing Mix EB #1207commiting suicide!
EB TPCW Broswing Mix EB #1230commiting suicide!
EB TPCW Broswing Mix EB #174commiting suicide!
EB TPCW Broswing Mix EB #2567commiting suicide!
EB TPCW Broswing Mix EB #122commiting suicide!
EB TPCW Broswing Mix EB #1243commiting suicide!
EB TPCW Broswing Mix EB #2571commiting suicide!
EB TPCW Broswing Mix EB #100commiting suicide!
EB TPCW Broswing Mix EB #82commiting suicide!
EB TPCW Broswing Mix EB #170commiting suicide!
EB TPCW Broswing Mix EB #2758commiting suicide!
EB TPCW Broswing Mix EB #51commiting suicide!
EB TPCW Broswing Mix EB #2237commiting suicide!
EB TPCW Broswing Mix EB #71commiting suicide!
EB TPCW Broswing Mix EB #193commiting suicide!
EB TPCW Broswing Mix EB #119commiting suicide!
EB TPCW Broswing Mix EB #1259commiting suicide!
EB TPCW Broswing Mix EB #177commiting suicide!
EB TPCW Broswing Mix EB #1231commiting suicide!
EB TPCW Broswing Mix EB #2755commiting suicide!
EB TPCW Broswing Mix EB #99commiting suicide!
EB TPCW Broswing Mix EB #88commiting suicide!
EB TPCW Broswing Mix EB #2751commiting suicide!
EB TPCW Broswing Mix EB #151commiting suicide!
EB TPCW Broswing Mix EB #159commiting suicide!
EB TPCW Broswing Mix EB #187commiting suicide!
EB TPCW Broswing Mix EB #144commiting suicide!
EB TPCW Broswing Mix EB #1261commiting suicide!
EB TPCW Broswing Mix EB #166commiting suicide!
EB TPCW Broswing Mix EB #164commiting suicide!
EB TPCW Broswing Mix EB #162commiting suicide!
EB TPCW Broswing Mix EB #194commiting suicide!
EB TPCW Broswing Mix EB #104commiting suicide!
EB TPCW Broswing Mix EB #91commiting suicide!
EB TPCW Broswing Mix EB #2752commiting suicide!
EB TPCW Broswing Mix EB #189commiting suicide!
EB TPCW Broswing Mix EB #188commiting suicide!
EB TPCW Broswing Mix EB #30commiting suicide!
EB TPCW Broswing Mix EB #45commiting suicide!
EB TPCW Broswing Mix EB #40commiting suicide!
EB TPCW Broswing Mix EB #1213commiting suicide!
EB TPCW Broswing Mix EB #29commiting suicide!
EB TPCW Broswing Mix EB #137commiting suicide!
EB TPCW Broswing Mix EB #50commiting suicide!
EB TPCW Broswing Mix EB #2753commiting suicide!
EB TPCW Broswing Mix EB #190commiting suicide!
EB TPCW Broswing Mix EB #95commiting suicide!
EB TPCW Broswing Mix EB #182commiting suicide!
EB TPCW Broswing Mix EB #180commiting suicide!
EB TPCW Broswing Mix EB #76commiting suicide!
EB TPCW Broswing Mix EB #1245commiting suicide!
EB TPCW Broswing Mix EB #150commiting suicide!
EB TPCW Broswing Mix EB #191commiting suicide!
EB TPCW Broswing Mix EB #1226commiting suicide!
EB TPCW Broswing Mix EB #1237commiting suicide!
EB TPCW Broswing Mix EB #2574commiting suicide!
EBs finished.
Really finishing RBE!.
