Remote Browser Emulator for TPC-W.
  ECE 902  Fall '99
  Version 1.5
System's current path is /root/loadtest
rt:0.12,through:2.4,tt:0.28,num_interact:36,Intrvl:15,num_users:1,errors:0
rt:1.91,through:7.67,tt:0.4,num_interact:115,Intrvl:15,num_users:20,errors:0
rt:7.5,through:6.6,tt:0.46,num_interact:99,Intrvl:15,num_users:80,errors:0
rt:10.16,through:8.07,tt:0.37,num_interact:121,Intrvl:15,num_users:120,errors:0
rt:14.2,through:8.73,tt:0.4,num_interact:131,Intrvl:15,num_users:180,errors:0
rt:14.51,through:8.13,tt:0.41,num_interact:122,Intrvl:15,num_users:240,errors:0
rt:22.8,through:8.73,tt:0.46,num_interact:131,Intrvl:15,num_users:280,errors:0
rt:27.76,through:8.33,tt:0.33,num_interact:125,Intrvl:15,num_users:310,errors:0
rt:33.74,through:8.27,tt:0.37,num_interact:124,Intrvl:15,num_users:370,errors:4
rt:35.45,through:7.87,tt:0.32,num_interact:118,Intrvl:15,num_users:346,errors:1
rt:38.43,through:7,tt:0.4,num_interact:105,Intrvl:15,num_users:348,errors:8
rt:42.94,through:7.27,tt:0.39,num_interact:109,Intrvl:15,num_users:342,errors:5
rt:43.23,through:7.8,tt:0.31,num_interact:117,Intrvl:15,num_users:410,errors:11
rt:44.93,through:8.6,tt:0.32,num_interact:129,Intrvl:15,num_users:357,errors:0
rt:46.55,through:5.4,tt:0.42,num_interact:81,Intrvl:15,num_users:327,errors:9
rt:46.98,through:5.73,tt:0.32,num_interact:86,Intrvl:15,num_users:292,errors:1
rt:49.01,through:6.87,tt:0.27,num_interact:103,Intrvl:15,num_users:304,errors:9
rt:46.23,through:7.13,tt:0.29,num_interact:107,Intrvl:15,num_users:353,errors:1
rt:38.22,through:8.33,tt:0.37,num_interact:125,Intrvl:15,num_users:368,errors:18
rt:44.34,through:7,tt:0.47,num_interact:105,Intrvl:15,num_users:349,errors:4
rt:40.01,through:7.2,tt:0.36,num_interact:108,Intrvl:15,num_users:317,errors:14
rt:49.52,through:6,tt:0.35,num_interact:90,Intrvl:15,num_users:324,errors:6
rt:43.69,through:7.87,tt:0.36,num_interact:118,Intrvl:15,num_users:366,errors:10
rt:43.75,through:9.33,tt:0.37,num_interact:140,Intrvl:15,num_users:348,errors:12
rt:35.6,through:6.33,tt:0.42,num_interact:95,Intrvl:15,num_users:330,errors:0
rt:47.07,through:6.87,tt:0.37,num_interact:103,Intrvl:15,num_users:320,errors:22
rt:39.39,through:8.2,tt:0.34,num_interact:123,Intrvl:15,num_users:333,errors:0
rt:47.72,through:6.73,tt:0.41,num_interact:101,Intrvl:15,num_users:342,errors:24
rt:46.21,through:7.67,tt:0.39,num_interact:115,Intrvl:15,num_users:308,errors:0
rt:43.72,through:7,tt:0.3,num_interact:105,Intrvl:15,num_users:295,errors:12
rt:46.45,through:7.47,tt:0.28,num_interact:112,Intrvl:15,num_users:311,errors:1
rt:36.9,through:8.07,tt:0.35,num_interact:121,Intrvl:15,num_users:346,errors:2
rt:45.62,through:7.87,tt:0.39,num_interact:118,Intrvl:15,num_users:345,errors:6
rt:37.61,through:8.4,tt:0.36,num_interact:126,Intrvl:15,num_users:368,errors:0
rt:42.27,through:7.8,tt:0.31,num_interact:117,Intrvl:15,num_users:329,errors:11
rt:40.67,through:6.87,tt:0.3,num_interact:103,Intrvl:15,num_users:336,errors:2
rt:41.66,through:6.53,tt:0.38,num_interact:98,Intrvl:15,num_users:297,errors:6
rt:45.78,through:7.27,tt:0.36,num_interact:109,Intrvl:15,num_users:324,errors:4
rt:41.44,through:7.67,tt:0.35,num_interact:115,Intrvl:15,num_users:343,errors:0
rt:42.28,through:8.4,tt:0.38,num_interact:126,Intrvl:15,num_users:348,errors:8
rt:38.98,through:7.73,tt:0.41,num_interact:116,Intrvl:15,num_users:401,errors:1
rt:42.15,through:7.87,tt:0.35,num_interact:118,Intrvl:15,num_users:325,errors:8
rt:43.96,through:5.4,tt:0.33,num_interact:81,Intrvl:15,num_users:286,errors:3
rt:43.59,through:5.07,tt:0.28,num_interact:76,Intrvl:15,num_users:272,errors:0
rt:45.25,through:6.4,tt:0.31,num_interact:96,Intrvl:15,num_users:369,errors:8
rt:42.34,through:8.13,tt:0.34,num_interact:122,Intrvl:15,num_users:383,errors:0
rt:40.82,through:7.6,tt:0.37,num_interact:114,Intrvl:15,num_users:339,errors:10
rt:44.94,through:6.73,tt:0.4,num_interact:101,Intrvl:15,num_users:357,errors:0
rt:43.97,through:7.73,tt:0.37,num_interact:116,Intrvl:15,num_users:337,errors:3
rt:49.25,through:6.67,tt:0.29,num_interact:100,Intrvl:15,num_users:323,errors:9
rt:43.87,through:5.93,tt:0.35,num_interact:89,Intrvl:15,num_users:248,errors:0
rt:42.88,through:6.47,tt:0.32,num_interact:97,Intrvl:15,num_users:304,errors:5
rt:43.31,through:6.87,tt:0.35,num_interact:103,Intrvl:15,num_users:278,errors:2
rt:38.14,through:6.6,tt:0.38,num_interact:99,Intrvl:15,num_users:275,errors:5
rt:41.87,through:7.53,tt:0.4,num_interact:113,Intrvl:15,num_users:280,errors:1
rt:32.14,through:8.53,tt:0.4,num_interact:128,Intrvl:15,num_users:395,errors:0
rt:38.62,through:7.13,tt:0.38,num_interact:107,Intrvl:15,num_users:268,errors:17
rt:16.52,through:10.33,tt:0.32,num_interact:155,Intrvl:15,num_users:279,errors:0
rt:19.82,through:15.73,tt:0.35,num_interact:236,Intrvl:15,num_users:271,errors:17
rt:20.45,through:14.47,tt:0.38,num_interact:217,Intrvl:15,num_users:308,errors:0
rt:19.15,through:17.33,tt:0.36,num_interact:261,Intrvl:15,num_users:254,errors:7
rt:14.61,through:14.2,tt:0.4,num_interact:213,Intrvl:15,num_users:327,errors:1
rt:17.34,through:16.4,tt:0.36,num_interact:246,Intrvl:15,num_users:291,errors:0
rt:18.89,through:13.6,tt:0.32,num_interact:204,Intrvl:15,num_users:265,errors:2
rt:18.38,through:13,tt:0.33,num_interact:195,Intrvl:15,num_users:244,errors:0
rt:16.72,through:13.6,tt:0.33,num_interact:204,Intrvl:15,num_users:195,errors:5
rt:13.51,through:18.47,tt:0.37,num_interact:277,Intrvl:15,num_users:396,errors:1
rt:17.44,through:16.6,tt:0.35,num_interact:249,Intrvl:15,num_users:353,errors:0
rt:18.07,through:15.33,tt:0.38,num_interact:230,Intrvl:15,num_users:348,errors:3
rt:17.5,through:16.4,tt:0.35,num_interact:246,Intrvl:15,num_users:335,errors:0
rt:21.23,through:15.33,tt:0.36,num_interact:230,Intrvl:15,num_users:314,errors:9
rt:17.4,through:14.93,tt:0.34,num_interact:224,Intrvl:15,num_users:289,errors:0
rt:20.6,through:15.93,tt:0.37,num_interact:239,Intrvl:15,num_users:420,errors:11
rt:20.87,through:16.07,tt:0.36,num_interact:241,Intrvl:15,num_users:369,errors:0
rt:19.76,through:14.2,tt:0.34,num_interact:213,Intrvl:15,num_users:343,errors:19
rt:22.16,through:13.93,tt:0.3,num_interact:209,Intrvl:15,num_users:356,errors:2
rt:21.71,through:15.27,tt:0.36,num_interact:229,Intrvl:15,num_users:317,errors:1
rt:23.87,through:13.53,tt:0.33,num_interact:203,Intrvl:15,num_users:357,errors:13
rt:22.66,through:13.6,tt:0.35,num_interact:204,Intrvl:15,num_users:337,errors:0
rt:22.05,through:16.33,tt:0.35,num_interact:245,Intrvl:15,num_users:307,errors:7
rt:19.54,through:14.93,tt:0.39,num_interact:224,Intrvl:15,num_users:366,errors:0
rt:20.84,through:16.67,tt:0.34,num_interact:250,Intrvl:15,num_users:401,errors:7
rt:21.09,through:13.27,tt:0.34,num_interact:199,Intrvl:15,num_users:294,errors:9
rt:18.37,through:14.53,tt:0.35,num_interact:218,Intrvl:15,num_users:366,errors:0
rt:22.33,through:14.4,tt:0.31,num_interact:216,Intrvl:15,num_users:354,errors:6
rt:20.74,through:17.13,tt:0.35,num_interact:257,Intrvl:15,num_users:368,errors:0
rt:23.32,through:15.8,tt:0.35,num_interact:237,Intrvl:15,num_users:364,errors:17
rt:19.98,through:15.73,tt:0.38,num_interact:236,Intrvl:15,num_users:360,errors:0
rt:21.06,through:16.13,tt:0.37,num_interact:242,Intrvl:15,num_users:353,errors:19
rt:19.28,through:16.4,tt:0.32,num_interact:246,Intrvl:15,num_users:325,errors:1
rt:22.28,through:14,tt:0.43,num_interact:211,Intrvl:15,num_users:296,errors:21
rt:17.52,through:13.8,tt:0.38,num_interact:207,Intrvl:15,num_users:274,errors:0
rt:19.62,through:16.73,tt:0.38,num_interact:251,Intrvl:15,num_users:291,errors:18
rt:17.75,through:15.2,tt:0.38,num_interact:228,Intrvl:15,num_users:327,errors:0
rt:18.67,through:18.53,tt:0.34,num_interact:278,Intrvl:15,num_users:301,errors:13
rt:19.76,through:14,tt:0.36,num_interact:210,Intrvl:15,num_users:318,errors:4
rt:17.16,through:16.6,tt:0.42,num_interact:249,Intrvl:15,num_users:298,errors:6
rt:17.87,through:15,tt:0.29,num_interact:225,Intrvl:15,num_users:309,errors:9
rt:18.54,through:16.87,tt:0.37,num_interact:253,Intrvl:15,num_users:326,errors:0
rt:19.63,through:16.8,tt:0.36,num_interact:252,Intrvl:15,num_users:289,errors:8
rt:16.53,through:15.07,tt:0.35,num_interact:226,Intrvl:15,num_users:305,errors:0
rt:18.31,through:18.47,tt:0.31,num_interact:277,Intrvl:15,num_users:303,errors:4
rt:13.63,through:16.07,tt:0.37,num_interact:241,Intrvl:15,num_users:280,errors:0
rt:18.14,through:18.27,tt:0.36,num_interact:274,Intrvl:15,num_users:339,errors:11
rt:16.21,through:15.53,tt:0.39,num_interact:233,Intrvl:15,num_users:281,errors:0
rt:16.72,through:13.73,tt:0.39,num_interact:206,Intrvl:15,num_users:303,errors:10
rt:18.24,through:15.67,tt:0.32,num_interact:235,Intrvl:15,num_users:289,errors:0
rt:19.86,through:16.53,tt:0.37,num_interact:248,Intrvl:15,num_users:357,errors:11
rt:18.59,through:16.27,tt:0.36,num_interact:244,Intrvl:15,num_users:374,errors:0
rt:22.33,through:17.47,tt:0.36,num_interact:262,Intrvl:15,num_users:375,errors:19
rt:20.78,through:13.47,tt:0.31,num_interact:202,Intrvl:15,num_users:321,errors:0
rt:19.01,through:16.73,tt:0.38,num_interact:251,Intrvl:15,num_users:339,errors:14
rt:20.42,through:15,tt:0.33,num_interact:225,Intrvl:15,num_users:353,errors:4
rt:21,through:14.93,tt:0.33,num_interact:224,Intrvl:15,num_users:280,errors:11
rt:20.51,through:13.07,tt:0.35,num_interact:196,Intrvl:15,num_users:291,errors:4
rt:16.29,through:17.47,tt:0.36,num_interact:262,Intrvl:15,num_users:344,errors:1
rt:20.31,through:17.07,tt:0.31,num_interact:256,Intrvl:15,num_users:335,errors:11
rt:19.91,through:15.27,tt:0.39,num_interact:229,Intrvl:15,num_users:380,errors:0
rt:21.93,through:16.73,tt:0.37,num_interact:255,Intrvl:15,num_users:365,errors:16
rt:19.51,through:12.6,tt:0.29,num_interact:189,Intrvl:15,num_users:298,errors:3
rt:20.67,through:14.53,tt:0.34,num_interact:218,Intrvl:15,num_users:304,errors:16
rt:20.38,through:13.6,tt:0.3,num_interact:204,Intrvl:15,num_users:291,errors:0
rt:17.88,through:17.47,tt:0.4,num_interact:262,Intrvl:15,num_users:285,errors:8
rt:19.83,through:13.87,tt:0.36,num_interact:208,Intrvl:15,num_users:263,errors:8
rt:14.98,through:18.4,tt:0.37,num_interact:276,Intrvl:15,num_users:307,errors:0
rt:16.87,through:15.27,tt:0.35,num_interact:229,Intrvl:15,num_users:262,errors:9
rt:14.89,through:15.27,tt:0.35,num_interact:229,Intrvl:15,num_users:354,errors:0
rt:19.82,through:15.6,tt:0.38,num_interact:234,Intrvl:15,num_users:330,errors:19
rt:19.51,through:15.8,tt:0.38,num_interact:237,Intrvl:15,num_users:402,errors:0
rt:24.25,through:15.4,tt:0.33,num_interact:231,Intrvl:15,num_users:359,errors:12
rt:19.78,through:15.2,tt:0.36,num_interact:228,Intrvl:15,num_users:368,errors:0
rt:20.27,through:13.53,tt:0.33,num_interact:203,Intrvl:15,num_users:279,errors:25
rt:18.5,through:14.2,tt:0.38,num_interact:213,Intrvl:15,num_users:321,errors:0
rt:20.48,through:15.33,tt:0.36,num_interact:230,Intrvl:15,num_users:314,errors:15
rt:17.74,through:15.67,tt:0.36,num_interact:235,Intrvl:15,num_users:324,errors:0
rt:22.25,through:18.13,tt:0.34,num_interact:272,Intrvl:15,num_users:333,errors:31
rt:16.45,through:11.53,tt:0.33,num_interact:173,Intrvl:15,num_users:266,errors:0
rt:18.25,through:16.47,tt:0.38,num_interact:247,Intrvl:15,num_users:314,errors:14
rt:18.06,through:15.27,tt:0.31,num_interact:229,Intrvl:15,num_users:304,errors:3
rt:20.24,through:16.2,tt:0.37,num_interact:243,Intrvl:15,num_users:324,errors:11
rt:20.55,through:16.07,tt:0.36,num_interact:241,Intrvl:15,num_users:313,errors:3
rt:17.66,through:16.07,tt:0.32,num_interact:241,Intrvl:15,num_users:294,errors:0
rt:18.86,through:15.53,tt:0.35,num_interact:233,Intrvl:15,num_users:306,errors:12
rt:16.75,through:17,tt:0.34,num_interact:255,Intrvl:15,num_users:321,errors:0
rt:20.05,through:17.47,tt:0.35,num_interact:262,Intrvl:15,num_users:319,errors:12
rt:16.09,through:15.73,tt:0.36,num_interact:236,Intrvl:15,num_users:318,errors:0
rt:18.54,through:15.8,tt:0.37,num_interact:237,Intrvl:15,num_users:264,errors:13
rt:15.11,through:14.27,tt:0.39,num_interact:214,Intrvl:15,num_users:314,errors:0
rt:18.32,through:16.6,tt:0.35,num_interact:249,Intrvl:15,num_users:292,errors:15
rt:17.83,through:14.47,tt:0.34,num_interact:217,Intrvl:15,num_users:328,errors:1
rt:18.14,through:17.47,tt:0.38,num_interact:262,Intrvl:15,num_users:363,errors:18
rt:21.15,through:14.93,tt:0.35,num_interact:224,Intrvl:15,num_users:321,errors:3
rt:19.56,through:15.67,tt:0.39,num_interact:235,Intrvl:15,num_users:378,errors:13
rt:21.63,through:15.6,tt:0.34,num_interact:234,Intrvl:15,num_users:356,errors:3
rt:16.1,through:12.47,tt:0.35,num_interact:187,Intrvl:15,num_users:274,errors:7
rt:18.81,through:14,tt:0.35,num_interact:210,Intrvl:15,num_users:312,errors:19
rt:20.46,through:16.8,tt:0.34,num_interact:252,Intrvl:15,num_users:352,errors:0
rt:24.53,through:15.6,tt:0.35,num_interact:234,Intrvl:15,num_users:346,errors:14
rt:16.39,through:15,tt:0.36,num_interact:225,Intrvl:15,num_users:313,errors:0
rt:21.62,through:15.67,tt:0.35,num_interact:235,Intrvl:15,num_users:321,errors:20
rt:20.19,through:15.87,tt:0.38,num_interact:238,Intrvl:15,num_users:370,errors:0
rt:21.45,through:17.93,tt:0.34,num_interact:269,Intrvl:15,num_users:339,errors:14
rt:19.06,through:14.33,tt:0.38,num_interact:215,Intrvl:15,num_users:346,errors:0
rt:21.09,through:16.73,tt:0.36,num_interact:251,Intrvl:15,num_users:341,errors:9
rt:21.55,through:14.93,tt:0.34,num_interact:224,Intrvl:15,num_users:340,errors:2
rt:20.3,through:16.8,tt:0.38,num_interact:252,Intrvl:15,num_users:339,errors:5
rt:22.23,through:16.13,tt:0.34,num_interact:242,Intrvl:15,num_users:345,errors:9
rt:18.21,through:15.33,tt:0.33,num_interact:230,Intrvl:15,num_users:296,errors:0
rt:20.2,through:15.4,tt:0.35,num_interact:231,Intrvl:15,num_users:321,errors:13
rt:20.24,through:14.87,tt:0.43,num_interact:223,Intrvl:15,num_users:512,errors:0
rt:24.92,through:17.4,tt:0.37,num_interact:261,Intrvl:15,num_users:710,errors:13
rt:33.34,through:8,tt:0.38,num_interact:120,Intrvl:15,num_users:276,errors:2
rt:26.96,through:13.13,tt:0.35,num_interact:197,Intrvl:15,num_users:276,errors:23
rt:26.22,through:11.53,tt:0.39,num_interact:173,Intrvl:15,num_users:335,errors:1
rt:28.01,through:14,tt:0.36,num_interact:210,Intrvl:15,num_users:308,errors:7
rt:28.81,through:15.6,tt:0.37,num_interact:234,Intrvl:15,num_users:348,errors:0
rt:26.91,through:16.2,tt:0.35,num_interact:243,Intrvl:15,num_users:330,errors:11
rt:24.79,through:14.73,tt:0.37,num_interact:221,Intrvl:15,num_users:314,errors:7
rt:24.53,through:16.13,tt:0.35,num_interact:242,Intrvl:15,num_users:320,errors:0
rt:25.06,through:15.87,tt:0.4,num_interact:238,Intrvl:15,num_users:372,errors:11
rt:25.47,through:15.33,tt:0.31,num_interact:230,Intrvl:15,num_users:300,errors:0
rt:24.43,through:15.47,tt:0.36,num_interact:232,Intrvl:15,num_users:366,errors:17
rt:26.77,through:15.07,tt:0.37,num_interact:226,Intrvl:15,num_users:382,errors:0
rt:24.34,through:15.8,tt:0.31,num_interact:237,Intrvl:15,num_users:346,errors:14
rt:28.84,through:13.47,tt:0.36,num_interact:202,Intrvl:15,num_users:305,errors:0
rt:23.23,through:16.8,tt:0.37,num_interact:252,Intrvl:15,num_users:421,errors:10
rt:33.25,through:12.6,tt:0.31,num_interact:189,Intrvl:15,num_users:305,errors:0
rt:23.87,through:14.27,tt:0.36,num_interact:214,Intrvl:15,num_users:300,errors:20
rt:24.81,through:13.07,tt:0.36,num_interact:196,Intrvl:15,num_users:318,errors:2
rt:24.5,through:16.87,tt:0.32,num_interact:253,Intrvl:15,num_users:327,errors:8
rt:27.26,through:16,tt:0.32,num_interact:240,Intrvl:15,num_users:376,errors:5
rt:26.26,through:15.13,tt:0.39,num_interact:227,Intrvl:15,num_users:306,errors:0
rt:24.35,through:15.27,tt:0.36,num_interact:229,Intrvl:15,num_users:317,errors:12
rt:24.27,through:15.07,tt:0.33,num_interact:226,Intrvl:15,num_users:313,errors:0
rt:23.58,through:17.33,tt:0.37,num_interact:260,Intrvl:15,num_users:350,errors:13
rt:25.94,through:15.33,tt:0.41,num_interact:230,Intrvl:15,num_users:364,errors:1
rt:21.99,through:16.73,tt:0.35,num_interact:251,Intrvl:15,num_users:324,errors:16
rt:28.08,through:14.87,tt:0.41,num_interact:223,Intrvl:15,num_users:352,errors:6
rt:23.37,through:16.13,tt:0.33,num_interact:242,Intrvl:15,num_users:367,errors:15
rt:28.36,through:16,tt:0.38,num_interact:240,Intrvl:15,num_users:364,errors:1
rt:24.91,through:17.07,tt:0.34,num_interact:256,Intrvl:15,num_users:407,errors:32
rt:34.25,through:13.27,tt:0.37,num_interact:199,Intrvl:15,num_users:342,errors:0
rt:26.01,through:15,tt:0.34,num_interact:225,Intrvl:15,num_users:334,errors:10
rt:27.01,through:14.53,tt:0.32,num_interact:218,Intrvl:15,num_users:316,errors:11
rt:25.61,through:16.27,tt:0.36,num_interact:244,Intrvl:15,num_users:309,errors:0
rt:25.38,through:16.2,tt:0.33,num_interact:244,Intrvl:15,num_users:345,errors:11
rt:26.23,through:15.4,tt:0.33,num_interact:231,Intrvl:15,num_users:359,errors:0
rt:25.92,through:16.4,tt:0.32,num_interact:246,Intrvl:15,num_users:308,errors:16
rt:24.66,through:13.93,tt:0.32,num_interact:209,Intrvl:15,num_users:318,errors:1
rt:23.79,through:16.8,tt:0.4,num_interact:252,Intrvl:15,num_users:398,errors:12
rt:31.03,through:13.33,tt:0.35,num_interact:200,Intrvl:15,num_users:341,errors:3
rt:25.58,through:16.2,tt:0.39,num_interact:243,Intrvl:15,num_users:380,errors:7
rt:28.31,through:12.73,tt:0.35,num_interact:191,Intrvl:15,num_users:316,errors:12
rt:25.13,through:15,tt:0.38,num_interact:225,Intrvl:15,num_users:414,errors:0
rt:31.38,through:14.33,tt:0.36,num_interact:215,Intrvl:15,num_users:355,errors:17
rt:28.61,through:15.4,tt:0.4,num_interact:231,Intrvl:15,num_users:349,errors:0
rt:26.78,through:16.27,tt:0.35,num_interact:244,Intrvl:15,num_users:350,errors:6
rt:27.47,through:15.8,tt:0.39,num_interact:237,Intrvl:15,num_users:392,errors:0
rt:26.42,through:16.6,tt:0.39,num_interact:249,Intrvl:15,num_users:349,errors:11
rt:25.38,through:14.33,tt:0.33,num_interact:215,Intrvl:15,num_users:383,errors:1
rt:26.98,through:15.6,tt:0.36,num_interact:234,Intrvl:15,num_users:355,errors:30
rt:31.44,through:14.87,tt:0.33,num_interact:223,Intrvl:15,num_users:374,errors:0
rt:25.86,through:15.87,tt:0.34,num_interact:238,Intrvl:15,num_users:382,errors:13
rt:30.57,through:15.4,tt:0.33,num_interact:231,Intrvl:15,num_users:375,errors:6
rt:27.01,through:15.73,tt:0.34,num_interact:236,Intrvl:15,num_users:424,errors:20
rt:28.59,through:15.33,tt:0.33,num_interact:230,Intrvl:15,num_users:395,errors:11
rt:29.8,through:15.13,tt:0.34,num_interact:227,Intrvl:15,num_users:424,errors:0
rt:29.91,through:14.6,tt:0.38,num_interact:220,Intrvl:15,num_users:340,errors:22
rt:33.94,through:13.27,tt:0.35,num_interact:199,Intrvl:15,num_users:322,errors:0
rt:25.27,through:15.2,tt:0.38,num_interact:228,Intrvl:15,num_users:298,errors:9
rt:25.65,through:15,tt:0.34,num_interact:225,Intrvl:15,num_users:351,errors:0
rt:25.74,through:16.93,tt:0.33,num_interact:254,Intrvl:15,num_users:363,errors:17
rt:27.16,through:14.87,tt:0.38,num_interact:223,Intrvl:15,num_users:362,errors:1
rt:24.24,through:16.33,tt:0.35,num_interact:246,Intrvl:15,num_users:346,errors:5
rt:26.9,through:15.07,tt:0.35,num_interact:226,Intrvl:15,num_users:377,errors:16
rt:26.94,through:15,tt:0.35,num_interact:225,Intrvl:15,num_users:320,errors:0
rt:26.31,through:17.4,tt:0.35,num_interact:261,Intrvl:15,num_users:360,errors:14
rt:26.21,through:15.27,tt:0.36,num_interact:229,Intrvl:15,num_users:378,errors:0
rt:25.81,through:16.07,tt:0.31,num_interact:241,Intrvl:15,num_users:370,errors:14
rt:27.72,through:13.73,tt:0.33,num_interact:206,Intrvl:15,num_users:308,errors:0
rt:24.15,through:16.93,tt:0.36,num_interact:254,Intrvl:15,num_users:350,errors:10
rt:27.05,through:14.33,tt:0.37,num_interact:215,Intrvl:15,num_users:329,errors:4
rt:22.93,through:16.4,tt:0.35,num_interact:246,Intrvl:15,num_users:350,errors:14
rt:29.52,through:14.53,tt:0.4,num_interact:218,Intrvl:15,num_users:320,errors:5
rt:23.57,through:16.2,tt:0.34,num_interact:243,Intrvl:15,num_users:307,errors:1
rt:25.49,through:15.27,tt:0.36,num_interact:229,Intrvl:15,num_users:329,errors:15
rt:22.87,through:16.67,tt:0.39,num_interact:250,Intrvl:15,num_users:308,errors:0
rt:25.18,through:14.87,tt:0.37,num_interact:223,Intrvl:15,num_users:314,errors:20
rt:24.25,through:16,tt:0.32,num_interact:240,Intrvl:15,num_users:372,errors:0
rt:23.1,through:16.27,tt:0.36,num_interact:244,Intrvl:15,num_users:355,errors:15
rt:27.44,through:16.27,tt:0.37,num_interact:244,Intrvl:15,num_users:337,errors:0
rt:23,through:16.2,tt:0.34,num_interact:243,Intrvl:15,num_users:341,errors:17
rt:28.26,through:15.2,tt:0.38,num_interact:228,Intrvl:15,num_users:334,errors:1
rt:23.64,through:16.27,tt:0.34,num_interact:244,Intrvl:15,num_users:375,errors:9
rt:28.62,through:15.53,tt:0.34,num_interact:233,Intrvl:15,num_users:382,errors:8
rt:26.06,through:16.93,tt:0.38,num_interact:254,Intrvl:15,num_users:351,errors:0
rt:26.07,through:15.87,tt:0.36,num_interact:238,Intrvl:15,num_users:407,errors:15
rt:29.23,through:16.07,tt:0.38,num_interact:241,Intrvl:15,num_users:431,errors:0
rt:28.11,through:15.4,tt:0.36,num_interact:231,Intrvl:15,num_users:373,errors:15
rt:30.52,through:16.07,tt:0.36,num_interact:241,Intrvl:15,num_users:379,errors:0
rt:26.29,through:16.13,tt:0.38,num_interact:242,Intrvl:15,num_users:364,errors:12
rt:30.81,through:12.2,tt:0.4,num_interact:183,Intrvl:15,num_users:309,errors:0
rt:24.85,through:17.13,tt:0.31,num_interact:257,Intrvl:15,num_users:329,errors:12
rt:27.18,through:14.67,tt:0.36,num_interact:220,Intrvl:15,num_users:377,errors:0
rt:26.24,through:16.2,tt:0.33,num_interact:243,Intrvl:15,num_users:370,errors:17
rt:27.1,through:14.27,tt:0.37,num_interact:214,Intrvl:15,num_users:348,errors:1
rt:25.31,through:17,tt:0.34,num_interact:255,Intrvl:15,num_users:358,errors:20
rt:25.78,through:13.47,tt:0.32,num_interact:202,Intrvl:15,num_users:319,errors:5
rt:23.8,through:16.2,tt:0.32,num_interact:243,Intrvl:15,num_users:413,errors:6
rt:31.57,through:15.67,tt:0.41,num_interact:235,Intrvl:15,num_users:397,errors:25
rt:28.96,through:14.53,tt:0.38,num_interact:218,Intrvl:15,num_users:357,errors:0
rt:26.34,through:15,tt:0.37,num_interact:225,Intrvl:15,num_users:359,errors:13
rt:28.58,through:15.4,tt:0.33,num_interact:231,Intrvl:15,num_users:335,errors:0
rt:26.53,through:17.4,tt:0.34,num_interact:261,Intrvl:15,num_users:348,errors:21
rt:26.4,through:14.93,tt:0.35,num_interact:224,Intrvl:15,num_users:367,errors:0
rt:26.76,through:17.13,tt:0.36,num_interact:257,Intrvl:15,num_users:353,errors:10
rt:28.7,through:15.67,tt:0.35,num_interact:235,Intrvl:15,num_users:350,errors:4
rt:25.74,through:16.27,tt:0.38,num_interact:244,Intrvl:15,num_users:456,errors:7
rt:29.39,through:16.33,tt:0.39,num_interact:245,Intrvl:15,num_users:453,errors:2
rt:28.5,through:15.67,tt:0.36,num_interact:235,Intrvl:15,num_users:425,errors:0
rt:27.35,through:14.13,tt:0.34,num_interact:212,Intrvl:15,num_users:374,errors:25
rt:31.19,through:15,tt:0.34,num_interact:225,Intrvl:15,num_users:396,errors:0
rt:26.43,through:15.93,tt:0.34,num_interact:239,Intrvl:15,num_users:400,errors:16
rt:30.25,through:16.47,tt:0.31,num_interact:247,Intrvl:15,num_users:446,errors:0
rt:28.46,through:14.33,tt:0.35,num_interact:215,Intrvl:15,num_users:369,errors:37
rt:33.88,through:14.73,tt:0.38,num_interact:221,Intrvl:15,num_users:401,errors:0
rt:27.71,through:16.13,tt:0.39,num_interact:242,Intrvl:15,num_users:426,errors:19
rt:35.1,through:13.47,tt:0.36,num_interact:202,Intrvl:15,num_users:386,errors:2
rt:27.72,through:17.13,tt:0.35,num_interact:257,Intrvl:15,num_users:433,errors:10
rt:32.91,through:14.27,tt:0.37,num_interact:214,Intrvl:15,num_users:403,errors:8
rt:30.8,through:16.4,tt:0.34,num_interact:246,Intrvl:15,num_users:401,errors:2
rt:27.56,through:14.6,tt:0.31,num_interact:219,Intrvl:15,num_users:438,errors:19
rt:33.22,through:15.73,tt:0.35,num_interact:236,Intrvl:15,num_users:405,errors:0
rt:28.09,through:17.47,tt:0.37,num_interact:262,Intrvl:15,num_users:426,errors:15
rt:32.36,through:14.27,tt:0.34,num_interact:214,Intrvl:15,num_users:459,errors:0
rt:31.56,through:15.13,tt:0.31,num_interact:227,Intrvl:15,num_users:365,errors:9
rt:31.96,through:14.27,tt:0.36,num_interact:214,Intrvl:15,num_users:427,errors:0
rt:30.33,through:15.07,tt:0.34,num_interact:226,Intrvl:15,num_users:449,errors:6
rt:32.29,through:13.8,tt:0.35,num_interact:207,Intrvl:15,num_users:405,errors:7
rt:30.12,through:15.67,tt:0.35,num_interact:235,Intrvl:15,num_users:376,errors:0
rt:26.86,through:14,tt:0.42,num_interact:210,Intrvl:15,num_users:319,errors:14
rt:29.12,through:15.4,tt:0.34,num_interact:231,Intrvl:15,num_users:361,errors:0
rt:25.75,through:16,tt:0.33,num_interact:240,Intrvl:15,num_users:387,errors:9
rt:26.93,through:15.33,tt:0.36,num_interact:230,Intrvl:15,num_users:356,errors:0
rt:25.22,through:16.2,tt:0.35,num_interact:243,Intrvl:15,num_users:351,errors:17
rt:26.4,through:15.73,tt:0.33,num_interact:237,Intrvl:15,num_users:345,errors:0
rt:26.58,through:16.93,tt:0.39,num_interact:254,Intrvl:15,num_users:393,errors:16
rt:26.84,through:14.8,tt:0.36,num_interact:222,Intrvl:15,num_users:373,errors:1
rt:26.37,through:16.13,tt:0.34,num_interact:242,Intrvl:15,num_users:373,errors:13
rt:28.11,through:15.6,tt:0.32,num_interact:234,Intrvl:15,num_users:407,errors:10
rt:29.12,through:14.33,tt:0.34,num_interact:215,Intrvl:15,num_users:327,errors:0
rt:28.26,through:15.4,tt:0.36,num_interact:231,Intrvl:15,num_users:385,errors:19
rt:28.28,through:15.6,tt:0.4,num_interact:234,Intrvl:15,num_users:381,errors:0
rt:27.19,through:15.67,tt:0.4,num_interact:235,Intrvl:15,num_users:364,errors:14
rt:29.45,through:15.67,tt:0.36,num_interact:235,Intrvl:15,num_users:378,errors:0
rt:25.81,through:17.2,tt:0.32,num_interact:258,Intrvl:15,num_users:388,errors:14
rt:27.85,through:14.4,tt:0.36,num_interact:216,Intrvl:15,num_users:366,errors:0
rt:24.05,through:17.07,tt:0.33,num_interact:256,Intrvl:15,num_users:334,errors:27
rt:27.15,through:13.6,tt:0.34,num_interact:204,Intrvl:15,num_users:347,errors:0
rt:27.01,through:17.6,tt:0.38,num_interact:264,Intrvl:15,num_users:371,errors:11
rt:25.94,through:15.8,tt:0.35,num_interact:237,Intrvl:15,num_users:375,errors:5
rt:28.31,through:15.73,tt:0.34,num_interact:236,Intrvl:15,num_users:362,errors:4
rt:28.47,through:15.87,tt:0.33,num_interact:238,Intrvl:15,num_users:365,errors:9
rt:27.69,through:16.67,tt:0.35,num_interact:250,Intrvl:15,num_users:377,errors:0
rt:28.58,through:15.93,tt:0.32,num_interact:239,Intrvl:15,num_users:372,errors:14
rt:27.32,through:16.33,tt:0.32,num_interact:245,Intrvl:15,num_users:441,errors:0
rt:26.47,through:15.93,tt:0.34,num_interact:239,Intrvl:15,num_users:361,errors:19
rt:29.8,through:14,tt:0.37,num_interact:210,Intrvl:15,num_users:441,errors:0
rt:29.25,through:15,tt:0.33,num_interact:225,Intrvl:15,num_users:375,errors:10
rt:28.43,through:14.27,tt:0.35,num_interact:214,Intrvl:15,num_users:402,errors:6
rt:31.22,through:17.4,tt:0.37,num_interact:261,Intrvl:15,num_users:444,errors:3
rt:29.97,through:14.4,tt:0.33,num_interact:216,Intrvl:15,num_users:434,errors:10
rt:33.04,through:16,tt:0.36,num_interact:240,Intrvl:15,num_users:418,errors:0
rt:28.37,through:15.2,tt:0.32,num_interact:228,Intrvl:15,num_users:375,errors:10
rt:30.52,through:16.2,tt:0.34,num_interact:243,Intrvl:15,num_users:396,errors:0
rt:27.8,through:15.6,tt:0.31,num_interact:234,Intrvl:15,num_users:440,errors:16
rt:32.8,through:14.87,tt:0.33,num_interact:223,Intrvl:15,num_users:397,errors:0
rt:27.44,through:15.6,tt:0.36,num_interact:234,Intrvl:15,num_users:369,errors:19
rt:31.97,through:14.2,tt:0.35,num_interact:213,Intrvl:15,num_users:358,errors:0
rt:26.7,through:16.4,tt:0.37,num_interact:246,Intrvl:15,num_users:391,errors:12
rt:28.09,through:14.87,tt:0.37,num_interact:223,Intrvl:15,num_users:388,errors:0
rt:26.13,through:16.67,tt:0.38,num_interact:250,Intrvl:15,num_users:374,errors:26
rt:29.75,through:14.4,tt:0.33,num_interact:216,Intrvl:15,num_users:444,errors:7
rt:30.65,through:16.4,tt:0.38,num_interact:246,Intrvl:15,num_users:438,errors:0
rt:31.29,through:14.2,tt:0.35,num_interact:213,Intrvl:15,num_users:327,errors:18
rt:30.52,through:12.33,tt:0.38,num_interact:185,Intrvl:15,num_users:394,errors:0
rt:27.51,through:15.73,tt:0.35,num_interact:236,Intrvl:15,num_users:458,errors:14
rt:32.16,through:16.13,tt:0.35,num_interact:242,Intrvl:15,num_users:479,errors:0
rt:31.51,through:16.2,tt:0.35,num_interact:243,Intrvl:15,num_users:463,errors:12
rt:34.5,through:15.33,tt:0.4,num_interact:230,Intrvl:15,num_users:452,errors:2
rt:33.98,through:15.87,tt:0.34,num_interact:238,Intrvl:15,num_users:433,errors:10
rt:31.01,through:15.67,tt:0.35,num_interact:235,Intrvl:15,num_users:464,errors:1
rt:35.17,through:16.87,tt:0.36,num_interact:253,Intrvl:15,num_users:434,errors:2
rt:29.65,through:15.8,tt:0.37,num_interact:237,Intrvl:15,num_users:411,errors:17
rt:26.46,through:14.8,tt:0.34,num_interact:222,Intrvl:15,num_users:409,errors:0
rt:31.62,through:13.67,tt:0.33,num_interact:205,Intrvl:15,num_users:380,errors:9
rt:32.33,through:15.73,tt:0.35,num_interact:236,Intrvl:15,num_users:441,errors:0
rt:28.03,through:16.8,tt:0.39,num_interact:252,Intrvl:15,num_users:486,errors:20
rt:36.2,through:13.8,tt:0.34,num_interact:207,Intrvl:15,num_users:405,errors:0
rt:28.71,through:16.6,tt:0.36,num_interact:249,Intrvl:15,num_users:474,errors:21
rt:36.42,through:14.33,tt:0.36,num_interact:215,Intrvl:15,num_users:444,errors:0
rt:30.75,through:17.07,tt:0.39,num_interact:256,Intrvl:15,num_users:465,errors:13
rt:33.47,through:14.87,tt:0.35,num_interact:223,Intrvl:15,num_users:468,errors:0
rt:31.56,through:17.27,tt:0.38,num_interact:259,Intrvl:15,num_users:484,errors:18
rt:33.19,through:15.33,tt:0.33,num_interact:230,Intrvl:15,num_users:495,errors:1
rt:34.94,through:16.47,tt:0.35,num_interact:247,Intrvl:15,num_users:482,errors:12
rt:35.25,through:13.2,tt:0.35,num_interact:198,Intrvl:15,num_users:395,errors:7
rt:34.15,through:13.93,tt:0.35,num_interact:209,Intrvl:15,num_users:382,errors:0
rt:28.82,through:16.2,tt:0.34,num_interact:243,Intrvl:15,num_users:382,errors:12
rt:30.19,through:15.53,tt:0.37,num_interact:233,Intrvl:15,num_users:389,errors:0
rt:26.57,through:17.13,tt:0.37,num_interact:257,Intrvl:15,num_users:541,errors:15
rt:35.25,through:13.67,tt:0.39,num_interact:205,Intrvl:15,num_users:415,errors:1
rt:30.4,through:17,tt:0.37,num_interact:256,Intrvl:15,num_users:404,errors:19
rt:32.34,through:10.93,tt:0.35,num_interact:164,Intrvl:15,num_users:350,errors:3
rt:30.19,through:14.73,tt:0.3,num_interact:221,Intrvl:15,num_users:440,errors:1
rt:31.54,through:14.93,tt:0.4,num_interact:226,Intrvl:15,num_users:392,errors:2
rt:31.44,through:16.07,tt:0.38,num_interact:241,Intrvl:15,num_users:397,errors:0
rt:27.08,through:15.33,tt:0.35,num_interact:230,Intrvl:15,num_users:399,errors:18
rt:29.67,through:14.93,tt:0.36,num_interact:224,Intrvl:15,num_users:373,errors:0
rt:26.84,through:16.87,tt:0.32,num_interact:253,Intrvl:15,num_users:387,errors:22
rt:31.45,through:15.33,tt:0.34,num_interact:230,Intrvl:15,num_users:405,errors:0
rt:26.34,through:17.33,tt:0.3,num_interact:260,Intrvl:15,num_users:429,errors:21
rt:34.71,through:13.47,tt:0.35,num_interact:202,Intrvl:15,num_users:388,errors:2
rt:27.36,through:16.67,tt:0.35,num_interact:250,Intrvl:15,num_users:378,errors:19
rt:31.95,through:13.6,tt:0.36,num_interact:204,Intrvl:15,num_users:405,errors:2
rt:32.27,through:15.53,tt:0.39,num_interact:233,Intrvl:15,num_users:377,errors:0
rt:28.92,through:17.2,tt:0.33,num_interact:258,Intrvl:15,num_users:442,errors:12
rt:31.08,through:14.8,tt:0.34,num_interact:222,Intrvl:15,num_users:423,errors:0
rt:26.93,through:16.6,tt:0.35,num_interact:249,Intrvl:15,num_users:387,errors:14
rt:30.84,through:15.07,tt:0.35,num_interact:226,Intrvl:15,num_users:403,errors:0
rt:27.64,through:16.4,tt:0.35,num_interact:246,Intrvl:15,num_users:393,errors:11
rt:29.72,through:14.73,tt:0.35,num_interact:221,Intrvl:15,num_users:388,errors:3
rt:27.81,through:16.87,tt:0.35,num_interact:253,Intrvl:15,num_users:418,errors:8
rt:30,through:15.4,tt:0.33,num_interact:231,Intrvl:15,num_users:383,errors:5
rt:29.57,through:16.2,tt:0.35,num_interact:243,Intrvl:15,num_users:415,errors:5
rt:29.28,through:15.6,tt:0.37,num_interact:234,Intrvl:15,num_users:470,errors:12
rt:32.19,through:15.87,tt:0.32,num_interact:238,Intrvl:15,num_users:455,errors:0
rt:30.44,through:16.27,tt:0.34,num_interact:244,Intrvl:15,num_users:463,errors:15
rt:33.96,through:15.27,tt:0.35,num_interact:229,Intrvl:15,num_users:462,errors:0
rt:30.41,through:15.8,tt:0.36,num_interact:237,Intrvl:15,num_users:430,errors:21
rt:32.87,through:14.67,tt:0.36,num_interact:220,Intrvl:15,num_users:412,errors:0
rt:28.34,through:16.53,tt:0.4,num_interact:248,Intrvl:15,num_users:465,errors:22
rt:38.48,through:14.27,tt:0.34,num_interact:214,Intrvl:15,num_users:425,errors:0
rt:30.2,through:17.4,tt:0.33,num_interact:261,Intrvl:15,num_users:519,errors:18
rt:33.61,through:11.6,tt:0.32,num_interact:174,Intrvl:15,num_users:376,errors:2
rt:33.06,through:15.07,tt:0.34,num_interact:226,Intrvl:15,num_users:410,errors:7
rt:29.29,through:13.13,tt:0.34,num_interact:197,Intrvl:15,num_users:410,errors:7
rt:32.25,through:16.6,tt:0.38,num_interact:249,Intrvl:15,num_users:416,errors:1
rt:31.01,through:15.73,tt:0.41,num_interact:236,Intrvl:15,num_users:454,errors:14
rt:32.04,through:15.13,tt:0.36,num_interact:227,Intrvl:15,num_users:407,errors:0
rt:30.44,through:15.27,tt:0.31,num_interact:229,Intrvl:15,num_users:367,errors:18
rt:31.81,through:14.6,tt:0.4,num_interact:219,Intrvl:15,num_users:364,errors:2
rt:26.72,through:16.73,tt:0.35,num_interact:251,Intrvl:15,num_users:447,errors:20
rt:32.93,through:13.93,tt:0.33,num_interact:209,Intrvl:15,num_users:442,errors:1
rt:29.76,through:16.87,tt:0.34,num_interact:253,Intrvl:15,num_users:439,errors:13
rt:31.36,through:15.47,tt:0.36,num_interact:232,Intrvl:15,num_users:407,errors:5
rt:31.65,through:15.93,tt:0.33,num_interact:239,Intrvl:15,num_users:417,errors:0
rt:30.31,through:16.07,tt:0.39,num_interact:241,Intrvl:15,num_users:421,errors:10
rt:29.91,through:17.07,tt:0.36,num_interact:256,Intrvl:15,num_users:438,errors:0
rt:28.83,through:17.33,tt:0.36,num_interact:260,Intrvl:15,num_users:450,errors:19
rt:33.76,through:14.87,tt:0.32,num_interact:223,Intrvl:15,num_users:426,errors:0
rt:28.37,through:17,tt:0.32,num_interact:255,Intrvl:15,num_users:429,errors:16
rt:32.86,through:14.13,tt:0.38,num_interact:212,Intrvl:15,num_users:387,errors:2
rt:29.77,through:16,tt:0.33,num_interact:240,Intrvl:15,num_users:449,errors:11
rt:31.36,through:14.13,tt:0.33,num_interact:212,Intrvl:15,num_users:427,errors:10
rt:29.81,through:16.73,tt:0.36,num_interact:251,Intrvl:15,num_users:466,errors:2
rt:31.38,through:13.73,tt:0.35,num_interact:206,Intrvl:15,num_users:417,errors:11
rt:32.41,through:16.4,tt:0.37,num_interact:246,Intrvl:15,num_users:439,errors:0
rt:28.62,through:15.2,tt:0.36,num_interact:228,Intrvl:15,num_users:446,errors:25
rt:34.38,through:13.8,tt:0.4,num_interact:207,Intrvl:15,num_users:393,errors:0
rt:27.38,through:18.07,tt:0.37,num_interact:271,Intrvl:15,num_users:438,errors:26
rt:33.62,through:12.93,tt:0.36,num_interact:194,Intrvl:15,num_users:401,errors:0
rt:29.93,through:17.8,tt:0.37,num_interact:267,Intrvl:15,num_users:501,errors:23
rt:34.83,through:12.33,tt:0.35,num_interact:185,Intrvl:15,num_users:453,errors:2
rt:33.89,through:16.67,tt:0.37,num_interact:250,Intrvl:15,num_users:498,errors:8
rt:32.87,through:15.07,tt:0.33,num_interact:226,Intrvl:15,num_users:517,errors:4
rt:39.53,through:15.2,tt:0.36,num_interact:228,Intrvl:15,num_users:458,errors:0
rt:30.83,through:16.33,tt:0.35,num_interact:246,Intrvl:15,num_users:490,errors:15
rt:38.65,through:12.8,tt:0.35,num_interact:192,Intrvl:15,num_users:431,errors:0
rt:32.43,through:16.73,tt:0.35,num_interact:251,Intrvl:15,num_users:445,errors:15
rt:33.98,through:14.73,tt:0.37,num_interact:221,Intrvl:15,num_users:470,errors:0
rt:30.75,through:16.93,tt:0.36,num_interact:254,Intrvl:15,num_users:507,errors:14
rt:40.45,through:14,tt:0.35,num_interact:210,Intrvl:15,num_users:459,errors:2
rt:32.86,through:17.13,tt:0.35,num_interact:260,Intrvl:15,num_users:507,errors:17
rt:32.36,through:14.07,tt:0.35,num_interact:211,Intrvl:15,num_users:528,errors:7
rt:36.27,through:16.33,tt:0.36,num_interact:245,Intrvl:15,num_users:506,errors:11
rt:34.25,through:14.6,tt:0.36,num_interact:219,Intrvl:15,num_users:470,errors:10
rt:38.98,through:16.2,tt:0.34,num_interact:243,Intrvl:15,num_users:470,errors:0
rt:34.44,through:15.93,tt:0.36,num_interact:239,Intrvl:15,num_users:448,errors:16
rt:35.62,through:15.07,tt:0.35,num_interact:226,Intrvl:15,num_users:504,errors:1
rt:33.8,through:17,tt:0.34,num_interact:255,Intrvl:15,num_users:497,errors:15
rt:35.62,through:14.4,tt:0.39,num_interact:216,Intrvl:15,num_users:472,errors:0
rt:32.35,through:16.73,tt:0.34,num_interact:251,Intrvl:15,num_users:484,errors:18
rt:32.91,through:14.8,tt:0.38,num_interact:222,Intrvl:15,num_users:468,errors:5
rt:35.5,through:16.67,tt:0.35,num_interact:250,Intrvl:15,num_users:490,errors:9
rt:33.94,through:15.27,tt:0.38,num_interact:229,Intrvl:15,num_users:465,errors:6
rt:35.32,through:16.27,tt:0.35,num_interact:244,Intrvl:15,num_users:511,errors:1
rt:32.16,through:17,tt:0.35,num_interact:255,Intrvl:15,num_users:518,errors:13
rt:36.87,through:15.93,tt:0.32,num_interact:239,Intrvl:15,num_users:514,errors:0
rt:33.88,through:14.6,tt:0.35,num_interact:219,Intrvl:15,num_users:459,errors:19
rt:37.18,through:15.6,tt:0.31,num_interact:234,Intrvl:15,num_users:452,errors:0
rt:31.08,through:16.93,tt:0.38,num_interact:254,Intrvl:15,num_users:434,errors:17
rt:34.63,through:14.6,tt:0.34,num_interact:219,Intrvl:15,num_users:463,errors:0
rt:30.54,through:16.6,tt:0.38,num_interact:249,Intrvl:15,num_users:480,errors:20
rt:34.25,through:15.33,tt:0.35,num_interact:230,Intrvl:15,num_users:456,errors:0
rt:32.38,through:16.87,tt:0.37,num_interact:253,Intrvl:15,num_users:475,errors:19
rt:35.48,through:15.07,tt:0.34,num_interact:226,Intrvl:15,num_users:473,errors:1
rt:33.43,through:16.73,tt:0.33,num_interact:251,Intrvl:15,num_users:490,errors:7
rt:31.98,through:16.67,tt:0.37,num_interact:250,Intrvl:15,num_users:556,errors:5
rt:35.81,through:15.6,tt:0.39,num_interact:234,Intrvl:15,num_users:535,errors:0
rt:34.23,through:16.8,tt:0.34,num_interact:252,Intrvl:15,num_users:498,errors:12
rt:35.7,through:14.47,tt:0.35,num_interact:217,Intrvl:15,num_users:459,errors:0
rt:33.05,through:15.8,tt:0.34,num_interact:237,Intrvl:15,num_users:473,errors:11
rt:35.62,through:15.4,tt:0.32,num_interact:231,Intrvl:15,num_users:476,errors:0
rt:33.24,through:16.13,tt:0.35,num_interact:242,Intrvl:15,num_users:469,errors:11
rt:32.41,through:15.13,tt:0.4,num_interact:227,Intrvl:15,num_users:412,errors:1
rt:31.28,through:15.93,tt:0.32,num_interact:239,Intrvl:15,num_users:476,errors:11
rt:32.51,through:15.6,tt:0.36,num_interact:234,Intrvl:15,num_users:498,errors:1
rt:33.03,through:16.8,tt:0.32,num_interact:253,Intrvl:15,num_users:574,errors:11
rt:36.11,through:13.73,tt:0.34,num_interact:206,Intrvl:15,num_users:518,errors:7
rt:36.99,through:14.8,tt:0.37,num_interact:222,Intrvl:15,num_users:432,errors:2
rt:30.88,through:13.87,tt:0.37,num_interact:208,Intrvl:15,num_users:425,errors:12
rt:35.45,through:16.73,tt:0.34,num_interact:251,Intrvl:15,num_users:426,errors:4
rt:30.17,through:14.6,tt:0.32,num_interact:219,Intrvl:15,num_users:425,errors:8
rt:32.01,through:16.13,tt:0.38,num_interact:242,Intrvl:15,num_users:453,errors:0
rt:31.96,through:16.33,tt:0.38,num_interact:245,Intrvl:15,num_users:460,errors:20
rt:33.39,through:14.53,tt:0.37,num_interact:218,Intrvl:15,num_users:389,errors:0
rt:28.68,through:17,tt:0.38,num_interact:255,Intrvl:15,num_users:400,errors:20
rt:31.97,through:13.33,tt:0.3,num_interact:200,Intrvl:15,num_users:381,errors:1
rt:28.97,through:17.53,tt:0.36,num_interact:263,Intrvl:15,num_users:418,errors:10
rt:30.6,through:15.07,tt:0.36,num_interact:226,Intrvl:15,num_users:445,errors:0
rt:29.64,through:16.93,tt:0.33,num_interact:254,Intrvl:15,num_users:461,errors:11
rt:31.93,through:15.33,tt:0.4,num_interact:230,Intrvl:15,num_users:430,errors:6
rt:31.41,through:14.8,tt:0.37,num_interact:222,Intrvl:15,num_users:405,errors:3
rt:28.64,through:14.67,tt:0.36,num_interact:220,Intrvl:15,num_users:509,errors:16
rt:34.99,through:17.8,tt:0.38,num_interact:267,Intrvl:15,num_users:519,errors:0
rt:30.33,through:16.2,tt:0.37,num_interact:243,Intrvl:15,num_users:485,errors:19
rt:36.1,through:12.93,tt:0.34,num_interact:194,Intrvl:15,num_users:426,errors:0
rt:31.63,through:16.53,tt:0.34,num_interact:248,Intrvl:15,num_users:429,errors:13
rt:32.37,through:14.87,tt:0.33,num_interact:223,Intrvl:15,num_users:433,errors:0
rt:31.88,through:17.67,tt:0.34,num_interact:265,Intrvl:15,num_users:460,errors:16
rt:35.52,through:14.93,tt:0.37,num_interact:224,Intrvl:15,num_users:479,errors:2
rt:33.81,through:16.6,tt:0.32,num_interact:249,Intrvl:15,num_users:453,errors:13
rt:29.24,through:14.33,tt:0.34,num_interact:215,Intrvl:15,num_users:420,errors:7
rt:32.6,through:16.13,tt:0.34,num_interact:242,Intrvl:15,num_users:474,errors:0
rt:31.38,through:16.8,tt:0.34,num_interact:252,Intrvl:15,num_users:492,errors:15
rt:36.09,through:15.53,tt:0.35,num_interact:233,Intrvl:15,num_users:473,errors:0
rt:29.68,through:15.53,tt:0.35,num_interact:233,Intrvl:15,num_users:438,errors:17
rt:34.89,through:15.07,tt:0.32,num_interact:226,Intrvl:15,num_users:433,errors:0
rt:31.08,through:16.07,tt:0.37,num_interact:241,Intrvl:15,num_users:453,errors:17
rt:33.22,through:14.87,tt:0.36,num_interact:223,Intrvl:15,num_users:429,errors:0
rt:33.43,through:16.47,tt:0.37,num_interact:247,Intrvl:15,num_users:472,errors:11
rt:31.43,through:14.67,tt:0.35,num_interact:220,Intrvl:15,num_users:456,errors:7
rt:36.37,through:15.87,tt:0.34,num_interact:238,Intrvl:15,num_users:490,errors:0
rt:32.48,through:14.93,tt:0.37,num_interact:224,Intrvl:15,num_users:411,errors:10
rt:32.53,through:14.67,tt:0.35,num_interact:220,Intrvl:15,num_users:412,errors:0
rt:28.26,through:15.8,tt:0.42,num_interact:237,Intrvl:15,num_users:428,errors:23
rt:36.04,through:15.67,tt:0.33,num_interact:235,Intrvl:15,num_users:441,errors:0
rt:30.17,through:18.27,tt:0.34,num_interact:274,Intrvl:15,num_users:473,errors:14
rt:32.25,through:14.67,tt:0.37,num_interact:220,Intrvl:15,num_users:493,errors:0
rt:33.83,through:16.2,tt:0.39,num_interact:243,Intrvl:15,num_users:457,errors:8
rt:32.26,through:15.87,tt:0.35,num_interact:238,Intrvl:15,num_users:448,errors:4
rt:33.23,through:14.93,tt:0.34,num_interact:224,Intrvl:15,num_users:431,errors:5
rt:30.87,through:16.13,tt:0.33,num_interact:243,Intrvl:15,num_users:429,errors:9
rt:31.99,through:16.53,tt:0.33,num_interact:248,Intrvl:15,num_users:482,errors:0
rt:31.89,through:16.33,tt:0.41,num_interact:245,Intrvl:15,num_users:472,errors:16
rt:35.65,through:14.07,tt:0.37,num_interact:211,Intrvl:15,num_users:404,errors:0
rt:27.94,through:15.13,tt:0.36,num_interact:227,Intrvl:15,num_users:431,errors:20
rt:32.6,through:15.2,tt:0.36,num_interact:228,Intrvl:15,num_users:510,errors:0
rt:30.61,through:17.2,tt:0.39,num_interact:258,Intrvl:15,num_users:500,errors:18
rt:36.64,through:15.4,tt:0.34,num_interact:231,Intrvl:15,num_users:473,errors:0
rt:30.51,through:14.33,tt:0.32,num_interact:215,Intrvl:15,num_users:400,errors:16
rt:33.08,through:13.53,tt:0.36,num_interact:203,Intrvl:15,num_users:476,errors:4
rt:33.97,through:16.6,tt:0.37,num_interact:249,Intrvl:15,num_users:502,errors:8
rt:31.28,through:14.73,tt:0.34,num_interact:221,Intrvl:15,num_users:483,errors:8
rt:35.84,through:16.27,tt:0.32,num_interact:245,Intrvl:15,num_users:457,errors:0
rt:31.98,through:16.07,tt:0.34,num_interact:241,Intrvl:15,num_users:473,errors:23
rt:35.39,through:15.2,tt:0.34,num_interact:228,Intrvl:15,num_users:495,errors:0
rt:31.46,through:15.8,tt:0.31,num_interact:237,Intrvl:15,num_users:462,errors:17
rt:40.94,through:17.13,tt:0.35,num_interact:257,Intrvl:15,num_users:472,errors:1
rt:28.23,through:15.73,tt:0.35,num_interact:236,Intrvl:15,num_users:459,errors:10
rt:34.86,through:15.8,tt:0.34,num_interact:237,Intrvl:15,num_users:505,errors:1
rt:34.8,through:16.27,tt:0.28,num_interact:244,Intrvl:15,num_users:484,errors:5
rt:33.13,through:16.13,tt:0.33,num_interact:242,Intrvl:15,num_users:544,errors:9
rt:34.72,through:16.2,tt:0.35,num_interact:243,Intrvl:15,num_users:512,errors:0
rt:33.01,through:15.27,tt:0.33,num_interact:229,Intrvl:15,num_users:516,errors:18
rt:37.17,through:15.33,tt:0.36,num_interact:230,Intrvl:15,num_users:465,errors:0
rt:33.36,through:16,tt:0.34,num_interact:240,Intrvl:15,num_users:463,errors:11
rt:35.84,through:15.87,tt:0.37,num_interact:238,Intrvl:15,num_users:492,errors:0
rt:34.29,through:15.67,tt:0.33,num_interact:235,Intrvl:15,num_users:433,errors:12
rt:35.92,through:15.13,tt:0.37,num_interact:227,Intrvl:15,num_users:501,errors:0
rt:30.53,through:14.6,tt:0.34,num_interact:219,Intrvl:15,num_users:548,errors:20
rt:37.98,through:13,tt:0.34,num_interact:195,Intrvl:15,num_users:393,errors:0
rt:31.02,through:16.07,tt:0.35,num_interact:241,Intrvl:15,num_users:457,errors:10
rt:35.13,through:13.2,tt:0.38,num_interact:198,Intrvl:15,num_users:428,errors:0
rt:33.01,through:16.87,tt:0.37,num_interact:253,Intrvl:15,num_users:527,errors:9
rt:34.67,through:12.93,tt:0.35,num_interact:194,Intrvl:15,num_users:430,errors:2
rt:34.58,through:17.33,tt:0.36,num_interact:260,Intrvl:15,num_users:447,errors:10
rt:32.47,through:14.33,tt:0.35,num_interact:215,Intrvl:15,num_users:470,errors:0
rt:34.4,through:14.07,tt:0.39,num_interact:211,Intrvl:15,num_users:368,errors:5
rt:29.4,through:14.8,tt:0.38,num_interact:222,Intrvl:15,num_users:407,errors:2
rt:30.68,through:15.67,tt:0.36,num_interact:235,Intrvl:15,num_users:439,errors:8
rt:29.53,through:15.53,tt:0.4,num_interact:233,Intrvl:15,num_users:490,errors:6
rt:33.76,through:13.27,tt:0.34,num_interact:199,Intrvl:15,num_users:380,errors:7
rt:29.68,through:14.87,tt:0.39,num_interact:223,Intrvl:15,num_users:478,errors:10
rt:31.51,through:15.4,tt:0.36,num_interact:231,Intrvl:15,num_users:487,errors:0
rt:30.58,through:13.6,tt:0.31,num_interact:204,Intrvl:15,num_users:468,errors:22
rt:36.15,through:16.8,tt:0.37,num_interact:252,Intrvl:15,num_users:476,errors:2
rt:31.92,through:16.8,tt:0.33,num_interact:252,Intrvl:15,num_users:497,errors:21
rt:40.24,through:13.07,tt:0.39,num_interact:196,Intrvl:15,num_users:423,errors:0
rt:33.04,through:17.27,tt:0.32,num_interact:259,Intrvl:15,num_users:414,errors:15
rt:35.1,through:13.93,tt:0.36,num_interact:209,Intrvl:15,num_users:433,errors:1
rt:31.52,through:15.47,tt:0.38,num_interact:232,Intrvl:15,num_users:465,errors:11
rt:34.2,through:16.07,tt:0.37,num_interact:241,Intrvl:15,num_users:460,errors:5
rt:32.28,through:16.13,tt:0.4,num_interact:242,Intrvl:15,num_users:479,errors:0
rt:31.68,through:16.2,tt:0.35,num_interact:243,Intrvl:15,num_users:469,errors:17
rt:35.38,through:15.07,tt:0.37,num_interact:226,Intrvl:15,num_users:452,errors:0
rt:29.56,through:16.53,tt:0.37,num_interact:248,Intrvl:15,num_users:452,errors:21
rt:36.85,through:14.4,tt:0.38,num_interact:216,Intrvl:15,num_users:401,errors:0
rt:28.36,through:16.8,tt:0.37,num_interact:252,Intrvl:15,num_users:422,errors:21
rt:32.85,through:13.87,tt:0.35,num_interact:208,Intrvl:15,num_users:427,errors:0
rt:30.49,through:17.33,tt:0.37,num_interact:260,Intrvl:15,num_users:417,errors:12
rt:31.25,through:14.8,tt:0.38,num_interact:222,Intrvl:15,num_users:404,errors:4
rt:30.47,through:15.67,tt:0.34,num_interact:235,Intrvl:15,num_users:380,errors:5
rt:27.9,through:15.73,tt:0.34,num_interact:236,Intrvl:15,num_users:417,errors:6
rt:31.55,through:15.07,tt:0.34,num_interact:226,Intrvl:15,num_users:351,errors:0
rt:26.46,through:16.27,tt:0.35,num_interact:244,Intrvl:15,num_users:422,errors:16
rt:33.43,through:13.07,tt:0.37,num_interact:196,Intrvl:15,num_users:375,errors:0
rt:26.64,through:15.8,tt:0.33,num_interact:237,Intrvl:15,num_users:354,errors:9
rt:30.62,through:16.07,tt:0.35,num_interact:241,Intrvl:15,num_users:402,errors:4
rt:27.47,through:13.8,tt:0.36,num_interact:207,Intrvl:15,num_users:365,errors:3
rt:28.49,through:15.8,tt:0.36,num_interact:237,Intrvl:15,num_users:419,errors:5
rt:29.4,through:16.73,tt:0.37,num_interact:251,Intrvl:15,num_users:435,errors:4
rt:28.45,through:14.87,tt:0.34,num_interact:223,Intrvl:15,num_users:411,errors:15
rt:30.54,through:15.47,tt:0.38,num_interact:232,Intrvl:15,num_users:417,errors:0
rt:28.19,through:15.8,tt:0.35,num_interact:237,Intrvl:15,num_users:468,errors:21
rt:38.64,through:13.8,tt:0.35,num_interact:207,Intrvl:15,num_users:379,errors:0
rt:29.22,through:15.8,tt:0.34,num_interact:237,Intrvl:15,num_users:370,errors:12
rt:32.13,through:15.07,tt:0.34,num_interact:226,Intrvl:15,num_users:390,errors:0
rt:27,through:15.33,tt:0.35,num_interact:230,Intrvl:15,num_users:360,errors:14
rt:30.73,through:13.53,tt:0.34,num_interact:203,Intrvl:15,num_users:325,errors:1
rt:24.92,through:15.87,tt:0.41,num_interact:238,Intrvl:15,num_users:424,errors:20
rt:33.61,through:12.4,tt:0.4,num_interact:186,Intrvl:15,num_users:342,errors:0
rt:26.11,through:15.87,tt:0.37,num_interact:238,Intrvl:15,num_users:392,errors:20
rt:32.72,through:13,tt:0.39,num_interact:195,Intrvl:15,num_users:363,errors:5
rt:28.73,through:15.8,tt:0.36,num_interact:237,Intrvl:15,num_users:377,errors:13
rt:26.72,through:14.27,tt:0.36,num_interact:214,Intrvl:15,num_users:469,errors:12
rt:32.84,through:17.13,tt:0.39,num_interact:257,Intrvl:15,num_users:466,errors:0
rt:28.49,through:16.93,tt:0.33,num_interact:254,Intrvl:15,num_users:462,errors:27
rt:35.34,through:13.27,tt:0.33,num_interact:199,Intrvl:15,num_users:424,errors:0
rt:29.54,through:15.33,tt:0.36,num_interact:230,Intrvl:15,num_users:351,errors:12
rt:31.96,through:14.13,tt:0.36,num_interact:212,Intrvl:15,num_users:397,errors:0
rt:28.05,through:15.93,tt:0.35,num_interact:239,Intrvl:15,num_users:424,errors:11
rt:31.46,through:15.4,tt:0.32,num_interact:231,Intrvl:15,num_users:413,errors:3
rt:29.6,through:15.8,tt:0.39,num_interact:237,Intrvl:15,num_users:396,errors:0
rt:29.02,through:15.27,tt:0.32,num_interact:229,Intrvl:15,num_users:379,errors:14
rt:28.91,through:17.33,tt:0.37,num_interact:260,Intrvl:15,num_users:427,errors:0
rt:29.14,through:14.33,tt:0.35,num_interact:215,Intrvl:15,num_users:386,errors:18
rt:32.47,through:15.47,tt:0.37,num_interact:232,Intrvl:15,num_users:425,errors:0
rt:28.82,through:17.27,tt:0.37,num_interact:259,Intrvl:15,num_users:422,errors:15
rt:32.44,through:14.13,tt:0.34,num_interact:212,Intrvl:15,num_users:361,errors:0
rt:27.37,through:16.13,tt:0.36,num_interact:242,Intrvl:15,num_users:413,errors:16
rt:31.95,through:13.4,tt:0.38,num_interact:201,Intrvl:15,num_users:383,errors:1
rt:29.2,through:16.87,tt:0.35,num_interact:253,Intrvl:15,num_users:373,errors:13
rt:26.37,through:14.47,tt:0.37,num_interact:217,Intrvl:15,num_users:352,errors:1
rt:26.79,through:15.87,tt:0.35,num_interact:238,Intrvl:15,num_users:374,errors:9
rt:29.8,through:14.93,tt:0.34,num_interact:224,Intrvl:15,num_users:359,errors:10
rt:26.8,through:16.07,tt:0.36,num_interact:246,Intrvl:15,num_users:400,errors:1
rt:26.99,through:17.73,tt:0.37,num_interact:266,Intrvl:15,num_users:414,errors:15
rt:28.57,through:15.67,tt:0.31,num_interact:235,Intrvl:15,num_users:415,errors:0
rt:26.39,through:16.53,tt:0.37,num_interact:248,Intrvl:15,num_users:377,errors:19
rt:32.91,through:15.33,tt:0.37,num_interact:230,Intrvl:15,num_users:391,errors:1
rt:25.41,through:15.73,tt:0.32,num_interact:236,Intrvl:15,num_users:346,errors:15
rt:30.1,through:14.4,tt:0.35,num_interact:216,Intrvl:15,num_users:368,errors:2
rt:26.06,through:16.4,tt:0.35,num_interact:246,Intrvl:15,num_users:398,errors:6
rt:29.07,through:15.67,tt:0.35,num_interact:235,Intrvl:15,num_users:383,errors:9
rt:28.38,through:14.67,tt:0.33,num_interact:220,Intrvl:15,num_users:333,errors:0
rt:26.19,through:14.8,tt:0.37,num_interact:222,Intrvl:15,num_users:353,errors:18
rt:27.06,through:16.6,tt:0.34,num_interact:249,Intrvl:15,num_users:358,errors:0
rt:24.88,through:16.67,tt:0.35,num_interact:250,Intrvl:15,num_users:401,errors:15
rt:28.88,through:15.8,tt:0.38,num_interact:237,Intrvl:15,num_users:403,errors:0
rt:25.11,through:16.13,tt:0.33,num_interact:242,Intrvl:15,num_users:386,errors:17
rt:32.86,through:15.8,tt:0.35,num_interact:237,Intrvl:15,num_users:380,errors:2
rt:26.73,through:17.2,tt:0.36,num_interact:258,Intrvl:15,num_users:386,errors:12
rt:30.67,through:15.4,tt:0.32,num_interact:231,Intrvl:15,num_users:366,errors:1
rt:25.85,through:17.27,tt:0.37,num_interact:259,Intrvl:15,num_users:401,errors:9
rt:27.64,through:15.53,tt:0.33,num_interact:233,Intrvl:15,num_users:421,errors:7
rt:28.96,through:16.53,tt:0.33,num_interact:248,Intrvl:15,num_users:410,errors:2
rt:28.06,through:15.67,tt:0.35,num_interact:235,Intrvl:15,num_users:388,errors:15
rt:28.88,through:13.87,tt:0.33,num_interact:208,Intrvl:15,num_users:353,errors:0
rt:24.88,through:16.87,tt:0.34,num_interact:253,Intrvl:15,num_users:375,errors:22
rt:28.55,through:15.07,tt:0.36,num_interact:226,Intrvl:15,num_users:382,errors:0
rt:24.98,through:16.8,tt:0.33,num_interact:252,Intrvl:15,num_users:413,errors:27
rt:32.17,through:14.73,tt:0.39,num_interact:221,Intrvl:15,num_users:449,errors:0
rt:30.27,through:16.73,tt:0.38,num_interact:251,Intrvl:15,num_users:410,errors:19
rt:32.64,through:11.6,tt:0.33,num_interact:174,Intrvl:15,num_users:335,errors:3
rt:28.83,through:16,tt:0.37,num_interact:240,Intrvl:15,num_users:346,errors:14
rt:26.89,through:14.27,tt:0.37,num_interact:214,Intrvl:15,num_users:312,errors:2
rt:24.99,through:14.4,tt:0.35,num_interact:216,Intrvl:15,num_users:307,errors:0
rt:26.66,through:17.33,tt:0.33,num_interact:260,Intrvl:15,num_users:331,errors:11
rt:23.1,through:15.93,tt:0.36,num_interact:239,Intrvl:15,num_users:348,errors:0
rt:25.03,through:17,tt:0.35,num_interact:255,Intrvl:15,num_users:323,errors:18
rt:24.75,through:14.8,tt:0.38,num_interact:222,Intrvl:15,num_users:375,errors:0
rt:24.26,through:17.27,tt:0.35,num_interact:259,Intrvl:15,num_users:381,errors:20
rt:28.96,through:14.13,tt:0.32,num_interact:212,Intrvl:15,num_users:357,errors:1
rt:26.12,through:16.33,tt:0.35,num_interact:245,Intrvl:15,num_users:353,errors:12
rt:27.96,through:15.33,tt:0.36,num_interact:230,Intrvl:15,num_users:409,errors:7
rt:28.64,through:15.87,tt:0.37,num_interact:238,Intrvl:15,num_users:383,errors:0
rt:26.51,through:16.2,tt:0.34,num_interact:243,Intrvl:15,num_users:413,errors:23
rt:30.34,through:14.87,tt:0.35,num_interact:223,Intrvl:15,num_users:411,errors:0
rt:27.43,through:12.87,tt:0.29,num_interact:193,Intrvl:15,num_users:252,errors:13
rt:26.63,through:12.47,tt:0.33,num_interact:187,Intrvl:15,num_users:266,errors:0
rt:24.39,through:15.4,tt:0.34,num_interact:231,Intrvl:15,num_users:262,errors:11
rt:22.99,through:14.13,tt:0.34,num_interact:212,Intrvl:15,num_users:265,errors:1
rt:20.98,through:16.8,tt:0.35,num_interact:252,Intrvl:15,num_users:284,errors:10
rt:22.84,through:15.47,tt:0.37,num_interact:232,Intrvl:15,num_users:289,errors:13
rt:19.11,through:14.87,tt:0.4,num_interact:223,Intrvl:15,num_users:239,errors:0
rt:22.44,through:16.33,tt:0.36,num_interact:245,Intrvl:15,num_users:268,errors:14
rt:22.01,through:14.73,tt:0.34,num_interact:221,Intrvl:15,num_users:265,errors:0
rt:20.04,through:18,tt:0.35,num_interact:270,Intrvl:15,num_users:264,errors:13
rt:22.23,through:13.87,tt:0.39,num_interact:208,Intrvl:15,num_users:282,errors:0
rt:19.48,through:17.67,tt:0.34,num_interact:265,Intrvl:15,num_users:264,errors:10
rt:22.75,through:15.67,tt:0.32,num_interact:235,Intrvl:15,num_users:272,errors:6
rt:18.99,through:16.47,tt:0.34,num_interact:247,Intrvl:15,num_users:265,errors:8
rt:23.74,through:15,tt:0.39,num_interact:225,Intrvl:15,num_users:259,errors:9
rt:18.65,through:16.53,tt:0.38,num_interact:248,Intrvl:15,num_users:266,errors:0
rt:22.95,through:15.47,tt:0.39,num_interact:232,Intrvl:15,num_users:309,errors:20
rt:22.02,through:16.07,tt:0.37,num_interact:241,Intrvl:15,num_users:286,errors:0
rt:21.6,through:16.4,tt:0.34,num_interact:246,Intrvl:15,num_users:318,errors:9
rt:24.22,through:14.8,tt:0.36,num_interact:222,Intrvl:15,num_users:273,errors:4
rt:20.35,through:18.27,tt:0.36,num_interact:274,Intrvl:15,num_users:267,errors:15
rt:20.62,through:12.27,tt:0.39,num_interact:184,Intrvl:15,num_users:306,errors:3
rt:21.55,through:17.47,tt:0.31,num_interact:262,Intrvl:15,num_users:275,errors:0
rt:24.02,through:13.8,tt:0.31,num_interact:207,Intrvl:15,num_users:249,errors:14
rt:19.02,through:16.13,tt:0.36,num_interact:242,Intrvl:15,num_users:302,errors:2
rt:22.92,through:16.93,tt:0.39,num_interact:254,Intrvl:15,num_users:292,errors:18
rt:21.84,through:13.73,tt:0.39,num_interact:206,Intrvl:15,num_users:281,errors:1
rt:23.24,through:16.2,tt:0.37,num_interact:243,Intrvl:15,num_users:285,errors:9
rt:23.95,through:18.6,tt:0.36,num_interact:279,Intrvl:15,num_users:290,errors:1
rt:18.92,through:15.67,tt:0.38,num_interact:235,Intrvl:15,num_users:235,errors:8
rt:17.49,through:17.07,tt:0.4,num_interact:256,Intrvl:15,num_users:313,errors:1
rt:19.73,through:16.47,tt:0.39,num_interact:247,Intrvl:15,num_users:308,errors:2
rt:23.04,through:14.73,tt:0.35,num_interact:221,Intrvl:15,num_users:267,errors:12
rt:20.08,through:15.07,tt:0.41,num_interact:226,Intrvl:15,num_users:289,errors:0
rt:25.25,through:13,tt:0.34,num_interact:195,Intrvl:15,num_users:261,errors:21
rt:21.57,through:14.53,tt:0.32,num_interact:218,Intrvl:15,num_users:271,errors:0
rt:23.87,through:18.07,tt:0.33,num_interact:271,Intrvl:15,num_users:312,errors:10
rt:23.36,through:15.07,tt:0.32,num_interact:226,Intrvl:15,num_users:324,errors:2
rt:23.3,through:17.07,tt:0.38,num_interact:256,Intrvl:15,num_users:364,errors:4
rt:25.42,through:13.8,tt:0.37,num_interact:207,Intrvl:15,num_users:264,errors:7
rt:21.23,through:14.6,tt:0.35,num_interact:219,Intrvl:15,num_users:301,errors:0
rt:23.1,through:14.87,tt:0.31,num_interact:223,Intrvl:15,num_users:274,errors:12
rt:23.22,through:15.53,tt:0.34,num_interact:233,Intrvl:15,num_users:316,errors:0
rt:23.94,through:16.13,tt:0.38,num_interact:242,Intrvl:15,num_users:313,errors:12
rt:22.56,through:14.07,tt:0.35,num_interact:211,Intrvl:15,num_users:236,errors:0
rt:20.87,through:14.27,tt:0.35,num_interact:214,Intrvl:15,num_users:247,errors:15
rt:20.07,through:15.93,tt:0.34,num_interact:239,Intrvl:15,num_users:284,errors:0
rt:20.93,through:17.07,tt:0.35,num_interact:256,Intrvl:15,num_users:292,errors:18
rt:22.11,through:16.13,tt:0.35,num_interact:242,Intrvl:15,num_users:297,errors:0
rt:20.68,through:15.33,tt:0.35,num_interact:230,Intrvl:15,num_users:303,errors:17
rt:24.54,through:16.67,tt:0.38,num_interact:250,Intrvl:15,num_users:327,errors:2
rt:21.87,through:18.47,tt:0.35,num_interact:277,Intrvl:15,num_users:326,errors:14
rt:23.88,through:14.8,tt:0.35,num_interact:222,Intrvl:15,num_users:285,errors:0
rt:20.65,through:15.27,tt:0.33,num_interact:229,Intrvl:15,num_users:317,errors:0
rt:26.71,through:15.67,tt:0.36,num_interact:235,Intrvl:15,num_users:297,errors:14
rt:22.47,through:16.53,tt:0.34,num_interact:248,Intrvl:15,num_users:325,errors:1
rt:24.18,through:13.47,tt:0.38,num_interact:202,Intrvl:15,num_users:246,errors:15
rt:22.24,through:14.8,tt:0.38,num_interact:222,Intrvl:15,num_users:281,errors:0
rt:20.56,through:15.87,tt:0.39,num_interact:238,Intrvl:15,num_users:281,errors:14
rt:20.86,through:13.4,tt:0.37,num_interact:201,Intrvl:15,num_users:229,errors:0
Terminating EBs...
EB TPCW Broswing Mix EB #1264commiting suicide!
EB TPCW Broswing Mix EB #174commiting suicide!
EB TPCW Broswing Mix EB #1260commiting suicide!
EB TPCW Broswing Mix EB #185commiting suicide!
EB TPCW Broswing Mix EB #2894commiting suicide!
EB TPCW Broswing Mix EB #2759commiting suicide!
EB TPCW Broswing Mix EB #165commiting suicide!
EB TPCW Broswing Mix EB #182commiting suicide!
EB TPCW Broswing Mix EB #72commiting suicide!
EB TPCW Broswing Mix EB #2751commiting suicide!
EB TPCW Broswing Mix EB #151commiting suicide!
EB TPCW Broswing Mix EB #1230commiting suicide!
EB TPCW Broswing Mix EB #1234commiting suicide!
EB TPCW Broswing Mix EB #118commiting suicide!
EB TPCW Broswing Mix EB #2763commiting suicide!
EB TPCW Broswing Mix EB #104commiting suicide!
EB TPCW Broswing Mix EB #11commiting suicide!
EB TPCW Broswing Mix EB #2747commiting suicide!
EB TPCW Broswing Mix EB #1208commiting suicide!
EB TPCW Broswing Mix EB #111commiting suicide!
EB TPCW Broswing Mix EB #172commiting suicide!
EB TPCW Broswing Mix EB #1233commiting suicide!
EB TPCW Broswing Mix EB #70commiting suicide!
EB TPCW Broswing Mix EB #64commiting suicide!
EB TPCW Broswing Mix EB #2898commiting suicide!
EB TPCW Broswing Mix EB #2899commiting suicide!
EB TPCW Broswing Mix EB #71commiting suicide!
EB TPCW Broswing Mix EB #113commiting suicide!
EB TPCW Broswing Mix EB #140commiting suicide!
EB TPCW Broswing Mix EB #45commiting suicide!
EB TPCW Broswing Mix EB #66commiting suicide!
EB TPCW Broswing Mix EB #52commiting suicide!
EB TPCW Broswing Mix EB #157commiting suicide!
EB TPCW Broswing Mix EB #126commiting suicide!
EB TPCW Broswing Mix EB #2749commiting suicide!
EB TPCW Broswing Mix EB #83commiting suicide!
EB TPCW Broswing Mix EB #17commiting suicide!
EB TPCW Broswing Mix EB #168commiting suicide!
EB TPCW Broswing Mix EB #195commiting suicide!
EB TPCW Broswing Mix EB #1207commiting suicide!
EB TPCW Broswing Mix EB #2750commiting suicide!
EB TPCW Broswing Mix EB #196commiting suicide!
EB TPCW Broswing Mix EB #175commiting suicide!
EB TPCW Broswing Mix EB #1251commiting suicide!
EB TPCW Broswing Mix EB #1227commiting suicide!
EB TPCW Broswing Mix EB #129commiting suicide!
EB TPCW Broswing Mix EB #139commiting suicide!
EB TPCW Broswing Mix EB #138commiting suicide!
EB TPCW Broswing Mix EB #105commiting suicide!
EB TPCW Broswing Mix EB #21commiting suicide!
EB TPCW Broswing Mix EB #147commiting suicide!
EB TPCW Broswing Mix EB #144commiting suicide!
EB TPCW Broswing Mix EB #53commiting suicide!
EB TPCW Broswing Mix EB #2760commiting suicide!
EB TPCW Broswing Mix EB #1259commiting suicide!
EB TPCW Broswing Mix EB #1255commiting suicide!
EB TPCW Broswing Mix EB #30commiting suicide!
EB TPCW Broswing Mix EB #1220commiting suicide!
EB TPCW Broswing Mix EB #1258commiting suicide!
EB TPCW Broswing Mix EB #188commiting suicide!
EB TPCW Broswing Mix EB #85commiting suicide!
EB TPCW Broswing Mix EB #3commiting suicide!
EB TPCW Broswing Mix EB #22commiting suicide!
EB TPCW Broswing Mix EB #153commiting suicide!
EB TPCW Broswing Mix EB #26commiting suicide!
EB TPCW Broswing Mix EB #98commiting suicide!
EB TPCW Broswing Mix EB #31commiting suicide!
EB TPCW Broswing Mix EB #1201commiting suicide!
EB TPCW Broswing Mix EB #186commiting suicide!
EB TPCW Broswing Mix EB #171commiting suicide!
EB TPCW Broswing Mix EB #99commiting suicide!
EB TPCW Broswing Mix EB #40commiting suicide!
EB TPCW Broswing Mix EB #187commiting suicide!
EB TPCW Broswing Mix EB #2746commiting suicide!
EB TPCW Broswing Mix EB #184commiting suicide!
EB TPCW Broswing Mix EB #36commiting suicide!
EB TPCW Broswing Mix EB #150commiting suicide!
EB TPCW Broswing Mix EB #1212commiting suicide!
EB TPCW Broswing Mix EB #6commiting suicide!
EB TPCW Broswing Mix EB #117commiting suicide!
EB TPCW Broswing Mix EB #119commiting suicide!
EB TPCW Broswing Mix EB #93commiting suicide!
EB TPCW Broswing Mix EB #55commiting suicide!
EB TPCW Broswing Mix EB #2758commiting suicide!
EB TPCW Broswing Mix EB #107commiting suicide!
EB TPCW Broswing Mix EB #35commiting suicide!
EB TPCW Broswing Mix EB #47commiting suicide!
EB TPCW Broswing Mix EB #86commiting suicide!
EB TPCW Broswing Mix EB #16commiting suicide!
EB TPCW Broswing Mix EB #1219commiting suicide!
EB TPCW Broswing Mix EB #18commiting suicide!
EB TPCW Broswing Mix EB #108commiting suicide!
EB TPCW Broswing Mix EB #2571commiting suicide!
EB TPCW Broswing Mix EB #42commiting suicide!
EB TPCW Broswing Mix EB #49commiting suicide!
EB TPCW Broswing Mix EB #142commiting suicide!
EB TPCW Broswing Mix EB #1242commiting suicide!
EB TPCW Broswing Mix EB #65commiting suicide!
EB TPCW Broswing Mix EB #94commiting suicide!
EB TPCW Broswing Mix EB #2573commiting suicide!
EB TPCW Broswing Mix EB #27commiting suicide!
EB TPCW Broswing Mix EB #63commiting suicide!
EB TPCW Broswing Mix EB #96commiting suicide!
EB TPCW Broswing Mix EB #122commiting suicide!
EB TPCW Broswing Mix EB #34commiting suicide!
EB TPCW Broswing Mix EB #1205commiting suicide!
EB TPCW Broswing Mix EB #101commiting suicide!
EB TPCW Broswing Mix EB #2238commiting suicide!
EB TPCW Broswing Mix EB #87commiting suicide!
EB TPCW Broswing Mix EB #77commiting suicide!
EB TPCW Broswing Mix EB #160commiting suicide!
EB TPCW Broswing Mix EB #192commiting suicide!
EB TPCW Broswing Mix EB #178commiting suicide!
EB TPCW Broswing Mix EB #1209commiting suicide!
EB TPCW Broswing Mix EB #50commiting suicide!
EB TPCW Broswing Mix EB #88commiting suicide!
EB TPCW Broswing Mix EB #5commiting suicide!
EB TPCW Broswing Mix EB #2567commiting suicide!
EB TPCW Broswing Mix EB #169commiting suicide!
EB TPCW Broswing Mix EB #1225commiting suicide!
EB TPCW Broswing Mix EB #145commiting suicide!
EB TPCW Broswing Mix EB #33commiting suicide!
EB TPCW Broswing Mix EB #164commiting suicide!
EB TPCW Broswing Mix EB #155commiting suicide!
EB TPCW Broswing Mix EB #32commiting suicide!
EB TPCW Broswing Mix EB #133commiting suicide!
EB TPCW Broswing Mix EB #2566commiting suicide!
EB TPCW Broswing Mix EB #2764commiting suicide!
EB TPCW Broswing Mix EB #1226commiting suicide!
EB TPCW Broswing Mix EB #2897commiting suicide!
EB TPCW Broswing Mix EB #48commiting suicide!
EB TPCW Broswing Mix EB #57commiting suicide!
EB TPCW Broswing Mix EB #135commiting suicide!
EB TPCW Broswing Mix EB #1254commiting suicide!
EB TPCW Broswing Mix EB #1247commiting suicide!
EB TPCW Broswing Mix EB #2572commiting suicide!
EB TPCW Broswing Mix EB #116commiting suicide!
EB TPCW Broswing Mix EB #136commiting suicide!
EB TPCW Broswing Mix EB #1246commiting suicide!
EB TPCW Broswing Mix EB #2570commiting suicide!
EB TPCW Broswing Mix EB #166commiting suicide!
EB TPCW Broswing Mix EB #24commiting suicide!
EB TPCW Broswing Mix EB #1206commiting suicide!
EB TPCW Broswing Mix EB #8commiting suicide!
EB TPCW Broswing Mix EB #1229commiting suicide!
EB TPCW Broswing Mix EB #134commiting suicide!
EB TPCW Broswing Mix EB #59commiting suicide!
EB TPCW Broswing Mix EB #167commiting suicide!
EB TPCW Broswing Mix EB #82commiting suicide!
EB TPCW Broswing Mix EB #12commiting suicide!
EB TPCW Broswing Mix EB #170commiting suicide!
EB TPCW Broswing Mix EB #68commiting suicide!
EB TPCW Broswing Mix EB #1241commiting suicide!
EB TPCW Broswing Mix EB #60commiting suicide!
EB TPCW Broswing Mix EB #1222commiting suicide!
EB TPCW Broswing Mix EB #37commiting suicide!
EB TPCW Broswing Mix EB #1203commiting suicide!
EB TPCW Broswing Mix EB #2893commiting suicide!
EB TPCW Broswing Mix EB #13commiting suicide!
EB TPCW Broswing Mix EB #92commiting suicide!
EB TPCW Broswing Mix EB #1262commiting suicide!
EB TPCW Broswing Mix EB #14commiting suicide!
EB TPCW Broswing Mix EB #23commiting suicide!
EB TPCW Broswing Mix EB #28commiting suicide!
EB TPCW Broswing Mix EB #2755commiting suicide!
EB TPCW Broswing Mix EB #159commiting suicide!
EB TPCW Broswing Mix EB #110commiting suicide!
EB TPCW Broswing Mix EB #152commiting suicide!
EB TPCW Broswing Mix EB #141commiting suicide!
EB TPCW Broswing Mix EB #1224commiting suicide!
EB TPCW Broswing Mix EB #1239commiting suicide!
EB TPCW Broswing Mix EB #1223commiting suicide!
EB TPCW Broswing Mix EB #2748commiting suicide!
EB TPCW Broswing Mix EB #137commiting suicide!
EB TPCW Broswing Mix EB #39commiting suicide!
EB TPCW Broswing Mix EB #2902commiting suicide!
EB TPCW Broswing Mix EB #1257commiting suicide!
EB TPCW Broswing Mix EB #19commiting suicide!
EB TPCW Broswing Mix EB #1250commiting suicide!
EB TPCW Broswing Mix EB #44commiting suicide!
EB TPCW Broswing Mix EB #162commiting suicide!
EB TPCW Broswing Mix EB #1248commiting suicide!
EB TPCW Broswing Mix EB #1231commiting suicide!
EB TPCW Broswing Mix EB #78commiting suicide!
EB TPCW Broswing Mix EB #97commiting suicide!
EB TPCW Broswing Mix EB #1240commiting suicide!
EB TPCW Broswing Mix EB #125commiting suicide!
EB TPCW Broswing Mix EB #75commiting suicide!
EB TPCW Broswing Mix EB #7commiting suicide!
EB TPCW Broswing Mix EB #1261commiting suicide!
EB TPCW Broswing Mix EB #76commiting suicide!
EB TPCW Broswing Mix EB #176commiting suicide!
EB TPCW Broswing Mix EB #1232commiting suicide!
EB TPCW Broswing Mix EB #1253commiting suicide!
EB TPCW Broswing Mix EB #120commiting suicide!
EB TPCW Broswing Mix EB #102commiting suicide!
EB TPCW Broswing Mix EB #15commiting suicide!
EB TPCW Broswing Mix EB #2895commiting suicide!
EB TPCW Broswing Mix EB #128commiting suicide!
EB TPCW Broswing Mix EB #46commiting suicide!
EB TPCW Broswing Mix EB #1237commiting suicide!
EB TPCW Broswing Mix EB #2754commiting suicide!
EB TPCW Broswing Mix EB #189commiting suicide!
EB TPCW Broswing Mix EB #20commiting suicide!
EB TPCW Broswing Mix EB #2757commiting suicide!
EB TPCW Broswing Mix EB #194commiting suicide!
EB TPCW Broswing Mix EB #2903commiting suicide!
EB TPCW Broswing Mix EB #2892commiting suicide!
EB TPCW Broswing Mix EB #1202commiting suicide!
EB TPCW Broswing Mix EB #41commiting suicide!
EB TPCW Broswing Mix EB #158commiting suicide!
EB TPCW Broswing Mix EB #74commiting suicide!
EB TPCW Broswing Mix EB #1213commiting suicide!
EB TPCW Broswing Mix EB #1238commiting suicide!
EB TPCW Broswing Mix EB #81commiting suicide!
EB TPCW Broswing Mix EB #38commiting suicide!
EB TPCW Broswing Mix EB #25commiting suicide!
EB TPCW Broswing Mix EB #69commiting suicide!
EB TPCW Broswing Mix EB #161commiting suicide!
EB TPCW Broswing Mix EB #79commiting suicide!
EB TPCW Broswing Mix EB #143commiting suicide!
EB TPCW Broswing Mix EB #1236commiting suicide!
EB TPCW Broswing Mix EB #1245commiting suicide!
EB TPCW Broswing Mix EB #1265commiting suicide!
EB TPCW Broswing Mix EB #163commiting suicide!
EB TPCW Broswing Mix EB #10commiting suicide!
EB TPCW Broswing Mix EB #156commiting suicide!
EB TPCW Broswing Mix EB #127commiting suicide!
EB TPCW Broswing Mix EB #124commiting suicide!
EB TPCW Broswing Mix EB #109commiting suicide!
EB TPCW Broswing Mix EB #100commiting suicide!
EB TPCW Broswing Mix EB #132commiting suicide!
EB TPCW Broswing Mix EB #1211commiting suicide!
EB TPCW Broswing Mix EB #73commiting suicide!
EB TPCW Broswing Mix EB #179commiting suicide!
EB TPCW Broswing Mix EB #2753commiting suicide!
EB TPCW Broswing Mix EB #181commiting suicide!
EB TPCW Broswing Mix EB #1252commiting suicide!
EB TPCW Broswing Mix EB #149commiting suicide!
EB TPCW Broswing Mix EB #2901commiting suicide!
EB TPCW Broswing Mix EB #95commiting suicide!
EB TPCW Broswing Mix EB #1266commiting suicide!
EB TPCW Broswing Mix EB #130commiting suicide!
EB TPCW Broswing Mix EB #91commiting suicide!
EB TPCW Broswing Mix EB #1214commiting suicide!
EB TPCW Broswing Mix EB #106commiting suicide!
EB TPCW Broswing Mix EB #180commiting suicide!
EB TPCW Broswing Mix EB #90commiting suicide!
EB TPCW Broswing Mix EB #148commiting suicide!
EB TPCW Broswing Mix EB #2761commiting suicide!
EB TPCW Broswing Mix EB #114commiting suicide!
EB TPCW Broswing Mix EB #1204commiting suicide!
EB TPCW Broswing Mix EB #54commiting suicide!
EB TPCW Broswing Mix EB #2237commiting suicide!
EB TPCW Broswing Mix EB #115commiting suicide!
EB TPCW Broswing Mix EB #2765commiting suicide!
EB TPCW Broswing Mix EB #146commiting suicide!
EB TPCW Broswing Mix EB #2900commiting suicide!
EB TPCW Broswing Mix EB #1200commiting suicide!
EB TPCW Broswing Mix EB #2574commiting suicide!
EB TPCW Broswing Mix EB #1235commiting suicide!
EB TPCW Broswing Mix EB #1243commiting suicide!
EB TPCW Broswing Mix EB #62commiting suicide!
EB TPCW Broswing Mix EB #2575commiting suicide!
EB TPCW Broswing Mix EB #2744commiting suicide!
EB TPCW Broswing Mix EB #112commiting suicide!
EB TPCW Broswing Mix EB #51commiting suicide!
EB TPCW Broswing Mix EB #173commiting suicide!
EB TPCW Broswing Mix EB #2752commiting suicide!
EB TPCW Broswing Mix EB #191commiting suicide!
EB TPCW Broswing Mix EB #154commiting suicide!
EB TPCW Broswing Mix EB #2896commiting suicide!
EB TPCW Broswing Mix EB #67commiting suicide!
EB TPCW Broswing Mix EB #190commiting suicide!
EB TPCW Broswing Mix EB #2756commiting suicide!
EB TPCW Broswing Mix EB #1244commiting suicide!
EB TPCW Broswing Mix EB #183commiting suicide!
EB TPCW Broswing Mix EB #1216commiting suicide!
EB TPCW Broswing Mix EB #1218commiting suicide!
EB TPCW Broswing Mix EB #1249commiting suicide!
EB TPCW Broswing Mix EB #29commiting suicide!
EB TPCW Broswing Mix EB #84commiting suicide!
EB TPCW Broswing Mix EB #1217commiting suicide!
EB TPCW Broswing Mix EB #2745commiting suicide!
EB TPCW Broswing Mix EB #89commiting suicide!
EB TPCW Broswing Mix EB #1210commiting suicide!
EB TPCW Broswing Mix EB #131commiting suicide!
EB TPCW Broswing Mix EB #1215commiting suicide!
EB TPCW Broswing Mix EB #1221commiting suicide!
EB TPCW Broswing Mix EB #177commiting suicide!
EB TPCW Broswing Mix EB #103commiting suicide!
EB TPCW Broswing Mix EB #56commiting suicide!
EB TPCW Broswing Mix EB #123commiting suicide!
EB TPCW Broswing Mix EB #61commiting suicide!
EB TPCW Broswing Mix EB #58commiting suicide!
EB TPCW Broswing Mix EB #1228commiting suicide!
EB TPCW Broswing Mix EB #1256commiting suicide!
EB TPCW Broswing Mix EB #2568commiting suicide!
EB TPCW Broswing Mix EB #1263commiting suicide!
EB TPCW Broswing Mix EB #80commiting suicide!
EB TPCW Broswing Mix EB #2569commiting suicide!
EB TPCW Broswing Mix EB #193commiting suicide!
EB TPCW Broswing Mix EB #2762commiting suicide!
EBs finished.
Really finishing RBE!.
