Remote Browser Emulator for TPC-W.
  ECE 902  Fall '99
  Version 1.5
System's current path is /root/loadtest
rt:0.13,through:2.47,tt:0.27,num_interact:37,Intrvl:15,num_users:1,errors:0
rt:1.33,through:10.93,tt:0.39,num_interact:164,Intrvl:15,num_users:20,errors:0
rt:5.26,through:10.93,tt:0.42,num_interact:164,Intrvl:15,num_users:80,errors:0
rt:7.24,through:12.67,tt:0.36,num_interact:190,Intrvl:15,num_users:120,errors:0
rt:9.57,through:12.8,tt:0.48,num_interact:192,Intrvl:15,num_users:180,errors:0
rt:13.66,through:12.67,tt:0.35,num_interact:190,Intrvl:15,num_users:240,errors:0
rt:15.8,through:12.4,tt:0.37,num_interact:186,Intrvl:15,num_users:280,errors:0
rt:21.17,through:13,tt:0.39,num_interact:195,Intrvl:15,num_users:310,errors:0
rt:23.85,through:12.67,tt:0.42,num_interact:190,Intrvl:15,num_users:340,errors:0
rt:24.17,through:12.93,tt:0.37,num_interact:194,Intrvl:15,num_users:370,errors:0
rt:27.18,through:12.87,tt:0.36,num_interact:193,Intrvl:15,num_users:399,errors:0
rt:29.13,through:12.73,tt:0.32,num_interact:191,Intrvl:15,num_users:412,errors:0
rt:30.9,through:12.93,tt:0.38,num_interact:194,Intrvl:15,num_users:419,errors:0
rt:30.34,through:12.13,tt:0.38,num_interact:182,Intrvl:15,num_users:401,errors:0
rt:31.74,through:11.87,tt:0.31,num_interact:178,Intrvl:15,num_users:380,errors:0
rt:32.68,through:12.67,tt:0.37,num_interact:190,Intrvl:15,num_users:430,errors:0
rt:30.67,through:12.33,tt:0.35,num_interact:185,Intrvl:15,num_users:408,errors:0
rt:32.56,through:12.13,tt:0.35,num_interact:182,Intrvl:15,num_users:468,errors:0
rt:32.28,through:10.67,tt:0.37,num_interact:160,Intrvl:15,num_users:392,errors:0
rt:37.04,through:10.4,tt:0.32,num_interact:156,Intrvl:15,num_users:425,errors:0
rt:35.53,through:12.33,tt:0.38,num_interact:185,Intrvl:15,num_users:407,errors:0
rt:33.98,through:11.47,tt:0.36,num_interact:172,Intrvl:15,num_users:400,errors:0
rt:32.87,through:12.27,tt:0.32,num_interact:184,Intrvl:15,num_users:385,errors:0
rt:31.96,through:12.47,tt:0.36,num_interact:187,Intrvl:15,num_users:413,errors:0
rt:31.65,through:12.67,tt:0.37,num_interact:190,Intrvl:15,num_users:433,errors:0
rt:31.2,through:12.53,tt:0.37,num_interact:188,Intrvl:15,num_users:403,errors:0
rt:31.77,through:11.53,tt:0.36,num_interact:176,Intrvl:15,num_users:398,errors:0
rt:33.16,through:11.93,tt:0.32,num_interact:179,Intrvl:15,num_users:392,errors:0
rt:32.64,through:12.93,tt:0.33,num_interact:194,Intrvl:15,num_users:427,errors:0
rt:30.64,through:11.6,tt:0.32,num_interact:174,Intrvl:15,num_users:370,errors:0
rt:31.63,through:11.13,tt:0.34,num_interact:167,Intrvl:15,num_users:376,errors:0
rt:31.83,through:11.6,tt:0.37,num_interact:174,Intrvl:15,num_users:365,errors:0
rt:31.6,through:12.73,tt:0.35,num_interact:191,Intrvl:15,num_users:408,errors:0
rt:29.61,through:12.2,tt:0.35,num_interact:183,Intrvl:15,num_users:387,errors:0
rt:30.61,through:12.47,tt:0.41,num_interact:187,Intrvl:15,num_users:430,errors:0
rt:30.6,through:12.47,tt:0.35,num_interact:187,Intrvl:15,num_users:454,errors:0
rt:34.26,through:10.93,tt:0.37,num_interact:165,Intrvl:15,num_users:378,errors:0
rt:34.49,through:10.67,tt:0.36,num_interact:160,Intrvl:15,num_users:409,errors:0
rt:32.36,through:12.07,tt:0.36,num_interact:181,Intrvl:15,num_users:431,errors:0
rt:34.12,through:11.8,tt:0.41,num_interact:177,Intrvl:15,num_users:401,errors:0
rt:33.25,through:11.6,tt:0.34,num_interact:174,Intrvl:15,num_users:395,errors:0
rt:34.16,through:11.93,tt:0.31,num_interact:179,Intrvl:15,num_users:376,errors:0
rt:30.38,through:10.87,tt:0.36,num_interact:163,Intrvl:15,num_users:327,errors:0
rt:30.29,through:11.6,tt:0.37,num_interact:174,Intrvl:15,num_users:409,errors:0
rt:29.03,through:11.47,tt:0.35,num_interact:172,Intrvl:15,num_users:377,errors:0
rt:31.76,through:11.8,tt:0.35,num_interact:177,Intrvl:15,num_users:414,errors:0
rt:31.39,through:12.4,tt:0.37,num_interact:186,Intrvl:15,num_users:387,errors:0
rt:31.18,through:12,tt:0.36,num_interact:180,Intrvl:15,num_users:407,errors:0
rt:31.32,through:12.4,tt:0.35,num_interact:186,Intrvl:15,num_users:452,errors:0
rt:32.96,through:11.67,tt:0.34,num_interact:175,Intrvl:15,num_users:393,errors:0
rt:34.81,through:10.33,tt:0.34,num_interact:155,Intrvl:15,num_users:414,errors:0
rt:32.66,through:12.93,tt:0.35,num_interact:194,Intrvl:15,num_users:434,errors:0
rt:33.59,through:12.47,tt:0.37,num_interact:187,Intrvl:15,num_users:431,errors:0
rt:34.12,through:10.4,tt:0.38,num_interact:156,Intrvl:15,num_users:353,errors:0
rt:33.72,through:10.2,tt:0.37,num_interact:153,Intrvl:15,num_users:329,errors:0
rt:30.07,through:11.73,tt:0.36,num_interact:176,Intrvl:15,num_users:390,errors:0
rt:29.03,through:12.67,tt:0.42,num_interact:190,Intrvl:15,num_users:393,errors:0
rt:30.73,through:12.33,tt:0.36,num_interact:185,Intrvl:15,num_users:377,errors:0
rt:30.43,through:13,tt:0.29,num_interact:195,Intrvl:15,num_users:396,errors:0
rt:28.57,through:12.73,tt:0.3,num_interact:191,Intrvl:15,num_users:469,errors:0
rt:30.73,through:11.47,tt:0.37,num_interact:172,Intrvl:15,num_users:398,errors:0
rt:35.63,through:10.07,tt:0.31,num_interact:151,Intrvl:15,num_users:413,errors:9
rt:29.97,through:15.6,tt:0.35,num_interact:234,Intrvl:15,num_users:426,errors:0
rt:26.38,through:20.33,tt:0.4,num_interact:307,Intrvl:15,num_users:429,errors:0
rt:22.02,through:21.67,tt:0.33,num_interact:325,Intrvl:15,num_users:425,errors:0
rt:19.77,through:20.4,tt:0.37,num_interact:306,Intrvl:15,num_users:451,errors:0
rt:19.57,through:20.73,tt:0.35,num_interact:311,Intrvl:15,num_users:428,errors:0
rt:19.73,through:21.27,tt:0.36,num_interact:319,Intrvl:15,num_users:436,errors:0
rt:17.79,through:20.07,tt:0.35,num_interact:301,Intrvl:15,num_users:398,errors:0
rt:13.21,through:21.53,tt:0.37,num_interact:323,Intrvl:15,num_users:368,errors:0
rt:17.39,through:15.53,tt:0.34,num_interact:233,Intrvl:15,num_users:369,errors:0
rt:23.26,through:17.4,tt:0.37,num_interact:261,Intrvl:15,num_users:615,errors:3
rt:27.22,through:16.2,tt:0.34,num_interact:243,Intrvl:15,num_users:660,errors:8
rt:31,through:13.13,tt:0.37,num_interact:197,Intrvl:15,num_users:466,errors:2
rt:28.24,through:13.13,tt:0.39,num_interact:197,Intrvl:15,num_users:599,errors:4
rt:31.55,through:14.67,tt:0.4,num_interact:220,Intrvl:15,num_users:605,errors:6
rt:36.89,through:18.07,tt:0.34,num_interact:278,Intrvl:15,num_users:587,errors:0
rt:29.13,through:18.13,tt:0.35,num_interact:272,Intrvl:15,num_users:554,errors:12
rt:29.97,through:15.93,tt:0.33,num_interact:239,Intrvl:15,num_users:640,errors:0
rt:33.59,through:12.8,tt:0.36,num_interact:192,Intrvl:15,num_users:626,errors:23
rt:35.97,through:17.73,tt:0.37,num_interact:266,Intrvl:15,num_users:631,errors:0
rt:34.05,through:13.6,tt:0.37,num_interact:204,Intrvl:15,num_users:606,errors:33
rt:43.37,through:13.33,tt:0.41,num_interact:200,Intrvl:15,num_users:614,errors:2
rt:38.4,through:16.8,tt:0.38,num_interact:252,Intrvl:15,num_users:672,errors:8
rt:41.57,through:15,tt:0.36,num_interact:225,Intrvl:15,num_users:636,errors:6
rt:39.75,through:14.13,tt:0.35,num_interact:212,Intrvl:15,num_users:536,errors:3
rt:34.24,through:15.07,tt:0.34,num_interact:226,Intrvl:15,num_users:536,errors:20
rt:36.47,through:14.8,tt:0.36,num_interact:222,Intrvl:15,num_users:551,errors:0
rt:33.64,through:16.2,tt:0.39,num_interact:243,Intrvl:15,num_users:555,errors:10
rt:32.97,through:16.6,tt:0.4,num_interact:249,Intrvl:15,num_users:560,errors:2
rt:36.37,through:17.2,tt:0.36,num_interact:258,Intrvl:15,num_users:618,errors:20
rt:34.6,through:15.2,tt:0.37,num_interact:228,Intrvl:15,num_users:632,errors:2
rt:34.2,through:17.47,tt:0.34,num_interact:262,Intrvl:15,num_users:632,errors:15
rt:37.34,through:15.07,tt:0.34,num_interact:226,Intrvl:15,num_users:611,errors:11
rt:35.51,through:15.4,tt:0.36,num_interact:231,Intrvl:15,num_users:561,errors:16
rt:33.54,through:14.33,tt:0.38,num_interact:215,Intrvl:15,num_users:629,errors:9
rt:39.64,through:16.13,tt:0.33,num_interact:242,Intrvl:15,num_users:583,errors:4
rt:36.12,through:15.67,tt:0.32,num_interact:235,Intrvl:15,num_users:586,errors:21
rt:39.12,through:14.93,tt:0.37,num_interact:224,Intrvl:15,num_users:629,errors:1
rt:33.63,through:17,tt:0.36,num_interact:255,Intrvl:15,num_users:610,errors:24
rt:40.5,through:15.47,tt:0.37,num_interact:232,Intrvl:15,num_users:633,errors:0
rt:34.35,through:17.2,tt:0.36,num_interact:258,Intrvl:15,num_users:643,errors:22
rt:38.51,through:14.2,tt:0.36,num_interact:213,Intrvl:15,num_users:620,errors:3
rt:39.22,through:15.67,tt:0.36,num_interact:235,Intrvl:15,num_users:583,errors:17
rt:39.25,through:15.47,tt:0.33,num_interact:232,Intrvl:15,num_users:603,errors:6
rt:41.6,through:13.67,tt:0.35,num_interact:205,Intrvl:15,num_users:508,errors:1
rt:32.68,through:14.93,tt:0.36,num_interact:224,Intrvl:15,num_users:570,errors:14
rt:34.36,through:16.13,tt:0.34,num_interact:242,Intrvl:15,num_users:725,errors:2
rt:35.71,through:14.33,tt:0.35,num_interact:215,Intrvl:15,num_users:627,errors:13
rt:36.94,through:16.53,tt:0.37,num_interact:248,Intrvl:15,num_users:668,errors:2
rt:35.14,through:13.8,tt:0.33,num_interact:207,Intrvl:15,num_users:580,errors:15
rt:41.17,through:14.27,tt:0.3,num_interact:214,Intrvl:15,num_users:534,errors:1
rt:31.99,through:15.13,tt:0.35,num_interact:227,Intrvl:15,num_users:594,errors:8
rt:39.02,through:16.2,tt:0.39,num_interact:243,Intrvl:15,num_users:619,errors:4
rt:37.99,through:16.6,tt:0.38,num_interact:249,Intrvl:15,num_users:608,errors:20
rt:37.04,through:15.73,tt:0.35,num_interact:236,Intrvl:15,num_users:616,errors:1
rt:38.56,through:12.13,tt:0.32,num_interact:182,Intrvl:15,num_users:452,errors:10
rt:34.08,through:14,tt:0.39,num_interact:210,Intrvl:15,num_users:652,errors:5
rt:35.5,through:15.2,tt:0.37,num_interact:228,Intrvl:15,num_users:655,errors:11
rt:31.23,through:14.6,tt:0.36,num_interact:219,Intrvl:15,num_users:617,errors:7
rt:39.76,through:15.87,tt:0.34,num_interact:238,Intrvl:15,num_users:645,errors:16
rt:37.77,through:15.93,tt:0.35,num_interact:239,Intrvl:15,num_users:711,errors:3
rt:38.86,through:17.2,tt:0.38,num_interact:258,Intrvl:15,num_users:706,errors:8
rt:37.95,through:13.8,tt:0.37,num_interact:207,Intrvl:15,num_users:637,errors:15
rt:41.91,through:15.67,tt:0.33,num_interact:235,Intrvl:15,num_users:734,errors:0
rt:36.85,through:15.2,tt:0.34,num_interact:228,Intrvl:15,num_users:676,errors:20
rt:44.57,through:15.87,tt:0.37,num_interact:238,Intrvl:15,num_users:670,errors:0
rt:38.41,through:11.87,tt:0.36,num_interact:178,Intrvl:15,num_users:535,errors:13
rt:38.26,through:14.6,tt:0.36,num_interact:219,Intrvl:15,num_users:539,errors:0
rt:34.34,through:12.93,tt:0.34,num_interact:194,Intrvl:15,num_users:458,errors:15
rt:36.2,through:14.67,tt:0.35,num_interact:220,Intrvl:15,num_users:525,errors:5
rt:33.66,through:16.2,tt:0.36,num_interact:243,Intrvl:15,num_users:734,errors:13
rt:38.39,through:14.2,tt:0.38,num_interact:213,Intrvl:15,num_users:679,errors:7
rt:39.96,through:15.67,tt:0.37,num_interact:237,Intrvl:15,num_users:630,errors:18
rt:35.55,through:15.07,tt:0.37,num_interact:226,Intrvl:15,num_users:745,errors:7
rt:45.45,through:12.93,tt:0.43,num_interact:194,Intrvl:15,num_users:608,errors:1
rt:34.77,through:15.4,tt:0.4,num_interact:233,Intrvl:15,num_users:702,errors:17
rt:41.77,through:16.33,tt:0.38,num_interact:245,Intrvl:15,num_users:710,errors:1
rt:37.19,through:15.27,tt:0.36,num_interact:229,Intrvl:15,num_users:761,errors:22
rt:44.14,through:15,tt:0.33,num_interact:225,Intrvl:15,num_users:679,errors:0
rt:38.47,through:15.73,tt:0.37,num_interact:236,Intrvl:15,num_users:664,errors:23
rt:39.73,through:14.53,tt:0.33,num_interact:218,Intrvl:15,num_users:722,errors:0
rt:42.94,through:16.8,tt:0.36,num_interact:252,Intrvl:15,num_users:671,errors:14
rt:41.27,through:14.53,tt:0.31,num_interact:218,Intrvl:15,num_users:703,errors:4
rt:41.7,through:16.67,tt:0.34,num_interact:250,Intrvl:15,num_users:686,errors:20
rt:41.71,through:15.4,tt:0.34,num_interact:231,Intrvl:15,num_users:692,errors:12
rt:44.15,through:16.8,tt:0.33,num_interact:252,Intrvl:15,num_users:682,errors:3
rt:43.07,through:15.4,tt:0.33,num_interact:231,Intrvl:15,num_users:710,errors:19
rt:45.26,through:15.27,tt:0.32,num_interact:229,Intrvl:15,num_users:653,errors:6
rt:43.16,through:15.13,tt:0.34,num_interact:227,Intrvl:15,num_users:679,errors:17
rt:45.42,through:15.4,tt:0.34,num_interact:231,Intrvl:15,num_users:625,errors:3
rt:40.39,through:17.8,tt:0.37,num_interact:267,Intrvl:15,num_users:702,errors:16
rt:38.96,through:13.53,tt:0.41,num_interact:203,Intrvl:15,num_users:689,errors:5
rt:42.47,through:16.6,tt:0.36,num_interact:249,Intrvl:15,num_users:784,errors:12
rt:41.81,through:16.6,tt:0.37,num_interact:249,Intrvl:15,num_users:760,errors:2
rt:41.92,through:15.93,tt:0.32,num_interact:239,Intrvl:15,num_users:717,errors:20
rt:39.06,through:14.2,tt:0.32,num_interact:213,Intrvl:15,num_users:680,errors:4
rt:43.26,through:15.93,tt:0.37,num_interact:239,Intrvl:15,num_users:643,errors:7
rt:38.91,through:14.27,tt:0.33,num_interact:214,Intrvl:15,num_users:716,errors:5
rt:40.94,through:16.8,tt:0.33,num_interact:252,Intrvl:15,num_users:773,errors:4
rt:42.28,through:15.6,tt:0.36,num_interact:234,Intrvl:15,num_users:708,errors:13
rt:41.78,through:16.47,tt:0.35,num_interact:247,Intrvl:15,num_users:737,errors:4
rt:41.21,through:14.87,tt:0.34,num_interact:223,Intrvl:15,num_users:720,errors:24
rt:44.46,through:16.4,tt:0.33,num_interact:246,Intrvl:15,num_users:789,errors:4
rt:38.84,through:13.6,tt:0.37,num_interact:204,Intrvl:15,num_users:683,errors:22
rt:45.78,through:15.87,tt:0.37,num_interact:238,Intrvl:15,num_users:685,errors:13
rt:43.93,through:14.53,tt:0.35,num_interact:218,Intrvl:15,num_users:708,errors:28
rt:47.39,through:16.8,tt:0.39,num_interact:252,Intrvl:15,num_users:719,errors:3
rt:39.67,through:15.4,tt:0.37,num_interact:231,Intrvl:15,num_users:714,errors:22
rt:56.24,through:16.27,tt:0.36,num_interact:244,Intrvl:15,num_users:758,errors:2
rt:36.36,through:17.93,tt:0.34,num_interact:269,Intrvl:15,num_users:760,errors:35
rt:46.73,through:13.67,tt:0.35,num_interact:205,Intrvl:15,num_users:737,errors:5
rt:43.68,through:17.27,tt:0.37,num_interact:259,Intrvl:15,num_users:828,errors:16
rt:49.34,through:13.4,tt:0.33,num_interact:201,Intrvl:15,num_users:730,errors:6
rt:45.71,through:16.2,tt:0.36,num_interact:243,Intrvl:15,num_users:744,errors:21
rt:43.48,through:15.33,tt:0.41,num_interact:230,Intrvl:15,num_users:779,errors:13
rt:44.1,through:15.2,tt:0.37,num_interact:228,Intrvl:15,num_users:684,errors:5
rt:36.79,through:21.33,tt:0.37,num_interact:337,Intrvl:15,num_users:663,errors:17
rt:48.75,through:76.53,tt:0.34,num_interact:1148,Intrvl:15,num_users:764,errors:55
rt:61.65,through:10.87,tt:0.41,num_interact:163,Intrvl:15,num_users:695,errors:1
rt:71.22,through:14.6,tt:0.36,num_interact:219,Intrvl:15,num_users:656,errors:0
rt:52.12,through:17.67,tt:0.31,num_interact:265,Intrvl:15,num_users:640,errors:0
rt:106.17,through:22.53,tt:0.37,num_interact:338,Intrvl:15,num_users:699,errors:0
rt:334.91,through:47.4,tt:0.37,num_interact:711,Intrvl:15,num_users:723,errors:1
rt:63.1,through:10.67,tt:0.33,num_interact:160,Intrvl:15,num_users:744,errors:0
rt:73.47,through:33.53,tt:0.36,num_interact:503,Intrvl:15,num_users:783,errors:0
rt:42.42,through:6.47,tt:0.35,num_interact:97,Intrvl:15,num_users:693,errors:0
rt:48.91,through:0.6,tt:0.36,num_interact:9,Intrvl:15,num_users:652,errors:0
rt:81.46,through:55.07,tt:0.34,num_interact:826,Intrvl:15,num_users:703,errors:0
rt:268.67,through:34.6,tt:0.35,num_interact:519,Intrvl:15,num_users:705,errors:0
rt:252.82,through:17.27,tt:0.32,num_interact:259,Intrvl:15,num_users:603,errors:0
rt:483.07,through:13.6,tt:0.38,num_interact:742,Intrvl:15,num_users:765,errors:2
rt:375.51,through:13.4,tt:0.35,num_interact:201,Intrvl:15,num_users:692,errors:0
rt:49.29,through:11.8,tt:0.35,num_interact:177,Intrvl:15,num_users:647,errors:212
rt:50.55,through:11.73,tt:0.36,num_interact:176,Intrvl:15,num_users:661,errors:446
rt:26.23,through:12.87,tt:0.38,num_interact:193,Intrvl:15,num_users:679,errors:0
rt:30.03,through:12.67,tt:0.38,num_interact:191,Intrvl:15,num_users:685,errors:0
rt:31.97,through:13,tt:0.36,num_interact:195,Intrvl:15,num_users:736,errors:0
rt:31.44,through:11.47,tt:0.3,num_interact:172,Intrvl:15,num_users:676,errors:0
rt:31.56,through:10.53,tt:0.36,num_interact:158,Intrvl:15,num_users:711,errors:0
rt:32.58,through:10.33,tt:0.39,num_interact:155,Intrvl:15,num_users:625,errors:0
rt:33.38,through:10.33,tt:0.36,num_interact:155,Intrvl:15,num_users:631,errors:0
rt:31.24,through:11.8,tt:0.31,num_interact:177,Intrvl:15,num_users:686,errors:0
rt:28.97,through:11.67,tt:0.32,num_interact:175,Intrvl:15,num_users:645,errors:0
rt:28.85,through:11.53,tt:0.41,num_interact:173,Intrvl:15,num_users:702,errors:0
rt:31.43,through:11.67,tt:0.38,num_interact:175,Intrvl:15,num_users:678,errors:0
rt:31.69,through:11.53,tt:0.33,num_interact:173,Intrvl:15,num_users:671,errors:0
rt:31.63,through:12.53,tt:0.33,num_interact:188,Intrvl:15,num_users:662,errors:0
rt:28.92,through:12.53,tt:0.36,num_interact:188,Intrvl:15,num_users:708,errors:0
rt:30.69,through:12.53,tt:0.37,num_interact:188,Intrvl:15,num_users:736,errors:0
rt:31.89,through:13.07,tt:0.37,num_interact:196,Intrvl:15,num_users:759,errors:0
rt:33.4,through:11.27,tt:0.39,num_interact:169,Intrvl:15,num_users:714,errors:0
rt:34.12,through:9.73,tt:0.36,num_interact:146,Intrvl:15,num_users:666,errors:0
rt:35.92,through:11.27,tt:0.34,num_interact:169,Intrvl:15,num_users:743,errors:0
rt:33.95,through:12.27,tt:0.36,num_interact:184,Intrvl:15,num_users:803,errors:0
rt:34.74,through:12.73,tt:0.39,num_interact:191,Intrvl:15,num_users:747,errors:0
rt:37.21,through:9.8,tt:0.35,num_interact:147,Intrvl:15,num_users:728,errors:0
rt:39.12,through:11.4,tt:0.35,num_interact:171,Intrvl:15,num_users:724,errors:0
rt:38.83,through:12.13,tt:0.35,num_interact:182,Intrvl:15,num_users:708,errors:0
rt:36.06,through:11.13,tt:0.38,num_interact:167,Intrvl:15,num_users:666,errors:0
rt:31.77,through:11.47,tt:0.37,num_interact:172,Intrvl:15,num_users:729,errors:0
rt:34.89,through:10.93,tt:0.37,num_interact:164,Intrvl:15,num_users:671,errors:0
rt:34.92,through:9.47,tt:0.3,num_interact:142,Intrvl:15,num_users:654,errors:0
rt:34.35,through:11.33,tt:0.36,num_interact:170,Intrvl:15,num_users:632,errors:0
rt:28.36,through:12.13,tt:0.37,num_interact:182,Intrvl:15,num_users:638,errors:0
rt:28.42,through:12.93,tt:0.34,num_interact:194,Intrvl:15,num_users:706,errors:0
rt:28.36,through:12.6,tt:0.4,num_interact:189,Intrvl:15,num_users:739,errors:0
rt:32.05,through:12.07,tt:0.39,num_interact:181,Intrvl:15,num_users:707,errors:0
rt:32.92,through:11.67,tt:0.33,num_interact:175,Intrvl:15,num_users:723,errors:0
rt:34.02,through:12.53,tt:0.4,num_interact:188,Intrvl:15,num_users:722,errors:0
rt:34.41,through:12.73,tt:0.35,num_interact:191,Intrvl:15,num_users:741,errors:0
rt:34.17,through:12.67,tt:0.31,num_interact:190,Intrvl:15,num_users:799,errors:0
rt:33.28,through:12.4,tt:0.35,num_interact:186,Intrvl:15,num_users:773,errors:0
rt:38.13,through:11.13,tt:0.35,num_interact:167,Intrvl:15,num_users:769,errors:0
rt:39.03,through:10.93,tt:0.31,num_interact:164,Intrvl:15,num_users:701,errors:0
rt:38.95,through:10.87,tt:0.32,num_interact:163,Intrvl:15,num_users:695,errors:0
rt:35.71,through:12.13,tt:0.36,num_interact:182,Intrvl:15,num_users:762,errors:0
rt:34.35,through:11.27,tt:0.36,num_interact:169,Intrvl:15,num_users:730,errors:0
rt:37.11,through:9.67,tt:0.35,num_interact:145,Intrvl:15,num_users:665,errors:0
rt:35.76,through:11.4,tt:0.32,num_interact:171,Intrvl:15,num_users:709,errors:0
rt:33.94,through:10.4,tt:0.4,num_interact:156,Intrvl:15,num_users:666,errors:0
rt:33.97,through:11.53,tt:0.37,num_interact:173,Intrvl:15,num_users:733,errors:0
rt:32.49,through:12.67,tt:0.35,num_interact:190,Intrvl:15,num_users:738,errors:0
rt:34.95,through:11.47,tt:0.39,num_interact:172,Intrvl:15,num_users:699,errors:0
rt:31.06,through:13.4,tt:0.35,num_interact:201,Intrvl:15,num_users:701,errors:7
rt:19.06,through:21.6,tt:0.34,num_interact:324,Intrvl:15,num_users:644,errors:0
rt:17.75,through:23.27,tt:0.34,num_interact:349,Intrvl:15,num_users:666,errors:0
rt:16.82,through:24,tt:0.32,num_interact:361,Intrvl:15,num_users:719,errors:0
rt:16.79,through:25.8,tt:0.4,num_interact:387,Intrvl:15,num_users:739,errors:0
rt:17.61,through:24.4,tt:0.39,num_interact:366,Intrvl:15,num_users:729,errors:0
rt:17.35,through:25.93,tt:0.34,num_interact:389,Intrvl:15,num_users:760,errors:0
rt:16.36,through:18.07,tt:0.31,num_interact:271,Intrvl:15,num_users:592,errors:0
rt:13.84,through:23.33,tt:0.34,num_interact:350,Intrvl:15,num_users:596,errors:0
rt:15.24,through:24.93,tt:0.4,num_interact:374,Intrvl:15,num_users:734,errors:0
rt:16.26,through:25.53,tt:0.38,num_interact:383,Intrvl:15,num_users:765,errors:0
rt:18.61,through:26.27,tt:0.36,num_interact:394,Intrvl:15,num_users:792,errors:0
rt:19.18,through:22.8,tt:0.34,num_interact:342,Intrvl:15,num_users:723,errors:0
rt:18.39,through:23.93,tt:0.33,num_interact:363,Intrvl:15,num_users:720,errors:0
rt:17.58,through:25.6,tt:0.36,num_interact:384,Intrvl:15,num_users:744,errors:0
rt:17.97,through:26.73,tt:0.37,num_interact:402,Intrvl:15,num_users:756,errors:0
rt:18.17,through:23.87,tt:0.35,num_interact:358,Intrvl:15,num_users:715,errors:0
rt:17.2,through:23.33,tt:0.31,num_interact:354,Intrvl:15,num_users:690,errors:0
rt:16.01,through:25.27,tt:0.34,num_interact:379,Intrvl:15,num_users:678,errors:0
rt:14.93,through:22.4,tt:0.38,num_interact:336,Intrvl:15,num_users:612,errors:0
rt:14.45,through:24.07,tt:0.39,num_interact:361,Intrvl:15,num_users:688,errors:0
rt:15.39,through:25.33,tt:0.35,num_interact:380,Intrvl:15,num_users:701,errors:0
rt:16.31,through:25.93,tt:0.39,num_interact:389,Intrvl:15,num_users:751,errors:0
rt:17.37,through:23.6,tt:0.34,num_interact:354,Intrvl:15,num_users:704,errors:0
rt:17.59,through:25,tt:0.35,num_interact:375,Intrvl:15,num_users:780,errors:0
rt:18.04,through:19.73,tt:0.35,num_interact:296,Intrvl:15,num_users:654,errors:0
rt:16.9,through:24.53,tt:0.33,num_interact:368,Intrvl:15,num_users:725,errors:0
rt:17.09,through:25.33,tt:0.36,num_interact:380,Intrvl:15,num_users:738,errors:0
rt:17.82,through:24.87,tt:0.36,num_interact:373,Intrvl:15,num_users:729,errors:0
rt:17.89,through:24.8,tt:0.35,num_interact:372,Intrvl:15,num_users:767,errors:0
rt:17.99,through:24.47,tt:0.34,num_interact:367,Intrvl:15,num_users:724,errors:0
rt:18.08,through:24.53,tt:0.37,num_interact:368,Intrvl:15,num_users:784,errors:0
rt:18.87,through:24.47,tt:0.35,num_interact:367,Intrvl:15,num_users:751,errors:0
rt:18.68,through:25.6,tt:0.37,num_interact:393,Intrvl:15,num_users:779,errors:0
rt:19.59,through:25.4,tt:0.34,num_interact:417,Intrvl:15,num_users:799,errors:0
rt:20.97,through:22.73,tt:0.36,num_interact:341,Intrvl:15,num_users:780,errors:0
rt:21.82,through:21.07,tt:0.34,num_interact:316,Intrvl:15,num_users:750,errors:0
rt:19.14,through:8.87,tt:0.42,num_interact:133,Intrvl:15,num_users:799,errors:0
rt:265.76,through:45.8,tt:0.37,num_interact:687,Intrvl:15,num_users:716,errors:17
rt:18.67,through:26.6,tt:0.39,num_interact:399,Intrvl:15,num_users:769,errors:1
rt:13.45,through:29.6,tt:0.36,num_interact:444,Intrvl:15,num_users:738,errors:0
rt:10.09,through:27,tt:0.35,num_interact:405,Intrvl:15,num_users:656,errors:0
rt:9.73,through:38.87,tt:0.36,num_interact:583,Intrvl:15,num_users:707,errors:0
rt:10.28,through:33.67,tt:0.37,num_interact:558,Intrvl:15,num_users:683,errors:0
rt:13.39,through:60.6,tt:0.36,num_interact:909,Intrvl:15,num_users:821,errors:0
rt:19.8,through:25.2,tt:0.35,num_interact:378,Intrvl:15,num_users:830,errors:0
rt:16.46,through:27.13,tt:0.34,num_interact:407,Intrvl:15,num_users:731,errors:0
rt:12.25,through:32.73,tt:0.36,num_interact:556,Intrvl:15,num_users:749,errors:0
rt:15.94,through:41.27,tt:0.33,num_interact:619,Intrvl:15,num_users:753,errors:0
rt:173.04,through:50.2,tt:0.36,num_interact:753,Intrvl:15,num_users:758,errors:0
rt:13.33,through:26.87,tt:0.35,num_interact:403,Intrvl:15,num_users:764,errors:0
rt:12.37,through:25.93,tt:0.37,num_interact:389,Intrvl:15,num_users:798,errors:0
rt:12.75,through:19.27,tt:0.35,num_interact:289,Intrvl:15,num_users:668,errors:0
rt:10.91,through:25.4,tt:0.37,num_interact:381,Intrvl:15,num_users:769,errors:0
rt:13.32,through:25.2,tt:0.4,num_interact:389,Intrvl:15,num_users:819,errors:0
rt:14.11,through:24.4,tt:0.34,num_interact:366,Intrvl:15,num_users:776,errors:0
rt:14.16,through:24.53,tt:0.35,num_interact:368,Intrvl:15,num_users:825,errors:0
rt:14.63,through:24.4,tt:0.37,num_interact:366,Intrvl:15,num_users:795,errors:0
rt:14.3,through:23.73,tt:0.35,num_interact:356,Intrvl:15,num_users:757,errors:0
rt:13.16,through:25.07,tt:0.35,num_interact:376,Intrvl:15,num_users:788,errors:0
rt:13.84,through:26.33,tt:0.35,num_interact:395,Intrvl:15,num_users:854,errors:0
rt:15.03,through:17.6,tt:0.36,num_interact:264,Intrvl:15,num_users:689,errors:0
rt:12.59,through:24.07,tt:0.36,num_interact:361,Intrvl:15,num_users:775,errors:0
rt:13.12,through:17.73,tt:0.35,num_interact:266,Intrvl:15,num_users:693,errors:0
rt:7.26,through:12.6,tt:0.33,num_interact:189,Intrvl:15,num_users:669,errors:0
rt:10.26,through:11.73,tt:0.32,num_interact:176,Intrvl:15,num_users:702,errors:0
rt:13.72,through:12.93,tt:0.4,num_interact:194,Intrvl:15,num_users:769,errors:9
rt:20.01,through:10.93,tt:0.41,num_interact:164,Intrvl:15,num_users:724,errors:94
rt:34.8,through:12.13,tt:0.37,num_interact:182,Intrvl:15,num_users:743,errors:0
rt:33.97,through:12.27,tt:0.36,num_interact:184,Intrvl:15,num_users:834,errors:0
rt:26.03,through:10.87,tt:0.33,num_interact:163,Intrvl:15,num_users:768,errors:0
rt:39.07,through:11.87,tt:0.36,num_interact:178,Intrvl:15,num_users:842,errors:0
rt:29.64,through:10.67,tt:0.39,num_interact:160,Intrvl:15,num_users:789,errors:0
rt:30.41,through:11.53,tt:0.33,num_interact:173,Intrvl:15,num_users:846,errors:0
rt:33.14,through:11.33,tt:0.37,num_interact:170,Intrvl:15,num_users:801,errors:0
rt:30.45,through:11.4,tt:0.31,num_interact:171,Intrvl:15,num_users:818,errors:0
rt:31.22,through:12.47,tt:0.35,num_interact:187,Intrvl:15,num_users:811,errors:0
rt:31.24,through:11.2,tt:0.34,num_interact:168,Intrvl:15,num_users:764,errors:0
rt:29.3,through:11.07,tt:0.31,num_interact:166,Intrvl:15,num_users:733,errors:0
rt:26.49,through:11.07,tt:0.33,num_interact:166,Intrvl:15,num_users:759,errors:0
rt:26.28,through:10.47,tt:0.35,num_interact:157,Intrvl:15,num_users:697,errors:0
rt:23.88,through:11.67,tt:0.36,num_interact:175,Intrvl:15,num_users:779,errors:0
rt:26.24,through:11.67,tt:0.37,num_interact:175,Intrvl:15,num_users:756,errors:0
rt:27.3,through:11.67,tt:0.42,num_interact:175,Intrvl:15,num_users:730,errors:0
rt:25.35,through:12,tt:0.34,num_interact:180,Intrvl:15,num_users:765,errors:0
rt:24.08,through:11.73,tt:0.36,num_interact:176,Intrvl:15,num_users:746,errors:0
rt:26.52,through:12.4,tt:0.34,num_interact:186,Intrvl:15,num_users:888,errors:0
rt:27.19,through:10.33,tt:0.41,num_interact:155,Intrvl:15,num_users:801,errors:0
rt:33.08,through:9.07,tt:0.35,num_interact:136,Intrvl:15,num_users:772,errors:0
rt:32.62,through:11.93,tt:0.37,num_interact:179,Intrvl:15,num_users:831,errors:0
rt:30.72,through:11.87,tt:0.4,num_interact:178,Intrvl:15,num_users:818,errors:0
rt:32.03,through:12.33,tt:0.35,num_interact:185,Intrvl:15,num_users:836,errors:0
rt:30.09,through:12.2,tt:0.37,num_interact:183,Intrvl:15,num_users:811,errors:0
rt:31.18,through:11.2,tt:0.37,num_interact:168,Intrvl:15,num_users:760,errors:0
rt:30.62,through:10.6,tt:0.37,num_interact:159,Intrvl:15,num_users:763,errors:0
rt:29.34,through:12.13,tt:0.37,num_interact:182,Intrvl:15,num_users:792,errors:0
rt:27.29,through:12.93,tt:0.39,num_interact:194,Intrvl:15,num_users:795,errors:0
rt:27.21,through:12.93,tt:0.37,num_interact:194,Intrvl:15,num_users:844,errors:0
rt:29.56,through:9.6,tt:0.32,num_interact:144,Intrvl:15,num_users:770,errors:0
rt:30.88,through:10.47,tt:0.3,num_interact:157,Intrvl:15,num_users:743,errors:0
rt:30.23,through:11.8,tt:0.32,num_interact:177,Intrvl:15,num_users:855,errors:0
rt:27.83,through:6.93,tt:0.38,num_interact:104,Intrvl:15,num_users:706,errors:0
rt:32.09,through:9.13,tt:0.28,num_interact:137,Intrvl:15,num_users:779,errors:0
rt:31.55,through:12,tt:0.41,num_interact:180,Intrvl:15,num_users:848,errors:0
rt:28.94,through:13.13,tt:0.44,num_interact:197,Intrvl:15,num_users:871,errors:0
rt:30.89,through:12.67,tt:0.39,num_interact:190,Intrvl:15,num_users:906,errors:0
rt:34.3,through:11.73,tt:0.37,num_interact:176,Intrvl:15,num_users:847,errors:0
rt:36.26,through:9.93,tt:0.33,num_interact:149,Intrvl:15,num_users:835,errors:0
rt:36.88,through:12,tt:0.35,num_interact:180,Intrvl:15,num_users:841,errors:0
rt:32.95,through:12.73,tt:0.39,num_interact:191,Intrvl:15,num_users:875,errors:0
rt:32.88,through:10.8,tt:0.33,num_interact:162,Intrvl:15,num_users:786,errors:0
rt:34.7,through:9.73,tt:0.35,num_interact:146,Intrvl:15,num_users:843,errors:0
rt:33.66,through:10.67,tt:0.36,num_interact:160,Intrvl:15,num_users:765,errors:0
rt:31.98,through:9.6,tt:0.36,num_interact:144,Intrvl:15,num_users:873,errors:0
rt:32.06,through:11.2,tt:0.32,num_interact:168,Intrvl:15,num_users:817,errors:0
rt:34.79,through:10.6,tt:0.39,num_interact:159,Intrvl:15,num_users:817,errors:0
rt:34.84,through:12.47,tt:0.41,num_interact:187,Intrvl:15,num_users:837,errors:0
rt:30.32,through:10.07,tt:0.41,num_interact:151,Intrvl:15,num_users:766,errors:0
rt:30.32,through:11.6,tt:0.39,num_interact:174,Intrvl:15,num_users:821,errors:0
rt:30.04,through:11.73,tt:0.34,num_interact:176,Intrvl:15,num_users:807,errors:0
rt:30.96,through:12.8,tt:0.39,num_interact:192,Intrvl:15,num_users:812,errors:0
rt:29.21,through:12.87,tt:0.35,num_interact:193,Intrvl:15,num_users:868,errors:0
rt:29.94,through:9.8,tt:0.39,num_interact:147,Intrvl:15,num_users:783,errors:0
rt:32.23,through:6.93,tt:0.33,num_interact:104,Intrvl:15,num_users:673,errors:0
rt:30.24,through:9.4,tt:0.32,num_interact:141,Intrvl:15,num_users:695,errors:0
rt:25.94,through:12.4,tt:0.33,num_interact:186,Intrvl:15,num_users:820,errors:0
rt:24.99,through:6.73,tt:0.43,num_interact:101,Intrvl:15,num_users:711,errors:6
rt:28.17,through:11.73,tt:0.38,num_interact:180,Intrvl:15,num_users:754,errors:0
rt:16.61,through:24.13,tt:0.34,num_interact:362,Intrvl:15,num_users:755,errors:0
rt:12.84,through:24.47,tt:0.35,num_interact:367,Intrvl:15,num_users:741,errors:0
rt:12.32,through:26.13,tt:0.37,num_interact:392,Intrvl:15,num_users:789,errors:0
rt:13.09,through:23.07,tt:0.35,num_interact:348,Intrvl:15,num_users:736,errors:0
rt:11.84,through:25.47,tt:0.35,num_interact:382,Intrvl:15,num_users:740,errors:0
rt:12.98,through:25,tt:0.38,num_interact:375,Intrvl:15,num_users:809,errors:0
rt:12.64,through:22.47,tt:0.37,num_interact:337,Intrvl:15,num_users:728,errors:0
rt:10.33,through:24.8,tt:0.35,num_interact:372,Intrvl:15,num_users:683,errors:0
rt:12.41,through:22.47,tt:0.4,num_interact:337,Intrvl:15,num_users:764,errors:0
rt:12.22,through:24.53,tt:0.37,num_interact:368,Intrvl:15,num_users:741,errors:0
rt:11.3,through:22.87,tt:0.34,num_interact:348,Intrvl:15,num_users:706,errors:0
rt:12.03,through:25.33,tt:0.39,num_interact:380,Intrvl:15,num_users:811,errors:0
rt:13.31,through:22.4,tt:0.36,num_interact:336,Intrvl:15,num_users:737,errors:0
rt:10.77,through:23.27,tt:0.34,num_interact:349,Intrvl:15,num_users:676,errors:0
rt:10.99,through:23,tt:0.35,num_interact:345,Intrvl:15,num_users:734,errors:0
rt:11.13,through:24.13,tt:0.34,num_interact:362,Intrvl:15,num_users:698,errors:0
rt:10.96,through:24.87,tt:0.36,num_interact:373,Intrvl:15,num_users:755,errors:0
rt:11.69,through:25,tt:0.38,num_interact:378,Intrvl:15,num_users:741,errors:0
rt:11.18,through:24.53,tt:0.35,num_interact:368,Intrvl:15,num_users:715,errors:0
rt:12.3,through:25.8,tt:0.38,num_interact:387,Intrvl:15,num_users:807,errors:0
rt:13.91,through:25,tt:0.36,num_interact:375,Intrvl:15,num_users:815,errors:0
rt:14.11,through:24.2,tt:0.36,num_interact:363,Intrvl:15,num_users:767,errors:0
rt:13.4,through:24.53,tt:0.35,num_interact:368,Intrvl:15,num_users:794,errors:0
rt:13.54,through:24.93,tt:0.35,num_interact:374,Intrvl:15,num_users:774,errors:0
rt:11.54,through:20.73,tt:0.36,num_interact:311,Intrvl:15,num_users:685,errors:0
rt:11.02,through:24.8,tt:0.38,num_interact:372,Intrvl:15,num_users:721,errors:0
rt:11.79,through:25.93,tt:0.37,num_interact:389,Intrvl:15,num_users:810,errors:0
rt:14.02,through:26.53,tt:0.37,num_interact:400,Intrvl:15,num_users:820,errors:0
rt:13.29,through:20,tt:0.38,num_interact:300,Intrvl:15,num_users:707,errors:0
rt:12.03,through:24.67,tt:0.37,num_interact:370,Intrvl:15,num_users:754,errors:0
rt:12.41,through:25.47,tt:0.35,num_interact:386,Intrvl:15,num_users:757,errors:0
rt:11.42,through:23.47,tt:0.35,num_interact:352,Intrvl:15,num_users:708,errors:0
rt:11.21,through:24.6,tt:0.37,num_interact:369,Intrvl:15,num_users:738,errors:0
rt:11.66,through:26.6,tt:0.35,num_interact:399,Intrvl:15,num_users:755,errors:0
rt:11.55,through:24.47,tt:0.34,num_interact:367,Intrvl:15,num_users:727,errors:0
rt:11.05,through:24.07,tt:0.34,num_interact:361,Intrvl:15,num_users:707,errors:0
rt:10.19,through:24.87,tt:0.33,num_interact:373,Intrvl:15,num_users:696,errors:0
rt:11.36,through:25.2,tt:0.35,num_interact:378,Intrvl:15,num_users:767,errors:0
rt:11.54,through:22.93,tt:0.33,num_interact:344,Intrvl:15,num_users:706,errors:0
rt:10.21,through:26.07,tt:0.34,num_interact:391,Intrvl:15,num_users:696,errors:0
rt:10.79,through:23.4,tt:0.37,num_interact:351,Intrvl:15,num_users:698,errors:0
rt:9.32,through:26.13,tt:0.35,num_interact:394,Intrvl:15,num_users:681,errors:0
rt:11.63,through:23.93,tt:0.34,num_interact:359,Intrvl:15,num_users:744,errors:0
rt:10.77,through:24.27,tt:0.34,num_interact:364,Intrvl:15,num_users:711,errors:0
rt:11.57,through:25.67,tt:0.36,num_interact:385,Intrvl:15,num_users:754,errors:0
rt:10.79,through:22.13,tt:0.39,num_interact:332,Intrvl:15,num_users:688,errors:0
rt:10.53,through:24.93,tt:0.36,num_interact:376,Intrvl:15,num_users:708,errors:0
rt:10.38,through:25.67,tt:0.36,num_interact:385,Intrvl:15,num_users:715,errors:0
rt:10.45,through:25.87,tt:0.32,num_interact:388,Intrvl:15,num_users:718,errors:0
rt:10.78,through:26.27,tt:0.31,num_interact:394,Intrvl:15,num_users:724,errors:0
rt:9.35,through:24.27,tt:0.34,num_interact:364,Intrvl:15,num_users:663,errors:0
rt:9.37,through:24.07,tt:0.36,num_interact:361,Intrvl:15,num_users:669,errors:0
rt:9.18,through:25.2,tt:0.35,num_interact:378,Intrvl:15,num_users:669,errors:0
rt:10.42,through:24.6,tt:0.4,num_interact:369,Intrvl:15,num_users:707,errors:0
rt:10.23,through:25.67,tt:0.37,num_interact:385,Intrvl:15,num_users:713,errors:0
rt:10.73,through:26.13,tt:0.38,num_interact:395,Intrvl:15,num_users:750,errors:0
rt:11.19,through:22.6,tt:0.34,num_interact:344,Intrvl:15,num_users:691,errors:0
rt:10.99,through:25.67,tt:0.34,num_interact:385,Intrvl:15,num_users:760,errors:0
rt:11.56,through:24.87,tt:0.38,num_interact:373,Intrvl:15,num_users:737,errors:9
rt:10.69,through:24.87,tt:0.37,num_interact:373,Intrvl:15,num_users:732,errors:0
rt:8.46,through:20.93,tt:0.38,num_interact:314,Intrvl:15,num_users:705,errors:0
rt:9.01,through:24.93,tt:0.32,num_interact:374,Intrvl:15,num_users:591,errors:0
rt:8.4,through:33.73,tt:0.39,num_interact:506,Intrvl:15,num_users:673,errors:0
rt:7.03,through:34.07,tt:0.33,num_interact:511,Intrvl:15,num_users:629,errors:0
rt:6.39,through:32.07,tt:0.35,num_interact:481,Intrvl:15,num_users:658,errors:0
rt:14.98,through:53.4,tt:0.37,num_interact:801,Intrvl:15,num_users:765,errors:0
rt:11,through:29.87,tt:0.37,num_interact:448,Intrvl:15,num_users:692,errors:0
rt:6.95,through:35.53,tt:0.36,num_interact:533,Intrvl:15,num_users:636,errors:0
rt:7.06,through:37.67,tt:0.35,num_interact:565,Intrvl:15,num_users:684,errors:0
rt:7.58,through:31.27,tt:0.34,num_interact:504,Intrvl:15,num_users:641,errors:0
rt:7.59,through:46.87,tt:0.33,num_interact:703,Intrvl:15,num_users:689,errors:0
rt:8.97,through:9.4,tt:0.36,num_interact:141,Intrvl:15,num_users:758,errors:0
rt:23.96,through:1.47,tt:0.32,num_interact:22,Intrvl:15,num_users:798,errors:0
rt:39.39,through:2.73,tt:0.41,num_interact:41,Intrvl:15,num_users:755,errors:0
rt:52,through:1,tt:0.42,num_interact:15,Intrvl:15,num_users:760,errors:0
rt:72.04,through:0.33,tt:0.37,num_interact:5,Intrvl:15,num_users:703,errors:0
rt:160.28,through:28.73,tt:0.38,num_interact:431,Intrvl:15,num_users:732,errors:0
rt:276.82,through:0.47,tt:0.16,num_interact:7,Intrvl:15,num_users:789,errors:0
rt:241.57,through:2.93,tt:0.37,num_interact:44,Intrvl:15,num_users:726,errors:0
rt:81.47,through:26,tt:0.37,num_interact:395,Intrvl:15,num_users:690,errors:17
rt:8.32,through:32.4,tt:0.34,num_interact:486,Intrvl:15,num_users:665,errors:0
rt:8.26,through:36.6,tt:0.34,num_interact:549,Intrvl:15,num_users:669,errors:0
rt:7.29,through:31.47,tt:0.36,num_interact:472,Intrvl:15,num_users:706,errors:0
rt:9.26,through:33.2,tt:0.35,num_interact:498,Intrvl:15,num_users:731,errors:0
rt:10.64,through:26.87,tt:0.35,num_interact:403,Intrvl:15,num_users:651,errors:0
rt:6.06,through:37.07,tt:0.37,num_interact:556,Intrvl:15,num_users:651,errors:0
rt:5.99,through:33.87,tt:0.36,num_interact:508,Intrvl:15,num_users:650,errors:0
rt:7.97,through:49.8,tt:0.37,num_interact:747,Intrvl:15,num_users:757,errors:0
rt:8.68,through:28.27,tt:0.34,num_interact:424,Intrvl:15,num_users:712,errors:0
rt:6.61,through:33.27,tt:0.37,num_interact:499,Intrvl:15,num_users:692,errors:0
rt:7.95,through:30.53,tt:0.37,num_interact:458,Intrvl:15,num_users:752,errors:0
rt:8.53,through:26.8,tt:0.42,num_interact:402,Intrvl:15,num_users:721,errors:0
rt:10.71,through:27.73,tt:0.35,num_interact:416,Intrvl:15,num_users:733,errors:0
rt:10.12,through:17.87,tt:0.34,num_interact:268,Intrvl:15,num_users:624,errors:0
rt:9.02,through:27.07,tt:0.39,num_interact:406,Intrvl:15,num_users:764,errors:3
rt:11.03,through:22.6,tt:0.35,num_interact:339,Intrvl:15,num_users:715,errors:0
rt:11.89,through:24.47,tt:0.39,num_interact:367,Intrvl:15,num_users:750,errors:8
rt:11.22,through:24.13,tt:0.35,num_interact:362,Intrvl:15,num_users:698,errors:0
rt:12.32,through:21,tt:0.33,num_interact:315,Intrvl:15,num_users:660,errors:4
rt:9.76,through:25.87,tt:0.41,num_interact:388,Intrvl:15,num_users:774,errors:0
rt:13.26,through:23.67,tt:0.35,num_interact:355,Intrvl:15,num_users:806,errors:5
rt:13.64,through:24.6,tt:0.36,num_interact:369,Intrvl:15,num_users:775,errors:0
rt:13.39,through:22.67,tt:0.34,num_interact:340,Intrvl:15,num_users:726,errors:10
rt:12.16,through:25.53,tt:0.38,num_interact:383,Intrvl:15,num_users:763,errors:0
rt:13.9,through:21.07,tt:0.35,num_interact:317,Intrvl:15,num_users:689,errors:4
rt:10.94,through:24.47,tt:0.38,num_interact:367,Intrvl:15,num_users:777,errors:0
rt:14.05,through:22.6,tt:0.33,num_interact:339,Intrvl:15,num_users:709,errors:9
rt:10.89,through:20.67,tt:0.35,num_interact:310,Intrvl:15,num_users:712,errors:0
rt:12.63,through:23.2,tt:0.31,num_interact:348,Intrvl:15,num_users:695,errors:19
rt:10.04,through:26.6,tt:0.35,num_interact:399,Intrvl:15,num_users:721,errors:0
rt:12.41,through:24.6,tt:0.32,num_interact:369,Intrvl:15,num_users:720,errors:16
rt:9.57,through:21.87,tt:0.36,num_interact:328,Intrvl:15,num_users:701,errors:0
rt:13.95,through:23.6,tt:0.34,num_interact:354,Intrvl:15,num_users:682,errors:10
rt:9.8,through:18.4,tt:0.3,num_interact:276,Intrvl:15,num_users:629,errors:0
rt:10.19,through:27.13,tt:0.37,num_interact:407,Intrvl:15,num_users:674,errors:0
rt:9.84,through:23.73,tt:0.31,num_interact:356,Intrvl:15,num_users:666,errors:0
rt:8.97,through:26.8,tt:0.37,num_interact:402,Intrvl:15,num_users:683,errors:1
rt:9.84,through:26.33,tt:0.35,num_interact:395,Intrvl:15,num_users:693,errors:0
rt:9.15,through:21.6,tt:0.36,num_interact:324,Intrvl:15,num_users:643,errors:0
rt:11.33,through:16.33,tt:0.34,num_interact:245,Intrvl:15,num_users:597,errors:2
rt:7.68,through:28.07,tt:0.36,num_interact:421,Intrvl:15,num_users:651,errors:0
rt:7.63,through:28.47,tt:0.36,num_interact:427,Intrvl:15,num_users:736,errors:0
rt:7.57,through:30.8,tt:0.35,num_interact:462,Intrvl:15,num_users:765,errors:0
rt:12.27,through:25.8,tt:0.33,num_interact:388,Intrvl:15,num_users:771,errors:7
rt:12.88,through:24.8,tt:0.35,num_interact:372,Intrvl:15,num_users:731,errors:14
rt:10.83,through:20.87,tt:0.33,num_interact:313,Intrvl:15,num_users:676,errors:0
rt:12.17,through:18.47,tt:0.33,num_interact:277,Intrvl:15,num_users:644,errors:8
rt:12.33,through:16.87,tt:0.35,num_interact:253,Intrvl:15,num_users:624,errors:2
rt:10.28,through:24.73,tt:0.36,num_interact:371,Intrvl:15,num_users:644,errors:0
rt:9.07,through:24.73,tt:0.31,num_interact:371,Intrvl:15,num_users:632,errors:0
rt:8.9,through:25.13,tt:0.39,num_interact:377,Intrvl:15,num_users:644,errors:0
rt:7.37,through:29.27,tt:0.38,num_interact:439,Intrvl:15,num_users:673,errors:0
rt:8.92,through:21.93,tt:0.38,num_interact:329,Intrvl:15,num_users:643,errors:0
rt:10.68,through:25.8,tt:0.36,num_interact:387,Intrvl:15,num_users:761,errors:0
rt:8.37,through:30.27,tt:0.36,num_interact:454,Intrvl:15,num_users:643,errors:0
rt:11.11,through:14.6,tt:0.36,num_interact:219,Intrvl:15,num_users:610,errors:0
rt:8.54,through:27.73,tt:0.4,num_interact:416,Intrvl:15,num_users:698,errors:0
rt:8.15,through:26.4,tt:0.35,num_interact:396,Intrvl:15,num_users:671,errors:0
rt:8.87,through:27,tt:0.37,num_interact:405,Intrvl:15,num_users:705,errors:0
rt:9.75,through:19.53,tt:0.37,num_interact:293,Intrvl:15,num_users:629,errors:0
rt:9.19,through:25,tt:0.35,num_interact:375,Intrvl:15,num_users:685,errors:0
rt:10.38,through:27.53,tt:0.4,num_interact:413,Intrvl:15,num_users:779,errors:0
rt:10.39,through:24,tt:0.37,num_interact:360,Intrvl:15,num_users:653,errors:2
rt:7.75,through:20,tt:0.33,num_interact:300,Intrvl:15,num_users:686,errors:0
rt:10.82,through:26.4,tt:0.34,num_interact:396,Intrvl:15,num_users:748,errors:3
rt:10.96,through:24.67,tt:0.36,num_interact:370,Intrvl:15,num_users:691,errors:0
rt:14.28,through:18.93,tt:0.37,num_interact:284,Intrvl:15,num_users:697,errors:17
rt:10.27,through:29.6,tt:0.34,num_interact:444,Intrvl:15,num_users:755,errors:0
rt:11.43,through:32.67,tt:0.35,num_interact:539,Intrvl:15,num_users:717,errors:4
rt:6.82,through:32.67,tt:0.36,num_interact:490,Intrvl:15,num_users:660,errors:0
rt:9.41,through:29.67,tt:0.4,num_interact:445,Intrvl:15,num_users:770,errors:0
rt:9.64,through:32.2,tt:0.35,num_interact:483,Intrvl:15,num_users:697,errors:0
rt:9.99,through:34.6,tt:0.36,num_interact:615,Intrvl:15,num_users:746,errors:0
rt:6.31,through:34.6,tt:0.36,num_interact:519,Intrvl:15,num_users:616,errors:0
rt:5.39,through:34.13,tt:0.4,num_interact:526,Intrvl:15,num_users:675,errors:0
rt:7.71,through:28.73,tt:0.34,num_interact:431,Intrvl:15,num_users:739,errors:0
rt:12.33,through:27.33,tt:0.39,num_interact:410,Intrvl:15,num_users:768,errors:0
rt:9.88,through:33,tt:0.36,num_interact:531,Intrvl:15,num_users:680,errors:0
rt:9.77,through:31.13,tt:0.38,num_interact:467,Intrvl:15,num_users:745,errors:0
rt:10.58,through:26,tt:0.36,num_interact:390,Intrvl:15,num_users:721,errors:0
rt:60.47,through:29.93,tt:0.36,num_interact:449,Intrvl:15,num_users:807,errors:0
rt:293.19,through:7.93,tt:0.32,num_interact:119,Intrvl:15,num_users:730,errors:0
rt:119.27,through:47.6,tt:0.34,num_interact:714,Intrvl:15,num_users:769,errors:0
rt:22.49,through:2.6,tt:0.35,num_interact:50,Intrvl:15,num_users:777,errors:1
rt:36.47,through:0.47,tt:0.38,num_interact:7,Intrvl:15,num_users:695,errors:0
rt:36.46,through:52.33,tt:0.35,num_interact:785,Intrvl:15,num_users:715,errors:0
rt:17.08,through:44.4,tt:0.35,num_interact:804,Intrvl:15,num_users:789,errors:0
rt:62.93,through:37.33,tt:0.36,num_interact:560,Intrvl:15,num_users:801,errors:0
rt:13.6,through:39.87,tt:0.36,num_interact:598,Intrvl:15,num_users:812,errors:0
rt:23,through:27.07,tt:0.35,num_interact:406,Intrvl:15,num_users:820,errors:0
rt:26.86,through:1.73,tt:0.39,num_interact:26,Intrvl:15,num_users:822,errors:0
rt:47.32,through:1.8,tt:0.2,num_interact:27,Intrvl:15,num_users:752,errors:0
rt:60.07,through:1.33,tt:0.28,num_interact:20,Intrvl:15,num_users:782,errors:0
rt:77.19,through:1.2,tt:0.35,num_interact:18,Intrvl:15,num_users:731,errors:0
rt:66.23,through:2.33,tt:0.35,num_interact:35,Intrvl:15,num_users:668,errors:0
rt:87.45,through:2.6,tt:0.35,num_interact:39,Intrvl:15,num_users:686,errors:0
rt:115.65,through:2.93,tt:0.42,num_interact:44,Intrvl:15,num_users:673,errors:0
rt:31.52,through:24.8,tt:0.32,num_interact:373,Intrvl:15,num_users:601,errors:0
rt:5.12,through:32.73,tt:0.39,num_interact:491,Intrvl:15,num_users:679,errors:0
rt:6.53,through:47.87,tt:0.33,num_interact:718,Intrvl:15,num_users:698,errors:0
rt:7.69,through:35.8,tt:0.34,num_interact:537,Intrvl:15,num_users:702,errors:0
rt:6.23,through:36.6,tt:0.35,num_interact:565,Intrvl:15,num_users:676,errors:0
rt:5.94,through:37.13,tt:0.4,num_interact:557,Intrvl:15,num_users:708,errors:0
rt:7.23,through:33.27,tt:0.37,num_interact:499,Intrvl:15,num_users:697,errors:0
rt:7.36,through:31.4,tt:0.36,num_interact:471,Intrvl:15,num_users:679,errors:0
rt:7.46,through:33.73,tt:0.35,num_interact:506,Intrvl:15,num_users:697,errors:0
rt:6.77,through:32.53,tt:0.33,num_interact:488,Intrvl:15,num_users:669,errors:0
rt:8.16,through:32.8,tt:0.38,num_interact:492,Intrvl:15,num_users:735,errors:0
rt:7.62,through:34.2,tt:0.34,num_interact:524,Intrvl:15,num_users:725,errors:0
rt:8.17,through:34.33,tt:0.34,num_interact:515,Intrvl:15,num_users:731,errors:0
rt:8.51,through:30.87,tt:0.38,num_interact:463,Intrvl:15,num_users:696,errors:0
rt:8.84,through:21.53,tt:0.35,num_interact:323,Intrvl:15,num_users:637,errors:0
rt:8.48,through:26.8,tt:0.36,num_interact:402,Intrvl:15,num_users:702,errors:0
rt:9.15,through:21.47,tt:0.35,num_interact:322,Intrvl:15,num_users:648,errors:0
rt:8.74,through:24.27,tt:0.34,num_interact:364,Intrvl:15,num_users:651,errors:0
rt:8.13,through:25,tt:0.34,num_interact:375,Intrvl:15,num_users:638,errors:0
rt:8.69,through:27,tt:0.39,num_interact:405,Intrvl:15,num_users:757,errors:0
rt:9.26,through:15.4,tt:0.34,num_interact:231,Intrvl:15,num_users:607,errors:0
rt:8.49,through:22.73,tt:0.36,num_interact:341,Intrvl:15,num_users:604,errors:0
rt:6.55,through:27.4,tt:0.39,num_interact:411,Intrvl:15,num_users:650,errors:0
rt:7.66,through:25.67,tt:0.35,num_interact:385,Intrvl:15,num_users:654,errors:0
rt:8.05,through:25.67,tt:0.36,num_interact:385,Intrvl:15,num_users:661,errors:0
rt:8.65,through:27.2,tt:0.34,num_interact:408,Intrvl:15,num_users:704,errors:0
rt:8.81,through:15.73,tt:0.36,num_interact:236,Intrvl:15,num_users:575,errors:0
rt:7.25,through:26.27,tt:0.37,num_interact:394,Intrvl:15,num_users:612,errors:0
rt:7.28,through:25.13,tt:0.35,num_interact:377,Intrvl:15,num_users:613,errors:0
rt:7.28,through:25.8,tt:0.36,num_interact:387,Intrvl:15,num_users:628,errors:0
rt:8.14,through:25.4,tt:0.35,num_interact:381,Intrvl:15,num_users:624,errors:0
rt:7.52,through:23.4,tt:0.39,num_interact:351,Intrvl:15,num_users:606,errors:0
rt:7.33,through:25,tt:0.38,num_interact:375,Intrvl:15,num_users:604,errors:0
rt:6.87,through:25.73,tt:0.35,num_interact:386,Intrvl:15,num_users:601,errors:0
rt:6.53,through:24.8,tt:0.36,num_interact:372,Intrvl:15,num_users:599,errors:0
rt:6.82,through:27.33,tt:0.38,num_interact:410,Intrvl:15,num_users:649,errors:0
rt:8.6,through:27.6,tt:0.35,num_interact:414,Intrvl:15,num_users:741,errors:0
rt:10.23,through:17,tt:0.37,num_interact:255,Intrvl:15,num_users:626,errors:0
rt:9.6,through:18.87,tt:0.36,num_interact:283,Intrvl:15,num_users:562,errors:0
rt:6.27,through:25.2,tt:0.36,num_interact:382,Intrvl:15,num_users:582,errors:0
rt:6.66,through:27.87,tt:0.37,num_interact:418,Intrvl:15,num_users:637,errors:0
rt:8.33,through:23.87,tt:0.34,num_interact:358,Intrvl:15,num_users:636,errors:0
rt:8.36,through:28.73,tt:0.37,num_interact:431,Intrvl:15,num_users:690,errors:0
rt:9.92,through:20.07,tt:0.34,num_interact:301,Intrvl:15,num_users:616,errors:0
rt:8.82,through:24.27,tt:0.35,num_interact:364,Intrvl:15,num_users:634,errors:0
rt:8.18,through:27.73,tt:0.36,num_interact:416,Intrvl:15,num_users:680,errors:0
rt:10.01,through:24.73,tt:0.36,num_interact:371,Intrvl:15,num_users:672,errors:0
rt:10.04,through:25.6,tt:0.33,num_interact:384,Intrvl:15,num_users:676,errors:0
rt:9.61,through:21.6,tt:0.36,num_interact:324,Intrvl:15,num_users:622,errors:0
rt:8.62,through:24,tt:0.33,num_interact:360,Intrvl:15,num_users:615,errors:0
rt:7.89,through:21,tt:0.34,num_interact:315,Intrvl:15,num_users:567,errors:0
rt:6.2,through:25.13,tt:0.35,num_interact:377,Intrvl:15,num_users:584,errors:0
rt:6.42,through:26.27,tt:0.36,num_interact:394,Intrvl:15,num_users:597,errors:0
rt:6.43,through:21.8,tt:0.36,num_interact:327,Intrvl:15,num_users:560,errors:0
rt:6.19,through:26.8,tt:0.34,num_interact:404,Intrvl:15,num_users:581,errors:0
rt:6.55,through:25.2,tt:0.38,num_interact:378,Intrvl:15,num_users:601,errors:0
rt:6.67,through:24.47,tt:0.31,num_interact:367,Intrvl:15,num_users:581,errors:0
rt:6.73,through:28,tt:0.38,num_interact:420,Intrvl:15,num_users:638,errors:0
rt:8.14,through:26.8,tt:0.38,num_interact:402,Intrvl:15,num_users:710,errors:0
rt:10.47,through:26.73,tt:0.39,num_interact:401,Intrvl:15,num_users:725,errors:0
rt:11.64,through:24.2,tt:0.34,num_interact:363,Intrvl:15,num_users:702,errors:0
rt:11.75,through:25.2,tt:0.37,num_interact:378,Intrvl:15,num_users:735,errors:0
rt:11.71,through:22.07,tt:0.34,num_interact:331,Intrvl:15,num_users:668,errors:0
rt:11.3,through:16.93,tt:0.34,num_interact:254,Intrvl:15,num_users:591,errors:0
rt:8.16,through:26.07,tt:0.35,num_interact:391,Intrvl:15,num_users:630,errors:0
rt:8.14,through:22.4,tt:0.35,num_interact:336,Intrvl:15,num_users:598,errors:0
rt:7.42,through:25.8,tt:0.37,num_interact:387,Intrvl:15,num_users:622,errors:0
rt:7.87,through:28,tt:0.36,num_interact:420,Intrvl:15,num_users:677,errors:0
rt:9.79,through:25.6,tt:0.37,num_interact:384,Intrvl:15,num_users:687,errors:0
rt:10.2,through:20.2,tt:0.33,num_interact:320,Intrvl:15,num_users:624,errors:0
rt:8.99,through:24.07,tt:0.32,num_interact:361,Intrvl:15,num_users:625,errors:0
rt:8.59,through:25.53,tt:0.32,num_interact:383,Intrvl:15,num_users:623,errors:0
rt:8.06,through:26.2,tt:0.35,num_interact:393,Intrvl:15,num_users:626,errors:0
rt:7.73,through:25.87,tt:0.32,num_interact:388,Intrvl:15,num_users:633,errors:0
rt:8.34,through:22.8,tt:0.33,num_interact:342,Intrvl:15,num_users:605,errors:0
rt:7.91,through:27.6,tt:0.39,num_interact:414,Intrvl:15,num_users:693,errors:6
rt:8.49,through:27.93,tt:0.37,num_interact:419,Intrvl:15,num_users:644,errors:0
rt:6.41,through:33.33,tt:0.36,num_interact:500,Intrvl:15,num_users:628,errors:0
rt:6.05,through:33.8,tt:0.35,num_interact:507,Intrvl:15,num_users:638,errors:0
rt:6.57,through:35.07,tt:0.34,num_interact:528,Intrvl:15,num_users:648,errors:0
rt:6.27,through:27.47,tt:0.36,num_interact:412,Intrvl:15,num_users:589,errors:0
rt:6.41,through:34.47,tt:0.37,num_interact:517,Intrvl:15,num_users:662,errors:0
rt:5.17,through:27.4,tt:0.36,num_interact:411,Intrvl:15,num_users:566,errors:0
rt:4.94,through:33.53,tt:0.37,num_interact:503,Intrvl:15,num_users:582,errors:0
rt:4.95,through:36.2,tt:0.37,num_interact:543,Intrvl:15,num_users:628,errors:0
rt:5.67,through:34.67,tt:0.33,num_interact:520,Intrvl:15,num_users:632,errors:0
rt:5.58,through:28.87,tt:0.34,num_interact:433,Intrvl:15,num_users:572,errors:0
rt:5.13,through:36.07,tt:0.36,num_interact:541,Intrvl:15,num_users:622,errors:0
rt:5.66,through:33.2,tt:0.33,num_interact:498,Intrvl:15,num_users:619,errors:0
rt:5.94,through:35.53,tt:0.34,num_interact:533,Intrvl:15,num_users:653,errors:0
rt:6.46,through:33.2,tt:0.34,num_interact:498,Intrvl:15,num_users:638,errors:0
rt:6.59,through:31.67,tt:0.3,num_interact:475,Intrvl:15,num_users:618,errors:0
rt:6.18,through:35.33,tt:0.39,num_interact:530,Intrvl:15,num_users:655,errors:0
rt:6.18,through:28.2,tt:0.37,num_interact:423,Intrvl:15,num_users:598,errors:0
rt:5.53,through:31.93,tt:0.34,num_interact:479,Intrvl:15,num_users:594,errors:0
rt:5.97,through:36.13,tt:0.38,num_interact:542,Intrvl:15,num_users:658,errors:0
rt:5.22,through:30.27,tt:0.36,num_interact:454,Intrvl:15,num_users:582,errors:0
rt:7.16,through:34.4,tt:0.37,num_interact:516,Intrvl:15,num_users:693,errors:0
rt:8.24,through:30.33,tt:0.4,num_interact:455,Intrvl:15,num_users:716,errors:0
rt:6.08,through:38.2,tt:0.34,num_interact:573,Intrvl:15,num_users:596,errors:0
rt:5.69,through:35.27,tt:0.37,num_interact:529,Intrvl:15,num_users:653,errors:0
rt:6.64,through:34.87,tt:0.36,num_interact:523,Intrvl:15,num_users:664,errors:0
rt:6.15,through:27.33,tt:0.35,num_interact:410,Intrvl:15,num_users:586,errors:0
rt:5.57,through:34.6,tt:0.34,num_interact:519,Intrvl:15,num_users:614,errors:0
rt:5.54,through:34.67,tt:0.36,num_interact:520,Intrvl:15,num_users:631,errors:0
rt:5.88,through:32.07,tt:0.35,num_interact:481,Intrvl:15,num_users:608,errors:0
rt:5.58,through:32.47,tt:0.38,num_interact:487,Intrvl:15,num_users:593,errors:0
rt:5.62,through:35.47,tt:0.36,num_interact:532,Intrvl:15,num_users:644,errors:0
rt:5.79,through:30.93,tt:0.33,num_interact:464,Intrvl:15,num_users:607,errors:0
rt:5.29,through:32.67,tt:0.33,num_interact:495,Intrvl:15,num_users:596,errors:0
rt:5.1,through:32.6,tt:0.34,num_interact:489,Intrvl:15,num_users:603,errors:0
rt:4.54,through:32.73,tt:0.36,num_interact:491,Intrvl:15,num_users:543,errors:0
rt:5.37,through:34.93,tt:0.36,num_interact:524,Intrvl:15,num_users:631,errors:0
rt:5.71,through:32.27,tt:0.34,num_interact:487,Intrvl:15,num_users:598,errors:0
rt:4.95,through:30.8,tt:0.32,num_interact:462,Intrvl:15,num_users:555,errors:0
rt:4.09,through:35.53,tt:0.35,num_interact:533,Intrvl:15,num_users:560,errors:0
rt:5.16,through:34.13,tt:0.35,num_interact:512,Intrvl:15,num_users:605,errors:0
rt:5.23,through:31.93,tt:0.37,num_interact:479,Intrvl:15,num_users:578,errors:0
rt:5.14,through:35.87,tt:0.36,num_interact:538,Intrvl:15,num_users:616,errors:0
rt:5.74,through:34.87,tt:0.36,num_interact:523,Intrvl:15,num_users:635,errors:0
rt:6.66,through:34.47,tt:0.39,num_interact:517,Intrvl:15,num_users:636,errors:0
rt:6.6,through:35.93,tt:0.36,num_interact:539,Intrvl:15,num_users:648,errors:0
rt:4.29,through:24.87,tt:0.34,num_interact:373,Intrvl:15,num_users:418,errors:0
rt:3.72,through:29.4,tt:0.3,num_interact:441,Intrvl:15,num_users:417,errors:0
rt:3.32,through:33.2,tt:0.36,num_interact:498,Intrvl:15,num_users:422,errors:0
rt:3.28,through:33.07,tt:0.35,num_interact:496,Intrvl:15,num_users:419,errors:0
rt:2.92,through:33.53,tt:0.34,num_interact:503,Intrvl:15,num_users:380,errors:0
rt:2.95,through:34.07,tt:0.32,num_interact:511,Intrvl:15,num_users:386,errors:0
rt:2.6,through:32.07,tt:0.33,num_interact:481,Intrvl:15,num_users:368,errors:0
rt:3.42,through:34,tt:0.35,num_interact:510,Intrvl:15,num_users:404,errors:0
rt:2.88,through:31.33,tt:0.35,num_interact:470,Intrvl:15,num_users:363,errors:10
rt:2.86,through:31.27,tt:0.36,num_interact:469,Intrvl:15,num_users:376,errors:3
rt:2.33,through:42.4,tt:0.36,num_interact:636,Intrvl:15,num_users:360,errors:0
rt:2.2,through:41.93,tt:0.37,num_interact:629,Intrvl:15,num_users:381,errors:0
rt:2.77,through:41.4,tt:0.35,num_interact:621,Intrvl:15,num_users:394,errors:0
rt:2.73,through:42.6,tt:0.36,num_interact:643,Intrvl:15,num_users:390,errors:0
rt:2.01,through:42.07,tt:0.35,num_interact:631,Intrvl:15,num_users:343,errors:0
rt:2.64,through:41.13,tt:0.38,num_interact:635,Intrvl:15,num_users:395,errors:0
rt:2.93,through:42.47,tt:0.36,num_interact:637,Intrvl:15,num_users:388,errors:0
rt:3.06,through:42.47,tt:0.33,num_interact:637,Intrvl:15,num_users:389,errors:0
rt:3.4,through:43.6,tt:0.37,num_interact:654,Intrvl:15,num_users:424,errors:0
rt:3.45,through:43.13,tt:0.35,num_interact:651,Intrvl:15,num_users:411,errors:0
rt:2.49,through:39.33,tt:0.32,num_interact:590,Intrvl:15,num_users:352,errors:0
rt:2.42,through:43.6,tt:0.34,num_interact:655,Intrvl:15,num_users:376,errors:0
rt:3.02,through:41.13,tt:0.34,num_interact:617,Intrvl:15,num_users:403,errors:0
rt:2.99,through:41.8,tt:0.34,num_interact:627,Intrvl:15,num_users:381,errors:0
rt:2.99,through:41,tt:0.34,num_interact:615,Intrvl:15,num_users:403,errors:0
rt:3.2,through:41.87,tt:0.36,num_interact:628,Intrvl:15,num_users:390,errors:0
rt:2.68,through:43.87,tt:0.36,num_interact:663,Intrvl:15,num_users:378,errors:0
rt:2.07,through:38.4,tt:0.35,num_interact:576,Intrvl:15,num_users:345,errors:0
rt:2.06,through:40.33,tt:0.37,num_interact:605,Intrvl:15,num_users:342,errors:0
rt:2.88,through:42,tt:0.37,num_interact:630,Intrvl:15,num_users:409,errors:0
rt:4.56,through:46.47,tt:0.34,num_interact:697,Intrvl:15,num_users:456,errors:0
rt:2.48,through:42.27,tt:0.35,num_interact:634,Intrvl:15,num_users:362,errors:0
rt:2.83,through:43.07,tt:0.33,num_interact:646,Intrvl:15,num_users:408,errors:0
rt:2.83,through:39.8,tt:0.32,num_interact:597,Intrvl:15,num_users:368,errors:0
rt:3.7,through:41.13,tt:0.39,num_interact:631,Intrvl:15,num_users:435,errors:0
rt:3.13,through:41.47,tt:0.36,num_interact:622,Intrvl:15,num_users:397,errors:0
rt:3.12,through:41.8,tt:0.33,num_interact:627,Intrvl:15,num_users:385,errors:0
rt:2.05,through:39.07,tt:0.36,num_interact:586,Intrvl:15,num_users:343,errors:0
rt:3.07,through:43.4,tt:0.36,num_interact:651,Intrvl:15,num_users:415,errors:0
rt:3.47,through:43.53,tt:0.34,num_interact:653,Intrvl:15,num_users:423,errors:0
rt:3.49,through:37.47,tt:0.33,num_interact:564,Intrvl:15,num_users:394,errors:0
rt:2.54,through:43.47,tt:0.33,num_interact:652,Intrvl:15,num_users:363,errors:0
rt:2.12,through:39.13,tt:0.35,num_interact:587,Intrvl:15,num_users:343,errors:0
rt:2.14,through:44.67,tt:0.34,num_interact:670,Intrvl:15,num_users:361,errors:0
rt:2.79,through:42.67,tt:0.37,num_interact:640,Intrvl:15,num_users:394,errors:7
rt:5.14,through:36.8,tt:0.38,num_interact:552,Intrvl:15,num_users:474,errors:0
rt:4.04,through:45.13,tt:0.33,num_interact:677,Intrvl:15,num_users:407,errors:0
rt:2.11,through:44.8,tt:0.34,num_interact:672,Intrvl:15,num_users:362,errors:0
rt:3.05,through:44.2,tt:0.37,num_interact:663,Intrvl:15,num_users:416,errors:0
rt:3.85,through:43.13,tt:0.36,num_interact:647,Intrvl:15,num_users:415,errors:0
rt:3.07,through:47.4,tt:0.37,num_interact:711,Intrvl:15,num_users:401,errors:0
rt:3.45,through:42.2,tt:0.38,num_interact:633,Intrvl:15,num_users:443,errors:0
rt:2.66,through:46.33,tt:0.33,num_interact:719,Intrvl:15,num_users:371,errors:0
rt:3,through:51.47,tt:0.34,num_interact:772,Intrvl:15,num_users:407,errors:0
rt:2.76,through:42.67,tt:0.35,num_interact:640,Intrvl:15,num_users:387,errors:0
rt:3.16,through:58.93,tt:0.36,num_interact:884,Intrvl:15,num_users:403,errors:0
rt:2.61,through:43.87,tt:0.36,num_interact:658,Intrvl:15,num_users:380,errors:0
rt:3.29,through:54.93,tt:0.34,num_interact:862,Intrvl:15,num_users:408,errors:0
rt:2.83,through:43.87,tt:0.34,num_interact:661,Intrvl:15,num_users:392,errors:0
rt:3.12,through:47.47,tt:0.35,num_interact:712,Intrvl:15,num_users:408,errors:0
Terminating EBs...
EB TPCW Broswing Mix EB #65commiting suicide!
EB TPCW Broswing Mix EB #15489commiting suicide!
EB TPCW Broswing Mix EB #15777commiting suicide!
EB TPCW Broswing Mix EB #220commiting suicide!
EB TPCW Broswing Mix EB #15717commiting suicide!
EB TPCW Broswing Mix EB #198commiting suicide!
EB TPCW Broswing Mix EB #298commiting suicide!
EB TPCW Broswing Mix EB #15799commiting suicide!
EB TPCW Broswing Mix EB #15778commiting suicide!
EB TPCW Broswing Mix EB #211commiting suicide!
EB TPCW Broswing Mix EB #15504commiting suicide!
EB TPCW Broswing Mix EB #15715commiting suicide!
EB TPCW Broswing Mix EB #184commiting suicide!
EB TPCW Broswing Mix EB #86commiting suicide!
EB TPCW Broswing Mix EB #1043commiting suicide!
EB TPCW Broswing Mix EB #233commiting suicide!
EB TPCW Broswing Mix EB #15493commiting suicide!
EB TPCW Broswing Mix EB #15624commiting suicide!
EB TPCW Broswing Mix EB #15776commiting suicide!
EB TPCW Broswing Mix EB #265commiting suicide!
EB TPCW Broswing Mix EB #15797commiting suicide!
EB TPCW Broswing Mix EB #187commiting suicide!
EB TPCW Broswing Mix EB #153commiting suicide!
EB TPCW Broswing Mix EB #15807commiting suicide!
EB TPCW Broswing Mix EB #15775commiting suicide!
EB TPCW Broswing Mix EB #15490commiting suicide!
EB TPCW Broswing Mix EB #263commiting suicide!
EB TPCW Broswing Mix EB #15499commiting suicide!
EB TPCW Broswing Mix EB #272commiting suicide!
EB TPCW Broswing Mix EB #314commiting suicide!
EB TPCW Broswing Mix EB #15800commiting suicide!
EB TPCW Broswing Mix EB #152commiting suicide!
EB TPCW Broswing Mix EB #171commiting suicide!
EB TPCW Broswing Mix EB #15804commiting suicide!
EB TPCW Broswing Mix EB #227commiting suicide!
EB TPCW Broswing Mix EB #260commiting suicide!
EB TPCW Broswing Mix EB #22commiting suicide!
EB TPCW Broswing Mix EB #15625commiting suicide!
EB TPCW Broswing Mix EB #266commiting suicide!
EB TPCW Broswing Mix EB #15503commiting suicide!
EB TPCW Broswing Mix EB #125commiting suicide!
EB TPCW Broswing Mix EB #15619commiting suicide!
EB TPCW Broswing Mix EB #15488commiting suicide!
EB TPCW Broswing Mix EB #72commiting suicide!
EB TPCW Broswing Mix EB #234commiting suicide!
EB TPCW Broswing Mix EB #54commiting suicide!
EB TPCW Broswing Mix EB #110commiting suicide!
EB TPCW Broswing Mix EB #15771commiting suicide!
EB TPCW Broswing Mix EB #15716commiting suicide!
EB TPCW Broswing Mix EB #217commiting suicide!
EB TPCW Broswing Mix EB #24commiting suicide!
EB TPCW Broswing Mix EB #15620commiting suicide!
EB TPCW Broswing Mix EB #15621commiting suicide!
EB TPCW Broswing Mix EB #105commiting suicide!
EB TPCW Broswing Mix EB #200commiting suicide!
EB TPCW Broswing Mix EB #1047commiting suicide!
EB TPCW Broswing Mix EB #15798commiting suicide!
EB TPCW Broswing Mix EB #237commiting suicide!
EB TPCW Broswing Mix EB #193commiting suicide!
EB TPCW Broswing Mix EB #120commiting suicide!
EB TPCW Broswing Mix EB #132commiting suicide!
EB TPCW Broswing Mix EB #236commiting suicide!
EB TPCW Broswing Mix EB #15772commiting suicide!
EB TPCW Broswing Mix EB #28commiting suicide!
EB TPCW Broswing Mix EB #231commiting suicide!
EB TPCW Broswing Mix EB #15795commiting suicide!
EB TPCW Broswing Mix EB #15809commiting suicide!
EB TPCW Broswing Mix EB #275commiting suicide!
EB TPCW Broswing Mix EB #15769commiting suicide!
EB TPCW Broswing Mix EB #15497commiting suicide!
EB TPCW Broswing Mix EB #15491commiting suicide!
EB TPCW Broswing Mix EB #183commiting suicide!
EB TPCW Broswing Mix EB #67commiting suicide!
EB TPCW Broswing Mix EB #15626commiting suicide!
EB TPCW Broswing Mix EB #15181commiting suicide!
EB TPCW Broswing Mix EB #139commiting suicide!
EB TPCW Broswing Mix EB #162commiting suicide!
EB TPCW Broswing Mix EB #230commiting suicide!
EB TPCW Broswing Mix EB #15500commiting suicide!
EB TPCW Broswing Mix EB #15773commiting suicide!
EB TPCW Broswing Mix EB #15718commiting suicide!
EB TPCW Broswing Mix EB #15494commiting suicide!
EB TPCW Broswing Mix EB #15723commiting suicide!
EB TPCW Broswing Mix EB #137commiting suicide!
EB TPCW Broswing Mix EB #246commiting suicide!
EB TPCW Broswing Mix EB #58commiting suicide!
EB TPCW Broswing Mix EB #192commiting suicide!
EB TPCW Broswing Mix EB #222commiting suicide!
EB TPCW Broswing Mix EB #269commiting suicide!
EB TPCW Broswing Mix EB #15719commiting suicide!
EB TPCW Broswing Mix EB #191commiting suicide!
EB TPCW Broswing Mix EB #15622commiting suicide!
EB TPCW Broswing Mix EB #15810commiting suicide!
EB TPCW Broswing Mix EB #15805commiting suicide!
EB TPCW Broswing Mix EB #15803commiting suicide!
EB TPCW Broswing Mix EB #15720commiting suicide!
EB TPCW Broswing Mix EB #225commiting suicide!
EB TPCW Broswing Mix EB #316commiting suicide!
EB TPCW Broswing Mix EB #36commiting suicide!
EB TPCW Broswing Mix EB #15492commiting suicide!
EB TPCW Broswing Mix EB #91commiting suicide!
EB TPCW Broswing Mix EB #15767commiting suicide!
EB TPCW Broswing Mix EB #15498commiting suicide!
EB TPCW Broswing Mix EB #15627commiting suicide!
EB TPCW Broswing Mix EB #170commiting suicide!
EB TPCW Broswing Mix EB #121commiting suicide!
EB TPCW Broswing Mix EB #199commiting suicide!
EB TPCW Broswing Mix EB #304commiting suicide!
EB TPCW Broswing Mix EB #201commiting suicide!
EB TPCW Broswing Mix EB #15806commiting suicide!
EB TPCW Broswing Mix EB #186commiting suicide!
EB TPCW Broswing Mix EB #292commiting suicide!
EB TPCW Broswing Mix EB #219commiting suicide!
EB TPCW Broswing Mix EB #288commiting suicide!
EB TPCW Broswing Mix EB #15623commiting suicide!
EB TPCW Broswing Mix EB #168commiting suicide!
EB TPCW Broswing Mix EB #50commiting suicide!
EB TPCW Broswing Mix EB #293commiting suicide!
EB TPCW Broswing Mix EB #15774commiting suicide!
EB TPCW Broswing Mix EB #15501commiting suicide!
EB TPCW Broswing Mix EB #60commiting suicide!
EB TPCW Broswing Mix EB #218commiting suicide!
EB TPCW Broswing Mix EB #114commiting suicide!
EB TPCW Broswing Mix EB #289commiting suicide!
EB TPCW Broswing Mix EB #15496commiting suicide!
EB TPCW Broswing Mix EB #190commiting suicide!
EB TPCW Broswing Mix EB #15796commiting suicide!
EB TPCW Broswing Mix EB #15770commiting suicide!
EB TPCW Broswing Mix EB #15721commiting suicide!
EB TPCW Broswing Mix EB #308commiting suicide!
EB TPCW Broswing Mix EB #71commiting suicide!
EB TPCW Broswing Mix EB #306commiting suicide!
EB TPCW Broswing Mix EB #82commiting suicide!
EB TPCW Broswing Mix EB #15506commiting suicide!
EB TPCW Broswing Mix EB #249commiting suicide!
EB TPCW Broswing Mix EB #205commiting suicide!
EB TPCW Broswing Mix EB #164commiting suicide!
EB TPCW Broswing Mix EB #319commiting suicide!
EB TPCW Broswing Mix EB #15722commiting suicide!
EB TPCW Broswing Mix EB #276commiting suicide!
EB TPCW Broswing Mix EB #15768commiting suicide!
EB TPCW Broswing Mix EB #15802commiting suicide!
EB TPCW Broswing Mix EB #195commiting suicide!
EB TPCW Broswing Mix EB #254commiting suicide!
EB TPCW Broswing Mix EB #15502commiting suicide!
EB TPCW Broswing Mix EB #212commiting suicide!
EB TPCW Broswing Mix EB #135commiting suicide!
EB TPCW Broswing Mix EB #15495commiting suicide!
EB TPCW Broswing Mix EB #15808commiting suicide!
EB TPCW Broswing Mix EB #216commiting suicide!
EB TPCW Broswing Mix EB #206commiting suicide!
EB TPCW Broswing Mix EB #15505commiting suicide!
EB TPCW Broswing Mix EB #15801commiting suicide!
EBs finished.
Really finishing RBE!.
