Remote Browser Emulator for TPC-W.
  ECE 902  Fall '99
  Version 1.5
System's current path is /root/loadtest
rt:0.15,through:1.87,tt:0.38,num_interact:28,Intrvl:15,num_users:1,errors:0
rt:1.26,through:11.53,tt:0.37,num_interact:173,Intrvl:15,num_users:20,errors:0
rt:5.39,through:10.67,tt:0.4,num_interact:160,Intrvl:15,num_users:80,errors:0
rt:7.27,through:12.67,tt:0.38,num_interact:190,Intrvl:15,num_users:120,errors:0
rt:9.42,through:12.47,tt:0.37,num_interact:187,Intrvl:15,num_users:180,errors:0
rt:14.13,through:12.6,tt:0.41,num_interact:189,Intrvl:15,num_users:240,errors:0
rt:17.74,through:12.67,tt:0.36,num_interact:190,Intrvl:15,num_users:280,errors:0
rt:19.17,through:12.4,tt:0.37,num_interact:186,Intrvl:15,num_users:310,errors:0
rt:23.3,through:13.13,tt:0.34,num_interact:197,Intrvl:15,num_users:360,errors:0
rt:26.09,through:12.53,tt:0.41,num_interact:188,Intrvl:15,num_users:390,errors:0
rt:27.74,through:12.6,tt:0.42,num_interact:189,Intrvl:15,num_users:413,errors:0
rt:30.66,through:12.87,tt:0.38,num_interact:193,Intrvl:15,num_users:486,errors:0
rt:33.11,through:12,tt:0.31,num_interact:180,Intrvl:15,num_users:421,errors:0
rt:34.75,through:7.33,tt:0.38,num_interact:110,Intrvl:15,num_users:342,errors:0
rt:36.74,through:10,tt:0.34,num_interact:150,Intrvl:15,num_users:322,errors:0
rt:33.67,through:11.2,tt:0.35,num_interact:168,Intrvl:15,num_users:403,errors:0
rt:30.15,through:12.8,tt:0.37,num_interact:192,Intrvl:15,num_users:405,errors:0
rt:32.1,through:12.13,tt:0.39,num_interact:183,Intrvl:15,num_users:417,errors:0
rt:30.07,through:12.67,tt:0.41,num_interact:190,Intrvl:15,num_users:406,errors:0
rt:33.19,through:11,tt:0.36,num_interact:165,Intrvl:15,num_users:351,errors:0
rt:32.02,through:11.53,tt:0.44,num_interact:173,Intrvl:15,num_users:434,errors:0
rt:30.18,through:10.87,tt:0.37,num_interact:163,Intrvl:15,num_users:343,errors:0
rt:32.87,through:9.4,tt:0.39,num_interact:141,Intrvl:15,num_users:417,errors:0
rt:33.42,through:11.27,tt:0.34,num_interact:169,Intrvl:15,num_users:424,errors:0
rt:34.36,through:12.93,tt:0.4,num_interact:194,Intrvl:15,num_users:424,errors:0
rt:34.12,through:12.33,tt:0.35,num_interact:185,Intrvl:15,num_users:414,errors:0
rt:32.06,through:12.53,tt:0.35,num_interact:188,Intrvl:15,num_users:501,errors:0
rt:32.75,through:11.2,tt:0.39,num_interact:168,Intrvl:15,num_users:407,errors:0
rt:38.18,through:9.4,tt:0.39,num_interact:141,Intrvl:15,num_users:438,errors:0
rt:38.25,through:11.4,tt:0.35,num_interact:171,Intrvl:15,num_users:480,errors:0
rt:37,through:12.8,tt:0.42,num_interact:192,Intrvl:15,num_users:444,errors:0
rt:37.17,through:10.87,tt:0.4,num_interact:163,Intrvl:15,num_users:482,errors:0
rt:38.45,through:12,tt:0.33,num_interact:180,Intrvl:15,num_users:475,errors:0
rt:39.21,through:10.73,tt:0.38,num_interact:161,Intrvl:15,num_users:452,errors:0
rt:37.4,through:12.33,tt:0.39,num_interact:185,Intrvl:15,num_users:440,errors:0
rt:37.14,through:12,tt:0.35,num_interact:180,Intrvl:15,num_users:445,errors:0
rt:37.03,through:12.47,tt:0.36,num_interact:188,Intrvl:15,num_users:508,errors:0
rt:36.14,through:11.67,tt:0.35,num_interact:175,Intrvl:15,num_users:426,errors:0
rt:37.15,through:8.73,tt:0.37,num_interact:131,Intrvl:15,num_users:455,errors:0
rt:39.23,through:12.2,tt:0.32,num_interact:183,Intrvl:15,num_users:435,errors:0
rt:39.12,through:12.2,tt:0.34,num_interact:183,Intrvl:15,num_users:463,errors:0
rt:36.08,through:12.13,tt:0.35,num_interact:182,Intrvl:15,num_users:444,errors:0
rt:35.35,through:10.4,tt:0.33,num_interact:156,Intrvl:15,num_users:412,errors:0
rt:36.53,through:11.87,tt:0.39,num_interact:178,Intrvl:15,num_users:419,errors:0
rt:36.18,through:11.8,tt:0.38,num_interact:177,Intrvl:15,num_users:409,errors:0
rt:34.46,through:12.53,tt:0.36,num_interact:188,Intrvl:15,num_users:427,errors:0
rt:32.87,through:12.47,tt:0.34,num_interact:187,Intrvl:15,num_users:416,errors:0
rt:32.52,through:12.47,tt:0.31,num_interact:187,Intrvl:15,num_users:448,errors:0
rt:33.77,through:12.4,tt:0.36,num_interact:186,Intrvl:15,num_users:456,errors:0
rt:35.56,through:12.4,tt:0.34,num_interact:186,Intrvl:15,num_users:482,errors:0
rt:34.38,through:13.07,tt:0.35,num_interact:196,Intrvl:15,num_users:465,errors:0
rt:36.33,through:12,tt:0.33,num_interact:180,Intrvl:15,num_users:472,errors:0
rt:37.28,through:12,tt:0.31,num_interact:180,Intrvl:15,num_users:454,errors:0
rt:38.49,through:11.13,tt:0.37,num_interact:167,Intrvl:15,num_users:417,errors:0
rt:36.62,through:11.53,tt:0.39,num_interact:173,Intrvl:15,num_users:490,errors:0
rt:35.04,through:12.27,tt:0.33,num_interact:184,Intrvl:15,num_users:473,errors:0
rt:38.92,through:10.87,tt:0.38,num_interact:163,Intrvl:15,num_users:449,errors:0
rt:37.56,through:12.07,tt:0.36,num_interact:181,Intrvl:15,num_users:434,errors:0
rt:37.55,through:11.07,tt:0.34,num_interact:166,Intrvl:15,num_users:407,errors:0
rt:35.06,through:11.93,tt:0.38,num_interact:179,Intrvl:15,num_users:472,errors:0
rt:34.94,through:12.47,tt:0.34,num_interact:187,Intrvl:15,num_users:463,errors:0
rt:37.44,through:8.07,tt:0.38,num_interact:121,Intrvl:15,num_users:371,errors:0
rt:37.56,through:11.93,tt:0.39,num_interact:179,Intrvl:15,num_users:454,errors:11
rt:30.87,through:12.27,tt:0.34,num_interact:184,Intrvl:15,num_users:419,errors:1
rt:21.98,through:23.13,tt:0.35,num_interact:347,Intrvl:15,num_users:435,errors:0
rt:20.57,through:24.67,tt:0.38,num_interact:370,Intrvl:15,num_users:483,errors:0
rt:18.66,through:24.93,tt:0.35,num_interact:375,Intrvl:15,num_users:486,errors:0
rt:16.97,through:21.6,tt:0.34,num_interact:324,Intrvl:15,num_users:400,errors:0
rt:17.51,through:23.53,tt:0.35,num_interact:354,Intrvl:15,num_users:419,errors:0
rt:16.32,through:25.4,tt:0.35,num_interact:381,Intrvl:15,num_users:414,errors:0
rt:16.11,through:24.27,tt:0.37,num_interact:364,Intrvl:15,num_users:370,errors:0
rt:16.1,through:23.87,tt:0.35,num_interact:358,Intrvl:15,num_users:466,errors:0
rt:16.08,through:25.27,tt:0.36,num_interact:379,Intrvl:15,num_users:466,errors:0
rt:18.44,through:25.53,tt:0.37,num_interact:383,Intrvl:15,num_users:459,errors:0
rt:17.75,through:24.67,tt:0.35,num_interact:371,Intrvl:15,num_users:445,errors:0
rt:16.93,through:24.2,tt:0.36,num_interact:363,Intrvl:15,num_users:421,errors:0
rt:17.25,through:24.93,tt:0.34,num_interact:374,Intrvl:15,num_users:438,errors:0
rt:17.06,through:25.93,tt:0.36,num_interact:389,Intrvl:15,num_users:438,errors:0
rt:16.75,through:24.2,tt:0.35,num_interact:363,Intrvl:15,num_users:423,errors:0
rt:15.69,through:26.13,tt:0.36,num_interact:392,Intrvl:15,num_users:437,errors:0
rt:17.35,through:24.4,tt:0.34,num_interact:366,Intrvl:15,num_users:419,errors:0
rt:16.79,through:25.2,tt:0.35,num_interact:378,Intrvl:15,num_users:463,errors:0
rt:17.1,through:22.6,tt:0.33,num_interact:339,Intrvl:15,num_users:379,errors:0
rt:16.54,through:23.73,tt:0.38,num_interact:356,Intrvl:15,num_users:498,errors:0
rt:18.39,through:25.07,tt:0.36,num_interact:376,Intrvl:15,num_users:514,errors:0
rt:19.04,through:25.33,tt:0.37,num_interact:380,Intrvl:15,num_users:497,errors:0
rt:20.2,through:23.93,tt:0.35,num_interact:359,Intrvl:15,num_users:480,errors:0
rt:17.62,through:23.53,tt:0.34,num_interact:355,Intrvl:15,num_users:400,errors:0
rt:17.66,through:23.67,tt:0.37,num_interact:355,Intrvl:15,num_users:470,errors:0
rt:17.98,through:22.53,tt:0.33,num_interact:338,Intrvl:15,num_users:403,errors:0
rt:16.94,through:24.47,tt:0.32,num_interact:367,Intrvl:15,num_users:546,errors:0
rt:17.63,through:20.2,tt:0.36,num_interact:303,Intrvl:15,num_users:410,errors:0
rt:19.46,through:22.73,tt:0.37,num_interact:341,Intrvl:15,num_users:463,errors:0
rt:17.75,through:23.4,tt:0.38,num_interact:351,Intrvl:15,num_users:417,errors:0
rt:17.69,through:25.73,tt:0.36,num_interact:386,Intrvl:15,num_users:447,errors:0
rt:17.25,through:25.33,tt:0.32,num_interact:385,Intrvl:15,num_users:455,errors:0
rt:17.84,through:26.87,tt:0.36,num_interact:403,Intrvl:15,num_users:521,errors:0
rt:18.62,through:24.87,tt:0.38,num_interact:373,Intrvl:15,num_users:484,errors:0
rt:19,through:24.27,tt:0.35,num_interact:385,Intrvl:15,num_users:521,errors:0
rt:19.56,through:22.33,tt:0.37,num_interact:335,Intrvl:15,num_users:438,errors:0
rt:18.44,through:23.2,tt:0.38,num_interact:370,Intrvl:15,num_users:433,errors:0
rt:17.53,through:25.2,tt:0.34,num_interact:378,Intrvl:15,num_users:452,errors:0
rt:17.98,through:24.93,tt:0.35,num_interact:374,Intrvl:15,num_users:496,errors:0
rt:18.08,through:25.73,tt:0.38,num_interact:386,Intrvl:15,num_users:507,errors:0
rt:19.03,through:23.8,tt:0.35,num_interact:357,Intrvl:15,num_users:458,errors:0
rt:18.78,through:23.4,tt:0.34,num_interact:351,Intrvl:15,num_users:421,errors:0
rt:17.21,through:24.47,tt:0.32,num_interact:367,Intrvl:15,num_users:424,errors:0
rt:16.69,through:25.27,tt:0.37,num_interact:379,Intrvl:15,num_users:431,errors:0
rt:15.53,through:25.27,tt:0.34,num_interact:379,Intrvl:15,num_users:417,errors:0
rt:16.76,through:25.27,tt:0.37,num_interact:379,Intrvl:15,num_users:468,errors:0
rt:18.14,through:25.53,tt:0.36,num_interact:383,Intrvl:15,num_users:470,errors:0
rt:18.83,through:24.73,tt:0.35,num_interact:371,Intrvl:15,num_users:508,errors:0
rt:19.45,through:23.53,tt:0.33,num_interact:353,Intrvl:15,num_users:486,errors:0
rt:19.18,through:25.27,tt:0.35,num_interact:379,Intrvl:15,num_users:473,errors:0
rt:18.83,through:24.73,tt:0.35,num_interact:371,Intrvl:15,num_users:490,errors:0
rt:18.71,through:23.93,tt:0.36,num_interact:359,Intrvl:15,num_users:442,errors:0
rt:17.42,through:23.93,tt:0.32,num_interact:359,Intrvl:15,num_users:424,errors:0
rt:17.61,through:25,tt:0.38,num_interact:375,Intrvl:15,num_users:482,errors:0
rt:17.48,through:24.93,tt:0.35,num_interact:374,Intrvl:15,num_users:461,errors:0
rt:18.04,through:25.07,tt:0.35,num_interact:376,Intrvl:15,num_users:490,errors:0
rt:19.03,through:25.67,tt:0.35,num_interact:385,Intrvl:15,num_users:505,errors:0
rt:18.84,through:25,tt:0.33,num_interact:375,Intrvl:15,num_users:482,errors:0
rt:18.85,through:26.67,tt:0.35,num_interact:400,Intrvl:15,num_users:508,errors:3
rt:21.32,through:22.07,tt:0.36,num_interact:331,Intrvl:15,num_users:515,errors:0
rt:19.65,through:29.6,tt:0.34,num_interact:444,Intrvl:15,num_users:482,errors:0
rt:15.74,through:28.8,tt:0.32,num_interact:432,Intrvl:15,num_users:444,errors:0
rt:13.82,through:31,tt:0.34,num_interact:465,Intrvl:15,num_users:433,errors:0
rt:11.36,through:29.8,tt:0.36,num_interact:447,Intrvl:15,num_users:403,errors:0
rt:10.79,through:33.4,tt:0.37,num_interact:506,Intrvl:15,num_users:463,errors:0
rt:12.34,through:26.33,tt:0.38,num_interact:395,Intrvl:15,num_users:444,errors:0
rt:16.39,through:25.93,tt:0.35,num_interact:389,Intrvl:15,num_users:454,errors:5
rt:16.65,through:24.2,tt:0.34,num_interact:363,Intrvl:15,num_users:452,errors:0
rt:18.24,through:22,tt:0.33,num_interact:330,Intrvl:15,num_users:402,errors:11
rt:18.03,through:23.8,tt:0.37,num_interact:357,Intrvl:15,num_users:500,errors:0
rt:17.89,through:24.73,tt:0.38,num_interact:371,Intrvl:15,num_users:479,errors:13
rt:18.07,through:23.67,tt:0.36,num_interact:355,Intrvl:15,num_users:491,errors:1
rt:19.28,through:26.67,tt:0.35,num_interact:400,Intrvl:15,num_users:483,errors:23
rt:21.29,through:19.73,tt:0.35,num_interact:298,Intrvl:15,num_users:519,errors:0
rt:18.75,through:27.8,tt:0.35,num_interact:417,Intrvl:15,num_users:514,errors:18
rt:22.19,through:22.13,tt:0.39,num_interact:332,Intrvl:15,num_users:518,errors:0
rt:19.45,through:24.73,tt:0.34,num_interact:371,Intrvl:15,num_users:543,errors:18
rt:23.21,through:22.33,tt:0.37,num_interact:335,Intrvl:15,num_users:487,errors:4
rt:19.55,through:24,tt:0.33,num_interact:360,Intrvl:15,num_users:476,errors:0
rt:19.89,through:21.73,tt:0.35,num_interact:326,Intrvl:15,num_users:413,errors:15
rt:18.24,through:22.6,tt:0.38,num_interact:339,Intrvl:15,num_users:483,errors:0
rt:17.19,through:25.8,tt:0.36,num_interact:387,Intrvl:15,num_users:480,errors:16
rt:20.06,through:21.73,tt:0.37,num_interact:326,Intrvl:15,num_users:435,errors:1
rt:16.87,through:25.33,tt:0.37,num_interact:380,Intrvl:15,num_users:482,errors:22
rt:21.18,through:21.13,tt:0.37,num_interact:317,Intrvl:15,num_users:521,errors:0
rt:19.19,through:24.53,tt:0.34,num_interact:368,Intrvl:15,num_users:444,errors:12
rt:20.42,through:22,tt:0.36,num_interact:330,Intrvl:15,num_users:510,errors:7
rt:19.69,through:22.13,tt:0.34,num_interact:332,Intrvl:15,num_users:447,errors:13
rt:18.23,through:25,tt:0.37,num_interact:375,Intrvl:15,num_users:459,errors:12
rt:14.16,through:31.6,tt:0.33,num_interact:474,Intrvl:15,num_users:442,errors:0
rt:13.32,through:33.07,tt:0.35,num_interact:496,Intrvl:15,num_users:392,errors:10
rt:14.06,through:29.73,tt:0.37,num_interact:446,Intrvl:15,num_users:535,errors:0
rt:16.25,through:31.47,tt:0.34,num_interact:473,Intrvl:15,num_users:482,errors:18
rt:13.14,through:35.47,tt:0.35,num_interact:545,Intrvl:15,num_users:490,errors:0
rt:15.22,through:34.93,tt:0.39,num_interact:524,Intrvl:15,num_users:501,errors:24
rt:14.63,through:36.33,tt:0.33,num_interact:555,Intrvl:15,num_users:522,errors:0
rt:16.18,through:31.93,tt:0.33,num_interact:479,Intrvl:15,num_users:505,errors:14
rt:14.19,through:35.93,tt:0.34,num_interact:539,Intrvl:15,num_users:455,errors:1
rt:13.55,through:33.6,tt:0.33,num_interact:512,Intrvl:15,num_users:452,errors:12
rt:14.15,through:32.8,tt:0.36,num_interact:492,Intrvl:15,num_users:522,errors:0
rt:15.52,through:31.27,tt:0.37,num_interact:469,Intrvl:15,num_users:472,errors:10
rt:12.95,through:34.47,tt:0.36,num_interact:517,Intrvl:15,num_users:442,errors:0
rt:14.72,through:29,tt:0.41,num_interact:435,Intrvl:15,num_users:552,errors:14
rt:16.82,through:31.33,tt:0.36,num_interact:470,Intrvl:15,num_users:538,errors:0
rt:14.61,through:33.33,tt:0.34,num_interact:500,Intrvl:15,num_users:465,errors:12
rt:12.67,through:34.8,tt:0.32,num_interact:523,Intrvl:15,num_users:470,errors:0
rt:16.39,through:31.47,tt:0.38,num_interact:495,Intrvl:15,num_users:483,errors:6
rt:11.74,through:35.73,tt:0.35,num_interact:536,Intrvl:15,num_users:456,errors:0
rt:13.65,through:34.4,tt:0.34,num_interact:516,Intrvl:15,num_users:434,errors:17
rt:11.77,through:30,tt:0.35,num_interact:450,Intrvl:15,num_users:469,errors:0
rt:14.81,through:34.93,tt:0.38,num_interact:524,Intrvl:15,num_users:487,errors:11
rt:13.2,through:31.13,tt:0.37,num_interact:467,Intrvl:15,num_users:477,errors:0
rt:14.18,through:31.07,tt:0.35,num_interact:470,Intrvl:15,num_users:414,errors:23
rt:12.53,through:32.2,tt:0.35,num_interact:483,Intrvl:15,num_users:500,errors:0
rt:13.98,through:31.6,tt:0.34,num_interact:474,Intrvl:15,num_users:475,errors:20
rt:14.43,through:39.93,tt:0.35,num_interact:599,Intrvl:15,num_users:524,errors:1
rt:15.41,through:34.33,tt:0.31,num_interact:515,Intrvl:15,num_users:480,errors:25
rt:14.25,through:30.07,tt:0.36,num_interact:451,Intrvl:15,num_users:479,errors:0
rt:13.17,through:30.47,tt:0.37,num_interact:457,Intrvl:15,num_users:409,errors:14
rt:12.83,through:31.73,tt:0.39,num_interact:476,Intrvl:15,num_users:490,errors:0
rt:14,through:32.4,tt:0.37,num_interact:486,Intrvl:15,num_users:468,errors:15
rt:14.11,through:31.8,tt:0.36,num_interact:477,Intrvl:15,num_users:477,errors:1
rt:14.3,through:35.6,tt:0.38,num_interact:540,Intrvl:15,num_users:543,errors:21
rt:17.25,through:30.47,tt:0.37,num_interact:457,Intrvl:15,num_users:455,errors:2
rt:11.8,through:31.33,tt:0.35,num_interact:470,Intrvl:15,num_users:423,errors:18
rt:12.98,through:31.67,tt:0.34,num_interact:475,Intrvl:15,num_users:455,errors:5
rt:13.82,through:32.27,tt:0.34,num_interact:484,Intrvl:15,num_users:503,errors:7
rt:14.45,through:32.6,tt:0.33,num_interact:489,Intrvl:15,num_users:477,errors:12
rt:13.74,through:31.87,tt:0.34,num_interact:478,Intrvl:15,num_users:536,errors:12
rt:16.9,through:32.47,tt:0.37,num_interact:487,Intrvl:15,num_users:494,errors:19
rt:13.84,through:31.47,tt:0.35,num_interact:472,Intrvl:15,num_users:496,errors:0
rt:16.09,through:32.2,tt:0.37,num_interact:484,Intrvl:15,num_users:526,errors:25
rt:16.61,through:33.13,tt:0.34,num_interact:497,Intrvl:15,num_users:591,errors:0
rt:17.31,through:30.47,tt:0.38,num_interact:490,Intrvl:15,num_users:482,errors:16
rt:13.74,through:38.73,tt:0.36,num_interact:581,Intrvl:15,num_users:521,errors:0
rt:14.87,through:33,tt:0.34,num_interact:495,Intrvl:15,num_users:514,errors:15
rt:15.12,through:33.2,tt:0.33,num_interact:498,Intrvl:15,num_users:539,errors:0
rt:15.09,through:31.87,tt:0.35,num_interact:478,Intrvl:15,num_users:501,errors:19
rt:15.43,through:31,tt:0.34,num_interact:467,Intrvl:15,num_users:490,errors:0
rt:13.16,through:31.87,tt:0.35,num_interact:484,Intrvl:15,num_users:431,errors:13
rt:13.09,through:37.6,tt:0.37,num_interact:564,Intrvl:15,num_users:479,errors:1
rt:14.58,through:33.07,tt:0.34,num_interact:496,Intrvl:15,num_users:508,errors:18
rt:14.77,through:33.93,tt:0.35,num_interact:509,Intrvl:15,num_users:567,errors:1
rt:15.74,through:32.73,tt:0.35,num_interact:491,Intrvl:15,num_users:504,errors:17
rt:14.5,through:33.4,tt:0.35,num_interact:506,Intrvl:15,num_users:508,errors:0
rt:14.79,through:32.13,tt:0.38,num_interact:482,Intrvl:15,num_users:536,errors:18
rt:14.91,through:34.27,tt:0.36,num_interact:514,Intrvl:15,num_users:539,errors:1
rt:16.57,through:30.87,tt:0.36,num_interact:463,Intrvl:15,num_users:577,errors:14
rt:18.04,through:33.33,tt:0.36,num_interact:553,Intrvl:15,num_users:584,errors:5
rt:19.12,through:35.6,tt:0.36,num_interact:534,Intrvl:15,num_users:613,errors:12
rt:14.48,through:32.4,tt:0.36,num_interact:490,Intrvl:15,num_users:459,errors:0
rt:16.8,through:29.87,tt:0.35,num_interact:448,Intrvl:15,num_users:652,errors:3
rt:19.67,through:29.47,tt:0.35,num_interact:461,Intrvl:15,num_users:574,errors:6
rt:19.72,through:31,tt:0.36,num_interact:465,Intrvl:15,num_users:546,errors:3
rt:16.87,through:30.4,tt:0.34,num_interact:456,Intrvl:15,num_users:591,errors:0
rt:19.95,through:40.33,tt:0.35,num_interact:605,Intrvl:15,num_users:545,errors:0
rt:14.88,through:32.6,tt:0.32,num_interact:489,Intrvl:15,num_users:536,errors:0
rt:15.01,through:33.2,tt:0.33,num_interact:498,Intrvl:15,num_users:525,errors:2
rt:16.54,through:63.33,tt:0.35,num_interact:950,Intrvl:15,num_users:592,errors:1
rt:20.77,through:32.6,tt:0.33,num_interact:489,Intrvl:15,num_users:539,errors:0
rt:15.48,through:33.93,tt:0.32,num_interact:509,Intrvl:15,num_users:498,errors:0
rt:14.24,through:31.27,tt:0.38,num_interact:469,Intrvl:15,num_users:532,errors:0
rt:15.9,through:31.73,tt:0.35,num_interact:476,Intrvl:15,num_users:578,errors:0
rt:14.93,through:34.13,tt:0.35,num_interact:512,Intrvl:15,num_users:466,errors:0
rt:13.61,through:44.13,tt:0.34,num_interact:800,Intrvl:15,num_users:528,errors:2
rt:17.95,through:93.87,tt:0.35,num_interact:1408,Intrvl:15,num_users:668,errors:7
rt:19.62,through:25.73,tt:0.37,num_interact:386,Intrvl:15,num_users:594,errors:0
rt:19.61,through:26,tt:0.33,num_interact:390,Intrvl:15,num_users:581,errors:0
rt:23.03,through:25.67,tt:0.38,num_interact:385,Intrvl:15,num_users:672,errors:0
rt:24.82,through:30.2,tt:0.36,num_interact:588,Intrvl:15,num_users:658,errors:0
rt:23.96,through:3.87,tt:0.29,num_interact:58,Intrvl:15,num_users:615,errors:0
rt:47.56,through:0.27,tt:0.75,num_interact:4,Intrvl:15,num_users:592,errors:0
rt:469.66,through:14.93,tt:0.35,num_interact:224,Intrvl:15,num_users:531,errors:32
rt:609.67,through:1.6,tt:0.32,num_interact:24,Intrvl:15,num_users:522,errors:3
rt:301.43,through:46.13,tt:0.37,num_interact:692,Intrvl:15,num_users:585,errors:17
rt:77.4,through:20.73,tt:0.35,num_interact:311,Intrvl:15,num_users:610,errors:0
rt:30.73,through:21.47,tt:0.34,num_interact:322,Intrvl:15,num_users:589,errors:0
rt:22.73,through:21.73,tt:0.36,num_interact:326,Intrvl:15,num_users:577,errors:0
rt:25.72,through:16.2,tt:0.33,num_interact:243,Intrvl:15,num_users:557,errors:0
rt:28.52,through:16.6,tt:0.35,num_interact:249,Intrvl:15,num_users:574,errors:0
rt:28.29,through:16.07,tt:0.35,num_interact:241,Intrvl:15,num_users:568,errors:23
rt:33.92,through:15.27,tt:0.34,num_interact:229,Intrvl:15,num_users:566,errors:0
rt:29.13,through:15.93,tt:0.31,num_interact:239,Intrvl:15,num_users:528,errors:15
rt:35.51,through:13.87,tt:0.35,num_interact:208,Intrvl:15,num_users:498,errors:0
rt:28.44,through:16.4,tt:0.34,num_interact:246,Intrvl:15,num_users:507,errors:26
rt:31.33,through:13.4,tt:0.3,num_interact:201,Intrvl:15,num_users:498,errors:7
rt:28.39,through:14.07,tt:0.32,num_interact:211,Intrvl:15,num_users:442,errors:5
rt:27.44,through:15.8,tt:0.37,num_interact:237,Intrvl:15,num_users:491,errors:12
rt:30.74,through:15.73,tt:0.33,num_interact:236,Intrvl:15,num_users:560,errors:0
rt:29.35,through:17.07,tt:0.37,num_interact:256,Intrvl:15,num_users:588,errors:24
rt:36.11,through:13.2,tt:0.38,num_interact:198,Intrvl:15,num_users:505,errors:0
rt:29.45,through:16.2,tt:0.34,num_interact:243,Intrvl:15,num_users:518,errors:17
rt:32.94,through:13.8,tt:0.39,num_interact:207,Intrvl:15,num_users:501,errors:0
rt:31.14,through:15.4,tt:0.34,num_interact:231,Intrvl:15,num_users:461,errors:7
rt:30.55,through:15,tt:0.31,num_interact:225,Intrvl:15,num_users:536,errors:5
rt:31.53,through:14.8,tt:0.4,num_interact:222,Intrvl:15,num_users:522,errors:0
rt:29.91,through:12.13,tt:0.32,num_interact:182,Intrvl:15,num_users:430,errors:14
rt:30.19,through:15.13,tt:0.34,num_interact:227,Intrvl:15,num_users:536,errors:0
rt:28.71,through:15,tt:0.35,num_interact:225,Intrvl:15,num_users:651,errors:17
rt:38.28,through:13.87,tt:0.35,num_interact:208,Intrvl:15,num_users:563,errors:0
rt:31.66,through:16.2,tt:0.39,num_interact:243,Intrvl:15,num_users:623,errors:16
rt:37.47,through:10.2,tt:0.33,num_interact:153,Intrvl:15,num_users:511,errors:3
rt:34.48,through:16.93,tt:0.37,num_interact:254,Intrvl:15,num_users:578,errors:18
rt:32.93,through:10.13,tt:0.39,num_interact:152,Intrvl:15,num_users:529,errors:3
rt:30.46,through:5.2,tt:0.34,num_interact:78,Intrvl:15,num_users:505,errors:0
rt:29.25,through:9.8,tt:0.34,num_interact:147,Intrvl:15,num_users:585,errors:48
rt:44.98,through:9.33,tt:0.33,num_interact:140,Intrvl:15,num_users:466,errors:113
rt:55.39,through:11.6,tt:0.33,num_interact:174,Intrvl:15,num_users:532,errors:57
rt:55.25,through:13,tt:0.43,num_interact:195,Intrvl:15,num_users:542,errors:0
rt:52.3,through:13,tt:0.35,num_interact:195,Intrvl:15,num_users:620,errors:0
rt:45.39,through:12.87,tt:0.37,num_interact:193,Intrvl:15,num_users:552,errors:0
rt:51.12,through:10.6,tt:0.34,num_interact:159,Intrvl:15,num_users:547,errors:0
rt:40.75,through:12.13,tt:0.32,num_interact:182,Intrvl:15,num_users:550,errors:0
rt:43.86,through:11.8,tt:0.33,num_interact:177,Intrvl:15,num_users:508,errors:0
rt:41.35,through:11.67,tt:0.36,num_interact:175,Intrvl:15,num_users:491,errors:0
rt:39.84,through:12,tt:0.35,num_interact:180,Intrvl:15,num_users:617,errors:0
rt:38.67,through:12.8,tt:0.35,num_interact:192,Intrvl:15,num_users:627,errors:3
rt:41.18,through:12.8,tt:0.38,num_interact:192,Intrvl:15,num_users:605,errors:1
rt:44.14,through:12.4,tt:0.38,num_interact:186,Intrvl:15,num_users:668,errors:0
rt:46.66,through:12.13,tt:0.35,num_interact:182,Intrvl:15,num_users:549,errors:4
rt:46.45,through:10.27,tt:0.32,num_interact:154,Intrvl:15,num_users:571,errors:0
rt:44.86,through:11.8,tt:0.36,num_interact:177,Intrvl:15,num_users:584,errors:1
rt:46.85,through:12.6,tt:0.34,num_interact:189,Intrvl:15,num_users:587,errors:0
rt:47.01,through:11.6,tt:0.32,num_interact:174,Intrvl:15,num_users:529,errors:0
rt:43.16,through:11.87,tt:0.38,num_interact:178,Intrvl:15,num_users:556,errors:0
rt:42.92,through:11.93,tt:0.37,num_interact:179,Intrvl:15,num_users:612,errors:0
rt:44.71,through:13.13,tt:0.36,num_interact:197,Intrvl:15,num_users:571,errors:0
rt:44.64,through:12.07,tt:0.38,num_interact:181,Intrvl:15,num_users:571,errors:1
rt:42.61,through:11.4,tt:0.3,num_interact:171,Intrvl:15,num_users:526,errors:0
rt:42.71,through:11.53,tt:0.36,num_interact:173,Intrvl:15,num_users:620,errors:0
rt:45.12,through:12.33,tt:0.37,num_interact:185,Intrvl:15,num_users:679,errors:1
rt:43.19,through:12.27,tt:0.34,num_interact:184,Intrvl:15,num_users:564,errors:0
rt:43.82,through:10.2,tt:0.34,num_interact:153,Intrvl:15,num_users:535,errors:0
rt:44.93,through:10.6,tt:0.35,num_interact:159,Intrvl:15,num_users:606,errors:0
rt:46.37,through:11.93,tt:0.4,num_interact:179,Intrvl:15,num_users:629,errors:0
rt:46.66,through:11.93,tt:0.32,num_interact:179,Intrvl:15,num_users:568,errors:0
rt:45.77,through:11.8,tt:0.37,num_interact:177,Intrvl:15,num_users:659,errors:0
rt:44.16,through:12.4,tt:0.36,num_interact:186,Intrvl:15,num_users:624,errors:0
rt:43.54,through:11.2,tt:0.37,num_interact:168,Intrvl:15,num_users:592,errors:0
rt:47.5,through:12.33,tt:0.34,num_interact:185,Intrvl:15,num_users:616,errors:0
rt:46.61,through:12.27,tt:0.32,num_interact:184,Intrvl:15,num_users:612,errors:0
rt:48.66,through:12.53,tt:0.37,num_interact:188,Intrvl:15,num_users:608,errors:1
rt:44.44,through:12.87,tt:0.34,num_interact:193,Intrvl:15,num_users:617,errors:1
rt:47.94,through:12.8,tt:0.38,num_interact:193,Intrvl:15,num_users:599,errors:0
rt:46.96,through:10.07,tt:0.34,num_interact:151,Intrvl:15,num_users:498,errors:0
rt:44.58,through:10.47,tt:0.36,num_interact:157,Intrvl:15,num_users:564,errors:1
rt:46.11,through:11.4,tt:0.36,num_interact:171,Intrvl:15,num_users:591,errors:0
rt:43.03,through:12.87,tt:0.39,num_interact:193,Intrvl:15,num_users:648,errors:0
rt:45.73,through:10.93,tt:0.36,num_interact:164,Intrvl:15,num_users:531,errors:1
rt:44.31,through:11.47,tt:0.33,num_interact:172,Intrvl:15,num_users:714,errors:4
rt:33.1,through:20.2,tt:0.37,num_interact:303,Intrvl:15,num_users:690,errors:0
rt:29.96,through:23.53,tt:0.38,num_interact:377,Intrvl:15,num_users:641,errors:1
rt:28.19,through:24.87,tt:0.35,num_interact:382,Intrvl:15,num_users:746,errors:0
rt:26.2,through:25,tt:0.36,num_interact:376,Intrvl:15,num_users:703,errors:0
rt:25.85,through:23.27,tt:0.36,num_interact:349,Intrvl:15,num_users:643,errors:0
rt:25.74,through:23.73,tt:0.35,num_interact:383,Intrvl:15,num_users:732,errors:0
rt:27.45,through:22.73,tt:0.37,num_interact:341,Intrvl:15,num_users:634,errors:0
rt:25.4,through:24.67,tt:0.34,num_interact:372,Intrvl:15,num_users:651,errors:1
rt:24.51,through:23.6,tt:0.34,num_interact:354,Intrvl:15,num_users:617,errors:0
rt:23.62,through:26.13,tt:0.37,num_interact:392,Intrvl:15,num_users:650,errors:3
rt:25.63,through:22.4,tt:0.36,num_interact:336,Intrvl:15,num_users:567,errors:0
rt:24.5,through:24.13,tt:0.33,num_interact:362,Intrvl:15,num_users:622,errors:0
rt:23,through:25.87,tt:0.36,num_interact:391,Intrvl:15,num_users:694,errors:1
rt:24.21,through:24.53,tt:0.32,num_interact:370,Intrvl:15,num_users:662,errors:1
rt:24.86,through:24.13,tt:0.34,num_interact:362,Intrvl:15,num_users:591,errors:4
rt:23.85,through:23.07,tt:0.37,num_interact:346,Intrvl:15,num_users:717,errors:2
rt:25.77,through:25.4,tt:0.37,num_interact:381,Intrvl:15,num_users:672,errors:0
rt:24.46,through:25.13,tt:0.34,num_interact:377,Intrvl:15,num_users:648,errors:0
rt:23.81,through:25.13,tt:0.36,num_interact:377,Intrvl:15,num_users:634,errors:0
rt:25.21,through:25.6,tt:0.35,num_interact:384,Intrvl:15,num_users:693,errors:0
rt:24.19,through:24.73,tt:0.38,num_interact:371,Intrvl:15,num_users:742,errors:0
rt:24.36,through:21.93,tt:0.36,num_interact:329,Intrvl:15,num_users:601,errors:0
rt:24.23,through:23.07,tt:0.37,num_interact:350,Intrvl:15,num_users:638,errors:1
rt:25.06,through:26.8,tt:0.35,num_interact:402,Intrvl:15,num_users:700,errors:1
rt:24.37,through:25.87,tt:0.37,num_interact:391,Intrvl:15,num_users:708,errors:0
rt:25.54,through:24.2,tt:0.33,num_interact:363,Intrvl:15,num_users:673,errors:5
rt:25.3,through:24.4,tt:0.34,num_interact:366,Intrvl:15,num_users:648,errors:0
rt:26.25,through:26.87,tt:0.37,num_interact:403,Intrvl:15,num_users:673,errors:1
rt:24.54,through:24.93,tt:0.35,num_interact:374,Intrvl:15,num_users:638,errors:1
rt:24.69,through:25.07,tt:0.34,num_interact:376,Intrvl:15,num_users:675,errors:0
rt:26.1,through:25.2,tt:0.36,num_interact:378,Intrvl:15,num_users:731,errors:3
rt:24.59,through:24.07,tt:0.34,num_interact:361,Intrvl:15,num_users:661,errors:0
rt:25.38,through:24.8,tt:0.35,num_interact:372,Intrvl:15,num_users:742,errors:3
rt:27.02,through:22.8,tt:0.36,num_interact:342,Intrvl:15,num_users:654,errors:0
rt:25.47,through:24.07,tt:0.33,num_interact:370,Intrvl:15,num_users:762,errors:0
rt:28.21,through:24.13,tt:0.33,num_interact:366,Intrvl:15,num_users:708,errors:0
rt:26.27,through:23.6,tt:0.38,num_interact:354,Intrvl:15,num_users:643,errors:1
rt:26.52,through:23.93,tt:0.32,num_interact:373,Intrvl:15,num_users:736,errors:0
rt:27.04,through:24.93,tt:0.38,num_interact:374,Intrvl:15,num_users:753,errors:1
rt:27.46,through:23.53,tt:0.39,num_interact:353,Intrvl:15,num_users:703,errors:0
rt:28.92,through:24.73,tt:0.38,num_interact:371,Intrvl:15,num_users:717,errors:0
rt:26.37,through:26.47,tt:0.34,num_interact:397,Intrvl:15,num_users:655,errors:2
rt:24.58,through:24.8,tt:0.34,num_interact:372,Intrvl:15,num_users:693,errors:0
rt:25.49,through:23.73,tt:0.36,num_interact:356,Intrvl:15,num_users:640,errors:1
rt:26.02,through:24.93,tt:0.35,num_interact:378,Intrvl:15,num_users:665,errors:2
rt:25.67,through:27.4,tt:0.38,num_interact:411,Intrvl:15,num_users:676,errors:2
rt:25.03,through:25.67,tt:0.38,num_interact:385,Intrvl:15,num_users:686,errors:0
rt:25.17,through:25.73,tt:0.36,num_interact:392,Intrvl:15,num_users:710,errors:0
rt:25.35,through:27.73,tt:0.35,num_interact:420,Intrvl:15,num_users:714,errors:0
rt:25.12,through:23,tt:0.36,num_interact:345,Intrvl:15,num_users:636,errors:1
rt:26.77,through:23.73,tt:0.37,num_interact:356,Intrvl:15,num_users:676,errors:1
rt:24.99,through:26.07,tt:0.34,num_interact:391,Intrvl:15,num_users:678,errors:1
rt:25.56,through:25.47,tt:0.34,num_interact:382,Intrvl:15,num_users:711,errors:0
rt:24.65,through:26.13,tt:0.38,num_interact:392,Intrvl:15,num_users:697,errors:0
rt:26.81,through:25,tt:0.34,num_interact:375,Intrvl:15,num_users:741,errors:0
rt:27.36,through:23.2,tt:0.36,num_interact:451,Intrvl:15,num_users:791,errors:0
rt:148.46,through:24.47,tt:0.35,num_interact:704,Intrvl:15,num_users:826,errors:11
rt:1452.47,through:0.27,tt:0.15,num_interact:4,Intrvl:15,num_users:739,errors:0
rt:1475.84,through:0.27,tt:0.35,num_interact:358,Intrvl:15,num_users:676,errors:34
rt:199.92,through:1.07,tt:0.25,num_interact:16,Intrvl:15,num_users:644,errors:0
rt:247.85,through:88.33,tt:0.34,num_interact:1325,Intrvl:15,num_users:672,errors:16
rt:333.1,through:8,tt:0.33,num_interact:120,Intrvl:15,num_users:661,errors:0
rt:325.02,through:7.27,tt:0.35,num_interact:109,Intrvl:15,num_users:602,errors:0
rt:139.16,through:7.8,tt:0.39,num_interact:117,Intrvl:15,num_users:666,errors:0
rt:40.73,through:6.67,tt:0.31,num_interact:100,Intrvl:15,num_users:654,errors:75
rt:45.51,through:5.07,tt:0.39,num_interact:76,Intrvl:15,num_users:713,errors:3
rt:123.58,through:7.13,tt:0.27,num_interact:107,Intrvl:15,num_users:655,errors:0
rt:220.67,through:7.4,tt:0.31,num_interact:111,Intrvl:15,num_users:697,errors:7
rt:92.53,through:5.27,tt:0.42,num_interact:79,Intrvl:15,num_users:732,errors:27
rt:58.34,through:6.93,tt:0.31,num_interact:104,Intrvl:15,num_users:671,errors:0
rt:62.94,through:7.47,tt:0.34,num_interact:112,Intrvl:15,num_users:704,errors:14
rt:62.79,through:5.53,tt:0.39,num_interact:83,Intrvl:15,num_users:641,errors:2
rt:69.62,through:6.33,tt:0.38,num_interact:95,Intrvl:15,num_users:657,errors:12
rt:58.84,through:6.2,tt:0.38,num_interact:93,Intrvl:15,num_users:685,errors:6
rt:64.27,through:7.67,tt:0.33,num_interact:115,Intrvl:15,num_users:722,errors:0
rt:63.02,through:6.87,tt:0.34,num_interact:103,Intrvl:15,num_users:718,errors:12
rt:59.44,through:8.73,tt:0.36,num_interact:131,Intrvl:15,num_users:732,errors:0
rt:60,through:7.13,tt:0.38,num_interact:107,Intrvl:15,num_users:699,errors:20
rt:58.62,through:7.53,tt:0.36,num_interact:113,Intrvl:15,num_users:708,errors:0
rt:62.78,through:7.13,tt:0.42,num_interact:107,Intrvl:15,num_users:654,errors:16
rt:59.49,through:6,tt:0.29,num_interact:90,Intrvl:15,num_users:633,errors:0
rt:69.13,through:6.27,tt:0.42,num_interact:94,Intrvl:15,num_users:692,errors:9
rt:58.3,through:6.27,tt:0.36,num_interact:94,Intrvl:15,num_users:610,errors:0
rt:62.99,through:7.73,tt:0.33,num_interact:116,Intrvl:15,num_users:638,errors:5
rt:59.84,through:5.27,tt:0.36,num_interact:79,Intrvl:15,num_users:673,errors:10
rt:53.95,through:7,tt:0.33,num_interact:105,Intrvl:15,num_users:664,errors:0
rt:55.27,through:7.27,tt:0.39,num_interact:109,Intrvl:15,num_users:697,errors:7
rt:58.52,through:8.47,tt:0.39,num_interact:127,Intrvl:15,num_users:694,errors:0
rt:56.28,through:7.47,tt:0.33,num_interact:112,Intrvl:15,num_users:774,errors:21
rt:52.87,through:7,tt:0.37,num_interact:105,Intrvl:15,num_users:685,errors:0
rt:55.85,through:7.67,tt:0.38,num_interact:115,Intrvl:15,num_users:692,errors:18
rt:54.38,through:4.47,tt:0.35,num_interact:67,Intrvl:15,num_users:647,errors:1
rt:72.46,through:6.33,tt:0.36,num_interact:95,Intrvl:15,num_users:658,errors:15
rt:68.34,through:6.27,tt:0.34,num_interact:94,Intrvl:15,num_users:673,errors:0
rt:63.19,through:6.73,tt:0.29,num_interact:101,Intrvl:15,num_users:594,errors:7
rt:63.17,through:6.07,tt:0.32,num_interact:91,Intrvl:15,num_users:641,errors:7
rt:59.28,through:6.4,tt:0.37,num_interact:96,Intrvl:15,num_users:584,errors:3
rt:52.33,through:6.93,tt:0.32,num_interact:104,Intrvl:15,num_users:629,errors:8
rt:56.72,through:6.27,tt:0.33,num_interact:94,Intrvl:15,num_users:679,errors:0
rt:54.5,through:6.53,tt:0.27,num_interact:98,Intrvl:15,num_users:578,errors:14
rt:54.08,through:5.8,tt:0.35,num_interact:87,Intrvl:15,num_users:595,errors:0
rt:55.36,through:4.6,tt:0.4,num_interact:69,Intrvl:15,num_users:606,errors:21
rt:51.94,through:7.27,tt:0.35,num_interact:109,Intrvl:15,num_users:720,errors:0
rt:56.87,through:8.67,tt:0.35,num_interact:130,Intrvl:15,num_users:704,errors:12
rt:58.81,through:7.2,tt:0.39,num_interact:108,Intrvl:15,num_users:690,errors:2
rt:54.17,through:5.67,tt:0.41,num_interact:85,Intrvl:15,num_users:655,errors:16
rt:56.19,through:6.2,tt:0.36,num_interact:93,Intrvl:15,num_users:613,errors:4
rt:60.91,through:8.27,tt:0.34,num_interact:124,Intrvl:15,num_users:708,errors:5
rt:59.44,through:6.2,tt:0.34,num_interact:93,Intrvl:15,num_users:715,errors:16
rt:58.88,through:7.07,tt:0.33,num_interact:106,Intrvl:15,num_users:651,errors:0
rt:59.27,through:5.4,tt:0.4,num_interact:81,Intrvl:15,num_users:661,errors:13
rt:59.74,through:7.2,tt:0.4,num_interact:108,Intrvl:15,num_users:701,errors:0
rt:70.76,through:7.67,tt:0.33,num_interact:115,Intrvl:15,num_users:686,errors:10
rt:58,through:7.93,tt:0.33,num_interact:119,Intrvl:15,num_users:704,errors:0
rt:63.34,through:6.93,tt:0.29,num_interact:105,Intrvl:15,num_users:669,errors:12
rt:54.98,through:6.8,tt:0.25,num_interact:102,Intrvl:15,num_users:631,errors:2
rt:58.72,through:7.33,tt:0.38,num_interact:110,Intrvl:15,num_users:671,errors:19
rt:39.44,through:13.93,tt:0.38,num_interact:209,Intrvl:15,num_users:720,errors:4
rt:35.32,through:15.8,tt:0.38,num_interact:238,Intrvl:15,num_users:680,errors:6
rt:33.73,through:14.8,tt:0.38,num_interact:222,Intrvl:15,num_users:708,errors:2
rt:29.16,through:14.27,tt:0.33,num_interact:214,Intrvl:15,num_users:631,errors:0
rt:29.14,through:14.93,tt:0.39,num_interact:224,Intrvl:15,num_users:700,errors:3
rt:31.13,through:13.33,tt:0.35,num_interact:200,Intrvl:15,num_users:613,errors:0
rt:26.31,through:13.6,tt:0.35,num_interact:204,Intrvl:15,num_users:676,errors:1
rt:27.7,through:15.87,tt:0.39,num_interact:238,Intrvl:15,num_users:679,errors:9
rt:27.87,through:16.13,tt:0.35,num_interact:242,Intrvl:15,num_users:676,errors:0
rt:27.82,through:16.27,tt:0.34,num_interact:244,Intrvl:15,num_users:739,errors:0
rt:30.19,through:16.47,tt:0.37,num_interact:247,Intrvl:15,num_users:710,errors:0
rt:27.44,through:15.33,tt:0.35,num_interact:230,Intrvl:15,num_users:735,errors:0
rt:30.33,through:12.73,tt:0.33,num_interact:191,Intrvl:15,num_users:609,errors:0
rt:27.13,through:14.6,tt:0.35,num_interact:219,Intrvl:15,num_users:710,errors:0
rt:29.06,through:15.13,tt:0.38,num_interact:227,Intrvl:15,num_users:699,errors:0
rt:28.13,through:16.27,tt:0.4,num_interact:244,Intrvl:15,num_users:687,errors:0
rt:28.21,through:16.8,tt:0.33,num_interact:252,Intrvl:15,num_users:755,errors:0
rt:28.77,through:16.47,tt:0.35,num_interact:247,Intrvl:15,num_users:806,errors:0
rt:30.92,through:17.07,tt:0.4,num_interact:256,Intrvl:15,num_users:797,errors:0
rt:31.66,through:16.33,tt:0.39,num_interact:245,Intrvl:15,num_users:770,errors:0
rt:32.76,through:12.8,tt:0.4,num_interact:192,Intrvl:15,num_users:659,errors:0
rt:31.64,through:13.87,tt:0.35,num_interact:208,Intrvl:15,num_users:640,errors:0
rt:26.41,through:14.8,tt:0.38,num_interact:222,Intrvl:15,num_users:749,errors:0
rt:34.44,through:10.67,tt:0.33,num_interact:160,Intrvl:15,num_users:575,errors:0
rt:27.44,through:12.73,tt:0.33,num_interact:194,Intrvl:15,num_users:792,errors:0
rt:31.16,through:14.13,tt:0.38,num_interact:212,Intrvl:15,num_users:699,errors:0
rt:31.54,through:14.6,tt:0.4,num_interact:219,Intrvl:15,num_users:728,errors:0
rt:31.67,through:15.67,tt:0.37,num_interact:235,Intrvl:15,num_users:717,errors:0
rt:29.85,through:14.93,tt:0.34,num_interact:224,Intrvl:15,num_users:669,errors:0
rt:29.14,through:16.13,tt:0.35,num_interact:242,Intrvl:15,num_users:699,errors:0
rt:27.57,through:15,tt:0.35,num_interact:225,Intrvl:15,num_users:643,errors:0
rt:27.61,through:14.8,tt:0.33,num_interact:222,Intrvl:15,num_users:685,errors:0
rt:27.19,through:15.2,tt:0.37,num_interact:228,Intrvl:15,num_users:630,errors:0
rt:26.29,through:15.87,tt:0.34,num_interact:238,Intrvl:15,num_users:734,errors:0
rt:27.4,through:14.67,tt:0.33,num_interact:220,Intrvl:15,num_users:692,errors:0
rt:29.27,through:15.07,tt:0.35,num_interact:226,Intrvl:15,num_users:724,errors:0
rt:29.35,through:14.8,tt:0.37,num_interact:222,Intrvl:15,num_users:651,errors:0
rt:29.08,through:15.27,tt:0.34,num_interact:229,Intrvl:15,num_users:662,errors:0
rt:27.31,through:14.93,tt:0.31,num_interact:224,Intrvl:15,num_users:627,errors:0
rt:26.14,through:15.4,tt:0.32,num_interact:235,Intrvl:15,num_users:610,errors:0
rt:23.06,through:16.2,tt:0.35,num_interact:243,Intrvl:15,num_users:673,errors:0
rt:24.02,through:16.4,tt:0.34,num_interact:246,Intrvl:15,num_users:661,errors:0
rt:26.8,through:16.87,tt:0.35,num_interact:253,Intrvl:15,num_users:714,errors:0
rt:26.75,through:14.53,tt:0.33,num_interact:218,Intrvl:15,num_users:651,errors:0
rt:27.62,through:14.27,tt:0.37,num_interact:214,Intrvl:15,num_users:616,errors:0
rt:25.4,through:15.87,tt:0.35,num_interact:238,Intrvl:15,num_users:687,errors:0
rt:25.4,through:16.93,tt:0.39,num_interact:254,Intrvl:15,num_users:693,errors:0
rt:26.83,through:15.27,tt:0.37,num_interact:229,Intrvl:15,num_users:652,errors:0
rt:27.3,through:15.87,tt:0.33,num_interact:238,Intrvl:15,num_users:736,errors:0
rt:27.82,through:13.47,tt:0.34,num_interact:202,Intrvl:15,num_users:648,errors:0
rt:28.72,through:15.33,tt:0.35,num_interact:230,Intrvl:15,num_users:671,errors:0
rt:27.2,through:16.4,tt:0.34,num_interact:246,Intrvl:15,num_users:745,errors:0
rt:28.48,through:15,tt:0.4,num_interact:225,Intrvl:15,num_users:699,errors:0
rt:29.49,through:15.27,tt:0.38,num_interact:231,Intrvl:15,num_users:689,errors:0
rt:28.9,through:16.53,tt:0.33,num_interact:248,Intrvl:15,num_users:697,errors:0
rt:27.73,through:16.53,tt:0.34,num_interact:248,Intrvl:15,num_users:683,errors:0
rt:27.24,through:16.73,tt:0.35,num_interact:251,Intrvl:15,num_users:710,errors:0
rt:28.42,through:15.53,tt:0.36,num_interact:233,Intrvl:15,num_users:675,errors:0
rt:27.09,through:16,tt:0.36,num_interact:240,Intrvl:15,num_users:672,errors:0
rt:27.27,through:16.73,tt:0.33,num_interact:251,Intrvl:15,num_users:671,errors:0
rt:25.97,through:16.07,tt:0.33,num_interact:241,Intrvl:15,num_users:640,errors:0
rt:26.02,through:13.33,tt:0.34,num_interact:200,Intrvl:15,num_users:567,errors:0
rt:23.07,through:15.47,tt:0.31,num_interact:232,Intrvl:15,num_users:592,errors:0
rt:22.61,through:16.13,tt:0.35,num_interact:242,Intrvl:15,num_users:598,errors:0
rt:22.39,through:15.4,tt:0.36,num_interact:231,Intrvl:15,num_users:546,errors:0
rt:20.46,through:16.13,tt:0.35,num_interact:244,Intrvl:15,num_users:648,errors:0
rt:23.47,through:17,tt:0.41,num_interact:255,Intrvl:15,num_users:707,errors:0
rt:26.7,through:13.27,tt:0.4,num_interact:199,Intrvl:15,num_users:599,errors:0
rt:27.17,through:14,tt:0.35,num_interact:210,Intrvl:15,num_users:664,errors:0
rt:27.34,through:16.4,tt:0.34,num_interact:246,Intrvl:15,num_users:721,errors:0
rt:27.74,through:17.33,tt:0.4,num_interact:260,Intrvl:15,num_users:774,errors:7
rt:29.77,through:12.93,tt:0.29,num_interact:194,Intrvl:15,num_users:634,errors:1
rt:31.05,through:11.73,tt:0.33,num_interact:176,Intrvl:15,num_users:596,errors:0
rt:23.4,through:16.33,tt:0.37,num_interact:245,Intrvl:15,num_users:683,errors:0
rt:21.58,through:17.13,tt:0.38,num_interact:257,Intrvl:15,num_users:627,errors:0
rt:24.11,through:22.87,tt:0.37,num_interact:343,Intrvl:15,num_users:599,errors:0
rt:16.67,through:23.93,tt:0.31,num_interact:359,Intrvl:15,num_users:651,errors:0
rt:17.48,through:25.07,tt:0.35,num_interact:376,Intrvl:15,num_users:655,errors:9
rt:17.77,through:24,tt:0.34,num_interact:360,Intrvl:15,num_users:648,errors:0
rt:17.11,through:24.07,tt:0.32,num_interact:361,Intrvl:15,num_users:606,errors:0
rt:16.67,through:24.47,tt:0.35,num_interact:367,Intrvl:15,num_users:633,errors:0
rt:15.93,through:25.8,tt:0.33,num_interact:387,Intrvl:15,num_users:640,errors:0
rt:15.98,through:24.47,tt:0.34,num_interact:367,Intrvl:15,num_users:623,errors:0
rt:15.93,through:25.67,tt:0.33,num_interact:385,Intrvl:15,num_users:622,errors:0
rt:16.22,through:25.13,tt:0.34,num_interact:377,Intrvl:15,num_users:624,errors:0
rt:15.17,through:23.87,tt:0.33,num_interact:358,Intrvl:15,num_users:603,errors:0
rt:15.64,through:26,tt:0.36,num_interact:390,Intrvl:15,num_users:623,errors:0
rt:15.57,through:25.6,tt:0.36,num_interact:384,Intrvl:15,num_users:647,errors:0
rt:16.69,through:21.8,tt:0.38,num_interact:327,Intrvl:15,num_users:587,errors:0
rt:14.8,through:24.33,tt:0.36,num_interact:365,Intrvl:15,num_users:574,errors:0
rt:13.97,through:23.6,tt:0.34,num_interact:357,Intrvl:15,num_users:543,errors:0
rt:14.18,through:26,tt:0.39,num_interact:390,Intrvl:15,num_users:644,errors:0
rt:15.59,through:20.93,tt:0.36,num_interact:314,Intrvl:15,num_users:566,errors:0
rt:14.02,through:23.6,tt:0.36,num_interact:354,Intrvl:15,num_users:554,errors:0
rt:14,through:25.13,tt:0.35,num_interact:377,Intrvl:15,num_users:598,errors:0
rt:14.32,through:23.53,tt:0.38,num_interact:353,Intrvl:15,num_users:543,errors:0
rt:13.5,through:23.8,tt:0.36,num_interact:357,Intrvl:15,num_users:595,errors:0
rt:14.65,through:23.67,tt:0.34,num_interact:356,Intrvl:15,num_users:556,errors:0
rt:13.15,through:24.93,tt:0.36,num_interact:374,Intrvl:15,num_users:542,errors:0
rt:13.16,through:24.8,tt:0.35,num_interact:372,Intrvl:15,num_users:545,errors:0
rt:12.77,through:25.4,tt:0.34,num_interact:381,Intrvl:15,num_users:542,errors:0
rt:13.1,through:25.53,tt:0.36,num_interact:383,Intrvl:15,num_users:622,errors:0
rt:14.82,through:23.67,tt:0.34,num_interact:355,Intrvl:15,num_users:591,errors:0
rt:14.71,through:24.47,tt:0.37,num_interact:367,Intrvl:15,num_users:580,errors:0
rt:14.6,through:25.8,tt:0.38,num_interact:387,Intrvl:15,num_users:661,errors:0
rt:16.88,through:24.67,tt:0.37,num_interact:370,Intrvl:15,num_users:652,errors:0
rt:16.39,through:22.93,tt:0.34,num_interact:344,Intrvl:15,num_users:599,errors:0
rt:16.4,through:23.87,tt:0.37,num_interact:358,Intrvl:15,num_users:630,errors:12
rt:15.83,through:26.8,tt:0.34,num_interact:402,Intrvl:15,num_users:783,errors:0
rt:16.36,through:33.53,tt:0.36,num_interact:503,Intrvl:15,num_users:636,errors:0
rt:13.81,through:32.33,tt:0.36,num_interact:537,Intrvl:15,num_users:707,errors:0
rt:14.26,through:32,tt:0.34,num_interact:480,Intrvl:15,num_users:657,errors:0
rt:12.87,through:37.67,tt:0.34,num_interact:565,Intrvl:15,num_users:687,errors:0
rt:12.58,through:31.27,tt:0.38,num_interact:469,Intrvl:15,num_users:605,errors:0
rt:11.57,through:32.6,tt:0.34,num_interact:489,Intrvl:15,num_users:592,errors:0
rt:11.34,through:33.67,tt:0.34,num_interact:505,Intrvl:15,num_users:595,errors:0
rt:10.97,through:33.67,tt:0.36,num_interact:505,Intrvl:15,num_users:626,errors:0
rt:11.64,through:33.67,tt:0.37,num_interact:505,Intrvl:15,num_users:643,errors:0
rt:12.28,through:32.67,tt:0.36,num_interact:491,Intrvl:15,num_users:627,errors:0
rt:12.22,through:34.27,tt:0.37,num_interact:514,Intrvl:15,num_users:627,errors:0
rt:11.18,through:30.53,tt:0.35,num_interact:458,Intrvl:15,num_users:567,errors:0
rt:10.68,through:33.27,tt:0.33,num_interact:499,Intrvl:15,num_users:589,errors:0
rt:11.32,through:33.53,tt:0.37,num_interact:503,Intrvl:15,num_users:626,errors:0
rt:11.6,through:32.67,tt:0.34,num_interact:490,Intrvl:15,num_users:606,errors:0
rt:10.99,through:31.73,tt:0.33,num_interact:476,Intrvl:15,num_users:571,errors:0
rt:10.57,through:32.87,tt:0.37,num_interact:493,Intrvl:15,num_users:568,errors:0
rt:10.42,through:34.27,tt:0.33,num_interact:514,Intrvl:15,num_users:568,errors:0
rt:10.43,through:33.27,tt:0.35,num_interact:502,Intrvl:15,num_users:582,errors:0
rt:10.43,through:34.27,tt:0.32,num_interact:514,Intrvl:15,num_users:584,errors:0
rt:9.46,through:29.6,tt:0.33,num_interact:444,Intrvl:15,num_users:505,errors:0
rt:10.08,through:33.93,tt:0.35,num_interact:509,Intrvl:15,num_users:592,errors:0
rt:11.86,through:33.8,tt:0.38,num_interact:507,Intrvl:15,num_users:662,errors:0
rt:12.3,through:29.53,tt:0.34,num_interact:443,Intrvl:15,num_users:581,errors:0
rt:13.51,through:30.47,tt:0.35,num_interact:525,Intrvl:15,num_users:711,errors:0
rt:16.56,through:24.53,tt:0.35,num_interact:368,Intrvl:15,num_users:750,errors:0
rt:25.14,through:3.4,tt:0.36,num_interact:51,Intrvl:15,num_users:704,errors:0
rt:36.94,through:2.53,tt:0.38,num_interact:38,Intrvl:15,num_users:638,errors:0
rt:50.46,through:2.2,tt:0.32,num_interact:33,Intrvl:15,num_users:627,errors:0
rt:65.94,through:46.13,tt:0.33,num_interact:710,Intrvl:15,num_users:608,errors:4
rt:13.54,through:41.67,tt:0.36,num_interact:625,Intrvl:15,num_users:631,errors:0
rt:14.17,through:78.2,tt:0.35,num_interact:1173,Intrvl:15,num_users:666,errors:0
rt:13.84,through:34.53,tt:0.34,num_interact:518,Intrvl:15,num_users:557,errors:0
rt:15.36,through:24.2,tt:0.37,num_interact:733,Intrvl:15,num_users:668,errors:0
rt:14.36,through:28.33,tt:0.33,num_interact:430,Intrvl:15,num_users:633,errors:0
rt:12.89,through:31.87,tt:0.36,num_interact:478,Intrvl:15,num_users:609,errors:0
rt:12.67,through:32.33,tt:0.35,num_interact:485,Intrvl:15,num_users:638,errors:0
rt:13.03,through:32.73,tt:0.34,num_interact:491,Intrvl:15,num_users:595,errors:0
rt:10.57,through:38.47,tt:0.36,num_interact:577,Intrvl:15,num_users:592,errors:0
rt:11.79,through:30.33,tt:0.37,num_interact:467,Intrvl:15,num_users:633,errors:0
rt:12.26,through:31.4,tt:0.35,num_interact:666,Intrvl:15,num_users:617,errors:0
rt:12.8,through:33.27,tt:0.38,num_interact:499,Intrvl:15,num_users:624,errors:0
rt:13.12,through:28.33,tt:0.38,num_interact:425,Intrvl:15,num_users:599,errors:0
rt:11.44,through:35.07,tt:0.34,num_interact:526,Intrvl:15,num_users:557,errors:0
rt:11.09,through:30.2,tt:0.38,num_interact:453,Intrvl:15,num_users:605,errors:0
rt:11.51,through:47.67,tt:0.36,num_interact:715,Intrvl:15,num_users:666,errors:0
rt:14.83,through:22.27,tt:0.34,num_interact:334,Intrvl:15,num_users:658,errors:0
rt:16.04,through:29.47,tt:0.36,num_interact:474,Intrvl:15,num_users:601,errors:0
rt:12.75,through:29.47,tt:0.33,num_interact:601,Intrvl:15,num_users:608,errors:0
rt:13.05,through:32.27,tt:0.35,num_interact:487,Intrvl:15,num_users:605,errors:0
rt:10.78,through:36.87,tt:0.35,num_interact:553,Intrvl:15,num_users:557,errors:0
rt:10.18,through:101.6,tt:0.36,num_interact:1524,Intrvl:15,num_users:665,errors:0
rt:14.48,through:25.53,tt:0.35,num_interact:508,Intrvl:15,num_users:644,errors:0
rt:13.36,through:37.2,tt:0.36,num_interact:562,Intrvl:15,num_users:585,errors:0
rt:10.87,through:28.87,tt:0.34,num_interact:433,Intrvl:15,num_users:540,errors:0
rt:11.29,through:52.47,tt:0.38,num_interact:787,Intrvl:15,num_users:638,errors:0
rt:11.97,through:28.53,tt:0.32,num_interact:559,Intrvl:15,num_users:659,errors:8
rt:11.75,through:34.33,tt:0.35,num_interact:545,Intrvl:15,num_users:531,errors:0
rt:10.03,through:53.53,tt:0.39,num_interact:803,Intrvl:15,num_users:640,errors:0
rt:9.93,through:34.13,tt:0.36,num_interact:512,Intrvl:15,num_users:570,errors:0
rt:10.92,through:37.6,tt:0.36,num_interact:564,Intrvl:15,num_users:566,errors:0
rt:10.48,through:26.47,tt:0.37,num_interact:397,Intrvl:15,num_users:627,errors:0
rt:12.27,through:35.8,tt:0.34,num_interact:537,Intrvl:15,num_users:602,errors:0
rt:10.1,through:36.87,tt:0.35,num_interact:553,Intrvl:15,num_users:547,errors:0
rt:9.51,through:50.93,tt:0.36,num_interact:764,Intrvl:15,num_users:634,errors:0
rt:13.65,through:97.67,tt:0.34,num_interact:1465,Intrvl:15,num_users:645,errors:0
rt:20.38,through:11.47,tt:0.33,num_interact:399,Intrvl:15,num_users:687,errors:0
rt:17.82,through:35.27,tt:0.35,num_interact:529,Intrvl:15,num_users:636,errors:0
rt:12.34,through:31.53,tt:0.35,num_interact:473,Intrvl:15,num_users:652,errors:0
rt:14.22,through:35.4,tt:0.36,num_interact:531,Intrvl:15,num_users:634,errors:0
rt:12.4,through:37.93,tt:0.32,num_interact:569,Intrvl:15,num_users:641,errors:0
rt:14.14,through:35.6,tt:0.34,num_interact:534,Intrvl:15,num_users:644,errors:0
rt:12.27,through:17.8,tt:0.37,num_interact:267,Intrvl:15,num_users:725,errors:0
rt:143.28,through:54.73,tt:0.35,num_interact:821,Intrvl:15,num_users:676,errors:0
rt:18.48,through:39.73,tt:0.34,num_interact:648,Intrvl:15,num_users:623,errors:0
rt:11.22,through:82.2,tt:0.35,num_interact:1233,Intrvl:15,num_users:692,errors:0
rt:10.75,through:31.2,tt:0.35,num_interact:468,Intrvl:15,num_users:771,errors:0
rt:18.74,through:22.27,tt:0.33,num_interact:334,Intrvl:15,num_users:720,errors:0
rt:14.74,through:31.4,tt:0.33,num_interact:471,Intrvl:15,num_users:665,errors:0
rt:10.91,through:38.67,tt:0.34,num_interact:621,Intrvl:15,num_users:612,errors:0
rt:10.71,through:36.27,tt:0.34,num_interact:544,Intrvl:15,num_users:612,errors:0
rt:10.46,through:40.4,tt:0.37,num_interact:606,Intrvl:15,num_users:650,errors:0
rt:12.97,through:31.87,tt:0.37,num_interact:796,Intrvl:15,num_users:680,errors:0
rt:11.69,through:33.13,tt:0.37,num_interact:497,Intrvl:15,num_users:750,errors:0
rt:12.35,through:35.87,tt:0.34,num_interact:538,Intrvl:15,num_users:668,errors:0
rt:11.7,through:34.07,tt:0.33,num_interact:519,Intrvl:15,num_users:589,errors:0
rt:9.65,through:33.73,tt:0.35,num_interact:613,Intrvl:15,num_users:657,errors:0
rt:9.02,through:35.4,tt:0.33,num_interact:531,Intrvl:15,num_users:566,errors:0
rt:10.19,through:42.33,tt:0.38,num_interact:635,Intrvl:15,num_users:616,errors:0
rt:8.74,through:26.93,tt:0.37,num_interact:404,Intrvl:15,num_users:675,errors:0
rt:13.78,through:35.93,tt:0.34,num_interact:539,Intrvl:15,num_users:643,errors:0
rt:8.46,through:34.13,tt:0.35,num_interact:512,Intrvl:15,num_users:567,errors:0
rt:7.72,through:39.87,tt:0.33,num_interact:598,Intrvl:15,num_users:568,errors:0
rt:9.3,through:51.47,tt:0.38,num_interact:772,Intrvl:15,num_users:707,errors:0
rt:192.8,through:85,tt:0.36,num_interact:1275,Intrvl:15,num_users:725,errors:50
rt:37.78,through:34,tt:0.35,num_interact:510,Intrvl:15,num_users:627,errors:0
rt:8.34,through:39.07,tt:0.35,num_interact:586,Intrvl:15,num_users:609,errors:0
rt:8.32,through:31.47,tt:0.38,num_interact:472,Intrvl:15,num_users:634,errors:0
rt:6.71,through:44.53,tt:0.33,num_interact:668,Intrvl:15,num_users:543,errors:0
rt:7.3,through:32.87,tt:0.38,num_interact:583,Intrvl:15,num_users:622,errors:0
rt:8.91,through:37.13,tt:0.36,num_interact:561,Intrvl:15,num_users:617,errors:0
rt:6.68,through:41.73,tt:0.34,num_interact:626,Intrvl:15,num_users:570,errors:0
rt:7.03,through:40.13,tt:0.36,num_interact:602,Intrvl:15,num_users:589,errors:0
rt:8.23,through:101.13,tt:0.34,num_interact:1577,Intrvl:15,num_users:624,errors:0
rt:7.5,through:31.27,tt:0.35,num_interact:508,Intrvl:15,num_users:584,errors:0
rt:7.55,through:39.53,tt:0.36,num_interact:593,Intrvl:15,num_users:596,errors:0
rt:6.59,through:39.2,tt:0.34,num_interact:588,Intrvl:15,num_users:526,errors:0
rt:7.4,through:41.2,tt:0.38,num_interact:618,Intrvl:15,num_users:619,errors:0
rt:9.81,through:32.13,tt:0.37,num_interact:580,Intrvl:15,num_users:666,errors:0
rt:9.81,through:35.87,tt:0.36,num_interact:548,Intrvl:15,num_users:606,errors:0
rt:45.02,through:79.2,tt:0.38,num_interact:1188,Intrvl:15,num_users:701,errors:0
rt:12.97,through:32.47,tt:0.32,num_interact:487,Intrvl:15,num_users:644,errors:0
rt:8.89,through:37.47,tt:0.37,num_interact:562,Intrvl:15,num_users:592,errors:0
rt:7.57,through:37.87,tt:0.34,num_interact:573,Intrvl:15,num_users:591,errors:0
rt:8.63,through:37.07,tt:0.36,num_interact:556,Intrvl:15,num_users:630,errors:0
rt:9.65,through:43.6,tt:0.35,num_interact:677,Intrvl:15,num_users:658,errors:0
rt:10.05,through:33.87,tt:0.32,num_interact:508,Intrvl:15,num_users:645,errors:0
rt:8.31,through:35.2,tt:0.37,num_interact:547,Intrvl:15,num_users:571,errors:0
rt:7.66,through:41.27,tt:0.33,num_interact:619,Intrvl:15,num_users:588,errors:0
rt:8.57,through:45.33,tt:0.35,num_interact:755,Intrvl:15,num_users:651,errors:0
rt:8.84,through:28.8,tt:0.33,num_interact:432,Intrvl:15,num_users:655,errors:0
rt:12.73,through:34.07,tt:0.33,num_interact:511,Intrvl:15,num_users:641,errors:0
rt:11.07,through:30.6,tt:0.36,num_interact:542,Intrvl:15,num_users:666,errors:0
rt:14.13,through:53.73,tt:0.35,num_interact:817,Intrvl:15,num_users:692,errors:0
rt:10.21,through:37.33,tt:0.37,num_interact:618,Intrvl:15,num_users:609,errors:0
rt:9.21,through:35.13,tt:0.34,num_interact:527,Intrvl:15,num_users:608,errors:0
rt:9.22,through:24,tt:0.35,num_interact:360,Intrvl:15,num_users:715,errors:0
rt:17.84,through:5.87,tt:0.33,num_interact:88,Intrvl:15,num_users:601,errors:0
rt:82.2,through:46.87,tt:0.35,num_interact:703,Intrvl:15,num_users:626,errors:0
rt:75.21,through:57.8,tt:0.34,num_interact:902,Intrvl:15,num_users:644,errors:0
rt:12.32,through:33.13,tt:0.34,num_interact:498,Intrvl:15,num_users:624,errors:0
rt:6.45,through:35.33,tt:0.35,num_interact:530,Intrvl:15,num_users:400,errors:0
rt:5.16,through:35.93,tt:0.36,num_interact:539,Intrvl:15,num_users:482,errors:6
rt:4.39,through:43.6,tt:0.32,num_interact:669,Intrvl:15,num_users:398,errors:0
rt:3.53,through:52.13,tt:0.34,num_interact:782,Intrvl:15,num_users:449,errors:0
rt:4.81,through:47.73,tt:0.32,num_interact:716,Intrvl:15,num_users:444,errors:0
rt:3.89,through:44.8,tt:0.34,num_interact:672,Intrvl:15,num_users:403,errors:0
rt:5.02,through:58.2,tt:0.36,num_interact:873,Intrvl:15,num_users:486,errors:0
rt:4.77,through:40.2,tt:0.35,num_interact:605,Intrvl:15,num_users:461,errors:0
rt:4.61,through:49.13,tt:0.36,num_interact:884,Intrvl:15,num_users:447,errors:0
rt:5.42,through:45.6,tt:0.36,num_interact:684,Intrvl:15,num_users:529,errors:0
rt:6.36,through:43.2,tt:0.36,num_interact:648,Intrvl:15,num_users:480,errors:0
rt:4.6,through:45.73,tt:0.36,num_interact:686,Intrvl:15,num_users:440,errors:0
rt:4.39,through:48.8,tt:0.35,num_interact:732,Intrvl:15,num_users:423,errors:0
rt:3.79,through:43.73,tt:0.34,num_interact:668,Intrvl:15,num_users:433,errors:0
rt:4.9,through:53.47,tt:0.36,num_interact:802,Intrvl:15,num_users:463,errors:0
rt:5.13,through:41.8,tt:0.35,num_interact:627,Intrvl:15,num_users:475,errors:0
rt:4.23,through:39.33,tt:0.33,num_interact:598,Intrvl:15,num_users:409,errors:0
rt:4.92,through:45.13,tt:0.38,num_interact:677,Intrvl:15,num_users:479,errors:0
rt:5.07,through:37.87,tt:0.36,num_interact:568,Intrvl:15,num_users:441,errors:0
rt:5.09,through:42.87,tt:0.36,num_interact:643,Intrvl:15,num_users:452,errors:0
rt:5.14,through:42.53,tt:0.36,num_interact:638,Intrvl:15,num_users:458,errors:0
rt:5.28,through:43,tt:0.34,num_interact:651,Intrvl:15,num_users:437,errors:0
rt:4.12,through:41.07,tt:0.34,num_interact:616,Intrvl:15,num_users:402,errors:0
rt:4.18,through:42.93,tt:0.33,num_interact:644,Intrvl:15,num_users:417,errors:0
rt:4.76,through:42.13,tt:0.36,num_interact:632,Intrvl:15,num_users:468,errors:0
rt:5.73,through:44.73,tt:0.37,num_interact:675,Intrvl:15,num_users:489,errors:0
rt:5.43,through:39.07,tt:0.34,num_interact:586,Intrvl:15,num_users:469,errors:0
rt:4.9,through:40.47,tt:0.35,num_interact:608,Intrvl:15,num_users:413,errors:0
rt:4.11,through:41.8,tt:0.34,num_interact:627,Intrvl:15,num_users:410,errors:0
rt:4.85,through:42.8,tt:0.38,num_interact:642,Intrvl:15,num_users:487,errors:0
rt:5.15,through:38.93,tt:0.38,num_interact:584,Intrvl:15,num_users:419,errors:0
rt:4.89,through:40.53,tt:0.36,num_interact:608,Intrvl:15,num_users:458,errors:0
rt:5.3,through:42.6,tt:0.36,num_interact:639,Intrvl:15,num_users:459,errors:0
rt:6.12,through:42.13,tt:0.36,num_interact:640,Intrvl:15,num_users:532,errors:0
rt:5.45,through:37.73,tt:0.35,num_interact:566,Intrvl:15,num_users:424,errors:0
rt:4.63,through:42.6,tt:0.35,num_interact:639,Intrvl:15,num_users:451,errors:0
rt:4.99,through:42.13,tt:0.36,num_interact:632,Intrvl:15,num_users:426,errors:0
rt:6.31,through:38.73,tt:0.36,num_interact:641,Intrvl:15,num_users:554,errors:0
rt:5.94,through:43.13,tt:0.36,num_interact:647,Intrvl:15,num_users:479,errors:0
rt:5.35,through:40.4,tt:0.36,num_interact:606,Intrvl:15,num_users:465,errors:0
rt:6.75,through:41.07,tt:0.34,num_interact:616,Intrvl:15,num_users:529,errors:0
rt:8.17,through:40.87,tt:0.35,num_interact:734,Intrvl:15,num_users:563,errors:0
rt:6.04,through:42.6,tt:0.35,num_interact:639,Intrvl:15,num_users:468,errors:0
rt:7.22,through:44.53,tt:0.39,num_interact:671,Intrvl:15,num_users:550,errors:0
rt:5.43,through:41.53,tt:0.35,num_interact:623,Intrvl:15,num_users:473,errors:0
rt:5.59,through:38.4,tt:0.34,num_interact:576,Intrvl:15,num_users:444,errors:0
Terminating EBs...
EB TPCW Broswing Mix EB #205commiting suicide!
EB TPCW Broswing Mix EB #28commiting suicide!
EB TPCW Broswing Mix EB #229commiting suicide!
EB TPCW Broswing Mix EB #128commiting suicide!
EB TPCW Broswing Mix EB #245commiting suicide!
EB TPCW Broswing Mix EB #236commiting suicide!
EB TPCW Broswing Mix EB #95commiting suicide!
EB TPCW Broswing Mix EB #74commiting suicide!
EB TPCW Broswing Mix EB #12commiting suicide!
EB TPCW Broswing Mix EB #283commiting suicide!
EB TPCW Broswing Mix EB #60commiting suicide!
EB TPCW Broswing Mix EB #153commiting suicide!
EB TPCW Broswing Mix EB #121commiting suicide!
EB TPCW Broswing Mix EB #148commiting suicide!
EB TPCW Broswing Mix EB #202commiting suicide!
EB TPCW Broswing Mix EB #15499commiting suicide!
EB TPCW Broswing Mix EB #101commiting suicide!
EB TPCW Broswing Mix EB #15586commiting suicide!
EB TPCW Broswing Mix EB #677commiting suicide!
EB TPCW Broswing Mix EB #23commiting suicide!
EB TPCW Broswing Mix EB #31commiting suicide!
EB TPCW Broswing Mix EB #691commiting suicide!
EB TPCW Broswing Mix EB #15803commiting suicide!
EB TPCW Broswing Mix EB #2996commiting suicide!
EB TPCW Broswing Mix EB #160commiting suicide!
EB TPCW Broswing Mix EB #313commiting suicide!
EB TPCW Broswing Mix EB #674commiting suicide!
EB TPCW Broswing Mix EB #178commiting suicide!
EB TPCW Broswing Mix EB #688commiting suicide!
EB TPCW Broswing Mix EB #507commiting suicide!
EB TPCW Broswing Mix EB #498commiting suicide!
EB TPCW Broswing Mix EB #269commiting suicide!
EB TPCW Broswing Mix EB #15585commiting suicide!
EB TPCW Broswing Mix EB #1653commiting suicide!
EB TPCW Broswing Mix EB #10commiting suicide!
EB TPCW Broswing Mix EB #488commiting suicide!
EB TPCW Broswing Mix EB #292commiting suicide!
EB TPCW Broswing Mix EB #15587commiting suicide!
EB TPCW Broswing Mix EB #246commiting suicide!
EB TPCW Broswing Mix EB #17commiting suicide!
EB TPCW Broswing Mix EB #134commiting suicide!
EB TPCW Broswing Mix EB #9commiting suicide!
EB TPCW Broswing Mix EB #189commiting suicide!
EB TPCW Broswing Mix EB #244commiting suicide!
EB TPCW Broswing Mix EB #15814commiting suicide!
EB TPCW Broswing Mix EB #159commiting suicide!
EB TPCW Broswing Mix EB #15774commiting suicide!
EB TPCW Broswing Mix EB #183commiting suicide!
EB TPCW Broswing Mix EB #232commiting suicide!
EB TPCW Broswing Mix EB #86commiting suicide!
EB TPCW Broswing Mix EB #71commiting suicide!
EB TPCW Broswing Mix EB #15810commiting suicide!
EB TPCW Broswing Mix EB #180commiting suicide!
EB TPCW Broswing Mix EB #260commiting suicide!
EB TPCW Broswing Mix EB #124commiting suicide!
EB TPCW Broswing Mix EB #675commiting suicide!
EB TPCW Broswing Mix EB #179commiting suicide!
EB TPCW Broswing Mix EB #15808commiting suicide!
EB TPCW Broswing Mix EB #259commiting suicide!
EB TPCW Broswing Mix EB #668commiting suicide!
EB TPCW Broswing Mix EB #133commiting suicide!
EB TPCW Broswing Mix EB #38commiting suicide!
EB TPCW Broswing Mix EB #249commiting suicide!
EB TPCW Broswing Mix EB #35commiting suicide!
EB TPCW Broswing Mix EB #240commiting suicide!
EB TPCW Broswing Mix EB #193commiting suicide!
EB TPCW Broswing Mix EB #15775commiting suicide!
EB TPCW Broswing Mix EB #258commiting suicide!
EB TPCW Broswing Mix EB #1479commiting suicide!
EB TPCW Broswing Mix EB #15817commiting suicide!
EB TPCW Broswing Mix EB #15802commiting suicide!
EB TPCW Broswing Mix EB #15591commiting suicide!
EB TPCW Broswing Mix EB #681commiting suicide!
EB TPCW Broswing Mix EB #67commiting suicide!
EB TPCW Broswing Mix EB #311commiting suicide!
EB TPCW Broswing Mix EB #213commiting suicide!
EB TPCW Broswing Mix EB #15818commiting suicide!
EB TPCW Broswing Mix EB #301commiting suicide!
EB TPCW Broswing Mix EB #15816commiting suicide!
EB TPCW Broswing Mix EB #91commiting suicide!
EB TPCW Broswing Mix EB #289commiting suicide!
EB TPCW Broswing Mix EB #155commiting suicide!
EB TPCW Broswing Mix EB #15806commiting suicide!
EB TPCW Broswing Mix EB #27commiting suicide!
EB TPCW Broswing Mix EB #262commiting suicide!
EB TPCW Broswing Mix EB #238commiting suicide!
EB TPCW Broswing Mix EB #157commiting suicide!
EB TPCW Broswing Mix EB #57commiting suicide!
EB TPCW Broswing Mix EB #15145commiting suicide!
EB TPCW Broswing Mix EB #1648commiting suicide!
EB TPCW Broswing Mix EB #15592commiting suicide!
EB TPCW Broswing Mix EB #15504commiting suicide!
EB TPCW Broswing Mix EB #1654commiting suicide!
EB TPCW Broswing Mix EB #43commiting suicide!
EB TPCW Broswing Mix EB #15813commiting suicide!
EB TPCW Broswing Mix EB #282commiting suicide!
EB TPCW Broswing Mix EB #15805commiting suicide!
EB TPCW Broswing Mix EB #15589commiting suicide!
EB TPCW Broswing Mix EB #46commiting suicide!
EB TPCW Broswing Mix EB #268commiting suicide!
EB TPCW Broswing Mix EB #68commiting suicide!
EB TPCW Broswing Mix EB #275commiting suicide!
EB TPCW Broswing Mix EB #175commiting suicide!
EB TPCW Broswing Mix EB #15801commiting suicide!
EB TPCW Broswing Mix EB #77commiting suicide!
EB TPCW Broswing Mix EB #206commiting suicide!
EB TPCW Broswing Mix EB #137commiting suicide!
EB TPCW Broswing Mix EB #105commiting suicide!
EB TPCW Broswing Mix EB #70commiting suicide!
EB TPCW Broswing Mix EB #319commiting suicide!
EB TPCW Broswing Mix EB #233commiting suicide!
EB TPCW Broswing Mix EB #177commiting suicide!
EB TPCW Broswing Mix EB #41commiting suicide!
EB TPCW Broswing Mix EB #215commiting suicide!
EB TPCW Broswing Mix EB #270commiting suicide!
EB TPCW Broswing Mix EB #15665commiting suicide!
EB TPCW Broswing Mix EB #320commiting suicide!
EB TPCW Broswing Mix EB #100commiting suicide!
EB TPCW Broswing Mix EB #222commiting suicide!
EB TPCW Broswing Mix EB #503commiting suicide!
EB TPCW Broswing Mix EB #15807commiting suicide!
EB TPCW Broswing Mix EB #307commiting suicide!
EB TPCW Broswing Mix EB #271commiting suicide!
EB TPCW Broswing Mix EB #151commiting suicide!
EB TPCW Broswing Mix EB #210commiting suicide!
EB TPCW Broswing Mix EB #15501commiting suicide!
EB TPCW Broswing Mix EB #15502commiting suicide!
EB TPCW Broswing Mix EB #15812commiting suicide!
EB TPCW Broswing Mix EB #166commiting suicide!
EB TPCW Broswing Mix EB #230commiting suicide!
EB TPCW Broswing Mix EB #136commiting suicide!
EB TPCW Broswing Mix EB #15661commiting suicide!
EB TPCW Broswing Mix EB #235commiting suicide!
EB TPCW Broswing Mix EB #89commiting suicide!
EB TPCW Broswing Mix EB #207commiting suicide!
EB TPCW Broswing Mix EB #1646commiting suicide!
EB TPCW Broswing Mix EB #39commiting suicide!
EB TPCW Broswing Mix EB #248commiting suicide!
EB TPCW Broswing Mix EB #2995commiting suicide!
EB TPCW Broswing Mix EB #281commiting suicide!
EB TPCW Broswing Mix EB #15497commiting suicide!
EB TPCW Broswing Mix EB #15590commiting suicide!
EB TPCW Broswing Mix EB #15498commiting suicide!
EB TPCW Broswing Mix EB #315commiting suicide!
EB TPCW Broswing Mix EB #62commiting suicide!
EB TPCW Broswing Mix EB #142commiting suicide!
EB TPCW Broswing Mix EB #141commiting suicide!
EB TPCW Broswing Mix EB #15663commiting suicide!
EB TPCW Broswing Mix EB #15815commiting suicide!
EB TPCW Broswing Mix EB #140commiting suicide!
EB TPCW Broswing Mix EB #671commiting suicide!
EB TPCW Broswing Mix EB #266commiting suicide!
EB TPCW Broswing Mix EB #15142commiting suicide!
EB TPCW Broswing Mix EB #15811commiting suicide!
EB TPCW Broswing Mix EB #299commiting suicide!
EB TPCW Broswing Mix EB #170commiting suicide!
EB TPCW Broswing Mix EB #234commiting suicide!
EB TPCW Broswing Mix EB #42commiting suicide!
EB TPCW Broswing Mix EB #135commiting suicide!
EB TPCW Broswing Mix EB #253commiting suicide!
EB TPCW Broswing Mix EB #15809commiting suicide!
EB TPCW Broswing Mix EB #231commiting suicide!
EB TPCW Broswing Mix EB #284commiting suicide!
EB TPCW Broswing Mix EB #58commiting suicide!
EB TPCW Broswing Mix EB #146commiting suicide!
EB TPCW Broswing Mix EB #76commiting suicide!
EB TPCW Broswing Mix EB #138commiting suicide!
EB TPCW Broswing Mix EB #15664commiting suicide!
EB TPCW Broswing Mix EB #508commiting suicide!
EB TPCW Broswing Mix EB #197commiting suicide!
EB TPCW Broswing Mix EB #494commiting suicide!
EB TPCW Broswing Mix EB #90commiting suicide!
EB TPCW Broswing Mix EB #1657commiting suicide!
EB TPCW Broswing Mix EB #48commiting suicide!
EB TPCW Broswing Mix EB #15588commiting suicide!
EB TPCW Broswing Mix EB #321commiting suicide!
EB TPCW Broswing Mix EB #217commiting suicide!
EB TPCW Broswing Mix EB #80commiting suicide!
EB TPCW Broswing Mix EB #169commiting suicide!
EB TPCW Broswing Mix EB #15143commiting suicide!
EB TPCW Broswing Mix EB #15144commiting suicide!
EB TPCW Broswing Mix EB #219commiting suicide!
EB TPCW Broswing Mix EB #104commiting suicide!
EB TPCW Broswing Mix EB #162commiting suicide!
EB TPCW Broswing Mix EB #181commiting suicide!
EB TPCW Broswing Mix EB #288commiting suicide!
EB TPCW Broswing Mix EB #15804commiting suicide!
EB TPCW Broswing Mix EB #682commiting suicide!
EB TPCW Broswing Mix EB #280commiting suicide!
EB TPCW Broswing Mix EB #277commiting suicide!
EB TPCW Broswing Mix EB #679commiting suicide!
EB TPCW Broswing Mix EB #495commiting suicide!
EB TPCW Broswing Mix EB #208commiting suicide!
EB TPCW Broswing Mix EB #15500commiting suicide!
EB TPCW Broswing Mix EB #147commiting suicide!
EB TPCW Broswing Mix EB #66commiting suicide!
EB TPCW Broswing Mix EB #497commiting suicide!
EB TPCW Broswing Mix EB #15503commiting suicide!
EB TPCW Broswing Mix EB #310commiting suicide!
EB TPCW Broswing Mix EB #15662commiting suicide!
EB TPCW Broswing Mix EB #1650commiting suicide!
EB TPCW Broswing Mix EB #286commiting suicide!
EB TPCW Broswing Mix EB #239commiting suicide!
EB TPCW Broswing Mix EB #182commiting suicide!
EB TPCW Broswing Mix EB #85commiting suicide!
EB TPCW Broswing Mix EB #312commiting suicide!
EB TPCW Broswing Mix EB #224commiting suicide!
EB TPCW Broswing Mix EB #75commiting suicide!
EB TPCW Broswing Mix EB #190commiting suicide!
EB TPCW Broswing Mix EB #297commiting suicide!
EB TPCW Broswing Mix EB #203commiting suicide!
EBs finished.
Really finishing RBE!.
