Remote Browser Emulator for TPC-W.
  ECE 902  Fall '99
  Version 1.5
System's current path is /root/loadtest
rt:0.11,through:1.8,tt:0.44,num_interact:27,Intrvl:15,num_users:1,errors:0
rt:1.24,through:11.2,tt:0.4,num_interact:168,Intrvl:15,num_users:20,errors:0
rt:5.11,through:11.27,tt:0.38,num_interact:169,Intrvl:15,num_users:80,errors:0
rt:7.35,through:12.73,tt:0.38,num_interact:191,Intrvl:15,num_users:120,errors:0
rt:9.23,through:12.73,tt:0.43,num_interact:191,Intrvl:15,num_users:180,errors:0
rt:13.87,through:13,tt:0.37,num_interact:195,Intrvl:15,num_users:240,errors:0
rt:16.07,through:12.4,tt:0.37,num_interact:186,Intrvl:15,num_users:280,errors:0
rt:19.77,through:13.4,tt:0.34,num_interact:201,Intrvl:15,num_users:310,errors:0
rt:23.42,through:12.87,tt:0.33,num_interact:193,Intrvl:15,num_users:360,errors:0
rt:26.24,through:13,tt:0.39,num_interact:195,Intrvl:15,num_users:390,errors:0
rt:26.58,through:13,tt:0.39,num_interact:195,Intrvl:15,num_users:413,errors:0
rt:29.93,through:12.93,tt:0.38,num_interact:195,Intrvl:15,num_users:486,errors:0
rt:32.06,through:12.33,tt:0.36,num_interact:185,Intrvl:15,num_users:421,errors:0
rt:36.34,through:7.6,tt:0.36,num_interact:114,Intrvl:15,num_users:342,errors:0
rt:35.63,through:10.2,tt:0.36,num_interact:153,Intrvl:15,num_users:322,errors:0
rt:31.88,through:11.27,tt:0.37,num_interact:169,Intrvl:15,num_users:403,errors:0
rt:30.24,through:12.73,tt:0.32,num_interact:191,Intrvl:15,num_users:405,errors:0
rt:31.5,through:13.07,tt:0.44,num_interact:196,Intrvl:15,num_users:417,errors:0
rt:30.25,through:12.87,tt:0.35,num_interact:193,Intrvl:15,num_users:406,errors:0
rt:30.51,through:11.4,tt:0.38,num_interact:171,Intrvl:15,num_users:351,errors:0
rt:31.25,through:11,tt:0.34,num_interact:165,Intrvl:15,num_users:434,errors:0
rt:31.85,through:10.73,tt:0.37,num_interact:161,Intrvl:15,num_users:343,errors:0
rt:33.85,through:9.13,tt:0.33,num_interact:137,Intrvl:15,num_users:417,errors:0
rt:32.09,through:13,tt:0.37,num_interact:195,Intrvl:15,num_users:424,errors:0
rt:32.35,through:12.73,tt:0.41,num_interact:191,Intrvl:15,num_users:424,errors:0
rt:33.47,through:12.47,tt:0.33,num_interact:187,Intrvl:15,num_users:414,errors:0
rt:32.83,through:13.13,tt:0.32,num_interact:198,Intrvl:15,num_users:501,errors:0
rt:31.25,through:11.93,tt:0.39,num_interact:179,Intrvl:15,num_users:407,errors:0
rt:37.08,through:8.73,tt:0.3,num_interact:131,Intrvl:15,num_users:438,errors:0
rt:37.22,through:12.07,tt:0.38,num_interact:181,Intrvl:15,num_users:480,errors:0
rt:37.56,through:12.6,tt:0.41,num_interact:189,Intrvl:15,num_users:444,errors:0
rt:36.57,through:11.07,tt:0.39,num_interact:166,Intrvl:15,num_users:482,errors:0
rt:35.58,through:12.73,tt:0.34,num_interact:191,Intrvl:15,num_users:475,errors:0
rt:37.57,through:12.27,tt:0.32,num_interact:184,Intrvl:15,num_users:452,errors:0
rt:36.51,through:11.93,tt:0.39,num_interact:179,Intrvl:15,num_users:440,errors:0
rt:36.3,through:12.6,tt:0.34,num_interact:189,Intrvl:15,num_users:445,errors:0
rt:34.3,through:13.27,tt:0.34,num_interact:199,Intrvl:15,num_users:508,errors:0
rt:34.53,through:11.6,tt:0.38,num_interact:174,Intrvl:15,num_users:426,errors:0
rt:37.81,through:10,tt:0.33,num_interact:150,Intrvl:15,num_users:455,errors:0
rt:37.44,through:12,tt:0.36,num_interact:180,Intrvl:15,num_users:435,errors:0
rt:37.72,through:11.73,tt:0.38,num_interact:176,Intrvl:15,num_users:463,errors:0
rt:35.15,through:12.73,tt:0.34,num_interact:191,Intrvl:15,num_users:444,errors:0
rt:35.77,through:11.33,tt:0.36,num_interact:170,Intrvl:15,num_users:412,errors:0
rt:35.59,through:12.07,tt:0.34,num_interact:181,Intrvl:15,num_users:419,errors:0
rt:33.85,through:12.73,tt:0.39,num_interact:191,Intrvl:15,num_users:409,errors:0
rt:31.46,through:12.13,tt:0.31,num_interact:186,Intrvl:15,num_users:427,errors:0
rt:32.07,through:12.73,tt:0.38,num_interact:191,Intrvl:15,num_users:416,errors:0
rt:33.48,through:12.53,tt:0.35,num_interact:188,Intrvl:15,num_users:448,errors:0
rt:32.97,through:13.33,tt:0.36,num_interact:200,Intrvl:15,num_users:456,errors:0
rt:32.21,through:13,tt:0.37,num_interact:195,Intrvl:15,num_users:482,errors:0
rt:34.67,through:12.67,tt:0.35,num_interact:191,Intrvl:15,num_users:465,errors:0
rt:36.64,through:12.2,tt:0.4,num_interact:183,Intrvl:15,num_users:472,errors:0
rt:36.58,through:12.8,tt:0.36,num_interact:192,Intrvl:15,num_users:454,errors:0
rt:36.7,through:11.73,tt:0.34,num_interact:176,Intrvl:15,num_users:417,errors:0
rt:34.16,through:11.2,tt:0.38,num_interact:168,Intrvl:15,num_users:490,errors:0
rt:36.7,through:11.73,tt:0.34,num_interact:176,Intrvl:15,num_users:473,errors:0
rt:38.54,through:10.67,tt:0.35,num_interact:160,Intrvl:15,num_users:449,errors:0
rt:38.66,through:12.07,tt:0.4,num_interact:181,Intrvl:15,num_users:434,errors:0
rt:36.43,through:11.07,tt:0.4,num_interact:166,Intrvl:15,num_users:407,errors:0
rt:37.53,through:11.6,tt:0.36,num_interact:174,Intrvl:15,num_users:472,errors:0
rt:35.23,through:12.33,tt:0.39,num_interact:185,Intrvl:15,num_users:463,errors:0
rt:34.87,through:8.4,tt:0.37,num_interact:126,Intrvl:15,num_users:371,errors:0
rt:36.47,through:11.47,tt:0.37,num_interact:172,Intrvl:15,num_users:454,errors:0
rt:36.17,through:11.27,tt:0.42,num_interact:169,Intrvl:15,num_users:419,errors:0
rt:35.82,through:11.73,tt:0.4,num_interact:176,Intrvl:15,num_users:435,errors:0
rt:35.26,through:12.73,tt:0.34,num_interact:191,Intrvl:15,num_users:483,errors:0
rt:33.18,through:13.07,tt:0.34,num_interact:196,Intrvl:15,num_users:486,errors:11
rt:32.61,through:12.07,tt:0.39,num_interact:181,Intrvl:15,num_users:400,errors:0
rt:22.68,through:22.93,tt:0.38,num_interact:344,Intrvl:15,num_users:419,errors:0
rt:19.09,through:24.93,tt:0.35,num_interact:374,Intrvl:15,num_users:414,errors:0
rt:15.2,through:22.87,tt:0.36,num_interact:343,Intrvl:15,num_users:370,errors:0
rt:16.1,through:24.73,tt:0.36,num_interact:371,Intrvl:15,num_users:466,errors:0
rt:17.66,through:25.67,tt:0.38,num_interact:385,Intrvl:15,num_users:466,errors:0
rt:18,through:25.27,tt:0.34,num_interact:379,Intrvl:15,num_users:459,errors:0
rt:17.37,through:25.53,tt:0.36,num_interact:383,Intrvl:15,num_users:445,errors:0
rt:17.26,through:24.6,tt:0.34,num_interact:369,Intrvl:15,num_users:421,errors:0
rt:16.42,through:25.6,tt:0.33,num_interact:384,Intrvl:15,num_users:438,errors:0
rt:16.61,through:25.67,tt:0.38,num_interact:385,Intrvl:15,num_users:438,errors:0
rt:16.41,through:25.07,tt:0.39,num_interact:376,Intrvl:15,num_users:423,errors:0
rt:16.59,through:25.33,tt:0.34,num_interact:380,Intrvl:15,num_users:437,errors:0
rt:16.28,through:25.27,tt:0.39,num_interact:379,Intrvl:15,num_users:419,errors:0
rt:16.6,through:25.33,tt:0.38,num_interact:380,Intrvl:15,num_users:463,errors:0
rt:16.67,through:22.27,tt:0.36,num_interact:334,Intrvl:15,num_users:379,errors:0
rt:16.54,through:24.73,tt:0.36,num_interact:371,Intrvl:15,num_users:498,errors:0
rt:17.76,through:26.33,tt:0.37,num_interact:395,Intrvl:15,num_users:514,errors:0
rt:19.39,through:25.07,tt:0.36,num_interact:376,Intrvl:15,num_users:497,errors:0
rt:19.13,through:25.07,tt:0.35,num_interact:376,Intrvl:15,num_users:480,errors:0
rt:17.88,through:22.67,tt:0.36,num_interact:340,Intrvl:15,num_users:400,errors:0
rt:17.01,through:24.13,tt:0.37,num_interact:362,Intrvl:15,num_users:470,errors:0
rt:17.17,through:22.6,tt:0.38,num_interact:339,Intrvl:15,num_users:403,errors:0
rt:17.21,through:27.93,tt:0.36,num_interact:419,Intrvl:15,num_users:546,errors:0
rt:19.12,through:18.87,tt:0.35,num_interact:283,Intrvl:15,num_users:410,errors:0
rt:18.81,through:23,tt:0.36,num_interact:345,Intrvl:15,num_users:463,errors:0
rt:18.23,through:23.33,tt:0.36,num_interact:350,Intrvl:15,num_users:417,errors:0
rt:17.08,through:26.33,tt:0.38,num_interact:395,Intrvl:15,num_users:447,errors:0
rt:16.78,through:26.73,tt:0.37,num_interact:401,Intrvl:15,num_users:455,errors:0
rt:17.25,through:25.67,tt:0.36,num_interact:385,Intrvl:15,num_users:521,errors:0
rt:18.23,through:25,tt:0.38,num_interact:375,Intrvl:15,num_users:484,errors:0
rt:18.96,through:24.27,tt:0.34,num_interact:392,Intrvl:15,num_users:521,errors:0
rt:18.73,through:22.87,tt:0.34,num_interact:343,Intrvl:15,num_users:438,errors:0
rt:18.25,through:24.8,tt:0.33,num_interact:372,Intrvl:15,num_users:433,errors:0
rt:17.04,through:25.47,tt:0.32,num_interact:382,Intrvl:15,num_users:452,errors:0
rt:17.24,through:26.4,tt:0.37,num_interact:396,Intrvl:15,num_users:496,errors:0
rt:18.44,through:25.87,tt:0.33,num_interact:388,Intrvl:15,num_users:507,errors:0
rt:18.5,through:25,tt:0.36,num_interact:375,Intrvl:15,num_users:458,errors:0
rt:17.83,through:23.13,tt:0.33,num_interact:347,Intrvl:15,num_users:421,errors:0
rt:17.27,through:24.47,tt:0.34,num_interact:367,Intrvl:15,num_users:424,errors:0
rt:16.27,through:26.93,tt:0.36,num_interact:404,Intrvl:15,num_users:431,errors:0
rt:15.61,through:25.2,tt:0.33,num_interact:378,Intrvl:15,num_users:417,errors:0
rt:16.42,through:25.87,tt:0.33,num_interact:388,Intrvl:15,num_users:468,errors:0
rt:17.07,through:25.87,tt:0.35,num_interact:388,Intrvl:15,num_users:470,errors:0
rt:17.98,through:25.67,tt:0.38,num_interact:385,Intrvl:15,num_users:508,errors:0
rt:18.54,through:26.53,tt:0.38,num_interact:398,Intrvl:15,num_users:486,errors:0
rt:18.43,through:24.13,tt:0.34,num_interact:362,Intrvl:15,num_users:473,errors:0
rt:18.54,through:26.6,tt:0.33,num_interact:399,Intrvl:15,num_users:490,errors:0
rt:18.43,through:23.67,tt:0.34,num_interact:355,Intrvl:15,num_users:442,errors:0
rt:16.93,through:24.87,tt:0.37,num_interact:373,Intrvl:15,num_users:424,errors:0
rt:17.09,through:25.8,tt:0.41,num_interact:387,Intrvl:15,num_users:482,errors:0
rt:17.62,through:24.07,tt:0.35,num_interact:361,Intrvl:15,num_users:461,errors:0
rt:17.8,through:25.8,tt:0.37,num_interact:387,Intrvl:15,num_users:490,errors:0
rt:18.44,through:25.47,tt:0.36,num_interact:388,Intrvl:15,num_users:505,errors:0
rt:18.82,through:26.47,tt:0.37,num_interact:397,Intrvl:15,num_users:482,errors:0
rt:18.87,through:24.47,tt:0.34,num_interact:367,Intrvl:15,num_users:508,errors:0
rt:19.55,through:26.4,tt:0.38,num_interact:396,Intrvl:15,num_users:515,errors:0
rt:18.91,through:24.87,tt:0.34,num_interact:374,Intrvl:15,num_users:482,errors:0
rt:18.16,through:23,tt:0.31,num_interact:345,Intrvl:15,num_users:444,errors:0
rt:17.39,through:24.93,tt:0.35,num_interact:374,Intrvl:15,num_users:433,errors:0
rt:16.59,through:24.6,tt:0.32,num_interact:369,Intrvl:15,num_users:403,errors:0
rt:15.9,through:26.8,tt:0.34,num_interact:402,Intrvl:15,num_users:463,errors:0
rt:17.02,through:24,tt:0.35,num_interact:360,Intrvl:15,num_users:444,errors:0
rt:17.59,through:25.33,tt:0.4,num_interact:380,Intrvl:15,num_users:454,errors:0
rt:17.52,through:26.07,tt:0.36,num_interact:391,Intrvl:15,num_users:452,errors:0
rt:17.09,through:23.4,tt:0.37,num_interact:351,Intrvl:15,num_users:402,errors:0
rt:16.57,through:26.13,tt:0.35,num_interact:395,Intrvl:15,num_users:500,errors:0
rt:17.85,through:24.4,tt:0.39,num_interact:366,Intrvl:15,num_users:479,errors:0
rt:18.68,through:25.4,tt:0.38,num_interact:381,Intrvl:15,num_users:491,errors:0
rt:18.15,through:26,tt:0.35,num_interact:390,Intrvl:15,num_users:483,errors:0
rt:17.9,through:25.73,tt:0.34,num_interact:386,Intrvl:15,num_users:519,errors:0
rt:19.64,through:25.67,tt:0.37,num_interact:385,Intrvl:15,num_users:514,errors:0
rt:19.26,through:27,tt:0.35,num_interact:405,Intrvl:15,num_users:518,errors:0
rt:19.68,through:25.07,tt:0.38,num_interact:376,Intrvl:15,num_users:543,errors:0
rt:19.89,through:23.87,tt:0.35,num_interact:358,Intrvl:15,num_users:487,errors:0
rt:18.9,through:25.27,tt:0.32,num_interact:379,Intrvl:15,num_users:476,errors:0
rt:18.2,through:22.73,tt:0.34,num_interact:341,Intrvl:15,num_users:413,errors:5
rt:15.06,through:29.87,tt:0.36,num_interact:448,Intrvl:15,num_users:483,errors:0
rt:14.03,through:33.13,tt:0.34,num_interact:497,Intrvl:15,num_users:480,errors:0
rt:14.82,through:33.33,tt:0.34,num_interact:513,Intrvl:15,num_users:435,errors:0
rt:12.83,through:35.2,tt:0.34,num_interact:528,Intrvl:15,num_users:482,errors:0
rt:13.83,through:53.2,tt:0.34,num_interact:798,Intrvl:15,num_users:521,errors:0
rt:13.49,through:34.93,tt:0.36,num_interact:524,Intrvl:15,num_users:444,errors:0
rt:13.61,through:32.2,tt:0.36,num_interact:483,Intrvl:15,num_users:510,errors:0
rt:13.59,through:34.13,tt:0.35,num_interact:512,Intrvl:15,num_users:447,errors:0
rt:12,through:42.33,tt:0.35,num_interact:635,Intrvl:15,num_users:459,errors:0
rt:13.12,through:36.73,tt:0.35,num_interact:645,Intrvl:15,num_users:442,errors:0
rt:10.45,through:38.93,tt:0.33,num_interact:584,Intrvl:15,num_users:392,errors:0
rt:12.26,through:36.73,tt:0.36,num_interact:551,Intrvl:15,num_users:535,errors:0
rt:14.48,through:50.73,tt:0.35,num_interact:761,Intrvl:15,num_users:482,errors:0
rt:14.42,through:68.07,tt:0.35,num_interact:1090,Intrvl:15,num_users:490,errors:0
rt:14.99,through:55.73,tt:0.36,num_interact:836,Intrvl:15,num_users:501,errors:0
rt:16.88,through:90.27,tt:0.35,num_interact:1411,Intrvl:15,num_users:522,errors:0
rt:16.3,through:34.67,tt:0.36,num_interact:521,Intrvl:15,num_users:505,errors:0
rt:13.45,through:31.6,tt:0.35,num_interact:474,Intrvl:15,num_users:455,errors:0
rt:13.61,through:37.4,tt:0.36,num_interact:561,Intrvl:15,num_users:452,errors:0
rt:11.65,through:31.13,tt:0.38,num_interact:467,Intrvl:15,num_users:522,errors:0
rt:15.92,through:34.47,tt:0.36,num_interact:517,Intrvl:15,num_users:472,errors:0
rt:13.45,through:34,tt:0.36,num_interact:510,Intrvl:15,num_users:442,errors:0
rt:13.36,through:35.13,tt:0.38,num_interact:527,Intrvl:15,num_users:552,errors:0
rt:15.08,through:26.13,tt:0.34,num_interact:392,Intrvl:15,num_users:538,errors:0
rt:17.16,through:32.13,tt:0.34,num_interact:482,Intrvl:15,num_users:465,errors:0
rt:13.4,through:53.87,tt:0.35,num_interact:808,Intrvl:15,num_users:470,errors:0
rt:14.83,through:32.6,tt:0.34,num_interact:489,Intrvl:15,num_users:483,errors:0
rt:13.04,through:33.27,tt:0.36,num_interact:661,Intrvl:15,num_users:456,errors:0
rt:12.55,through:35.93,tt:0.34,num_interact:539,Intrvl:15,num_users:434,errors:0
rt:13.02,through:34.4,tt:0.38,num_interact:516,Intrvl:15,num_users:469,errors:0
rt:13.39,through:60.67,tt:0.37,num_interact:1043,Intrvl:15,num_users:487,errors:0
rt:14.94,through:31.67,tt:0.36,num_interact:475,Intrvl:15,num_users:477,errors:0
rt:12.55,through:34.47,tt:0.35,num_interact:517,Intrvl:15,num_users:414,errors:0
rt:13.06,through:31.8,tt:0.39,num_interact:507,Intrvl:15,num_users:500,errors:0
rt:13.53,through:33.47,tt:0.36,num_interact:502,Intrvl:15,num_users:475,errors:0
rt:15.28,through:30.8,tt:0.34,num_interact:462,Intrvl:15,num_users:524,errors:0
rt:15.11,through:29.87,tt:0.33,num_interact:448,Intrvl:15,num_users:480,errors:0
rt:14.3,through:31.07,tt:0.37,num_interact:466,Intrvl:15,num_users:479,errors:5
rt:12.8,through:33.8,tt:0.33,num_interact:507,Intrvl:15,num_users:409,errors:0
rt:12.53,through:59.33,tt:0.36,num_interact:999,Intrvl:15,num_users:490,errors:0
rt:14.16,through:34.8,tt:0.35,num_interact:696,Intrvl:15,num_users:468,errors:0
rt:13.08,through:56.27,tt:0.35,num_interact:844,Intrvl:15,num_users:477,errors:0
rt:14.25,through:36.93,tt:0.35,num_interact:554,Intrvl:15,num_users:543,errors:0
rt:14.41,through:28.13,tt:0.33,num_interact:422,Intrvl:15,num_users:455,errors:0
rt:11.73,through:35.33,tt:0.38,num_interact:530,Intrvl:15,num_users:423,errors:0
rt:12.34,through:90.2,tt:0.34,num_interact:1353,Intrvl:15,num_users:455,errors:0
rt:12.67,through:31.73,tt:0.38,num_interact:476,Intrvl:15,num_users:503,errors:0
rt:15.28,through:34.33,tt:0.32,num_interact:515,Intrvl:15,num_users:477,errors:0
rt:13.85,through:26.6,tt:0.35,num_interact:399,Intrvl:15,num_users:536,errors:0
rt:19.21,through:43.53,tt:0.37,num_interact:653,Intrvl:15,num_users:494,errors:0
rt:20.19,through:35,tt:0.33,num_interact:525,Intrvl:15,num_users:496,errors:0
rt:14.09,through:28.47,tt:0.34,num_interact:427,Intrvl:15,num_users:526,errors:0
rt:16.09,through:63.93,tt:0.35,num_interact:959,Intrvl:15,num_users:591,errors:0
rt:17.06,through:35.87,tt:0.37,num_interact:538,Intrvl:15,num_users:482,errors:0
rt:15.26,through:98.87,tt:0.35,num_interact:1483,Intrvl:15,num_users:521,errors:0
rt:16.44,through:29.13,tt:0.33,num_interact:437,Intrvl:15,num_users:514,errors:0
rt:17.4,through:63.8,tt:0.34,num_interact:1375,Intrvl:15,num_users:539,errors:0
rt:14.57,through:28.07,tt:0.33,num_interact:421,Intrvl:15,num_users:501,errors:0
rt:16.39,through:25.87,tt:0.39,num_interact:388,Intrvl:15,num_users:490,errors:0
rt:16.56,through:38.93,tt:0.33,num_interact:584,Intrvl:15,num_users:431,errors:0
rt:13.13,through:28.87,tt:0.36,num_interact:721,Intrvl:15,num_users:479,errors:0
rt:12.94,through:38.87,tt:0.35,num_interact:583,Intrvl:15,num_users:508,errors:0
rt:16.16,through:51.8,tt:0.34,num_interact:777,Intrvl:15,num_users:567,errors:0
rt:16.07,through:29,tt:0.34,num_interact:680,Intrvl:15,num_users:504,errors:0
rt:17.32,through:47.2,tt:0.34,num_interact:708,Intrvl:15,num_users:508,errors:0
rt:16.46,through:32.8,tt:0.35,num_interact:492,Intrvl:15,num_users:536,errors:0
rt:15.84,through:23.8,tt:0.35,num_interact:433,Intrvl:15,num_users:539,errors:0
rt:52.64,through:59.07,tt:0.35,num_interact:886,Intrvl:15,num_users:577,errors:0
rt:21.55,through:13.6,tt:0.39,num_interact:204,Intrvl:15,num_users:584,errors:0
rt:37.01,through:2.73,tt:0.29,num_interact:41,Intrvl:15,num_users:613,errors:0
rt:53.93,through:2.73,tt:0.33,num_interact:41,Intrvl:15,num_users:459,errors:0
rt:117.47,through:85.13,tt:0.36,num_interact:1643,Intrvl:15,num_users:652,errors:0
rt:50.88,through:29.53,tt:0.37,num_interact:508,Intrvl:15,num_users:574,errors:0
rt:23.24,through:27.53,tt:0.35,num_interact:413,Intrvl:15,num_users:546,errors:0
rt:17.37,through:42.73,tt:0.39,num_interact:641,Intrvl:15,num_users:591,errors:0
rt:21,through:33.2,tt:0.33,num_interact:538,Intrvl:15,num_users:545,errors:0
rt:15.56,through:27.33,tt:0.35,num_interact:410,Intrvl:15,num_users:536,errors:0
rt:17.54,through:58.53,tt:0.35,num_interact:884,Intrvl:15,num_users:525,errors:0
rt:17.54,through:38.87,tt:0.35,num_interact:583,Intrvl:15,num_users:592,errors:0
rt:16.76,through:26.4,tt:0.34,num_interact:495,Intrvl:15,num_users:539,errors:0
rt:14.65,through:30.13,tt:0.35,num_interact:522,Intrvl:15,num_users:498,errors:0
rt:15.84,through:69.47,tt:0.37,num_interact:1042,Intrvl:15,num_users:532,errors:0
rt:17.46,through:33,tt:0.39,num_interact:495,Intrvl:15,num_users:578,errors:0
rt:14.8,through:29,tt:0.36,num_interact:458,Intrvl:15,num_users:466,errors:0
rt:14.41,through:53.6,tt:0.35,num_interact:1080,Intrvl:15,num_users:528,errors:0
rt:17.32,through:47.33,tt:0.38,num_interact:710,Intrvl:15,num_users:668,errors:0
rt:19.31,through:24.47,tt:0.33,num_interact:367,Intrvl:15,num_users:594,errors:0
rt:23.54,through:31.33,tt:0.35,num_interact:471,Intrvl:15,num_users:581,errors:0
rt:111.22,through:111.47,tt:0.36,num_interact:1672,Intrvl:15,num_users:672,errors:0
rt:22.64,through:23.87,tt:0.34,num_interact:358,Intrvl:15,num_users:658,errors:0
rt:24.1,through:19.93,tt:0.33,num_interact:299,Intrvl:15,num_users:615,errors:0
rt:29.23,through:32.93,tt:0.33,num_interact:494,Intrvl:15,num_users:592,errors:0
rt:17.84,through:24.8,tt:0.35,num_interact:372,Intrvl:15,num_users:531,errors:0
rt:18.26,through:30.87,tt:0.35,num_interact:463,Intrvl:15,num_users:522,errors:0
rt:15.87,through:34,tt:0.36,num_interact:510,Intrvl:15,num_users:585,errors:0
rt:17.14,through:20.33,tt:0.36,num_interact:305,Intrvl:15,num_users:610,errors:0
rt:27.25,through:1.07,tt:0.29,num_interact:16,Intrvl:15,num_users:589,errors:0
rt:40.91,through:0.6,tt:0.23,num_interact:9,Intrvl:15,num_users:577,errors:0
rt:60.91,through:0.33,tt:0.55,num_interact:5,Intrvl:15,num_users:557,errors:0
rt:253.3,through:101.07,tt:0.35,num_interact:1516,Intrvl:15,num_users:574,errors:9
rt:30.52,through:30.67,tt:0.33,num_interact:460,Intrvl:15,num_users:568,errors:0
rt:22.78,through:20.33,tt:0.32,num_interact:305,Intrvl:15,num_users:566,errors:0
rt:27.06,through:16.4,tt:0.36,num_interact:246,Intrvl:15,num_users:528,errors:0
rt:31.72,through:15,tt:0.37,num_interact:225,Intrvl:15,num_users:498,errors:0
rt:30.67,through:16.13,tt:0.34,num_interact:242,Intrvl:15,num_users:507,errors:0
rt:31.36,through:16.67,tt:0.35,num_interact:250,Intrvl:15,num_users:498,errors:0
rt:29.4,through:14.67,tt:0.36,num_interact:220,Intrvl:15,num_users:442,errors:0
rt:28.32,through:15.93,tt:0.3,num_interact:239,Intrvl:15,num_users:491,errors:0
rt:27.94,through:17.07,tt:0.36,num_interact:256,Intrvl:15,num_users:560,errors:0
rt:29.5,through:16.6,tt:0.4,num_interact:249,Intrvl:15,num_users:588,errors:0
rt:31.73,through:15.8,tt:0.39,num_interact:237,Intrvl:15,num_users:505,errors:0
rt:33.08,through:14.87,tt:0.33,num_interact:223,Intrvl:15,num_users:518,errors:0
rt:32.87,through:15.67,tt:0.36,num_interact:235,Intrvl:15,num_users:501,errors:0
rt:31.39,through:15.33,tt:0.33,num_interact:230,Intrvl:15,num_users:461,errors:0
rt:29.53,through:15.53,tt:0.36,num_interact:233,Intrvl:15,num_users:536,errors:0
rt:29.33,through:16.73,tt:0.39,num_interact:251,Intrvl:15,num_users:522,errors:0
rt:30.69,through:14.2,tt:0.34,num_interact:213,Intrvl:15,num_users:430,errors:0
rt:32.08,through:14.07,tt:0.36,num_interact:211,Intrvl:15,num_users:536,errors:0
rt:29.59,through:15.67,tt:0.32,num_interact:235,Intrvl:15,num_users:651,errors:0
rt:32.77,through:15.8,tt:0.38,num_interact:237,Intrvl:15,num_users:563,errors:0
rt:33.53,through:14.2,tt:0.36,num_interact:213,Intrvl:15,num_users:623,errors:0
rt:35.28,through:14.8,tt:0.32,num_interact:222,Intrvl:15,num_users:511,errors:0
rt:35.46,through:13.73,tt:0.36,num_interact:206,Intrvl:15,num_users:578,errors:0
rt:35.1,through:15.2,tt:0.35,num_interact:228,Intrvl:15,num_users:529,errors:0
rt:34.25,through:15,tt:0.33,num_interact:225,Intrvl:15,num_users:505,errors:0
rt:32.23,through:16.4,tt:0.36,num_interact:246,Intrvl:15,num_users:585,errors:0
rt:33.84,through:14.27,tt:0.37,num_interact:214,Intrvl:15,num_users:466,errors:0
rt:34.3,through:12.33,tt:0.36,num_interact:185,Intrvl:15,num_users:532,errors:0
rt:32.52,through:17.07,tt:0.37,num_interact:256,Intrvl:15,num_users:542,errors:0
rt:32.55,through:16.8,tt:0.4,num_interact:252,Intrvl:15,num_users:620,errors:0
rt:32.71,through:15.73,tt:0.33,num_interact:236,Intrvl:15,num_users:552,errors:0
rt:32.67,through:15.2,tt:0.33,num_interact:228,Intrvl:15,num_users:547,errors:0
rt:34.21,through:16.8,tt:0.35,num_interact:252,Intrvl:15,num_users:550,errors:0
rt:33.4,through:15.67,tt:0.37,num_interact:235,Intrvl:15,num_users:508,errors:0
rt:32.48,through:15.27,tt:0.37,num_interact:229,Intrvl:15,num_users:491,errors:0
rt:31.61,through:16.53,tt:0.31,num_interact:248,Intrvl:15,num_users:617,errors:0
rt:30.82,through:17.13,tt:0.3,num_interact:257,Intrvl:15,num_users:627,errors:0
rt:32.58,through:16.27,tt:0.36,num_interact:244,Intrvl:15,num_users:605,errors:0
rt:35.19,through:16.4,tt:0.3,num_interact:246,Intrvl:15,num_users:668,errors:0
rt:34.91,through:14.8,tt:0.35,num_interact:222,Intrvl:15,num_users:549,errors:0
rt:34.88,through:13.6,tt:0.32,num_interact:204,Intrvl:15,num_users:571,errors:0
rt:35.09,through:16.33,tt:0.34,num_interact:245,Intrvl:15,num_users:584,errors:0
rt:34.87,through:16.13,tt:0.37,num_interact:242,Intrvl:15,num_users:587,errors:0
rt:36.5,through:15.2,tt:0.33,num_interact:228,Intrvl:15,num_users:529,errors:0
rt:34.9,through:16,tt:0.39,num_interact:240,Intrvl:15,num_users:556,errors:0
rt:33.05,through:16.8,tt:0.35,num_interact:252,Intrvl:15,num_users:612,errors:0
rt:33,through:16.2,tt:0.38,num_interact:243,Intrvl:15,num_users:571,errors:0
rt:34.19,through:16.13,tt:0.35,num_interact:242,Intrvl:15,num_users:571,errors:6
rt:34.33,through:14.93,tt:0.34,num_interact:224,Intrvl:15,num_users:526,errors:0
rt:36.76,through:16.07,tt:0.36,num_interact:242,Intrvl:15,num_users:620,errors:0
rt:34.05,through:17.27,tt:0.37,num_interact:260,Intrvl:15,num_users:679,errors:0
rt:33.66,through:14.47,tt:0.36,num_interact:221,Intrvl:15,num_users:564,errors:0
rt:34.1,through:13.53,tt:0.33,num_interact:203,Intrvl:15,num_users:535,errors:0
rt:36.84,through:15.2,tt:0.36,num_interact:228,Intrvl:15,num_users:606,errors:0
rt:34.89,through:16.53,tt:0.33,num_interact:248,Intrvl:15,num_users:629,errors:0
rt:36.14,through:15.67,tt:0.34,num_interact:235,Intrvl:15,num_users:568,errors:0
rt:34.4,through:15.93,tt:0.34,num_interact:239,Intrvl:15,num_users:659,errors:0
rt:33.97,through:15.93,tt:0.31,num_interact:239,Intrvl:15,num_users:624,errors:0
rt:35.82,through:15.93,tt:0.36,num_interact:239,Intrvl:15,num_users:592,errors:0
rt:34.97,through:16.47,tt:0.35,num_interact:247,Intrvl:15,num_users:616,errors:0
rt:35.7,through:16.87,tt:0.39,num_interact:253,Intrvl:15,num_users:612,errors:0
rt:34.65,through:16.87,tt:0.36,num_interact:253,Intrvl:15,num_users:608,errors:4
rt:33.9,through:17.07,tt:0.3,num_interact:256,Intrvl:15,num_users:617,errors:0
rt:38.13,through:16.47,tt:0.36,num_interact:247,Intrvl:15,num_users:599,errors:0
rt:35.1,through:13.87,tt:0.32,num_interact:208,Intrvl:15,num_users:498,errors:7
rt:30.86,through:18,tt:0.38,num_interact:270,Intrvl:15,num_users:564,errors:2
rt:25.56,through:24.8,tt:0.35,num_interact:372,Intrvl:15,num_users:591,errors:4
rt:23.69,through:25.93,tt:0.38,num_interact:389,Intrvl:15,num_users:648,errors:1
rt:24.98,through:21.47,tt:0.35,num_interact:322,Intrvl:15,num_users:531,errors:1
rt:23.16,through:23.6,tt:0.36,num_interact:354,Intrvl:15,num_users:714,errors:2
rt:25.01,through:25.4,tt:0.36,num_interact:381,Intrvl:15,num_users:690,errors:0
rt:24.82,through:22.53,tt:0.4,num_interact:339,Intrvl:15,num_users:641,errors:0
rt:25.66,through:27.53,tt:0.38,num_interact:414,Intrvl:15,num_users:746,errors:0
rt:25.46,through:23.87,tt:0.39,num_interact:358,Intrvl:15,num_users:703,errors:0
rt:26.95,through:23,tt:0.36,num_interact:346,Intrvl:15,num_users:643,errors:0
rt:25.63,through:24.4,tt:0.33,num_interact:366,Intrvl:15,num_users:732,errors:1
rt:27.72,through:23.53,tt:0.34,num_interact:353,Intrvl:15,num_users:634,errors:0
rt:26.15,through:22.73,tt:0.32,num_interact:341,Intrvl:15,num_users:651,errors:0
rt:25.59,through:25.27,tt:0.36,num_interact:379,Intrvl:15,num_users:617,errors:0
rt:24.51,through:24.4,tt:0.36,num_interact:366,Intrvl:15,num_users:650,errors:2
rt:27.98,through:22.53,tt:0.34,num_interact:338,Intrvl:15,num_users:567,errors:1
rt:23.46,through:23.6,tt:0.39,num_interact:354,Intrvl:15,num_users:622,errors:1
rt:23.77,through:26,tt:0.37,num_interact:391,Intrvl:15,num_users:694,errors:4
rt:25.87,through:24.73,tt:0.37,num_interact:371,Intrvl:15,num_users:662,errors:2
rt:25.39,through:21.53,tt:0.37,num_interact:329,Intrvl:15,num_users:591,errors:2
rt:24.74,through:26,tt:0.34,num_interact:392,Intrvl:15,num_users:717,errors:1
rt:25.61,through:25.2,tt:0.38,num_interact:378,Intrvl:15,num_users:672,errors:2
rt:26.02,through:24.27,tt:0.38,num_interact:370,Intrvl:15,num_users:648,errors:0
rt:26.08,through:25.27,tt:0.37,num_interact:379,Intrvl:15,num_users:634,errors:3
rt:25.61,through:25.73,tt:0.33,num_interact:386,Intrvl:15,num_users:693,errors:0
rt:25.83,through:25.8,tt:0.35,num_interact:387,Intrvl:15,num_users:742,errors:1
rt:26.81,through:21.73,tt:0.34,num_interact:326,Intrvl:15,num_users:601,errors:1
rt:24.31,through:23.33,tt:0.33,num_interact:351,Intrvl:15,num_users:638,errors:0
rt:25.33,through:25.67,tt:0.37,num_interact:385,Intrvl:15,num_users:700,errors:0
rt:26.15,through:26,tt:0.36,num_interact:390,Intrvl:15,num_users:708,errors:2
rt:26.01,through:24.4,tt:0.35,num_interact:366,Intrvl:15,num_users:673,errors:0
rt:26.79,through:24.13,tt:0.34,num_interact:362,Intrvl:15,num_users:648,errors:1
rt:25.32,through:26.93,tt:0.34,num_interact:404,Intrvl:15,num_users:673,errors:3
rt:25.47,through:24.47,tt:0.32,num_interact:367,Intrvl:15,num_users:638,errors:0
rt:24.7,through:26.87,tt:0.37,num_interact:403,Intrvl:15,num_users:675,errors:3
rt:25.06,through:24.8,tt:0.36,num_interact:372,Intrvl:15,num_users:731,errors:1
rt:25.87,through:24.13,tt:0.36,num_interact:363,Intrvl:15,num_users:661,errors:1
rt:27,through:25.07,tt:0.39,num_interact:381,Intrvl:15,num_users:742,errors:3
rt:27.7,through:22.6,tt:0.32,num_interact:339,Intrvl:15,num_users:654,errors:0
rt:27.68,through:23.4,tt:0.37,num_interact:358,Intrvl:15,num_users:762,errors:5
rt:27.27,through:24.47,tt:0.34,num_interact:367,Intrvl:15,num_users:708,errors:1
rt:28.56,through:23.07,tt:0.36,num_interact:346,Intrvl:15,num_users:643,errors:11
rt:26.65,through:23.8,tt:0.33,num_interact:357,Intrvl:15,num_users:736,errors:3
rt:28.79,through:18,tt:0.39,num_interact:270,Intrvl:15,num_users:753,errors:1
rt:102.46,through:56,tt:0.37,num_interact:840,Intrvl:15,num_users:703,errors:11
rt:42.69,through:10.07,tt:0.34,num_interact:151,Intrvl:15,num_users:717,errors:0
rt:59.74,through:7.13,tt:0.37,num_interact:107,Intrvl:15,num_users:655,errors:0
rt:45.08,through:28.47,tt:0.4,num_interact:509,Intrvl:15,num_users:693,errors:0
rt:29.82,through:25.47,tt:0.34,num_interact:382,Intrvl:15,num_users:640,errors:0
rt:25.97,through:51.07,tt:0.35,num_interact:766,Intrvl:15,num_users:665,errors:0
rt:21.15,through:13.93,tt:0.36,num_interact:209,Intrvl:15,num_users:676,errors:0
rt:599.7,through:66.47,tt:0.34,num_interact:997,Intrvl:15,num_users:686,errors:42
rt:103.74,through:25.87,tt:0.33,num_interact:388,Intrvl:15,num_users:710,errors:0
rt:107.68,through:25.73,tt:0.32,num_interact:392,Intrvl:15,num_users:714,errors:0
rt:24.29,through:23.6,tt:0.29,num_interact:354,Intrvl:15,num_users:636,errors:0
rt:20.16,through:24.6,tt:0.36,num_interact:369,Intrvl:15,num_users:676,errors:0
rt:20.12,through:25.13,tt:0.37,num_interact:377,Intrvl:15,num_users:678,errors:0
rt:20.34,through:25.93,tt:0.32,num_interact:389,Intrvl:15,num_users:711,errors:0
rt:20.38,through:25.33,tt:0.34,num_interact:381,Intrvl:15,num_users:697,errors:0
rt:21.08,through:26.13,tt:0.35,num_interact:394,Intrvl:15,num_users:741,errors:0
rt:22.22,through:24.2,tt:0.38,num_interact:363,Intrvl:15,num_users:791,errors:0
rt:23.52,through:25.93,tt:0.4,num_interact:389,Intrvl:15,num_users:826,errors:0
rt:23.9,through:24.67,tt:0.36,num_interact:380,Intrvl:15,num_users:739,errors:0
rt:23.75,through:23.2,tt:0.33,num_interact:348,Intrvl:15,num_users:676,errors:0
rt:22.75,through:22.67,tt:0.37,num_interact:340,Intrvl:15,num_users:644,errors:0
rt:20.2,through:25.47,tt:0.38,num_interact:382,Intrvl:15,num_users:672,errors:0
rt:19.99,through:25.67,tt:0.34,num_interact:385,Intrvl:15,num_users:661,errors:0
rt:19.3,through:23.2,tt:0.34,num_interact:348,Intrvl:15,num_users:602,errors:0
rt:18.91,through:24.67,tt:0.36,num_interact:370,Intrvl:15,num_users:666,errors:0
rt:19.67,through:24.87,tt:0.37,num_interact:373,Intrvl:15,num_users:654,errors:0
rt:20.39,through:19.4,tt:0.36,num_interact:291,Intrvl:15,num_users:713,errors:0
rt:22.25,through:10.47,tt:0.37,num_interact:157,Intrvl:15,num_users:655,errors:0
rt:29.23,through:11.67,tt:0.38,num_interact:175,Intrvl:15,num_users:697,errors:0
rt:33.15,through:12.53,tt:0.33,num_interact:190,Intrvl:15,num_users:732,errors:24
rt:31.25,through:11.8,tt:0.38,num_interact:177,Intrvl:15,num_users:671,errors:94
rt:39.7,through:11.4,tt:0.33,num_interact:171,Intrvl:15,num_users:704,errors:0
rt:60.92,through:11.53,tt:0.38,num_interact:173,Intrvl:15,num_users:641,errors:0
rt:49.94,through:10.93,tt:0.34,num_interact:164,Intrvl:15,num_users:657,errors:0
rt:53.9,through:13.4,tt:0.32,num_interact:201,Intrvl:15,num_users:685,errors:0
rt:40.81,through:12.67,tt:0.38,num_interact:190,Intrvl:15,num_users:722,errors:0
rt:41.68,through:12.87,tt:0.34,num_interact:193,Intrvl:15,num_users:718,errors:0
rt:42.64,through:12.73,tt:0.37,num_interact:191,Intrvl:15,num_users:732,errors:0
rt:42.97,through:12.27,tt:0.41,num_interact:184,Intrvl:15,num_users:699,errors:0
rt:43.3,through:11.73,tt:0.37,num_interact:176,Intrvl:15,num_users:708,errors:0
rt:44.55,through:11.73,tt:0.36,num_interact:176,Intrvl:15,num_users:654,errors:0
rt:45.28,through:10.73,tt:0.33,num_interact:161,Intrvl:15,num_users:633,errors:1
rt:43.8,through:12.13,tt:0.36,num_interact:182,Intrvl:15,num_users:692,errors:0
rt:42.63,through:11.93,tt:0.32,num_interact:179,Intrvl:15,num_users:610,errors:0
rt:44.51,through:9.87,tt:0.31,num_interact:148,Intrvl:15,num_users:638,errors:0
rt:41.2,through:11.4,tt:0.4,num_interact:171,Intrvl:15,num_users:673,errors:0
rt:41.58,through:12.87,tt:0.31,num_interact:193,Intrvl:15,num_users:664,errors:0
rt:40.74,through:12.13,tt:0.42,num_interact:182,Intrvl:15,num_users:697,errors:0
rt:41.82,through:13.07,tt:0.36,num_interact:196,Intrvl:15,num_users:694,errors:0
rt:41.99,through:12.87,tt:0.35,num_interact:193,Intrvl:15,num_users:774,errors:0
rt:41.66,through:12.67,tt:0.39,num_interact:190,Intrvl:15,num_users:685,errors:0
rt:42.36,through:10.53,tt:0.31,num_interact:158,Intrvl:15,num_users:692,errors:0
rt:45.39,through:10.8,tt:0.33,num_interact:162,Intrvl:15,num_users:647,errors:0
rt:44.83,through:11.33,tt:0.37,num_interact:170,Intrvl:15,num_users:658,errors:0
rt:45.18,through:12.73,tt:0.35,num_interact:191,Intrvl:15,num_users:673,errors:0
rt:40.92,through:10.6,tt:0.35,num_interact:159,Intrvl:15,num_users:594,errors:0
rt:40.81,through:10.87,tt:0.39,num_interact:163,Intrvl:15,num_users:641,errors:0
rt:41.67,through:11.6,tt:0.34,num_interact:174,Intrvl:15,num_users:584,errors:0
rt:40.07,through:10,tt:0.36,num_interact:150,Intrvl:15,num_users:629,errors:0
rt:39.07,through:12.93,tt:0.36,num_interact:194,Intrvl:15,num_users:679,errors:2
rt:38.54,through:9.73,tt:0.33,num_interact:146,Intrvl:15,num_users:578,errors:0
rt:40.6,through:10.73,tt:0.38,num_interact:161,Intrvl:15,num_users:595,errors:0
rt:42.94,through:11.2,tt:0.38,num_interact:168,Intrvl:15,num_users:606,errors:0
rt:38.89,through:12.73,tt:0.34,num_interact:191,Intrvl:15,num_users:720,errors:0
rt:36.5,through:12.87,tt:0.38,num_interact:193,Intrvl:15,num_users:704,errors:0
rt:40.15,through:12.13,tt:0.42,num_interact:182,Intrvl:15,num_users:690,errors:0
rt:42.98,through:11.53,tt:0.38,num_interact:173,Intrvl:15,num_users:655,errors:0
rt:43.4,through:12.13,tt:0.35,num_interact:182,Intrvl:15,num_users:613,errors:0
rt:42.51,through:10.27,tt:0.38,num_interact:154,Intrvl:15,num_users:708,errors:0
rt:42.14,through:12.13,tt:0.4,num_interact:182,Intrvl:15,num_users:715,errors:0
rt:43.37,through:11.33,tt:0.34,num_interact:170,Intrvl:15,num_users:651,errors:0
rt:43.57,through:11.53,tt:0.31,num_interact:173,Intrvl:15,num_users:661,errors:0
rt:41.97,through:12.27,tt:0.34,num_interact:184,Intrvl:15,num_users:701,errors:0
rt:42.26,through:12.87,tt:0.34,num_interact:193,Intrvl:15,num_users:686,errors:0
rt:43.24,through:12.4,tt:0.36,num_interact:186,Intrvl:15,num_users:704,errors:0
rt:42.44,through:12,tt:0.32,num_interact:180,Intrvl:15,num_users:669,errors:0
rt:41.97,through:9.87,tt:0.36,num_interact:148,Intrvl:15,num_users:631,errors:0
rt:43.74,through:11.93,tt:0.36,num_interact:179,Intrvl:15,num_users:671,errors:0
rt:43.39,through:12.4,tt:0.41,num_interact:186,Intrvl:15,num_users:720,errors:0
rt:42.65,through:12.87,tt:0.33,num_interact:193,Intrvl:15,num_users:680,errors:0
rt:42.19,through:11.07,tt:0.29,num_interact:166,Intrvl:15,num_users:708,errors:1
rt:42.77,through:11.27,tt:0.35,num_interact:169,Intrvl:15,num_users:631,errors:0
rt:44.43,through:11.13,tt:0.33,num_interact:167,Intrvl:15,num_users:700,errors:0
rt:45.56,through:11,tt:0.36,num_interact:165,Intrvl:15,num_users:613,errors:0
rt:44.26,through:10.93,tt:0.35,num_interact:164,Intrvl:15,num_users:676,errors:0
rt:41.95,through:10.67,tt:0.37,num_interact:160,Intrvl:15,num_users:679,errors:0
rt:42.07,through:12.87,tt:0.32,num_interact:193,Intrvl:15,num_users:676,errors:0
rt:44.92,through:12.73,tt:0.4,num_interact:191,Intrvl:15,num_users:739,errors:5
rt:35.07,through:20.47,tt:0.35,num_interact:307,Intrvl:15,num_users:710,errors:0
rt:26.94,through:24.6,tt:0.37,num_interact:370,Intrvl:15,num_users:735,errors:0
rt:24.03,through:21.13,tt:0.31,num_interact:317,Intrvl:15,num_users:609,errors:0
rt:21.17,through:23,tt:0.37,num_interact:345,Intrvl:15,num_users:710,errors:0
rt:22.71,through:24,tt:0.35,num_interact:360,Intrvl:15,num_users:699,errors:0
rt:22.5,through:24.67,tt:0.31,num_interact:370,Intrvl:15,num_users:687,errors:0
rt:21.27,through:28.07,tt:0.36,num_interact:421,Intrvl:15,num_users:755,errors:0
rt:22.93,through:25,tt:0.35,num_interact:375,Intrvl:15,num_users:806,errors:0
rt:23.88,through:25.33,tt:0.36,num_interact:380,Intrvl:15,num_users:797,errors:0
rt:24.22,through:25,tt:0.35,num_interact:375,Intrvl:15,num_users:770,errors:0
rt:24.57,through:21.6,tt:0.34,num_interact:324,Intrvl:15,num_users:659,errors:0
rt:22.38,through:22.67,tt:0.37,num_interact:340,Intrvl:15,num_users:640,errors:0
rt:20.74,through:25.47,tt:0.36,num_interact:382,Intrvl:15,num_users:749,errors:0
rt:20.59,through:19.07,tt:0.36,num_interact:286,Intrvl:15,num_users:575,errors:0
rt:21.18,through:24.6,tt:0.35,num_interact:371,Intrvl:15,num_users:792,errors:0
rt:21.62,through:21.87,tt:0.35,num_interact:351,Intrvl:15,num_users:699,errors:0
rt:22.99,through:25.4,tt:0.36,num_interact:381,Intrvl:15,num_users:728,errors:0
rt:22.76,through:25.27,tt:0.34,num_interact:379,Intrvl:15,num_users:717,errors:0
rt:22.53,through:23.73,tt:0.34,num_interact:356,Intrvl:15,num_users:669,errors:1
rt:22.88,through:25.33,tt:0.35,num_interact:380,Intrvl:15,num_users:699,errors:0
rt:21.07,through:24.47,tt:0.37,num_interact:367,Intrvl:15,num_users:643,errors:0
rt:20.43,through:25.33,tt:0.34,num_interact:380,Intrvl:15,num_users:685,errors:0
rt:21.86,through:23.07,tt:0.34,num_interact:346,Intrvl:15,num_users:630,errors:0
rt:19.84,through:24.2,tt:0.39,num_interact:363,Intrvl:15,num_users:734,errors:0
rt:21.31,through:24,tt:0.37,num_interact:360,Intrvl:15,num_users:692,errors:0
rt:21.72,through:26.6,tt:0.36,num_interact:400,Intrvl:15,num_users:724,errors:0
rt:22.14,through:23.33,tt:0.36,num_interact:350,Intrvl:15,num_users:651,errors:0
rt:21.13,through:23.53,tt:0.35,num_interact:353,Intrvl:15,num_users:662,errors:0
rt:21.23,through:23.93,tt:0.33,num_interact:370,Intrvl:15,num_users:627,errors:0
rt:19.22,through:25.67,tt:0.32,num_interact:385,Intrvl:15,num_users:610,errors:0
rt:19.28,through:24.53,tt:0.38,num_interact:368,Intrvl:15,num_users:673,errors:0
rt:19.32,through:25.2,tt:0.35,num_interact:378,Intrvl:15,num_users:661,errors:0
rt:19.92,through:27.13,tt:0.36,num_interact:410,Intrvl:15,num_users:714,errors:0
rt:21.03,through:23.8,tt:0.34,num_interact:357,Intrvl:15,num_users:651,errors:0
rt:20.05,through:23.93,tt:0.34,num_interact:359,Intrvl:15,num_users:616,errors:0
rt:20.5,through:23.47,tt:0.34,num_interact:352,Intrvl:15,num_users:687,errors:0
rt:20.64,through:26,tt:0.37,num_interact:392,Intrvl:15,num_users:693,errors:0
rt:20.52,through:24.27,tt:0.35,num_interact:364,Intrvl:15,num_users:652,errors:0
rt:20.52,through:24.6,tt:0.37,num_interact:373,Intrvl:15,num_users:736,errors:0
rt:21.4,through:23.8,tt:0.37,num_interact:357,Intrvl:15,num_users:648,errors:0
rt:22.07,through:22.87,tt:0.34,num_interact:376,Intrvl:15,num_users:671,errors:0
rt:21.4,through:24.2,tt:0.35,num_interact:363,Intrvl:15,num_users:745,errors:0
rt:22.41,through:25.27,tt:0.38,num_interact:379,Intrvl:15,num_users:699,errors:0
rt:21.78,through:24.53,tt:0.36,num_interact:374,Intrvl:15,num_users:689,errors:0
rt:22.26,through:24.8,tt:0.35,num_interact:372,Intrvl:15,num_users:697,errors:0
rt:22.14,through:25.67,tt:0.32,num_interact:385,Intrvl:15,num_users:683,errors:0
rt:20.99,through:25.27,tt:0.34,num_interact:379,Intrvl:15,num_users:710,errors:0
rt:21.12,through:24.07,tt:0.34,num_interact:361,Intrvl:15,num_users:675,errors:0
rt:20.87,through:25.13,tt:0.33,num_interact:377,Intrvl:15,num_users:672,errors:0
rt:20.74,through:26.4,tt:0.34,num_interact:396,Intrvl:15,num_users:671,errors:0
rt:20.18,through:24.53,tt:0.34,num_interact:368,Intrvl:15,num_users:640,errors:0
rt:19.69,through:22.27,tt:0.37,num_interact:334,Intrvl:15,num_users:567,errors:0
rt:17.89,through:24.8,tt:0.33,num_interact:372,Intrvl:15,num_users:592,errors:0
rt:16.85,through:26.27,tt:0.34,num_interact:394,Intrvl:15,num_users:598,errors:0
rt:17.13,through:24.07,tt:0.34,num_interact:361,Intrvl:15,num_users:546,errors:0
rt:16.74,through:24.6,tt:0.38,num_interact:369,Intrvl:15,num_users:648,errors:0
rt:19.45,through:26,tt:0.37,num_interact:390,Intrvl:15,num_users:707,errors:0
rt:21.61,through:21.93,tt:0.39,num_interact:329,Intrvl:15,num_users:599,errors:0
rt:20.2,through:23.33,tt:0.39,num_interact:350,Intrvl:15,num_users:664,errors:0
rt:20.84,through:24.8,tt:0.37,num_interact:372,Intrvl:15,num_users:721,errors:0
rt:21.26,through:24.87,tt:0.35,num_interact:374,Intrvl:15,num_users:774,errors:0
rt:22.34,through:21.73,tt:0.35,num_interact:326,Intrvl:15,num_users:634,errors:0
rt:21,through:22.8,tt:0.34,num_interact:342,Intrvl:15,num_users:596,errors:8
rt:20.28,through:22.33,tt:0.36,num_interact:335,Intrvl:15,num_users:683,errors:4
rt:20.45,through:29,tt:0.34,num_interact:459,Intrvl:15,num_users:627,errors:0
rt:16.22,through:31.73,tt:0.38,num_interact:476,Intrvl:15,num_users:599,errors:0
rt:15.5,through:40.27,tt:0.34,num_interact:604,Intrvl:15,num_users:651,errors:0
rt:15.83,through:27.4,tt:0.35,num_interact:411,Intrvl:15,num_users:655,errors:0
rt:17.1,through:33.07,tt:0.39,num_interact:496,Intrvl:15,num_users:648,errors:0
rt:15.35,through:29.6,tt:0.36,num_interact:449,Intrvl:15,num_users:606,errors:0
rt:17.43,through:33.2,tt:0.35,num_interact:498,Intrvl:15,num_users:633,errors:0
rt:17.62,through:43,tt:0.35,num_interact:785,Intrvl:15,num_users:640,errors:0
rt:20.01,through:25.27,tt:0.33,num_interact:379,Intrvl:15,num_users:623,errors:0
rt:16.73,through:30.07,tt:0.34,num_interact:451,Intrvl:15,num_users:622,errors:0
rt:16.59,through:26.93,tt:0.38,num_interact:404,Intrvl:15,num_users:624,errors:0
rt:17.04,through:3.87,tt:0.37,num_interact:58,Intrvl:15,num_users:603,errors:0
rt:33.39,through:1.33,tt:0.33,num_interact:20,Intrvl:15,num_users:623,errors:0
rt:166.6,through:12.8,tt:0.36,num_interact:192,Intrvl:15,num_users:647,errors:0
rt:322.42,through:0.73,tt:0.46,num_interact:11,Intrvl:15,num_users:587,errors:0
rt:330.62,through:1.73,tt:0.29,num_interact:26,Intrvl:15,num_users:574,errors:0
rt:340.74,through:2.67,tt:0.44,num_interact:41,Intrvl:15,num_users:543,errors:0
rt:150.41,through:71.87,tt:0.34,num_interact:1078,Intrvl:15,num_users:644,errors:4
rt:15.81,through:29.4,tt:0.36,num_interact:441,Intrvl:15,num_users:566,errors:0
rt:12.96,through:38.4,tt:0.33,num_interact:576,Intrvl:15,num_users:554,errors:0
rt:19.08,through:27,tt:0.35,num_interact:733,Intrvl:15,num_users:598,errors:0
rt:32.55,through:33.2,tt:0.34,num_interact:498,Intrvl:15,num_users:543,errors:0
rt:14.43,through:36.47,tt:0.36,num_interact:547,Intrvl:15,num_users:595,errors:0
rt:12.72,through:33,tt:0.36,num_interact:523,Intrvl:15,num_users:556,errors:0
rt:11.86,through:39.8,tt:0.33,num_interact:597,Intrvl:15,num_users:542,errors:0
rt:11.52,through:27.33,tt:0.37,num_interact:410,Intrvl:15,num_users:545,errors:0
rt:11.76,through:31.73,tt:0.36,num_interact:804,Intrvl:15,num_users:542,errors:0
rt:12.79,through:56.4,tt:0.37,num_interact:1038,Intrvl:15,num_users:622,errors:0
rt:14.88,through:34.2,tt:0.37,num_interact:513,Intrvl:15,num_users:591,errors:0
rt:12.59,through:31.2,tt:0.35,num_interact:468,Intrvl:15,num_users:580,errors:0
rt:15.14,through:18.73,tt:0.33,num_interact:281,Intrvl:15,num_users:661,errors:0
rt:26.85,through:3.33,tt:0.33,num_interact:50,Intrvl:15,num_users:652,errors:0
rt:30.98,through:3.13,tt:0.28,num_interact:47,Intrvl:15,num_users:599,errors:0
rt:45.79,through:1.47,tt:0.31,num_interact:22,Intrvl:15,num_users:630,errors:0
rt:206.91,through:66.53,tt:0.39,num_interact:998,Intrvl:15,num_users:783,errors:0
rt:29.94,through:20.4,tt:0.36,num_interact:307,Intrvl:15,num_users:636,errors:0
rt:22.62,through:23.13,tt:0.34,num_interact:347,Intrvl:15,num_users:707,errors:0
rt:19.7,through:22.8,tt:0.41,num_interact:342,Intrvl:15,num_users:657,errors:0
rt:18.5,through:25.47,tt:0.36,num_interact:382,Intrvl:15,num_users:687,errors:0
rt:18.48,through:21.6,tt:0.37,num_interact:324,Intrvl:15,num_users:605,errors:0
rt:17.12,through:24.2,tt:0.34,num_interact:363,Intrvl:15,num_users:592,errors:0
rt:15.41,through:26,tt:0.34,num_interact:390,Intrvl:15,num_users:595,errors:0
rt:15.04,through:25.6,tt:0.37,num_interact:384,Intrvl:15,num_users:626,errors:0
rt:16.09,through:25.87,tt:0.37,num_interact:388,Intrvl:15,num_users:643,errors:0
rt:16.57,through:25.07,tt:0.37,num_interact:376,Intrvl:15,num_users:627,errors:0
rt:16.15,through:26.13,tt:0.35,num_interact:392,Intrvl:15,num_users:627,errors:0
rt:16.09,through:22.67,tt:0.36,num_interact:340,Intrvl:15,num_users:567,errors:0
rt:15.21,through:25.13,tt:0.34,num_interact:377,Intrvl:15,num_users:589,errors:0
rt:14.84,through:25.47,tt:0.35,num_interact:382,Intrvl:15,num_users:626,errors:0
rt:15.9,through:25.27,tt:0.35,num_interact:379,Intrvl:15,num_users:606,errors:0
rt:15.71,through:23.87,tt:0.32,num_interact:358,Intrvl:15,num_users:571,errors:0
rt:14.95,through:24.87,tt:0.35,num_interact:373,Intrvl:15,num_users:568,errors:0
rt:13.92,through:26.2,tt:0.34,num_interact:394,Intrvl:15,num_users:568,errors:0
rt:14.24,through:25.93,tt:0.36,num_interact:389,Intrvl:15,num_users:582,errors:0
rt:14.4,through:25.87,tt:0.37,num_interact:388,Intrvl:15,num_users:584,errors:0
rt:14.42,through:22.2,tt:0.34,num_interact:333,Intrvl:15,num_users:505,errors:0
rt:13.44,through:25.53,tt:0.36,num_interact:383,Intrvl:15,num_users:592,errors:0
rt:15.29,through:26.2,tt:0.38,num_interact:393,Intrvl:15,num_users:662,errors:0
rt:17.33,through:21.53,tt:0.35,num_interact:323,Intrvl:15,num_users:581,errors:0
rt:17.13,through:24.4,tt:0.37,num_interact:366,Intrvl:15,num_users:711,errors:0
rt:19.36,through:26.73,tt:0.39,num_interact:401,Intrvl:15,num_users:750,errors:0
rt:20.9,through:23.4,tt:0.36,num_interact:353,Intrvl:15,num_users:704,errors:0
rt:20.7,through:22.33,tt:0.35,num_interact:335,Intrvl:15,num_users:638,errors:0
rt:19.55,through:24.13,tt:0.36,num_interact:362,Intrvl:15,num_users:627,errors:0
rt:17.93,through:24.73,tt:0.34,num_interact:371,Intrvl:15,num_users:608,errors:0
rt:16.37,through:25.87,tt:0.34,num_interact:388,Intrvl:15,num_users:631,errors:0
rt:17.02,through:25.93,tt:0.34,num_interact:389,Intrvl:15,num_users:666,errors:0
rt:17.77,through:20.53,tt:0.31,num_interact:308,Intrvl:15,num_users:557,errors:0
rt:16.72,through:24.47,tt:0.38,num_interact:367,Intrvl:15,num_users:668,errors:0
rt:17.84,through:24,tt:0.39,num_interact:360,Intrvl:15,num_users:633,errors:0
rt:17.85,through:24,tt:0.35,num_interact:360,Intrvl:15,num_users:609,errors:0
rt:17.15,through:25.4,tt:0.37,num_interact:381,Intrvl:15,num_users:638,errors:0
rt:16.98,through:23.53,tt:0.32,num_interact:353,Intrvl:15,num_users:595,errors:0
rt:16.8,through:25.47,tt:0.33,num_interact:382,Intrvl:15,num_users:592,errors:0
rt:15.66,through:25.47,tt:0.35,num_interact:382,Intrvl:15,num_users:633,errors:0
rt:16.76,through:24.87,tt:0.34,num_interact:373,Intrvl:15,num_users:617,errors:0
rt:16.93,through:25.53,tt:0.34,num_interact:383,Intrvl:15,num_users:624,errors:0
rt:16.34,through:24.73,tt:0.35,num_interact:375,Intrvl:15,num_users:599,errors:0
rt:16.59,through:22.93,tt:0.4,num_interact:344,Intrvl:15,num_users:557,errors:0
rt:14.91,through:25.47,tt:0.36,num_interact:382,Intrvl:15,num_users:605,errors:0
rt:16,through:26.53,tt:0.32,num_interact:398,Intrvl:15,num_users:666,errors:0
rt:17.34,through:25.2,tt:0.37,num_interact:378,Intrvl:15,num_users:658,errors:0
rt:18.26,through:23.07,tt:0.34,num_interact:347,Intrvl:15,num_users:601,errors:0
rt:17.35,through:25.53,tt:0.33,num_interact:383,Intrvl:15,num_users:608,errors:0
rt:16.48,through:25.8,tt:0.32,num_interact:387,Intrvl:15,num_users:605,errors:0
rt:15.73,through:23.53,tt:0.32,num_interact:353,Intrvl:15,num_users:557,errors:0
rt:15.36,through:25.07,tt:0.37,num_interact:380,Intrvl:15,num_users:665,errors:0
rt:17.46,through:24.93,tt:0.39,num_interact:374,Intrvl:15,num_users:644,errors:0
rt:17.65,through:22.13,tt:0.34,num_interact:332,Intrvl:15,num_users:585,errors:0
rt:16.36,through:23,tt:0.35,num_interact:345,Intrvl:15,num_users:540,errors:0
rt:15.16,through:25.47,tt:0.39,num_interact:382,Intrvl:15,num_users:638,errors:0
rt:16.62,through:27,tt:0.39,num_interact:405,Intrvl:15,num_users:659,errors:0
rt:17.07,through:19.6,tt:0.34,num_interact:294,Intrvl:15,num_users:531,errors:7
rt:15.71,through:24.73,tt:0.35,num_interact:371,Intrvl:15,num_users:640,errors:1
rt:14.98,through:28.47,tt:0.35,num_interact:427,Intrvl:15,num_users:570,errors:0
rt:10.9,through:34.73,tt:0.38,num_interact:521,Intrvl:15,num_users:566,errors:0
rt:11.07,through:32.53,tt:0.35,num_interact:489,Intrvl:15,num_users:627,errors:0
rt:11.54,through:31.33,tt:0.33,num_interact:470,Intrvl:15,num_users:602,errors:0
rt:10.65,through:31.33,tt:0.32,num_interact:470,Intrvl:15,num_users:547,errors:0
rt:10.05,through:28.93,tt:0.37,num_interact:434,Intrvl:15,num_users:634,errors:0
rt:15.75,through:25.13,tt:0.36,num_interact:377,Intrvl:15,num_users:645,errors:0
rt:17.47,through:23.87,tt:0.37,num_interact:358,Intrvl:15,num_users:687,errors:0
rt:19.52,through:25.27,tt:0.34,num_interact:379,Intrvl:15,num_users:636,errors:12
rt:18.09,through:23.6,tt:0.36,num_interact:354,Intrvl:15,num_users:652,errors:0
rt:17.94,through:23.07,tt:0.35,num_interact:346,Intrvl:15,num_users:634,errors:10
rt:16.87,through:24.07,tt:0.37,num_interact:361,Intrvl:15,num_users:641,errors:0
rt:18.39,through:25.2,tt:0.34,num_interact:378,Intrvl:15,num_users:644,errors:32
rt:19.59,through:22.2,tt:0.37,num_interact:333,Intrvl:15,num_users:725,errors:0
rt:20.01,through:25.13,tt:0.35,num_interact:377,Intrvl:15,num_users:676,errors:19
rt:22.63,through:20.2,tt:0.33,num_interact:303,Intrvl:15,num_users:623,errors:3
rt:16.97,through:24,tt:0.34,num_interact:360,Intrvl:15,num_users:692,errors:21
rt:20.72,through:22.07,tt:0.38,num_interact:331,Intrvl:15,num_users:771,errors:4
rt:23.06,through:22.53,tt:0.34,num_interact:338,Intrvl:15,num_users:720,errors:0
rt:22.59,through:23.67,tt:0.32,num_interact:355,Intrvl:15,num_users:665,errors:20
rt:21.25,through:20.07,tt:0.37,num_interact:301,Intrvl:15,num_users:612,errors:0
rt:18.84,through:24.87,tt:0.36,num_interact:373,Intrvl:15,num_users:612,errors:10
rt:17.71,through:23.13,tt:0.3,num_interact:347,Intrvl:15,num_users:650,errors:0
rt:18.27,through:25.67,tt:0.37,num_interact:385,Intrvl:15,num_users:680,errors:16
rt:20.63,through:23.07,tt:0.35,num_interact:346,Intrvl:15,num_users:750,errors:1
rt:22.55,through:25,tt:0.32,num_interact:375,Intrvl:15,num_users:668,errors:9
rt:16.24,through:24.33,tt:0.34,num_interact:365,Intrvl:15,num_users:589,errors:3
rt:15.34,through:24.27,tt:0.36,num_interact:364,Intrvl:15,num_users:657,errors:0
rt:19.06,through:19.87,tt:0.35,num_interact:298,Intrvl:15,num_users:566,errors:23
rt:15.71,through:23.2,tt:0.34,num_interact:348,Intrvl:15,num_users:616,errors:0
rt:17.95,through:27,tt:0.36,num_interact:405,Intrvl:15,num_users:675,errors:21
rt:20.16,through:20.27,tt:0.31,num_interact:304,Intrvl:15,num_users:643,errors:0
rt:17.21,through:22.4,tt:0.35,num_interact:336,Intrvl:15,num_users:567,errors:5
rt:17.65,through:22.67,tt:0.36,num_interact:340,Intrvl:15,num_users:568,errors:2
rt:16.57,through:24,tt:0.38,num_interact:360,Intrvl:15,num_users:707,errors:0
rt:19.36,through:26.53,tt:0.34,num_interact:398,Intrvl:15,num_users:725,errors:6
rt:20.56,through:19.73,tt:0.36,num_interact:296,Intrvl:15,num_users:627,errors:0
rt:16.65,through:23.4,tt:0.33,num_interact:351,Intrvl:15,num_users:609,errors:13
rt:17.8,through:21.93,tt:0.36,num_interact:329,Intrvl:15,num_users:634,errors:5
rt:16.12,through:22.67,tt:0.34,num_interact:340,Intrvl:15,num_users:543,errors:1
rt:18.67,through:23.6,tt:0.39,num_interact:354,Intrvl:15,num_users:622,errors:9
rt:19.21,through:19.87,tt:0.37,num_interact:298,Intrvl:15,num_users:617,errors:2
rt:16.86,through:25.8,tt:0.35,num_interact:392,Intrvl:15,num_users:570,errors:3
rt:13.58,through:31.13,tt:0.35,num_interact:467,Intrvl:15,num_users:589,errors:1
rt:13.07,through:33.67,tt:0.34,num_interact:505,Intrvl:15,num_users:624,errors:1
rt:12.36,through:32.07,tt:0.33,num_interact:481,Intrvl:15,num_users:584,errors:2
rt:11.01,through:31.53,tt:0.37,num_interact:473,Intrvl:15,num_users:596,errors:0
rt:11.24,through:31.27,tt:0.36,num_interact:469,Intrvl:15,num_users:526,errors:0
rt:11.22,through:32.07,tt:0.4,num_interact:481,Intrvl:15,num_users:619,errors:0
rt:13.24,through:32.53,tt:0.37,num_interact:488,Intrvl:15,num_users:666,errors:0
rt:13.25,through:31.53,tt:0.36,num_interact:473,Intrvl:15,num_users:606,errors:0
rt:14.16,through:30.73,tt:0.38,num_interact:461,Intrvl:15,num_users:701,errors:0
rt:14.75,through:32.33,tt:0.37,num_interact:485,Intrvl:15,num_users:644,errors:0
rt:12.12,through:31.07,tt:0.34,num_interact:466,Intrvl:15,num_users:592,errors:0
rt:12.58,through:32.53,tt:0.35,num_interact:488,Intrvl:15,num_users:591,errors:0
rt:11.78,through:33.4,tt:0.36,num_interact:501,Intrvl:15,num_users:630,errors:0
rt:13.73,through:34.67,tt:0.35,num_interact:520,Intrvl:15,num_users:658,errors:0
rt:13,through:33.27,tt:0.36,num_interact:504,Intrvl:15,num_users:645,errors:0
rt:13.23,through:30.93,tt:0.34,num_interact:464,Intrvl:15,num_users:571,errors:0
rt:11.26,through:32,tt:0.36,num_interact:480,Intrvl:15,num_users:588,errors:0
rt:13.18,through:32.87,tt:0.35,num_interact:493,Intrvl:15,num_users:651,errors:0
rt:12.86,through:34.27,tt:0.33,num_interact:514,Intrvl:15,num_users:655,errors:0
rt:13.86,through:32.47,tt:0.34,num_interact:487,Intrvl:15,num_users:641,errors:0
rt:13.24,through:33,tt:0.35,num_interact:495,Intrvl:15,num_users:666,errors:0
rt:15.6,through:30.33,tt:0.34,num_interact:455,Intrvl:15,num_users:692,errors:0
rt:13.14,through:34.2,tt:0.36,num_interact:525,Intrvl:15,num_users:609,errors:0
rt:12.28,through:32.93,tt:0.34,num_interact:509,Intrvl:15,num_users:608,errors:0
rt:13.01,through:31,tt:0.37,num_interact:465,Intrvl:15,num_users:715,errors:0
rt:14.27,through:33.53,tt:0.37,num_interact:503,Intrvl:15,num_users:601,errors:0
rt:12.99,through:33,tt:0.37,num_interact:495,Intrvl:15,num_users:626,errors:0
rt:12.49,through:33.93,tt:0.34,num_interact:509,Intrvl:15,num_users:644,errors:0
rt:13.72,through:33.8,tt:0.34,num_interact:507,Intrvl:15,num_users:624,errors:0
rt:8.66,through:26.07,tt:0.34,num_interact:391,Intrvl:15,num_users:400,errors:0
rt:8.49,through:29.87,tt:0.36,num_interact:448,Intrvl:15,num_users:482,errors:0
rt:7.75,through:32.33,tt:0.35,num_interact:485,Intrvl:15,num_users:398,errors:0
rt:7.72,through:30.07,tt:0.37,num_interact:451,Intrvl:15,num_users:449,errors:0
rt:7.65,through:33.73,tt:0.35,num_interact:506,Intrvl:15,num_users:444,errors:0
rt:7.74,through:31.2,tt:0.34,num_interact:468,Intrvl:15,num_users:403,errors:0
rt:7.86,through:33.4,tt:0.38,num_interact:501,Intrvl:15,num_users:486,errors:0
rt:9.98,through:30.93,tt:0.34,num_interact:464,Intrvl:15,num_users:461,errors:0
rt:7.26,through:33.53,tt:0.35,num_interact:503,Intrvl:15,num_users:447,errors:0
rt:10.33,through:32.27,tt:0.35,num_interact:484,Intrvl:15,num_users:529,errors:0
rt:9.28,through:33.73,tt:0.33,num_interact:507,Intrvl:15,num_users:480,errors:0
rt:8.18,through:31.27,tt:0.38,num_interact:469,Intrvl:15,num_users:440,errors:1
rt:7.27,through:32.73,tt:0.38,num_interact:491,Intrvl:15,num_users:423,errors:0
rt:7.93,through:33,tt:0.33,num_interact:495,Intrvl:15,num_users:433,errors:2
rt:7.84,through:33.53,tt:0.35,num_interact:503,Intrvl:15,num_users:463,errors:0
rt:9.58,through:32.93,tt:0.38,num_interact:494,Intrvl:15,num_users:475,errors:7
rt:6.32,through:32.27,tt:0.33,num_interact:484,Intrvl:15,num_users:409,errors:0
rt:8.96,through:30.93,tt:0.4,num_interact:464,Intrvl:15,num_users:479,errors:8
rt:8.02,through:33.53,tt:0.33,num_interact:503,Intrvl:15,num_users:441,errors:0
rt:8.42,through:31.47,tt:0.34,num_interact:472,Intrvl:15,num_users:452,errors:10
rt:7.87,through:34.4,tt:0.35,num_interact:516,Intrvl:15,num_users:458,errors:0
rt:8.67,through:33,tt:0.35,num_interact:495,Intrvl:15,num_users:437,errors:10
rt:7.23,through:29.8,tt:0.36,num_interact:447,Intrvl:15,num_users:402,errors:2
rt:7.45,through:32.53,tt:0.36,num_interact:488,Intrvl:15,num_users:417,errors:0
rt:8.02,through:32.87,tt:0.37,num_interact:493,Intrvl:15,num_users:468,errors:7
rt:8.89,through:33.6,tt:0.37,num_interact:504,Intrvl:15,num_users:489,errors:0
rt:10.07,through:33.2,tt:0.35,num_interact:498,Intrvl:15,num_users:469,errors:9
rt:7.47,through:32.53,tt:0.34,num_interact:488,Intrvl:15,num_users:413,errors:0
rt:7.48,through:23.33,tt:0.34,num_interact:350,Intrvl:15,num_users:410,errors:5
rt:10.05,through:33.67,tt:0.35,num_interact:505,Intrvl:15,num_users:487,errors:0
rt:10.15,through:30.33,tt:0.35,num_interact:455,Intrvl:15,num_users:419,errors:11
rt:7.29,through:31.53,tt:0.37,num_interact:473,Intrvl:15,num_users:458,errors:0
rt:8.86,through:32.8,tt:0.34,num_interact:492,Intrvl:15,num_users:459,errors:5
rt:9.3,through:34.6,tt:0.35,num_interact:519,Intrvl:15,num_users:532,errors:0
rt:9.9,through:29.87,tt:0.34,num_interact:448,Intrvl:15,num_users:424,errors:0
rt:6.95,through:32.2,tt:0.34,num_interact:483,Intrvl:15,num_users:451,errors:0
rt:8.47,through:32.87,tt:0.34,num_interact:493,Intrvl:15,num_users:426,errors:0
rt:9.13,through:31.73,tt:0.38,num_interact:476,Intrvl:15,num_users:554,errors:0
rt:10.95,through:31.2,tt:0.35,num_interact:468,Intrvl:15,num_users:479,errors:0
rt:7.59,through:33.13,tt:0.35,num_interact:497,Intrvl:15,num_users:465,errors:0
rt:10.7,through:31.47,tt:0.36,num_interact:472,Intrvl:15,num_users:529,errors:1
rt:10.36,through:34.33,tt:0.37,num_interact:515,Intrvl:15,num_users:563,errors:0
rt:10.6,through:30.07,tt:0.36,num_interact:451,Intrvl:15,num_users:468,errors:0
rt:9.44,through:31.93,tt:0.36,num_interact:479,Intrvl:15,num_users:550,errors:0
rt:11.28,through:30.73,tt:0.34,num_interact:461,Intrvl:15,num_users:473,errors:4
rt:6.95,through:31.27,tt:0.36,num_interact:469,Intrvl:15,num_users:444,errors:0
Terminating EBs...
EB TPCW Broswing Mix EB #2999commiting suicide!
EB TPCW Broswing Mix EB #143commiting suicide!
EB TPCW Broswing Mix EB #130commiting suicide!
EB TPCW Broswing Mix EB #247commiting suicide!
EB TPCW Broswing Mix EB #226commiting suicide!
EB TPCW Broswing Mix EB #268commiting suicide!
EB TPCW Broswing Mix EB #87commiting suicide!
EB TPCW Broswing Mix EB #498commiting suicide!
EB TPCW Broswing Mix EB #90commiting suicide!
EB TPCW Broswing Mix EB #15502commiting suicide!
EB TPCW Broswing Mix EB #18commiting suicide!
EB TPCW Broswing Mix EB #15804commiting suicide!
EB TPCW Broswing Mix EB #2996commiting suicide!
EB TPCW Broswing Mix EB #499commiting suicide!
EB TPCW Broswing Mix EB #129commiting suicide!
EB TPCW Broswing Mix EB #156commiting suicide!
EB TPCW Broswing Mix EB #95commiting suicide!
EB TPCW Broswing Mix EB #15590commiting suicide!
EB TPCW Broswing Mix EB #24commiting suicide!
EB TPCW Broswing Mix EB #80commiting suicide!
EB TPCW Broswing Mix EB #54commiting suicide!
EB TPCW Broswing Mix EB #203commiting suicide!
EB TPCW Broswing Mix EB #186commiting suicide!
EB TPCW Broswing Mix EB #155commiting suicide!
EB TPCW Broswing Mix EB #15805commiting suicide!
EB TPCW Broswing Mix EB #283commiting suicide!
EB TPCW Broswing Mix EB #1649commiting suicide!
EB TPCW Broswing Mix EB #72commiting suicide!
EB TPCW Broswing Mix EB #218commiting suicide!
EB TPCW Broswing Mix EB #85commiting suicide!
EB TPCW Broswing Mix EB #46commiting suicide!
EB TPCW Broswing Mix EB #11commiting suicide!
EB TPCW Broswing Mix EB #48commiting suicide!
EB TPCW Broswing Mix EB #504commiting suicide!
EB TPCW Broswing Mix EB #271commiting suicide!
EB TPCW Broswing Mix EB #263commiting suicide!
EB TPCW Broswing Mix EB #15142commiting suicide!
EB TPCW Broswing Mix EB #265commiting suicide!
EB TPCW Broswing Mix EB #15818commiting suicide!
EB TPCW Broswing Mix EB #320commiting suicide!
EB TPCW Broswing Mix EB #169commiting suicide!
EB TPCW Broswing Mix EB #294commiting suicide!
EB TPCW Broswing Mix EB #7commiting suicide!
EB TPCW Broswing Mix EB #287commiting suicide!
EB TPCW Broswing Mix EB #175commiting suicide!
EB TPCW Broswing Mix EB #677commiting suicide!
EB TPCW Broswing Mix EB #231commiting suicide!
EB TPCW Broswing Mix EB #15809commiting suicide!
EB TPCW Broswing Mix EB #159commiting suicide!
EB TPCW Broswing Mix EB #128commiting suicide!
EB TPCW Broswing Mix EB #164commiting suicide!
EB TPCW Broswing Mix EB #502commiting suicide!
EB TPCW Broswing Mix EB #262commiting suicide!
EB TPCW Broswing Mix EB #1655commiting suicide!
EB TPCW Broswing Mix EB #38commiting suicide!
EB TPCW Broswing Mix EB #70commiting suicide!
EB TPCW Broswing Mix EB #488commiting suicide!
EB TPCW Broswing Mix EB #254commiting suicide!
EB TPCW Broswing Mix EB #52commiting suicide!
EB TPCW Broswing Mix EB #181commiting suicide!
EB TPCW Broswing Mix EB #284commiting suicide!
EB TPCW Broswing Mix EB #15585commiting suicide!
EB TPCW Broswing Mix EB #111commiting suicide!
EB TPCW Broswing Mix EB #120commiting suicide!
EB TPCW Broswing Mix EB #15588commiting suicide!
EB TPCW Broswing Mix EB #245commiting suicide!
EB TPCW Broswing Mix EB #15814commiting suicide!
EB TPCW Broswing Mix EB #687commiting suicide!
EB TPCW Broswing Mix EB #15504commiting suicide!
EB TPCW Broswing Mix EB #685commiting suicide!
EB TPCW Broswing Mix EB #679commiting suicide!
EB TPCW Broswing Mix EB #190commiting suicide!
EB TPCW Broswing Mix EB #31commiting suicide!
EB TPCW Broswing Mix EB #88commiting suicide!
EB TPCW Broswing Mix EB #113commiting suicide!
EB TPCW Broswing Mix EB #12commiting suicide!
EB TPCW Broswing Mix EB #172commiting suicide!
EB TPCW Broswing Mix EB #15813commiting suicide!
EB TPCW Broswing Mix EB #266commiting suicide!
EB TPCW Broswing Mix EB #140commiting suicide!
EB TPCW Broswing Mix EB #304commiting suicide!
EB TPCW Broswing Mix EB #189commiting suicide!
EB TPCW Broswing Mix EB #506commiting suicide!
EB TPCW Broswing Mix EB #319commiting suicide!
EB TPCW Broswing Mix EB #162commiting suicide!
EB TPCW Broswing Mix EB #280commiting suicide!
EB TPCW Broswing Mix EB #241commiting suicide!
EB TPCW Broswing Mix EB #248commiting suicide!
EB TPCW Broswing Mix EB #297commiting suicide!
EB TPCW Broswing Mix EB #15498commiting suicide!
EB TPCW Broswing Mix EB #1476commiting suicide!
EB TPCW Broswing Mix EB #15143commiting suicide!
EB TPCW Broswing Mix EB #4commiting suicide!
EB TPCW Broswing Mix EB #15587commiting suicide!
EB TPCW Broswing Mix EB #15500commiting suicide!
EB TPCW Broswing Mix EB #15499commiting suicide!
EB TPCW Broswing Mix EB #505commiting suicide!
EB TPCW Broswing Mix EB #65commiting suicide!
EB TPCW Broswing Mix EB #91commiting suicide!
EB TPCW Broswing Mix EB #15144commiting suicide!
EB TPCW Broswing Mix EB #690commiting suicide!
EB TPCW Broswing Mix EB #281commiting suicide!
EB TPCW Broswing Mix EB #217commiting suicide!
EB TPCW Broswing Mix EB #32commiting suicide!
EB TPCW Broswing Mix EB #276commiting suicide!
EB TPCW Broswing Mix EB #43commiting suicide!
EB TPCW Broswing Mix EB #1479commiting suicide!
EB TPCW Broswing Mix EB #233commiting suicide!
EB TPCW Broswing Mix EB #293commiting suicide!
EB TPCW Broswing Mix EB #15816commiting suicide!
EB TPCW Broswing Mix EB #188commiting suicide!
EB TPCW Broswing Mix EB #13commiting suicide!
EB TPCW Broswing Mix EB #228commiting suicide!
EB TPCW Broswing Mix EB #57commiting suicide!
EB TPCW Broswing Mix EB #119commiting suicide!
EB TPCW Broswing Mix EB #310commiting suicide!
EB TPCW Broswing Mix EB #121commiting suicide!
EB TPCW Broswing Mix EB #69commiting suicide!
EB TPCW Broswing Mix EB #273commiting suicide!
EB TPCW Broswing Mix EB #686commiting suicide!
EB TPCW Broswing Mix EB #270commiting suicide!
EB TPCW Broswing Mix EB #688commiting suicide!
EB TPCW Broswing Mix EB #222commiting suicide!
EB TPCW Broswing Mix EB #15811commiting suicide!
EB TPCW Broswing Mix EB #191commiting suicide!
EB TPCW Broswing Mix EB #15591commiting suicide!
EB TPCW Broswing Mix EB #317commiting suicide!
EB TPCW Broswing Mix EB #15584commiting suicide!
EB TPCW Broswing Mix EB #15664commiting suicide!
EB TPCW Broswing Mix EB #33commiting suicide!
EB TPCW Broswing Mix EB #205commiting suicide!
EB TPCW Broswing Mix EB #180commiting suicide!
EB TPCW Broswing Mix EB #185commiting suicide!
EB TPCW Broswing Mix EB #229commiting suicide!
EB TPCW Broswing Mix EB #292commiting suicide!
EB TPCW Broswing Mix EB #124commiting suicide!
EB TPCW Broswing Mix EB #286commiting suicide!
EB TPCW Broswing Mix EB #66commiting suicide!
EB TPCW Broswing Mix EB #74commiting suicide!
EB TPCW Broswing Mix EB #83commiting suicide!
EB TPCW Broswing Mix EB #302commiting suicide!
EB TPCW Broswing Mix EB #76commiting suicide!
EB TPCW Broswing Mix EB #15592commiting suicide!
EB TPCW Broswing Mix EB #269commiting suicide!
EB TPCW Broswing Mix EB #97commiting suicide!
EB TPCW Broswing Mix EB #114commiting suicide!
EB TPCW Broswing Mix EB #275commiting suicide!
EB TPCW Broswing Mix EB #1478commiting suicide!
EB TPCW Broswing Mix EB #1652commiting suicide!
EB TPCW Broswing Mix EB #678commiting suicide!
EB TPCW Broswing Mix EB #318commiting suicide!
EB TPCW Broswing Mix EB #142commiting suicide!
EB TPCW Broswing Mix EB #177commiting suicide!
EB TPCW Broswing Mix EB #15806commiting suicide!
EB TPCW Broswing Mix EB #1475commiting suicide!
EB TPCW Broswing Mix EB #250commiting suicide!
EB TPCW Broswing Mix EB #243commiting suicide!
EB TPCW Broswing Mix EB #668commiting suicide!
EB TPCW Broswing Mix EB #163commiting suicide!
EB TPCW Broswing Mix EB #158commiting suicide!
EB TPCW Broswing Mix EB #23commiting suicide!
EB TPCW Broswing Mix EB #206commiting suicide!
EB TPCW Broswing Mix EB #219commiting suicide!
EB TPCW Broswing Mix EB #1480commiting suicide!
EB TPCW Broswing Mix EB #312commiting suicide!
EB TPCW Broswing Mix EB #301commiting suicide!
EB TPCW Broswing Mix EB #490commiting suicide!
EB TPCW Broswing Mix EB #15586commiting suicide!
EB TPCW Broswing Mix EB #35commiting suicide!
EB TPCW Broswing Mix EB #15665commiting suicide!
EB TPCW Broswing Mix EB #117commiting suicide!
EB TPCW Broswing Mix EB #673commiting suicide!
EB TPCW Broswing Mix EB #15810commiting suicide!
EB TPCW Broswing Mix EB #15663commiting suicide!
EB TPCW Broswing Mix EB #246commiting suicide!
EB TPCW Broswing Mix EB #73commiting suicide!
EB TPCW Broswing Mix EB #223commiting suicide!
EB TPCW Broswing Mix EB #195commiting suicide!
EB TPCW Broswing Mix EB #683commiting suicide!
EB TPCW Broswing Mix EB #508commiting suicide!
EB TPCW Broswing Mix EB #174commiting suicide!
EB TPCW Broswing Mix EB #489commiting suicide!
EB TPCW Broswing Mix EB #173commiting suicide!
EB TPCW Broswing Mix EB #187commiting suicide!
EB TPCW Broswing Mix EB #100commiting suicide!
EB TPCW Broswing Mix EB #15817commiting suicide!
EB TPCW Broswing Mix EB #282commiting suicide!
EB TPCW Broswing Mix EB #15661commiting suicide!
EB TPCW Broswing Mix EB #15145commiting suicide!
EB TPCW Broswing Mix EB #2998commiting suicide!
EB TPCW Broswing Mix EB #50commiting suicide!
EB TPCW Broswing Mix EB #105commiting suicide!
EB TPCW Broswing Mix EB #168commiting suicide!
EB TPCW Broswing Mix EB #15808commiting suicide!
EB TPCW Broswing Mix EB #253commiting suicide!
EB TPCW Broswing Mix EB #15775commiting suicide!
EB TPCW Broswing Mix EB #115commiting suicide!
EB TPCW Broswing Mix EB #315commiting suicide!
EB TPCW Broswing Mix EB #56commiting suicide!
EB TPCW Broswing Mix EB #42commiting suicide!
EB TPCW Broswing Mix EB #1477commiting suicide!
EB TPCW Broswing Mix EB #94commiting suicide!
EB TPCW Broswing Mix EB #277commiting suicide!
EB TPCW Broswing Mix EB #99commiting suicide!
EB TPCW Broswing Mix EB #67commiting suicide!
EB TPCW Broswing Mix EB #1653commiting suicide!
EB TPCW Broswing Mix EB #670commiting suicide!
EB TPCW Broswing Mix EB #135commiting suicide!
EB TPCW Broswing Mix EB #669commiting suicide!
EB TPCW Broswing Mix EB #15501commiting suicide!
EB TPCW Broswing Mix EB #323commiting suicide!
EB TPCW Broswing Mix EB #303commiting suicide!
EB TPCW Broswing Mix EB #240commiting suicide!
EB TPCW Broswing Mix EB #322commiting suicide!
EB TPCW Broswing Mix EB #491commiting suicide!
EB TPCW Broswing Mix EB #51commiting suicide!
EB TPCW Broswing Mix EB #15662commiting suicide!
EB TPCW Broswing Mix EB #151commiting suicide!
EB TPCW Broswing Mix EB #242commiting suicide!
EB TPCW Broswing Mix EB #147commiting suicide!
EB TPCW Broswing Mix EB #53commiting suicide!
EB TPCW Broswing Mix EB #285commiting suicide!
EB TPCW Broswing Mix EB #15589commiting suicide!
EB TPCW Broswing Mix EB #125commiting suicide!
EB TPCW Broswing Mix EB #20commiting suicide!
EB TPCW Broswing Mix EB #2994commiting suicide!
EB TPCW Broswing Mix EB #14commiting suicide!
EB TPCW Broswing Mix EB #55commiting suicide!
EB TPCW Broswing Mix EB #58commiting suicide!
EB TPCW Broswing Mix EB #15774commiting suicide!
EB TPCW Broswing Mix EB #672commiting suicide!
EB TPCW Broswing Mix EB #44commiting suicide!
EB TPCW Broswing Mix EB #161commiting suicide!
EB TPCW Broswing Mix EB #15497commiting suicide!
EB TPCW Broswing Mix EB #15815commiting suicide!
EB TPCW Broswing Mix EB #274commiting suicide!
EB TPCW Broswing Mix EB #106commiting suicide!
EB TPCW Broswing Mix EB #503commiting suicide!
EB TPCW Broswing Mix EB #667commiting suicide!
EB TPCW Broswing Mix EB #278commiting suicide!
EB TPCW Broswing Mix EB #15802commiting suicide!
EB TPCW Broswing Mix EB #37commiting suicide!
EB TPCW Broswing Mix EB #290commiting suicide!
EB TPCW Broswing Mix EB #692commiting suicide!
EB TPCW Broswing Mix EB #201commiting suicide!
EB TPCW Broswing Mix EB #257commiting suicide!
EB TPCW Broswing Mix EB #244commiting suicide!
EB TPCW Broswing Mix EB #298commiting suicide!
EB TPCW Broswing Mix EB #26commiting suicide!
EB TPCW Broswing Mix EB #196commiting suicide!
EB TPCW Broswing Mix EB #313commiting suicide!
EB TPCW Broswing Mix EB #15801commiting suicide!
EB TPCW Broswing Mix EB #138commiting suicide!
EB TPCW Broswing Mix EB #494commiting suicide!
EB TPCW Broswing Mix EB #28commiting suicide!
EB TPCW Broswing Mix EB #496commiting suicide!
EB TPCW Broswing Mix EB #252commiting suicide!
EB TPCW Broswing Mix EB #255commiting suicide!
EB TPCW Broswing Mix EB #68commiting suicide!
EB TPCW Broswing Mix EB #279commiting suicide!
EB TPCW Broswing Mix EB #211commiting suicide!
EB TPCW Broswing Mix EB #202commiting suicide!
EB TPCW Broswing Mix EB #1651commiting suicide!
EB TPCW Broswing Mix EB #235commiting suicide!
EB TPCW Broswing Mix EB #225commiting suicide!
EB TPCW Broswing Mix EB #15503commiting suicide!
EB TPCW Broswing Mix EB #15803commiting suicide!
EB TPCW Broswing Mix EB #209commiting suicide!
EB TPCW Broswing Mix EB #144commiting suicide!
EB TPCW Broswing Mix EB #15807commiting suicide!
EB TPCW Broswing Mix EB #691commiting suicide!
EB TPCW Broswing Mix EB #131commiting suicide!
EB TPCW Broswing Mix EB #1658commiting suicide!
EB TPCW Broswing Mix EB #1483commiting suicide!
EB TPCW Broswing Mix EB #15812commiting suicide!
EB TPCW Broswing Mix EB #234commiting suicide!
EB TPCW Broswing Mix EB #681commiting suicide!
EB TPCW Broswing Mix EB #291commiting suicide!
EB TPCW Broswing Mix EB #260commiting suicide!
EB TPCW Broswing Mix EB #296commiting suicide!
EB TPCW Broswing Mix EB #136commiting suicide!
EB TPCW Broswing Mix EB #232commiting suicide!
EB TPCW Broswing Mix EB #207commiting suicide!
EBs finished.
Really finishing RBE!.
