Remote Browser Emulator for TPC-W.
  ECE 902  Fall '99
  Version 1.5
System's current path is /root/loadtest
rt:0.04,through:2.2,tt:0.41,num_interact:33,Intrvl:15,num_users:1,errors:0
rt:0.16,through:38,tt:0.35,num_interact:570,Intrvl:15,num_users:20,errors:0
rt:1.5,through:40.33,tt:0.36,num_interact:605,Intrvl:15,num_users:80,errors:0
rt:2.27,through:43.13,tt:0.37,num_interact:647,Intrvl:15,num_users:120,errors:0
rt:3.46,through:44,tt:0.37,num_interact:660,Intrvl:15,num_users:180,errors:0
rt:4.58,through:44.53,tt:0.35,num_interact:668,Intrvl:15,num_users:240,errors:0
rt:5.62,through:45.6,tt:0.37,num_interact:684,Intrvl:15,num_users:280,errors:0
rt:6.52,through:42.73,tt:0.36,num_interact:641,Intrvl:15,num_users:310,errors:0
rt:7.07,through:44.2,tt:0.37,num_interact:679,Intrvl:15,num_users:340,errors:0
rt:7.66,through:58.2,tt:0.36,num_interact:873,Intrvl:15,num_users:370,errors:0
rt:8.56,through:42.53,tt:0.35,num_interact:638,Intrvl:15,num_users:399,errors:0
rt:9,through:43.4,tt:0.36,num_interact:651,Intrvl:15,num_users:412,errors:0
rt:9.19,through:47.27,tt:0.35,num_interact:787,Intrvl:15,num_users:419,errors:0
rt:8,through:47.47,tt:0.34,num_interact:712,Intrvl:15,num_users:401,errors:0
rt:8.33,through:45.6,tt:0.35,num_interact:684,Intrvl:15,num_users:380,errors:0
rt:8.4,through:46.47,tt:0.34,num_interact:697,Intrvl:15,num_users:430,errors:0
rt:8.74,through:45.4,tt:0.36,num_interact:683,Intrvl:15,num_users:408,errors:0
rt:9.32,through:46.47,tt:0.35,num_interact:715,Intrvl:15,num_users:468,errors:0
rt:9.01,through:44.6,tt:0.34,num_interact:669,Intrvl:15,num_users:392,errors:0
rt:8.31,through:45.93,tt:0.37,num_interact:689,Intrvl:15,num_users:425,errors:0
rt:8.66,through:45.4,tt:0.34,num_interact:681,Intrvl:15,num_users:407,errors:0
rt:8.47,through:45.87,tt:0.36,num_interact:698,Intrvl:15,num_users:400,errors:0
rt:8.28,through:45.6,tt:0.36,num_interact:684,Intrvl:15,num_users:385,errors:0
rt:8.28,through:46.47,tt:0.35,num_interact:698,Intrvl:15,num_users:413,errors:0
rt:8.79,through:45.73,tt:0.36,num_interact:686,Intrvl:15,num_users:433,errors:0
rt:8.79,through:45.33,tt:0.35,num_interact:680,Intrvl:15,num_users:403,errors:0
rt:8.37,through:46,tt:0.34,num_interact:690,Intrvl:15,num_users:398,errors:0
rt:8.2,through:45.4,tt:0.35,num_interact:681,Intrvl:15,num_users:392,errors:0
rt:8.45,through:47.73,tt:0.37,num_interact:716,Intrvl:15,num_users:427,errors:0
rt:8.62,through:42.47,tt:0.36,num_interact:637,Intrvl:15,num_users:370,errors:0
rt:7.91,through:45.67,tt:0.37,num_interact:685,Intrvl:15,num_users:376,errors:0
rt:7.61,through:45.4,tt:0.34,num_interact:681,Intrvl:15,num_users:365,errors:0
rt:8.06,through:47,tt:0.36,num_interact:705,Intrvl:15,num_users:408,errors:0
rt:8.44,through:44.27,tt:0.36,num_interact:664,Intrvl:15,num_users:387,errors:0
rt:8.55,through:45.07,tt:0.39,num_interact:676,Intrvl:15,num_users:430,errors:0
rt:9.37,through:46.07,tt:0.38,num_interact:692,Intrvl:15,num_users:454,errors:0
rt:9.31,through:41.13,tt:0.36,num_interact:617,Intrvl:15,num_users:378,errors:0
rt:8.37,through:44.8,tt:0.38,num_interact:672,Intrvl:15,num_users:409,errors:0
rt:8.87,through:46.53,tt:0.37,num_interact:698,Intrvl:15,num_users:431,errors:0
rt:9.07,through:42.8,tt:0.33,num_interact:642,Intrvl:15,num_users:401,errors:0
rt:8.56,through:45,tt:0.36,num_interact:675,Intrvl:15,num_users:395,errors:0
rt:8.04,through:45.53,tt:0.37,num_interact:683,Intrvl:15,num_users:376,errors:0
rt:7.39,through:43,tt:0.35,num_interact:645,Intrvl:15,num_users:327,errors:0
rt:7.68,through:46.33,tt:0.36,num_interact:695,Intrvl:15,num_users:409,errors:0
rt:8.55,through:42.93,tt:0.35,num_interact:644,Intrvl:15,num_users:377,errors:0
rt:8.23,through:45.07,tt:0.36,num_interact:676,Intrvl:15,num_users:414,errors:0
rt:8.62,through:43.93,tt:0.35,num_interact:659,Intrvl:15,num_users:387,errors:0
rt:8.35,through:46.87,tt:0.35,num_interact:703,Intrvl:15,num_users:407,errors:0
rt:9.19,through:45,tt:0.36,num_interact:687,Intrvl:15,num_users:452,errors:0
rt:9.17,through:43.13,tt:0.36,num_interact:647,Intrvl:15,num_users:393,errors:0
rt:8.47,through:45.33,tt:0.37,num_interact:682,Intrvl:15,num_users:414,errors:0
rt:9.02,through:45.93,tt:0.35,num_interact:692,Intrvl:15,num_users:434,errors:0
rt:9.2,through:45.33,tt:0.34,num_interact:680,Intrvl:15,num_users:431,errors:0
rt:8.73,through:39.93,tt:0.35,num_interact:599,Intrvl:15,num_users:353,errors:0
rt:7.62,through:43.07,tt:0.33,num_interact:646,Intrvl:15,num_users:329,errors:0
rt:7.62,through:46.47,tt:0.4,num_interact:697,Intrvl:15,num_users:390,errors:0
rt:8.22,through:45.4,tt:0.37,num_interact:681,Intrvl:15,num_users:393,errors:42
rt:7.59,through:49.6,tt:0.36,num_interact:791,Intrvl:15,num_users:377,errors:0
rt:7.09,through:60.07,tt:0.34,num_interact:901,Intrvl:15,num_users:396,errors:0
rt:9.03,through:48.87,tt:0.36,num_interact:733,Intrvl:15,num_users:469,errors:0
rt:7.95,through:49.8,tt:0.33,num_interact:747,Intrvl:15,num_users:398,errors:0
rt:6.69,through:52.73,tt:0.33,num_interact:791,Intrvl:15,num_users:413,errors:0
rt:8.59,through:75.33,tt:0.35,num_interact:1130,Intrvl:15,num_users:426,errors:0
rt:9.01,through:76.47,tt:0.35,num_interact:1147,Intrvl:15,num_users:429,errors:0
rt:7.78,through:45.13,tt:0.35,num_interact:677,Intrvl:15,num_users:425,errors:0
rt:9.56,through:188.53,tt:0.35,num_interact:2830,Intrvl:15,num_users:451,errors:0
rt:8.41,through:48.47,tt:0.37,num_interact:727,Intrvl:15,num_users:428,errors:0
rt:7.88,through:51.07,tt:0.34,num_interact:766,Intrvl:15,num_users:436,errors:0
rt:8.36,through:48.33,tt:0.32,num_interact:823,Intrvl:15,num_users:398,errors:0
rt:6.51,through:49.87,tt:0.34,num_interact:748,Intrvl:15,num_users:368,errors:0
rt:6.7,through:57.67,tt:0.33,num_interact:877,Intrvl:15,num_users:369,errors:0
rt:8.21,through:47.6,tt:0.38,num_interact:714,Intrvl:15,num_users:615,errors:0
rt:13.82,through:56.33,tt:0.36,num_interact:845,Intrvl:15,num_users:660,errors:0
rt:12.53,through:48.07,tt:0.34,num_interact:739,Intrvl:15,num_users:466,errors:0
rt:10.11,through:70.4,tt:0.34,num_interact:1056,Intrvl:15,num_users:599,errors:0
rt:20.26,through:3.93,tt:0.36,num_interact:59,Intrvl:15,num_users:605,errors:0
rt:39.39,through:1.4,tt:0.55,num_interact:21,Intrvl:15,num_users:587,errors:0
rt:54.97,through:0.13,tt:0.43,num_interact:2,Intrvl:15,num_users:554,errors:0
rt:211.93,through:69.53,tt:0.36,num_interact:1043,Intrvl:15,num_users:640,errors:0
rt:18.76,through:42.4,tt:0.36,num_interact:636,Intrvl:15,num_users:626,errors:0
rt:11.93,through:42.4,tt:0.35,num_interact:636,Intrvl:15,num_users:631,errors:0
rt:14.11,through:43.47,tt:0.33,num_interact:652,Intrvl:15,num_users:606,errors:0
rt:11.8,through:43.07,tt:0.36,num_interact:646,Intrvl:15,num_users:614,errors:0
rt:14.19,through:41.73,tt:0.36,num_interact:626,Intrvl:15,num_users:672,errors:0
rt:13.64,through:40.47,tt:0.38,num_interact:628,Intrvl:15,num_users:636,errors:0
rt:14.53,through:38.8,tt:0.36,num_interact:582,Intrvl:15,num_users:536,errors:0
rt:11.63,through:42.87,tt:0.36,num_interact:643,Intrvl:15,num_users:536,errors:0
rt:11.15,through:43.53,tt:0.33,num_interact:653,Intrvl:15,num_users:551,errors:0
rt:11.49,through:42.4,tt:0.34,num_interact:636,Intrvl:15,num_users:555,errors:0
rt:11.09,through:47.8,tt:0.35,num_interact:717,Intrvl:15,num_users:560,errors:0
rt:12.64,through:44.27,tt:0.34,num_interact:664,Intrvl:15,num_users:618,errors:0
rt:15.39,through:44.47,tt:0.36,num_interact:789,Intrvl:15,num_users:632,errors:0
rt:13.54,through:37.6,tt:0.34,num_interact:595,Intrvl:15,num_users:632,errors:0
rt:12.47,through:43.47,tt:0.34,num_interact:652,Intrvl:15,num_users:611,errors:0
rt:14.21,through:40.6,tt:0.34,num_interact:612,Intrvl:15,num_users:561,errors:0
rt:13.4,through:69,tt:0.36,num_interact:1035,Intrvl:15,num_users:629,errors:0
rt:11.24,through:42.87,tt:0.34,num_interact:666,Intrvl:15,num_users:583,errors:0
rt:14.28,through:45.47,tt:0.38,num_interact:682,Intrvl:15,num_users:586,errors:0
rt:11.4,through:57.87,tt:0.35,num_interact:868,Intrvl:15,num_users:629,errors:0
rt:14.72,through:38.27,tt:0.33,num_interact:574,Intrvl:15,num_users:610,errors:0
rt:15.49,through:35.2,tt:0.34,num_interact:739,Intrvl:15,num_users:633,errors:0
rt:322.59,through:119.93,tt:0.37,num_interact:1799,Intrvl:15,num_users:643,errors:12
rt:9.63,through:31,tt:0.36,num_interact:465,Intrvl:15,num_users:620,errors:0
rt:8.54,through:29.53,tt:0.34,num_interact:443,Intrvl:15,num_users:583,errors:0
rt:8,through:31.8,tt:0.35,num_interact:477,Intrvl:15,num_users:603,errors:0
rt:8.14,through:28.6,tt:0.36,num_interact:429,Intrvl:15,num_users:508,errors:0
rt:7.79,through:31.47,tt:0.35,num_interact:472,Intrvl:15,num_users:570,errors:0
rt:9.96,through:31.53,tt:0.37,num_interact:473,Intrvl:15,num_users:725,errors:0
rt:13.3,through:26.33,tt:0.35,num_interact:395,Intrvl:15,num_users:627,errors:0
rt:11.81,through:30.73,tt:0.34,num_interact:461,Intrvl:15,num_users:668,errors:0
rt:11.7,through:27.27,tt:0.37,num_interact:409,Intrvl:15,num_users:580,errors:0
rt:9.29,through:29.33,tt:0.35,num_interact:440,Intrvl:15,num_users:534,errors:0
rt:8.37,through:31.2,tt:0.33,num_interact:468,Intrvl:15,num_users:594,errors:0
rt:9.76,through:33.53,tt:0.34,num_interact:504,Intrvl:15,num_users:619,errors:0
rt:10.33,through:31,tt:0.38,num_interact:468,Intrvl:15,num_users:608,errors:0
rt:10.02,through:32.4,tt:0.35,num_interact:486,Intrvl:15,num_users:616,errors:0
rt:9.08,through:24.33,tt:0.34,num_interact:365,Intrvl:15,num_users:452,errors:0
rt:8.14,through:31.6,tt:0.4,num_interact:474,Intrvl:15,num_users:652,errors:0
rt:12.49,through:31.13,tt:0.33,num_interact:467,Intrvl:15,num_users:655,errors:0
rt:12.14,through:30.67,tt:0.36,num_interact:460,Intrvl:15,num_users:617,errors:0
rt:11.51,through:31.4,tt:0.34,num_interact:471,Intrvl:15,num_users:645,errors:0
rt:12.19,through:33,tt:0.34,num_interact:495,Intrvl:15,num_users:711,errors:0
rt:13.96,through:31.33,tt:0.35,num_interact:470,Intrvl:15,num_users:706,errors:0
rt:13.78,through:28.2,tt:0.37,num_interact:423,Intrvl:15,num_users:637,errors:0
rt:12.81,through:31.73,tt:0.41,num_interact:476,Intrvl:15,num_users:734,errors:0
rt:14.73,through:28.33,tt:0.36,num_interact:425,Intrvl:15,num_users:676,errors:0
rt:13.56,through:32,tt:0.33,num_interact:480,Intrvl:15,num_users:670,errors:0
rt:12.43,through:23.2,tt:0.36,num_interact:348,Intrvl:15,num_users:535,errors:0
rt:9.26,through:32.73,tt:0.32,num_interact:491,Intrvl:15,num_users:539,errors:0
rt:7.84,through:26.87,tt:0.34,num_interact:403,Intrvl:15,num_users:458,errors:0
rt:6.95,through:31.4,tt:0.39,num_interact:471,Intrvl:15,num_users:525,errors:0
rt:9.78,through:32,tt:0.43,num_interact:484,Intrvl:15,num_users:734,errors:0
rt:14.53,through:29.27,tt:0.34,num_interact:439,Intrvl:15,num_users:679,errors:0
rt:13.81,through:27.93,tt:0.32,num_interact:419,Intrvl:15,num_users:630,errors:0
rt:13.08,through:32.07,tt:0.38,num_interact:481,Intrvl:15,num_users:745,errors:0
rt:14.47,through:24.73,tt:0.35,num_interact:371,Intrvl:15,num_users:608,errors:0
rt:12.81,through:31.2,tt:0.37,num_interact:468,Intrvl:15,num_users:702,errors:0
rt:13.8,through:31.73,tt:0.33,num_interact:476,Intrvl:15,num_users:710,errors:0
rt:13.95,through:31.27,tt:0.35,num_interact:486,Intrvl:15,num_users:761,errors:0
rt:15.18,through:27.53,tt:0.34,num_interact:416,Intrvl:15,num_users:679,errors:0
rt:13.83,through:30.93,tt:0.33,num_interact:464,Intrvl:15,num_users:664,errors:0
rt:12.88,through:32.33,tt:0.38,num_interact:485,Intrvl:15,num_users:722,errors:0
rt:13.94,through:28.2,tt:0.33,num_interact:423,Intrvl:15,num_users:671,errors:0
rt:13.54,through:34.6,tt:0.36,num_interact:519,Intrvl:15,num_users:703,errors:0
rt:13.57,through:31.73,tt:0.35,num_interact:476,Intrvl:15,num_users:686,errors:0
rt:13.33,through:32.27,tt:0.37,num_interact:489,Intrvl:15,num_users:692,errors:0
rt:13.52,through:30.93,tt:0.35,num_interact:464,Intrvl:15,num_users:682,errors:0
rt:12.94,through:31.13,tt:0.34,num_interact:467,Intrvl:15,num_users:710,errors:0
rt:13.88,through:30,tt:0.35,num_interact:450,Intrvl:15,num_users:653,errors:0
rt:12.54,through:32.47,tt:0.37,num_interact:487,Intrvl:15,num_users:679,errors:0
rt:13.09,through:28.73,tt:0.36,num_interact:431,Intrvl:15,num_users:625,errors:0
rt:12.02,through:32.27,tt:0.35,num_interact:484,Intrvl:15,num_users:702,errors:0
rt:13.48,through:30.8,tt:0.38,num_interact:462,Intrvl:15,num_users:689,errors:0
rt:14,through:32.07,tt:0.38,num_interact:483,Intrvl:15,num_users:784,errors:0
rt:16.1,through:31.33,tt:0.39,num_interact:470,Intrvl:15,num_users:760,errors:0
rt:15.34,through:29.27,tt:0.37,num_interact:439,Intrvl:15,num_users:717,errors:0
rt:14.67,through:29.27,tt:0.33,num_interact:439,Intrvl:15,num_users:680,errors:0
rt:13.56,through:29.87,tt:0.34,num_interact:448,Intrvl:15,num_users:643,errors:0
rt:12.18,through:32.47,tt:0.37,num_interact:488,Intrvl:15,num_users:716,errors:36
rt:12.59,through:20.07,tt:0.35,num_interact:301,Intrvl:15,num_users:773,errors:0
rt:27.4,through:1.67,tt:0.28,num_interact:25,Intrvl:15,num_users:708,errors:0
rt:40.44,through:14.4,tt:0.39,num_interact:216,Intrvl:15,num_users:737,errors:0
rt:27.5,through:25.67,tt:0.36,num_interact:385,Intrvl:15,num_users:720,errors:0
rt:172.03,through:11.4,tt:0.32,num_interact:171,Intrvl:15,num_users:789,errors:0
rt:357.7,through:1.27,tt:0.39,num_interact:19,Intrvl:15,num_users:683,errors:0
rt:372.67,through:0.33,tt:0.1,num_interact:5,Intrvl:15,num_users:685,errors:0
rt:280.41,through:6.87,tt:0.36,num_interact:103,Intrvl:15,num_users:708,errors:0
rt:264.8,through:28.6,tt:0.35,num_interact:429,Intrvl:15,num_users:719,errors:9
rt:152.24,through:3.2,tt:0.26,num_interact:48,Intrvl:15,num_users:714,errors:0
rt:121.23,through:16.13,tt:0.36,num_interact:242,Intrvl:15,num_users:758,errors:0
rt:27.65,through:20.33,tt:0.36,num_interact:305,Intrvl:15,num_users:760,errors:0
rt:12.76,through:25.73,tt:0.32,num_interact:386,Intrvl:15,num_users:737,errors:0
rt:8.5,through:7.87,tt:0.29,num_interact:118,Intrvl:15,num_users:828,errors:0
rt:23.04,through:0.33,tt:0.37,num_interact:217,Intrvl:15,num_users:730,errors:0
rt:73.02,through:81.6,tt:0.37,num_interact:1224,Intrvl:15,num_users:744,errors:0
rt:41.6,through:27,tt:0.34,num_interact:405,Intrvl:15,num_users:779,errors:0
rt:3.42,through:33.07,tt:0.37,num_interact:496,Intrvl:15,num_users:684,errors:0
rt:1.28,through:43.13,tt:0.34,num_interact:647,Intrvl:15,num_users:663,errors:0
rt:3.79,through:8.07,tt:0.33,num_interact:121,Intrvl:15,num_users:764,errors:0
rt:7.75,through:19.67,tt:0.38,num_interact:295,Intrvl:15,num_users:695,errors:0
rt:1.64,through:42.8,tt:0.35,num_interact:642,Intrvl:15,num_users:656,errors:0
rt:1.2,through:43.8,tt:0.35,num_interact:657,Intrvl:15,num_users:640,errors:0
rt:3.62,through:11.13,tt:0.36,num_interact:167,Intrvl:15,num_users:699,errors:0
rt:32.46,through:27.73,tt:0.35,num_interact:416,Intrvl:15,num_users:723,errors:0
rt:26.75,through:14.93,tt:0.35,num_interact:224,Intrvl:15,num_users:744,errors:0
rt:49.45,through:15.4,tt:0.32,num_interact:231,Intrvl:15,num_users:783,errors:0
rt:3.85,through:34.93,tt:0.35,num_interact:524,Intrvl:15,num_users:693,errors:0
rt:0.17,through:42.53,tt:0.34,num_interact:638,Intrvl:15,num_users:652,errors:0
rt:2.36,through:23.27,tt:0.39,num_interact:349,Intrvl:15,num_users:703,errors:0
rt:4.95,through:11.07,tt:0.33,num_interact:166,Intrvl:15,num_users:705,errors:0
rt:0.26,through:38.07,tt:0.35,num_interact:571,Intrvl:15,num_users:603,errors:0
rt:9.35,through:14,tt:0.49,num_interact:210,Intrvl:15,num_users:765,errors:0
rt:4.12,through:18.8,tt:0.36,num_interact:282,Intrvl:15,num_users:692,errors:0
rt:1.75,through:41.67,tt:0.35,num_interact:625,Intrvl:15,num_users:647,errors:0
rt:1.33,through:44.27,tt:0.36,num_interact:664,Intrvl:15,num_users:661,errors:0
rt:2.4,through:26.07,tt:0.36,num_interact:391,Intrvl:15,num_users:679,errors:0
rt:7.66,through:8.27,tt:0.38,num_interact:124,Intrvl:15,num_users:685,errors:0
rt:16.12,through:20.4,tt:0.36,num_interact:306,Intrvl:15,num_users:736,errors:0
rt:7.93,through:18.53,tt:0.32,num_interact:278,Intrvl:15,num_users:676,errors:0
rt:5.72,through:15.8,tt:0.38,num_interact:237,Intrvl:15,num_users:711,errors:0
rt:0.66,through:44.13,tt:0.33,num_interact:662,Intrvl:15,num_users:625,errors:0
rt:0.62,through:42.53,tt:0.34,num_interact:638,Intrvl:15,num_users:631,errors:0
rt:2.13,through:33.93,tt:0.39,num_interact:509,Intrvl:15,num_users:686,errors:0
rt:1.07,through:43.93,tt:0.34,num_interact:659,Intrvl:15,num_users:645,errors:0
rt:4.03,through:11.33,tt:0.39,num_interact:170,Intrvl:15,num_users:702,errors:0
rt:8.88,through:12.6,tt:0.38,num_interact:216,Intrvl:15,num_users:678,errors:0
rt:1.83,through:40.6,tt:0.35,num_interact:609,Intrvl:15,num_users:671,errors:0
rt:1.34,through:44.07,tt:0.34,num_interact:661,Intrvl:15,num_users:662,errors:0
rt:3.49,through:16.07,tt:0.45,num_interact:241,Intrvl:15,num_users:708,errors:0
rt:10.9,through:1.93,tt:0.38,num_interact:29,Intrvl:15,num_users:736,errors:0
rt:38.16,through:17.4,tt:0.35,num_interact:261,Intrvl:15,num_users:759,errors:0
rt:22.22,through:0.13,tt:0.16,num_interact:2,Intrvl:15,num_users:714,errors:0
rt:5.37,through:31.73,tt:0.34,num_interact:476,Intrvl:15,num_users:666,errors:0
rt:5.29,through:6.2,tt:0.38,num_interact:93,Intrvl:15,num_users:743,errors:0
rt:43.79,through:24,tt:0.4,num_interact:361,Intrvl:15,num_users:803,errors:0
rt:19.11,through:2.6,tt:0.41,num_interact:39,Intrvl:15,num_users:747,errors:0
rt:15.8,through:7.93,tt:0.36,num_interact:119,Intrvl:15,num_users:728,errors:0
rt:4.54,through:10.93,tt:0.34,num_interact:164,Intrvl:15,num_users:724,errors:0
rt:1.63,through:22.53,tt:0.35,num_interact:338,Intrvl:15,num_users:708,errors:0
rt:0.17,through:41,tt:0.34,num_interact:615,Intrvl:15,num_users:666,errors:0
rt:5.59,through:5.8,tt:0.46,num_interact:87,Intrvl:15,num_users:729,errors:0
rt:0.63,through:41.8,tt:0.32,num_interact:627,Intrvl:15,num_users:671,errors:0
rt:0.12,through:38.13,tt:0.33,num_interact:572,Intrvl:15,num_users:654,errors:0
rt:0.07,through:23.2,tt:0.37,num_interact:348,Intrvl:15,num_users:632,errors:0
rt:0.11,through:36.13,tt:0.33,num_interact:542,Intrvl:15,num_users:638,errors:0
rt:4.27,through:10.33,tt:0.41,num_interact:199,Intrvl:15,num_users:706,errors:0
rt:6.57,through:5.93,tt:0.31,num_interact:89,Intrvl:15,num_users:739,errors:0
rt:20.16,through:2.33,tt:0.36,num_interact:35,Intrvl:15,num_users:707,errors:0
rt:11.31,through:19.93,tt:0.38,num_interact:299,Intrvl:15,num_users:723,errors:0
rt:9.58,through:11.2,tt:0.4,num_interact:168,Intrvl:15,num_users:722,errors:0
rt:6.2,through:4.6,tt:0.33,num_interact:69,Intrvl:15,num_users:741,errors:0
rt:18.9,through:20.93,tt:0.38,num_interact:314,Intrvl:15,num_users:799,errors:0
rt:13.07,through:3.6,tt:0.39,num_interact:111,Intrvl:15,num_users:773,errors:0
rt:17.29,through:4.6,tt:0.33,num_interact:69,Intrvl:15,num_users:769,errors:0
rt:0.41,through:33.73,tt:0.34,num_interact:506,Intrvl:15,num_users:701,errors:0
rt:0.16,through:36.4,tt:0.34,num_interact:546,Intrvl:15,num_users:695,errors:0
rt:4.51,through:2.73,tt:0.42,num_interact:41,Intrvl:15,num_users:762,errors:0
rt:5.81,through:13.47,tt:0.4,num_interact:202,Intrvl:15,num_users:730,errors:0
rt:0.12,through:19.33,tt:0.35,num_interact:290,Intrvl:15,num_users:665,errors:0
rt:1.7,through:22.27,tt:0.38,num_interact:334,Intrvl:15,num_users:709,errors:0
rt:0.12,through:22.33,tt:0.34,num_interact:335,Intrvl:15,num_users:666,errors:0
rt:4.37,through:9.33,tt:0.47,num_interact:140,Intrvl:15,num_users:733,errors:0
rt:15.88,through:7.2,tt:0.36,num_interact:108,Intrvl:15,num_users:738,errors:0
rt:1.54,through:32.13,tt:0.35,num_interact:482,Intrvl:15,num_users:699,errors:0
rt:0.84,through:31.67,tt:0.33,num_interact:475,Intrvl:15,num_users:701,errors:0
rt:0.06,through:10.07,tt:0.35,num_interact:151,Intrvl:15,num_users:644,errors:0
rt:0.26,through:42.8,tt:0.35,num_interact:642,Intrvl:15,num_users:666,errors:0
rt:3.08,through:9.4,tt:0.4,num_interact:141,Intrvl:15,num_users:719,errors:0
rt:15.14,through:30.67,tt:0.33,num_interact:460,Intrvl:15,num_users:739,errors:0
rt:25.62,through:4.13,tt:0.3,num_interact:62,Intrvl:15,num_users:729,errors:0
rt:26.59,through:31.73,tt:0.37,num_interact:477,Intrvl:15,num_users:760,errors:0
rt:11.44,through:0.27,tt:0.28,num_interact:4,Intrvl:15,num_users:592,errors:0
rt:0.05,through:9.67,tt:0.34,num_interact:145,Intrvl:15,num_users:596,errors:0
rt:4.88,through:4.13,tt:0.43,num_interact:62,Intrvl:15,num_users:734,errors:0
rt:45.53,through:21.33,tt:0.37,num_interact:320,Intrvl:15,num_users:765,errors:0
rt:46.14,through:9.93,tt:0.36,num_interact:149,Intrvl:15,num_users:792,errors:0
rt:?,through:0,tt:?,num_interact:0,Intrvl:15,num_users:723,errors:0
rt:?,through:0,tt:?,num_interact:0,Intrvl:15,num_users:720,errors:0
rt:1.43,through:12.47,tt:0.38,num_interact:187,Intrvl:15,num_users:744,errors:0
rt:3.52,through:7.73,tt:0.4,num_interact:116,Intrvl:15,num_users:756,errors:0
rt:5.91,through:0.07,tt:0.41,num_interact:1,Intrvl:15,num_users:715,errors:0
rt:?,through:0,tt:?,num_interact:0,Intrvl:15,num_users:690,errors:0
rt:?,through:0,tt:?,num_interact:0,Intrvl:15,num_users:678,errors:0
rt:?,through:0,tt:?,num_interact:0,Intrvl:15,num_users:612,errors:0
rt:2.03,through:25.93,tt:0.39,num_interact:389,Intrvl:15,num_users:688,errors:0
rt:3.66,through:19.13,tt:0.32,num_interact:287,Intrvl:15,num_users:701,errors:0
rt:10.61,through:5.93,tt:0.37,num_interact:89,Intrvl:15,num_users:751,errors:0
rt:9.4,through:14.6,tt:0.35,num_interact:219,Intrvl:15,num_users:704,errors:0
rt:2.45,through:0.73,tt:0.28,num_interact:14,Intrvl:15,num_users:780,errors:0
rt:2.08,through:41.4,tt:0.35,num_interact:621,Intrvl:15,num_users:654,errors:0
rt:2.77,through:4.33,tt:0.38,num_interact:65,Intrvl:15,num_users:725,errors:0
rt:11.8,through:12.07,tt:0.45,num_interact:181,Intrvl:15,num_users:738,errors:0
rt:18.51,through:3.6,tt:0.33,num_interact:54,Intrvl:15,num_users:729,errors:0
rt:28.82,through:25.73,tt:0.36,num_interact:387,Intrvl:15,num_users:767,errors:0
rt:4.03,through:17,tt:0.33,num_interact:255,Intrvl:15,num_users:724,errors:0
rt:2.91,through:1.4,tt:0.32,num_interact:21,Intrvl:15,num_users:784,errors:0
rt:7.72,through:4.47,tt:0.36,num_interact:67,Intrvl:15,num_users:751,errors:0
rt:19.99,through:1.4,tt:0.52,num_interact:21,Intrvl:15,num_users:779,errors:0
rt:?,through:0,tt:?,num_interact:0,Intrvl:15,num_users:799,errors:0
rt:?,through:0,tt:?,num_interact:0,Intrvl:15,num_users:780,errors:0
rt:?,through:0,tt:?,num_interact:0,Intrvl:15,num_users:750,errors:0
rt:1.18,through:0.6,tt:0.19,num_interact:9,Intrvl:15,num_users:799,errors:0
rt:?,through:0,tt:?,num_interact:0,Intrvl:15,num_users:716,errors:0
rt:2.02,through:2.4,tt:0.34,num_interact:36,Intrvl:15,num_users:769,errors:0
rt:1.99,through:13.73,tt:0.37,num_interact:206,Intrvl:15,num_users:738,errors:0
rt:0.93,through:0.07,tt:0.13,num_interact:1,Intrvl:15,num_users:656,errors:0
rt:2.02,through:19.27,tt:0.35,num_interact:289,Intrvl:15,num_users:707,errors:0
rt:0.41,through:37.67,tt:0.35,num_interact:565,Intrvl:15,num_users:683,errors:0
rt:24.44,through:10.73,tt:0.51,num_interact:161,Intrvl:15,num_users:821,errors:0
rt:73.08,through:0.07,tt:0.09,num_interact:1,Intrvl:15,num_users:830,errors:0
rt:?,through:0,tt:?,num_interact:0,Intrvl:15,num_users:731,errors:0
rt:0.55,through:20,tt:0.32,num_interact:300,Intrvl:15,num_users:749,errors:0
rt:0.79,through:18.53,tt:0.38,num_interact:278,Intrvl:15,num_users:753,errors:0
rt:1.25,through:16.73,tt:0.37,num_interact:251,Intrvl:15,num_users:758,errors:0
rt:2.22,through:13.73,tt:0.35,num_interact:206,Intrvl:15,num_users:764,errors:0
rt:9.6,through:11,tt:0.38,num_interact:165,Intrvl:15,num_users:798,errors:0
rt:?,through:0,tt:?,num_interact:0,Intrvl:15,num_users:668,errors:0
rt:7.76,through:6.8,tt:0.44,num_interact:102,Intrvl:15,num_users:769,errors:0
rt:8.14,through:3.4,tt:0.32,num_interact:51,Intrvl:15,num_users:819,errors:0
rt:21.24,through:1.67,tt:0.47,num_interact:25,Intrvl:15,num_users:776,errors:0
rt:1.01,through:0.13,tt:1.04,num_interact:2,Intrvl:15,num_users:825,errors:0
rt:31.44,through:0.8,tt:0.5,num_interact:15,Intrvl:15,num_users:795,errors:0
rt:1.64,through:17.33,tt:0.33,num_interact:260,Intrvl:15,num_users:757,errors:0
rt:5,through:3.2,tt:0.44,num_interact:48,Intrvl:15,num_users:788,errors:0
rt:10.34,through:2.6,tt:0.31,num_interact:39,Intrvl:15,num_users:854,errors:0
rt:?,through:0,tt:?,num_interact:0,Intrvl:15,num_users:689,errors:0
rt:7.91,through:5.13,tt:0.38,num_interact:77,Intrvl:15,num_users:775,errors:0
rt:0.29,through:10,tt:0.36,num_interact:150,Intrvl:15,num_users:693,errors:0
rt:?,through:0,tt:?,num_interact:0,Intrvl:15,num_users:669,errors:0
rt:0.65,through:30.53,tt:0.38,num_interact:468,Intrvl:15,num_users:702,errors:0
rt:4.05,through:3.73,tt:0.32,num_interact:56,Intrvl:15,num_users:769,errors:0
rt:8.64,through:8.93,tt:0.34,num_interact:134,Intrvl:15,num_users:724,errors:0
rt:4.75,through:7.13,tt:0.37,num_interact:107,Intrvl:15,num_users:743,errors:0
rt:25.58,through:15.2,tt:0.38,num_interact:228,Intrvl:15,num_users:834,errors:0
rt:?,through:0,tt:?,num_interact:0,Intrvl:15,num_users:768,errors:0
rt:1.02,through:0.27,tt:0.1,num_interact:4,Intrvl:15,num_users:842,errors:0
rt:?,through:0,tt:?,num_interact:0,Intrvl:15,num_users:789,errors:0
rt:0.68,through:0.2,tt:0.03,num_interact:3,Intrvl:15,num_users:846,errors:0
rt:0.6,through:6.2,tt:0.35,num_interact:93,Intrvl:15,num_users:801,errors:0
rt:1.94,through:1.13,tt:0.3,num_interact:17,Intrvl:15,num_users:818,errors:0
rt:?,through:0,tt:?,num_interact:0,Intrvl:15,num_users:811,errors:0
rt:?,through:0,tt:?,num_interact:0,Intrvl:15,num_users:764,errors:0
rt:?,through:0,tt:?,num_interact:0,Intrvl:15,num_users:733,errors:0
rt:2.62,through:6.8,tt:0.33,num_interact:102,Intrvl:15,num_users:759,errors:0
rt:?,through:0,tt:?,num_interact:0,Intrvl:15,num_users:697,errors:0
rt:2.9,through:5,tt:0.39,num_interact:75,Intrvl:15,num_users:779,errors:0
rt:14.03,through:2.07,tt:0.55,num_interact:31,Intrvl:15,num_users:756,errors:0
rt:2.15,through:18.93,tt:0.35,num_interact:284,Intrvl:15,num_users:730,errors:0
rt:3.95,through:2.27,tt:0.36,num_interact:34,Intrvl:15,num_users:765,errors:0
rt:5.04,through:9.47,tt:0.39,num_interact:142,Intrvl:15,num_users:746,errors:0
rt:17.26,through:8.2,tt:0.39,num_interact:123,Intrvl:15,num_users:888,errors:0
rt:33.34,through:0.13,tt:0.22,num_interact:2,Intrvl:15,num_users:801,errors:0
rt:?,through:0,tt:?,num_interact:0,Intrvl:15,num_users:772,errors:0
rt:0.27,through:0.13,tt:0.02,num_interact:2,Intrvl:15,num_users:831,errors:0
rt:?,through:0,tt:?,num_interact:0,Intrvl:15,num_users:818,errors:0
rt:?,through:0,tt:?,num_interact:0,Intrvl:15,num_users:836,errors:0
rt:?,through:0,tt:?,num_interact:0,Intrvl:15,num_users:811,errors:0
rt:?,through:0,tt:?,num_interact:0,Intrvl:15,num_users:760,errors:0
rt:0.12,through:5.93,tt:0.38,num_interact:89,Intrvl:15,num_users:763,errors:0
rt:0.91,through:0.6,tt:0.12,num_interact:9,Intrvl:15,num_users:792,errors:0
rt:?,through:0,tt:?,num_interact:0,Intrvl:15,num_users:795,errors:0
rt:?,through:0,tt:?,num_interact:0,Intrvl:15,num_users:844,errors:0
rt:?,through:0,tt:?,num_interact:0,Intrvl:15,num_users:770,errors:0
rt:?,through:0,tt:?,num_interact:0,Intrvl:15,num_users:743,errors:0
rt:0.7,through:0.27,tt:0.04,num_interact:4,Intrvl:15,num_users:855,errors:0
rt:?,through:0,tt:?,num_interact:0,Intrvl:15,num_users:706,errors:0
rt:3.74,through:2.33,tt:0.35,num_interact:35,Intrvl:15,num_users:779,errors:0
rt:21.6,through:1.6,tt:0.48,num_interact:24,Intrvl:15,num_users:848,errors:0
