Remote Browser Emulator for TPC-W.
  ECE 902  Fall '99
  Version 1.5
System's current path is /root/loadtest
rt:0.1,through:1.93,tt:0.42,num_interact:29,Intrvl:15,num_users:1,errors:0
rt:1.31,through:11.67,tt:0.38,num_interact:175,Intrvl:15,num_users:20,errors:0
rt:5.51,through:10.07,tt:0.42,num_interact:151,Intrvl:15,num_users:80,errors:0
rt:7.08,through:12.67,tt:0.38,num_interact:190,Intrvl:15,num_users:120,errors:0
rt:9.9,through:12.8,tt:0.41,num_interact:192,Intrvl:15,num_users:180,errors:0
rt:13.64,through:12.8,tt:0.38,num_interact:192,Intrvl:15,num_users:240,errors:0
rt:15.49,through:12.53,tt:0.41,num_interact:188,Intrvl:15,num_users:280,errors:0
rt:21.19,through:12.47,tt:0.35,num_interact:187,Intrvl:15,num_users:310,errors:0
rt:24.52,through:12.87,tt:0.38,num_interact:193,Intrvl:15,num_users:370,errors:0
rt:24.52,through:12.6,tt:0.39,num_interact:189,Intrvl:15,num_users:440,errors:0
rt:29.41,through:13,tt:0.37,num_interact:195,Intrvl:15,num_users:484,errors:0
rt:33.99,through:12.8,tt:0.4,num_interact:192,Intrvl:15,num_users:487,errors:0
rt:35.54,through:12.47,tt:0.35,num_interact:187,Intrvl:15,num_users:479,errors:0
rt:37.13,through:12.67,tt:0.34,num_interact:190,Intrvl:15,num_users:574,errors:0
rt:38.17,through:12.73,tt:0.34,num_interact:191,Intrvl:15,num_users:500,errors:0
rt:39.87,through:7.53,tt:0.35,num_interact:113,Intrvl:15,num_users:458,errors:0
rt:43.64,through:9.53,tt:0.33,num_interact:145,Intrvl:15,num_users:409,errors:0
rt:42.74,through:10.67,tt:0.39,num_interact:160,Intrvl:15,num_users:426,errors:0
rt:40,through:12.2,tt:0.3,num_interact:183,Intrvl:15,num_users:494,errors:0
rt:36.96,through:12.67,tt:0.4,num_interact:190,Intrvl:15,num_users:515,errors:0
rt:36.23,through:12.53,tt:0.4,num_interact:188,Intrvl:15,num_users:489,errors:0
rt:37.93,through:11.33,tt:0.31,num_interact:170,Intrvl:15,num_users:444,errors:0
rt:40.86,through:11.2,tt:0.33,num_interact:168,Intrvl:15,num_users:454,errors:0
rt:40.2,through:11.6,tt:0.34,num_interact:174,Intrvl:15,num_users:512,errors:0
rt:38.46,through:12.73,tt:0.35,num_interact:191,Intrvl:15,num_users:487,errors:0
rt:37.96,through:9.6,tt:0.39,num_interact:144,Intrvl:15,num_users:462,errors:0
rt:40.32,through:12.33,tt:0.35,num_interact:185,Intrvl:15,num_users:448,errors:0
rt:39.34,through:12.33,tt:0.36,num_interact:185,Intrvl:15,num_users:466,errors:0
rt:37.48,through:12.53,tt:0.34,num_interact:189,Intrvl:15,num_users:479,errors:0
rt:34.2,through:11.07,tt:0.3,num_interact:166,Intrvl:15,num_users:431,errors:0
rt:37.39,through:11.53,tt:0.34,num_interact:173,Intrvl:15,num_users:413,errors:0
rt:36.9,through:11.33,tt:0.41,num_interact:170,Intrvl:15,num_users:435,errors:0
rt:35.09,through:12.6,tt:0.34,num_interact:189,Intrvl:15,num_users:484,errors:0
rt:34.32,through:12.8,tt:0.34,num_interact:192,Intrvl:15,num_users:483,errors:0
rt:36.65,through:12.73,tt:0.37,num_interact:191,Intrvl:15,num_users:515,errors:0
rt:37.81,through:12.33,tt:0.3,num_interact:185,Intrvl:15,num_users:461,errors:0
rt:39.32,through:10.13,tt:0.35,num_interact:153,Intrvl:15,num_users:470,errors:0
rt:39.02,through:11.47,tt:0.36,num_interact:172,Intrvl:15,num_users:416,errors:0
rt:38.84,through:10.8,tt:0.31,num_interact:162,Intrvl:15,num_users:454,errors:0
rt:37.68,through:11.6,tt:0.29,num_interact:174,Intrvl:15,num_users:480,errors:0
rt:37.41,through:12.73,tt:0.36,num_interact:191,Intrvl:15,num_users:487,errors:0
rt:36.6,through:13,tt:0.36,num_interact:195,Intrvl:15,num_users:561,errors:0
rt:37.79,through:11.87,tt:0.38,num_interact:178,Intrvl:15,num_users:455,errors:0
rt:40.92,through:8,tt:0.32,num_interact:120,Intrvl:15,num_users:400,errors:0
rt:42.34,through:9.13,tt:0.29,num_interact:137,Intrvl:15,num_users:381,errors:0
rt:42.85,through:10.8,tt:0.34,num_interact:162,Intrvl:15,num_users:517,errors:0
rt:35.12,through:12.53,tt:0.32,num_interact:188,Intrvl:15,num_users:536,errors:0
rt:39.3,through:10.47,tt:0.41,num_interact:157,Intrvl:15,num_users:475,errors:0
rt:41.31,through:11.07,tt:0.33,num_interact:166,Intrvl:15,num_users:500,errors:0
rt:40.8,through:12.53,tt:0.38,num_interact:188,Intrvl:15,num_users:472,errors:0
rt:40.02,through:10.73,tt:0.38,num_interact:161,Intrvl:15,num_users:452,errors:0
rt:39.36,through:9.33,tt:0.34,num_interact:140,Intrvl:15,num_users:347,errors:0
rt:39.28,through:9.33,tt:0.31,num_interact:140,Intrvl:15,num_users:426,errors:0
rt:34.19,through:11.87,tt:0.33,num_interact:178,Intrvl:15,num_users:389,errors:0
rt:34.66,through:10.87,tt:0.4,num_interact:163,Intrvl:15,num_users:385,errors:0
rt:34.1,through:11.93,tt:0.3,num_interact:179,Intrvl:15,num_users:392,errors:0
rt:32.49,through:12.67,tt:0.35,num_interact:190,Intrvl:15,num_users:553,errors:0
rt:30.16,through:11.33,tt:0.35,num_interact:170,Intrvl:15,num_users:375,errors:0
rt:39.73,through:4.67,tt:0.47,num_interact:70,Intrvl:15,num_users:391,errors:0
rt:40.98,through:10.33,tt:0.39,num_interact:155,Intrvl:15,num_users:379,errors:0
rt:41.34,through:12.4,tt:0.32,num_interact:186,Intrvl:15,num_users:431,errors:0
rt:32.01,through:10.93,tt:0.29,num_interact:164,Intrvl:15,num_users:356,errors:2
rt:26.74,through:16.13,tt:0.36,num_interact:242,Intrvl:15,num_users:458,errors:0
rt:20.14,through:23.67,tt:0.36,num_interact:355,Intrvl:15,num_users:407,errors:0
rt:15.33,through:25.13,tt:0.36,num_interact:377,Intrvl:15,num_users:371,errors:0
rt:13.47,through:23.93,tt:0.36,num_interact:359,Intrvl:15,num_users:342,errors:0
rt:11.28,through:23.87,tt:0.38,num_interact:358,Intrvl:15,num_users:273,errors:0
rt:14.53,through:24.6,tt:0.43,num_interact:369,Intrvl:15,num_users:554,errors:0
rt:17.72,through:23.6,tt:0.38,num_interact:354,Intrvl:15,num_users:494,errors:0
rt:19.18,through:23.67,tt:0.38,num_interact:355,Intrvl:15,num_users:487,errors:0
rt:18.18,through:24.73,tt:0.36,num_interact:371,Intrvl:15,num_users:469,errors:0
rt:19.04,through:24.13,tt:0.33,num_interact:362,Intrvl:15,num_users:440,errors:0
rt:17.81,through:23.4,tt:0.36,num_interact:351,Intrvl:15,num_users:405,errors:0
rt:18.24,through:23.87,tt:0.36,num_interact:358,Intrvl:15,num_users:588,errors:0
rt:19,through:23.53,tt:0.37,num_interact:353,Intrvl:15,num_users:517,errors:0
rt:20.7,through:22.6,tt:0.38,num_interact:339,Intrvl:15,num_users:480,errors:0
rt:19.97,through:25.2,tt:0.35,num_interact:378,Intrvl:15,num_users:498,errors:0
rt:20.34,through:22.67,tt:0.35,num_interact:340,Intrvl:15,num_users:444,errors:0
rt:17.99,through:24.93,tt:0.36,num_interact:374,Intrvl:15,num_users:500,errors:0
rt:18.71,through:23.6,tt:0.35,num_interact:354,Intrvl:15,num_users:472,errors:0
rt:18.81,through:23.73,tt:0.36,num_interact:356,Intrvl:15,num_users:430,errors:0
rt:18.47,through:24.27,tt:0.38,num_interact:364,Intrvl:15,num_users:512,errors:0
rt:19.07,through:25.93,tt:0.35,num_interact:389,Intrvl:15,num_users:561,errors:0
rt:19.97,through:19.67,tt:0.35,num_interact:295,Intrvl:15,num_users:412,errors:0
rt:18.91,through:22.6,tt:0.39,num_interact:339,Intrvl:15,num_users:512,errors:0
rt:19.87,through:24.2,tt:0.39,num_interact:363,Intrvl:15,num_users:496,errors:0
rt:19.41,through:25.27,tt:0.37,num_interact:380,Intrvl:15,num_users:515,errors:0
rt:19.82,through:25.47,tt:0.36,num_interact:382,Intrvl:15,num_users:510,errors:0
rt:19.81,through:25.6,tt:0.33,num_interact:390,Intrvl:15,num_users:504,errors:0
rt:19.77,through:25,tt:0.34,num_interact:375,Intrvl:15,num_users:494,errors:0
rt:18.84,through:23.6,tt:0.38,num_interact:354,Intrvl:15,num_users:455,errors:0
rt:17.78,through:23.13,tt:0.35,num_interact:347,Intrvl:15,num_users:414,errors:0
rt:16.1,through:23.33,tt:0.34,num_interact:350,Intrvl:15,num_users:384,errors:0
rt:16.02,through:25.2,tt:0.31,num_interact:379,Intrvl:15,num_users:407,errors:0
rt:16.42,through:25.73,tt:0.36,num_interact:386,Intrvl:15,num_users:458,errors:0
rt:16.26,through:23.4,tt:0.36,num_interact:351,Intrvl:15,num_users:421,errors:0
rt:16.73,through:25.4,tt:0.39,num_interact:381,Intrvl:15,num_users:445,errors:0
rt:17.32,through:24,tt:0.34,num_interact:360,Intrvl:15,num_users:417,errors:0
rt:16.69,through:25.6,tt:0.34,num_interact:384,Intrvl:15,num_users:433,errors:0
rt:17.37,through:25.67,tt:0.33,num_interact:385,Intrvl:15,num_users:456,errors:0
rt:15.72,through:22.27,tt:0.33,num_interact:334,Intrvl:15,num_users:405,errors:0
rt:16.98,through:25.2,tt:0.34,num_interact:378,Intrvl:15,num_users:427,errors:0
rt:16.45,through:25.53,tt:0.38,num_interact:383,Intrvl:15,num_users:424,errors:0
rt:15.53,through:24.4,tt:0.36,num_interact:366,Intrvl:15,num_users:392,errors:0
rt:16.89,through:24.13,tt:0.36,num_interact:362,Intrvl:15,num_users:475,errors:0
rt:17.11,through:21.73,tt:0.35,num_interact:328,Intrvl:15,num_users:393,errors:0
rt:17.22,through:24,tt:0.32,num_interact:360,Intrvl:15,num_users:424,errors:0
rt:16.73,through:25.47,tt:0.35,num_interact:382,Intrvl:15,num_users:405,errors:0
rt:16.16,through:24.67,tt:0.39,num_interact:370,Intrvl:15,num_users:500,errors:0
rt:18.24,through:25.13,tt:0.36,num_interact:377,Intrvl:15,num_users:524,errors:0
rt:19.59,through:26.2,tt:0.38,num_interact:393,Intrvl:15,num_users:525,errors:0
rt:20.46,through:22.4,tt:0.36,num_interact:336,Intrvl:15,num_users:449,errors:0
rt:18.64,through:23.53,tt:0.38,num_interact:357,Intrvl:15,num_users:475,errors:0
rt:18.29,through:25.73,tt:0.35,num_interact:386,Intrvl:15,num_users:494,errors:0
rt:18.52,through:21.13,tt:0.35,num_interact:317,Intrvl:15,num_users:392,errors:0
rt:16.61,through:24.33,tt:0.36,num_interact:365,Intrvl:15,num_users:407,errors:0
rt:17.31,through:25.53,tt:0.35,num_interact:383,Intrvl:15,num_users:482,errors:0
rt:17.24,through:25.27,tt:0.32,num_interact:379,Intrvl:15,num_users:469,errors:0
rt:18.14,through:25.27,tt:0.33,num_interact:379,Intrvl:15,num_users:532,errors:0
rt:19.64,through:25.33,tt:0.36,num_interact:380,Intrvl:15,num_users:511,errors:0
rt:19.9,through:21.27,tt:0.36,num_interact:319,Intrvl:15,num_users:417,errors:0
rt:17.29,through:23.47,tt:0.34,num_interact:352,Intrvl:15,num_users:426,errors:0
rt:16.21,through:24.67,tt:0.37,num_interact:370,Intrvl:15,num_users:407,errors:0
rt:17.97,through:21.93,tt:0.33,num_interact:329,Intrvl:15,num_users:399,errors:12
rt:14.31,through:29.67,tt:0.36,num_interact:445,Intrvl:15,num_users:368,errors:0
rt:11.73,through:36.27,tt:0.35,num_interact:590,Intrvl:15,num_users:430,errors:0
rt:10.64,through:36.87,tt:0.35,num_interact:553,Intrvl:15,num_users:367,errors:0
rt:11.46,through:32.2,tt:0.38,num_interact:483,Intrvl:15,num_users:496,errors:0
rt:14.41,through:36.07,tt:0.38,num_interact:546,Intrvl:15,num_users:462,errors:0
rt:14.07,through:29.13,tt:0.35,num_interact:437,Intrvl:15,num_users:563,errors:0
rt:16.71,through:32.4,tt:0.34,num_interact:486,Intrvl:15,num_users:503,errors:0
rt:17.41,through:35.13,tt:0.37,num_interact:528,Intrvl:15,num_users:515,errors:0
rt:13.61,through:30,tt:0.34,num_interact:450,Intrvl:15,num_users:391,errors:0
rt:11.41,through:37.67,tt:0.33,num_interact:653,Intrvl:15,num_users:449,errors:0
rt:11.73,through:38.53,tt:0.36,num_interact:578,Intrvl:15,num_users:440,errors:0
rt:11.73,through:32.4,tt:0.34,num_interact:486,Intrvl:15,num_users:454,errors:0
rt:13.33,through:39.53,tt:0.37,num_interact:593,Intrvl:15,num_users:466,errors:0
rt:11.63,through:31,tt:0.34,num_interact:469,Intrvl:15,num_users:372,errors:0
rt:10.28,through:37,tt:0.39,num_interact:590,Intrvl:15,num_users:440,errors:0
rt:11.13,through:36.67,tt:0.38,num_interact:550,Intrvl:15,num_users:426,errors:0
rt:10.89,through:33.73,tt:0.36,num_interact:506,Intrvl:15,num_users:454,errors:0
rt:13.25,through:37.73,tt:0.34,num_interact:670,Intrvl:15,num_users:438,errors:0
rt:10.82,through:35.2,tt:0.34,num_interact:528,Intrvl:15,num_users:412,errors:0
rt:11.95,through:41,tt:0.35,num_interact:615,Intrvl:15,num_users:428,errors:0
rt:11.83,through:32.93,tt:0.36,num_interact:692,Intrvl:15,num_users:449,errors:0
rt:12.28,through:34.47,tt:0.37,num_interact:517,Intrvl:15,num_users:447,errors:0
rt:12.02,through:39.47,tt:0.36,num_interact:592,Intrvl:15,num_users:445,errors:0
rt:11.86,through:32.33,tt:0.37,num_interact:485,Intrvl:15,num_users:370,errors:0
rt:10.55,through:36.53,tt:0.38,num_interact:548,Intrvl:15,num_users:440,errors:0
rt:10.98,through:38.93,tt:0.36,num_interact:584,Intrvl:15,num_users:409,errors:0
rt:10.72,through:40,tt:0.4,num_interact:600,Intrvl:15,num_users:459,errors:0
rt:13.29,through:43.53,tt:0.36,num_interact:653,Intrvl:15,num_users:508,errors:0
rt:13.52,through:32.47,tt:0.38,num_interact:494,Intrvl:15,num_users:449,errors:0
rt:14.36,through:38.13,tt:0.37,num_interact:572,Intrvl:15,num_users:529,errors:0
rt:13.42,through:29,tt:0.35,num_interact:435,Intrvl:15,num_users:498,errors:0
rt:13.97,through:35.53,tt:0.35,num_interact:535,Intrvl:15,num_users:384,errors:0
rt:10.85,through:36.73,tt:0.37,num_interact:689,Intrvl:15,num_users:437,errors:0
rt:12.6,through:33.53,tt:0.37,num_interact:533,Intrvl:15,num_users:493,errors:0
rt:15.09,through:36.47,tt:0.33,num_interact:547,Intrvl:15,num_users:484,errors:12
rt:11.16,through:30.13,tt:0.35,num_interact:452,Intrvl:15,num_users:438,errors:33
rt:12.86,through:63.93,tt:0.34,num_interact:959,Intrvl:15,num_users:449,errors:0
rt:13.28,through:27.13,tt:0.35,num_interact:407,Intrvl:15,num_users:518,errors:0
rt:15.69,through:34.53,tt:0.38,num_interact:518,Intrvl:15,num_users:475,errors:0
rt:12.66,through:30.27,tt:0.36,num_interact:454,Intrvl:15,num_users:484,errors:0
rt:14.73,through:35.47,tt:0.34,num_interact:532,Intrvl:15,num_users:477,errors:0
rt:13.48,through:31.13,tt:0.34,num_interact:467,Intrvl:15,num_users:476,errors:0
rt:15.95,through:35.87,tt:0.34,num_interact:538,Intrvl:15,num_users:475,errors:0
rt:12.85,through:32.93,tt:0.34,num_interact:494,Intrvl:15,num_users:483,errors:0
rt:11.91,through:37.47,tt:0.36,num_interact:617,Intrvl:15,num_users:414,errors:0
rt:12.48,through:40.27,tt:0.35,num_interact:604,Intrvl:15,num_users:449,errors:0
rt:10.91,through:25.07,tt:0.32,num_interact:376,Intrvl:15,num_users:717,errors:0
rt:25.12,through:54.4,tt:0.44,num_interact:816,Intrvl:15,num_users:994,errors:0
rt:28.74,through:27.2,tt:0.33,num_interact:408,Intrvl:15,num_users:386,errors:0
rt:19.47,through:37.67,tt:0.34,num_interact:606,Intrvl:15,num_users:386,errors:0
rt:14.35,through:22.67,tt:0.35,num_interact:340,Intrvl:15,num_users:469,errors:0
rt:15.63,through:7.87,tt:0.34,num_interact:118,Intrvl:15,num_users:431,errors:0
rt:25.97,through:1.93,tt:0.31,num_interact:29,Intrvl:15,num_users:487,errors:0
rt:38.56,through:1.07,tt:0.41,num_interact:16,Intrvl:15,num_users:462,errors:0
rt:58.38,through:2.2,tt:0.39,num_interact:33,Intrvl:15,num_users:440,errors:0
rt:73.18,through:1.87,tt:0.23,num_interact:28,Intrvl:15,num_users:448,errors:0
rt:363.73,through:126.4,tt:0.35,num_interact:1896,Intrvl:15,num_users:521,errors:61
rt:40.74,through:32.87,tt:0.35,num_interact:497,Intrvl:15,num_users:420,errors:0
rt:36.07,through:30.73,tt:0.4,num_interact:461,Intrvl:15,num_users:512,errors:0
rt:22.12,through:19.6,tt:0.38,num_interact:294,Intrvl:15,num_users:535,errors:0
rt:23.89,through:19.07,tt:0.38,num_interact:286,Intrvl:15,num_users:484,errors:0
rt:23.29,through:18,tt:0.33,num_interact:270,Intrvl:15,num_users:427,errors:4
rt:21.01,through:19.07,tt:0.37,num_interact:286,Intrvl:15,num_users:589,errors:21
rt:28.05,through:13.47,tt:0.34,num_interact:202,Intrvl:15,num_users:427,errors:4
rt:25.02,through:20.27,tt:0.34,num_interact:304,Intrvl:15,num_users:420,errors:15
rt:24.5,through:21.33,tt:0.36,num_interact:320,Intrvl:15,num_users:445,errors:12
rt:26.74,through:15.07,tt:0.38,num_interact:226,Intrvl:15,num_users:458,errors:0
rt:23.08,through:20.8,tt:0.35,num_interact:312,Intrvl:15,num_users:526,errors:12
rt:29.6,through:18.2,tt:0.31,num_interact:273,Intrvl:15,num_users:428,errors:13
rt:27.6,through:15.93,tt:0.34,num_interact:239,Intrvl:15,num_users:444,errors:1
rt:24.43,through:20.53,tt:0.38,num_interact:308,Intrvl:15,num_users:438,errors:16
rt:22.78,through:20.07,tt:0.37,num_interact:301,Intrvl:15,num_users:490,errors:8
rt:27.84,through:15.93,tt:0.36,num_interact:239,Intrvl:15,num_users:510,errors:1
rt:28.92,through:19.47,tt:0.34,num_interact:292,Intrvl:15,num_users:454,errors:18
rt:26.16,through:21.47,tt:0.38,num_interact:322,Intrvl:15,num_users:493,errors:5
rt:28.19,through:15.53,tt:0.39,num_interact:233,Intrvl:15,num_users:514,errors:1
rt:25.32,through:22,tt:0.37,num_interact:330,Intrvl:15,num_users:510,errors:19
rt:26.41,through:18.67,tt:0.33,num_interact:280,Intrvl:15,num_users:570,errors:4
rt:33.29,through:14.73,tt:0.38,num_interact:221,Intrvl:15,num_users:479,errors:1
rt:26.53,through:22,tt:0.36,num_interact:330,Intrvl:15,num_users:468,errors:20
rt:25.45,through:17.8,tt:0.37,num_interact:267,Intrvl:15,num_users:442,errors:5
rt:25.86,through:15.4,tt:0.31,num_interact:231,Intrvl:15,num_users:433,errors:1
rt:25.06,through:21.4,tt:0.38,num_interact:321,Intrvl:15,num_users:483,errors:9
rt:27.94,through:19.07,tt:0.34,num_interact:286,Intrvl:15,num_users:503,errors:5
rt:28.2,through:17.2,tt:0.39,num_interact:258,Intrvl:15,num_users:431,errors:9
rt:23.11,through:22.33,tt:0.35,num_interact:335,Intrvl:15,num_users:445,errors:13
rt:23.17,through:17,tt:0.36,num_interact:255,Intrvl:15,num_users:557,errors:6
rt:30.11,through:15.73,tt:0.36,num_interact:236,Intrvl:15,num_users:477,errors:11
rt:25.03,through:22.67,tt:0.38,num_interact:340,Intrvl:15,num_users:532,errors:9
rt:28.22,through:14.6,tt:0.36,num_interact:219,Intrvl:15,num_users:442,errors:7
rt:27.85,through:19.6,tt:0.33,num_interact:294,Intrvl:15,num_users:580,errors:9
rt:32.15,through:15.73,tt:0.31,num_interact:236,Intrvl:15,num_users:497,errors:5
rt:37.95,through:10.6,tt:0.35,num_interact:159,Intrvl:15,num_users:489,errors:6
rt:36.67,through:13.67,tt:0.33,num_interact:205,Intrvl:15,num_users:490,errors:7
rt:33.9,through:13.6,tt:0.34,num_interact:204,Intrvl:15,num_users:549,errors:14
rt:45.14,through:9.33,tt:0.37,num_interact:140,Intrvl:15,num_users:489,errors:0
rt:38.07,through:14.93,tt:0.36,num_interact:224,Intrvl:15,num_users:536,errors:22
rt:42.8,through:11.8,tt:0.34,num_interact:177,Intrvl:15,num_users:497,errors:11
rt:48.87,through:8.87,tt:0.31,num_interact:133,Intrvl:15,num_users:524,errors:10
rt:41.68,through:15.13,tt:0.33,num_interact:227,Intrvl:15,num_users:535,errors:6
rt:45.28,through:11.67,tt:0.31,num_interact:175,Intrvl:15,num_users:525,errors:5
rt:47.8,through:12.2,tt:0.35,num_interact:183,Intrvl:15,num_users:594,errors:10
rt:42.91,through:13.67,tt:0.4,num_interact:205,Intrvl:15,num_users:553,errors:14
rt:43.97,through:11.8,tt:0.4,num_interact:177,Intrvl:15,num_users:594,errors:6
rt:51.67,through:9.47,tt:0.31,num_interact:142,Intrvl:15,num_users:476,errors:6
rt:41.88,through:12.6,tt:0.35,num_interact:189,Intrvl:15,num_users:451,errors:13
rt:42.09,through:11.13,tt:0.31,num_interact:167,Intrvl:15,num_users:417,errors:3
rt:39.95,through:9.8,tt:0.33,num_interact:147,Intrvl:15,num_users:491,errors:3
rt:42.05,through:13.33,tt:0.37,num_interact:200,Intrvl:15,num_users:508,errors:3
rt:42.01,through:12.13,tt:0.36,num_interact:182,Intrvl:15,num_users:507,errors:11
rt:44.56,through:12.73,tt:0.32,num_interact:191,Intrvl:15,num_users:484,errors:11
rt:38.33,through:14.07,tt:0.32,num_interact:211,Intrvl:15,num_users:528,errors:10
rt:45.5,through:9,tt:0.31,num_interact:135,Intrvl:15,num_users:448,errors:2
rt:42.11,through:12.27,tt:0.36,num_interact:184,Intrvl:15,num_users:504,errors:19
rt:37.92,through:13.87,tt:0.36,num_interact:208,Intrvl:15,num_users:529,errors:10
rt:42.56,through:9.6,tt:0.38,num_interact:144,Intrvl:15,num_users:518,errors:4
rt:42.8,through:11.73,tt:0.35,num_interact:176,Intrvl:15,num_users:431,errors:15
rt:40.05,through:13.47,tt:0.33,num_interact:202,Intrvl:15,num_users:490,errors:10
rt:42.06,through:8.53,tt:0.34,num_interact:128,Intrvl:15,num_users:461,errors:1
rt:41.41,through:13.47,tt:0.4,num_interact:202,Intrvl:15,num_users:490,errors:12
rt:44.34,through:12.6,tt:0.34,num_interact:189,Intrvl:15,num_users:448,errors:5
rt:42.73,through:9,tt:0.31,num_interact:135,Intrvl:15,num_users:430,errors:0
rt:37.71,through:13.87,tt:0.35,num_interact:208,Intrvl:15,num_users:461,errors:15
rt:39.43,through:13.87,tt:0.37,num_interact:208,Intrvl:15,num_users:431,errors:8
rt:40.22,through:10.53,tt:0.35,num_interact:158,Intrvl:15,num_users:440,errors:1
rt:35.67,through:12.8,tt:0.38,num_interact:192,Intrvl:15,num_users:521,errors:14
rt:44.58,through:13.13,tt:0.33,num_interact:197,Intrvl:15,num_users:497,errors:7
rt:43.7,through:11.2,tt:0.35,num_interact:168,Intrvl:15,num_users:472,errors:0
rt:36.95,through:13.27,tt:0.35,num_interact:199,Intrvl:15,num_users:477,errors:15
rt:39.58,through:12.53,tt:0.35,num_interact:188,Intrvl:15,num_users:468,errors:4
rt:41.49,through:11.07,tt:0.28,num_interact:166,Intrvl:15,num_users:525,errors:6
rt:39.16,through:14.47,tt:0.34,num_interact:217,Intrvl:15,num_users:535,errors:13
rt:47.44,through:12.73,tt:0.31,num_interact:191,Intrvl:15,num_users:491,errors:2
rt:38.06,through:14.73,tt:0.38,num_interact:221,Intrvl:15,num_users:570,errors:10
rt:30.19,through:10.87,tt:0.35,num_interact:163,Intrvl:15,num_users:603,errors:20
rt:51.6,through:9.27,tt:0.3,num_interact:139,Intrvl:15,num_users:522,errors:1
rt:47.29,through:11.53,tt:0.38,num_interact:173,Intrvl:15,num_users:531,errors:12
rt:42.58,through:13.47,tt:0.36,num_interact:202,Intrvl:15,num_users:510,errors:16
rt:44.24,through:9.6,tt:0.4,num_interact:144,Intrvl:15,num_users:433,errors:3
rt:44.2,through:11.4,tt:0.34,num_interact:171,Intrvl:15,num_users:461,errors:10
rt:42.06,through:12.8,tt:0.33,num_interact:192,Intrvl:15,num_users:528,errors:7
rt:43.98,through:11.2,tt:0.36,num_interact:168,Intrvl:15,num_users:518,errors:2
rt:44.51,through:12.8,tt:0.4,num_interact:192,Intrvl:15,num_users:487,errors:10
rt:40.32,through:13.87,tt:0.33,num_interact:208,Intrvl:15,num_users:501,errors:16
rt:42.23,through:9.27,tt:0.37,num_interact:139,Intrvl:15,num_users:447,errors:1
rt:44.1,through:11.6,tt:0.38,num_interact:175,Intrvl:15,num_users:578,errors:16
rt:39.28,through:14.13,tt:0.32,num_interact:212,Intrvl:15,num_users:556,errors:6
rt:47.92,through:9.13,tt:0.3,num_interact:137,Intrvl:15,num_users:500,errors:4
rt:39.55,through:14.47,tt:0.35,num_interact:217,Intrvl:15,num_users:503,errors:25
rt:41.83,through:12.13,tt:0.37,num_interact:182,Intrvl:15,num_users:469,errors:6
rt:41.06,through:9.87,tt:0.37,num_interact:148,Intrvl:15,num_users:487,errors:0
rt:44.43,through:13.67,tt:0.41,num_interact:205,Intrvl:15,num_users:514,errors:13
rt:49.68,through:12.8,tt:0.4,num_interact:192,Intrvl:15,num_users:494,errors:7
rt:40.75,through:11.13,tt:0.35,num_interact:167,Intrvl:15,num_users:490,errors:1
rt:40.33,through:13.6,tt:0.36,num_interact:204,Intrvl:15,num_users:638,errors:15
rt:41.32,through:13.07,tt:0.36,num_interact:198,Intrvl:15,num_users:634,errors:6
rt:46.25,through:11.47,tt:0.35,num_interact:172,Intrvl:15,num_users:595,errors:2
rt:45.8,through:12.8,tt:0.31,num_interact:192,Intrvl:15,num_users:524,errors:20
rt:40.97,through:11.73,tt:0.33,num_interact:176,Intrvl:15,num_users:554,errors:6
rt:44.95,through:10.8,tt:0.34,num_interact:162,Intrvl:15,num_users:560,errors:1
rt:43.81,through:13.13,tt:0.32,num_interact:197,Intrvl:15,num_users:624,errors:18
rt:53.5,through:12.13,tt:0.35,num_interact:182,Intrvl:15,num_users:517,errors:6
rt:50.63,through:10.2,tt:0.35,num_interact:153,Intrvl:15,num_users:561,errors:4
rt:41.18,through:14,tt:0.37,num_interact:210,Intrvl:15,num_users:596,errors:14
rt:47.67,through:9.6,tt:0.38,num_interact:144,Intrvl:15,num_users:540,errors:12
rt:48.85,through:11.07,tt:0.36,num_interact:166,Intrvl:15,num_users:606,errors:2
rt:48.02,through:13.2,tt:0.35,num_interact:198,Intrvl:15,num_users:564,errors:14
rt:45.71,through:11.4,tt:0.41,num_interact:171,Intrvl:15,num_users:561,errors:6
rt:50.07,through:12.73,tt:0.41,num_interact:191,Intrvl:15,num_users:613,errors:5
rt:47.21,through:13,tt:0.37,num_interact:195,Intrvl:15,num_users:567,errors:18
rt:47.77,through:12,tt:0.34,num_interact:180,Intrvl:15,num_users:596,errors:9
rt:47.42,through:12.4,tt:0.33,num_interact:186,Intrvl:15,num_users:643,errors:13
rt:47.77,through:11.13,tt:0.35,num_interact:167,Intrvl:15,num_users:511,errors:14
rt:51.42,through:11.33,tt:0.3,num_interact:170,Intrvl:15,num_users:598,errors:8
rt:52.37,through:12.4,tt:0.37,num_interact:186,Intrvl:15,num_users:629,errors:17
rt:43.85,through:11.6,tt:0.38,num_interact:174,Intrvl:15,num_users:567,errors:11
rt:51.81,through:10.93,tt:0.32,num_interact:164,Intrvl:15,num_users:526,errors:2
rt:49.82,through:10.73,tt:0.38,num_interact:161,Intrvl:15,num_users:447,errors:13
rt:41.03,through:11.6,tt:0.3,num_interact:174,Intrvl:15,num_users:505,errors:7
rt:44.09,through:10.67,tt:0.38,num_interact:160,Intrvl:15,num_users:542,errors:0
rt:48.3,through:11.47,tt:0.28,num_interact:172,Intrvl:15,num_users:498,errors:15
rt:44.74,through:13.53,tt:0.36,num_interact:203,Intrvl:15,num_users:491,errors:7
rt:41.26,through:10.4,tt:0.4,num_interact:156,Intrvl:15,num_users:483,errors:2
rt:42.3,through:13.4,tt:0.36,num_interact:201,Intrvl:15,num_users:550,errors:15
rt:47.96,through:13.13,tt:0.35,num_interact:197,Intrvl:15,num_users:522,errors:6
rt:44.12,through:10.53,tt:0.37,num_interact:158,Intrvl:15,num_users:522,errors:6
rt:41.04,through:14.4,tt:0.33,num_interact:216,Intrvl:15,num_users:570,errors:22
rt:48.71,through:10.33,tt:0.33,num_interact:155,Intrvl:15,num_users:458,errors:4
rt:46.11,through:10.33,tt:0.31,num_interact:155,Intrvl:15,num_users:539,errors:0
rt:43.25,through:13.13,tt:0.36,num_interact:197,Intrvl:15,num_users:533,errors:11
rt:47.37,through:10.4,tt:0.38,num_interact:156,Intrvl:15,num_users:510,errors:5
rt:45.74,through:13.2,tt:0.4,num_interact:198,Intrvl:15,num_users:529,errors:0
rt:39.74,through:15.33,tt:0.4,num_interact:230,Intrvl:15,num_users:543,errors:27
rt:47.46,through:9.6,tt:0.33,num_interact:144,Intrvl:15,num_users:512,errors:7
rt:45.5,through:11.67,tt:0.35,num_interact:175,Intrvl:15,num_users:468,errors:3
rt:39.93,through:13.8,tt:0.39,num_interact:207,Intrvl:15,num_users:486,errors:16
rt:42.24,through:12.07,tt:0.33,num_interact:181,Intrvl:15,num_users:519,errors:1
rt:41.71,through:12,tt:0.36,num_interact:180,Intrvl:15,num_users:525,errors:10
rt:41.84,through:13.53,tt:0.3,num_interact:203,Intrvl:15,num_users:507,errors:9
rt:46.53,through:11.73,tt:0.35,num_interact:176,Intrvl:15,num_users:511,errors:4
rt:41.28,through:13.33,tt:0.31,num_interact:200,Intrvl:15,num_users:528,errors:14
rt:43.16,through:13.27,tt:0.33,num_interact:199,Intrvl:15,num_users:521,errors:5
rt:48.39,through:12,tt:0.36,num_interact:180,Intrvl:15,num_users:617,errors:0
rt:45.95,through:10.6,tt:0.38,num_interact:159,Intrvl:15,num_users:505,errors:11
rt:43.91,through:14.67,tt:0.36,num_interact:220,Intrvl:15,num_users:617,errors:10
rt:47.09,through:9.07,tt:0.34,num_interact:136,Intrvl:15,num_users:525,errors:0
rt:43.85,through:12.6,tt:0.33,num_interact:189,Intrvl:15,num_users:563,errors:18
rt:42,through:12.8,tt:0.34,num_interact:192,Intrvl:15,num_users:622,errors:2
rt:45.54,through:10.53,tt:0.35,num_interact:158,Intrvl:15,num_users:608,errors:1
rt:43.87,through:14.33,tt:0.36,num_interact:215,Intrvl:15,num_users:585,errors:13
rt:44.32,through:11,tt:0.34,num_interact:165,Intrvl:15,num_users:525,errors:3
rt:50,through:10.6,tt:0.34,num_interact:159,Intrvl:15,num_users:554,errors:8
rt:43.03,through:13.6,tt:0.36,num_interact:204,Intrvl:15,num_users:616,errors:3
rt:51.76,through:11.2,tt:0.37,num_interact:168,Intrvl:15,num_users:556,errors:1
rt:45.41,through:11.73,tt:0.32,num_interact:176,Intrvl:15,num_users:517,errors:14
rt:45.68,through:13.8,tt:0.39,num_interact:207,Intrvl:15,num_users:501,errors:9
rt:42.02,through:10.07,tt:0.33,num_interact:151,Intrvl:15,num_users:547,errors:5
rt:42.42,through:13.4,tt:0.37,num_interact:201,Intrvl:15,num_users:543,errors:19
rt:50.48,through:13.07,tt:0.32,num_interact:196,Intrvl:15,num_users:524,errors:8
rt:49.15,through:11.27,tt:0.3,num_interact:169,Intrvl:15,num_users:622,errors:5
rt:43.15,through:13.47,tt:0.34,num_interact:202,Intrvl:15,num_users:613,errors:18
rt:50.51,through:11.53,tt:0.35,num_interact:173,Intrvl:15,num_users:458,errors:8
rt:48.37,through:10,tt:0.33,num_interact:150,Intrvl:15,num_users:552,errors:3
rt:43.26,through:12.4,tt:0.37,num_interact:186,Intrvl:15,num_users:641,errors:16
rt:41.49,through:12.47,tt:0.36,num_interact:187,Intrvl:15,num_users:671,errors:1
rt:48.76,through:10.73,tt:0.35,num_interact:161,Intrvl:15,num_users:648,errors:2
rt:43.15,through:14.47,tt:0.36,num_interact:217,Intrvl:15,num_users:633,errors:21
rt:44.6,through:11.07,tt:0.35,num_interact:166,Intrvl:15,num_users:606,errors:5
rt:44.2,through:11.67,tt:0.31,num_interact:175,Intrvl:15,num_users:650,errors:25
rt:46.42,through:15.4,tt:0.33,num_interact:231,Intrvl:15,num_users:608,errors:13
rt:42.54,through:9.8,tt:0.35,num_interact:147,Intrvl:15,num_users:575,errors:6
rt:48.68,through:11.6,tt:0.38,num_interact:174,Intrvl:15,num_users:573,errors:15
rt:51.72,through:11.8,tt:0.33,num_interact:177,Intrvl:15,num_users:532,errors:8
rt:49.57,through:12.73,tt:0.29,num_interact:191,Intrvl:15,num_users:617,errors:8
rt:49.17,through:10.73,tt:0.31,num_interact:161,Intrvl:15,num_users:680,errors:38
rt:52.17,through:12,tt:0.35,num_interact:180,Intrvl:15,num_users:567,errors:8
rt:52.6,through:13.27,tt:0.34,num_interact:199,Intrvl:15,num_users:664,errors:5
rt:50.39,through:10.47,tt:0.36,num_interact:157,Intrvl:15,num_users:622,errors:9
rt:53.35,through:13.8,tt:0.33,num_interact:207,Intrvl:15,num_users:651,errors:13
rt:54.64,through:11.93,tt:0.35,num_interact:179,Intrvl:15,num_users:655,errors:4
rt:49.52,through:12.6,tt:0.35,num_interact:190,Intrvl:15,num_users:678,errors:15
rt:47.4,through:14.67,tt:0.38,num_interact:220,Intrvl:15,num_users:693,errors:11
rt:53.14,through:10.73,tt:0.43,num_interact:161,Intrvl:15,num_users:675,errors:8
rt:50.85,through:11.8,tt:0.34,num_interact:177,Intrvl:15,num_users:553,errors:16
rt:48.8,through:12.07,tt:0.38,num_interact:181,Intrvl:15,num_users:535,errors:11
rt:49.82,through:10.33,tt:0.43,num_interact:155,Intrvl:15,num_users:535,errors:3
rt:48.02,through:13.47,tt:0.37,num_interact:202,Intrvl:15,num_users:545,errors:16
rt:48.35,through:13.07,tt:0.35,num_interact:196,Intrvl:15,num_users:757,errors:11
rt:54.8,through:8.6,tt:0.42,num_interact:129,Intrvl:15,num_users:581,errors:11
rt:51.57,through:13.8,tt:0.32,num_interact:207,Intrvl:15,num_users:566,errors:24
rt:53.43,through:11.27,tt:0.38,num_interact:169,Intrvl:15,num_users:490,errors:8
rt:48.64,through:9.47,tt:0.34,num_interact:142,Intrvl:15,num_users:616,errors:5
rt:50.13,through:12.47,tt:0.35,num_interact:187,Intrvl:15,num_users:549,errors:13
rt:50.99,through:12.67,tt:0.38,num_interact:190,Intrvl:15,num_users:556,errors:8
rt:50.27,through:10.27,tt:0.35,num_interact:154,Intrvl:15,num_users:559,errors:2
rt:45.87,through:13.93,tt:0.38,num_interact:209,Intrvl:15,num_users:522,errors:15
rt:46.45,through:11.27,tt:0.34,num_interact:169,Intrvl:15,num_users:542,errors:7
rt:46.15,through:12.47,tt:0.33,num_interact:187,Intrvl:15,num_users:567,errors:12
rt:45.38,through:14.4,tt:0.35,num_interact:216,Intrvl:15,num_users:601,errors:7
rt:49.73,through:10.2,tt:0.34,num_interact:153,Intrvl:15,num_users:543,errors:5
rt:50.48,through:13.13,tt:0.37,num_interact:197,Intrvl:15,num_users:529,errors:15
rt:44.56,through:12.53,tt:0.34,num_interact:188,Intrvl:15,num_users:567,errors:9
rt:47.68,through:10.4,tt:0.34,num_interact:156,Intrvl:15,num_users:528,errors:4
rt:45.21,through:13.8,tt:0.37,num_interact:207,Intrvl:15,num_users:619,errors:17
rt:42.01,through:13.27,tt:0.32,num_interact:199,Intrvl:15,num_users:592,errors:14
rt:54.37,through:9.07,tt:0.4,num_interact:136,Intrvl:15,num_users:542,errors:0
rt:43.81,through:14.67,tt:0.37,num_interact:220,Intrvl:15,num_users:564,errors:19
rt:48.8,through:11.07,tt:0.32,num_interact:166,Intrvl:15,num_users:550,errors:5
rt:52.04,through:12.27,tt:0.33,num_interact:184,Intrvl:15,num_users:543,errors:4
rt:39.77,through:16.47,tt:0.37,num_interact:247,Intrvl:15,num_users:585,errors:12
rt:48.5,through:10.07,tt:0.31,num_interact:151,Intrvl:15,num_users:536,errors:7
rt:47.17,through:13.73,tt:0.35,num_interact:206,Intrvl:15,num_users:581,errors:2
rt:42.55,through:14.4,tt:0.36,num_interact:216,Intrvl:15,num_users:658,errors:17
rt:45.8,through:9.33,tt:0.35,num_interact:140,Intrvl:15,num_users:637,errors:3
rt:52.6,through:10.2,tt:0.39,num_interact:153,Intrvl:15,num_users:648,errors:7
rt:48.35,through:13.8,tt:0.35,num_interact:207,Intrvl:15,num_users:647,errors:20
rt:50.85,through:12.33,tt:0.37,num_interact:185,Intrvl:15,num_users:602,errors:7
rt:54.44,through:10.27,tt:0.35,num_interact:154,Intrvl:15,num_users:577,errors:2
rt:49.41,through:13.93,tt:0.32,num_interact:209,Intrvl:15,num_users:651,errors:12
rt:50.5,through:11.13,tt:0.35,num_interact:167,Intrvl:15,num_users:595,errors:4
rt:52.26,through:12.53,tt:0.35,num_interact:188,Intrvl:15,num_users:727,errors:4
rt:48.99,through:10.07,tt:0.36,num_interact:151,Intrvl:15,num_users:526,errors:19
rt:54.74,through:10.87,tt:0.34,num_interact:163,Intrvl:15,num_users:574,errors:11
rt:54.57,through:11.87,tt:0.34,num_interact:178,Intrvl:15,num_users:574,errors:8
rt:43.68,through:12.47,tt:0.37,num_interact:187,Intrvl:15,num_users:582,errors:17
rt:46.89,through:11.6,tt:0.44,num_interact:174,Intrvl:15,num_users:636,errors:5
rt:52.56,through:12.2,tt:0.38,num_interact:183,Intrvl:15,num_users:570,errors:12
rt:51.04,through:12.8,tt:0.32,num_interact:192,Intrvl:15,num_users:514,errors:8
rt:46.45,through:10.87,tt:0.34,num_interact:163,Intrvl:15,num_users:510,errors:4
rt:50.14,through:12.13,tt:0.37,num_interact:182,Intrvl:15,num_users:626,errors:14
rt:45.61,through:13,tt:0.39,num_interact:195,Intrvl:15,num_users:619,errors:9
rt:49.86,through:12,tt:0.34,num_interact:180,Intrvl:15,num_users:615,errors:1
rt:46.44,through:14.07,tt:0.33,num_interact:211,Intrvl:15,num_users:570,errors:28
rt:47.99,through:11.93,tt:0.34,num_interact:179,Intrvl:15,num_users:584,errors:9
rt:48.74,through:11.33,tt:0.31,num_interact:170,Intrvl:15,num_users:589,errors:2
rt:43.53,through:13.67,tt:0.33,num_interact:205,Intrvl:15,num_users:613,errors:24
rt:47.8,through:13.47,tt:0.36,num_interact:202,Intrvl:15,num_users:630,errors:11
rt:49.86,through:10.07,tt:0.39,num_interact:151,Intrvl:15,num_users:596,errors:4
rt:45.99,through:14.53,tt:0.36,num_interact:218,Intrvl:15,num_users:601,errors:21
rt:58.87,through:10.73,tt:0.36,num_interact:161,Intrvl:15,num_users:542,errors:4
rt:53.64,through:10,tt:0.33,num_interact:150,Intrvl:15,num_users:629,errors:10
rt:44.88,through:13.73,tt:0.36,num_interact:206,Intrvl:15,num_users:598,errors:32
rt:51.59,through:12.27,tt:0.3,num_interact:184,Intrvl:15,num_users:652,errors:6
rt:50.5,through:10.93,tt:0.35,num_interact:164,Intrvl:15,num_users:584,errors:8
rt:50.55,through:13.4,tt:0.38,num_interact:201,Intrvl:15,num_users:615,errors:12
rt:47.68,through:12.87,tt:0.41,num_interact:193,Intrvl:15,num_users:624,errors:9
rt:53.28,through:9.6,tt:0.39,num_interact:144,Intrvl:15,num_users:550,errors:10
rt:44.29,through:14.13,tt:0.37,num_interact:212,Intrvl:15,num_users:613,errors:11
rt:52.83,through:10.8,tt:0.36,num_interact:162,Intrvl:15,num_users:561,errors:4
rt:49.31,through:12.07,tt:0.37,num_interact:181,Intrvl:15,num_users:701,errors:13
rt:47.7,through:13.73,tt:0.34,num_interact:206,Intrvl:15,num_users:634,errors:11
rt:54.26,through:11.13,tt:0.33,num_interact:167,Intrvl:15,num_users:697,errors:5
rt:47.25,through:12.8,tt:0.32,num_interact:192,Intrvl:15,num_users:724,errors:15
rt:49.59,through:12.6,tt:0.33,num_interact:189,Intrvl:15,num_users:641,errors:21
rt:47.45,through:10.2,tt:0.35,num_interact:153,Intrvl:15,num_users:686,errors:4
rt:55.3,through:11.93,tt:0.4,num_interact:179,Intrvl:15,num_users:603,errors:31
rt:54.27,through:14.07,tt:0.35,num_interact:211,Intrvl:15,num_users:623,errors:8
rt:51.67,through:10.33,tt:0.39,num_interact:155,Intrvl:15,num_users:658,errors:7
rt:54.2,through:10.53,tt:0.41,num_interact:159,Intrvl:15,num_users:710,errors:19
rt:53.9,through:13.07,tt:0.35,num_interact:196,Intrvl:15,num_users:643,errors:9
rt:50.69,through:11.33,tt:0.35,num_interact:170,Intrvl:15,num_users:710,errors:8
rt:53.16,through:12.4,tt:0.42,num_interact:186,Intrvl:15,num_users:739,errors:32
rt:60.22,through:15.33,tt:0.37,num_interact:230,Intrvl:15,num_users:708,errors:12
rt:51.15,through:13.27,tt:0.35,num_interact:199,Intrvl:15,num_users:658,errors:8
rt:53.47,through:13.07,tt:0.35,num_interact:196,Intrvl:15,num_users:658,errors:10
rt:48.27,through:9.67,tt:0.32,num_interact:145,Intrvl:15,num_users:627,errors:11
rt:57.79,through:9.67,tt:0.37,num_interact:145,Intrvl:15,num_users:706,errors:11
rt:50.49,through:13.47,tt:0.33,num_interact:202,Intrvl:15,num_users:696,errors:17
rt:57.7,through:13.33,tt:0.36,num_interact:201,Intrvl:15,num_users:661,errors:12
rt:56.09,through:11.13,tt:0.38,num_interact:167,Intrvl:15,num_users:678,errors:15
rt:57.31,through:13.27,tt:0.38,num_interact:199,Intrvl:15,num_users:655,errors:21
rt:55.13,through:13.8,tt:0.34,num_interact:207,Intrvl:15,num_users:686,errors:16
rt:59.75,through:10.6,tt:0.42,num_interact:159,Intrvl:15,num_users:651,errors:10
rt:52.51,through:12.6,tt:0.36,num_interact:189,Intrvl:15,num_users:715,errors:21
rt:55.14,through:14.47,tt:0.39,num_interact:217,Intrvl:15,num_users:725,errors:15
rt:52.09,through:10.27,tt:0.36,num_interact:154,Intrvl:15,num_users:720,errors:6
rt:56.55,through:13.33,tt:0.34,num_interact:200,Intrvl:15,num_users:643,errors:14
rt:50.69,through:12.93,tt:0.33,num_interact:194,Intrvl:15,num_users:633,errors:20
rt:57.44,through:10.67,tt:0.34,num_interact:160,Intrvl:15,num_users:608,errors:2
rt:55.59,through:12.67,tt:0.36,num_interact:190,Intrvl:15,num_users:648,errors:30
rt:53.82,through:13.13,tt:0.34,num_interact:197,Intrvl:15,num_users:672,errors:14
rt:57.02,through:9.4,tt:0.35,num_interact:141,Intrvl:15,num_users:638,errors:13
rt:55.57,through:14,tt:0.37,num_interact:212,Intrvl:15,num_users:665,errors:19
rt:59.72,through:13.67,tt:0.35,num_interact:205,Intrvl:15,num_users:662,errors:7
rt:58.46,through:11.87,tt:0.4,num_interact:178,Intrvl:15,num_users:686,errors:4
rt:55.51,through:13.53,tt:0.37,num_interact:203,Intrvl:15,num_users:778,errors:21
rt:58.54,through:12.93,tt:0.37,num_interact:194,Intrvl:15,num_users:749,errors:3
rt:54.81,through:11.87,tt:0.39,num_interact:178,Intrvl:15,num_users:697,errors:7
rt:52.42,through:13.8,tt:0.37,num_interact:207,Intrvl:15,num_users:643,errors:25
rt:52.03,through:10.93,tt:0.37,num_interact:164,Intrvl:15,num_users:662,errors:6
rt:54.78,through:11.6,tt:0.37,num_interact:174,Intrvl:15,num_users:666,errors:9
rt:53.05,through:13,tt:0.37,num_interact:195,Intrvl:15,num_users:657,errors:14
rt:50.18,through:10.73,tt:0.36,num_interact:161,Intrvl:15,num_users:577,errors:9
rt:54.88,through:11.47,tt:0.35,num_interact:172,Intrvl:15,num_users:666,errors:11
rt:47.14,through:13.87,tt:0.36,num_interact:208,Intrvl:15,num_users:697,errors:12
rt:50.97,through:11.67,tt:0.35,num_interact:175,Intrvl:15,num_users:804,errors:14
rt:56.58,through:12.47,tt:0.39,num_interact:187,Intrvl:15,num_users:725,errors:24
rt:61.67,through:11.87,tt:0.36,num_interact:178,Intrvl:15,num_users:605,errors:11
rt:54.38,through:9.67,tt:0.36,num_interact:145,Intrvl:15,num_users:595,errors:11
rt:48.38,through:12.33,tt:0.33,num_interact:185,Intrvl:15,num_users:596,errors:18
rt:56.02,through:13.6,tt:0.32,num_interact:204,Intrvl:15,num_users:595,errors:8
rt:53.09,through:14.47,tt:0.32,num_interact:217,Intrvl:15,num_users:634,errors:6
rt:49.79,through:13.67,tt:0.37,num_interact:205,Intrvl:15,num_users:644,errors:20
rt:52.36,through:10.87,tt:0.37,num_interact:163,Intrvl:15,num_users:545,errors:8
rt:51.95,through:11.73,tt:0.35,num_interact:176,Intrvl:15,num_users:560,errors:9
rt:39.26,through:15.53,tt:0.35,num_interact:233,Intrvl:15,num_users:533,errors:40
rt:53.99,through:10,tt:0.35,num_interact:150,Intrvl:15,num_users:585,errors:4
rt:56.17,through:9.2,tt:0.29,num_interact:138,Intrvl:15,num_users:623,errors:12
rt:50.79,through:14.6,tt:0.38,num_interact:219,Intrvl:15,num_users:645,errors:16
rt:54.26,through:13.27,tt:0.33,num_interact:199,Intrvl:15,num_users:602,errors:7
rt:59.33,through:9.2,tt:0.34,num_interact:138,Intrvl:15,num_users:567,errors:3
rt:48.76,through:12.93,tt:0.34,num_interact:194,Intrvl:15,num_users:713,errors:13
rt:49.99,through:9.6,tt:0.37,num_interact:144,Intrvl:15,num_users:727,errors:6
rt:59.09,through:10.13,tt:0.36,num_interact:152,Intrvl:15,num_users:679,errors:5
rt:55.47,through:12.73,tt:0.38,num_interact:191,Intrvl:15,num_users:596,errors:12
rt:50.77,through:13.07,tt:0.38,num_interact:196,Intrvl:15,num_users:601,errors:9
rt:49.15,through:11.6,tt:0.39,num_interact:174,Intrvl:15,num_users:606,errors:2
rt:48.09,through:12.8,tt:0.34,num_interact:192,Intrvl:15,num_users:644,errors:13
rt:46.65,through:13.87,tt:0.37,num_interact:208,Intrvl:15,num_users:671,errors:15
rt:56.94,through:11.33,tt:0.32,num_interact:170,Intrvl:15,num_users:634,errors:8
rt:49.31,through:13,tt:0.36,num_interact:195,Intrvl:15,num_users:588,errors:20
rt:55.06,through:11.6,tt:0.33,num_interact:174,Intrvl:15,num_users:664,errors:6
rt:47.55,through:11.27,tt:0.36,num_interact:169,Intrvl:15,num_users:689,errors:4
rt:48.22,through:14,tt:0.36,num_interact:210,Intrvl:15,num_users:662,errors:26
rt:60.21,through:12.07,tt:0.41,num_interact:181,Intrvl:15,num_users:613,errors:8
rt:46.36,through:11,tt:0.35,num_interact:165,Intrvl:15,num_users:606,errors:5
rt:49.84,through:14.13,tt:0.38,num_interact:212,Intrvl:15,num_users:634,errors:21
rt:52.06,through:11.13,tt:0.34,num_interact:167,Intrvl:15,num_users:601,errors:14
rt:59.74,through:11.27,tt:0.38,num_interact:169,Intrvl:15,num_users:661,errors:9
rt:49.11,through:14.2,tt:0.35,num_interact:213,Intrvl:15,num_users:638,errors:15
rt:53.44,through:12.4,tt:0.33,num_interact:186,Intrvl:15,num_users:686,errors:14
rt:57.56,through:9.93,tt:0.38,num_interact:149,Intrvl:15,num_users:575,errors:12
rt:50.16,through:13.67,tt:0.34,num_interact:205,Intrvl:15,num_users:577,errors:14
rt:50.74,through:11.27,tt:0.39,num_interact:169,Intrvl:15,num_users:599,errors:8
rt:50.44,through:12.13,tt:0.32,num_interact:182,Intrvl:15,num_users:617,errors:17
rt:49.61,through:14.47,tt:0.36,num_interact:217,Intrvl:15,num_users:662,errors:8
rt:48.52,through:11.47,tt:0.35,num_interact:172,Intrvl:15,num_users:690,errors:13
rt:49.09,through:12.8,tt:0.36,num_interact:192,Intrvl:15,num_users:640,errors:28
rt:56.49,through:13.8,tt:0.33,num_interact:207,Intrvl:15,num_users:627,errors:7
rt:48.43,through:10.33,tt:0.35,num_interact:155,Intrvl:15,num_users:603,errors:8
rt:54.48,through:11.93,tt:0.35,num_interact:179,Intrvl:15,num_users:601,errors:21
rt:49.24,through:13.8,tt:0.37,num_interact:207,Intrvl:15,num_users:675,errors:9
rt:52.03,through:12.2,tt:0.31,num_interact:183,Intrvl:15,num_users:661,errors:7
rt:55.42,through:10.93,tt:0.31,num_interact:164,Intrvl:15,num_users:566,errors:16
rt:55.44,through:13.2,tt:0.33,num_interact:198,Intrvl:15,num_users:603,errors:7
rt:54.02,through:11.47,tt:0.39,num_interact:172,Intrvl:15,num_users:714,errors:8
rt:49.4,through:11.67,tt:0.36,num_interact:175,Intrvl:15,num_users:700,errors:16
rt:52.26,through:13.8,tt:0.34,num_interact:207,Intrvl:15,num_users:662,errors:15
rt:51.4,through:10.33,tt:0.38,num_interact:155,Intrvl:15,num_users:560,errors:9
rt:52.36,through:11.27,tt:0.33,num_interact:170,Intrvl:15,num_users:666,errors:13
rt:43.79,through:13.13,tt:0.35,num_interact:197,Intrvl:15,num_users:703,errors:10
rt:51.99,through:9.93,tt:0.38,num_interact:149,Intrvl:15,num_users:676,errors:6
rt:54.28,through:13.13,tt:0.37,num_interact:197,Intrvl:15,num_users:640,errors:18
rt:51.34,through:13.87,tt:0.34,num_interact:208,Intrvl:15,num_users:662,errors:12
rt:55.57,through:10.47,tt:0.33,num_interact:157,Intrvl:15,num_users:693,errors:7
rt:54.12,through:12.73,tt:0.34,num_interact:191,Intrvl:15,num_users:647,errors:14
rt:58.05,through:14.4,tt:0.39,num_interact:216,Intrvl:15,num_users:661,errors:12
rt:46.79,through:10.8,tt:0.38,num_interact:162,Intrvl:15,num_users:643,errors:9
rt:56.72,through:12.33,tt:0.37,num_interact:185,Intrvl:15,num_users:707,errors:16
rt:51.14,through:13.33,tt:0.32,num_interact:200,Intrvl:15,num_users:678,errors:13
rt:52.76,through:10,tt:0.32,num_interact:150,Intrvl:15,num_users:762,errors:5
rt:58.23,through:14.2,tt:0.36,num_interact:213,Intrvl:15,num_users:717,errors:28
rt:56.19,through:13.33,tt:0.41,num_interact:200,Intrvl:15,num_users:722,errors:9
rt:57.85,through:10.6,tt:0.32,num_interact:159,Intrvl:15,num_users:651,errors:9
rt:50.71,through:13.47,tt:0.34,num_interact:202,Intrvl:15,num_users:648,errors:20
rt:56.94,through:11.93,tt:0.34,num_interact:179,Intrvl:15,num_users:689,errors:12
rt:50.82,through:10.67,tt:0.3,num_interact:160,Intrvl:15,num_users:606,errors:14
rt:53.63,through:13.73,tt:0.34,num_interact:206,Intrvl:15,num_users:701,errors:26
rt:58.02,through:12.2,tt:0.38,num_interact:184,Intrvl:15,num_users:767,errors:7
rt:53.17,through:7.6,tt:0.34,num_interact:114,Intrvl:15,num_users:550,errors:11
rt:53.63,through:13.27,tt:0.33,num_interact:199,Intrvl:15,num_users:640,errors:15
rt:52.25,through:11,tt:0.38,num_interact:165,Intrvl:15,num_users:599,errors:12
rt:50.19,through:10.73,tt:0.34,num_interact:161,Intrvl:15,num_users:738,errors:20
rt:54.72,through:11.4,tt:0.35,num_interact:171,Intrvl:15,num_users:602,errors:12
rt:59.77,through:11.87,tt:0.38,num_interact:178,Intrvl:15,num_users:626,errors:9
rt:58.6,through:10.87,tt:0.38,num_interact:163,Intrvl:15,num_users:658,errors:16
rt:51.45,through:10.53,tt:0.34,num_interact:158,Intrvl:15,num_users:515,errors:13
rt:51.67,through:10.07,tt:0.34,num_interact:151,Intrvl:15,num_users:570,errors:8
rt:53.7,through:13.13,tt:0.35,num_interact:197,Intrvl:15,num_users:615,errors:34
rt:48.06,through:12.67,tt:0.39,num_interact:190,Intrvl:15,num_users:686,errors:9
rt:63.49,through:7.47,tt:0.35,num_interact:112,Intrvl:15,num_users:532,errors:15
rt:63.6,through:12.33,tt:0.41,num_interact:185,Intrvl:15,num_users:669,errors:23
rt:54.15,through:12.6,tt:0.36,num_interact:189,Intrvl:15,num_users:682,errors:10
rt:55.63,through:9.67,tt:0.33,num_interact:145,Intrvl:15,num_users:655,errors:4
rt:53.22,through:12.73,tt:0.35,num_interact:191,Intrvl:15,num_users:666,errors:20
rt:54.39,through:13.33,tt:0.32,num_interact:200,Intrvl:15,num_users:696,errors:10
rt:52.55,through:10,tt:0.39,num_interact:150,Intrvl:15,num_users:592,errors:4
rt:52.06,through:12.93,tt:0.31,num_interact:194,Intrvl:15,num_users:580,errors:16
rt:47.62,through:12.13,tt:0.32,num_interact:182,Intrvl:15,num_users:606,errors:10
rt:57.94,through:11.33,tt:0.32,num_interact:170,Intrvl:15,num_users:651,errors:4
rt:49.01,through:14,tt:0.34,num_interact:210,Intrvl:15,num_users:644,errors:18
rt:49.85,through:10.73,tt:0.34,num_interact:161,Intrvl:15,num_users:671,errors:7
rt:55.31,through:13.6,tt:0.35,num_interact:204,Intrvl:15,num_users:657,errors:6
rt:46.03,through:14.2,tt:0.39,num_interact:213,Intrvl:15,num_users:633,errors:35
rt:53.73,through:11.27,tt:0.36,num_interact:169,Intrvl:15,num_users:633,errors:5
rt:54.8,through:12.2,tt:0.32,num_interact:183,Intrvl:15,num_users:561,errors:14
rt:47.5,through:12.87,tt:0.36,num_interact:193,Intrvl:15,num_users:591,errors:14
rt:54.19,through:10.53,tt:0.31,num_interact:158,Intrvl:15,num_users:598,errors:8
rt:49.58,through:12.87,tt:0.36,num_interact:193,Intrvl:15,num_users:584,errors:20
rt:55.7,through:14.2,tt:0.3,num_interact:213,Intrvl:15,num_users:566,errors:8
rt:52.14,through:9.2,tt:0.31,num_interact:138,Intrvl:15,num_users:532,errors:2
rt:47.15,through:14.93,tt:0.35,num_interact:224,Intrvl:15,num_users:584,errors:26
rt:50.27,through:11,tt:0.39,num_interact:165,Intrvl:15,num_users:491,errors:10
rt:51.25,through:9.8,tt:0.36,num_interact:147,Intrvl:15,num_users:591,errors:4
rt:45.83,through:12.47,tt:0.37,num_interact:187,Intrvl:15,num_users:525,errors:20
rt:48.5,through:11.87,tt:0.37,num_interact:178,Intrvl:15,num_users:496,errors:12
rt:48.86,through:10.07,tt:0.33,num_interact:151,Intrvl:15,num_users:563,errors:3
rt:50.55,through:11.73,tt:0.38,num_interact:176,Intrvl:15,num_users:511,errors:10
rt:46.88,through:13.07,tt:0.37,num_interact:196,Intrvl:15,num_users:587,errors:7
rt:44.65,through:11.87,tt:0.34,num_interact:178,Intrvl:15,num_users:609,errors:2
rt:44.51,through:13.13,tt:0.39,num_interact:197,Intrvl:15,num_users:575,errors:11
rt:42.5,through:12.6,tt:0.32,num_interact:189,Intrvl:15,num_users:584,errors:10
rt:50.01,through:12.53,tt:0.36,num_interact:188,Intrvl:15,num_users:655,errors:10
rt:42.22,through:11.53,tt:0.34,num_interact:173,Intrvl:15,num_users:531,errors:15
rt:46.82,through:12.47,tt:0.34,num_interact:187,Intrvl:15,num_users:518,errors:3
rt:48.2,through:10.53,tt:0.34,num_interact:158,Intrvl:15,num_users:546,errors:12
rt:45.62,through:12.27,tt:0.33,num_interact:184,Intrvl:15,num_users:504,errors:16
rt:48.81,through:10.47,tt:0.36,num_interact:157,Intrvl:15,num_users:455,errors:5
rt:48.14,through:11.93,tt:0.37,num_interact:179,Intrvl:15,num_users:594,errors:15
rt:45.64,through:11.07,tt:0.36,num_interact:166,Intrvl:15,num_users:479,errors:4
rt:42.7,through:11.6,tt:0.34,num_interact:174,Intrvl:15,num_users:549,errors:7
rt:46.06,through:12.13,tt:0.32,num_interact:182,Intrvl:15,num_users:508,errors:10
rt:41.03,through:13.8,tt:0.32,num_interact:207,Intrvl:15,num_users:528,errors:13
rt:43.58,through:10.8,tt:0.4,num_interact:162,Intrvl:15,num_users:657,errors:5
rt:45.42,through:13.67,tt:0.39,num_interact:205,Intrvl:15,num_users:652,errors:16
rt:43.52,through:14.33,tt:0.33,num_interact:215,Intrvl:15,num_users:647,errors:11
rt:47.81,through:10.33,tt:0.33,num_interact:155,Intrvl:15,num_users:594,errors:2
rt:50.9,through:10.73,tt:0.34,num_interact:161,Intrvl:15,num_users:491,errors:14
rt:42.37,through:11.93,tt:0.36,num_interact:179,Intrvl:15,num_users:556,errors:5
rt:46.28,through:10.2,tt:0.36,num_interact:153,Intrvl:15,num_users:594,errors:0
rt:47.14,through:13.13,tt:0.35,num_interact:197,Intrvl:15,num_users:578,errors:11
rt:47.02,through:13.47,tt:0.38,num_interact:202,Intrvl:15,num_users:554,errors:8
rt:45.15,through:10.4,tt:0.35,num_interact:156,Intrvl:15,num_users:531,errors:4
rt:45.35,through:12.93,tt:0.35,num_interact:194,Intrvl:15,num_users:598,errors:10
rt:45.89,through:11.13,tt:0.38,num_interact:167,Intrvl:15,num_users:540,errors:5
rt:45.07,through:12.73,tt:0.32,num_interact:191,Intrvl:15,num_users:595,errors:21
rt:46.59,through:14.4,tt:0.37,num_interact:216,Intrvl:15,num_users:591,errors:22
rt:60.26,through:10.33,tt:0.32,num_interact:155,Intrvl:15,num_users:505,errors:1
rt:48.4,through:10.73,tt:0.37,num_interact:161,Intrvl:15,num_users:578,errors:6
rt:40.75,through:13.73,tt:0.34,num_interact:206,Intrvl:15,num_users:536,errors:20
rt:46.41,through:8.8,tt:0.37,num_interact:132,Intrvl:15,num_users:522,errors:6
rt:47.82,through:12.67,tt:0.4,num_interact:190,Intrvl:15,num_users:493,errors:13
rt:45.1,through:13.8,tt:0.34,num_interact:207,Intrvl:15,num_users:524,errors:8
rt:46.93,through:10.67,tt:0.32,num_interact:160,Intrvl:15,num_users:503,errors:7
rt:44.56,through:12.47,tt:0.35,num_interact:187,Intrvl:15,num_users:560,errors:9
rt:46.02,through:14,tt:0.31,num_interact:210,Intrvl:15,num_users:580,errors:10
rt:45.93,through:11,tt:0.33,num_interact:165,Intrvl:15,num_users:581,errors:7
rt:47.27,through:12.6,tt:0.36,num_interact:189,Intrvl:15,num_users:528,errors:10
rt:46.65,through:13.47,tt:0.34,num_interact:202,Intrvl:15,num_users:547,errors:5
rt:48.19,through:10.6,tt:0.38,num_interact:159,Intrvl:15,num_users:484,errors:1
rt:40.68,through:13.67,tt:0.33,num_interact:205,Intrvl:15,num_users:515,errors:14
rt:43.03,through:12.33,tt:0.31,num_interact:185,Intrvl:15,num_users:557,errors:8
rt:43.62,through:11.07,tt:0.38,num_interact:166,Intrvl:15,num_users:536,errors:0
rt:42.64,through:12.73,tt:0.38,num_interact:191,Intrvl:15,num_users:466,errors:14
rt:42.25,through:12.6,tt:0.35,num_interact:189,Intrvl:15,num_users:494,errors:5
rt:42.84,through:9.87,tt:0.37,num_interact:148,Intrvl:15,num_users:501,errors:2
rt:40.64,through:14.07,tt:0.39,num_interact:211,Intrvl:15,num_users:561,errors:13
rt:44.59,through:13.53,tt:0.32,num_interact:203,Intrvl:15,num_users:564,errors:3
rt:47.68,through:10.47,tt:0.33,num_interact:157,Intrvl:15,num_users:540,errors:8
rt:39.47,through:14.53,tt:0.39,num_interact:218,Intrvl:15,num_users:532,errors:15
rt:42.79,through:11.87,tt:0.33,num_interact:178,Intrvl:15,num_users:540,errors:6
rt:48.44,through:11.33,tt:0.31,num_interact:170,Intrvl:15,num_users:512,errors:15
rt:41.39,through:14.6,tt:0.35,num_interact:220,Intrvl:15,num_users:561,errors:6
rt:44.11,through:11.33,tt:0.37,num_interact:170,Intrvl:15,num_users:589,errors:5
rt:46.34,through:12.27,tt:0.39,num_interact:184,Intrvl:15,num_users:574,errors:15
rt:48.6,through:13.47,tt:0.33,num_interact:202,Intrvl:15,num_users:543,errors:7
rt:42.58,through:10.93,tt:0.35,num_interact:164,Intrvl:15,num_users:494,errors:6
rt:47.4,through:11.2,tt:0.34,num_interact:168,Intrvl:15,num_users:525,errors:11
rt:41.81,through:13.8,tt:0.34,num_interact:207,Intrvl:15,num_users:535,errors:14
rt:45.15,through:10.53,tt:0.37,num_interact:158,Intrvl:15,num_users:578,errors:7
rt:45.3,through:13.33,tt:0.37,num_interact:200,Intrvl:15,num_users:629,errors:17
rt:44.58,through:12.27,tt:0.36,num_interact:184,Intrvl:15,num_users:574,errors:11
rt:48.87,through:10,tt:0.34,num_interact:150,Intrvl:15,num_users:469,errors:1
rt:45.46,through:11.53,tt:0.39,num_interact:173,Intrvl:15,num_users:484,errors:10
rt:48.5,through:11.53,tt:0.39,num_interact:173,Intrvl:15,num_users:437,errors:3
rt:40.24,through:10.27,tt:0.35,num_interact:154,Intrvl:15,num_users:430,errors:2
rt:38.02,through:13.87,tt:0.34,num_interact:208,Intrvl:15,num_users:463,errors:17
rt:39.13,through:13.47,tt:0.34,num_interact:202,Intrvl:15,num_users:487,errors:10
rt:47.9,through:7.93,tt:0.36,num_interact:119,Intrvl:15,num_users:452,errors:3
rt:44.69,through:13.93,tt:0.38,num_interact:209,Intrvl:15,num_users:525,errors:14
rt:40.26,through:13.13,tt:0.32,num_interact:197,Intrvl:15,num_users:533,errors:11
rt:45.71,through:10.47,tt:0.36,num_interact:157,Intrvl:15,num_users:500,errors:3
rt:40.36,through:12.87,tt:0.35,num_interact:193,Intrvl:15,num_users:494,errors:18
rt:41.55,through:14.47,tt:0.37,num_interact:217,Intrvl:15,num_users:573,errors:10
rt:48.17,through:9.47,tt:0.39,num_interact:143,Intrvl:15,num_users:536,errors:0
rt:41.5,through:13.93,tt:0.35,num_interact:209,Intrvl:15,num_users:578,errors:17
rt:43.07,through:13.13,tt:0.32,num_interact:197,Intrvl:15,num_users:575,errors:12
rt:51.5,through:7.87,tt:0.39,num_interact:118,Intrvl:15,num_users:353,errors:0
rt:39.88,through:11.53,tt:0.35,num_interact:173,Intrvl:15,num_users:372,errors:9
rt:36.52,through:11,tt:0.39,num_interact:165,Intrvl:15,num_users:367,errors:6
rt:35.5,through:9.6,tt:0.33,num_interact:144,Intrvl:15,num_users:371,errors:3
rt:38.73,through:12.67,tt:0.38,num_interact:190,Intrvl:15,num_users:398,errors:10
rt:36.92,through:12.93,tt:0.39,num_interact:194,Intrvl:15,num_users:405,errors:7
rt:38.08,through:10.8,tt:0.32,num_interact:162,Intrvl:15,num_users:335,errors:3
rt:31.42,through:13.13,tt:0.4,num_interact:198,Intrvl:15,num_users:375,errors:19
rt:34.62,through:12.13,tt:0.36,num_interact:182,Intrvl:15,num_users:371,errors:3
rt:33.56,through:10.8,tt:0.37,num_interact:162,Intrvl:15,num_users:370,errors:0
rt:33.19,through:14.4,tt:0.34,num_interact:216,Intrvl:15,num_users:395,errors:13
rt:36.08,through:13.8,tt:0.35,num_interact:207,Intrvl:15,num_users:370,errors:7
rt:32.98,through:10.4,tt:0.37,num_interact:156,Intrvl:15,num_users:381,errors:6
rt:31.6,through:14.47,tt:0.36,num_interact:217,Intrvl:15,num_users:371,errors:17
rt:31.72,through:11.6,tt:0.38,num_interact:174,Intrvl:15,num_users:363,errors:5
rt:34.18,through:11.6,tt:0.35,num_interact:175,Intrvl:15,num_users:372,errors:9
rt:32.49,through:14.2,tt:0.38,num_interact:213,Intrvl:15,num_users:433,errors:10
rt:36.96,through:11.73,tt:0.35,num_interact:176,Intrvl:15,num_users:400,errors:4
rt:37.26,through:12.73,tt:0.37,num_interact:191,Intrvl:15,num_users:445,errors:8
rt:35.69,through:12.27,tt:0.3,num_interact:184,Intrvl:15,num_users:382,errors:9
rt:33.55,through:11.4,tt:0.39,num_interact:171,Intrvl:15,num_users:374,errors:5
rt:35.48,through:11.87,tt:0.37,num_interact:178,Intrvl:15,num_users:428,errors:12
rt:38.9,through:12.27,tt:0.38,num_interact:184,Intrvl:15,num_users:385,errors:8
rt:34.9,through:10.73,tt:0.34,num_interact:161,Intrvl:15,num_users:349,errors:1
rt:35.89,through:13.27,tt:0.33,num_interact:199,Intrvl:15,num_users:423,errors:17
rt:36.3,through:11.73,tt:0.37,num_interact:176,Intrvl:15,num_users:409,errors:3
rt:37.41,through:10.53,tt:0.36,num_interact:158,Intrvl:15,num_users:393,errors:1
rt:35.77,through:13.53,tt:0.38,num_interact:203,Intrvl:15,num_users:399,errors:15
rt:35.92,through:13.8,tt:0.36,num_interact:207,Intrvl:15,num_users:406,errors:8
rt:33.64,through:9.07,tt:0.36,num_interact:136,Intrvl:15,num_users:329,errors:1
rt:31.78,through:13.67,tt:0.36,num_interact:205,Intrvl:15,num_users:438,errors:19
rt:38.03,through:11.73,tt:0.32,num_interact:176,Intrvl:15,num_users:431,errors:3
rt:38.99,through:9.4,tt:0.32,num_interact:141,Intrvl:15,num_users:374,errors:1
rt:33.5,through:13.27,tt:0.36,num_interact:199,Intrvl:15,num_users:405,errors:13
rt:42,through:9.27,tt:0.32,num_interact:139,Intrvl:15,num_users:365,errors:6
rt:35.87,through:13,tt:0.31,num_interact:195,Intrvl:15,num_users:379,errors:3
rt:30.67,through:14.2,tt:0.35,num_interact:213,Intrvl:15,num_users:437,errors:17
rt:36.1,through:11.53,tt:0.34,num_interact:173,Intrvl:15,num_users:454,errors:4
rt:38.48,through:12.87,tt:0.3,num_interact:193,Intrvl:15,num_users:510,errors:10
rt:40.81,through:10.6,tt:0.28,num_interact:159,Intrvl:15,num_users:370,errors:18
rt:40.45,through:9.67,tt:0.34,num_interact:145,Intrvl:15,num_users:421,errors:2
rt:40.45,through:11.47,tt:0.41,num_interact:172,Intrvl:15,num_users:384,errors:8
rt:36.07,through:12.4,tt:0.38,num_interact:186,Intrvl:15,num_users:442,errors:4
rt:42.11,through:11.47,tt:0.39,num_interact:172,Intrvl:15,num_users:438,errors:2
rt:38.85,through:10,tt:0.36,num_interact:150,Intrvl:15,num_users:330,errors:12
rt:31.92,through:13,tt:0.34,num_interact:195,Intrvl:15,num_users:346,errors:3
Terminating EBs...
EB TPCW Broswing Mix EB #101commiting suicide!
EB TPCW Broswing Mix EB #1732commiting suicide!
EB TPCW Broswing Mix EB #195commiting suicide!
EB TPCW Broswing Mix EB #256commiting suicide!
EB TPCW Broswing Mix EB #40commiting suicide!
EB TPCW Broswing Mix EB #16734commiting suicide!
EB TPCW Broswing Mix EB #20commiting suicide!
EB TPCW Broswing Mix EB #71commiting suicide!
EB TPCW Broswing Mix EB #219commiting suicide!
EB TPCW Broswing Mix EB #240commiting suicide!
EB TPCW Broswing Mix EB #200commiting suicide!
EB TPCW Broswing Mix EB #274commiting suicide!
EB TPCW Broswing Mix EB #192commiting suicide!
EB TPCW Broswing Mix EB #119commiting suicide!
EB TPCW Broswing Mix EB #220commiting suicide!
EB TPCW Broswing Mix EB #16746commiting suicide!
EB TPCW Broswing Mix EB #93commiting suicide!
EB TPCW Broswing Mix EB #16738commiting suicide!
EB TPCW Broswing Mix EB #1685commiting suicide!
EB TPCW Broswing Mix EB #1644commiting suicide!
EB TPCW Broswing Mix EB #3558commiting suicide!
EB TPCW Broswing Mix EB #4019commiting suicide!
EB TPCW Broswing Mix EB #16743commiting suicide!
EB TPCW Broswing Mix EB #1683commiting suicide!
EB TPCW Broswing Mix EB #12commiting suicide!
EB TPCW Broswing Mix EB #16744commiting suicide!
EB TPCW Broswing Mix EB #1645commiting suicide!
EB TPCW Broswing Mix EB #10commiting suicide!
EB TPCW Broswing Mix EB #273commiting suicide!
EB TPCW Broswing Mix EB #117commiting suicide!
EB TPCW Broswing Mix EB #228commiting suicide!
EB TPCW Broswing Mix EB #1667commiting suicide!
EB TPCW Broswing Mix EB #1690commiting suicide!
EB TPCW Broswing Mix EB #1695commiting suicide!
EB TPCW Broswing Mix EB #253commiting suicide!
EB TPCW Broswing Mix EB #83commiting suicide!
EB TPCW Broswing Mix EB #16338commiting suicide!
EB TPCW Broswing Mix EB #3560commiting suicide!
EB TPCW Broswing Mix EB #158commiting suicide!
EB TPCW Broswing Mix EB #184commiting suicide!
EB TPCW Broswing Mix EB #1659commiting suicide!
EB TPCW Broswing Mix EB #124commiting suicide!
EB TPCW Broswing Mix EB #199commiting suicide!
EB TPCW Broswing Mix EB #236commiting suicide!
EB TPCW Broswing Mix EB #115commiting suicide!
EB TPCW Broswing Mix EB #54commiting suicide!
EB TPCW Broswing Mix EB #102commiting suicide!
EB TPCW Broswing Mix EB #262commiting suicide!
EB TPCW Broswing Mix EB #267commiting suicide!
EB TPCW Broswing Mix EB #4commiting suicide!
EB TPCW Broswing Mix EB #1718commiting suicide!
EB TPCW Broswing Mix EB #266commiting suicide!
EB TPCW Broswing Mix EB #125commiting suicide!
EB TPCW Broswing Mix EB #210commiting suicide!
EB TPCW Broswing Mix EB #18commiting suicide!
EB TPCW Broswing Mix EB #1703commiting suicide!
EB TPCW Broswing Mix EB #3830commiting suicide!
EB TPCW Broswing Mix EB #182commiting suicide!
EB TPCW Broswing Mix EB #234commiting suicide!
EB TPCW Broswing Mix EB #1646commiting suicide!
EB TPCW Broswing Mix EB #216commiting suicide!
EB TPCW Broswing Mix EB #120commiting suicide!
EB TPCW Broswing Mix EB #138commiting suicide!
EB TPCW Broswing Mix EB #1693commiting suicide!
EB TPCW Broswing Mix EB #44commiting suicide!
EB TPCW Broswing Mix EB #189commiting suicide!
EB TPCW Broswing Mix EB #1662commiting suicide!
EB TPCW Broswing Mix EB #149commiting suicide!
EB TPCW Broswing Mix EB #156commiting suicide!
EB TPCW Broswing Mix EB #242commiting suicide!
EB TPCW Broswing Mix EB #224commiting suicide!
EB TPCW Broswing Mix EB #212commiting suicide!
EB TPCW Broswing Mix EB #1656commiting suicide!
EB TPCW Broswing Mix EB #166commiting suicide!
EB TPCW Broswing Mix EB #1648commiting suicide!
EB TPCW Broswing Mix EB #127commiting suicide!
EB TPCW Broswing Mix EB #260commiting suicide!
EB TPCW Broswing Mix EB #16commiting suicide!
EB TPCW Broswing Mix EB #163commiting suicide!
EB TPCW Broswing Mix EB #4024commiting suicide!
EB TPCW Broswing Mix EB #230commiting suicide!
EB TPCW Broswing Mix EB #122commiting suicide!
EB TPCW Broswing Mix EB #161commiting suicide!
EB TPCW Broswing Mix EB #1672commiting suicide!
EB TPCW Broswing Mix EB #4028commiting suicide!
EB TPCW Broswing Mix EB #265commiting suicide!
EB TPCW Broswing Mix EB #1688commiting suicide!
EB TPCW Broswing Mix EB #4027commiting suicide!
EB TPCW Broswing Mix EB #1736commiting suicide!
EB TPCW Broswing Mix EB #3564commiting suicide!
EB TPCW Broswing Mix EB #70commiting suicide!
EB TPCW Broswing Mix EB #4015commiting suicide!
EB TPCW Broswing Mix EB #147commiting suicide!
EB TPCW Broswing Mix EB #178commiting suicide!
EB TPCW Broswing Mix EB #16733commiting suicide!
EB TPCW Broswing Mix EB #226commiting suicide!
EB TPCW Broswing Mix EB #118commiting suicide!
EB TPCW Broswing Mix EB #191commiting suicide!
EB TPCW Broswing Mix EB #1676commiting suicide!
EB TPCW Broswing Mix EB #1696commiting suicide!
EB TPCW Broswing Mix EB #23commiting suicide!
EB TPCW Broswing Mix EB #3802commiting suicide!
EB TPCW Broswing Mix EB #209commiting suicide!
EB TPCW Broswing Mix EB #168commiting suicide!
EB TPCW Broswing Mix EB #268commiting suicide!
EB TPCW Broswing Mix EB #170commiting suicide!
EB TPCW Broswing Mix EB #217commiting suicide!
EB TPCW Broswing Mix EB #100commiting suicide!
EB TPCW Broswing Mix EB #237commiting suicide!
EB TPCW Broswing Mix EB #3815commiting suicide!
EB TPCW Broswing Mix EB #74commiting suicide!
EB TPCW Broswing Mix EB #206commiting suicide!
EB TPCW Broswing Mix EB #193commiting suicide!
EB TPCW Broswing Mix EB #56commiting suicide!
EB TPCW Broswing Mix EB #1689commiting suicide!
EB TPCW Broswing Mix EB #1725commiting suicide!
EB TPCW Broswing Mix EB #151commiting suicide!
EB TPCW Broswing Mix EB #4009commiting suicide!
EB TPCW Broswing Mix EB #35commiting suicide!
EB TPCW Broswing Mix EB #36commiting suicide!
EB TPCW Broswing Mix EB #67commiting suicide!
EB TPCW Broswing Mix EB #4007commiting suicide!
EB TPCW Broswing Mix EB #249commiting suicide!
EB TPCW Broswing Mix EB #3552commiting suicide!
EB TPCW Broswing Mix EB #3563commiting suicide!
EB TPCW Broswing Mix EB #190commiting suicide!
EB TPCW Broswing Mix EB #3095commiting suicide!
EB TPCW Broswing Mix EB #3554commiting suicide!
EB TPCW Broswing Mix EB #225commiting suicide!
EB TPCW Broswing Mix EB #4031commiting suicide!
EB TPCW Broswing Mix EB #57commiting suicide!
EB TPCW Broswing Mix EB #88commiting suicide!
EB TPCW Broswing Mix EB #72commiting suicide!
EB TPCW Broswing Mix EB #1707commiting suicide!
EB TPCW Broswing Mix EB #238commiting suicide!
EB TPCW Broswing Mix EB #133commiting suicide!
EB TPCW Broswing Mix EB #1694commiting suicide!
EB TPCW Broswing Mix EB #1734commiting suicide!
EB TPCW Broswing Mix EB #94commiting suicide!
EB TPCW Broswing Mix EB #1708commiting suicide!
EB TPCW Broswing Mix EB #4014commiting suicide!
EB TPCW Broswing Mix EB #4016commiting suicide!
EB TPCW Broswing Mix EB #1655commiting suicide!
EB TPCW Broswing Mix EB #1701commiting suicide!
EB TPCW Broswing Mix EB #3556commiting suicide!
EB TPCW Broswing Mix EB #179commiting suicide!
EB TPCW Broswing Mix EB #81commiting suicide!
EB TPCW Broswing Mix EB #80commiting suicide!
EB TPCW Broswing Mix EB #30commiting suicide!
EB TPCW Broswing Mix EB #1668commiting suicide!
EB TPCW Broswing Mix EB #130commiting suicide!
EB TPCW Broswing Mix EB #1670commiting suicide!
EB TPCW Broswing Mix EB #245commiting suicide!
EB TPCW Broswing Mix EB #254commiting suicide!
EB TPCW Broswing Mix EB #140commiting suicide!
EB TPCW Broswing Mix EB #175commiting suicide!
EB TPCW Broswing Mix EB #106commiting suicide!
EB TPCW Broswing Mix EB #1657commiting suicide!
EB TPCW Broswing Mix EB #131commiting suicide!
EB TPCW Broswing Mix EB #1716commiting suicide!
EB TPCW Broswing Mix EB #134commiting suicide!
EB TPCW Broswing Mix EB #269commiting suicide!
EB TPCW Broswing Mix EB #104commiting suicide!
EB TPCW Broswing Mix EB #258commiting suicide!
EB TPCW Broswing Mix EB #1711commiting suicide!
EB TPCW Broswing Mix EB #68commiting suicide!
EB TPCW Broswing Mix EB #1647commiting suicide!
EB TPCW Broswing Mix EB #87commiting suicide!
EB TPCW Broswing Mix EB #148commiting suicide!
EB TPCW Broswing Mix EB #146commiting suicide!
EB TPCW Broswing Mix EB #201commiting suicide!
EB TPCW Broswing Mix EB #49commiting suicide!
EB TPCW Broswing Mix EB #173commiting suicide!
EB TPCW Broswing Mix EB #221commiting suicide!
EB TPCW Broswing Mix EB #208commiting suicide!
EB TPCW Broswing Mix EB #185commiting suicide!
EB TPCW Broswing Mix EB #257commiting suicide!
EB TPCW Broswing Mix EB #154commiting suicide!
EB TPCW Broswing Mix EB #112commiting suicide!
EB TPCW Broswing Mix EB #92commiting suicide!
EB TPCW Broswing Mix EB #65commiting suicide!
EB TPCW Broswing Mix EB #3803commiting suicide!
EB TPCW Broswing Mix EB #61commiting suicide!
EB TPCW Broswing Mix EB #108commiting suicide!
EB TPCW Broswing Mix EB #3565commiting suicide!
EB TPCW Broswing Mix EB #142commiting suicide!
EB TPCW Broswing Mix EB #1686commiting suicide!
EB TPCW Broswing Mix EB #205commiting suicide!
EB TPCW Broswing Mix EB #79commiting suicide!
EB TPCW Broswing Mix EB #19commiting suicide!
EB TPCW Broswing Mix EB #1653commiting suicide!
EB TPCW Broswing Mix EB #113commiting suicide!
EB TPCW Broswing Mix EB #43commiting suicide!
EB TPCW Broswing Mix EB #136commiting suicide!
EB TPCW Broswing Mix EB #1700commiting suicide!
EB TPCW Broswing Mix EB #3809commiting suicide!
EB TPCW Broswing Mix EB #259commiting suicide!
EB TPCW Broswing Mix EB #39commiting suicide!
EB TPCW Broswing Mix EB #129commiting suicide!
EB TPCW Broswing Mix EB #62commiting suicide!
EB TPCW Broswing Mix EB #38commiting suicide!
EB TPCW Broswing Mix EB #150commiting suicide!
EB TPCW Broswing Mix EB #86commiting suicide!
EB TPCW Broswing Mix EB #235commiting suicide!
EB TPCW Broswing Mix EB #1643commiting suicide!
EB TPCW Broswing Mix EB #1721commiting suicide!
EB TPCW Broswing Mix EB #3820commiting suicide!
EB TPCW Broswing Mix EB #1733commiting suicide!
EB TPCW Broswing Mix EB #176commiting suicide!
EB TPCW Broswing Mix EB #8commiting suicide!
EB TPCW Broswing Mix EB #1664commiting suicide!
EB TPCW Broswing Mix EB #78commiting suicide!
EB TPCW Broswing Mix EB #144commiting suicide!
EB TPCW Broswing Mix EB #75commiting suicide!
EB TPCW Broswing Mix EB #145commiting suicide!
EB TPCW Broswing Mix EB #207commiting suicide!
EB TPCW Broswing Mix EB #1649commiting suicide!
EB TPCW Broswing Mix EB #116commiting suicide!
EB TPCW Broswing Mix EB #1675commiting suicide!
EB TPCW Broswing Mix EB #3816commiting suicide!
EB TPCW Broswing Mix EB #4018commiting suicide!
EB TPCW Broswing Mix EB #126commiting suicide!
EB TPCW Broswing Mix EB #89commiting suicide!
EB TPCW Broswing Mix EB #1682commiting suicide!
EB TPCW Broswing Mix EB #52commiting suicide!
EB TPCW Broswing Mix EB #3813commiting suicide!
EB TPCW Broswing Mix EB #4020commiting suicide!
EB TPCW Broswing Mix EB #223commiting suicide!
EB TPCW Broswing Mix EB #214commiting suicide!
EB TPCW Broswing Mix EB #58commiting suicide!
EB TPCW Broswing Mix EB #48commiting suicide!
EB TPCW Broswing Mix EB #103commiting suicide!
EB TPCW Broswing Mix EB #98commiting suicide!
EB TPCW Broswing Mix EB #3093commiting suicide!
EB TPCW Broswing Mix EB #69commiting suicide!
EB TPCW Broswing Mix EB #271commiting suicide!
EB TPCW Broswing Mix EB #1669commiting suicide!
EB TPCW Broswing Mix EB #91commiting suicide!
EB TPCW Broswing Mix EB #16745commiting suicide!
EB TPCW Broswing Mix EB #45commiting suicide!
EB TPCW Broswing Mix EB #1706commiting suicide!
EB TPCW Broswing Mix EB #85commiting suicide!
EB TPCW Broswing Mix EB #107commiting suicide!
EB TPCW Broswing Mix EB #3824commiting suicide!
EB TPCW Broswing Mix EB #233commiting suicide!
EB TPCW Broswing Mix EB #215commiting suicide!
EB TPCW Broswing Mix EB #3829commiting suicide!
EB TPCW Broswing Mix EB #1680commiting suicide!
EB TPCW Broswing Mix EB #198commiting suicide!
EB TPCW Broswing Mix EB #132commiting suicide!
EB TPCW Broswing Mix EB #53commiting suicide!
EB TPCW Broswing Mix EB #1681commiting suicide!
EB TPCW Broswing Mix EB #121commiting suicide!
EB TPCW Broswing Mix EB #270commiting suicide!
EB TPCW Broswing Mix EB #272commiting suicide!
EB TPCW Broswing Mix EB #204commiting suicide!
EB TPCW Broswing Mix EB #197commiting suicide!
EB TPCW Broswing Mix EB #171commiting suicide!
EB TPCW Broswing Mix EB #203commiting suicide!
EB TPCW Broswing Mix EB #241commiting suicide!
EB TPCW Broswing Mix EB #181commiting suicide!
EB TPCW Broswing Mix EB #3804commiting suicide!
EB TPCW Broswing Mix EB #3559commiting suicide!
EB TPCW Broswing Mix EB #3817commiting suicide!
EB TPCW Broswing Mix EB #1729commiting suicide!
EB TPCW Broswing Mix EB #4032commiting suicide!
EB TPCW Broswing Mix EB #37commiting suicide!
EB TPCW Broswing Mix EB #4011commiting suicide!
EB TPCW Broswing Mix EB #1674commiting suicide!
EB TPCW Broswing Mix EB #1713commiting suicide!
EB TPCW Broswing Mix EB #4010commiting suicide!
EB TPCW Broswing Mix EB #3825commiting suicide!
EB TPCW Broswing Mix EB #3812commiting suicide!
EB TPCW Broswing Mix EB #128commiting suicide!
EB TPCW Broswing Mix EB #244commiting suicide!
EB TPCW Broswing Mix EB #16747commiting suicide!
EB TPCW Broswing Mix EB #73commiting suicide!
EB TPCW Broswing Mix EB #60commiting suicide!
EB TPCW Broswing Mix EB #172commiting suicide!
EB TPCW Broswing Mix EB #3818commiting suicide!
EB TPCW Broswing Mix EB #16741commiting suicide!
EB TPCW Broswing Mix EB #9commiting suicide!
EB TPCW Broswing Mix EB #123commiting suicide!
EB TPCW Broswing Mix EB #1720commiting suicide!
EB TPCW Broswing Mix EB #202commiting suicide!
EB TPCW Broswing Mix EB #111commiting suicide!
EB TPCW Broswing Mix EB #222commiting suicide!
EB TPCW Broswing Mix EB #261commiting suicide!
EB TPCW Broswing Mix EB #1687commiting suicide!
EB TPCW Broswing Mix EB #1731commiting suicide!
EB TPCW Broswing Mix EB #3806commiting suicide!
EB TPCW Broswing Mix EB #1723commiting suicide!
EB TPCW Broswing Mix EB #1719commiting suicide!
EB TPCW Broswing Mix EB #16742commiting suicide!
EB TPCW Broswing Mix EB #239commiting suicide!
EB TPCW Broswing Mix EB #3827commiting suicide!
EB TPCW Broswing Mix EB #3828commiting suicide!
EB TPCW Broswing Mix EB #25commiting suicide!
EB TPCW Broswing Mix EB #4029commiting suicide!
EB TPCW Broswing Mix EB #15commiting suicide!
EB TPCW Broswing Mix EB #16739commiting suicide!
EB TPCW Broswing Mix EB #33commiting suicide!
EB TPCW Broswing Mix EB #7commiting suicide!
EB TPCW Broswing Mix EB #174commiting suicide!
EB TPCW Broswing Mix EB #165commiting suicide!
EB TPCW Broswing Mix EB #3810commiting suicide!
EB TPCW Broswing Mix EB #1660commiting suicide!
EB TPCW Broswing Mix EB #64commiting suicide!
EB TPCW Broswing Mix EB #1692commiting suicide!
EB TPCW Broswing Mix EB #1705commiting suicide!
EB TPCW Broswing Mix EB #1722commiting suicide!
EB TPCW Broswing Mix EB #1663commiting suicide!
EB TPCW Broswing Mix EB #1699commiting suicide!
EB TPCW Broswing Mix EB #1702commiting suicide!
EB TPCW Broswing Mix EB #16732commiting suicide!
EB TPCW Broswing Mix EB #1728commiting suicide!
EB TPCW Broswing Mix EB #17commiting suicide!
EB TPCW Broswing Mix EB #1654commiting suicide!
EB TPCW Broswing Mix EB #1677commiting suicide!
EB TPCW Broswing Mix EB #4026commiting suicide!
EB TPCW Broswing Mix EB #66commiting suicide!
EB TPCW Broswing Mix EB #1697commiting suicide!
EB TPCW Broswing Mix EB #114commiting suicide!
EB TPCW Broswing Mix EB #97commiting suicide!
EB TPCW Broswing Mix EB #96commiting suicide!
EB TPCW Broswing Mix EB #3801commiting suicide!
EB TPCW Broswing Mix EB #139commiting suicide!
EB TPCW Broswing Mix EB #95commiting suicide!
EB TPCW Broswing Mix EB #16735commiting suicide!
EB TPCW Broswing Mix EB #109commiting suicide!
EB TPCW Broswing Mix EB #4025commiting suicide!
EB TPCW Broswing Mix EB #50commiting suicide!
EB TPCW Broswing Mix EB #194commiting suicide!
EB TPCW Broswing Mix EB #16736commiting suicide!
EB TPCW Broswing Mix EB #3808commiting suicide!
EB TPCW Broswing Mix EB #232commiting suicide!
EB TPCW Broswing Mix EB #218commiting suicide!
EB TPCW Broswing Mix EB #90commiting suicide!
EB TPCW Broswing Mix EB #183commiting suicide!
EB TPCW Broswing Mix EB #135commiting suicide!
EB TPCW Broswing Mix EB #229commiting suicide!
EB TPCW Broswing Mix EB #3555commiting suicide!
EB TPCW Broswing Mix EB #1712commiting suicide!
EB TPCW Broswing Mix EB #1665commiting suicide!
EB TPCW Broswing Mix EB #143commiting suicide!
EB TPCW Broswing Mix EB #1698commiting suicide!
EB TPCW Broswing Mix EB #16740commiting suicide!
EB TPCW Broswing Mix EB #1652commiting suicide!
EB TPCW Broswing Mix EB #4030commiting suicide!
EB TPCW Broswing Mix EB #152commiting suicide!
EB TPCW Broswing Mix EB #31commiting suicide!
EB TPCW Broswing Mix EB #159commiting suicide!
EB TPCW Broswing Mix EB #105commiting suicide!
EB TPCW Broswing Mix EB #157commiting suicide!
EB TPCW Broswing Mix EB #263commiting suicide!
EB TPCW Broswing Mix EB #231commiting suicide!
EB TPCW Broswing Mix EB #34commiting suicide!
EB TPCW Broswing Mix EB #16737commiting suicide!
EB TPCW Broswing Mix EB #162commiting suicide!
EB TPCW Broswing Mix EB #22commiting suicide!
EB TPCW Broswing Mix EB #1727commiting suicide!
EB TPCW Broswing Mix EB #4017commiting suicide!
EB TPCW Broswing Mix EB #13commiting suicide!
EB TPCW Broswing Mix EB #3814commiting suicide!
EB TPCW Broswing Mix EB #246commiting suicide!
EB TPCW Broswing Mix EB #1704commiting suicide!
EB TPCW Broswing Mix EB #180commiting suicide!
EB TPCW Broswing Mix EB #213commiting suicide!
EB TPCW Broswing Mix EB #3557commiting suicide!
EB TPCW Broswing Mix EB #247commiting suicide!
EB TPCW Broswing Mix EB #160commiting suicide!
EB TPCW Broswing Mix EB #251commiting suicide!
EB TPCW Broswing Mix EB #4008commiting suicide!
EB TPCW Broswing Mix EB #3826commiting suicide!
EB TPCW Broswing Mix EB #243commiting suicide!
EB TPCW Broswing Mix EB #248commiting suicide!
EB TPCW Broswing Mix EB #1684commiting suicide!
EB TPCW Broswing Mix EB #27commiting suicide!
EB TPCW Broswing Mix EB #141commiting suicide!
EB TPCW Broswing Mix EB #51commiting suicide!
EB TPCW Broswing Mix EB #167commiting suicide!
EB TPCW Broswing Mix EB #82commiting suicide!
EB TPCW Broswing Mix EB #76commiting suicide!
EB TPCW Broswing Mix EB #1724commiting suicide!
EB TPCW Broswing Mix EB #3822commiting suicide!
EB TPCW Broswing Mix EB #21commiting suicide!
EB TPCW Broswing Mix EB #59commiting suicide!
EB TPCW Broswing Mix EB #3094commiting suicide!
EB TPCW Broswing Mix EB #1735commiting suicide!
EB TPCW Broswing Mix EB #177commiting suicide!
EB TPCW Broswing Mix EB #55commiting suicide!
EB TPCW Broswing Mix EB #1678commiting suicide!
EB TPCW Broswing Mix EB #11commiting suicide!
EB TPCW Broswing Mix EB #1679commiting suicide!
EB TPCW Broswing Mix EB #3821commiting suicide!
EB TPCW Broswing Mix EB #264commiting suicide!
EB TPCW Broswing Mix EB #4012commiting suicide!
EBs finished.
Really finishing RBE!.
