Remote Browser Emulator for TPC-W.
  ECE 902  Fall '99
  Version 1.5
System's current path is /root/loadtest
rt:0.1,through:2.13,tt:0.34,num_interact:32,Intrvl:15,num_users:1,errors:0
rt:1.28,through:11.8,tt:0.41,num_interact:177,Intrvl:15,num_users:20,errors:0
rt:5.65,through:10.07,tt:0.38,num_interact:151,Intrvl:15,num_users:80,errors:0
rt:7.39,through:12.27,tt:0.38,num_interact:184,Intrvl:15,num_users:120,errors:0
rt:9.37,through:12.67,tt:0.41,num_interact:190,Intrvl:15,num_users:180,errors:0
rt:13.71,through:12.67,tt:0.4,num_interact:190,Intrvl:15,num_users:240,errors:0
rt:16.57,through:12.8,tt:0.4,num_interact:192,Intrvl:15,num_users:280,errors:0
rt:21.01,through:12.53,tt:0.35,num_interact:188,Intrvl:15,num_users:310,errors:0
rt:23.32,through:12.87,tt:0.36,num_interact:193,Intrvl:15,num_users:360,errors:0
rt:26.02,through:12.67,tt:0.39,num_interact:190,Intrvl:15,num_users:390,errors:0
rt:28.07,through:12.67,tt:0.37,num_interact:190,Intrvl:15,num_users:413,errors:0
rt:29.12,through:13.07,tt:0.38,num_interact:196,Intrvl:15,num_users:486,errors:0
rt:32.65,through:11.47,tt:0.39,num_interact:172,Intrvl:15,num_users:421,errors:0
rt:38.11,through:7.93,tt:0.36,num_interact:119,Intrvl:15,num_users:342,errors:0
rt:37.38,through:9.33,tt:0.36,num_interact:140,Intrvl:15,num_users:322,errors:0
rt:31.68,through:11.73,tt:0.34,num_interact:176,Intrvl:15,num_users:403,errors:0
rt:30.16,through:12.47,tt:0.4,num_interact:187,Intrvl:15,num_users:405,errors:0
rt:31.8,through:12.93,tt:0.38,num_interact:194,Intrvl:15,num_users:417,errors:0
rt:30.52,through:12.33,tt:0.33,num_interact:185,Intrvl:15,num_users:406,errors:0
rt:32.04,through:11.2,tt:0.34,num_interact:168,Intrvl:15,num_users:351,errors:0
rt:31.76,through:10.67,tt:0.37,num_interact:160,Intrvl:15,num_users:434,errors:0
rt:32.07,through:10.87,tt:0.35,num_interact:163,Intrvl:15,num_users:343,errors:0
rt:34.53,through:8.87,tt:0.39,num_interact:133,Intrvl:15,num_users:417,errors:0
rt:31.75,through:12,tt:0.32,num_interact:180,Intrvl:15,num_users:424,errors:0
rt:34.2,through:13.53,tt:0.4,num_interact:203,Intrvl:15,num_users:424,errors:0
rt:33.12,through:12.53,tt:0.35,num_interact:188,Intrvl:15,num_users:414,errors:0
rt:33.28,through:12.53,tt:0.39,num_interact:188,Intrvl:15,num_users:501,errors:0
rt:32.5,through:12.47,tt:0.3,num_interact:187,Intrvl:15,num_users:407,errors:0
rt:37.11,through:8,tt:0.36,num_interact:120,Intrvl:15,num_users:438,errors:0
rt:37.81,through:11.67,tt:0.37,num_interact:175,Intrvl:15,num_users:480,errors:0
rt:38.53,through:12.8,tt:0.41,num_interact:192,Intrvl:15,num_users:444,errors:0
rt:37.2,through:10.33,tt:0.33,num_interact:155,Intrvl:15,num_users:482,errors:0
rt:37,through:12.8,tt:0.37,num_interact:192,Intrvl:15,num_users:475,errors:0
rt:38.53,through:11.87,tt:0.42,num_interact:178,Intrvl:15,num_users:452,errors:0
rt:36.63,through:11.53,tt:0.33,num_interact:173,Intrvl:15,num_users:440,errors:0
rt:36.15,through:12.4,tt:0.38,num_interact:186,Intrvl:15,num_users:445,errors:0
rt:35.51,through:12.67,tt:0.34,num_interact:190,Intrvl:15,num_users:508,errors:0
rt:35.77,through:11.47,tt:0.37,num_interact:172,Intrvl:15,num_users:426,errors:0
rt:38.42,through:9.2,tt:0.34,num_interact:138,Intrvl:15,num_users:455,errors:0
rt:38.56,through:12.73,tt:0.4,num_interact:191,Intrvl:15,num_users:435,errors:0
rt:36.34,through:11.47,tt:0.36,num_interact:172,Intrvl:15,num_users:463,errors:0
rt:36.81,through:12.87,tt:0.36,num_interact:193,Intrvl:15,num_users:444,errors:0
rt:37.12,through:10.2,tt:0.33,num_interact:153,Intrvl:15,num_users:412,errors:0
rt:35.34,through:12.13,tt:0.32,num_interact:182,Intrvl:15,num_users:419,errors:0
rt:33.24,through:12.4,tt:0.37,num_interact:186,Intrvl:15,num_users:409,errors:0
rt:34.85,through:12.67,tt:0.33,num_interact:190,Intrvl:15,num_users:427,errors:0
rt:33.05,through:12.27,tt:0.32,num_interact:184,Intrvl:15,num_users:416,errors:0
rt:33.14,through:12.07,tt:0.36,num_interact:181,Intrvl:15,num_users:448,errors:0
rt:32.16,through:13,tt:0.39,num_interact:195,Intrvl:15,num_users:456,errors:0
rt:34.47,through:13,tt:0.41,num_interact:195,Intrvl:15,num_users:482,errors:0
rt:35.68,through:12.67,tt:0.37,num_interact:190,Intrvl:15,num_users:465,errors:0
rt:36.41,through:11.67,tt:0.36,num_interact:175,Intrvl:15,num_users:472,errors:0
rt:36.53,through:12.67,tt:0.35,num_interact:190,Intrvl:15,num_users:454,errors:0
rt:37.26,through:10.87,tt:0.36,num_interact:163,Intrvl:15,num_users:417,errors:0
rt:37.09,through:11.8,tt:0.34,num_interact:177,Intrvl:15,num_users:490,errors:0
rt:36.54,through:12.27,tt:0.39,num_interact:184,Intrvl:15,num_users:473,errors:0
rt:35.59,through:10.47,tt:0.44,num_interact:157,Intrvl:15,num_users:449,errors:0
rt:38.82,through:12.4,tt:0.31,num_interact:186,Intrvl:15,num_users:434,errors:0
rt:37.86,through:11.07,tt:0.38,num_interact:166,Intrvl:15,num_users:407,errors:0
rt:35.12,through:12.07,tt:0.4,num_interact:181,Intrvl:15,num_users:472,errors:0
rt:32.18,through:12.8,tt:0.38,num_interact:192,Intrvl:15,num_users:463,errors:0
rt:36.65,through:9.2,tt:0.39,num_interact:138,Intrvl:15,num_users:371,errors:0
rt:34.71,through:11,tt:0.38,num_interact:165,Intrvl:15,num_users:454,errors:0
rt:34.79,through:11.6,tt:0.39,num_interact:174,Intrvl:15,num_users:419,errors:5
rt:24.03,through:21.07,tt:0.36,num_interact:316,Intrvl:15,num_users:435,errors:0
rt:20.65,through:25.33,tt:0.35,num_interact:380,Intrvl:15,num_users:483,errors:0
rt:18.27,through:25.93,tt:0.36,num_interact:389,Intrvl:15,num_users:486,errors:0
rt:17.45,through:22.47,tt:0.35,num_interact:337,Intrvl:15,num_users:400,errors:0
rt:17.72,through:22.6,tt:0.37,num_interact:339,Intrvl:15,num_users:419,errors:0
rt:16.81,through:24.87,tt:0.38,num_interact:373,Intrvl:15,num_users:414,errors:0
rt:16,through:23.6,tt:0.36,num_interact:354,Intrvl:15,num_users:370,errors:0
rt:15.85,through:24.6,tt:0.38,num_interact:369,Intrvl:15,num_users:466,errors:0
rt:17.13,through:25.13,tt:0.36,num_interact:378,Intrvl:15,num_users:466,errors:0
rt:17.98,through:25.4,tt:0.33,num_interact:381,Intrvl:15,num_users:459,errors:0
rt:18.03,through:25.07,tt:0.36,num_interact:376,Intrvl:15,num_users:445,errors:0
rt:16.83,through:24.2,tt:0.34,num_interact:363,Intrvl:15,num_users:421,errors:0
rt:17.22,through:24.87,tt:0.37,num_interact:373,Intrvl:15,num_users:438,errors:0
rt:16.74,through:25.6,tt:0.34,num_interact:384,Intrvl:15,num_users:438,errors:0
rt:16.69,through:25.13,tt:0.33,num_interact:378,Intrvl:15,num_users:423,errors:0
rt:16.2,through:25.47,tt:0.35,num_interact:382,Intrvl:15,num_users:437,errors:0
rt:16.76,through:24.8,tt:0.34,num_interact:372,Intrvl:15,num_users:419,errors:0
rt:16.51,through:25,tt:0.38,num_interact:375,Intrvl:15,num_users:463,errors:0
rt:17.04,through:21.87,tt:0.37,num_interact:328,Intrvl:15,num_users:379,errors:0
rt:16.38,through:24.73,tt:0.39,num_interact:371,Intrvl:15,num_users:498,errors:0
rt:18.22,through:25.13,tt:0.39,num_interact:377,Intrvl:15,num_users:514,errors:0
rt:19.42,through:24.93,tt:0.33,num_interact:374,Intrvl:15,num_users:497,errors:0
rt:19.14,through:24.73,tt:0.35,num_interact:371,Intrvl:15,num_users:480,errors:0
rt:18.5,through:21.73,tt:0.34,num_interact:326,Intrvl:15,num_users:400,errors:0
rt:16.92,through:24.33,tt:0.35,num_interact:365,Intrvl:15,num_users:470,errors:0
rt:17.82,through:23.13,tt:0.35,num_interact:347,Intrvl:15,num_users:403,errors:0
rt:17.11,through:24.13,tt:0.35,num_interact:362,Intrvl:15,num_users:546,errors:0
rt:19.47,through:20,tt:0.35,num_interact:300,Intrvl:15,num_users:410,errors:0
rt:18.33,through:22.53,tt:0.33,num_interact:338,Intrvl:15,num_users:463,errors:0
rt:18.73,through:23.73,tt:0.38,num_interact:356,Intrvl:15,num_users:417,errors:0
rt:16.94,through:24.47,tt:0.35,num_interact:367,Intrvl:15,num_users:447,errors:0
rt:17.64,through:25.47,tt:0.37,num_interact:382,Intrvl:15,num_users:455,errors:0
rt:17.54,through:25.4,tt:0.35,num_interact:381,Intrvl:15,num_users:521,errors:0
rt:19.35,through:24.13,tt:0.35,num_interact:362,Intrvl:15,num_users:484,errors:0
rt:19.42,through:24,tt:0.34,num_interact:362,Intrvl:15,num_users:521,errors:0
rt:19.52,through:22.13,tt:0.34,num_interact:332,Intrvl:15,num_users:438,errors:0
rt:18.64,through:23.87,tt:0.34,num_interact:358,Intrvl:15,num_users:433,errors:0
rt:17.67,through:25.67,tt:0.39,num_interact:385,Intrvl:15,num_users:452,errors:0
rt:17.47,through:25.4,tt:0.38,num_interact:381,Intrvl:15,num_users:496,errors:0
rt:18.7,through:25.33,tt:0.36,num_interact:380,Intrvl:15,num_users:507,errors:0
rt:18.99,through:23.8,tt:0.32,num_interact:357,Intrvl:15,num_users:458,errors:0
rt:18.38,through:23.27,tt:0.35,num_interact:349,Intrvl:15,num_users:421,errors:0
rt:17.21,through:24.53,tt:0.38,num_interact:368,Intrvl:15,num_users:424,errors:0
rt:16.52,through:25.87,tt:0.37,num_interact:388,Intrvl:15,num_users:431,errors:0
rt:16.09,through:25.2,tt:0.34,num_interact:378,Intrvl:15,num_users:417,errors:0
rt:16.66,through:24.87,tt:0.36,num_interact:373,Intrvl:15,num_users:468,errors:0
rt:17.28,through:26.4,tt:0.36,num_interact:396,Intrvl:15,num_users:470,errors:0
rt:18.28,through:25.27,tt:0.34,num_interact:379,Intrvl:15,num_users:508,errors:0
rt:18.59,through:24.47,tt:0.37,num_interact:367,Intrvl:15,num_users:486,errors:0
rt:19.27,through:24.87,tt:0.34,num_interact:373,Intrvl:15,num_users:473,errors:0
rt:18.78,through:25.73,tt:0.33,num_interact:386,Intrvl:15,num_users:490,errors:0
rt:18.5,through:23.2,tt:0.34,num_interact:348,Intrvl:15,num_users:442,errors:0
rt:17.85,through:23.73,tt:0.33,num_interact:356,Intrvl:15,num_users:424,errors:0
rt:17.22,through:25.4,tt:0.39,num_interact:381,Intrvl:15,num_users:482,errors:0
rt:18.1,through:23.93,tt:0.36,num_interact:359,Intrvl:15,num_users:461,errors:0
rt:18.35,through:26.47,tt:0.34,num_interact:397,Intrvl:15,num_users:490,errors:0
rt:18.36,through:25.8,tt:0.37,num_interact:387,Intrvl:15,num_users:505,errors:0
rt:19.42,through:24.67,tt:0.34,num_interact:370,Intrvl:15,num_users:482,errors:0
rt:19.05,through:25.4,tt:0.35,num_interact:381,Intrvl:15,num_users:508,errors:1
rt:18.68,through:26.47,tt:0.34,num_interact:403,Intrvl:15,num_users:515,errors:9
rt:16.77,through:31.33,tt:0.33,num_interact:470,Intrvl:15,num_users:482,errors:0
rt:13.75,through:35.13,tt:0.32,num_interact:527,Intrvl:15,num_users:444,errors:0
rt:13.23,through:34.07,tt:0.37,num_interact:511,Intrvl:15,num_users:433,errors:0
rt:10.98,through:38.8,tt:0.35,num_interact:582,Intrvl:15,num_users:403,errors:0
rt:12.68,through:29.33,tt:0.36,num_interact:440,Intrvl:15,num_users:463,errors:0
rt:12.77,through:35.6,tt:0.35,num_interact:539,Intrvl:15,num_users:444,errors:0
rt:12.41,through:40.33,tt:0.36,num_interact:605,Intrvl:15,num_users:454,errors:0
rt:11.18,through:39,tt:0.37,num_interact:585,Intrvl:15,num_users:452,errors:0
rt:11.9,through:33.73,tt:0.35,num_interact:515,Intrvl:15,num_users:402,errors:0
rt:11.67,through:34.27,tt:0.35,num_interact:514,Intrvl:15,num_users:500,errors:0
rt:13.22,through:35.73,tt:0.37,num_interact:536,Intrvl:15,num_users:479,errors:0
rt:12.67,through:35.27,tt:0.37,num_interact:588,Intrvl:15,num_users:491,errors:0
rt:15.43,through:33.73,tt:0.35,num_interact:506,Intrvl:15,num_users:483,errors:0
rt:14.06,through:36.2,tt:0.36,num_interact:543,Intrvl:15,num_users:519,errors:0
rt:13.15,through:30,tt:0.39,num_interact:450,Intrvl:15,num_users:514,errors:0
rt:17.22,through:31.27,tt:0.37,num_interact:469,Intrvl:15,num_users:518,errors:0
rt:15.51,through:48.93,tt:0.35,num_interact:812,Intrvl:15,num_users:543,errors:0
rt:15.65,through:30.27,tt:0.35,num_interact:684,Intrvl:15,num_users:487,errors:0
rt:15.69,through:28.73,tt:0.33,num_interact:923,Intrvl:15,num_users:476,errors:0
rt:13.97,through:32.67,tt:0.34,num_interact:490,Intrvl:15,num_users:413,errors:0
rt:13,through:41.93,tt:0.36,num_interact:824,Intrvl:15,num_users:483,errors:0
rt:14.12,through:38.93,tt:0.37,num_interact:584,Intrvl:15,num_users:480,errors:0
rt:12.58,through:30.53,tt:0.34,num_interact:458,Intrvl:15,num_users:435,errors:0
rt:12.45,through:34.47,tt:0.35,num_interact:517,Intrvl:15,num_users:482,errors:0
rt:14.31,through:81.93,tt:0.35,num_interact:1229,Intrvl:15,num_users:521,errors:0
rt:13.4,through:36.6,tt:0.37,num_interact:552,Intrvl:15,num_users:444,errors:0
rt:12.88,through:42.27,tt:0.35,num_interact:634,Intrvl:15,num_users:510,errors:0
rt:13.26,through:31.67,tt:0.36,num_interact:475,Intrvl:15,num_users:447,errors:0
rt:13.49,through:63.8,tt:0.35,num_interact:957,Intrvl:15,num_users:459,errors:0
rt:12.41,through:37.67,tt:0.34,num_interact:565,Intrvl:15,num_users:442,errors:0
rt:11.51,through:33.27,tt:0.34,num_interact:508,Intrvl:15,num_users:392,errors:0
rt:12.29,through:32.07,tt:0.37,num_interact:481,Intrvl:15,num_users:535,errors:0
rt:13.64,through:39.2,tt:0.37,num_interact:588,Intrvl:15,num_users:482,errors:2
rt:12.63,through:28.27,tt:0.32,num_interact:424,Intrvl:15,num_users:490,errors:0
rt:10.43,through:28.13,tt:0.35,num_interact:422,Intrvl:15,num_users:501,errors:0
rt:19.38,through:27.13,tt:0.34,num_interact:407,Intrvl:15,num_users:522,errors:0
rt:21.99,through:25.07,tt:0.36,num_interact:376,Intrvl:15,num_users:505,errors:0
rt:16.73,through:34.53,tt:0.37,num_interact:518,Intrvl:15,num_users:455,errors:0
rt:10.07,through:34.87,tt:0.36,num_interact:523,Intrvl:15,num_users:452,errors:0
rt:14.87,through:29.33,tt:0.34,num_interact:440,Intrvl:15,num_users:522,errors:0
rt:17.17,through:29,tt:0.34,num_interact:435,Intrvl:15,num_users:472,errors:0
rt:14.51,through:37.33,tt:0.36,num_interact:596,Intrvl:15,num_users:442,errors:0
rt:12.82,through:86.47,tt:0.37,num_interact:1297,Intrvl:15,num_users:552,errors:0
rt:28.37,through:20.13,tt:0.34,num_interact:302,Intrvl:15,num_users:538,errors:0
rt:19.11,through:37.73,tt:0.34,num_interact:566,Intrvl:15,num_users:465,errors:0
rt:18.63,through:33.33,tt:0.36,num_interact:653,Intrvl:15,num_users:470,errors:0
rt:15.2,through:45.13,tt:0.35,num_interact:677,Intrvl:15,num_users:483,errors:0
rt:13.06,through:31.73,tt:0.36,num_interact:476,Intrvl:15,num_users:456,errors:0
rt:11.73,through:38.07,tt:0.34,num_interact:639,Intrvl:15,num_users:434,errors:0
rt:12.46,through:101,tt:0.36,num_interact:1515,Intrvl:15,num_users:469,errors:0
rt:14.79,through:34.4,tt:0.36,num_interact:516,Intrvl:15,num_users:487,errors:0
rt:13.74,through:30.93,tt:0.35,num_interact:742,Intrvl:15,num_users:477,errors:0
rt:11.32,through:32.07,tt:0.35,num_interact:481,Intrvl:15,num_users:414,errors:0
rt:13.02,through:56.87,tt:0.35,num_interact:1319,Intrvl:15,num_users:500,errors:0
rt:12.96,through:30,tt:0.35,num_interact:456,Intrvl:15,num_users:475,errors:0
rt:13.87,through:51.2,tt:0.35,num_interact:768,Intrvl:15,num_users:524,errors:0
rt:14.21,through:37.6,tt:0.32,num_interact:643,Intrvl:15,num_users:480,errors:0
rt:13.53,through:35.6,tt:0.33,num_interact:534,Intrvl:15,num_users:479,errors:0
rt:12.5,through:39.13,tt:0.37,num_interact:587,Intrvl:15,num_users:409,errors:0
rt:11.23,through:27.87,tt:0.36,num_interact:418,Intrvl:15,num_users:490,errors:0
rt:13.24,through:38.4,tt:0.36,num_interact:605,Intrvl:15,num_users:468,errors:0
rt:13.84,through:38.07,tt:0.36,num_interact:707,Intrvl:15,num_users:477,errors:0
rt:12.87,through:31.8,tt:0.38,num_interact:813,Intrvl:15,num_users:543,errors:2
rt:14.82,through:31.47,tt:0.34,num_interact:472,Intrvl:15,num_users:455,errors:0
rt:11.53,through:41.4,tt:0.37,num_interact:621,Intrvl:15,num_users:423,errors:0
rt:9.49,through:32.87,tt:0.38,num_interact:493,Intrvl:15,num_users:455,errors:0
rt:13.92,through:97.07,tt:0.36,num_interact:1456,Intrvl:15,num_users:503,errors:0
rt:13.83,through:33.2,tt:0.36,num_interact:498,Intrvl:15,num_users:477,errors:0
rt:13.32,through:43.4,tt:0.37,num_interact:1033,Intrvl:15,num_users:536,errors:0
rt:16.02,through:29.93,tt:0.35,num_interact:449,Intrvl:15,num_users:494,errors:0
rt:18.97,through:33.93,tt:0.35,num_interact:614,Intrvl:15,num_users:496,errors:0
rt:15.2,through:81,tt:0.34,num_interact:1215,Intrvl:15,num_users:526,errors:0
rt:21.27,through:8.93,tt:0.36,num_interact:134,Intrvl:15,num_users:591,errors:0
rt:37.82,through:1.67,tt:0.36,num_interact:25,Intrvl:15,num_users:482,errors:0
rt:77.33,through:64.2,tt:0.34,num_interact:963,Intrvl:15,num_users:521,errors:0
rt:18.61,through:34,tt:0.35,num_interact:537,Intrvl:15,num_users:514,errors:0
rt:15.61,through:50.33,tt:0.37,num_interact:755,Intrvl:15,num_users:539,errors:0
rt:23.19,through:9.4,tt:0.38,num_interact:141,Intrvl:15,num_users:501,errors:0
rt:40.51,through:3.67,tt:0.32,num_interact:55,Intrvl:15,num_users:490,errors:0
rt:31.21,through:3.6,tt:0.39,num_interact:54,Intrvl:15,num_users:431,errors:0
rt:56.1,through:2.53,tt:0.31,num_interact:38,Intrvl:15,num_users:479,errors:0
rt:183.56,through:46.4,tt:0.36,num_interact:696,Intrvl:15,num_users:508,errors:0
rt:154.31,through:67.87,tt:0.36,num_interact:1018,Intrvl:15,num_users:567,errors:2
rt:20.98,through:26.73,tt:0.35,num_interact:401,Intrvl:15,num_users:504,errors:0
rt:16.6,through:32.47,tt:0.34,num_interact:637,Intrvl:15,num_users:508,errors:0
rt:15.8,through:37,tt:0.37,num_interact:555,Intrvl:15,num_users:536,errors:0
rt:15.61,through:32.2,tt:0.38,num_interact:483,Intrvl:15,num_users:539,errors:0
rt:18.71,through:56.6,tt:0.35,num_interact:849,Intrvl:15,num_users:577,errors:0
rt:16.93,through:40.8,tt:0.36,num_interact:612,Intrvl:15,num_users:584,errors:0
rt:89.24,through:21.4,tt:0.35,num_interact:599,Intrvl:15,num_users:613,errors:0
rt:338.06,through:2.47,tt:0.26,num_interact:37,Intrvl:15,num_users:459,errors:0
rt:154.72,through:56.33,tt:0.36,num_interact:1083,Intrvl:15,num_users:652,errors:2
rt:20.24,through:31.6,tt:0.37,num_interact:502,Intrvl:15,num_users:574,errors:0
rt:30.46,through:24.67,tt:0.34,num_interact:706,Intrvl:15,num_users:546,errors:0
rt:221.6,through:36,tt:0.35,num_interact:540,Intrvl:15,num_users:591,errors:0
rt:257.69,through:0.6,tt:0.25,num_interact:9,Intrvl:15,num_users:545,errors:0
rt:370.66,through:0.33,tt:0.11,num_interact:5,Intrvl:15,num_users:536,errors:0
rt:351.24,through:0.87,tt:0.2,num_interact:13,Intrvl:15,num_users:525,errors:0
rt:192.93,through:62.87,tt:0.33,num_interact:954,Intrvl:15,num_users:592,errors:35
rt:41.16,through:31.4,tt:0.32,num_interact:509,Intrvl:15,num_users:539,errors:0
rt:12.59,through:34.6,tt:0.32,num_interact:519,Intrvl:15,num_users:498,errors:0
rt:10.63,through:39.07,tt:0.33,num_interact:586,Intrvl:15,num_users:532,errors:0
rt:14.13,through:25.73,tt:0.39,num_interact:386,Intrvl:15,num_users:578,errors:0
rt:18.6,through:23.13,tt:0.32,num_interact:347,Intrvl:15,num_users:466,errors:0
rt:16.63,through:24.73,tt:0.38,num_interact:371,Intrvl:15,num_users:528,errors:10
rt:18.52,through:22.73,tt:0.35,num_interact:341,Intrvl:15,num_users:668,errors:0
rt:22.38,through:23,tt:0.38,num_interact:345,Intrvl:15,num_users:594,errors:7
rt:21.63,through:24,tt:0.37,num_interact:360,Intrvl:15,num_users:581,errors:8
rt:20.58,through:24.47,tt:0.36,num_interact:370,Intrvl:15,num_users:672,errors:4
rt:23.79,through:24,tt:0.37,num_interact:360,Intrvl:15,num_users:658,errors:15
rt:24.35,through:23.6,tt:0.36,num_interact:354,Intrvl:15,num_users:615,errors:0
rt:22.79,through:22.2,tt:0.36,num_interact:333,Intrvl:15,num_users:592,errors:24
rt:22.53,through:23.47,tt:0.37,num_interact:352,Intrvl:15,num_users:531,errors:0
rt:20.91,through:23.8,tt:0.37,num_interact:357,Intrvl:15,num_users:522,errors:13
rt:20.35,through:23.93,tt:0.37,num_interact:359,Intrvl:15,num_users:585,errors:0
rt:20.52,through:27.53,tt:0.34,num_interact:413,Intrvl:15,num_users:610,errors:16
rt:23.77,through:21.27,tt:0.34,num_interact:319,Intrvl:15,num_users:589,errors:1
rt:19.69,through:26.4,tt:0.33,num_interact:396,Intrvl:15,num_users:577,errors:15
rt:21.56,through:23,tt:0.38,num_interact:345,Intrvl:15,num_users:557,errors:0
rt:19.63,through:25.8,tt:0.37,num_interact:387,Intrvl:15,num_users:574,errors:22
rt:22.56,through:23.07,tt:0.38,num_interact:346,Intrvl:15,num_users:568,errors:0
rt:28.52,through:15.8,tt:0.38,num_interact:237,Intrvl:15,num_users:566,errors:20
rt:28.97,through:15.6,tt:0.33,num_interact:234,Intrvl:15,num_users:528,errors:2
rt:26.64,through:14.8,tt:0.37,num_interact:222,Intrvl:15,num_users:498,errors:16
rt:29.2,through:15.07,tt:0.38,num_interact:226,Intrvl:15,num_users:507,errors:4
rt:28.42,through:16.93,tt:0.32,num_interact:254,Intrvl:15,num_users:498,errors:3
rt:30.11,through:15.27,tt:0.34,num_interact:229,Intrvl:15,num_users:442,errors:14
rt:24.78,through:14.6,tt:0.33,num_interact:219,Intrvl:15,num_users:491,errors:2
rt:24.77,through:15.13,tt:0.37,num_interact:227,Intrvl:15,num_users:560,errors:22
rt:32.32,through:16.87,tt:0.37,num_interact:253,Intrvl:15,num_users:588,errors:0
rt:31.63,through:15.27,tt:0.36,num_interact:229,Intrvl:15,num_users:505,errors:14
rt:30.43,through:14.87,tt:0.36,num_interact:223,Intrvl:15,num_users:518,errors:0
rt:25.31,through:14.4,tt:0.41,num_interact:216,Intrvl:15,num_users:501,errors:11
rt:31.88,through:15.67,tt:0.36,num_interact:235,Intrvl:15,num_users:461,errors:0
rt:27.04,through:16.8,tt:0.37,num_interact:252,Intrvl:15,num_users:536,errors:12
rt:29.82,through:13.87,tt:0.31,num_interact:208,Intrvl:15,num_users:522,errors:0
rt:28.25,through:13.53,tt:0.35,num_interact:203,Intrvl:15,num_users:430,errors:3
rt:27.06,through:14.27,tt:0.38,num_interact:214,Intrvl:15,num_users:536,errors:5
rt:27.93,through:16.47,tt:0.35,num_interact:247,Intrvl:15,num_users:651,errors:1
rt:33.62,through:13.67,tt:0.37,num_interact:205,Intrvl:15,num_users:563,errors:9
rt:33.27,through:17.07,tt:0.4,num_interact:256,Intrvl:15,num_users:623,errors:0
rt:29.19,through:11.8,tt:0.35,num_interact:177,Intrvl:15,num_users:511,errors:19
rt:34.9,through:16,tt:0.31,num_interact:240,Intrvl:15,num_users:578,errors:0
rt:31.24,through:13.2,tt:0.37,num_interact:198,Intrvl:15,num_users:529,errors:11
rt:35.73,through:15.47,tt:0.39,num_interact:232,Intrvl:15,num_users:505,errors:0
rt:29.22,through:15.47,tt:0.32,num_interact:232,Intrvl:15,num_users:585,errors:9
rt:35.55,through:13.4,tt:0.4,num_interact:201,Intrvl:15,num_users:466,errors:0
rt:27.79,through:15.93,tt:0.33,num_interact:239,Intrvl:15,num_users:532,errors:15
rt:31.64,through:13,tt:0.36,num_interact:195,Intrvl:15,num_users:542,errors:0
rt:28.97,through:16.13,tt:0.31,num_interact:242,Intrvl:15,num_users:620,errors:9
rt:35.62,through:14.47,tt:0.35,num_interact:217,Intrvl:15,num_users:552,errors:0
rt:31.27,through:17.73,tt:0.39,num_interact:266,Intrvl:15,num_users:547,errors:16
rt:32.09,through:14,tt:0.35,num_interact:210,Intrvl:15,num_users:550,errors:0
rt:30.28,through:15.8,tt:0.32,num_interact:237,Intrvl:15,num_users:508,errors:16
rt:30.77,through:14.93,tt:0.34,num_interact:224,Intrvl:15,num_users:491,errors:0
rt:26.28,through:16,tt:0.34,num_interact:240,Intrvl:15,num_users:617,errors:24
rt:33.93,through:14.87,tt:0.38,num_interact:223,Intrvl:15,num_users:627,errors:1
rt:31.75,through:16.87,tt:0.35,num_interact:253,Intrvl:15,num_users:605,errors:18
rt:31.14,through:15.07,tt:0.35,num_interact:226,Intrvl:15,num_users:668,errors:5
rt:41.49,through:11.8,tt:0.34,num_interact:177,Intrvl:15,num_users:549,errors:0
rt:32.82,through:17.47,tt:0.36,num_interact:264,Intrvl:15,num_users:571,errors:20
rt:35.17,through:14.4,tt:0.32,num_interact:216,Intrvl:15,num_users:584,errors:0
rt:33.55,through:16.47,tt:0.32,num_interact:247,Intrvl:15,num_users:587,errors:11
rt:34.58,through:14.33,tt:0.32,num_interact:215,Intrvl:15,num_users:529,errors:0
rt:28.05,through:16.8,tt:0.36,num_interact:252,Intrvl:15,num_users:556,errors:20
rt:34.64,through:14.67,tt:0.35,num_interact:220,Intrvl:15,num_users:612,errors:1
rt:32.53,through:16.2,tt:0.38,num_interact:243,Intrvl:15,num_users:571,errors:9
rt:35.1,through:16.33,tt:0.35,num_interact:245,Intrvl:15,num_users:571,errors:4
rt:31.82,through:13.8,tt:0.33,num_interact:207,Intrvl:15,num_users:526,errors:7
rt:28.33,through:16.13,tt:0.37,num_interact:242,Intrvl:15,num_users:620,errors:9
rt:32.12,through:16.27,tt:0.33,num_interact:244,Intrvl:15,num_users:679,errors:0
rt:35.58,through:14.2,tt:0.32,num_interact:213,Intrvl:15,num_users:564,errors:16
rt:36.81,through:13.4,tt:0.4,num_interact:201,Intrvl:15,num_users:535,errors:0
rt:30.86,through:14.93,tt:0.36,num_interact:224,Intrvl:15,num_users:606,errors:19
rt:35.42,through:16.27,tt:0.43,num_interact:244,Intrvl:15,num_users:629,errors:0
rt:32.99,through:14.73,tt:0.34,num_interact:221,Intrvl:15,num_users:568,errors:16
rt:37.5,through:16.2,tt:0.37,num_interact:243,Intrvl:15,num_users:659,errors:0
rt:31.31,through:15.33,tt:0.39,num_interact:230,Intrvl:15,num_users:624,errors:21
rt:36.27,through:14.67,tt:0.36,num_interact:220,Intrvl:15,num_users:592,errors:1
rt:32.67,through:16.33,tt:0.36,num_interact:245,Intrvl:15,num_users:616,errors:14
rt:37.44,through:15,tt:0.41,num_interact:225,Intrvl:15,num_users:612,errors:1
rt:34.86,through:17.2,tt:0.36,num_interact:258,Intrvl:15,num_users:608,errors:16
rt:31.74,through:15.6,tt:0.33,num_interact:234,Intrvl:15,num_users:617,errors:10
rt:37.84,through:16.13,tt:0.39,num_interact:242,Intrvl:15,num_users:599,errors:1
rt:34.59,through:12.27,tt:0.37,num_interact:184,Intrvl:15,num_users:498,errors:19
rt:33.03,through:17.47,tt:0.4,num_interact:262,Intrvl:15,num_users:564,errors:0
rt:20.57,through:25.93,tt:0.34,num_interact:389,Intrvl:15,num_users:591,errors:13
rt:24.54,through:24.67,tt:0.35,num_interact:370,Intrvl:15,num_users:648,errors:0
rt:22.38,through:22.33,tt:0.33,num_interact:335,Intrvl:15,num_users:531,errors:8
rt:22.41,through:24,tt:0.35,num_interact:360,Intrvl:15,num_users:714,errors:0
rt:22.2,through:25.07,tt:0.37,num_interact:376,Intrvl:15,num_users:690,errors:14
rt:24.78,through:22.67,tt:0.36,num_interact:345,Intrvl:15,num_users:641,errors:0
rt:23.53,through:26.27,tt:0.37,num_interact:394,Intrvl:15,num_users:746,errors:11
rt:25.72,through:23.13,tt:0.36,num_interact:347,Intrvl:15,num_users:703,errors:0
rt:25.76,through:25,tt:0.36,num_interact:375,Intrvl:15,num_users:643,errors:9
rt:24.63,through:22.27,tt:0.32,num_interact:334,Intrvl:15,num_users:732,errors:0
rt:26.99,through:23.53,tt:0.34,num_interact:353,Intrvl:15,num_users:634,errors:7
rt:22.63,through:23.67,tt:0.35,num_interact:355,Intrvl:15,num_users:651,errors:1
rt:24.54,through:24,tt:0.34,num_interact:360,Intrvl:15,num_users:617,errors:9
rt:25.34,through:24.53,tt:0.35,num_interact:368,Intrvl:15,num_users:650,errors:0
rt:25.64,through:22.07,tt:0.35,num_interact:331,Intrvl:15,num_users:567,errors:7
rt:22.68,through:26.13,tt:0.33,num_interact:392,Intrvl:15,num_users:622,errors:2
rt:22.58,through:24,tt:0.37,num_interact:361,Intrvl:15,num_users:694,errors:5
rt:24.03,through:26.4,tt:0.33,num_interact:396,Intrvl:15,num_users:662,errors:0
rt:23.6,through:22.6,tt:0.34,num_interact:340,Intrvl:15,num_users:591,errors:14
rt:22.11,through:22.8,tt:0.35,num_interact:342,Intrvl:15,num_users:717,errors:2
rt:23.93,through:24.47,tt:0.33,num_interact:368,Intrvl:15,num_users:672,errors:9
rt:25.52,through:22.93,tt:0.37,num_interact:344,Intrvl:15,num_users:648,errors:2
rt:24.41,through:24.33,tt:0.35,num_interact:368,Intrvl:15,num_users:634,errors:9
rt:24.74,through:25.2,tt:0.39,num_interact:378,Intrvl:15,num_users:693,errors:1
rt:25.17,through:24.33,tt:0.38,num_interact:365,Intrvl:15,num_users:742,errors:10
rt:25.67,through:22.13,tt:0.36,num_interact:332,Intrvl:15,num_users:601,errors:0
rt:23.03,through:25,tt:0.34,num_interact:375,Intrvl:15,num_users:638,errors:7
rt:23.07,through:23,tt:0.36,num_interact:345,Intrvl:15,num_users:700,errors:2
rt:24.79,through:24.8,tt:0.34,num_interact:372,Intrvl:15,num_users:708,errors:14
rt:25.66,through:23.4,tt:0.33,num_interact:352,Intrvl:15,num_users:673,errors:0
rt:25,through:25.73,tt:0.35,num_interact:386,Intrvl:15,num_users:648,errors:13
rt:25.36,through:22.8,tt:0.34,num_interact:342,Intrvl:15,num_users:673,errors:1
rt:24.2,through:25.47,tt:0.36,num_interact:382,Intrvl:15,num_users:638,errors:15
rt:23.92,through:24.8,tt:0.36,num_interact:373,Intrvl:15,num_users:675,errors:1
rt:25.62,through:22.8,tt:0.37,num_interact:342,Intrvl:15,num_users:731,errors:19
rt:26.21,through:24.33,tt:0.36,num_interact:365,Intrvl:15,num_users:661,errors:1
rt:24.78,through:25.73,tt:0.38,num_interact:386,Intrvl:15,num_users:742,errors:21
rt:28.75,through:22.13,tt:0.34,num_interact:332,Intrvl:15,num_users:654,errors:2
rt:27.97,through:24.6,tt:0.34,num_interact:369,Intrvl:15,num_users:762,errors:8
rt:27.7,through:23.93,tt:0.35,num_interact:359,Intrvl:15,num_users:708,errors:0
rt:25.34,through:22.4,tt:0.37,num_interact:336,Intrvl:15,num_users:643,errors:11
rt:23.96,through:23.33,tt:0.34,num_interact:350,Intrvl:15,num_users:736,errors:2
rt:25.77,through:24.4,tt:0.37,num_interact:366,Intrvl:15,num_users:753,errors:6
rt:27.44,through:25,tt:0.35,num_interact:375,Intrvl:15,num_users:703,errors:0
rt:25.4,through:24.93,tt:0.35,num_interact:374,Intrvl:15,num_users:717,errors:15
rt:28.65,through:20.2,tt:0.36,num_interact:303,Intrvl:15,num_users:655,errors:12
rt:26.25,through:25,tt:0.33,num_interact:431,Intrvl:15,num_users:693,errors:9
rt:24.58,through:29.33,tt:0.33,num_interact:440,Intrvl:15,num_users:640,errors:2
rt:23.51,through:28.6,tt:0.35,num_interact:581,Intrvl:15,num_users:665,errors:5
rt:22.81,through:46.13,tt:0.36,num_interact:863,Intrvl:15,num_users:676,errors:1
rt:24.18,through:50.87,tt:0.36,num_interact:763,Intrvl:15,num_users:686,errors:3
rt:34.61,through:11.93,tt:0.39,num_interact:179,Intrvl:15,num_users:710,errors:0
rt:517.35,through:0.87,tt:0.24,num_interact:22,Intrvl:15,num_users:714,errors:1
rt:569.86,through:2.33,tt:0.33,num_interact:35,Intrvl:15,num_users:636,errors:0
rt:579.57,through:1.67,tt:0.29,num_interact:25,Intrvl:15,num_users:676,errors:0
rt:415.22,through:1.73,tt:0.3,num_interact:26,Intrvl:15,num_users:678,errors:0
rt:467.13,through:23.2,tt:0.37,num_interact:376,Intrvl:15,num_users:711,errors:0
rt:152.39,through:29.13,tt:0.37,num_interact:437,Intrvl:15,num_users:697,errors:0
rt:160.13,through:63.4,tt:0.37,num_interact:986,Intrvl:15,num_users:741,errors:0
rt:252.69,through:70.33,tt:0.35,num_interact:1055,Intrvl:15,num_users:791,errors:30
rt:226.84,through:36.07,tt:0.36,num_interact:595,Intrvl:15,num_users:826,errors:6
rt:197.04,through:2.33,tt:0.4,num_interact:35,Intrvl:15,num_users:739,errors:0
rt:171.91,through:1.93,tt:0.29,num_interact:29,Intrvl:15,num_users:676,errors:0
rt:119.34,through:7.6,tt:0.31,num_interact:114,Intrvl:15,num_users:644,errors:0
rt:102.94,through:13.33,tt:0.36,num_interact:200,Intrvl:15,num_users:672,errors:0
rt:76.2,through:13.07,tt:0.34,num_interact:196,Intrvl:15,num_users:661,errors:0
rt:16.02,through:11.33,tt:0.38,num_interact:170,Intrvl:15,num_users:602,errors:0
rt:12.8,through:13.27,tt:0.38,num_interact:199,Intrvl:15,num_users:666,errors:0
rt:15.51,through:13,tt:0.42,num_interact:195,Intrvl:15,num_users:654,errors:0
rt:14.93,through:13.2,tt:0.36,num_interact:198,Intrvl:15,num_users:713,errors:0
rt:18.19,through:10.47,tt:0.37,num_interact:157,Intrvl:15,num_users:655,errors:0
rt:17.58,through:12.73,tt:0.35,num_interact:191,Intrvl:15,num_users:697,errors:0
rt:17.35,through:13.53,tt:0.42,num_interact:203,Intrvl:15,num_users:732,errors:0
rt:17.76,through:10.27,tt:0.33,num_interact:154,Intrvl:15,num_users:671,errors:0
rt:20.55,through:12.67,tt:0.37,num_interact:190,Intrvl:15,num_users:704,errors:0
rt:17.38,through:10.6,tt:0.32,num_interact:159,Intrvl:15,num_users:641,errors:0
rt:16.78,through:12.27,tt:0.39,num_interact:184,Intrvl:15,num_users:657,errors:0
rt:15.29,through:13.67,tt:0.36,num_interact:205,Intrvl:15,num_users:685,errors:0
rt:16.49,through:13.4,tt:0.39,num_interact:201,Intrvl:15,num_users:722,errors:0
rt:18.76,through:13.4,tt:0.35,num_interact:201,Intrvl:15,num_users:718,errors:0
rt:20.05,through:13.13,tt:0.36,num_interact:197,Intrvl:15,num_users:732,errors:0
rt:19.84,through:11.73,tt:0.35,num_interact:176,Intrvl:15,num_users:699,errors:0
rt:19.19,through:13.2,tt:0.36,num_interact:198,Intrvl:15,num_users:708,errors:0
rt:19.99,through:10.53,tt:0.36,num_interact:158,Intrvl:15,num_users:654,errors:0
rt:17.86,through:11.67,tt:0.33,num_interact:175,Intrvl:15,num_users:633,errors:0
rt:14.13,through:13.2,tt:0.34,num_interact:200,Intrvl:15,num_users:692,errors:0
rt:15.74,through:9,tt:0.37,num_interact:135,Intrvl:15,num_users:610,errors:0
rt:14.77,through:12.67,tt:0.37,num_interact:190,Intrvl:15,num_users:638,errors:0
rt:13.76,through:13.13,tt:0.41,num_interact:197,Intrvl:15,num_users:673,errors:0
rt:15.79,through:12.93,tt:0.38,num_interact:194,Intrvl:15,num_users:664,errors:0
rt:16.01,through:13.47,tt:0.33,num_interact:202,Intrvl:15,num_users:697,errors:0
rt:17.03,through:13.33,tt:0.36,num_interact:200,Intrvl:15,num_users:694,errors:0
rt:18.09,through:13.33,tt:0.33,num_interact:200,Intrvl:15,num_users:774,errors:0
rt:20.15,through:8.67,tt:0.39,num_interact:130,Intrvl:15,num_users:685,errors:0
rt:22.91,through:12.4,tt:0.33,num_interact:186,Intrvl:15,num_users:692,errors:0
rt:19.4,through:10.93,tt:0.31,num_interact:164,Intrvl:15,num_users:647,errors:0
rt:15.82,through:13.13,tt:0.35,num_interact:197,Intrvl:15,num_users:658,errors:0
rt:14.91,through:13.47,tt:0.39,num_interact:202,Intrvl:15,num_users:673,errors:0
rt:15.35,through:9.13,tt:0.39,num_interact:137,Intrvl:15,num_users:594,errors:0
rt:13.76,through:12.47,tt:0.34,num_interact:187,Intrvl:15,num_users:641,errors:0
rt:14.13,through:11,tt:0.35,num_interact:165,Intrvl:15,num_users:584,errors:0
rt:12.03,through:12.53,tt:0.34,num_interact:188,Intrvl:15,num_users:629,errors:0
rt:13.5,through:13.6,tt:0.36,num_interact:204,Intrvl:15,num_users:679,errors:0
rt:15.88,through:8.33,tt:0.37,num_interact:125,Intrvl:15,num_users:578,errors:0
rt:14.02,through:12.33,tt:0.38,num_interact:185,Intrvl:15,num_users:595,errors:0
rt:11.97,through:13.53,tt:0.38,num_interact:203,Intrvl:15,num_users:606,errors:0
rt:12.33,through:13.47,tt:0.36,num_interact:202,Intrvl:15,num_users:720,errors:0
rt:18.88,through:12.53,tt:0.45,num_interact:188,Intrvl:15,num_users:704,errors:0
rt:21.12,through:12.73,tt:0.36,num_interact:191,Intrvl:15,num_users:690,errors:0
rt:19.74,through:11.53,tt:0.39,num_interact:173,Intrvl:15,num_users:655,errors:0
rt:18.49,through:11,tt:0.32,num_interact:165,Intrvl:15,num_users:613,errors:0
rt:15.05,through:12.67,tt:0.32,num_interact:190,Intrvl:15,num_users:708,errors:0
rt:18.08,through:13.47,tt:0.39,num_interact:202,Intrvl:15,num_users:715,errors:0
rt:20.52,through:10.6,tt:0.35,num_interact:159,Intrvl:15,num_users:651,errors:0
rt:19.46,through:12.47,tt:0.31,num_interact:187,Intrvl:15,num_users:661,errors:0
rt:16.93,through:13.07,tt:0.37,num_interact:196,Intrvl:15,num_users:701,errors:0
rt:18.17,through:13.07,tt:0.4,num_interact:196,Intrvl:15,num_users:686,errors:0
rt:19.27,through:12.8,tt:0.39,num_interact:192,Intrvl:15,num_users:704,errors:0
rt:19.16,through:12.47,tt:0.35,num_interact:187,Intrvl:15,num_users:669,errors:0
rt:18.91,through:10.67,tt:0.39,num_interact:160,Intrvl:15,num_users:631,errors:0
rt:16.36,through:12.87,tt:0.33,num_interact:193,Intrvl:15,num_users:671,errors:0
rt:16.08,through:13.53,tt:0.39,num_interact:203,Intrvl:15,num_users:720,errors:0
rt:20.41,through:11.73,tt:0.35,num_interact:176,Intrvl:15,num_users:680,errors:0
rt:20.68,through:12.6,tt:0.36,num_interact:189,Intrvl:15,num_users:708,errors:0
rt:19.86,through:9.6,tt:0.34,num_interact:144,Intrvl:15,num_users:631,errors:2
rt:13.52,through:17.53,tt:0.34,num_interact:263,Intrvl:15,num_users:700,errors:0
rt:8.31,through:19.93,tt:0.38,num_interact:299,Intrvl:15,num_users:613,errors:0
rt:10.47,through:22.6,tt:0.36,num_interact:339,Intrvl:15,num_users:676,errors:0
rt:9.21,through:26.47,tt:0.37,num_interact:397,Intrvl:15,num_users:679,errors:0
rt:9.03,through:25.8,tt:0.33,num_interact:392,Intrvl:15,num_users:676,errors:0
rt:9.55,through:26,tt:0.33,num_interact:390,Intrvl:15,num_users:739,errors:0
rt:11.21,through:24.47,tt:0.37,num_interact:367,Intrvl:15,num_users:710,errors:0
rt:10.8,through:26.07,tt:0.37,num_interact:391,Intrvl:15,num_users:735,errors:0
rt:9.84,through:18.47,tt:0.35,num_interact:277,Intrvl:15,num_users:609,errors:0
rt:8.27,through:25.8,tt:0.38,num_interact:387,Intrvl:15,num_users:710,errors:0
rt:10.04,through:25.27,tt:0.36,num_interact:379,Intrvl:15,num_users:699,errors:0
rt:9.78,through:25.53,tt:0.34,num_interact:383,Intrvl:15,num_users:687,errors:0
rt:10.33,through:25.87,tt:0.38,num_interact:388,Intrvl:15,num_users:755,errors:0
rt:30.32,through:19.53,tt:0.35,num_interact:425,Intrvl:15,num_users:806,errors:0
rt:81.34,through:19.6,tt:0.33,num_interact:294,Intrvl:15,num_users:797,errors:0
rt:26.71,through:25.53,tt:0.37,num_interact:383,Intrvl:15,num_users:770,errors:0
rt:12.43,through:19.2,tt:0.39,num_interact:288,Intrvl:15,num_users:659,errors:0
rt:8.5,through:25,tt:0.35,num_interact:375,Intrvl:15,num_users:640,errors:0
rt:8.63,through:26.07,tt:0.39,num_interact:394,Intrvl:15,num_users:749,errors:0
rt:9.6,through:16.67,tt:0.38,num_interact:250,Intrvl:15,num_users:575,errors:0
rt:7.27,through:16.07,tt:0.38,num_interact:241,Intrvl:15,num_users:792,errors:0
rt:18.77,through:1.73,tt:0.39,num_interact:26,Intrvl:15,num_users:699,errors:0
rt:45.08,through:49.87,tt:0.37,num_interact:748,Intrvl:15,num_users:728,errors:0
rt:11.19,through:26.6,tt:0.35,num_interact:399,Intrvl:15,num_users:717,errors:0
rt:10.08,through:23.2,tt:0.35,num_interact:348,Intrvl:15,num_users:669,errors:0
rt:9.1,through:26,tt:0.38,num_interact:390,Intrvl:15,num_users:699,errors:0
rt:9.11,through:22.8,tt:0.34,num_interact:342,Intrvl:15,num_users:643,errors:0
rt:8.45,through:25.8,tt:0.38,num_interact:387,Intrvl:15,num_users:685,errors:0
rt:8.69,through:23.2,tt:0.37,num_interact:348,Intrvl:15,num_users:630,errors:0
rt:8.34,through:25.67,tt:0.37,num_interact:385,Intrvl:15,num_users:734,errors:0
rt:10.44,through:24,tt:0.37,num_interact:360,Intrvl:15,num_users:692,errors:0
rt:10.15,through:26.33,tt:0.41,num_interact:395,Intrvl:15,num_users:724,errors:0
rt:9.91,through:21.47,tt:0.35,num_interact:322,Intrvl:15,num_users:651,errors:0
rt:8.36,through:26.27,tt:0.39,num_interact:394,Intrvl:15,num_users:662,errors:0
rt:7.5,through:24.67,tt:0.38,num_interact:370,Intrvl:15,num_users:627,errors:0
rt:5.86,through:26.27,tt:0.38,num_interact:394,Intrvl:15,num_users:610,errors:0
rt:8.2,through:24.47,tt:0.37,num_interact:370,Intrvl:15,num_users:673,errors:0
rt:8.09,through:25.8,tt:0.34,num_interact:387,Intrvl:15,num_users:661,errors:0
rt:8.9,through:25.87,tt:0.34,num_interact:388,Intrvl:15,num_users:714,errors:0
rt:8.13,through:24.6,tt:0.33,num_interact:369,Intrvl:15,num_users:651,errors:0
rt:8.13,through:21.73,tt:0.34,num_interact:326,Intrvl:15,num_users:616,errors:0
rt:9.32,through:23.6,tt:0.38,num_interact:354,Intrvl:15,num_users:687,errors:0
rt:8.99,through:26.8,tt:0.34,num_interact:402,Intrvl:15,num_users:693,errors:0
rt:7.99,through:25.4,tt:0.36,num_interact:381,Intrvl:15,num_users:652,errors:0
rt:10.1,through:23.93,tt:0.39,num_interact:360,Intrvl:15,num_users:736,errors:0
rt:8.5,through:22.8,tt:0.37,num_interact:342,Intrvl:15,num_users:648,errors:0
rt:8.58,through:24.73,tt:0.36,num_interact:371,Intrvl:15,num_users:671,errors:0
rt:10.12,through:25.4,tt:0.34,num_interact:381,Intrvl:15,num_users:745,errors:0
rt:10.1,through:24.07,tt:0.35,num_interact:361,Intrvl:15,num_users:699,errors:0
rt:9.09,through:25.2,tt:0.39,num_interact:382,Intrvl:15,num_users:689,errors:7
rt:9.71,through:28.07,tt:0.33,num_interact:421,Intrvl:15,num_users:697,errors:0
rt:7.08,through:35.73,tt:0.34,num_interact:536,Intrvl:15,num_users:683,errors:0
rt:8.38,through:32.07,tt:0.36,num_interact:502,Intrvl:15,num_users:710,errors:0
rt:6.85,through:35.67,tt:0.35,num_interact:576,Intrvl:15,num_users:675,errors:0
rt:6.4,through:34.73,tt:0.36,num_interact:521,Intrvl:15,num_users:672,errors:0
rt:6.13,through:37.8,tt:0.34,num_interact:567,Intrvl:15,num_users:671,errors:0
rt:5.89,through:33.27,tt:0.36,num_interact:499,Intrvl:15,num_users:640,errors:0
rt:3.54,through:36.8,tt:0.34,num_interact:552,Intrvl:15,num_users:567,errors:0
rt:3.71,through:38.47,tt:0.33,num_interact:577,Intrvl:15,num_users:592,errors:0
rt:3.9,through:39.13,tt:0.35,num_interact:587,Intrvl:15,num_users:598,errors:0
rt:3.43,through:36,tt:0.35,num_interact:540,Intrvl:15,num_users:546,errors:0
rt:5.28,through:35.87,tt:0.38,num_interact:538,Intrvl:15,num_users:648,errors:0
rt:6.91,through:30.6,tt:0.4,num_interact:467,Intrvl:15,num_users:707,errors:0
rt:6.05,through:35.6,tt:0.33,num_interact:534,Intrvl:15,num_users:599,errors:0
rt:5.66,through:33.73,tt:0.37,num_interact:506,Intrvl:15,num_users:664,errors:0
rt:62.07,through:147.53,tt:0.36,num_interact:2213,Intrvl:15,num_users:721,errors:0
rt:142.62,through:85.73,tt:0.37,num_interact:1286,Intrvl:15,num_users:774,errors:0
rt:135.16,through:3.07,tt:0.44,num_interact:46,Intrvl:15,num_users:634,errors:0
rt:82.46,through:4.8,tt:0.39,num_interact:72,Intrvl:15,num_users:596,errors:0
rt:15.13,through:30,tt:0.38,num_interact:450,Intrvl:15,num_users:683,errors:0
rt:12.32,through:14.93,tt:0.34,num_interact:224,Intrvl:15,num_users:627,errors:0
rt:3.78,through:36.13,tt:0.35,num_interact:567,Intrvl:15,num_users:599,errors:0
rt:4.4,through:35.4,tt:0.36,num_interact:533,Intrvl:15,num_users:651,errors:0
rt:4.64,through:40.4,tt:0.36,num_interact:627,Intrvl:15,num_users:655,errors:0
rt:5.14,through:31.67,tt:0.33,num_interact:475,Intrvl:15,num_users:648,errors:0
rt:3.77,through:35.73,tt:0.38,num_interact:536,Intrvl:15,num_users:606,errors:0
rt:4.34,through:35,tt:0.38,num_interact:525,Intrvl:15,num_users:633,errors:0
rt:4.48,through:35.13,tt:0.37,num_interact:527,Intrvl:15,num_users:640,errors:0
rt:4.12,through:36.33,tt:0.36,num_interact:545,Intrvl:15,num_users:623,errors:0
rt:3.87,through:39.33,tt:0.36,num_interact:590,Intrvl:15,num_users:622,errors:0
rt:3.87,through:35,tt:0.33,num_interact:525,Intrvl:15,num_users:624,errors:0
rt:3.54,through:38.13,tt:0.34,num_interact:572,Intrvl:15,num_users:603,errors:0
rt:3.92,through:34.47,tt:0.37,num_interact:519,Intrvl:15,num_users:623,errors:0
rt:4.54,through:35.4,tt:0.37,num_interact:531,Intrvl:15,num_users:647,errors:0
rt:3.15,through:37.2,tt:0.35,num_interact:558,Intrvl:15,num_users:587,errors:0
rt:2.67,through:36.8,tt:0.35,num_interact:552,Intrvl:15,num_users:574,errors:0
rt:2.36,through:34.07,tt:0.35,num_interact:511,Intrvl:15,num_users:543,errors:0
rt:4.7,through:33.33,tt:0.39,num_interact:500,Intrvl:15,num_users:644,errors:0
rt:3.22,through:30.67,tt:0.34,num_interact:461,Intrvl:15,num_users:566,errors:0
rt:4.5,through:22,tt:0.36,num_interact:330,Intrvl:15,num_users:554,errors:0
rt:5.45,through:24,tt:0.36,num_interact:361,Intrvl:15,num_users:598,errors:0
rt:3.68,through:23.6,tt:0.33,num_interact:354,Intrvl:15,num_users:543,errors:0
rt:5.56,through:22.6,tt:0.39,num_interact:339,Intrvl:15,num_users:595,errors:0
rt:4.07,through:24.33,tt:0.34,num_interact:365,Intrvl:15,num_users:556,errors:0
rt:3.85,through:22.27,tt:0.33,num_interact:334,Intrvl:15,num_users:542,errors:0
rt:3.73,through:24.53,tt:0.37,num_interact:368,Intrvl:15,num_users:545,errors:0
rt:3.53,through:24,tt:0.35,num_interact:360,Intrvl:15,num_users:542,errors:0
rt:6.02,through:23,tt:0.38,num_interact:345,Intrvl:15,num_users:622,errors:0
rt:5.7,through:23.6,tt:0.33,num_interact:354,Intrvl:15,num_users:591,errors:0
rt:4.51,through:25.8,tt:0.37,num_interact:387,Intrvl:15,num_users:580,errors:0
rt:7.28,through:23,tt:0.4,num_interact:345,Intrvl:15,num_users:661,errors:0
rt:7.78,through:24.53,tt:0.35,num_interact:368,Intrvl:15,num_users:652,errors:0
rt:5.72,through:23.47,tt:0.35,num_interact:352,Intrvl:15,num_users:599,errors:0
rt:6.53,through:24.13,tt:0.37,num_interact:362,Intrvl:15,num_users:630,errors:0
rt:9.98,through:23.07,tt:0.4,num_interact:346,Intrvl:15,num_users:783,errors:0
rt:9.51,through:19.2,tt:0.37,num_interact:288,Intrvl:15,num_users:636,errors:0
rt:9.67,through:21.8,tt:0.39,num_interact:327,Intrvl:15,num_users:707,errors:0
rt:7.82,through:24.53,tt:0.35,num_interact:368,Intrvl:15,num_users:657,errors:0
rt:8.58,through:24,tt:0.38,num_interact:360,Intrvl:15,num_users:687,errors:0
rt:8.54,through:17.93,tt:0.36,num_interact:269,Intrvl:15,num_users:605,errors:0
rt:8,through:19.73,tt:0.31,num_interact:296,Intrvl:15,num_users:592,errors:0
rt:5.98,through:24.33,tt:0.34,num_interact:365,Intrvl:15,num_users:595,errors:0
rt:7.04,through:23,tt:0.35,num_interact:345,Intrvl:15,num_users:626,errors:0
rt:7.19,through:25.33,tt:0.35,num_interact:380,Intrvl:15,num_users:643,errors:0
rt:6.47,through:24.73,tt:0.35,num_interact:371,Intrvl:15,num_users:627,errors:0
rt:6.83,through:24.6,tt:0.36,num_interact:369,Intrvl:15,num_users:627,errors:0
rt:6.61,through:17.07,tt:0.34,num_interact:256,Intrvl:15,num_users:567,errors:0
rt:5.64,through:24.87,tt:0.38,num_interact:373,Intrvl:15,num_users:589,errors:0
rt:6.41,through:23.4,tt:0.33,num_interact:351,Intrvl:15,num_users:626,errors:0
rt:5.74,through:25.47,tt:0.36,num_interact:382,Intrvl:15,num_users:606,errors:0
rt:5.51,through:20.93,tt:0.35,num_interact:314,Intrvl:15,num_users:571,errors:0
rt:5.42,through:23,tt:0.32,num_interact:345,Intrvl:15,num_users:568,errors:0
rt:4.44,through:24.27,tt:0.35,num_interact:364,Intrvl:15,num_users:568,errors:0
rt:5.29,through:24.07,tt:0.36,num_interact:361,Intrvl:15,num_users:582,errors:0
rt:4.8,through:25.47,tt:0.36,num_interact:382,Intrvl:15,num_users:584,errors:0
rt:4.31,through:19.2,tt:0.34,num_interact:288,Intrvl:15,num_users:505,errors:0
rt:6.01,through:22.67,tt:0.38,num_interact:340,Intrvl:15,num_users:592,errors:0
rt:7.71,through:24.6,tt:0.4,num_interact:369,Intrvl:15,num_users:662,errors:0
rt:8.19,through:20.33,tt:0.36,num_interact:305,Intrvl:15,num_users:581,errors:0
rt:7.86,through:23.6,tt:0.4,num_interact:354,Intrvl:15,num_users:711,errors:0
rt:11.66,through:25.67,tt:0.4,num_interact:385,Intrvl:15,num_users:750,errors:0
rt:12.61,through:22.13,tt:0.38,num_interact:332,Intrvl:15,num_users:704,errors:0
rt:10.69,through:21,tt:0.32,num_interact:315,Intrvl:15,num_users:638,errors:0
rt:7.94,through:25.07,tt:0.33,num_interact:376,Intrvl:15,num_users:627,errors:0
rt:6.95,through:24,tt:0.37,num_interact:360,Intrvl:15,num_users:608,errors:0
rt:8.27,through:24.73,tt:0.34,num_interact:371,Intrvl:15,num_users:631,errors:0
rt:8.93,through:23.2,tt:0.33,num_interact:348,Intrvl:15,num_users:666,errors:0
rt:7.47,through:16.8,tt:0.33,num_interact:252,Intrvl:15,num_users:557,errors:0
rt:9.98,through:21,tt:0.39,num_interact:315,Intrvl:15,num_users:668,errors:0
rt:8.54,through:23.27,tt:0.38,num_interact:351,Intrvl:15,num_users:633,errors:0
rt:7,through:25.53,tt:0.35,num_interact:383,Intrvl:15,num_users:609,errors:0
rt:7.97,through:23.67,tt:0.35,num_interact:355,Intrvl:15,num_users:638,errors:0
rt:7.58,through:22.33,tt:0.34,num_interact:335,Intrvl:15,num_users:595,errors:0
rt:7.9,through:22.47,tt:0.33,num_interact:337,Intrvl:15,num_users:592,errors:0
rt:8.26,through:23.53,tt:0.39,num_interact:353,Intrvl:15,num_users:633,errors:0
rt:7.22,through:24.93,tt:0.36,num_interact:374,Intrvl:15,num_users:617,errors:0
rt:7.48,through:24.87,tt:0.35,num_interact:373,Intrvl:15,num_users:624,errors:0
rt:7.91,through:22.33,tt:0.34,num_interact:335,Intrvl:15,num_users:599,errors:0
rt:7.61,through:18.8,tt:0.32,num_interact:282,Intrvl:15,num_users:557,errors:0
rt:7.28,through:23.33,tt:0.36,num_interact:350,Intrvl:15,num_users:605,errors:0
rt:8.38,through:24.33,tt:0.4,num_interact:365,Intrvl:15,num_users:666,errors:0
rt:9.31,through:24.07,tt:0.35,num_interact:361,Intrvl:15,num_users:658,errors:0
rt:7.25,through:23.4,tt:0.37,num_interact:351,Intrvl:15,num_users:601,errors:0
rt:7.67,through:23.33,tt:0.37,num_interact:350,Intrvl:15,num_users:608,errors:8
rt:8,through:21.2,tt:0.34,num_interact:318,Intrvl:15,num_users:605,errors:0
rt:6.95,through:23.13,tt:0.36,num_interact:347,Intrvl:15,num_users:557,errors:0
rt:5.94,through:31.93,tt:0.39,num_interact:479,Intrvl:15,num_users:665,errors:0
rt:5.39,through:32.4,tt:0.34,num_interact:486,Intrvl:15,num_users:644,errors:0
rt:4.87,through:23.6,tt:0.33,num_interact:354,Intrvl:15,num_users:585,errors:0
rt:7.85,through:18.07,tt:0.34,num_interact:271,Intrvl:15,num_users:540,errors:0
rt:5.76,through:29.53,tt:0.38,num_interact:443,Intrvl:15,num_users:638,errors:0
rt:5.3,through:30.87,tt:0.35,num_interact:463,Intrvl:15,num_users:659,errors:0
rt:7.19,through:12.87,tt:0.4,num_interact:193,Intrvl:15,num_users:531,errors:0
rt:6.06,through:27.87,tt:0.4,num_interact:418,Intrvl:15,num_users:640,errors:0
rt:7.08,through:17.2,tt:0.37,num_interact:258,Intrvl:15,num_users:570,errors:0
rt:8.07,through:19.13,tt:0.35,num_interact:287,Intrvl:15,num_users:566,errors:0
rt:6.55,through:30.4,tt:0.36,num_interact:456,Intrvl:15,num_users:627,errors:0
rt:5.61,through:24.6,tt:0.34,num_interact:369,Intrvl:15,num_users:602,errors:0
rt:7.11,through:16.73,tt:0.38,num_interact:251,Intrvl:15,num_users:547,errors:0
rt:5.81,through:30.6,tt:0.33,num_interact:459,Intrvl:15,num_users:634,errors:0
rt:6.08,through:28.67,tt:0.36,num_interact:430,Intrvl:15,num_users:645,errors:0
rt:6.16,through:29.13,tt:0.37,num_interact:437,Intrvl:15,num_users:687,errors:0
rt:8.55,through:22.87,tt:0.32,num_interact:343,Intrvl:15,num_users:636,errors:0
rt:8.58,through:23.2,tt:0.38,num_interact:348,Intrvl:15,num_users:652,errors:0
rt:9.85,through:21.13,tt:0.32,num_interact:317,Intrvl:15,num_users:634,errors:0
rt:9.87,through:25.53,tt:0.4,num_interact:383,Intrvl:15,num_users:641,errors:0
rt:8.54,through:25.2,tt:0.36,num_interact:378,Intrvl:15,num_users:644,errors:0
rt:8.96,through:28.53,tt:0.37,num_interact:428,Intrvl:15,num_users:725,errors:0
rt:7.13,through:29.53,tt:0.35,num_interact:443,Intrvl:15,num_users:676,errors:0
rt:9.17,through:15.67,tt:0.32,num_interact:235,Intrvl:15,num_users:623,errors:0
rt:8.44,through:27.53,tt:0.4,num_interact:413,Intrvl:15,num_users:692,errors:0
rt:10.07,through:31.27,tt:0.38,num_interact:469,Intrvl:15,num_users:771,errors:0
rt:9.43,through:24.33,tt:0.34,num_interact:365,Intrvl:15,num_users:720,errors:0
rt:11.01,through:21.93,tt:0.36,num_interact:329,Intrvl:15,num_users:665,errors:2
rt:10.49,through:16.13,tt:0.34,num_interact:242,Intrvl:15,num_users:612,errors:0
rt:12.7,through:17.27,tt:0.39,num_interact:259,Intrvl:15,num_users:612,errors:0
rt:8.29,through:27.4,tt:0.39,num_interact:411,Intrvl:15,num_users:650,errors:0
rt:7.7,through:29.4,tt:0.39,num_interact:441,Intrvl:15,num_users:680,errors:2
rt:7.99,through:30.73,tt:0.38,num_interact:461,Intrvl:15,num_users:750,errors:0
rt:8.1,through:24.33,tt:0.37,num_interact:365,Intrvl:15,num_users:668,errors:0
rt:12.23,through:14.67,tt:0.39,num_interact:220,Intrvl:15,num_users:589,errors:0
rt:7.16,through:24.27,tt:0.37,num_interact:364,Intrvl:15,num_users:657,errors:0
rt:11.21,through:14.47,tt:0.35,num_interact:217,Intrvl:15,num_users:566,errors:4
rt:7.62,through:20.6,tt:0.38,num_interact:309,Intrvl:15,num_users:616,errors:0
rt:7.76,through:29.53,tt:0.37,num_interact:443,Intrvl:15,num_users:675,errors:3
rt:7.72,through:24.07,tt:0.34,num_interact:361,Intrvl:15,num_users:643,errors:0
rt:9.32,through:15.93,tt:0.34,num_interact:239,Intrvl:15,num_users:567,errors:0
rt:8.97,through:17.27,tt:0.36,num_interact:259,Intrvl:15,num_users:568,errors:0
rt:9.09,through:28.13,tt:0.38,num_interact:422,Intrvl:15,num_users:707,errors:0
rt:7.42,through:30.67,tt:0.36,num_interact:461,Intrvl:15,num_users:725,errors:6
rt:6.15,through:25.13,tt:0.31,num_interact:377,Intrvl:15,num_users:627,errors:0
rt:6.64,through:28.6,tt:0.35,num_interact:429,Intrvl:15,num_users:609,errors:0
rt:6.2,through:32.33,tt:0.36,num_interact:485,Intrvl:15,num_users:634,errors:0
rt:5.95,through:20.87,tt:0.34,num_interact:313,Intrvl:15,num_users:543,errors:0
rt:5.97,through:30.27,tt:0.37,num_interact:454,Intrvl:15,num_users:622,errors:0
rt:5.98,through:32.93,tt:0.33,num_interact:494,Intrvl:15,num_users:617,errors:0
rt:4.27,through:31.73,tt:0.37,num_interact:476,Intrvl:15,num_users:570,errors:0
rt:4.51,through:32.93,tt:0.32,num_interact:494,Intrvl:15,num_users:589,errors:0
rt:5.41,through:32,tt:0.34,num_interact:480,Intrvl:15,num_users:624,errors:0
rt:5.35,through:31.47,tt:0.35,num_interact:472,Intrvl:15,num_users:584,errors:0
rt:4.31,through:35.13,tt:0.37,num_interact:527,Intrvl:15,num_users:596,errors:0
rt:4.18,through:24.93,tt:0.31,num_interact:374,Intrvl:15,num_users:526,errors:0
rt:4.89,through:32.93,tt:0.34,num_interact:494,Intrvl:15,num_users:619,errors:0
rt:5.62,through:36.07,tt:0.36,num_interact:543,Intrvl:15,num_users:666,errors:0
rt:6.02,through:28.47,tt:0.35,num_interact:427,Intrvl:15,num_users:606,errors:0
rt:7.3,through:32.33,tt:0.39,num_interact:485,Intrvl:15,num_users:701,errors:0
rt:6.27,through:32.8,tt:0.35,num_interact:493,Intrvl:15,num_users:644,errors:0
rt:6.1,through:27.87,tt:0.38,num_interact:418,Intrvl:15,num_users:592,errors:0
rt:5.32,through:31.87,tt:0.37,num_interact:478,Intrvl:15,num_users:591,errors:0
rt:5.15,through:36.07,tt:0.36,num_interact:541,Intrvl:15,num_users:630,errors:0
rt:5.53,through:35.8,tt:0.38,num_interact:537,Intrvl:15,num_users:658,errors:0
rt:6.67,through:32.07,tt:0.35,num_interact:481,Intrvl:15,num_users:645,errors:0
rt:5.61,through:26.13,tt:0.34,num_interact:392,Intrvl:15,num_users:571,errors:0
rt:4.65,through:32.93,tt:0.33,num_interact:494,Intrvl:15,num_users:588,errors:0
rt:4.94,through:37.07,tt:0.36,num_interact:556,Intrvl:15,num_users:651,errors:0
rt:6.44,through:34.27,tt:0.38,num_interact:514,Intrvl:15,num_users:655,errors:0
rt:6.41,through:32.4,tt:0.33,num_interact:486,Intrvl:15,num_users:641,errors:0
rt:6.33,through:35.67,tt:0.38,num_interact:535,Intrvl:15,num_users:666,errors:0
rt:6.76,through:36.07,tt:0.35,num_interact:541,Intrvl:15,num_users:692,errors:0
rt:7.04,through:25.13,tt:0.35,num_interact:377,Intrvl:15,num_users:609,errors:0
rt:6.23,through:31.93,tt:0.34,num_interact:479,Intrvl:15,num_users:608,errors:0
rt:7.41,through:31.07,tt:0.34,num_interact:466,Intrvl:15,num_users:715,errors:0
rt:5.27,through:31.2,tt:0.34,num_interact:468,Intrvl:15,num_users:601,errors:0
rt:5.5,through:34.53,tt:0.36,num_interact:519,Intrvl:15,num_users:626,errors:0
rt:5.78,through:35.07,tt:0.35,num_interact:526,Intrvl:15,num_users:644,errors:0
rt:6.21,through:31.13,tt:0.38,num_interact:467,Intrvl:15,num_users:624,errors:0
rt:3.09,through:20.87,tt:0.34,num_interact:313,Intrvl:15,num_users:400,errors:0
rt:3.24,through:33,tt:0.37,num_interact:495,Intrvl:15,num_users:482,errors:0
rt:2.45,through:27.53,tt:0.35,num_interact:413,Intrvl:15,num_users:398,errors:0
rt:2.49,through:32,tt:0.35,num_interact:480,Intrvl:15,num_users:449,errors:0
rt:3.3,through:33.73,tt:0.33,num_interact:506,Intrvl:15,num_users:444,errors:0
rt:1.88,through:32.93,tt:0.36,num_interact:494,Intrvl:15,num_users:403,errors:0
rt:3.34,through:32.73,tt:0.41,num_interact:492,Intrvl:15,num_users:486,errors:11
rt:3.74,through:34.53,tt:0.36,num_interact:519,Intrvl:15,num_users:461,errors:0
rt:2.52,through:41.73,tt:0.35,num_interact:626,Intrvl:15,num_users:447,errors:0
rt:3.64,through:41.2,tt:0.36,num_interact:618,Intrvl:15,num_users:529,errors:0
rt:3.65,through:39,tt:0.35,num_interact:601,Intrvl:15,num_users:480,errors:0
rt:2.26,through:41.87,tt:0.34,num_interact:628,Intrvl:15,num_users:440,errors:0
rt:1.88,through:41.47,tt:0.37,num_interact:622,Intrvl:15,num_users:423,errors:0
rt:1.99,through:41.4,tt:0.37,num_interact:621,Intrvl:15,num_users:433,errors:0
rt:2.53,through:40.6,tt:0.36,num_interact:609,Intrvl:15,num_users:463,errors:0
rt:3.05,through:42.13,tt:0.35,num_interact:632,Intrvl:15,num_users:475,errors:0
rt:1.65,through:37.87,tt:0.34,num_interact:568,Intrvl:15,num_users:409,errors:0
rt:2.98,through:40.53,tt:0.36,num_interact:608,Intrvl:15,num_users:479,errors:0
rt:2.32,through:41,tt:0.34,num_interact:615,Intrvl:15,num_users:441,errors:0
rt:2.47,through:42.47,tt:0.35,num_interact:637,Intrvl:15,num_users:452,errors:0
rt:2.65,through:43.6,tt:0.36,num_interact:654,Intrvl:15,num_users:458,errors:0
rt:2.09,through:40.73,tt:0.37,num_interact:611,Intrvl:15,num_users:437,errors:0
rt:1.73,through:34.73,tt:0.39,num_interact:521,Intrvl:15,num_users:402,errors:0
rt:1.63,through:41.33,tt:0.37,num_interact:620,Intrvl:15,num_users:417,errors:0
rt:2.64,through:41.47,tt:0.39,num_interact:622,Intrvl:15,num_users:468,errors:0
rt:3.19,through:41.27,tt:0.35,num_interact:619,Intrvl:15,num_users:489,errors:0
rt:2.84,through:41.8,tt:0.35,num_interact:627,Intrvl:15,num_users:469,errors:0
rt:1.85,through:40.4,tt:0.31,num_interact:606,Intrvl:15,num_users:413,errors:0
rt:1.51,through:41.13,tt:0.35,num_interact:618,Intrvl:15,num_users:410,errors:0
rt:3.03,through:41.2,tt:0.37,num_interact:618,Intrvl:15,num_users:487,errors:0
rt:1.93,through:39.47,tt:0.36,num_interact:592,Intrvl:15,num_users:419,errors:0
rt:2.53,through:40.27,tt:0.37,num_interact:604,Intrvl:15,num_users:458,errors:0
rt:2.61,through:43.93,tt:0.33,num_interact:659,Intrvl:15,num_users:459,errors:0
rt:3.8,through:39.53,tt:0.36,num_interact:593,Intrvl:15,num_users:532,errors:0
rt:2.36,through:37,tt:0.34,num_interact:561,Intrvl:15,num_users:424,errors:0
rt:2.25,through:41.53,tt:0.37,num_interact:623,Intrvl:15,num_users:451,errors:0
rt:2.07,through:42.27,tt:0.34,num_interact:634,Intrvl:15,num_users:426,errors:0
rt:3.71,through:39.67,tt:0.37,num_interact:595,Intrvl:15,num_users:554,errors:0
rt:4.2,through:36.6,tt:0.34,num_interact:557,Intrvl:15,num_users:479,errors:0
rt:2.67,through:44.07,tt:0.35,num_interact:661,Intrvl:15,num_users:465,errors:0
rt:4.04,through:39.27,tt:0.36,num_interact:589,Intrvl:15,num_users:529,errors:0
rt:4.67,through:43.73,tt:0.36,num_interact:656,Intrvl:15,num_users:563,errors:0
rt:3.84,through:36.33,tt:0.34,num_interact:545,Intrvl:15,num_users:468,errors:0
rt:4.18,through:40.73,tt:0.37,num_interact:611,Intrvl:15,num_users:550,errors:0
rt:3.61,through:38.67,tt:0.33,num_interact:580,Intrvl:15,num_users:473,errors:0
rt:2.31,through:41.73,tt:0.34,num_interact:626,Intrvl:15,num_users:444,errors:0
Terminating EBs...
EB TPCW Broswing Mix EB #121commiting suicide!
EB TPCW Broswing Mix EB #15590commiting suicide!
EB TPCW Broswing Mix EB #309commiting suicide!
EB TPCW Broswing Mix EB #2996commiting suicide!
EB TPCW Broswing Mix EB #15502commiting suicide!
EB TPCW Broswing Mix EB #231commiting suicide!
EB TPCW Broswing Mix EB #259commiting suicide!
EB TPCW Broswing Mix EB #196commiting suicide!
EB TPCW Broswing Mix EB #15503commiting suicide!
EB TPCW Broswing Mix EB #307commiting suicide!
EB TPCW Broswing Mix EB #15775commiting suicide!
EB TPCW Broswing Mix EB #148commiting suicide!
EB TPCW Broswing Mix EB #61commiting suicide!
EB TPCW Broswing Mix EB #1655commiting suicide!
EB TPCW Broswing Mix EB #265commiting suicide!
EB TPCW Broswing Mix EB #315commiting suicide!
EB TPCW Broswing Mix EB #224commiting suicide!
EB TPCW Broswing Mix EB #188commiting suicide!
EB TPCW Broswing Mix EB #15805commiting suicide!
EB TPCW Broswing Mix EB #171commiting suicide!
EB TPCW Broswing Mix EB #160commiting suicide!
EB TPCW Broswing Mix EB #274commiting suicide!
EB TPCW Broswing Mix EB #79commiting suicide!
EB TPCW Broswing Mix EB #15818commiting suicide!
EB TPCW Broswing Mix EB #299commiting suicide!
EB TPCW Broswing Mix EB #15816commiting suicide!
EB TPCW Broswing Mix EB #241commiting suicide!
EB TPCW Broswing Mix EB #15811commiting suicide!
EB TPCW Broswing Mix EB #15815commiting suicide!
EB TPCW Broswing Mix EB #15504commiting suicide!
EB TPCW Broswing Mix EB #74commiting suicide!
EB TPCW Broswing Mix EB #15584commiting suicide!
EB TPCW Broswing Mix EB #229commiting suicide!
EB TPCW Broswing Mix EB #15499commiting suicide!
EB TPCW Broswing Mix EB #15589commiting suicide!
EB TPCW Broswing Mix EB #255commiting suicide!
EB TPCW Broswing Mix EB #15592commiting suicide!
EB TPCW Broswing Mix EB #15806commiting suicide!
EB TPCW Broswing Mix EB #209commiting suicide!
EB TPCW Broswing Mix EB #15665commiting suicide!
EB TPCW Broswing Mix EB #151commiting suicide!
EB TPCW Broswing Mix EB #94commiting suicide!
EB TPCW Broswing Mix EB #15809commiting suicide!
EB TPCW Broswing Mix EB #15802commiting suicide!
EB TPCW Broswing Mix EB #15817commiting suicide!
EB TPCW Broswing Mix EB #15663commiting suicide!
EB TPCW Broswing Mix EB #15498commiting suicide!
EB TPCW Broswing Mix EB #232commiting suicide!
EB TPCW Broswing Mix EB #102commiting suicide!
EB TPCW Broswing Mix EB #1482commiting suicide!
EB TPCW Broswing Mix EB #15774commiting suicide!
EB TPCW Broswing Mix EB #322commiting suicide!
EB TPCW Broswing Mix EB #178commiting suicide!
EB TPCW Broswing Mix EB #128commiting suicide!
EB TPCW Broswing Mix EB #34commiting suicide!
EB TPCW Broswing Mix EB #15807commiting suicide!
EB TPCW Broswing Mix EB #15497commiting suicide!
EB TPCW Broswing Mix EB #15587commiting suicide!
EB TPCW Broswing Mix EB #296commiting suicide!
EB TPCW Broswing Mix EB #267commiting suicide!
EB TPCW Broswing Mix EB #2994commiting suicide!
EB TPCW Broswing Mix EB #15804commiting suicide!
EB TPCW Broswing Mix EB #87commiting suicide!
EB TPCW Broswing Mix EB #15144commiting suicide!
EB TPCW Broswing Mix EB #59commiting suicide!
EB TPCW Broswing Mix EB #15813commiting suicide!
EB TPCW Broswing Mix EB #15808commiting suicide!
EB TPCW Broswing Mix EB #15662commiting suicide!
EB TPCW Broswing Mix EB #129commiting suicide!
EB TPCW Broswing Mix EB #308commiting suicide!
EB TPCW Broswing Mix EB #191commiting suicide!
EB TPCW Broswing Mix EB #200commiting suicide!
EB TPCW Broswing Mix EB #321commiting suicide!
EB TPCW Broswing Mix EB #15661commiting suicide!
EB TPCW Broswing Mix EB #193commiting suicide!
EB TPCW Broswing Mix EB #491commiting suicide!
EB TPCW Broswing Mix EB #15591commiting suicide!
EB TPCW Broswing Mix EB #114commiting suicide!
EB TPCW Broswing Mix EB #673commiting suicide!
EB TPCW Broswing Mix EB #153commiting suicide!
EB TPCW Broswing Mix EB #318commiting suicide!
EB TPCW Broswing Mix EB #15588commiting suicide!
EB TPCW Broswing Mix EB #122commiting suicide!
EB TPCW Broswing Mix EB #2998commiting suicide!
EB TPCW Broswing Mix EB #251commiting suicide!
EB TPCW Broswing Mix EB #15664commiting suicide!
EB TPCW Broswing Mix EB #15501commiting suicide!
EB TPCW Broswing Mix EB #284commiting suicide!
EB TPCW Broswing Mix EB #15142commiting suicide!
EB TPCW Broswing Mix EB #1648commiting suicide!
EB TPCW Broswing Mix EB #15500commiting suicide!
EB TPCW Broswing Mix EB #15814commiting suicide!
EB TPCW Broswing Mix EB #118commiting suicide!
EB TPCW Broswing Mix EB #15143commiting suicide!
EB TPCW Broswing Mix EB #289commiting suicide!
EB TPCW Broswing Mix EB #185commiting suicide!
EB TPCW Broswing Mix EB #295commiting suicide!
EB TPCW Broswing Mix EB #198commiting suicide!
EB TPCW Broswing Mix EB #15812commiting suicide!
EB TPCW Broswing Mix EB #15586commiting suicide!
EB TPCW Broswing Mix EB #157commiting suicide!
EB TPCW Broswing Mix EB #15810commiting suicide!
EB TPCW Broswing Mix EB #15585commiting suicide!
EB TPCW Broswing Mix EB #15801commiting suicide!
EB TPCW Broswing Mix EB #15803commiting suicide!
EB TPCW Broswing Mix EB #678commiting suicide!
EBs finished.
Really finishing RBE!.
