Remote Browser Emulator for TPC-W.
  ECE 902  Fall '99
  Version 1.5
System's current path is /root/loadtest
rt:0.09,through:2.6,tt:0.3,num_interact:39,Intrvl:15,num_users:1,errors:0
rt:1.14,through:12.07,tt:0.38,num_interact:181,Intrvl:15,num_users:20,errors:0
rt:5.08,through:11.93,tt:0.36,num_interact:179,Intrvl:15,num_users:80,errors:0
rt:6.89,through:13.53,tt:0.38,num_interact:203,Intrvl:15,num_users:120,errors:0
rt:9.39,through:13.6,tt:0.36,num_interact:204,Intrvl:15,num_users:180,errors:0
rt:12.53,through:13.53,tt:0.41,num_interact:203,Intrvl:15,num_users:240,errors:0
rt:16.2,through:13.6,tt:0.4,num_interact:204,Intrvl:15,num_users:280,errors:0
rt:18.03,through:13.47,tt:0.37,num_interact:202,Intrvl:15,num_users:310,errors:0
rt:22.8,through:13.8,tt:0.37,num_interact:207,Intrvl:15,num_users:370,errors:0
rt:25.31,through:13.33,tt:0.39,num_interact:200,Intrvl:15,num_users:440,errors:0
rt:28.19,through:13.4,tt:0.33,num_interact:201,Intrvl:15,num_users:484,errors:0
rt:30.56,through:13.87,tt:0.41,num_interact:208,Intrvl:15,num_users:487,errors:0
rt:33.91,through:13.2,tt:0.4,num_interact:198,Intrvl:15,num_users:479,errors:0
rt:36.33,through:13.33,tt:0.35,num_interact:200,Intrvl:15,num_users:574,errors:0
rt:36.09,through:13.6,tt:0.35,num_interact:204,Intrvl:15,num_users:500,errors:0
rt:37.89,through:7.87,tt:0.33,num_interact:118,Intrvl:15,num_users:458,errors:0
rt:40.4,through:11.13,tt:0.36,num_interact:167,Intrvl:15,num_users:409,errors:0
rt:39.88,through:11.87,tt:0.37,num_interact:178,Intrvl:15,num_users:426,errors:0
rt:35.21,through:12.87,tt:0.4,num_interact:193,Intrvl:15,num_users:494,errors:0
rt:33.69,through:13.67,tt:0.4,num_interact:205,Intrvl:15,num_users:515,errors:0
rt:35.6,through:13.33,tt:0.39,num_interact:200,Intrvl:15,num_users:489,errors:0
rt:35.5,through:12.07,tt:0.34,num_interact:181,Intrvl:15,num_users:444,errors:0
rt:38.26,through:10.8,tt:0.3,num_interact:162,Intrvl:15,num_users:454,errors:0
rt:37.19,through:13.13,tt:0.34,num_interact:197,Intrvl:15,num_users:512,errors:0
rt:36.52,through:13.8,tt:0.35,num_interact:207,Intrvl:15,num_users:487,errors:0
rt:37.11,through:10.2,tt:0.31,num_interact:153,Intrvl:15,num_users:462,errors:0
rt:36.17,through:13.07,tt:0.36,num_interact:196,Intrvl:15,num_users:448,errors:0
rt:36.51,through:13,tt:0.37,num_interact:195,Intrvl:15,num_users:466,errors:0
rt:34.61,through:13.4,tt:0.39,num_interact:201,Intrvl:15,num_users:479,errors:0
rt:34.91,through:12.2,tt:0.34,num_interact:183,Intrvl:15,num_users:431,errors:0
rt:34.93,through:12.07,tt:0.33,num_interact:181,Intrvl:15,num_users:413,errors:0
rt:32.62,through:12.47,tt:0.34,num_interact:188,Intrvl:15,num_users:435,errors:0
rt:32.32,through:13.33,tt:0.32,num_interact:200,Intrvl:15,num_users:484,errors:0
rt:32.39,through:13.53,tt:0.33,num_interact:203,Intrvl:15,num_users:483,errors:0
rt:34.81,through:13.67,tt:0.39,num_interact:205,Intrvl:15,num_users:515,errors:0
rt:36.04,through:13.67,tt:0.36,num_interact:205,Intrvl:15,num_users:461,errors:0
rt:35.29,through:10.4,tt:0.36,num_interact:156,Intrvl:15,num_users:470,errors:0
rt:37.05,through:12.2,tt:0.32,num_interact:183,Intrvl:15,num_users:416,errors:0
rt:36.67,through:12.2,tt:0.4,num_interact:183,Intrvl:15,num_users:454,errors:0
rt:34.4,through:12.67,tt:0.34,num_interact:190,Intrvl:15,num_users:480,errors:0
rt:35.14,through:13.53,tt:0.34,num_interact:203,Intrvl:15,num_users:487,errors:0
rt:33.51,through:13.73,tt:0.34,num_interact:206,Intrvl:15,num_users:561,errors:0
rt:35.17,through:12.8,tt:0.35,num_interact:192,Intrvl:15,num_users:455,errors:0
rt:39.16,through:8.27,tt:0.39,num_interact:124,Intrvl:15,num_users:400,errors:0
rt:39.43,through:10.53,tt:0.32,num_interact:158,Intrvl:15,num_users:381,errors:0
rt:39.16,through:11.07,tt:0.32,num_interact:166,Intrvl:15,num_users:517,errors:0
rt:32.24,through:13.47,tt:0.32,num_interact:202,Intrvl:15,num_users:536,errors:0
rt:37.24,through:11.6,tt:0.45,num_interact:174,Intrvl:15,num_users:475,errors:0
rt:38.67,through:12.2,tt:0.37,num_interact:183,Intrvl:15,num_users:500,errors:0
rt:38.82,through:12.4,tt:0.4,num_interact:186,Intrvl:15,num_users:472,errors:0
rt:38.62,through:11.53,tt:0.31,num_interact:173,Intrvl:15,num_users:452,errors:0
rt:36.37,through:10.27,tt:0.33,num_interact:154,Intrvl:15,num_users:347,errors:3
rt:31.78,through:12.27,tt:0.37,num_interact:184,Intrvl:15,num_users:426,errors:0
rt:26.23,through:17.27,tt:0.33,num_interact:259,Intrvl:15,num_users:389,errors:0
rt:22.55,through:20.47,tt:0.36,num_interact:307,Intrvl:15,num_users:385,errors:0
rt:18.06,through:22.8,tt:0.36,num_interact:342,Intrvl:15,num_users:392,errors:0
rt:17.17,through:22.53,tt:0.35,num_interact:338,Intrvl:15,num_users:553,errors:0
rt:19.95,through:14.6,tt:0.35,num_interact:219,Intrvl:15,num_users:375,errors:0
rt:15.44,through:20.47,tt:0.34,num_interact:307,Intrvl:15,num_users:391,errors:0
rt:17.84,through:17.33,tt:0.38,num_interact:260,Intrvl:15,num_users:379,errors:0
rt:22.31,through:16.6,tt:0.36,num_interact:249,Intrvl:15,num_users:431,errors:1
rt:24.15,through:14.93,tt:0.36,num_interact:224,Intrvl:15,num_users:356,errors:2
rt:23.54,through:15.8,tt:0.39,num_interact:237,Intrvl:15,num_users:458,errors:8
rt:25.57,through:13.67,tt:0.37,num_interact:205,Intrvl:15,num_users:407,errors:0
rt:23,through:14.87,tt:0.33,num_interact:223,Intrvl:15,num_users:371,errors:11
rt:23.18,through:12.47,tt:0.36,num_interact:187,Intrvl:15,num_users:342,errors:1
rt:20.82,through:14.27,tt:0.34,num_interact:214,Intrvl:15,num_users:273,errors:9
rt:19.65,through:14.07,tt:0.39,num_interact:211,Intrvl:15,num_users:554,errors:0
rt:27.56,through:15.07,tt:0.42,num_interact:226,Intrvl:15,num_users:494,errors:15
rt:26.84,through:13.6,tt:0.36,num_interact:204,Intrvl:15,num_users:487,errors:9
rt:30.58,through:15.4,tt:0.39,num_interact:231,Intrvl:15,num_users:469,errors:0
rt:27.7,through:14.2,tt:0.33,num_interact:213,Intrvl:15,num_users:440,errors:18
rt:31.33,through:15.07,tt:0.32,num_interact:226,Intrvl:15,num_users:405,errors:0
rt:27.51,through:16,tt:0.34,num_interact:240,Intrvl:15,num_users:588,errors:10
rt:33.92,through:14.2,tt:0.36,num_interact:213,Intrvl:15,num_users:517,errors:0
rt:28.95,through:15.8,tt:0.4,num_interact:237,Intrvl:15,num_users:480,errors:20
rt:32.46,through:13.67,tt:0.34,num_interact:205,Intrvl:15,num_users:498,errors:0
rt:32.42,through:14,tt:0.33,num_interact:211,Intrvl:15,num_users:444,errors:8
rt:28.94,through:15.2,tt:0.4,num_interact:228,Intrvl:15,num_users:500,errors:2
rt:31.46,through:15.07,tt:0.32,num_interact:226,Intrvl:15,num_users:472,errors:5
rt:27.95,through:14.6,tt:0.3,num_interact:219,Intrvl:15,num_users:430,errors:14
rt:28.84,through:15.13,tt:0.36,num_interact:227,Intrvl:15,num_users:512,errors:0
rt:27.79,through:15.73,tt:0.38,num_interact:236,Intrvl:15,num_users:561,errors:20
rt:35.36,through:12.93,tt:0.34,num_interact:194,Intrvl:15,num_users:412,errors:0
rt:25.34,through:14.67,tt:0.35,num_interact:220,Intrvl:15,num_users:512,errors:15
rt:35.01,through:13.07,tt:0.38,num_interact:196,Intrvl:15,num_users:496,errors:4
rt:31.06,through:17.2,tt:0.31,num_interact:258,Intrvl:15,num_users:515,errors:4
rt:33.4,through:14.67,tt:0.36,num_interact:220,Intrvl:15,num_users:510,errors:1
rt:32.2,through:17.33,tt:0.35,num_interact:260,Intrvl:15,num_users:504,errors:3
rt:28.66,through:16.33,tt:0.31,num_interact:245,Intrvl:15,num_users:494,errors:7
rt:30,through:14.33,tt:0.38,num_interact:215,Intrvl:15,num_users:455,errors:0
rt:28.75,through:15.2,tt:0.31,num_interact:228,Intrvl:15,num_users:414,errors:15
rt:25.49,through:14.93,tt:0.3,num_interact:224,Intrvl:15,num_users:384,errors:0
rt:24.85,through:14.6,tt:0.37,num_interact:219,Intrvl:15,num_users:407,errors:12
rt:26.14,through:17.2,tt:0.35,num_interact:258,Intrvl:15,num_users:458,errors:0
rt:24.29,through:16.13,tt:0.34,num_interact:242,Intrvl:15,num_users:421,errors:16
rt:27.24,through:14.27,tt:0.33,num_interact:214,Intrvl:15,num_users:445,errors:0
rt:24.69,through:15.93,tt:0.37,num_interact:239,Intrvl:15,num_users:417,errors:14
rt:29.42,through:15.4,tt:0.38,num_interact:231,Intrvl:15,num_users:433,errors:1
rt:24.63,through:16.6,tt:0.36,num_interact:249,Intrvl:15,num_users:456,errors:14
rt:28.51,through:14.93,tt:0.29,num_interact:224,Intrvl:15,num_users:405,errors:6
rt:25.46,through:15.07,tt:0.34,num_interact:226,Intrvl:15,num_users:427,errors:0
rt:25.43,through:15.4,tt:0.33,num_interact:231,Intrvl:15,num_users:424,errors:19
rt:26.16,through:16,tt:0.35,num_interact:240,Intrvl:15,num_users:392,errors:0
rt:23.52,through:16.8,tt:0.37,num_interact:252,Intrvl:15,num_users:475,errors:14
rt:29.57,through:14.6,tt:0.36,num_interact:219,Intrvl:15,num_users:393,errors:0
rt:24.2,through:14.73,tt:0.33,num_interact:221,Intrvl:15,num_users:424,errors:31
rt:22.6,through:18.07,tt:0.37,num_interact:271,Intrvl:15,num_users:405,errors:0
rt:17.46,through:25.27,tt:0.38,num_interact:379,Intrvl:15,num_users:500,errors:7
rt:22.07,through:24.47,tt:0.38,num_interact:368,Intrvl:15,num_users:524,errors:0
rt:18.4,through:26.93,tt:0.37,num_interact:404,Intrvl:15,num_users:525,errors:13
rt:20.89,through:21.67,tt:0.4,num_interact:325,Intrvl:15,num_users:449,errors:1
rt:17.45,through:23.53,tt:0.38,num_interact:353,Intrvl:15,num_users:475,errors:8
rt:18.96,through:25.53,tt:0.35,num_interact:383,Intrvl:15,num_users:494,errors:3
rt:17.77,through:22.13,tt:0.33,num_interact:332,Intrvl:15,num_users:392,errors:2
rt:17.27,through:22.87,tt:0.32,num_interact:343,Intrvl:15,num_users:407,errors:11
rt:15.82,through:24.07,tt:0.37,num_interact:361,Intrvl:15,num_users:482,errors:0
rt:18.69,through:24.07,tt:0.36,num_interact:361,Intrvl:15,num_users:469,errors:18
rt:18.31,through:25.27,tt:0.4,num_interact:379,Intrvl:15,num_users:532,errors:0
rt:19.3,through:24.73,tt:0.39,num_interact:371,Intrvl:15,num_users:511,errors:19
rt:19.27,through:21.67,tt:0.33,num_interact:325,Intrvl:15,num_users:417,errors:0
rt:16.54,through:25.53,tt:0.33,num_interact:383,Intrvl:15,num_users:426,errors:19
rt:16.91,through:19.93,tt:0.34,num_interact:299,Intrvl:15,num_users:407,errors:0
rt:16.74,through:27.67,tt:0.37,num_interact:415,Intrvl:15,num_users:399,errors:8
rt:15.07,through:22.67,tt:0.35,num_interact:340,Intrvl:15,num_users:368,errors:2
rt:15.25,through:24.33,tt:0.37,num_interact:365,Intrvl:15,num_users:430,errors:14
rt:18.33,through:22.73,tt:0.32,num_interact:341,Intrvl:15,num_users:367,errors:2
rt:15.63,through:23.47,tt:0.37,num_interact:352,Intrvl:15,num_users:496,errors:8
rt:18.55,through:24.13,tt:0.36,num_interact:363,Intrvl:15,num_users:462,errors:6
rt:18.4,through:24.33,tt:0.41,num_interact:365,Intrvl:15,num_users:563,errors:0
rt:20.95,through:21.73,tt:0.36,num_interact:326,Intrvl:15,num_users:503,errors:12
rt:20.98,through:25,tt:0.35,num_interact:375,Intrvl:15,num_users:515,errors:0
rt:19.43,through:21.33,tt:0.34,num_interact:320,Intrvl:15,num_users:391,errors:17
rt:16.57,through:21.6,tt:0.38,num_interact:324,Intrvl:15,num_users:449,errors:0
rt:18.02,through:24.4,tt:0.32,num_interact:366,Intrvl:15,num_users:440,errors:12
rt:17.17,through:22.6,tt:0.35,num_interact:339,Intrvl:15,num_users:454,errors:0
rt:17.77,through:26.47,tt:0.36,num_interact:397,Intrvl:15,num_users:466,errors:22
rt:18.85,through:20.2,tt:0.35,num_interact:303,Intrvl:15,num_users:372,errors:0
rt:14.62,through:25.93,tt:0.37,num_interact:389,Intrvl:15,num_users:440,errors:17
rt:17.03,through:21.73,tt:0.37,num_interact:326,Intrvl:15,num_users:426,errors:2
rt:16.17,through:26.27,tt:0.38,num_interact:394,Intrvl:15,num_users:454,errors:17
rt:18.98,through:22.8,tt:0.37,num_interact:342,Intrvl:15,num_users:438,errors:0
rt:16.92,through:24.67,tt:0.35,num_interact:370,Intrvl:15,num_users:412,errors:9
rt:18.16,through:23.33,tt:0.37,num_interact:350,Intrvl:15,num_users:428,errors:15
rt:16.72,through:24.93,tt:0.32,num_interact:374,Intrvl:15,num_users:449,errors:0
rt:17.7,through:24.27,tt:0.35,num_interact:364,Intrvl:15,num_users:447,errors:10
rt:16.49,through:24.8,tt:0.37,num_interact:372,Intrvl:15,num_users:445,errors:0
rt:16.78,through:23.47,tt:0.35,num_interact:352,Intrvl:15,num_users:370,errors:13
rt:15.02,through:24.13,tt:0.41,num_interact:362,Intrvl:15,num_users:440,errors:0
rt:17.09,through:25.33,tt:0.31,num_interact:380,Intrvl:15,num_users:409,errors:12
rt:20.27,through:16.93,tt:0.37,num_interact:254,Intrvl:15,num_users:459,errors:1
rt:23.01,through:17,tt:0.37,num_interact:255,Intrvl:15,num_users:508,errors:21
rt:29.83,through:13.33,tt:0.31,num_interact:200,Intrvl:15,num_users:449,errors:1
rt:28.92,through:15.6,tt:0.37,num_interact:234,Intrvl:15,num_users:529,errors:15
rt:32.03,through:14.67,tt:0.34,num_interact:220,Intrvl:15,num_users:498,errors:3
rt:30.91,through:12.6,tt:0.37,num_interact:189,Intrvl:15,num_users:384,errors:6
rt:26.29,through:13.87,tt:0.41,num_interact:208,Intrvl:15,num_users:437,errors:12
rt:26.23,through:15.2,tt:0.37,num_interact:228,Intrvl:15,num_users:493,errors:0
rt:29.03,through:16.27,tt:0.36,num_interact:244,Intrvl:15,num_users:484,errors:12
rt:31.73,through:15,tt:0.4,num_interact:225,Intrvl:15,num_users:438,errors:0
rt:26.37,through:14.8,tt:0.34,num_interact:222,Intrvl:15,num_users:449,errors:19
rt:28.59,through:16.13,tt:0.37,num_interact:242,Intrvl:15,num_users:518,errors:1
rt:29.94,through:16.67,tt:0.37,num_interact:250,Intrvl:15,num_users:475,errors:13
rt:30.66,through:14.13,tt:0.41,num_interact:212,Intrvl:15,num_users:484,errors:0
rt:28.55,through:16.4,tt:0.39,num_interact:246,Intrvl:15,num_users:477,errors:6
rt:30.19,through:15.6,tt:0.35,num_interact:234,Intrvl:15,num_users:476,errors:10
rt:28.93,through:16.4,tt:0.37,num_interact:246,Intrvl:15,num_users:475,errors:0
rt:27.66,through:17.07,tt:0.36,num_interact:256,Intrvl:15,num_users:483,errors:15
rt:27.96,through:14.67,tt:0.35,num_interact:220,Intrvl:15,num_users:414,errors:0
rt:26.33,through:15.33,tt:0.4,num_interact:230,Intrvl:15,num_users:449,errors:13
rt:27.52,through:15.73,tt:0.32,num_interact:236,Intrvl:15,num_users:717,errors:0
rt:31.32,through:15.73,tt:0.39,num_interact:236,Intrvl:15,num_users:994,errors:12
rt:39.43,through:10.07,tt:0.34,num_interact:151,Intrvl:15,num_users:386,errors:0
rt:34.18,through:13.27,tt:0.35,num_interact:199,Intrvl:15,num_users:386,errors:19
rt:34.54,through:12.07,tt:0.38,num_interact:181,Intrvl:15,num_users:469,errors:0
rt:37.94,through:13.4,tt:0.34,num_interact:201,Intrvl:15,num_users:431,errors:6
rt:35.99,through:14.6,tt:0.35,num_interact:219,Intrvl:15,num_users:487,errors:0
rt:38.47,through:15.73,tt:0.38,num_interact:236,Intrvl:15,num_users:462,errors:13
rt:34.9,through:14.93,tt:0.37,num_interact:226,Intrvl:15,num_users:440,errors:0
rt:32.83,through:15.33,tt:0.38,num_interact:230,Intrvl:15,num_users:448,errors:13
rt:35.39,through:15.4,tt:0.4,num_interact:231,Intrvl:15,num_users:521,errors:0
rt:39.76,through:14.27,tt:0.3,num_interact:214,Intrvl:15,num_users:420,errors:17
rt:32.3,through:15,tt:0.38,num_interact:225,Intrvl:15,num_users:512,errors:5
rt:35.2,through:14.87,tt:0.38,num_interact:223,Intrvl:15,num_users:535,errors:18
rt:35.53,through:13.93,tt:0.4,num_interact:209,Intrvl:15,num_users:484,errors:16
rt:44.43,through:14.27,tt:0.33,num_interact:214,Intrvl:15,num_users:427,errors:10
rt:33.56,through:15.93,tt:0.34,num_interact:239,Intrvl:15,num_users:589,errors:15
rt:42.45,through:13.73,tt:0.37,num_interact:206,Intrvl:15,num_users:427,errors:0
rt:31.59,through:13.93,tt:0.37,num_interact:209,Intrvl:15,num_users:420,errors:19
rt:36.63,through:13.87,tt:0.35,num_interact:208,Intrvl:15,num_users:445,errors:4
rt:35.09,through:15.27,tt:0.37,num_interact:229,Intrvl:15,num_users:458,errors:25
rt:38.04,through:16.47,tt:0.33,num_interact:247,Intrvl:15,num_users:526,errors:3
rt:38.95,through:13.67,tt:0.34,num_interact:205,Intrvl:15,num_users:428,errors:22
rt:37.36,through:15,tt:0.39,num_interact:225,Intrvl:15,num_users:444,errors:4
rt:34.27,through:16.8,tt:0.34,num_interact:252,Intrvl:15,num_users:438,errors:24
rt:42.9,through:14.4,tt:0.33,num_interact:216,Intrvl:15,num_users:490,errors:2
rt:33.19,through:16.8,tt:0.34,num_interact:252,Intrvl:15,num_users:510,errors:6
rt:40.24,through:15.4,tt:0.33,num_interact:231,Intrvl:15,num_users:454,errors:8
rt:35.93,through:15.93,tt:0.39,num_interact:239,Intrvl:15,num_users:493,errors:0
rt:30.38,through:16.07,tt:0.37,num_interact:241,Intrvl:15,num_users:514,errors:20
rt:40.17,through:15.73,tt:0.35,num_interact:236,Intrvl:15,num_users:510,errors:1
rt:34.92,through:15.8,tt:0.37,num_interact:237,Intrvl:15,num_users:570,errors:19
rt:39.96,through:14.07,tt:0.36,num_interact:211,Intrvl:15,num_users:479,errors:0
rt:35.9,through:16.8,tt:0.34,num_interact:252,Intrvl:15,num_users:468,errors:25
rt:36.38,through:12.4,tt:0.32,num_interact:186,Intrvl:15,num_users:442,errors:1
rt:38.69,through:16.87,tt:0.36,num_interact:253,Intrvl:15,num_users:433,errors:11
rt:37.9,through:14.67,tt:0.32,num_interact:220,Intrvl:15,num_users:483,errors:4
rt:37.18,through:17.53,tt:0.39,num_interact:263,Intrvl:15,num_users:503,errors:15
rt:36.89,through:13.47,tt:0.38,num_interact:202,Intrvl:15,num_users:431,errors:9
rt:37.77,through:15.93,tt:0.35,num_interact:239,Intrvl:15,num_users:445,errors:2
rt:33.42,through:15.33,tt:0.31,num_interact:230,Intrvl:15,num_users:557,errors:15
rt:41.98,through:15.6,tt:0.38,num_interact:234,Intrvl:15,num_users:477,errors:0
rt:33.84,through:16.67,tt:0.37,num_interact:250,Intrvl:15,num_users:532,errors:18
rt:37.96,through:13.33,tt:0.34,num_interact:200,Intrvl:15,num_users:442,errors:0
rt:33.15,through:15.47,tt:0.33,num_interact:232,Intrvl:15,num_users:580,errors:19
rt:39.17,through:12.87,tt:0.33,num_interact:193,Intrvl:15,num_users:497,errors:0
rt:36.51,through:17.13,tt:0.32,num_interact:257,Intrvl:15,num_users:489,errors:15
rt:37.93,through:14.4,tt:0.35,num_interact:216,Intrvl:15,num_users:490,errors:0
rt:37.18,through:16.4,tt:0.34,num_interact:246,Intrvl:15,num_users:549,errors:10
rt:39.69,through:13.93,tt:0.34,num_interact:210,Intrvl:15,num_users:489,errors:2
rt:39.17,through:16.47,tt:0.34,num_interact:247,Intrvl:15,num_users:536,errors:1
rt:33.01,through:14.93,tt:0.38,num_interact:224,Intrvl:15,num_users:497,errors:18
rt:40.13,through:16.53,tt:0.38,num_interact:248,Intrvl:15,num_users:524,errors:0
rt:35.71,through:15.47,tt:0.39,num_interact:232,Intrvl:15,num_users:535,errors:11
rt:39.17,through:16.67,tt:0.35,num_interact:250,Intrvl:15,num_users:525,errors:1
rt:32.3,through:16.73,tt:0.35,num_interact:251,Intrvl:15,num_users:594,errors:23
rt:38.58,through:14.87,tt:0.37,num_interact:223,Intrvl:15,num_users:553,errors:12
rt:38.38,through:18.07,tt:0.37,num_interact:271,Intrvl:15,num_users:594,errors:32
rt:44.4,through:11.67,tt:0.37,num_interact:175,Intrvl:15,num_users:476,errors:1
rt:37.89,through:14.33,tt:0.32,num_interact:215,Intrvl:15,num_users:451,errors:17
rt:37.58,through:13.8,tt:0.33,num_interact:207,Intrvl:15,num_users:417,errors:1
rt:39.02,through:15.33,tt:0.35,num_interact:230,Intrvl:15,num_users:491,errors:11
rt:34.78,through:15.4,tt:0.33,num_interact:231,Intrvl:15,num_users:508,errors:6
rt:39.29,through:16.67,tt:0.39,num_interact:250,Intrvl:15,num_users:507,errors:2
rt:35.25,through:16.07,tt:0.3,num_interact:241,Intrvl:15,num_users:484,errors:20
rt:40.1,through:15.53,tt:0.37,num_interact:233,Intrvl:15,num_users:528,errors:1
rt:40.45,through:15,tt:0.33,num_interact:225,Intrvl:15,num_users:448,errors:19
rt:40.41,through:14.8,tt:0.36,num_interact:222,Intrvl:15,num_users:504,errors:2
rt:33.89,through:16.07,tt:0.32,num_interact:241,Intrvl:15,num_users:529,errors:16
rt:36.9,through:15.6,tt:0.4,num_interact:234,Intrvl:15,num_users:518,errors:4
rt:37.53,through:14.4,tt:0.36,num_interact:216,Intrvl:15,num_users:431,errors:9
rt:36.87,through:15.2,tt:0.31,num_interact:228,Intrvl:15,num_users:490,errors:1
rt:38.16,through:16,tt:0.33,num_interact:240,Intrvl:15,num_users:461,errors:13
rt:32.93,through:15.27,tt:0.36,num_interact:229,Intrvl:15,num_users:490,errors:5
rt:37.56,through:15.53,tt:0.38,num_interact:233,Intrvl:15,num_users:448,errors:0
rt:34.61,through:15.2,tt:0.34,num_interact:228,Intrvl:15,num_users:430,errors:14
rt:35.92,through:15.67,tt:0.36,num_interact:235,Intrvl:15,num_users:461,errors:0
rt:34.65,through:14.8,tt:0.36,num_interact:222,Intrvl:15,num_users:431,errors:11
rt:32.96,through:16.73,tt:0.35,num_interact:251,Intrvl:15,num_users:440,errors:2
rt:31.79,through:16.73,tt:0.36,num_interact:251,Intrvl:15,num_users:521,errors:19
rt:37.07,through:15.73,tt:0.3,num_interact:236,Intrvl:15,num_users:497,errors:0
rt:33.68,through:15.67,tt:0.38,num_interact:235,Intrvl:15,num_users:472,errors:16
rt:38.52,through:15.47,tt:0.35,num_interact:232,Intrvl:15,num_users:477,errors:0
rt:33.44,through:15.67,tt:0.34,num_interact:235,Intrvl:15,num_users:468,errors:22
rt:36.84,through:16.13,tt:0.34,num_interact:242,Intrvl:15,num_users:525,errors:0
rt:33.53,through:16.73,tt:0.37,num_interact:251,Intrvl:15,num_users:535,errors:21
rt:41.16,through:14,tt:0.36,num_interact:210,Intrvl:15,num_users:491,errors:0
rt:37.97,through:17.2,tt:0.34,num_interact:258,Intrvl:15,num_users:570,errors:20
rt:33.68,through:14.2,tt:0.35,num_interact:213,Intrvl:15,num_users:603,errors:5
rt:39.69,through:15.33,tt:0.32,num_interact:230,Intrvl:15,num_users:522,errors:10
rt:34.81,through:14.73,tt:0.34,num_interact:221,Intrvl:15,num_users:531,errors:16
rt:42.07,through:16.13,tt:0.35,num_interact:242,Intrvl:15,num_users:510,errors:4
rt:36.16,through:14.33,tt:0.34,num_interact:215,Intrvl:15,num_users:433,errors:18
rt:38.91,through:14.8,tt:0.34,num_interact:222,Intrvl:15,num_users:461,errors:3
rt:36.39,through:16.6,tt:0.35,num_interact:249,Intrvl:15,num_users:528,errors:10
rt:36.06,through:15.07,tt:0.35,num_interact:226,Intrvl:15,num_users:518,errors:2
rt:38.71,through:16.33,tt:0.34,num_interact:245,Intrvl:15,num_users:487,errors:16
rt:37.29,through:15.33,tt:0.33,num_interact:230,Intrvl:15,num_users:501,errors:13
rt:39.02,through:14.67,tt:0.38,num_interact:220,Intrvl:15,num_users:447,errors:3
rt:34.61,through:15.2,tt:0.33,num_interact:228,Intrvl:15,num_users:578,errors:8
rt:40.19,through:16.13,tt:0.41,num_interact:242,Intrvl:15,num_users:556,errors:1
rt:38.49,through:15.07,tt:0.38,num_interact:226,Intrvl:15,num_users:500,errors:20
rt:38.34,through:15.8,tt:0.35,num_interact:237,Intrvl:15,num_users:503,errors:1
rt:36.37,through:14.2,tt:0.34,num_interact:213,Intrvl:15,num_users:469,errors:14
rt:40.58,through:16.27,tt:0.35,num_interact:244,Intrvl:15,num_users:487,errors:2
rt:34.45,through:16.13,tt:0.38,num_interact:242,Intrvl:15,num_users:514,errors:25
rt:38.08,through:14.87,tt:0.39,num_interact:223,Intrvl:15,num_users:494,errors:1
rt:35.5,through:17.47,tt:0.34,num_interact:262,Intrvl:15,num_users:490,errors:24
rt:37.33,through:14.6,tt:0.38,num_interact:219,Intrvl:15,num_users:638,errors:2
rt:38.59,through:17.13,tt:0.34,num_interact:257,Intrvl:15,num_users:634,errors:13
rt:38.47,through:14.93,tt:0.36,num_interact:224,Intrvl:15,num_users:595,errors:6
rt:40.02,through:15.2,tt:0.35,num_interact:228,Intrvl:15,num_users:524,errors:7
rt:37.75,through:15.47,tt:0.34,num_interact:232,Intrvl:15,num_users:554,errors:20
rt:43.08,through:16.07,tt:0.35,num_interact:241,Intrvl:15,num_users:560,errors:0
rt:36.34,through:16.67,tt:0.39,num_interact:251,Intrvl:15,num_users:624,errors:12
rt:45.25,through:12.13,tt:0.37,num_interact:182,Intrvl:15,num_users:517,errors:2
rt:38.96,through:17.07,tt:0.32,num_interact:256,Intrvl:15,num_users:561,errors:18
rt:40.54,through:13.4,tt:0.32,num_interact:201,Intrvl:15,num_users:596,errors:1
rt:42.26,through:15.6,tt:0.33,num_interact:234,Intrvl:15,num_users:540,errors:21
rt:39.09,through:15.13,tt:0.35,num_interact:227,Intrvl:15,num_users:606,errors:5
rt:42.14,through:14.87,tt:0.35,num_interact:223,Intrvl:15,num_users:564,errors:18
rt:42.21,through:15.93,tt:0.35,num_interact:239,Intrvl:15,num_users:561,errors:8
rt:44.85,through:16.67,tt:0.35,num_interact:250,Intrvl:15,num_users:613,errors:2
rt:39.79,through:15.13,tt:0.3,num_interact:227,Intrvl:15,num_users:567,errors:19
rt:43.51,through:16.33,tt:0.4,num_interact:245,Intrvl:15,num_users:596,errors:11
rt:34.51,through:17.53,tt:0.37,num_interact:263,Intrvl:15,num_users:643,errors:20
rt:34.02,through:22.93,tt:0.34,num_interact:433,Intrvl:15,num_users:511,errors:16
rt:30,through:66.4,tt:0.35,num_interact:1068,Intrvl:15,num_users:598,errors:22
rt:45.44,through:17.27,tt:0.38,num_interact:322,Intrvl:15,num_users:629,errors:3
rt:141.62,through:1.13,tt:0.23,num_interact:17,Intrvl:15,num_users:567,errors:0
rt:166.89,through:2.73,tt:0.38,num_interact:41,Intrvl:15,num_users:526,errors:0
rt:164.61,through:12.93,tt:0.4,num_interact:194,Intrvl:15,num_users:447,errors:2
rt:95.37,through:29.53,tt:0.35,num_interact:460,Intrvl:15,num_users:505,errors:0
rt:40.94,through:20.33,tt:0.34,num_interact:330,Intrvl:15,num_users:542,errors:0
rt:194.99,through:1.13,tt:0.36,num_interact:17,Intrvl:15,num_users:498,errors:0
rt:208.21,through:1.53,tt:0.39,num_interact:23,Intrvl:15,num_users:491,errors:0
rt:263.1,through:1.6,tt:0.4,num_interact:24,Intrvl:15,num_users:483,errors:0
rt:307.72,through:85.73,tt:0.36,num_interact:1286,Intrvl:15,num_users:550,errors:27
rt:53.77,through:19.93,tt:0.37,num_interact:299,Intrvl:15,num_users:522,errors:0
rt:32.72,through:20.47,tt:0.35,num_interact:307,Intrvl:15,num_users:522,errors:0
rt:29.1,through:23.27,tt:0.37,num_interact:349,Intrvl:15,num_users:570,errors:0
rt:26.94,through:14,tt:0.36,num_interact:210,Intrvl:15,num_users:458,errors:0
rt:29.08,through:15.87,tt:0.39,num_interact:238,Intrvl:15,num_users:539,errors:0
rt:29.41,through:14.6,tt:0.39,num_interact:219,Intrvl:15,num_users:533,errors:0
rt:35.13,through:15.87,tt:0.4,num_interact:238,Intrvl:15,num_users:510,errors:8
rt:33.46,through:16.6,tt:0.37,num_interact:250,Intrvl:15,num_users:529,errors:13
rt:32.45,through:15.2,tt:0.38,num_interact:228,Intrvl:15,num_users:543,errors:7
rt:37.1,through:14.93,tt:0.38,num_interact:224,Intrvl:15,num_users:512,errors:0
rt:30.87,through:14.73,tt:0.38,num_interact:221,Intrvl:15,num_users:468,errors:20
rt:39.02,through:14.73,tt:0.36,num_interact:221,Intrvl:15,num_users:486,errors:0
rt:30.44,through:16.33,tt:0.39,num_interact:245,Intrvl:15,num_users:519,errors:24
rt:40.5,through:13.8,tt:0.37,num_interact:207,Intrvl:15,num_users:525,errors:0
rt:33.72,through:17.93,tt:0.38,num_interact:269,Intrvl:15,num_users:507,errors:20
rt:38.02,through:13.73,tt:0.36,num_interact:206,Intrvl:15,num_users:511,errors:2
rt:36.11,through:5.6,tt:0.32,num_interact:84,Intrvl:15,num_users:528,errors:14
rt:30.68,through:7.33,tt:0.36,num_interact:110,Intrvl:15,num_users:521,errors:18
rt:42.62,through:10.6,tt:0.36,num_interact:159,Intrvl:15,num_users:617,errors:111
rt:44.16,through:8.6,tt:0.35,num_interact:129,Intrvl:15,num_users:505,errors:96
rt:66.93,through:10.87,tt:0.41,num_interact:163,Intrvl:15,num_users:617,errors:34
rt:69.26,through:11.67,tt:0.35,num_interact:175,Intrvl:15,num_users:525,errors:0
rt:69.75,through:11.93,tt:0.32,num_interact:179,Intrvl:15,num_users:563,errors:1
rt:52.8,through:11.67,tt:0.38,num_interact:175,Intrvl:15,num_users:622,errors:0
rt:57.02,through:14.13,tt:0.37,num_interact:212,Intrvl:15,num_users:608,errors:0
rt:43.61,through:11.8,tt:0.37,num_interact:177,Intrvl:15,num_users:585,errors:0
rt:48.35,through:12.07,tt:0.34,num_interact:181,Intrvl:15,num_users:525,errors:2
rt:48.55,through:11.27,tt:0.36,num_interact:170,Intrvl:15,num_users:554,errors:2
rt:51.45,through:11.53,tt:0.4,num_interact:173,Intrvl:15,num_users:616,errors:4
rt:49.77,through:12.8,tt:0.36,num_interact:192,Intrvl:15,num_users:556,errors:1
rt:50.18,through:11.47,tt:0.32,num_interact:172,Intrvl:15,num_users:517,errors:2
rt:49.49,through:10.93,tt:0.34,num_interact:164,Intrvl:15,num_users:501,errors:2
rt:48.99,through:11.6,tt:0.34,num_interact:174,Intrvl:15,num_users:547,errors:4
rt:47.58,through:12.2,tt:0.36,num_interact:183,Intrvl:15,num_users:543,errors:0
rt:52.14,through:12.4,tt:0.36,num_interact:186,Intrvl:15,num_users:524,errors:5
rt:51.03,through:12.07,tt:0.34,num_interact:181,Intrvl:15,num_users:622,errors:1
rt:46.29,through:12.53,tt:0.35,num_interact:188,Intrvl:15,num_users:613,errors:3
rt:49.07,through:10.67,tt:0.38,num_interact:160,Intrvl:15,num_users:458,errors:1
rt:46.4,through:10.13,tt:0.29,num_interact:152,Intrvl:15,num_users:552,errors:1
rt:48.13,through:10.6,tt:0.37,num_interact:159,Intrvl:15,num_users:641,errors:1
rt:44.47,through:12.4,tt:0.34,num_interact:186,Intrvl:15,num_users:671,errors:0
rt:47.22,through:13.07,tt:0.39,num_interact:196,Intrvl:15,num_users:648,errors:0
rt:51.23,through:11.8,tt:0.34,num_interact:177,Intrvl:15,num_users:633,errors:0
rt:50.2,through:11.87,tt:0.3,num_interact:178,Intrvl:15,num_users:606,errors:1
rt:51.83,through:12.53,tt:0.4,num_interact:188,Intrvl:15,num_users:650,errors:2
rt:49.24,through:12.4,tt:0.35,num_interact:186,Intrvl:15,num_users:608,errors:0
rt:50.56,through:11.53,tt:0.33,num_interact:173,Intrvl:15,num_users:575,errors:1
rt:55.39,through:11.8,tt:0.34,num_interact:177,Intrvl:15,num_users:573,errors:4
rt:47.78,through:11.47,tt:0.3,num_interact:172,Intrvl:15,num_users:532,errors:1
rt:47.52,through:12.07,tt:0.32,num_interact:181,Intrvl:15,num_users:617,errors:0
rt:55.68,through:12.27,tt:0.36,num_interact:184,Intrvl:15,num_users:680,errors:7
rt:51.36,through:11.8,tt:0.33,num_interact:177,Intrvl:15,num_users:567,errors:3
rt:48.3,through:11.07,tt:0.38,num_interact:166,Intrvl:15,num_users:664,errors:3
rt:54.41,through:10.93,tt:0.34,num_interact:164,Intrvl:15,num_users:622,errors:3
rt:49.31,through:11.13,tt:0.33,num_interact:167,Intrvl:15,num_users:651,errors:4
rt:51.2,through:12.67,tt:0.39,num_interact:190,Intrvl:15,num_users:655,errors:2
rt:52.19,through:12.47,tt:0.34,num_interact:190,Intrvl:15,num_users:678,errors:1
rt:53.3,through:13.2,tt:0.33,num_interact:198,Intrvl:15,num_users:693,errors:3
rt:50.92,through:12.53,tt:0.39,num_interact:188,Intrvl:15,num_users:675,errors:4
rt:55.92,through:10.73,tt:0.36,num_interact:161,Intrvl:15,num_users:553,errors:0
rt:57.04,through:10.07,tt:0.35,num_interact:151,Intrvl:15,num_users:535,errors:1
rt:52.23,through:10.4,tt:0.38,num_interact:156,Intrvl:15,num_users:535,errors:5
rt:53.39,through:12.53,tt:0.4,num_interact:188,Intrvl:15,num_users:545,errors:9
rt:52.49,through:12.67,tt:0.33,num_interact:190,Intrvl:15,num_users:757,errors:4
rt:51.96,through:12.87,tt:0.32,num_interact:193,Intrvl:15,num_users:581,errors:7
rt:54.53,through:11.27,tt:0.36,num_interact:169,Intrvl:15,num_users:566,errors:5
rt:50.68,through:9.73,tt:0.37,num_interact:146,Intrvl:15,num_users:490,errors:7
rt:50.28,through:12.73,tt:0.37,num_interact:191,Intrvl:15,num_users:616,errors:2
rt:38.72,through:23.6,tt:0.36,num_interact:355,Intrvl:15,num_users:549,errors:3
rt:27.51,through:24.4,tt:0.34,num_interact:366,Intrvl:15,num_users:556,errors:10
rt:26.63,through:25.6,tt:0.36,num_interact:384,Intrvl:15,num_users:559,errors:4
rt:25.64,through:26.8,tt:0.33,num_interact:402,Intrvl:15,num_users:522,errors:2
rt:23.79,through:32.47,tt:0.36,num_interact:492,Intrvl:15,num_users:542,errors:3
rt:21.89,through:22.67,tt:0.35,num_interact:340,Intrvl:15,num_users:567,errors:0
rt:436.19,through:103.13,tt:0.35,num_interact:1547,Intrvl:15,num_users:601,errors:71
rt:348.35,through:1.33,tt:0.29,num_interact:20,Intrvl:15,num_users:543,errors:1
rt:323.59,through:1.93,tt:0.3,num_interact:29,Intrvl:15,num_users:529,errors:1
rt:198.43,through:65.93,tt:0.33,num_interact:989,Intrvl:15,num_users:567,errors:9
rt:230.96,through:1.33,tt:0.25,num_interact:20,Intrvl:15,num_users:528,errors:0
rt:169.55,through:77.4,tt:0.36,num_interact:1161,Intrvl:15,num_users:619,errors:0
rt:192.32,through:12.07,tt:0.39,num_interact:181,Intrvl:15,num_users:592,errors:0
rt:378.77,through:11.13,tt:0.32,num_interact:167,Intrvl:15,num_users:542,errors:0
rt:61.08,through:11.07,tt:0.32,num_interact:166,Intrvl:15,num_users:564,errors:0
rt:32.44,through:12.53,tt:0.39,num_interact:188,Intrvl:15,num_users:550,errors:0
rt:28.29,through:12.27,tt:0.36,num_interact:184,Intrvl:15,num_users:543,errors:0
rt:28.36,through:12.47,tt:0.37,num_interact:187,Intrvl:15,num_users:585,errors:0
rt:29.79,through:11.07,tt:0.34,num_interact:166,Intrvl:15,num_users:536,errors:0
rt:30.91,through:11.8,tt:0.37,num_interact:177,Intrvl:15,num_users:581,errors:0
rt:29.59,through:13,tt:0.33,num_interact:195,Intrvl:15,num_users:658,errors:0
rt:30.14,through:12.47,tt:0.36,num_interact:187,Intrvl:15,num_users:637,errors:0
rt:35.86,through:12.27,tt:0.39,num_interact:184,Intrvl:15,num_users:648,errors:0
rt:36.67,through:12.93,tt:0.36,num_interact:194,Intrvl:15,num_users:647,errors:0
rt:35.59,through:10.93,tt:0.37,num_interact:164,Intrvl:15,num_users:602,errors:0
rt:34.17,through:12.27,tt:0.33,num_interact:184,Intrvl:15,num_users:577,errors:0
rt:34.45,through:11.73,tt:0.36,num_interact:176,Intrvl:15,num_users:651,errors:0
rt:33.99,through:11.47,tt:0.35,num_interact:172,Intrvl:15,num_users:595,errors:0
rt:35.89,through:10.13,tt:0.4,num_interact:152,Intrvl:15,num_users:727,errors:0
rt:35.54,through:11.6,tt:0.33,num_interact:174,Intrvl:15,num_users:526,errors:0
rt:40.66,through:4.73,tt:0.35,num_interact:71,Intrvl:15,num_users:574,errors:0
rt:40.18,through:10.13,tt:0.32,num_interact:152,Intrvl:15,num_users:574,errors:0
rt:39.36,through:12.67,tt:0.37,num_interact:190,Intrvl:15,num_users:582,errors:0
rt:32.46,through:13.27,tt:0.33,num_interact:199,Intrvl:15,num_users:636,errors:0
rt:32,through:11.4,tt:0.37,num_interact:171,Intrvl:15,num_users:570,errors:0
rt:33.68,through:9.8,tt:0.35,num_interact:147,Intrvl:15,num_users:514,errors:0
rt:34.59,through:10.2,tt:0.36,num_interact:153,Intrvl:15,num_users:510,errors:0
rt:30.33,through:12.73,tt:0.31,num_interact:191,Intrvl:15,num_users:626,errors:0
rt:27.54,through:12.8,tt:0.37,num_interact:192,Intrvl:15,num_users:619,errors:0
rt:33.57,through:12.8,tt:0.37,num_interact:192,Intrvl:15,num_users:615,errors:0
rt:33.98,through:11.4,tt:0.34,num_interact:171,Intrvl:15,num_users:570,errors:0
rt:34.4,through:11.47,tt:0.33,num_interact:172,Intrvl:15,num_users:584,errors:0
rt:33.15,through:13.07,tt:0.39,num_interact:196,Intrvl:15,num_users:589,errors:0
rt:30.93,through:13.07,tt:0.36,num_interact:196,Intrvl:15,num_users:613,errors:0
rt:32.66,through:12.8,tt:0.36,num_interact:192,Intrvl:15,num_users:630,errors:0
rt:33.43,through:12.53,tt:0.38,num_interact:188,Intrvl:15,num_users:596,errors:0
rt:34.12,through:11.87,tt:0.37,num_interact:178,Intrvl:15,num_users:601,errors:0
rt:33.41,through:10.93,tt:0.35,num_interact:164,Intrvl:15,num_users:542,errors:0
rt:33.93,through:11.47,tt:0.33,num_interact:172,Intrvl:15,num_users:629,errors:0
rt:32.78,through:11.33,tt:0.36,num_interact:170,Intrvl:15,num_users:598,errors:0
rt:35,through:12.07,tt:0.41,num_interact:181,Intrvl:15,num_users:652,errors:0
rt:34.19,through:12.53,tt:0.38,num_interact:188,Intrvl:15,num_users:584,errors:0
rt:36.93,through:9.67,tt:0.33,num_interact:145,Intrvl:15,num_users:615,errors:0
rt:36.14,through:12.2,tt:0.39,num_interact:183,Intrvl:15,num_users:624,errors:0
rt:37.62,through:10.27,tt:0.36,num_interact:154,Intrvl:15,num_users:550,errors:0
rt:34.09,through:11.4,tt:0.37,num_interact:171,Intrvl:15,num_users:613,errors:0
rt:32.91,through:11,tt:0.32,num_interact:165,Intrvl:15,num_users:561,errors:0
rt:34.88,through:11.07,tt:0.35,num_interact:166,Intrvl:15,num_users:701,errors:0
rt:34.58,through:12.53,tt:0.39,num_interact:188,Intrvl:15,num_users:634,errors:0
rt:37.63,through:9,tt:0.42,num_interact:135,Intrvl:15,num_users:697,errors:0
rt:39.4,through:13.2,tt:0.36,num_interact:198,Intrvl:15,num_users:724,errors:0
rt:42.26,through:10.2,tt:0.36,num_interact:153,Intrvl:15,num_users:641,errors:0
rt:41.41,through:10.53,tt:0.33,num_interact:158,Intrvl:15,num_users:686,errors:0
rt:41.91,through:12.13,tt:0.36,num_interact:182,Intrvl:15,num_users:603,errors:0
rt:40.99,through:8.67,tt:0.33,num_interact:130,Intrvl:15,num_users:623,errors:0
rt:40.25,through:12.4,tt:0.33,num_interact:186,Intrvl:15,num_users:658,errors:5
rt:39.22,through:13,tt:0.36,num_interact:195,Intrvl:15,num_users:710,errors:12
rt:27.67,through:21.53,tt:0.34,num_interact:327,Intrvl:15,num_users:643,errors:0
rt:21.52,through:23.67,tt:0.37,num_interact:355,Intrvl:15,num_users:710,errors:0
rt:23.18,through:11.13,tt:0.4,num_interact:167,Intrvl:15,num_users:739,errors:0
rt:42.93,through:0.13,tt:0.43,num_interact:2,Intrvl:15,num_users:708,errors:0
rt:41.61,through:0.4,tt:0.82,num_interact:6,Intrvl:15,num_users:658,errors:0
rt:70.75,through:0.13,tt:0.04,num_interact:2,Intrvl:15,num_users:658,errors:0
rt:110.94,through:38.87,tt:0.35,num_interact:583,Intrvl:15,num_users:627,errors:0
rt:26.07,through:16,tt:0.38,num_interact:240,Intrvl:15,num_users:706,errors:0
rt:314.85,through:3.4,tt:0.38,num_interact:51,Intrvl:15,num_users:696,errors:0
rt:367.59,through:1.87,tt:0.48,num_interact:28,Intrvl:15,num_users:661,errors:0
rt:345.41,through:12.33,tt:0.31,num_interact:185,Intrvl:15,num_users:678,errors:0
rt:495.29,through:4.13,tt:0.32,num_interact:62,Intrvl:15,num_users:655,errors:0
rt:239.65,through:16.27,tt:0.35,num_interact:244,Intrvl:15,num_users:686,errors:0
rt:28.05,through:11,tt:0.35,num_interact:165,Intrvl:15,num_users:651,errors:0
rt:31.52,through:14.07,tt:0.38,num_interact:211,Intrvl:15,num_users:715,errors:0
rt:36.42,through:13.33,tt:0.43,num_interact:200,Intrvl:15,num_users:725,errors:0
rt:29.82,through:13.27,tt:0.34,num_interact:199,Intrvl:15,num_users:720,errors:0
rt:31.31,through:10.4,tt:0.34,num_interact:156,Intrvl:15,num_users:643,errors:0
rt:30.19,through:11.6,tt:0.37,num_interact:175,Intrvl:15,num_users:633,errors:0
rt:28.24,through:12.67,tt:0.38,num_interact:190,Intrvl:15,num_users:608,errors:0
rt:23.65,through:13.33,tt:0.33,num_interact:200,Intrvl:15,num_users:648,errors:0
rt:24.15,through:13.4,tt:0.36,num_interact:201,Intrvl:15,num_users:672,errors:0
rt:27.47,through:12.47,tt:0.37,num_interact:187,Intrvl:15,num_users:638,errors:0
rt:27.54,through:13.13,tt:0.36,num_interact:197,Intrvl:15,num_users:665,errors:0
rt:27.17,through:13.33,tt:0.33,num_interact:200,Intrvl:15,num_users:662,errors:0
rt:27.02,through:13.6,tt:0.39,num_interact:204,Intrvl:15,num_users:686,errors:0
rt:26.82,through:13.53,tt:0.35,num_interact:203,Intrvl:15,num_users:778,errors:0
rt:29.55,through:13.13,tt:0.34,num_interact:197,Intrvl:15,num_users:749,errors:0
rt:34.23,through:10.6,tt:0.41,num_interact:159,Intrvl:15,num_users:697,errors:0
rt:35.03,through:11.07,tt:0.34,num_interact:166,Intrvl:15,num_users:643,errors:0
rt:31.62,through:11.47,tt:0.33,num_interact:172,Intrvl:15,num_users:662,errors:0
rt:29.34,through:13.6,tt:0.36,num_interact:204,Intrvl:15,num_users:666,errors:0
rt:28.29,through:13.07,tt:0.34,num_interact:196,Intrvl:15,num_users:657,errors:0
rt:27.97,through:10.6,tt:0.38,num_interact:159,Intrvl:15,num_users:577,errors:0
rt:26.54,through:12.27,tt:0.38,num_interact:184,Intrvl:15,num_users:666,errors:0
rt:25.38,through:13.2,tt:0.39,num_interact:198,Intrvl:15,num_users:697,errors:0
rt:27.77,through:13.47,tt:0.38,num_interact:202,Intrvl:15,num_users:804,errors:0
rt:30.91,through:12.07,tt:0.39,num_interact:181,Intrvl:15,num_users:725,errors:0
rt:35.89,through:8,tt:0.37,num_interact:120,Intrvl:15,num_users:605,errors:0
rt:37.93,through:9.53,tt:0.34,num_interact:143,Intrvl:15,num_users:595,errors:0
rt:32.57,through:11.47,tt:0.34,num_interact:172,Intrvl:15,num_users:596,errors:0
rt:25.11,through:13.47,tt:0.34,num_interact:202,Intrvl:15,num_users:595,errors:0
rt:23.25,through:13.87,tt:0.37,num_interact:208,Intrvl:15,num_users:634,errors:0
rt:24.16,through:13.53,tt:0.38,num_interact:203,Intrvl:15,num_users:644,errors:0
rt:25.45,through:10.53,tt:0.33,num_interact:158,Intrvl:15,num_users:545,errors:0
rt:26.32,through:10.8,tt:0.34,num_interact:162,Intrvl:15,num_users:560,errors:0
rt:22.98,through:12.27,tt:0.36,num_interact:184,Intrvl:15,num_users:533,errors:0
rt:20.28,through:13.67,tt:0.41,num_interact:205,Intrvl:15,num_users:585,errors:0
rt:20.32,through:13.47,tt:0.38,num_interact:202,Intrvl:15,num_users:623,errors:0
rt:24.33,through:13.8,tt:0.36,num_interact:207,Intrvl:15,num_users:645,errors:0
rt:25.82,through:12,tt:0.39,num_interact:180,Intrvl:15,num_users:602,errors:0
rt:27.62,through:11.07,tt:0.37,num_interact:166,Intrvl:15,num_users:567,errors:0
rt:25.4,through:12.8,tt:0.35,num_interact:192,Intrvl:15,num_users:713,errors:0
rt:24.43,through:13.53,tt:0.41,num_interact:203,Intrvl:15,num_users:727,errors:0
rt:31.18,through:12.6,tt:0.37,num_interact:189,Intrvl:15,num_users:679,errors:0
rt:34.36,through:8.93,tt:0.33,num_interact:134,Intrvl:15,num_users:596,errors:0
rt:31.26,through:11.2,tt:0.33,num_interact:168,Intrvl:15,num_users:601,errors:0
rt:28.95,through:13.6,tt:0.34,num_interact:204,Intrvl:15,num_users:606,errors:0
rt:23.98,through:13.6,tt:0.36,num_interact:204,Intrvl:15,num_users:644,errors:0
rt:24.91,through:13.47,tt:0.4,num_interact:202,Intrvl:15,num_users:671,errors:0
rt:28.29,through:12.07,tt:0.37,num_interact:181,Intrvl:15,num_users:634,errors:0
rt:29.44,through:11.07,tt:0.36,num_interact:166,Intrvl:15,num_users:588,errors:0
rt:28.28,through:12.73,tt:0.31,num_interact:191,Intrvl:15,num_users:664,errors:0
rt:24.99,through:13.53,tt:0.44,num_interact:203,Intrvl:15,num_users:689,errors:0
rt:28.69,through:12.27,tt:0.34,num_interact:184,Intrvl:15,num_users:662,errors:0
rt:30.61,through:10.6,tt:0.33,num_interact:159,Intrvl:15,num_users:613,errors:0
rt:29.26,through:13,tt:0.33,num_interact:195,Intrvl:15,num_users:606,errors:0
rt:27.42,through:13.4,tt:0.36,num_interact:201,Intrvl:15,num_users:634,errors:0
rt:24.64,through:11.47,tt:0.36,num_interact:172,Intrvl:15,num_users:601,errors:2
rt:20.7,through:17.53,tt:0.32,num_interact:263,Intrvl:15,num_users:661,errors:1
rt:16.04,through:23.8,tt:0.37,num_interact:357,Intrvl:15,num_users:638,errors:0
rt:16,through:25.6,tt:0.38,num_interact:384,Intrvl:15,num_users:686,errors:0
rt:14.87,through:20.4,tt:0.38,num_interact:306,Intrvl:15,num_users:575,errors:0
rt:12.8,through:24.27,tt:0.38,num_interact:364,Intrvl:15,num_users:577,errors:0
rt:12.46,through:26.6,tt:0.38,num_interact:401,Intrvl:15,num_users:599,errors:0
rt:12.23,through:26.73,tt:0.37,num_interact:401,Intrvl:15,num_users:617,errors:0
rt:13.29,through:25.93,tt:0.35,num_interact:389,Intrvl:15,num_users:662,errors:0
rt:15.11,through:18.53,tt:0.34,num_interact:278,Intrvl:15,num_users:690,errors:0
rt:24.36,through:0.67,tt:0.24,num_interact:10,Intrvl:15,num_users:640,errors:0
rt:44.06,through:1.33,tt:0.44,num_interact:20,Intrvl:15,num_users:627,errors:0
rt:39.85,through:2.27,tt:0.3,num_interact:34,Intrvl:15,num_users:603,errors:0
rt:55.11,through:1.47,tt:0.32,num_interact:22,Intrvl:15,num_users:601,errors:0
rt:58.52,through:39.73,tt:0.34,num_interact:596,Intrvl:15,num_users:675,errors:0
rt:16.52,through:25.53,tt:0.34,num_interact:383,Intrvl:15,num_users:661,errors:0
rt:13.47,through:21.33,tt:0.37,num_interact:320,Intrvl:15,num_users:566,errors:0
rt:12.3,through:25.93,tt:0.34,num_interact:389,Intrvl:15,num_users:603,errors:0
rt:12.94,through:11.07,tt:0.35,num_interact:170,Intrvl:15,num_users:714,errors:0
rt:?,through:0,tt:0.41,num_interact:146,Intrvl:15,num_users:700,errors:0
rt:424.41,through:1.87,tt:0.33,num_interact:28,Intrvl:15,num_users:662,errors:0
rt:439.42,through:1.93,tt:0.36,num_interact:29,Intrvl:15,num_users:560,errors:0
rt:97.98,through:93.33,tt:0.35,num_interact:1400,Intrvl:15,num_users:666,errors:0
rt:20.69,through:12.87,tt:0.38,num_interact:193,Intrvl:15,num_users:703,errors:600
rt:23.46,through:11.73,tt:0.39,num_interact:176,Intrvl:15,num_users:676,errors:0
rt:24.73,through:11.13,tt:0.33,num_interact:167,Intrvl:15,num_users:640,errors:0
rt:23.95,through:12.47,tt:0.36,num_interact:187,Intrvl:15,num_users:662,errors:0
rt:23.15,through:12.73,tt:0.39,num_interact:191,Intrvl:15,num_users:693,errors:0
rt:24.84,through:10.4,tt:0.4,num_interact:156,Intrvl:15,num_users:647,errors:0
rt:23.97,through:12.4,tt:0.35,num_interact:186,Intrvl:15,num_users:661,errors:0
rt:21.7,through:11.87,tt:0.36,num_interact:178,Intrvl:15,num_users:643,errors:0
rt:22.56,through:12.73,tt:0.34,num_interact:191,Intrvl:15,num_users:707,errors:0
rt:24.14,through:11.53,tt:0.39,num_interact:173,Intrvl:15,num_users:678,errors:0
rt:26.04,through:12.47,tt:0.37,num_interact:187,Intrvl:15,num_users:762,errors:0
rt:25.51,through:10.47,tt:0.41,num_interact:157,Intrvl:15,num_users:717,errors:0
rt:30.14,through:12.4,tt:0.4,num_interact:186,Intrvl:15,num_users:722,errors:0
rt:29.4,through:10.07,tt:0.38,num_interact:151,Intrvl:15,num_users:651,errors:0
rt:26.34,through:11.27,tt:0.34,num_interact:169,Intrvl:15,num_users:648,errors:0
rt:22.84,through:12.47,tt:0.34,num_interact:187,Intrvl:15,num_users:689,errors:0
rt:23.26,through:9.47,tt:0.32,num_interact:142,Intrvl:15,num_users:606,errors:0
rt:23.03,through:11.4,tt:0.4,num_interact:171,Intrvl:15,num_users:701,errors:0
rt:24.78,through:12.47,tt:0.4,num_interact:187,Intrvl:15,num_users:767,errors:0
rt:26.18,through:6.33,tt:0.35,num_interact:95,Intrvl:15,num_users:550,errors:0
rt:28.33,through:7,tt:0.41,num_interact:105,Intrvl:15,num_users:640,errors:0
rt:26.34,through:9.4,tt:0.39,num_interact:141,Intrvl:15,num_users:599,errors:0
rt:23.44,through:12,tt:0.34,num_interact:180,Intrvl:15,num_users:738,errors:0
rt:24.11,through:5.93,tt:0.37,num_interact:89,Intrvl:15,num_users:602,errors:0
rt:27.93,through:11.47,tt:0.33,num_interact:172,Intrvl:15,num_users:626,errors:0
rt:22.05,through:12.07,tt:0.37,num_interact:181,Intrvl:15,num_users:658,errors:0
rt:22.06,through:7.2,tt:0.37,num_interact:108,Intrvl:15,num_users:515,errors:0
rt:20.09,through:10.13,tt:0.37,num_interact:152,Intrvl:15,num_users:570,errors:0
rt:18.07,through:12.93,tt:0.41,num_interact:194,Intrvl:15,num_users:615,errors:0
rt:19.62,through:12.8,tt:0.35,num_interact:192,Intrvl:15,num_users:686,errors:0
rt:22.05,through:6.07,tt:0.34,num_interact:91,Intrvl:15,num_users:532,errors:0
rt:23.97,through:9.93,tt:0.34,num_interact:149,Intrvl:15,num_users:669,errors:0
rt:21.53,through:12.6,tt:0.45,num_interact:189,Intrvl:15,num_users:682,errors:0
rt:25.87,through:11.67,tt:0.36,num_interact:175,Intrvl:15,num_users:655,errors:0
rt:25.99,through:12.2,tt:0.38,num_interact:183,Intrvl:15,num_users:666,errors:0
rt:24.01,through:13,tt:0.32,num_interact:195,Intrvl:15,num_users:696,errors:0
rt:25.76,through:8.4,tt:0.34,num_interact:126,Intrvl:15,num_users:592,errors:0
rt:26.23,through:10.4,tt:0.37,num_interact:156,Intrvl:15,num_users:580,errors:0
rt:21.63,through:12.2,tt:0.33,num_interact:183,Intrvl:15,num_users:606,errors:0
rt:19.94,through:12.8,tt:0.35,num_interact:192,Intrvl:15,num_users:651,errors:0
rt:21.43,through:13,tt:0.39,num_interact:195,Intrvl:15,num_users:644,errors:0
rt:21.25,through:12.67,tt:0.31,num_interact:190,Intrvl:15,num_users:671,errors:0
rt:24.08,through:12,tt:0.38,num_interact:180,Intrvl:15,num_users:657,errors:0
rt:24.33,through:11.6,tt:0.39,num_interact:174,Intrvl:15,num_users:633,errors:0
rt:24,through:12.6,tt:0.32,num_interact:189,Intrvl:15,num_users:633,errors:0
rt:21.43,through:9.47,tt:0.33,num_interact:142,Intrvl:15,num_users:561,errors:0
rt:20.72,through:12,tt:0.37,num_interact:180,Intrvl:15,num_users:591,errors:0
rt:18.55,through:12.4,tt:0.35,num_interact:186,Intrvl:15,num_users:598,errors:22
rt:16.21,through:14.33,tt:0.37,num_interact:215,Intrvl:15,num_users:584,errors:0
rt:9.48,through:24.2,tt:0.35,num_interact:364,Intrvl:15,num_users:566,errors:0
rt:8.34,through:22.73,tt:0.37,num_interact:341,Intrvl:15,num_users:532,errors:0
rt:9.32,through:22.93,tt:0.36,num_interact:346,Intrvl:15,num_users:584,errors:0
rt:6.72,through:21.87,tt:0.33,num_interact:328,Intrvl:15,num_users:491,errors:0
rt:9.29,through:22.93,tt:0.37,num_interact:344,Intrvl:15,num_users:591,errors:0
rt:8.69,through:22.2,tt:0.34,num_interact:333,Intrvl:15,num_users:525,errors:0
rt:6.06,through:24.67,tt:0.36,num_interact:370,Intrvl:15,num_users:496,errors:0
rt:8.13,through:24.27,tt:0.38,num_interact:364,Intrvl:15,num_users:563,errors:0
rt:7.4,through:23.2,tt:0.37,num_interact:348,Intrvl:15,num_users:511,errors:0
rt:8.27,through:24.93,tt:0.37,num_interact:377,Intrvl:15,num_users:587,errors:0
rt:9.83,through:25.8,tt:0.37,num_interact:387,Intrvl:15,num_users:609,errors:0
rt:9.99,through:23.87,tt:0.34,num_interact:358,Intrvl:15,num_users:575,errors:0
rt:9.19,through:25.6,tt:0.36,num_interact:384,Intrvl:15,num_users:584,errors:0
rt:10.1,through:25.4,tt:0.37,num_interact:381,Intrvl:15,num_users:655,errors:0
rt:10.94,through:18.4,tt:0.35,num_interact:276,Intrvl:15,num_users:531,errors:0
rt:7.68,through:24.67,tt:0.34,num_interact:370,Intrvl:15,num_users:518,errors:0
rt:7.39,through:25.73,tt:0.37,num_interact:386,Intrvl:15,num_users:546,errors:0
rt:6.94,through:24.13,tt:0.36,num_interact:362,Intrvl:15,num_users:504,errors:0
rt:5.57,through:24.67,tt:0.34,num_interact:370,Intrvl:15,num_users:455,errors:0
rt:8.56,through:24.07,tt:0.4,num_interact:361,Intrvl:15,num_users:594,errors:0
rt:8.88,through:19,tt:0.34,num_interact:285,Intrvl:15,num_users:479,errors:0
rt:8.14,through:25.4,tt:0.39,num_interact:381,Intrvl:15,num_users:549,errors:0
rt:8.34,through:23.53,tt:0.39,num_interact:353,Intrvl:15,num_users:508,errors:0
rt:7.82,through:25.67,tt:0.36,num_interact:387,Intrvl:15,num_users:528,errors:0
rt:9.51,through:25.73,tt:0.38,num_interact:387,Intrvl:15,num_users:657,errors:0
rt:13.21,through:25.2,tt:0.36,num_interact:378,Intrvl:15,num_users:652,errors:0
rt:12.84,through:25.8,tt:0.34,num_interact:390,Intrvl:15,num_users:647,errors:0
rt:12.67,through:22.73,tt:0.38,num_interact:341,Intrvl:15,num_users:594,errors:0
rt:10.26,through:19.33,tt:0.34,num_interact:290,Intrvl:15,num_users:491,errors:0
rt:8.56,through:25.4,tt:0.37,num_interact:381,Intrvl:15,num_users:556,errors:0
rt:9.62,through:25.67,tt:0.39,num_interact:385,Intrvl:15,num_users:594,errors:0
rt:10.95,through:24.47,tt:0.38,num_interact:367,Intrvl:15,num_users:578,errors:0
rt:10.06,through:24.67,tt:0.33,num_interact:370,Intrvl:15,num_users:554,errors:0
rt:9.15,through:24.13,tt:0.33,num_interact:362,Intrvl:15,num_users:531,errors:0
rt:8.97,through:26,tt:0.37,num_interact:390,Intrvl:15,num_users:598,errors:0
rt:10.27,through:21.93,tt:0.34,num_interact:329,Intrvl:15,num_users:540,errors:0
rt:9.6,through:25.93,tt:0.38,num_interact:389,Intrvl:15,num_users:595,errors:0
rt:10.85,through:25.47,tt:0.36,num_interact:383,Intrvl:15,num_users:591,errors:0
rt:10.13,through:20.53,tt:0.36,num_interact:308,Intrvl:15,num_users:505,errors:0
rt:8.61,through:25.47,tt:0.37,num_interact:382,Intrvl:15,num_users:578,errors:0
rt:9.63,through:23.13,tt:0.38,num_interact:347,Intrvl:15,num_users:536,errors:0
rt:8.87,through:25,tt:0.37,num_interact:375,Intrvl:15,num_users:522,errors:0
rt:7.46,through:23.67,tt:0.34,num_interact:355,Intrvl:15,num_users:493,errors:0
rt:7.35,through:26.33,tt:0.39,num_interact:395,Intrvl:15,num_users:524,errors:0
rt:7.86,through:24.67,tt:0.33,num_interact:370,Intrvl:15,num_users:503,errors:0
rt:8.27,through:25.8,tt:0.36,num_interact:387,Intrvl:15,num_users:560,errors:0
rt:9.58,through:26.2,tt:0.39,num_interact:393,Intrvl:15,num_users:580,errors:0
rt:9.99,through:25.2,tt:0.32,num_interact:378,Intrvl:15,num_users:581,errors:0
rt:9.81,through:22.93,tt:0.31,num_interact:344,Intrvl:15,num_users:528,errors:0
rt:8.63,through:25.8,tt:0.36,num_interact:387,Intrvl:15,num_users:547,errors:0
rt:8.36,through:21.8,tt:0.32,num_interact:331,Intrvl:15,num_users:484,errors:0
rt:7.18,through:25.73,tt:0.31,num_interact:387,Intrvl:15,num_users:515,errors:0
rt:8.49,through:26.13,tt:0.36,num_interact:392,Intrvl:15,num_users:557,errors:13
rt:8.13,through:29.73,tt:0.34,num_interact:446,Intrvl:15,num_users:536,errors:0
rt:4.3,through:35.73,tt:0.33,num_interact:536,Intrvl:15,num_users:466,errors:0
rt:4.7,through:35.87,tt:0.34,num_interact:538,Intrvl:15,num_users:494,errors:0
rt:4.81,through:38.93,tt:0.36,num_interact:584,Intrvl:15,num_users:501,errors:0
rt:5.89,through:36,tt:0.36,num_interact:540,Intrvl:15,num_users:561,errors:0
rt:7.86,through:28.4,tt:0.34,num_interact:426,Intrvl:15,num_users:564,errors:0
rt:7.85,through:32.67,tt:0.35,num_interact:492,Intrvl:15,num_users:540,errors:0
rt:5.64,through:39.07,tt:0.36,num_interact:597,Intrvl:15,num_users:532,errors:0
rt:5.75,through:37,tt:0.35,num_interact:555,Intrvl:15,num_users:540,errors:0
rt:5.14,through:38.33,tt:0.34,num_interact:575,Intrvl:15,num_users:512,errors:0
rt:5.94,through:36.73,tt:0.37,num_interact:551,Intrvl:15,num_users:561,errors:0
rt:8.09,through:37.2,tt:0.34,num_interact:563,Intrvl:15,num_users:589,errors:0
rt:6.8,through:24.73,tt:0.33,num_interact:371,Intrvl:15,num_users:574,errors:0
rt:9.36,through:32.4,tt:0.34,num_interact:486,Intrvl:15,num_users:543,errors:0
rt:5.74,through:34.67,tt:0.34,num_interact:520,Intrvl:15,num_users:494,errors:0
rt:5.05,through:39.4,tt:0.39,num_interact:591,Intrvl:15,num_users:525,errors:0
rt:5.38,through:38.8,tt:0.33,num_interact:583,Intrvl:15,num_users:535,errors:0
rt:7.29,through:22.87,tt:0.33,num_interact:343,Intrvl:15,num_users:578,errors:0
rt:15.3,through:5,tt:0.43,num_interact:75,Intrvl:15,num_users:629,errors:0
rt:31.57,through:3.13,tt:0.42,num_interact:47,Intrvl:15,num_users:574,errors:0
rt:37.73,through:4.33,tt:0.39,num_interact:65,Intrvl:15,num_users:469,errors:0
rt:21.85,through:20.47,tt:0.34,num_interact:307,Intrvl:15,num_users:484,errors:0
rt:3.94,through:36,tt:0.35,num_interact:540,Intrvl:15,num_users:437,errors:0
rt:3.28,through:37.53,tt:0.35,num_interact:563,Intrvl:15,num_users:430,errors:0
rt:4.13,through:36.33,tt:0.38,num_interact:545,Intrvl:15,num_users:463,errors:13
rt:4.44,through:41.6,tt:0.35,num_interact:625,Intrvl:15,num_users:487,errors:0
rt:3.3,through:44.13,tt:0.34,num_interact:675,Intrvl:15,num_users:452,errors:6
rt:4.55,through:34.93,tt:0.36,num_interact:524,Intrvl:15,num_users:525,errors:19
rt:6.68,through:35,tt:0.34,num_interact:525,Intrvl:15,num_users:533,errors:0
rt:5.43,through:43.6,tt:0.35,num_interact:774,Intrvl:15,num_users:500,errors:0
rt:4.31,through:46.07,tt:0.35,num_interact:706,Intrvl:15,num_users:494,errors:0
rt:4.86,through:30.13,tt:0.38,num_interact:452,Intrvl:15,num_users:573,errors:0
rt:7.95,through:40,tt:0.35,num_interact:633,Intrvl:15,num_users:536,errors:0
rt:6.65,through:31.73,tt:0.35,num_interact:476,Intrvl:15,num_users:578,errors:0
rt:9.55,through:34.8,tt:0.36,num_interact:522,Intrvl:15,num_users:575,errors:0
rt:3.11,through:40.93,tt:0.33,num_interact:615,Intrvl:15,num_users:353,errors:0
rt:2.58,through:51.87,tt:0.34,num_interact:778,Intrvl:15,num_users:372,errors:0
rt:2.52,through:53.73,tt:0.33,num_interact:806,Intrvl:15,num_users:367,errors:0
rt:2.57,through:45.93,tt:0.35,num_interact:689,Intrvl:15,num_users:371,errors:0
rt:2.96,through:63.8,tt:0.33,num_interact:957,Intrvl:15,num_users:398,errors:0
rt:3.41,through:49.27,tt:0.35,num_interact:739,Intrvl:15,num_users:405,errors:0
rt:2.17,through:51.53,tt:0.35,num_interact:773,Intrvl:15,num_users:335,errors:0
rt:2.63,through:45.47,tt:0.37,num_interact:682,Intrvl:15,num_users:375,errors:0
rt:2.8,through:51.07,tt:0.35,num_interact:773,Intrvl:15,num_users:371,errors:0
rt:3.1,through:54.07,tt:0.35,num_interact:900,Intrvl:15,num_users:370,errors:0
rt:3.56,through:47.47,tt:0.33,num_interact:712,Intrvl:15,num_users:395,errors:0
rt:2.93,through:43.93,tt:0.33,num_interact:669,Intrvl:15,num_users:370,errors:0
rt:3.21,through:51.47,tt:0.33,num_interact:772,Intrvl:15,num_users:381,errors:0
rt:2.75,through:48.47,tt:0.36,num_interact:727,Intrvl:15,num_users:371,errors:0
rt:3.01,through:44.87,tt:0.32,num_interact:673,Intrvl:15,num_users:363,errors:0
rt:2.84,through:70.33,tt:0.35,num_interact:1055,Intrvl:15,num_users:372,errors:0
rt:4.06,through:48.53,tt:0.36,num_interact:728,Intrvl:15,num_users:433,errors:0
rt:3.93,through:38.93,tt:0.35,num_interact:584,Intrvl:15,num_users:400,errors:0
rt:4.78,through:43.6,tt:0.37,num_interact:654,Intrvl:15,num_users:445,errors:0
rt:3.33,through:49.13,tt:0.36,num_interact:737,Intrvl:15,num_users:382,errors:18
rt:2.75,through:50.53,tt:0.34,num_interact:775,Intrvl:15,num_users:374,errors:6
rt:3.48,through:54.93,tt:0.36,num_interact:880,Intrvl:15,num_users:428,errors:0
rt:3.46,through:48.13,tt:0.34,num_interact:843,Intrvl:15,num_users:385,errors:0
rt:2.26,through:58.2,tt:0.33,num_interact:947,Intrvl:15,num_users:349,errors:0
rt:3.22,through:45.47,tt:0.37,num_interact:682,Intrvl:15,num_users:423,errors:0
rt:4.26,through:46.2,tt:0.34,num_interact:693,Intrvl:15,num_users:409,errors:0
rt:3.5,through:49.4,tt:0.34,num_interact:741,Intrvl:15,num_users:393,errors:0
rt:3.24,through:48.13,tt:0.33,num_interact:722,Intrvl:15,num_users:399,errors:0
rt:3.56,through:48.4,tt:0.35,num_interact:726,Intrvl:15,num_users:406,errors:0
rt:2.02,through:57.47,tt:0.36,num_interact:866,Intrvl:15,num_users:329,errors:0
rt:3.24,through:163.67,tt:0.36,num_interact:2502,Intrvl:15,num_users:438,errors:0
rt:4.62,through:47.07,tt:0.33,num_interact:737,Intrvl:15,num_users:431,errors:0
rt:3.29,through:51.53,tt:0.32,num_interact:774,Intrvl:15,num_users:374,errors:0
rt:3.36,through:45.67,tt:0.36,num_interact:685,Intrvl:15,num_users:405,errors:0
rt:2.96,through:52.27,tt:0.36,num_interact:805,Intrvl:15,num_users:365,errors:0
rt:2.89,through:54,tt:0.33,num_interact:815,Intrvl:15,num_users:379,errors:0
rt:4.34,through:55.4,tt:0.34,num_interact:893,Intrvl:15,num_users:437,errors:0
rt:5.03,through:57.93,tt:0.35,num_interact:869,Intrvl:15,num_users:454,errors:0
rt:6.15,through:83.8,tt:0.36,num_interact:1257,Intrvl:15,num_users:510,errors:0
rt:3.41,through:49.13,tt:0.34,num_interact:884,Intrvl:15,num_users:370,errors:0
rt:3.94,through:50.47,tt:0.35,num_interact:757,Intrvl:15,num_users:421,errors:0
rt:3.34,through:49.87,tt:0.34,num_interact:748,Intrvl:15,num_users:384,errors:0
rt:4.42,through:39.07,tt:0.37,num_interact:586,Intrvl:15,num_users:442,errors:0
rt:4.84,through:45.47,tt:0.36,num_interact:682,Intrvl:15,num_users:438,errors:0
rt:2.17,through:54.13,tt:0.34,num_interact:834,Intrvl:15,num_users:330,errors:0
rt:2.02,through:68.33,tt:0.35,num_interact:1041,Intrvl:15,num_users:346,errors:0
Terminating EBs...
EB TPCW Broswing Mix EB #202commiting suicide!
EB TPCW Broswing Mix EB #10commiting suicide!
EB TPCW Broswing Mix EB #1726commiting suicide!
EB TPCW Broswing Mix EB #16740commiting suicide!
EB TPCW Broswing Mix EB #136commiting suicide!
EB TPCW Broswing Mix EB #88commiting suicide!
EB TPCW Broswing Mix EB #63commiting suicide!
EB TPCW Broswing Mix EB #182commiting suicide!
EB TPCW Broswing Mix EB #3817commiting suicide!
EB TPCW Broswing Mix EB #16746commiting suicide!
EB TPCW Broswing Mix EB #147commiting suicide!
EB TPCW Broswing Mix EB #19commiting suicide!
EB TPCW Broswing Mix EB #107commiting suicide!
EB TPCW Broswing Mix EB #16741commiting suicide!
EB TPCW Broswing Mix EB #79commiting suicide!
EB TPCW Broswing Mix EB #1644commiting suicide!
EB TPCW Broswing Mix EB #3830commiting suicide!
EB TPCW Broswing Mix EB #1656commiting suicide!
EB TPCW Broswing Mix EB #140commiting suicide!
EB TPCW Broswing Mix EB #30commiting suicide!
EB TPCW Broswing Mix EB #203commiting suicide!
EB TPCW Broswing Mix EB #94commiting suicide!
EB TPCW Broswing Mix EB #16747commiting suicide!
EB TPCW Broswing Mix EB #187commiting suicide!
EB TPCW Broswing Mix EB #1733commiting suicide!
EB TPCW Broswing Mix EB #4018commiting suicide!
EB TPCW Broswing Mix EB #1713commiting suicide!
EB TPCW Broswing Mix EB #124commiting suicide!
EB TPCW Broswing Mix EB #16738commiting suicide!
EB TPCW Broswing Mix EB #241commiting suicide!
EB TPCW Broswing Mix EB #4021commiting suicide!
EB TPCW Broswing Mix EB #1720commiting suicide!
EB TPCW Broswing Mix EB #1712commiting suicide!
EB TPCW Broswing Mix EB #4016commiting suicide!
EB TPCW Broswing Mix EB #29commiting suicide!
EB TPCW Broswing Mix EB #40commiting suicide!
EB TPCW Broswing Mix EB #109commiting suicide!
EB TPCW Broswing Mix EB #173commiting suicide!
EB TPCW Broswing Mix EB #16733commiting suicide!
EB TPCW Broswing Mix EB #74commiting suicide!
EB TPCW Broswing Mix EB #1646commiting suicide!
EB TPCW Broswing Mix EB #3809commiting suicide!
EB TPCW Broswing Mix EB #207commiting suicide!
EB TPCW Broswing Mix EB #91commiting suicide!
EB TPCW Broswing Mix EB #48commiting suicide!
EB TPCW Broswing Mix EB #112commiting suicide!
EB TPCW Broswing Mix EB #60commiting suicide!
EB TPCW Broswing Mix EB #129commiting suicide!
EB TPCW Broswing Mix EB #267commiting suicide!
EB TPCW Broswing Mix EB #191commiting suicide!
EB TPCW Broswing Mix EB #84commiting suicide!
EB TPCW Broswing Mix EB #1732commiting suicide!
EB TPCW Broswing Mix EB #154commiting suicide!
EB TPCW Broswing Mix EB #68commiting suicide!
EB TPCW Broswing Mix EB #134commiting suicide!
EB TPCW Broswing Mix EB #198commiting suicide!
EB TPCW Broswing Mix EB #108commiting suicide!
EB TPCW Broswing Mix EB #238commiting suicide!
EB TPCW Broswing Mix EB #1710commiting suicide!
EB TPCW Broswing Mix EB #1651commiting suicide!
EB TPCW Broswing Mix EB #16732commiting suicide!
EB TPCW Broswing Mix EB #269commiting suicide!
EB TPCW Broswing Mix EB #16734commiting suicide!
EB TPCW Broswing Mix EB #128commiting suicide!
EB TPCW Broswing Mix EB #185commiting suicide!
EB TPCW Broswing Mix EB #146commiting suicide!
EB TPCW Broswing Mix EB #1657commiting suicide!
EB TPCW Broswing Mix EB #16736commiting suicide!
EB TPCW Broswing Mix EB #3828commiting suicide!
EB TPCW Broswing Mix EB #16742commiting suicide!
EB TPCW Broswing Mix EB #50commiting suicide!
EB TPCW Broswing Mix EB #16744commiting suicide!
EB TPCW Broswing Mix EB #1718commiting suicide!
EB TPCW Broswing Mix EB #41commiting suicide!
EB TPCW Broswing Mix EB #151commiting suicide!
EB TPCW Broswing Mix EB #3811commiting suicide!
EB TPCW Broswing Mix EB #3565commiting suicide!
EB TPCW Broswing Mix EB #3826commiting suicide!
EB TPCW Broswing Mix EB #87commiting suicide!
EB TPCW Broswing Mix EB #51commiting suicide!
EB TPCW Broswing Mix EB #166commiting suicide!
EB TPCW Broswing Mix EB #16745commiting suicide!
EB TPCW Broswing Mix EB #131commiting suicide!
EB TPCW Broswing Mix EB #148commiting suicide!
EB TPCW Broswing Mix EB #16737commiting suicide!
EB TPCW Broswing Mix EB #234commiting suicide!
EB TPCW Broswing Mix EB #16735commiting suicide!
EB TPCW Broswing Mix EB #127commiting suicide!
EB TPCW Broswing Mix EB #1674commiting suicide!
EB TPCW Broswing Mix EB #1709commiting suicide!
EB TPCW Broswing Mix EB #100commiting suicide!
EB TPCW Broswing Mix EB #62commiting suicide!
EB TPCW Broswing Mix EB #229commiting suicide!
EB TPCW Broswing Mix EB #16338commiting suicide!
EB TPCW Broswing Mix EB #122commiting suicide!
EB TPCW Broswing Mix EB #268commiting suicide!
EB TPCW Broswing Mix EB #1730commiting suicide!
EB TPCW Broswing Mix EB #150commiting suicide!
EB TPCW Broswing Mix EB #64commiting suicide!
EB TPCW Broswing Mix EB #1675commiting suicide!
EB TPCW Broswing Mix EB #156commiting suicide!
EB TPCW Broswing Mix EB #77commiting suicide!
EB TPCW Broswing Mix EB #71commiting suicide!
EB TPCW Broswing Mix EB #1681commiting suicide!
EB TPCW Broswing Mix EB #3803commiting suicide!
EB TPCW Broswing Mix EB #90commiting suicide!
EB TPCW Broswing Mix EB #222commiting suicide!
EB TPCW Broswing Mix EB #157commiting suicide!
EB TPCW Broswing Mix EB #111commiting suicide!
EB TPCW Broswing Mix EB #16739commiting suicide!
EB TPCW Broswing Mix EB #249commiting suicide!
EB TPCW Broswing Mix EB #52commiting suicide!
EB TPCW Broswing Mix EB #3829commiting suicide!
EB TPCW Broswing Mix EB #214commiting suicide!
EB TPCW Broswing Mix EB #16743commiting suicide!
EB TPCW Broswing Mix EB #261commiting suicide!
EB TPCW Broswing Mix EB #206commiting suicide!
EB TPCW Broswing Mix EB #4030commiting suicide!
EB TPCW Broswing Mix EB #240commiting suicide!
EB TPCW Broswing Mix EB #3816commiting suicide!
EB TPCW Broswing Mix EB #242commiting suicide!
EB TPCW Broswing Mix EB #160commiting suicide!
EB TPCW Broswing Mix EB #3552commiting suicide!
EB TPCW Broswing Mix EB #274commiting suicide!
EB TPCW Broswing Mix EB #233commiting suicide!
EB TPCW Broswing Mix EB #1689commiting suicide!
EB TPCW Broswing Mix EB #3825commiting suicide!
EB TPCW Broswing Mix EB #3823commiting suicide!
EB TPCW Broswing Mix EB #270commiting suicide!
