Remote Browser Emulator for TPC-W.
  ECE 902  Fall '99
  Version 1.5
System's current path is /root/loadtest
rt:0.05,through:2.67,tt:0.32,num_interact:40,Intrvl:15,num_users:1,errors:0
rt:0.35,through:28.93,tt:0.33,num_interact:434,Intrvl:15,num_users:20,errors:0
rt:2.24,through:27.87,tt:0.37,num_interact:418,Intrvl:15,num_users:80,errors:0
rt:3.16,through:29.73,tt:0.39,num_interact:446,Intrvl:15,num_users:120,errors:0
rt:4.69,through:32.53,tt:0.37,num_interact:488,Intrvl:15,num_users:180,errors:0
rt:6.38,through:30.93,tt:0.39,num_interact:464,Intrvl:15,num_users:240,errors:0
rt:7.79,through:32,tt:0.36,num_interact:480,Intrvl:15,num_users:280,errors:0
rt:8.87,through:31.67,tt:0.33,num_interact:475,Intrvl:15,num_users:310,errors:0
rt:9.94,through:30.73,tt:0.38,num_interact:461,Intrvl:15,num_users:340,errors:0
rt:10.84,through:32.6,tt:0.37,num_interact:489,Intrvl:15,num_users:370,errors:0
rt:11.38,through:31,tt:0.37,num_interact:472,Intrvl:15,num_users:399,errors:0
rt:12.49,through:32.6,tt:0.34,num_interact:489,Intrvl:15,num_users:412,errors:0
rt:12.56,through:30.47,tt:0.36,num_interact:457,Intrvl:15,num_users:419,errors:0
rt:13.09,through:30.73,tt:0.36,num_interact:461,Intrvl:15,num_users:401,errors:0
rt:12.5,through:30.2,tt:0.33,num_interact:453,Intrvl:15,num_users:380,errors:0
rt:12.01,through:32.07,tt:0.36,num_interact:481,Intrvl:15,num_users:430,errors:0
rt:13.06,through:31,tt:0.32,num_interact:465,Intrvl:15,num_users:408,errors:0
rt:13.13,through:30.27,tt:0.39,num_interact:456,Intrvl:15,num_users:468,errors:0
rt:14.33,through:27.6,tt:0.36,num_interact:414,Intrvl:15,num_users:392,errors:0
rt:12.99,through:31.67,tt:0.35,num_interact:475,Intrvl:15,num_users:425,errors:0
rt:13.1,through:30.93,tt:0.33,num_interact:464,Intrvl:15,num_users:407,errors:0
rt:12.8,through:31,tt:0.34,num_interact:465,Intrvl:15,num_users:400,errors:0
rt:12.16,through:31.2,tt:0.36,num_interact:468,Intrvl:15,num_users:385,errors:0
rt:12.57,through:31.27,tt:0.38,num_interact:469,Intrvl:15,num_users:413,errors:0
rt:12.68,through:31,tt:0.35,num_interact:465,Intrvl:15,num_users:433,errors:0
rt:12.84,through:30.4,tt:0.35,num_interact:456,Intrvl:15,num_users:403,errors:0
rt:13.02,through:30.4,tt:0.37,num_interact:456,Intrvl:15,num_users:398,errors:0
rt:12.32,through:32.4,tt:0.36,num_interact:487,Intrvl:15,num_users:392,errors:0
rt:12.2,through:31.73,tt:0.33,num_interact:476,Intrvl:15,num_users:427,errors:0
rt:13.15,through:27.8,tt:0.33,num_interact:418,Intrvl:15,num_users:370,errors:0
rt:12.12,through:31.67,tt:0.36,num_interact:475,Intrvl:15,num_users:376,errors:0
rt:11.32,through:29.13,tt:0.39,num_interact:437,Intrvl:15,num_users:365,errors:0
rt:11.61,through:33.33,tt:0.35,num_interact:500,Intrvl:15,num_users:408,errors:0
rt:12.55,through:29.67,tt:0.34,num_interact:445,Intrvl:15,num_users:387,errors:0
rt:12.48,through:33.07,tt:0.36,num_interact:496,Intrvl:15,num_users:430,errors:0
rt:13.36,through:31.6,tt:0.35,num_interact:474,Intrvl:15,num_users:454,errors:0
rt:13.56,through:26.8,tt:0.37,num_interact:402,Intrvl:15,num_users:378,errors:0
rt:12.91,through:30,tt:0.32,num_interact:450,Intrvl:15,num_users:409,errors:0
rt:12.67,through:34.2,tt:0.35,num_interact:513,Intrvl:15,num_users:431,errors:0
rt:13.65,through:28.93,tt:0.33,num_interact:434,Intrvl:15,num_users:401,errors:0
rt:12.26,through:32.6,tt:0.35,num_interact:489,Intrvl:15,num_users:395,errors:0
rt:12.44,through:29.27,tt:0.35,num_interact:439,Intrvl:15,num_users:376,errors:0
rt:11.3,through:29.73,tt:0.35,num_interact:446,Intrvl:15,num_users:327,errors:0
rt:10.91,through:31,tt:0.37,num_interact:465,Intrvl:15,num_users:409,errors:0
rt:12.95,through:29.47,tt:0.35,num_interact:442,Intrvl:15,num_users:377,errors:0
rt:12.1,through:30.93,tt:0.32,num_interact:464,Intrvl:15,num_users:414,errors:0
rt:12.68,through:30.4,tt:0.36,num_interact:456,Intrvl:15,num_users:387,errors:0
rt:12.29,through:31,tt:0.34,num_interact:465,Intrvl:15,num_users:407,errors:0
rt:12.7,through:31.07,tt:0.35,num_interact:467,Intrvl:15,num_users:452,errors:0
rt:13.7,through:29.13,tt:0.36,num_interact:437,Intrvl:15,num_users:393,errors:0
rt:12.91,through:31.4,tt:0.35,num_interact:471,Intrvl:15,num_users:414,errors:0
rt:12.77,through:31.73,tt:0.35,num_interact:478,Intrvl:15,num_users:434,errors:0
rt:13.54,through:32,tt:0.33,num_interact:480,Intrvl:15,num_users:431,errors:0
rt:13.24,through:26.07,tt:0.34,num_interact:391,Intrvl:15,num_users:353,errors:0
rt:11.65,through:29.4,tt:0.35,num_interact:441,Intrvl:15,num_users:329,errors:0
rt:10.85,through:32.33,tt:0.37,num_interact:485,Intrvl:15,num_users:390,errors:2
rt:11.59,through:32.73,tt:0.34,num_interact:491,Intrvl:15,num_users:393,errors:24
rt:6.85,through:49.53,tt:0.32,num_interact:743,Intrvl:15,num_users:377,errors:0
rt:7.27,through:58.53,tt:0.35,num_interact:878,Intrvl:15,num_users:396,errors:0
rt:7.62,through:88.67,tt:0.36,num_interact:1330,Intrvl:15,num_users:469,errors:0
rt:9.18,through:60.47,tt:0.36,num_interact:907,Intrvl:15,num_users:398,errors:0
rt:7.86,through:88.6,tt:0.35,num_interact:1329,Intrvl:15,num_users:413,errors:0
rt:8,through:40.2,tt:0.35,num_interact:603,Intrvl:15,num_users:426,errors:0
rt:8.95,through:79.4,tt:0.35,num_interact:1191,Intrvl:15,num_users:429,errors:0
rt:8.29,through:51.07,tt:0.36,num_interact:766,Intrvl:15,num_users:425,errors:0
rt:7.78,through:63.2,tt:0.34,num_interact:948,Intrvl:15,num_users:451,errors:0
rt:8.6,through:53.53,tt:0.34,num_interact:912,Intrvl:15,num_users:428,errors:0
rt:6.19,through:60.2,tt:0.33,num_interact:903,Intrvl:15,num_users:436,errors:0
rt:9.72,through:51.4,tt:0.35,num_interact:771,Intrvl:15,num_users:398,errors:0
rt:7.1,through:59.33,tt:0.35,num_interact:892,Intrvl:15,num_users:368,errors:0
rt:6.05,through:48.47,tt:0.33,num_interact:727,Intrvl:15,num_users:369,errors:0
rt:8.42,through:79.33,tt:0.38,num_interact:1662,Intrvl:15,num_users:615,errors:0
rt:16.79,through:64.2,tt:0.36,num_interact:965,Intrvl:15,num_users:660,errors:0
rt:13.82,through:41.8,tt:0.35,num_interact:627,Intrvl:15,num_users:466,errors:0
rt:11.45,through:56.2,tt:0.36,num_interact:1077,Intrvl:15,num_users:599,errors:0
rt:12.07,through:48.73,tt:0.35,num_interact:930,Intrvl:15,num_users:605,errors:0
rt:13.21,through:46.4,tt:0.36,num_interact:696,Intrvl:15,num_users:587,errors:0
rt:11.92,through:48.67,tt:0.33,num_interact:730,Intrvl:15,num_users:554,errors:0
rt:105.79,through:127.6,tt:0.36,num_interact:1914,Intrvl:15,num_users:640,errors:0
rt:11.01,through:44.8,tt:0.34,num_interact:699,Intrvl:15,num_users:626,errors:0
rt:14.76,through:44.07,tt:0.37,num_interact:762,Intrvl:15,num_users:631,errors:0
rt:12.41,through:45.2,tt:0.34,num_interact:678,Intrvl:15,num_users:606,errors:0
rt:13.42,through:41.4,tt:0.34,num_interact:621,Intrvl:15,num_users:614,errors:0
rt:12.3,through:75.8,tt:0.34,num_interact:1137,Intrvl:15,num_users:672,errors:0
rt:17.13,through:20.2,tt:0.38,num_interact:303,Intrvl:15,num_users:636,errors:0
rt:27.76,through:2.07,tt:0.39,num_interact:31,Intrvl:15,num_users:536,errors:0
rt:40.01,through:5,tt:0.44,num_interact:76,Intrvl:15,num_users:536,errors:0
rt:165.1,through:159.73,tt:0.34,num_interact:2402,Intrvl:15,num_users:551,errors:7
rt:12,through:44.53,tt:0.35,num_interact:668,Intrvl:15,num_users:555,errors:0
rt:8.93,through:44.67,tt:0.37,num_interact:670,Intrvl:15,num_users:560,errors:0
rt:9.78,through:43.27,tt:0.35,num_interact:723,Intrvl:15,num_users:618,errors:0
rt:10.11,through:54,tt:0.36,num_interact:810,Intrvl:15,num_users:632,errors:0
rt:11.76,through:40,tt:0.35,num_interact:600,Intrvl:15,num_users:632,errors:0
rt:11.35,through:45.33,tt:0.35,num_interact:681,Intrvl:15,num_users:611,errors:0
rt:9.66,through:40.93,tt:0.34,num_interact:614,Intrvl:15,num_users:561,errors:0
rt:9.71,through:43.33,tt:0.39,num_interact:650,Intrvl:15,num_users:629,errors:0
rt:10.39,through:43.07,tt:0.33,num_interact:646,Intrvl:15,num_users:583,errors:0
rt:9.57,through:45.13,tt:0.33,num_interact:679,Intrvl:15,num_users:586,errors:0
rt:10.14,through:42.67,tt:0.38,num_interact:640,Intrvl:15,num_users:629,errors:0
rt:10.86,through:42,tt:0.36,num_interact:630,Intrvl:15,num_users:610,errors:0
rt:10.48,through:84.73,tt:0.34,num_interact:1271,Intrvl:15,num_users:633,errors:0
rt:10.73,through:45.6,tt:0.37,num_interact:684,Intrvl:15,num_users:643,errors:0
rt:11.47,through:41.93,tt:0.37,num_interact:629,Intrvl:15,num_users:620,errors:0
rt:10.04,through:44.53,tt:0.35,num_interact:668,Intrvl:15,num_users:583,errors:0
rt:9.88,through:44.53,tt:0.35,num_interact:668,Intrvl:15,num_users:603,errors:0
rt:9.48,through:40.2,tt:0.33,num_interact:603,Intrvl:15,num_users:508,errors:0
rt:8.64,through:44.73,tt:0.36,num_interact:671,Intrvl:15,num_users:570,errors:0
rt:12.17,through:42.8,tt:0.37,num_interact:825,Intrvl:15,num_users:725,errors:0
rt:20.21,through:3.27,tt:0.4,num_interact:49,Intrvl:15,num_users:627,errors:0
rt:37.17,through:0.27,tt:0.62,num_interact:4,Intrvl:15,num_users:668,errors:0
rt:?,through:0,tt:0.37,num_interact:386,Intrvl:15,num_users:580,errors:0
rt:373.33,through:0.33,tt:0.44,num_interact:5,Intrvl:15,num_users:534,errors:0
rt:121.27,through:85.4,tt:0.36,num_interact:1281,Intrvl:15,num_users:594,errors:478
rt:8.69,through:50.2,tt:0.38,num_interact:820,Intrvl:15,num_users:619,errors:0
rt:9.21,through:25.27,tt:0.33,num_interact:379,Intrvl:15,num_users:608,errors:0
rt:21.69,through:4.33,tt:0.29,num_interact:65,Intrvl:15,num_users:616,errors:1
rt:41.21,through:3.6,tt:0.36,num_interact:54,Intrvl:15,num_users:452,errors:0
rt:36.64,through:66.53,tt:0.36,num_interact:998,Intrvl:15,num_users:652,errors:0
rt:27.18,through:2.33,tt:0.4,num_interact:35,Intrvl:15,num_users:655,errors:0
rt:40.27,through:1.33,tt:0.39,num_interact:20,Intrvl:15,num_users:617,errors:0
rt:109.75,through:15.27,tt:0.36,num_interact:229,Intrvl:15,num_users:645,errors:0
rt:95.65,through:36.33,tt:0.39,num_interact:545,Intrvl:15,num_users:711,errors:0
rt:20.45,through:36.73,tt:0.33,num_interact:551,Intrvl:15,num_users:706,errors:0
rt:15.73,through:5.93,tt:0.36,num_interact:90,Intrvl:15,num_users:637,errors:0
rt:178.36,through:76.33,tt:0.36,num_interact:1145,Intrvl:15,num_users:734,errors:3
rt:18.71,through:25.6,tt:0.35,num_interact:384,Intrvl:15,num_users:676,errors:0
rt:15.97,through:25,tt:0.35,num_interact:375,Intrvl:15,num_users:670,errors:0
rt:15.06,through:19.07,tt:0.36,num_interact:286,Intrvl:15,num_users:535,errors:0
rt:11.72,through:26.13,tt:0.36,num_interact:392,Intrvl:15,num_users:539,errors:0
rt:10.16,through:21.4,tt:0.32,num_interact:321,Intrvl:15,num_users:458,errors:0
rt:9.22,through:26.47,tt:0.35,num_interact:397,Intrvl:15,num_users:525,errors:0
rt:11.92,through:26.53,tt:0.35,num_interact:398,Intrvl:15,num_users:734,errors:0
rt:17.94,through:23.2,tt:0.42,num_interact:348,Intrvl:15,num_users:679,errors:0
rt:18.02,through:22.27,tt:0.37,num_interact:334,Intrvl:15,num_users:630,errors:0
rt:16.1,through:25,tt:0.31,num_interact:377,Intrvl:15,num_users:745,errors:0
rt:18.86,through:17.6,tt:0.35,num_interact:264,Intrvl:15,num_users:608,errors:0
rt:17.28,through:25.33,tt:0.35,num_interact:380,Intrvl:15,num_users:702,errors:0
rt:17.16,through:26.33,tt:0.39,num_interact:395,Intrvl:15,num_users:710,errors:0
rt:17.92,through:26.2,tt:0.38,num_interact:393,Intrvl:15,num_users:761,errors:0
rt:19,through:21.33,tt:0.35,num_interact:320,Intrvl:15,num_users:679,errors:0
rt:18.89,through:24.8,tt:0.35,num_interact:372,Intrvl:15,num_users:664,errors:0
rt:16.43,through:25.73,tt:0.35,num_interact:386,Intrvl:15,num_users:722,errors:0
rt:18.25,through:23.47,tt:0.39,num_interact:352,Intrvl:15,num_users:671,errors:0
rt:17.16,through:25.4,tt:0.39,num_interact:381,Intrvl:15,num_users:703,errors:0
rt:17.71,through:25.33,tt:0.34,num_interact:380,Intrvl:15,num_users:686,errors:0
rt:17.04,through:26.4,tt:0.35,num_interact:396,Intrvl:15,num_users:692,errors:0
rt:17.22,through:25.6,tt:0.4,num_interact:384,Intrvl:15,num_users:682,errors:0
rt:16.91,through:25.87,tt:0.37,num_interact:388,Intrvl:15,num_users:710,errors:0
rt:17.74,through:22.8,tt:0.36,num_interact:342,Intrvl:15,num_users:653,errors:0
rt:17.24,through:25.47,tt:0.35,num_interact:382,Intrvl:15,num_users:679,errors:0
rt:16.67,through:23,tt:0.38,num_interact:345,Intrvl:15,num_users:625,errors:0
rt:16.34,through:25.07,tt:0.37,num_interact:376,Intrvl:15,num_users:702,errors:0
rt:16.84,through:25.53,tt:0.37,num_interact:383,Intrvl:15,num_users:689,errors:0
rt:17.84,through:25.6,tt:0.31,num_interact:384,Intrvl:15,num_users:784,errors:0
rt:19.27,through:25.07,tt:0.36,num_interact:376,Intrvl:15,num_users:760,errors:0
rt:20.29,through:23.6,tt:0.38,num_interact:354,Intrvl:15,num_users:717,errors:0
rt:18.62,through:23.73,tt:0.34,num_interact:356,Intrvl:15,num_users:680,errors:0
rt:18.23,through:23.87,tt:0.33,num_interact:358,Intrvl:15,num_users:643,errors:0
rt:16.63,through:25.73,tt:0.36,num_interact:386,Intrvl:15,num_users:716,errors:0
rt:17.7,through:26.67,tt:0.37,num_interact:403,Intrvl:15,num_users:773,errors:0
rt:18.81,through:23.4,tt:0.39,num_interact:351,Intrvl:15,num_users:708,errors:0
rt:18.92,through:25.93,tt:0.34,num_interact:389,Intrvl:15,num_users:737,errors:0
rt:19.31,through:24.8,tt:0.36,num_interact:372,Intrvl:15,num_users:720,errors:0
rt:18.6,through:26.07,tt:0.36,num_interact:391,Intrvl:15,num_users:789,errors:0
rt:20,through:21.33,tt:0.3,num_interact:321,Intrvl:15,num_users:683,errors:0
rt:19.27,through:24.73,tt:0.32,num_interact:373,Intrvl:15,num_users:685,errors:0
rt:18.17,through:26.67,tt:0.35,num_interact:400,Intrvl:15,num_users:708,errors:0
rt:17.26,through:26,tt:0.36,num_interact:391,Intrvl:15,num_users:719,errors:0
rt:18.49,through:25.93,tt:0.36,num_interact:389,Intrvl:15,num_users:714,errors:0
rt:17.97,through:26.27,tt:0.37,num_interact:394,Intrvl:15,num_users:758,errors:0
rt:19.19,through:26.07,tt:0.35,num_interact:391,Intrvl:15,num_users:760,errors:0
rt:19.24,through:24.87,tt:0.36,num_interact:373,Intrvl:15,num_users:737,errors:0
rt:19.61,through:25.8,tt:0.31,num_interact:387,Intrvl:15,num_users:828,errors:17
rt:16.46,through:31.73,tt:0.37,num_interact:476,Intrvl:15,num_users:730,errors:23
rt:221.31,through:52.87,tt:0.36,num_interact:793,Intrvl:15,num_users:744,errors:15
rt:58,through:69.87,tt:0.36,num_interact:1067,Intrvl:15,num_users:779,errors:0
rt:7.9,through:24.07,tt:0.35,num_interact:361,Intrvl:15,num_users:684,errors:0
rt:19.59,through:5,tt:0.28,num_interact:75,Intrvl:15,num_users:663,errors:0
rt:62.58,through:69.07,tt:0.39,num_interact:1101,Intrvl:15,num_users:764,errors:0
rt:7.04,through:44.47,tt:0.34,num_interact:668,Intrvl:15,num_users:695,errors:0
rt:6.46,through:41.87,tt:0.34,num_interact:628,Intrvl:15,num_users:656,errors:0
rt:5.84,through:42.53,tt:0.33,num_interact:638,Intrvl:15,num_users:640,errors:0
rt:6.13,through:43.87,tt:0.35,num_interact:658,Intrvl:15,num_users:699,errors:0
rt:7.23,through:46.8,tt:0.35,num_interact:702,Intrvl:15,num_users:723,errors:0
rt:7.64,through:46.6,tt:0.38,num_interact:699,Intrvl:15,num_users:744,errors:0
rt:8.35,through:20.33,tt:0.33,num_interact:305,Intrvl:15,num_users:783,errors:0
rt:23.73,through:16.07,tt:0.36,num_interact:241,Intrvl:15,num_users:693,errors:0
rt:7.68,through:44,tt:0.35,num_interact:660,Intrvl:15,num_users:652,errors:0
rt:6.57,through:44,tt:0.37,num_interact:660,Intrvl:15,num_users:703,errors:0
rt:7,through:43.8,tt:0.36,num_interact:657,Intrvl:15,num_users:705,errors:0
rt:6.25,through:37.4,tt:0.34,num_interact:561,Intrvl:15,num_users:603,errors:0
rt:6.57,through:27.27,tt:0.39,num_interact:409,Intrvl:15,num_users:765,errors:0
rt:21.16,through:5.2,tt:0.42,num_interact:78,Intrvl:15,num_users:692,errors:0
rt:62.21,through:4.8,tt:0.44,num_interact:72,Intrvl:15,num_users:647,errors:0
rt:39.14,through:58.4,tt:0.35,num_interact:876,Intrvl:15,num_users:661,errors:0
rt:6.27,through:43.6,tt:0.35,num_interact:654,Intrvl:15,num_users:679,errors:0
rt:6.41,through:44.07,tt:0.38,num_interact:661,Intrvl:15,num_users:685,errors:0
rt:7.27,through:40.4,tt:0.36,num_interact:641,Intrvl:15,num_users:736,errors:0
rt:7.04,through:43.53,tt:0.34,num_interact:653,Intrvl:15,num_users:676,errors:0
rt:6.56,through:43.73,tt:0.35,num_interact:656,Intrvl:15,num_users:711,errors:0
rt:6.52,through:37.6,tt:0.35,num_interact:564,Intrvl:15,num_users:625,errors:0
rt:5.23,through:43.93,tt:0.35,num_interact:659,Intrvl:15,num_users:631,errors:0
rt:5.93,through:43.53,tt:0.39,num_interact:653,Intrvl:15,num_users:686,errors:0
rt:6.19,through:40.73,tt:0.36,num_interact:611,Intrvl:15,num_users:645,errors:0
rt:6.29,through:43.8,tt:0.38,num_interact:657,Intrvl:15,num_users:702,errors:0
rt:6.64,through:41.87,tt:0.35,num_interact:628,Intrvl:15,num_users:678,errors:0
rt:6.2,through:43.27,tt:0.33,num_interact:650,Intrvl:15,num_users:671,errors:0
rt:6.21,through:42.87,tt:0.35,num_interact:643,Intrvl:15,num_users:662,errors:0
rt:6.64,through:43,tt:0.37,num_interact:645,Intrvl:15,num_users:708,errors:0
rt:7.5,through:40.8,tt:0.41,num_interact:612,Intrvl:15,num_users:736,errors:0
rt:9.23,through:10.2,tt:0.34,num_interact:153,Intrvl:15,num_users:759,errors:0
rt:20.02,through:2.07,tt:0.49,num_interact:31,Intrvl:15,num_users:714,errors:0
rt:38.67,through:2.13,tt:0.52,num_interact:32,Intrvl:15,num_users:666,errors:0
rt:67.76,through:138.67,tt:0.36,num_interact:2252,Intrvl:15,num_users:743,errors:1
rt:10.86,through:11.93,tt:0.35,num_interact:179,Intrvl:15,num_users:803,errors:0
rt:22.41,through:3.47,tt:0.42,num_interact:52,Intrvl:15,num_users:747,errors:0
rt:39.97,through:1.6,tt:0.35,num_interact:24,Intrvl:15,num_users:728,errors:0
rt:57,through:0.53,tt:0.4,num_interact:8,Intrvl:15,num_users:724,errors:0
rt:115.39,through:10.53,tt:0.33,num_interact:158,Intrvl:15,num_users:708,errors:0
rt:103.25,through:4.6,tt:0.36,num_interact:69,Intrvl:15,num_users:666,errors:0
rt:29.6,through:25.67,tt:0.33,num_interact:385,Intrvl:15,num_users:729,errors:0
rt:28.06,through:4.67,tt:0.36,num_interact:218,Intrvl:15,num_users:671,errors:0
rt:44.26,through:3.67,tt:0.4,num_interact:55,Intrvl:15,num_users:654,errors:0
rt:21.44,through:22.8,tt:0.36,num_interact:342,Intrvl:15,num_users:632,errors:0
rt:2.44,through:55.67,tt:0.37,num_interact:892,Intrvl:15,num_users:638,errors:0
rt:6.11,through:85,tt:0.36,num_interact:1275,Intrvl:15,num_users:706,errors:0
rt:63.11,through:33,tt:0.37,num_interact:495,Intrvl:15,num_users:739,errors:0
rt:4.37,through:42.67,tt:0.32,num_interact:644,Intrvl:15,num_users:707,errors:0
rt:3.59,through:45.4,tt:0.36,num_interact:704,Intrvl:15,num_users:723,errors:0
rt:5.17,through:16.53,tt:0.39,num_interact:248,Intrvl:15,num_users:722,errors:0
rt:40.83,through:40.8,tt:0.35,num_interact:612,Intrvl:15,num_users:741,errors:0
rt:21.25,through:19.07,tt:0.35,num_interact:402,Intrvl:15,num_users:799,errors:0
rt:139.43,through:1.13,tt:0.32,num_interact:17,Intrvl:15,num_users:773,errors:0
rt:125.93,through:1.6,tt:0.28,num_interact:24,Intrvl:15,num_users:769,errors:0
rt:19.95,through:19.13,tt:0.33,num_interact:287,Intrvl:15,num_users:701,errors:0
rt:1.36,through:46.2,tt:0.36,num_interact:693,Intrvl:15,num_users:695,errors:0
rt:3.18,through:6.4,tt:0.37,num_interact:96,Intrvl:15,num_users:762,errors:0
rt:20.72,through:4.2,tt:0.32,num_interact:63,Intrvl:15,num_users:730,errors:0
rt:2.53,through:42.07,tt:0.32,num_interact:631,Intrvl:15,num_users:665,errors:0
rt:1.89,through:45.27,tt:0.35,num_interact:681,Intrvl:15,num_users:709,errors:0
rt:1.16,through:42.87,tt:0.36,num_interact:643,Intrvl:15,num_users:666,errors:0
rt:3.52,through:19.53,tt:0.39,num_interact:293,Intrvl:15,num_users:733,errors:0
rt:6.07,through:20.4,tt:0.35,num_interact:306,Intrvl:15,num_users:738,errors:0
rt:3.62,through:33.6,tt:0.34,num_interact:504,Intrvl:15,num_users:699,errors:0
rt:1.83,through:45.07,tt:0.34,num_interact:676,Intrvl:15,num_users:701,errors:0
rt:0.94,through:43.07,tt:0.33,num_interact:646,Intrvl:15,num_users:644,errors:0
rt:1.24,through:46.13,tt:0.37,num_interact:692,Intrvl:15,num_users:666,errors:0
rt:2.3,through:45.07,tt:0.36,num_interact:681,Intrvl:15,num_users:719,errors:0
rt:3.29,through:21.07,tt:0.33,num_interact:316,Intrvl:15,num_users:739,errors:0
rt:11.66,through:8.33,tt:0.33,num_interact:125,Intrvl:15,num_users:729,errors:0
rt:21.74,through:2.87,tt:0.39,num_interact:43,Intrvl:15,num_users:760,errors:0
rt:1.9,through:44.53,tt:0.34,num_interact:668,Intrvl:15,num_users:592,errors:0
rt:0.69,through:43.47,tt:0.34,num_interact:652,Intrvl:15,num_users:596,errors:0
rt:8.14,through:37.27,tt:0.38,num_interact:741,Intrvl:15,num_users:734,errors:0
rt:43.3,through:56.93,tt:0.35,num_interact:889,Intrvl:15,num_users:765,errors:0
rt:9.43,through:12.47,tt:0.35,num_interact:187,Intrvl:15,num_users:792,errors:0
rt:16.08,through:0.07,tt:0.42,num_interact:1,Intrvl:15,num_users:723,errors:0
rt:?,through:0,tt:0.3,num_interact:111,Intrvl:15,num_users:720,errors:0
rt:12.95,through:14.07,tt:0.36,num_interact:211,Intrvl:15,num_users:744,errors:0
rt:16,through:3.93,tt:0.42,num_interact:59,Intrvl:15,num_users:756,errors:0
rt:12.66,through:11.73,tt:0.34,num_interact:176,Intrvl:15,num_users:715,errors:0
rt:1.67,through:45.47,tt:0.35,num_interact:682,Intrvl:15,num_users:690,errors:0
rt:1.17,through:44.73,tt:0.37,num_interact:672,Intrvl:15,num_users:678,errors:0
rt:0.38,through:44.33,tt:0.36,num_interact:665,Intrvl:15,num_users:612,errors:0
rt:1.9,through:43.6,tt:0.39,num_interact:654,Intrvl:15,num_users:688,errors:0
rt:2.34,through:44.07,tt:0.36,num_interact:661,Intrvl:15,num_users:701,errors:0
rt:3.95,through:9.2,tt:0.41,num_interact:138,Intrvl:15,num_users:751,errors:0
rt:16.5,through:7.13,tt:0.36,num_interact:107,Intrvl:15,num_users:704,errors:0
rt:14.21,through:12.87,tt:0.37,num_interact:193,Intrvl:15,num_users:780,errors:0
rt:5.14,through:26.8,tt:0.32,num_interact:402,Intrvl:15,num_users:654,errors:0
rt:2.83,through:40.47,tt:0.37,num_interact:607,Intrvl:15,num_users:725,errors:0
rt:5.39,through:11.13,tt:0.38,num_interact:167,Intrvl:15,num_users:738,errors:0
rt:21.85,through:3.2,tt:0.42,num_interact:48,Intrvl:15,num_users:729,errors:0
rt:17.52,through:27.8,tt:0.35,num_interact:417,Intrvl:15,num_users:767,errors:0
rt:17.34,through:2.13,tt:0.33,num_interact:32,Intrvl:15,num_users:724,errors:0
rt:31.99,through:66.73,tt:0.34,num_interact:1001,Intrvl:15,num_users:784,errors:0
rt:24.2,through:2.27,tt:0.33,num_interact:139,Intrvl:15,num_users:751,errors:0
rt:40.74,through:25.2,tt:0.39,num_interact:378,Intrvl:15,num_users:779,errors:0
rt:61.56,through:8.93,tt:0.32,num_interact:134,Intrvl:15,num_users:799,errors:0
rt:?,through:0,tt:?,num_interact:0,Intrvl:15,num_users:780,errors:0
rt:?,through:0,tt:?,num_interact:0,Intrvl:15,num_users:750,errors:0
rt:2.74,through:2.47,tt:0.32,num_interact:37,Intrvl:15,num_users:799,errors:0
rt:11.17,through:0.53,tt:0.38,num_interact:8,Intrvl:15,num_users:716,errors:0
rt:3.64,through:7.87,tt:0.4,num_interact:118,Intrvl:15,num_users:769,errors:0
rt:0.81,through:24.13,tt:0.38,num_interact:362,Intrvl:15,num_users:738,errors:0
rt:?,through:0,tt:?,num_interact:0,Intrvl:15,num_users:656,errors:0
rt:0.94,through:36.93,tt:0.35,num_interact:554,Intrvl:15,num_users:707,errors:0
rt:0.27,through:44.6,tt:0.36,num_interact:669,Intrvl:15,num_users:683,errors:0
rt:1.61,through:1.13,tt:0.4,num_interact:74,Intrvl:15,num_users:821,errors:0
rt:43.55,through:1.47,tt:0.45,num_interact:22,Intrvl:15,num_users:830,errors:0
rt:?,through:0,tt:?,num_interact:0,Intrvl:15,num_users:731,errors:0
rt:0.27,through:28.13,tt:0.35,num_interact:422,Intrvl:15,num_users:749,errors:0
rt:0.55,through:25.4,tt:0.32,num_interact:388,Intrvl:15,num_users:753,errors:0
rt:0.87,through:23.73,tt:0.32,num_interact:356,Intrvl:15,num_users:758,errors:0
rt:1.52,through:18.4,tt:0.32,num_interact:276,Intrvl:15,num_users:764,errors:0
rt:4.23,through:19.8,tt:0.36,num_interact:297,Intrvl:15,num_users:798,errors:0
rt:?,through:0,tt:?,num_interact:0,Intrvl:15,num_users:668,errors:0
rt:11.71,through:5.13,tt:0.4,num_interact:125,Intrvl:15,num_users:769,errors:0
rt:23.88,through:14.33,tt:0.41,num_interact:245,Intrvl:15,num_users:819,errors:0
rt:1.62,through:18.4,tt:0.33,num_interact:276,Intrvl:15,num_users:776,errors:0
rt:1.87,through:2.13,tt:0.38,num_interact:32,Intrvl:15,num_users:825,errors:0
rt:4.35,through:8.33,tt:0.3,num_interact:125,Intrvl:15,num_users:795,errors:0
rt:0.09,through:15.27,tt:0.32,num_interact:229,Intrvl:15,num_users:757,errors:0
rt:2.93,through:7.67,tt:0.38,num_interact:115,Intrvl:15,num_users:788,errors:0
rt:12.96,through:2.4,tt:0.33,num_interact:36,Intrvl:15,num_users:854,errors:0
rt:?,through:0,tt:?,num_interact:0,Intrvl:15,num_users:689,errors:0
rt:3.99,through:5.27,tt:0.43,num_interact:79,Intrvl:15,num_users:775,errors:0
rt:0.39,through:8.93,tt:0.39,num_interact:134,Intrvl:15,num_users:693,errors:0
rt:?,through:0,tt:?,num_interact:0,Intrvl:15,num_users:669,errors:0
rt:0.42,through:40.93,tt:0.35,num_interact:614,Intrvl:15,num_users:702,errors:0
rt:3.34,through:5,tt:0.47,num_interact:75,Intrvl:15,num_users:769,errors:0
rt:3.6,through:24.4,tt:0.38,num_interact:366,Intrvl:15,num_users:724,errors:0
rt:3.57,through:12.2,tt:0.37,num_interact:183,Intrvl:15,num_users:743,errors:0
rt:17.94,through:5.67,tt:0.38,num_interact:85,Intrvl:15,num_users:834,errors:0
rt:41.17,through:1.27,tt:0.36,num_interact:19,Intrvl:15,num_users:768,errors:0
rt:21.13,through:12.4,tt:0.37,num_interact:186,Intrvl:15,num_users:842,errors:0
rt:23,through:0.07,tt:0.35,num_interact:1,Intrvl:15,num_users:789,errors:0
rt:29.65,through:9.27,tt:0.35,num_interact:139,Intrvl:15,num_users:846,errors:0
rt:15.31,through:1.87,tt:0.37,num_interact:28,Intrvl:15,num_users:801,errors:0
rt:3.57,through:3.8,tt:0.32,num_interact:57,Intrvl:15,num_users:818,errors:0
rt:?,through:0,tt:?,num_interact:0,Intrvl:15,num_users:811,errors:0
rt:?,through:0,tt:?,num_interact:0,Intrvl:15,num_users:764,errors:0
rt:?,through:0,tt:?,num_interact:0,Intrvl:15,num_users:733,errors:0
rt:0.89,through:20.2,tt:0.34,num_interact:320,Intrvl:15,num_users:759,errors:0
rt:2.6,through:0.07,tt:0.07,num_interact:1,Intrvl:15,num_users:697,errors:0
rt:4,through:6.87,tt:0.41,num_interact:103,Intrvl:15,num_users:779,errors:0
rt:11.13,through:5.73,tt:0.39,num_interact:86,Intrvl:15,num_users:756,errors:0
rt:0.95,through:33.67,tt:0.34,num_interact:505,Intrvl:15,num_users:730,errors:0
rt:3.87,through:10.8,tt:0.4,num_interact:162,Intrvl:15,num_users:765,errors:0
rt:3.74,through:15.67,tt:0.34,num_interact:235,Intrvl:15,num_users:746,errors:0
rt:5.12,through:1.67,tt:0.33,num_interact:25,Intrvl:15,num_users:888,errors:0
rt:30.98,through:3.47,tt:0.33,num_interact:52,Intrvl:15,num_users:801,errors:0
rt:23.1,through:5.47,tt:0.34,num_interact:82,Intrvl:15,num_users:772,errors:0
rt:9.92,through:14.07,tt:0.37,num_interact:211,Intrvl:15,num_users:831,errors:0
rt:9.47,through:5.4,tt:0.39,num_interact:81,Intrvl:15,num_users:818,errors:0
rt:28.67,through:0.93,tt:0.23,num_interact:14,Intrvl:15,num_users:836,errors:0
rt:1.5,through:10.2,tt:0.37,num_interact:153,Intrvl:15,num_users:811,errors:0
rt:0.06,through:7.2,tt:0.37,num_interact:108,Intrvl:15,num_users:760,errors:0
rt:0.06,through:13.07,tt:0.39,num_interact:196,Intrvl:15,num_users:763,errors:0
rt:2.14,through:12.27,tt:0.35,num_interact:184,Intrvl:15,num_users:792,errors:0
rt:3.85,through:7.8,tt:0.36,num_interact:117,Intrvl:15,num_users:795,errors:0
rt:5.25,through:3.53,tt:0.28,num_interact:53,Intrvl:15,num_users:844,errors:0
rt:0.64,through:20.8,tt:0.34,num_interact:312,Intrvl:15,num_users:770,errors:0
rt:0.05,through:2.27,tt:0.4,num_interact:34,Intrvl:15,num_users:743,errors:0
rt:2.94,through:1.87,tt:0.34,num_interact:28,Intrvl:15,num_users:855,errors:0
rt:?,through:0,tt:?,num_interact:0,Intrvl:15,num_users:706,errors:0
rt:5.43,through:6,tt:0.46,num_interact:90,Intrvl:15,num_users:779,errors:0
rt:26.16,through:7.13,tt:0.5,num_interact:107,Intrvl:15,num_users:848,errors:0
rt:43.31,through:0.6,tt:0.44,num_interact:9,Intrvl:15,num_users:871,errors:0
rt:?,through:0,tt:?,num_interact:0,Intrvl:15,num_users:906,errors:0
rt:31.28,through:1.4,tt:0.41,num_interact:21,Intrvl:15,num_users:847,errors:0
rt:1.81,through:4.87,tt:0.31,num_interact:73,Intrvl:15,num_users:835,errors:0
rt:1.12,through:0.47,tt:0.3,num_interact:7,Intrvl:15,num_users:841,errors:0
rt:?,through:0,tt:?,num_interact:0,Intrvl:15,num_users:875,errors:0
rt:?,through:0,tt:?,num_interact:0,Intrvl:15,num_users:786,errors:0
rt:2.48,through:0.67,tt:0.18,num_interact:10,Intrvl:15,num_users:843,errors:0
rt:?,through:0,tt:?,num_interact:0,Intrvl:15,num_users:765,errors:0
rt:0.89,through:0.27,tt:0.19,num_interact:4,Intrvl:15,num_users:873,errors:0
rt:4.34,through:5.2,tt:0.35,num_interact:78,Intrvl:15,num_users:817,errors:0
rt:18.31,through:2.93,tt:0.41,num_interact:44,Intrvl:15,num_users:817,errors:0
rt:14.02,through:0.67,tt:0.26,num_interact:10,Intrvl:15,num_users:837,errors:0
rt:?,through:0,tt:?,num_interact:0,Intrvl:15,num_users:766,errors:0
rt:3.72,through:4.53,tt:0.48,num_interact:68,Intrvl:15,num_users:821,errors:0
rt:10.89,through:2.53,tt:0.4,num_interact:64,Intrvl:15,num_users:807,errors:0
rt:11.49,through:3.2,tt:0.39,num_interact:48,Intrvl:15,num_users:812,errors:0
rt:12.64,through:0.93,tt:0.35,num_interact:14,Intrvl:15,num_users:868,errors:0
rt:?,through:0,tt:?,num_interact:0,Intrvl:15,num_users:783,errors:0
rt:?,through:0,tt:?,num_interact:0,Intrvl:15,num_users:673,errors:0
rt:0.15,through:42.53,tt:0.35,num_interact:638,Intrvl:15,num_users:695,errors:0
rt:8.66,through:4,tt:0.39,num_interact:60,Intrvl:15,num_users:820,errors:0
rt:1.25,through:38.73,tt:0.35,num_interact:590,Intrvl:15,num_users:711,errors:0
rt:4.53,through:7.33,tt:0.41,num_interact:110,Intrvl:15,num_users:754,errors:0
rt:13.57,through:5.8,tt:0.35,num_interact:87,Intrvl:15,num_users:755,errors:0
rt:8.56,through:8.93,tt:0.31,num_interact:134,Intrvl:15,num_users:741,errors:0
rt:10.23,through:3.67,tt:0.38,num_interact:55,Intrvl:15,num_users:789,errors:0
rt:12.72,through:23.8,tt:0.34,num_interact:357,Intrvl:15,num_users:736,errors:0
rt:2.32,through:19.07,tt:0.35,num_interact:286,Intrvl:15,num_users:740,errors:0
rt:6.12,through:2.8,tt:0.47,num_interact:42,Intrvl:15,num_users:809,errors:0
rt:2.15,through:30.13,tt:0.33,num_interact:452,Intrvl:15,num_users:728,errors:0
rt:0.09,through:21.53,tt:0.35,num_interact:323,Intrvl:15,num_users:683,errors:0
rt:3.84,through:11.07,tt:0.43,num_interact:166,Intrvl:15,num_users:764,errors:0
rt:6.76,through:11.2,tt:0.35,num_interact:190,Intrvl:15,num_users:741,errors:0
rt:0.59,through:40.2,tt:0.33,num_interact:603,Intrvl:15,num_users:706,errors:0
rt:0.76,through:3.4,tt:0.3,num_interact:51,Intrvl:15,num_users:811,errors:0
rt:13.5,through:5.4,tt:0.42,num_interact:83,Intrvl:15,num_users:737,errors:0
rt:0.55,through:8.8,tt:0.32,num_interact:132,Intrvl:15,num_users:676,errors:0
rt:1.8,through:23.93,tt:0.38,num_interact:359,Intrvl:15,num_users:734,errors:0
rt:0.3,through:43.07,tt:0.35,num_interact:646,Intrvl:15,num_users:698,errors:0
rt:3.8,through:6.87,tt:0.39,num_interact:103,Intrvl:15,num_users:755,errors:0
rt:5.12,through:18.2,tt:0.4,num_interact:273,Intrvl:15,num_users:741,errors:0
rt:0.95,through:36.73,tt:0.35,num_interact:551,Intrvl:15,num_users:715,errors:0
rt:2.2,through:6.8,tt:0.33,num_interact:114,Intrvl:15,num_users:807,errors:0
rt:33.58,through:8.07,tt:0.39,num_interact:121,Intrvl:15,num_users:815,errors:0
rt:0.58,through:20.8,tt:0.35,num_interact:312,Intrvl:15,num_users:767,errors:0
rt:2.75,through:5.27,tt:0.43,num_interact:79,Intrvl:15,num_users:794,errors:0
rt:3.53,through:9.73,tt:0.38,num_interact:146,Intrvl:15,num_users:774,errors:0
rt:0.06,through:2.87,tt:0.31,num_interact:43,Intrvl:15,num_users:685,errors:0
rt:0.65,through:35.53,tt:0.36,num_interact:533,Intrvl:15,num_users:721,errors:0
rt:6.05,through:1.8,tt:0.3,num_interact:27,Intrvl:15,num_users:810,errors:0
rt:21.04,through:8.2,tt:0.53,num_interact:123,Intrvl:15,num_users:820,errors:0
rt:1.99,through:25.8,tt:0.36,num_interact:387,Intrvl:15,num_users:707,errors:0
rt:3.02,through:11.87,tt:0.33,num_interact:178,Intrvl:15,num_users:754,errors:0
rt:6.28,through:9.27,tt:0.36,num_interact:139,Intrvl:15,num_users:757,errors:0
rt:0.21,through:25.33,tt:0.38,num_interact:380,Intrvl:15,num_users:708,errors:0
rt:1.22,through:24.27,tt:0.37,num_interact:364,Intrvl:15,num_users:738,errors:0
rt:3.22,through:14.13,tt:0.33,num_interact:212,Intrvl:15,num_users:755,errors:0
rt:0.78,through:32.73,tt:0.34,num_interact:491,Intrvl:15,num_users:727,errors:0
rt:0.08,through:26.87,tt:0.34,num_interact:403,Intrvl:15,num_users:707,errors:0
rt:0.08,through:15.8,tt:0.36,num_interact:237,Intrvl:15,num_users:696,errors:0
rt:3.86,through:10.47,tt:0.38,num_interact:157,Intrvl:15,num_users:767,errors:0
rt:0.32,through:35.53,tt:0.34,num_interact:533,Intrvl:15,num_users:706,errors:0
rt:0.05,through:14.6,tt:0.42,num_interact:219,Intrvl:15,num_users:696,errors:0
rt:0.06,through:20.47,tt:0.39,num_interact:307,Intrvl:15,num_users:698,errors:0
rt:0.04,through:2.13,tt:0.41,num_interact:32,Intrvl:15,num_users:681,errors:0
rt:2.57,through:15.27,tt:0.45,num_interact:229,Intrvl:15,num_users:744,errors:0
rt:0.69,through:38.8,tt:0.31,num_interact:582,Intrvl:15,num_users:711,errors:0
rt:3.89,through:13.8,tt:0.39,num_interact:207,Intrvl:15,num_users:754,errors:0
rt:0.16,through:21.4,tt:0.31,num_interact:321,Intrvl:15,num_users:688,errors:0
rt:0.32,through:41.53,tt:0.33,num_interact:623,Intrvl:15,num_users:708,errors:0
rt:0.58,through:37.27,tt:0.34,num_interact:559,Intrvl:15,num_users:715,errors:0
rt:0.68,through:37.4,tt:0.35,num_interact:561,Intrvl:15,num_users:718,errors:0
rt:0.89,through:34.47,tt:0.35,num_interact:523,Intrvl:15,num_users:724,errors:0
rt:?,through:0,tt:?,num_interact:0,Intrvl:15,num_users:663,errors:0
rt:0.06,through:13.33,tt:0.38,num_interact:200,Intrvl:15,num_users:669,errors:0
rt:0.06,through:14.33,tt:0.36,num_interact:215,Intrvl:15,num_users:669,errors:0
rt:0.74,through:38.2,tt:0.36,num_interact:573,Intrvl:15,num_users:707,errors:0
rt:1,through:36.47,tt:0.34,num_interact:547,Intrvl:15,num_users:713,errors:0
rt:4.37,through:14.6,tt:0.38,num_interact:263,Intrvl:15,num_users:750,errors:0
rt:0.44,through:43.47,tt:0.34,num_interact:652,Intrvl:15,num_users:691,errors:0
rt:6.93,through:10.13,tt:0.41,num_interact:184,Intrvl:15,num_users:760,errors:0
rt:11.8,through:12.13,tt:0.32,num_interact:182,Intrvl:15,num_users:737,errors:0
rt:2.78,through:25.27,tt:0.36,num_interact:379,Intrvl:15,num_users:732,errors:0
rt:0.68,through:41.73,tt:0.34,num_interact:626,Intrvl:15,num_users:705,errors:0
rt:?,through:0,tt:?,num_interact:0,Intrvl:15,num_users:591,errors:0
rt:1.43,through:42.67,tt:0.36,num_interact:640,Intrvl:15,num_users:673,errors:0
rt:0.56,through:42.73,tt:0.36,num_interact:641,Intrvl:15,num_users:629,errors:0
rt:1.12,through:43.53,tt:0.35,num_interact:653,Intrvl:15,num_users:658,errors:0
rt:2.93,through:5.93,tt:0.4,num_interact:89,Intrvl:15,num_users:765,errors:0
rt:18.57,through:5.87,tt:0.44,num_interact:88,Intrvl:15,num_users:692,errors:0
rt:1.51,through:43,tt:0.34,num_interact:645,Intrvl:15,num_users:636,errors:0
rt:1.54,through:44.93,tt:0.38,num_interact:674,Intrvl:15,num_users:684,errors:0
rt:0.85,through:41.73,tt:0.34,num_interact:626,Intrvl:15,num_users:641,errors:0
rt:1.66,through:45,tt:0.36,num_interact:675,Intrvl:15,num_users:689,errors:0
rt:2.33,through:4.8,tt:0.41,num_interact:72,Intrvl:15,num_users:758,errors:0
rt:37.11,through:67.27,tt:0.38,num_interact:1009,Intrvl:15,num_users:798,errors:0
rt:?,through:0,tt:?,num_interact:0,Intrvl:15,num_users:755,errors:0
rt:0.09,through:10.4,tt:0.39,num_interact:156,Intrvl:15,num_users:760,errors:0
rt:?,through:0,tt:?,num_interact:0,Intrvl:15,num_users:703,errors:0
rt:0.57,through:29.8,tt:0.35,num_interact:449,Intrvl:15,num_users:732,errors:0
rt:3.57,through:24.27,tt:0.39,num_interact:364,Intrvl:15,num_users:789,errors:0
rt:1.85,through:17.2,tt:0.31,num_interact:258,Intrvl:15,num_users:726,errors:0
rt:0.31,through:0.07,tt:0.28,num_interact:1,Intrvl:15,num_users:690,errors:0
rt:?,through:0,tt:?,num_interact:0,Intrvl:15,num_users:665,errors:0
rt:0.05,through:10.6,tt:0.31,num_interact:159,Intrvl:15,num_users:669,errors:0
rt:0.68,through:38.27,tt:0.34,num_interact:584,Intrvl:15,num_users:706,errors:0
rt:2.85,through:17.13,tt:0.38,num_interact:257,Intrvl:15,num_users:731,errors:0
rt:3.24,through:1.07,tt:0.2,num_interact:16,Intrvl:15,num_users:651,errors:0
rt:?,through:0,tt:?,num_interact:0,Intrvl:15,num_users:651,errors:0
rt:?,through:0,tt:?,num_interact:0,Intrvl:15,num_users:650,errors:0
rt:3.85,through:8.6,tt:0.41,num_interact:129,Intrvl:15,num_users:757,errors:0
rt:2.63,through:31.67,tt:0.34,num_interact:520,Intrvl:15,num_users:712,errors:0
rt:0.66,through:44.33,tt:0.33,num_interact:665,Intrvl:15,num_users:692,errors:0
rt:5.11,through:6.67,tt:0.43,num_interact:100,Intrvl:15,num_users:752,errors:0
rt:5.01,through:19.73,tt:0.34,num_interact:296,Intrvl:15,num_users:721,errors:0
rt:5.59,through:11.67,tt:0.38,num_interact:176,Intrvl:15,num_users:733,errors:0
rt:6.38,through:1.07,tt:0.63,num_interact:16,Intrvl:15,num_users:624,errors:0
rt:6.14,through:10.87,tt:0.48,num_interact:163,Intrvl:15,num_users:764,errors:0
rt:3.33,through:33.67,tt:0.34,num_interact:526,Intrvl:15,num_users:715,errors:0
rt:18.47,through:85.73,tt:0.34,num_interact:1297,Intrvl:15,num_users:750,errors:0
rt:3.21,through:44.6,tt:0.35,num_interact:690,Intrvl:15,num_users:698,errors:0
rt:0.38,through:45.87,tt:0.35,num_interact:688,Intrvl:15,num_users:660,errors:0
rt:8.48,through:11.53,tt:0.49,num_interact:173,Intrvl:15,num_users:774,errors:0
rt:38.46,through:15.27,tt:0.36,num_interact:229,Intrvl:15,num_users:806,errors:0
rt:23.91,through:0.33,tt:0.2,num_interact:5,Intrvl:15,num_users:775,errors:0
rt:16.28,through:11,tt:0.28,num_interact:206,Intrvl:15,num_users:726,errors:0
rt:5.95,through:14,tt:0.33,num_interact:211,Intrvl:15,num_users:763,errors:0
rt:1.27,through:42.6,tt:0.34,num_interact:639,Intrvl:15,num_users:689,errors:0
rt:4.06,through:6.2,tt:0.39,num_interact:93,Intrvl:15,num_users:777,errors:0
rt:3.63,through:25.07,tt:0.35,num_interact:404,Intrvl:15,num_users:709,errors:0
rt:1.39,through:40.53,tt:0.34,num_interact:608,Intrvl:15,num_users:712,errors:0
rt:0.8,through:40,tt:0.35,num_interact:600,Intrvl:15,num_users:695,errors:0
rt:2.78,through:18.27,tt:0.35,num_interact:274,Intrvl:15,num_users:721,errors:0
rt:5.11,through:13.53,tt:0.35,num_interact:203,Intrvl:15,num_users:720,errors:0
rt:1.27,through:36.87,tt:0.35,num_interact:553,Intrvl:15,num_users:701,errors:0
rt:0.52,through:45.93,tt:0.34,num_interact:689,Intrvl:15,num_users:682,errors:0
rt:0.05,through:9.93,tt:0.34,num_interact:149,Intrvl:15,num_users:629,errors:0
rt:0.75,through:42.47,tt:0.35,num_interact:637,Intrvl:15,num_users:674,errors:0
rt:0.56,through:44.6,tt:0.36,num_interact:669,Intrvl:15,num_users:666,errors:0
rt:0.94,through:44.47,tt:0.33,num_interact:667,Intrvl:15,num_users:683,errors:0
rt:1.14,through:44.67,tt:0.37,num_interact:672,Intrvl:15,num_users:693,errors:0
rt:0.13,through:38.67,tt:0.34,num_interact:580,Intrvl:15,num_users:643,errors:0
rt:?,through:0,tt:?,num_interact:0,Intrvl:15,num_users:597,errors:0
rt:0.85,through:43.2,tt:0.35,num_interact:648,Intrvl:15,num_users:651,errors:0
rt:4.09,through:10.4,tt:0.47,num_interact:156,Intrvl:15,num_users:736,errors:0
rt:16.3,through:12.27,tt:0.44,num_interact:184,Intrvl:15,num_users:765,errors:0
rt:50.34,through:4.73,tt:0.43,num_interact:71,Intrvl:15,num_users:771,errors:0
rt:29.54,through:13.8,tt:0.34,num_interact:207,Intrvl:15,num_users:731,errors:0
rt:0.65,through:44.67,tt:0.35,num_interact:670,Intrvl:15,num_users:676,errors:0
rt:0.19,through:44.27,tt:0.35,num_interact:664,Intrvl:15,num_users:644,errors:0
rt:0.08,through:30.73,tt:0.34,num_interact:461,Intrvl:15,num_users:624,errors:0
rt:0.41,through:42.13,tt:0.34,num_interact:632,Intrvl:15,num_users:644,errors:0
rt:0.15,through:42.47,tt:0.35,num_interact:637,Intrvl:15,num_users:632,errors:0
rt:0.38,through:44.87,tt:0.35,num_interact:673,Intrvl:15,num_users:644,errors:0
rt:1,through:44.2,tt:0.35,num_interact:663,Intrvl:15,num_users:673,errors:0
rt:0.4,through:44.07,tt:0.34,num_interact:661,Intrvl:15,num_users:643,errors:0
rt:6.23,through:14.6,tt:0.5,num_interact:219,Intrvl:15,num_users:761,errors:0
rt:1.19,through:44.73,tt:0.37,num_interact:671,Intrvl:15,num_users:643,errors:0
rt:0.06,through:16.33,tt:0.36,num_interact:245,Intrvl:15,num_users:610,errors:0
rt:1.67,through:43.2,tt:0.35,num_interact:648,Intrvl:15,num_users:698,errors:0
rt:1.21,through:43.8,tt:0.37,num_interact:657,Intrvl:15,num_users:671,errors:0
rt:1.82,through:44.93,tt:0.36,num_interact:674,Intrvl:15,num_users:705,errors:0
rt:0.33,through:41.73,tt:0.33,num_interact:626,Intrvl:15,num_users:629,errors:0
rt:1.44,through:43.47,tt:0.33,num_interact:652,Intrvl:15,num_users:685,errors:0
rt:2.15,through:3.33,tt:0.37,num_interact:50,Intrvl:15,num_users:779,errors:0
rt:2.17,through:37.13,tt:0.34,num_interact:557,Intrvl:15,num_users:653,errors:0
rt:1.38,through:45.47,tt:0.34,num_interact:682,Intrvl:15,num_users:686,errors:0
rt:4.24,through:9.93,tt:0.38,num_interact:149,Intrvl:15,num_users:748,errors:0
rt:5.26,through:25.53,tt:0.34,num_interact:383,Intrvl:15,num_users:691,errors:0
rt:1.71,through:44.07,tt:0.35,num_interact:661,Intrvl:15,num_users:697,errors:0
rt:2.86,through:14.27,tt:0.38,num_interact:214,Intrvl:15,num_users:755,errors:0
rt:23.11,through:8.8,tt:0.38,num_interact:132,Intrvl:15,num_users:717,errors:0
rt:1.03,through:43.53,tt:0.36,num_interact:653,Intrvl:15,num_users:660,errors:0
rt:2.41,through:3.27,tt:0.31,num_interact:49,Intrvl:15,num_users:770,errors:0
rt:5.83,through:37.27,tt:0.36,num_interact:559,Intrvl:15,num_users:697,errors:0
rt:3.11,through:12.93,tt:0.4,num_interact:194,Intrvl:15,num_users:746,errors:0
rt:0.27,through:20.47,tt:0.34,num_interact:307,Intrvl:15,num_users:616,errors:0
rt:1.12,through:42.73,tt:0.36,num_interact:641,Intrvl:15,num_users:675,errors:0
rt:4.14,through:13.67,tt:0.43,num_interact:205,Intrvl:15,num_users:739,errors:0
rt:11.21,through:11.47,tt:0.38,num_interact:172,Intrvl:15,num_users:768,errors:0
rt:6.63,through:15.33,tt:0.34,num_interact:230,Intrvl:15,num_users:680,errors:0
rt:3.58,through:9.13,tt:0.37,num_interact:137,Intrvl:15,num_users:745,errors:0
rt:16.2,through:6.53,tt:0.39,num_interact:98,Intrvl:15,num_users:721,errors:0
rt:13.99,through:9.47,tt:0.37,num_interact:142,Intrvl:15,num_users:807,errors:0
rt:27.77,through:3.4,tt:0.3,num_interact:55,Intrvl:15,num_users:730,errors:0
rt:29.22,through:22.73,tt:0.38,num_interact:341,Intrvl:15,num_users:769,errors:0
rt:24.87,through:2.73,tt:0.27,num_interact:41,Intrvl:15,num_users:777,errors:0
rt:4.65,through:31.27,tt:0.33,num_interact:469,Intrvl:15,num_users:695,errors:0
rt:2.14,through:32.8,tt:0.36,num_interact:492,Intrvl:15,num_users:715,errors:0
rt:6.28,through:18.27,tt:0.37,num_interact:274,Intrvl:15,num_users:789,errors:2
rt:32.76,through:13.87,tt:0.37,num_interact:230,Intrvl:15,num_users:801,errors:0
rt:59.56,through:7.53,tt:0.36,num_interact:113,Intrvl:15,num_users:812,errors:0
rt:27.86,through:4.8,tt:0.33,num_interact:72,Intrvl:15,num_users:820,errors:0
rt:?,through:0,tt:?,num_interact:0,Intrvl:15,num_users:822,errors:0
rt:?,through:0,tt:?,num_interact:0,Intrvl:15,num_users:752,errors:0
rt:1.52,through:14.53,tt:0.36,num_interact:218,Intrvl:15,num_users:782,errors:0
rt:?,through:0,tt:?,num_interact:0,Intrvl:15,num_users:731,errors:0
rt:?,through:0,tt:?,num_interact:0,Intrvl:15,num_users:668,errors:0
rt:0.05,through:41.47,tt:0.37,num_interact:622,Intrvl:15,num_users:686,errors:0
rt:0.05,through:12.4,tt:0.35,num_interact:186,Intrvl:15,num_users:673,errors:0
rt:?,through:0,tt:?,num_interact:0,Intrvl:15,num_users:601,errors:0
rt:0.83,through:62.73,tt:0.35,num_interact:941,Intrvl:15,num_users:679,errors:0
rt:1.61,through:46.33,tt:0.38,num_interact:746,Intrvl:15,num_users:698,errors:0
rt:2.15,through:40.87,tt:0.34,num_interact:613,Intrvl:15,num_users:702,errors:0
rt:0.9,through:62.67,tt:0.35,num_interact:940,Intrvl:15,num_users:676,errors:0
rt:2.82,through:27.6,tt:0.37,num_interact:414,Intrvl:15,num_users:708,errors:0
rt:1.95,through:48.27,tt:0.36,num_interact:724,Intrvl:15,num_users:697,errors:0
rt:1.01,through:62.2,tt:0.33,num_interact:933,Intrvl:15,num_users:679,errors:0
rt:1.4,through:71.13,tt:0.35,num_interact:1067,Intrvl:15,num_users:697,errors:0
rt:1.19,through:49.27,tt:0.34,num_interact:757,Intrvl:15,num_users:669,errors:0
rt:2.36,through:19.8,tt:0.37,num_interact:297,Intrvl:15,num_users:735,errors:0
rt:16.72,through:5.27,tt:0.52,num_interact:79,Intrvl:15,num_users:725,errors:0
rt:22.71,through:3.33,tt:0.39,num_interact:50,Intrvl:15,num_users:731,errors:0
rt:30.39,through:3.87,tt:0.42,num_interact:58,Intrvl:15,num_users:696,errors:0
rt:0.61,through:76.8,tt:0.35,num_interact:1152,Intrvl:15,num_users:637,errors:0
rt:1.67,through:47.6,tt:0.36,num_interact:794,Intrvl:15,num_users:702,errors:0
rt:0.3,through:81.47,tt:0.33,num_interact:1224,Intrvl:15,num_users:648,errors:0
rt:0.27,through:81.93,tt:0.35,num_interact:1229,Intrvl:15,num_users:651,errors:0
rt:0.13,through:76.67,tt:0.35,num_interact:1150,Intrvl:15,num_users:638,errors:0
rt:3.02,through:4.8,tt:0.38,num_interact:72,Intrvl:15,num_users:757,errors:0
rt:0.8,through:15.27,tt:0.37,num_interact:229,Intrvl:15,num_users:607,errors:0
rt:0.04,through:7.73,tt:0.35,num_interact:116,Intrvl:15,num_users:604,errors:0
rt:1.22,through:30.4,tt:0.34,num_interact:456,Intrvl:15,num_users:650,errors:0
rt:1.3,through:31,tt:0.37,num_interact:465,Intrvl:15,num_users:654,errors:0
rt:1.52,through:31.4,tt:0.35,num_interact:471,Intrvl:15,num_users:661,errors:0
rt:2.68,through:31.6,tt:0.35,num_interact:474,Intrvl:15,num_users:704,errors:0
rt:?,through:0,tt:?,num_interact:0,Intrvl:15,num_users:575,errors:0
rt:0.81,through:30.13,tt:0.35,num_interact:452,Intrvl:15,num_users:612,errors:0
rt:0.85,through:32.2,tt:0.34,num_interact:483,Intrvl:15,num_users:613,errors:0
rt:1.3,through:31.13,tt:0.35,num_interact:467,Intrvl:15,num_users:628,errors:0
rt:1.17,through:33.33,tt:0.37,num_interact:500,Intrvl:15,num_users:624,errors:0
rt:0.62,through:31.4,tt:0.36,num_interact:471,Intrvl:15,num_users:606,errors:0
rt:0.56,through:31.67,tt:0.37,num_interact:475,Intrvl:15,num_users:604,errors:0
rt:0.48,through:32,tt:0.34,num_interact:480,Intrvl:15,num_users:601,errors:0
rt:0.42,through:32.13,tt:0.33,num_interact:482,Intrvl:15,num_users:599,errors:0
rt:1.92,through:29.87,tt:0.35,num_interact:448,Intrvl:15,num_users:649,errors:0
rt:4.14,through:30.8,tt:0.4,num_interact:462,Intrvl:15,num_users:741,errors:0
rt:1.89,through:26.4,tt:0.37,num_interact:396,Intrvl:15,num_users:626,errors:0
rt:?,through:0,tt:?,num_interact:0,Intrvl:15,num_users:562,errors:0
rt:0.27,through:30.33,tt:0.36,num_interact:455,Intrvl:15,num_users:582,errors:0
rt:1.9,through:30.13,tt:0.39,num_interact:452,Intrvl:15,num_users:637,errors:0
rt:2,through:31.93,tt:0.34,num_interact:479,Intrvl:15,num_users:636,errors:0
rt:3.37,through:31,tt:0.37,num_interact:465,Intrvl:15,num_users:690,errors:0
rt:1.66,through:29,tt:0.37,num_interact:435,Intrvl:15,num_users:616,errors:0
rt:1.89,through:30.07,tt:0.35,num_interact:451,Intrvl:15,num_users:634,errors:0
rt:3.05,through:31.47,tt:0.38,num_interact:472,Intrvl:15,num_users:680,errors:0
rt:3.23,through:30.87,tt:0.32,num_interact:463,Intrvl:15,num_users:672,errors:0
rt:3.19,through:31.8,tt:0.37,num_interact:477,Intrvl:15,num_users:676,errors:0
rt:1.78,through:28.53,tt:0.35,num_interact:428,Intrvl:15,num_users:622,errors:0
rt:1.37,through:31.53,tt:0.35,num_interact:473,Intrvl:15,num_users:615,errors:0
rt:0.07,through:12.53,tt:0.35,num_interact:188,Intrvl:15,num_users:567,errors:0
rt:0.32,through:31.13,tt:0.36,num_interact:467,Intrvl:15,num_users:584,errors:0
rt:0.68,through:31.73,tt:0.4,num_interact:476,Intrvl:15,num_users:597,errors:0
rt:?,through:0,tt:?,num_interact:0,Intrvl:15,num_users:560,errors:0
rt:0.3,through:31.27,tt:0.36,num_interact:469,Intrvl:15,num_users:581,errors:0
rt:0.95,through:31.6,tt:0.35,num_interact:474,Intrvl:15,num_users:601,errors:0
rt:0.3,through:31.07,tt:0.36,num_interact:466,Intrvl:15,num_users:581,errors:0
rt:1.99,through:30.13,tt:0.38,num_interact:452,Intrvl:15,num_users:638,errors:0
rt:3.85,through:31.87,tt:0.36,num_interact:478,Intrvl:15,num_users:710,errors:0
rt:4.76,through:30.87,tt:0.35,num_interact:463,Intrvl:15,num_users:725,errors:0
rt:4.44,through:30.73,tt:0.35,num_interact:461,Intrvl:15,num_users:702,errors:0
rt:4.75,through:32,tt:0.37,num_interact:480,Intrvl:15,num_users:735,errors:0
rt:3.82,through:27.67,tt:0.34,num_interact:415,Intrvl:15,num_users:668,errors:0
rt:0.82,through:29.4,tt:0.34,num_interact:441,Intrvl:15,num_users:591,errors:0
rt:1.8,through:30.2,tt:0.34,num_interact:453,Intrvl:15,num_users:630,errors:0
rt:0.89,through:31.4,tt:0.34,num_interact:471,Intrvl:15,num_users:598,errors:0
rt:1.58,through:30.33,tt:0.38,num_interact:455,Intrvl:15,num_users:622,errors:0
rt:3.08,through:31.6,tt:0.35,num_interact:474,Intrvl:15,num_users:677,errors:0
rt:3.54,through:31.93,tt:0.34,num_interact:479,Intrvl:15,num_users:687,errors:0
rt:2.05,through:28.67,tt:0.34,num_interact:431,Intrvl:15,num_users:624,errors:0
rt:1.68,through:31.8,tt:0.34,num_interact:477,Intrvl:15,num_users:625,errors:61
rt:0.68,through:66,tt:0.32,num_interact:1017,Intrvl:15,num_users:623,errors:0
rt:0.48,through:79.33,tt:0.35,num_interact:1196,Intrvl:15,num_users:626,errors:0
rt:0.6,through:80.13,tt:0.36,num_interact:1202,Intrvl:15,num_users:633,errors:0
rt:0.15,through:89.93,tt:0.35,num_interact:1356,Intrvl:15,num_users:605,errors:0
rt:1.79,through:55.67,tt:0.38,num_interact:835,Intrvl:15,num_users:693,errors:0
rt:0.93,through:69.67,tt:0.34,num_interact:1148,Intrvl:15,num_users:644,errors:0
rt:0.55,through:77.53,tt:0.35,num_interact:1181,Intrvl:15,num_users:628,errors:0
rt:0.66,through:79.53,tt:0.36,num_interact:1193,Intrvl:15,num_users:638,errors:0
rt:0.86,through:70.8,tt:0.36,num_interact:1108,Intrvl:15,num_users:648,errors:0
rt:0.08,through:68.2,tt:0.36,num_interact:1023,Intrvl:15,num_users:589,errors:0
rt:1.09,through:65.67,tt:0.36,num_interact:985,Intrvl:15,num_users:662,errors:0
rt:0.07,through:14.4,tt:0.37,num_interact:216,Intrvl:15,num_users:566,errors:0
rt:0.06,through:53.6,tt:0.34,num_interact:804,Intrvl:15,num_users:582,errors:0
rt:0.51,through:77.6,tt:0.34,num_interact:1164,Intrvl:15,num_users:628,errors:0
rt:0.59,through:76.27,tt:0.35,num_interact:1144,Intrvl:15,num_users:632,errors:0
rt:0.07,through:29.93,tt:0.35,num_interact:449,Intrvl:15,num_users:572,errors:0
rt:0.39,through:80.93,tt:0.35,num_interact:1224,Intrvl:15,num_users:622,errors:0
rt:0.39,through:81.27,tt:0.34,num_interact:1219,Intrvl:15,num_users:619,errors:0
rt:0.9,through:91.4,tt:0.34,num_interact:1371,Intrvl:15,num_users:653,errors:0
rt:0.72,through:73.4,tt:0.35,num_interact:1125,Intrvl:15,num_users:638,errors:0
rt:0.37,through:83.07,tt:0.34,num_interact:1250,Intrvl:15,num_users:618,errors:47
rt:1.01,through:67.67,tt:0.35,num_interact:1015,Intrvl:15,num_users:655,errors:0
rt:0.11,through:87.27,tt:0.35,num_interact:1309,Intrvl:15,num_users:598,errors:0
rt:0.09,through:79.47,tt:0.34,num_interact:1194,Intrvl:15,num_users:594,errors:13
rt:0.98,through:69.4,tt:0.36,num_interact:1168,Intrvl:15,num_users:658,errors:0
rt:0.08,through:55.53,tt:0.34,num_interact:833,Intrvl:15,num_users:582,errors:0
rt:1.58,through:58.53,tt:0.37,num_interact:878,Intrvl:15,num_users:693,errors:0
rt:4.2,through:34.53,tt:0.37,num_interact:524,Intrvl:15,num_users:716,errors:0
rt:0.11,through:84.07,tt:0.35,num_interact:1261,Intrvl:15,num_users:596,errors:0
rt:0.9,through:69,tt:0.36,num_interact:1035,Intrvl:15,num_users:653,errors:0
rt:1.24,through:72.67,tt:0.36,num_interact:1090,Intrvl:15,num_users:664,errors:0
rt:0.07,through:64.33,tt:0.34,num_interact:965,Intrvl:15,num_users:586,errors:0
rt:0.28,through:83.27,tt:0.36,num_interact:1249,Intrvl:15,num_users:614,errors:0
rt:0.57,through:76.87,tt:0.34,num_interact:1153,Intrvl:15,num_users:631,errors:0
rt:0.22,through:86.27,tt:0.36,num_interact:1303,Intrvl:15,num_users:608,errors:0
rt:0.09,through:79.53,tt:0.33,num_interact:1193,Intrvl:15,num_users:593,errors:0
rt:0.74,through:73.07,tt:0.37,num_interact:1160,Intrvl:15,num_users:644,errors:0
rt:0.21,through:87,tt:0.35,num_interact:1306,Intrvl:15,num_users:607,errors:0
rt:0.08,through:82.87,tt:0.35,num_interact:1243,Intrvl:15,num_users:596,errors:0
rt:0.15,through:89.07,tt:0.33,num_interact:1336,Intrvl:15,num_users:603,errors:0
rt:?,through:0,tt:?,num_interact:0,Intrvl:15,num_users:543,errors:0
rt:0.82,through:71.53,tt:0.35,num_interact:1073,Intrvl:15,num_users:631,errors:0
rt:0.3,through:85.53,tt:0.36,num_interact:1283,Intrvl:15,num_users:598,errors:0
rt:0.06,through:30.53,tt:0.35,num_interact:458,Intrvl:15,num_users:555,errors:0
rt:0.06,through:41.07,tt:0.35,num_interact:616,Intrvl:15,num_users:560,errors:0
rt:0.39,through:82.27,tt:0.35,num_interact:1234,Intrvl:15,num_users:605,errors:0
rt:0.07,through:80.27,tt:0.37,num_interact:1204,Intrvl:15,num_users:578,errors:0
rt:0.55,through:79.2,tt:0.35,num_interact:1192,Intrvl:15,num_users:616,errors:0
rt:0.86,through:86.27,tt:0.37,num_interact:1294,Intrvl:15,num_users:635,errors:8
rt:0.98,through:70.6,tt:0.34,num_interact:1107,Intrvl:15,num_users:636,errors:0
rt:1.27,through:74.67,tt:0.34,num_interact:1120,Intrvl:15,num_users:648,errors:0
rt:?,through:0,tt:?,num_interact:0,Intrvl:15,num_users:418,errors:0
rt:?,through:0,tt:?,num_interact:0,Intrvl:15,num_users:417,errors:0
rt:0.05,through:13.2,tt:0.33,num_interact:198,Intrvl:15,num_users:422,errors:0
rt:0.04,through:5.13,tt:0.35,num_interact:77,Intrvl:15,num_users:419,errors:0
rt:?,through:0,tt:?,num_interact:0,Intrvl:15,num_users:380,errors:0
rt:0.05,through:16,tt:0.31,num_interact:240,Intrvl:15,num_users:386,errors:0
rt:?,through:0,tt:?,num_interact:0,Intrvl:15,num_users:368,errors:0
rt:0.07,through:82.93,tt:0.35,num_interact:1244,Intrvl:15,num_users:404,errors:0
rt:?,through:0,tt:?,num_interact:0,Intrvl:15,num_users:363,errors:0
rt:0.05,through:31.2,tt:0.36,num_interact:468,Intrvl:15,num_users:376,errors:0
rt:?,through:0,tt:?,num_interact:0,Intrvl:15,num_users:360,errors:0
rt:0.05,through:50.73,tt:0.35,num_interact:761,Intrvl:15,num_users:381,errors:0
rt:0.06,through:81.6,tt:0.35,num_interact:1224,Intrvl:15,num_users:394,errors:0
rt:0.06,through:73.2,tt:0.35,num_interact:1098,Intrvl:15,num_users:390,errors:0
rt:?,through:0,tt:?,num_interact:0,Intrvl:15,num_users:343,errors:0
rt:0.17,through:96.47,tt:0.35,num_interact:1447,Intrvl:15,num_users:395,errors:0
rt:0.11,through:96.4,tt:0.36,num_interact:1446,Intrvl:15,num_users:388,errors:0
rt:0.14,through:95.2,tt:0.34,num_interact:1428,Intrvl:15,num_users:389,errors:0
rt:0.56,through:87.67,tt:0.35,num_interact:1316,Intrvl:15,num_users:424,errors:0
rt:0.41,through:89.67,tt:0.35,num_interact:1345,Intrvl:15,num_users:411,errors:0
rt:0.06,through:23.33,tt:0.33,num_interact:350,Intrvl:15,num_users:352,errors:0
rt:0.07,through:75,tt:0.36,num_interact:1125,Intrvl:15,num_users:376,errors:0
rt:0.29,through:91.8,tt:0.35,num_interact:1377,Intrvl:15,num_users:403,errors:0
rt:0.1,through:86.93,tt:0.34,num_interact:1305,Intrvl:15,num_users:381,errors:0
rt:0.29,through:93.13,tt:0.35,num_interact:1401,Intrvl:15,num_users:403,errors:0
rt:0.15,through:94.87,tt:0.35,num_interact:1423,Intrvl:15,num_users:390,errors:0
rt:0.07,through:84.07,tt:0.34,num_interact:1261,Intrvl:15,num_users:378,errors:0
rt:0.05,through:5.07,tt:0.37,num_interact:76,Intrvl:15,num_users:345,errors:0
rt:?,through:0,tt:?,num_interact:0,Intrvl:15,num_users:342,errors:0
rt:1.14,through:41.73,tt:0.38,num_interact:626,Intrvl:15,num_users:409,errors:0
rt:2.07,through:44.53,tt:0.34,num_interact:668,Intrvl:15,num_users:456,errors:0
rt:0.24,through:38.87,tt:0.31,num_interact:583,Intrvl:15,num_users:362,errors:0
rt:1.11,through:42.87,tt:0.36,num_interact:643,Intrvl:15,num_users:408,errors:0
rt:0.23,through:44.33,tt:0.37,num_interact:665,Intrvl:15,num_users:368,errors:0
rt:1.61,through:43.87,tt:0.37,num_interact:658,Intrvl:15,num_users:435,errors:0
rt:0.99,through:42.73,tt:0.35,num_interact:641,Intrvl:15,num_users:397,errors:0
rt:0.62,through:45.87,tt:0.35,num_interact:688,Intrvl:15,num_users:385,errors:0
rt:0.08,through:2.8,tt:0.33,num_interact:42,Intrvl:15,num_users:343,errors:0
rt:1.23,through:43.07,tt:0.36,num_interact:646,Intrvl:15,num_users:415,errors:0
rt:1.41,through:44.73,tt:0.36,num_interact:671,Intrvl:15,num_users:423,errors:0
rt:0.9,through:44.2,tt:0.33,num_interact:663,Intrvl:15,num_users:394,errors:0
rt:0.15,through:43.47,tt:0.34,num_interact:652,Intrvl:15,num_users:363,errors:0
rt:0.04,through:2.47,tt:0.36,num_interact:37,Intrvl:15,num_users:343,errors:0
rt:0.12,through:40.53,tt:0.34,num_interact:608,Intrvl:15,num_users:361,errors:0
rt:0.79,through:44,tt:0.35,num_interact:660,Intrvl:15,num_users:394,errors:0
rt:2.32,through:44.07,tt:0.36,num_interact:661,Intrvl:15,num_users:474,errors:0
rt:1.34,through:41.67,tt:0.35,num_interact:625,Intrvl:15,num_users:407,errors:0
rt:0.16,through:40.87,tt:0.35,num_interact:613,Intrvl:15,num_users:362,errors:0
rt:1.27,through:42.67,tt:0.37,num_interact:640,Intrvl:15,num_users:416,errors:0
rt:1.28,through:44.13,tt:0.35,num_interact:662,Intrvl:15,num_users:415,errors:0
rt:1.02,through:44.27,tt:0.33,num_interact:664,Intrvl:15,num_users:401,errors:0
rt:1.77,through:44.8,tt:0.37,num_interact:672,Intrvl:15,num_users:443,errors:0
rt:0.37,through:42.33,tt:0.35,num_interact:635,Intrvl:15,num_users:371,errors:0
rt:1.05,through:43.8,tt:0.38,num_interact:657,Intrvl:15,num_users:407,errors:0
rt:0.65,through:45.53,tt:0.36,num_interact:683,Intrvl:15,num_users:387,errors:0
rt:0.97,through:43.73,tt:0.38,num_interact:656,Intrvl:15,num_users:403,errors:0
rt:0.52,through:45.6,tt:0.34,num_interact:684,Intrvl:15,num_users:380,errors:0
rt:1.09,through:43.13,tt:0.37,num_interact:647,Intrvl:15,num_users:408,errors:0
rt:0.79,through:44.4,tt:0.36,num_interact:666,Intrvl:15,num_users:392,errors:0
rt:1.09,through:44.13,tt:0.36,num_interact:662,Intrvl:15,num_users:408,errors:0
Terminating EBs...
EB TPCW Broswing Mix EB #15491commiting suicide!
EB TPCW Broswing Mix EB #15719commiting suicide!
EB TPCW Broswing Mix EB #15778commiting suicide!
EB TPCW Broswing Mix EB #15622commiting suicide!
EB TPCW Broswing Mix EB #15502commiting suicide!
EB TPCW Broswing Mix EB #15799commiting suicide!
EB TPCW Broswing Mix EB #15626commiting suicide!
EB TPCW Broswing Mix EB #15499commiting suicide!
EB TPCW Broswing Mix EB #15495commiting suicide!
EB TPCW Broswing Mix EB #15716commiting suicide!
EB TPCW Broswing Mix EB #15494commiting suicide!
EB TPCW Broswing Mix EB #15773commiting suicide!
EB TPCW Broswing Mix EB #15504commiting suicide!
EB TPCW Broswing Mix EB #15500commiting suicide!
EB TPCW Broswing Mix EB #15795commiting suicide!
EB TPCW Broswing Mix EB #15777commiting suicide!
EB TPCW Broswing Mix EB #15768commiting suicide!
EB TPCW Broswing Mix EB #15506commiting suicide!
EB TPCW Broswing Mix EB #15808commiting suicide!
EB TPCW Broswing Mix EB #15776commiting suicide!
EB TPCW Broswing Mix EB #15621commiting suicide!
EB TPCW Broswing Mix EB #15801commiting suicide!
EB TPCW Broswing Mix EB #15769commiting suicide!
EB TPCW Broswing Mix EB #15625commiting suicide!
EB TPCW Broswing Mix EB #15496commiting suicide!
EB TPCW Broswing Mix EB #15503commiting suicide!
EB TPCW Broswing Mix EB #15721commiting suicide!
EB TPCW Broswing Mix EB #15770commiting suicide!
EB TPCW Broswing Mix EB #15774commiting suicide!
EB TPCW Broswing Mix EB #15809commiting suicide!
EB TPCW Broswing Mix EB #15767commiting suicide!
EB TPCW Broswing Mix EB #15810commiting suicide!
EB TPCW Broswing Mix EB #15715commiting suicide!
EB TPCW Broswing Mix EB #15497commiting suicide!
EB TPCW Broswing Mix EB #15804commiting suicide!
EB TPCW Broswing Mix EB #15720commiting suicide!
EB TPCW Broswing Mix EB #15505commiting suicide!
EB TPCW Broswing Mix EB #15802commiting suicide!
EB TPCW Broswing Mix EB #15718commiting suicide!
EB TPCW Broswing Mix EB #15807commiting suicide!
EB TPCW Broswing Mix EB #15722commiting suicide!
EB TPCW Broswing Mix EB #15501commiting suicide!
EB TPCW Broswing Mix EB #15772commiting suicide!
EB TPCW Broswing Mix EB #15805commiting suicide!
EB TPCW Broswing Mix EB #15775commiting suicide!
EB TPCW Broswing Mix EB #15620commiting suicide!
EB TPCW Broswing Mix EB #15771commiting suicide!
EB TPCW Broswing Mix EB #15498commiting suicide!
EB TPCW Broswing Mix EB #15624commiting suicide!
EB TPCW Broswing Mix EB #15797commiting suicide!
EB TPCW Broswing Mix EB #15796commiting suicide!
EB TPCW Broswing Mix EB #15717commiting suicide!
EB TPCW Broswing Mix EB #15627commiting suicide!
EB TPCW Broswing Mix EB #15800commiting suicide!
EBs finished.
Really finishing RBE!.
