Remote Browser Emulator for TPC-W.
  ECE 902  Fall '99
  Version 1.5
System's current path is /root/loadtest
rt:0.17,through:1.8,tt:0.38,num_interact:27,Intrvl:15,num_users:1,errors:0
rt:1.27,through:11.8,tt:0.4,num_interact:177,Intrvl:15,num_users:20,errors:0
rt:5.14,through:10.73,tt:0.39,num_interact:161,Intrvl:15,num_users:80,errors:0
rt:7.39,through:13.4,tt:0.39,num_interact:201,Intrvl:15,num_users:120,errors:0
rt:9.22,through:13.2,tt:0.36,num_interact:198,Intrvl:15,num_users:180,errors:0
rt:13.11,through:13.2,tt:0.36,num_interact:198,Intrvl:15,num_users:240,errors:0
rt:15.7,through:13.2,tt:0.35,num_interact:198,Intrvl:15,num_users:280,errors:0
rt:20.21,through:13.33,tt:0.42,num_interact:200,Intrvl:15,num_users:310,errors:0
rt:22.4,through:13.4,tt:0.35,num_interact:201,Intrvl:15,num_users:360,errors:0
rt:24.52,through:13.13,tt:0.43,num_interact:197,Intrvl:15,num_users:390,errors:0
rt:26.75,through:13.33,tt:0.37,num_interact:200,Intrvl:15,num_users:413,errors:0
rt:29.94,through:13.67,tt:0.34,num_interact:205,Intrvl:15,num_users:486,errors:0
rt:31.53,through:11.67,tt:0.38,num_interact:175,Intrvl:15,num_users:421,errors:0
rt:34.5,through:8.67,tt:0.32,num_interact:130,Intrvl:15,num_users:342,errors:0
rt:35.19,through:10.4,tt:0.37,num_interact:156,Intrvl:15,num_users:322,errors:0
rt:29.4,through:12.27,tt:0.35,num_interact:184,Intrvl:15,num_users:403,errors:0
rt:28.49,through:13,tt:0.41,num_interact:195,Intrvl:15,num_users:405,errors:0
rt:30.51,through:13.4,tt:0.38,num_interact:201,Intrvl:15,num_users:417,errors:0
rt:30.37,through:13.13,tt:0.34,num_interact:197,Intrvl:15,num_users:406,errors:0
rt:29.36,through:11.93,tt:0.34,num_interact:179,Intrvl:15,num_users:351,errors:0
rt:30.23,through:11.13,tt:0.35,num_interact:167,Intrvl:15,num_users:434,errors:0
rt:31.22,through:10.93,tt:0.3,num_interact:164,Intrvl:15,num_users:343,errors:0
rt:32.92,through:9.73,tt:0.35,num_interact:146,Intrvl:15,num_users:417,errors:0
rt:32.1,through:13.2,tt:0.35,num_interact:198,Intrvl:15,num_users:424,errors:0
rt:30.22,through:13.07,tt:0.39,num_interact:196,Intrvl:15,num_users:424,errors:0
rt:32.07,through:13.67,tt:0.34,num_interact:205,Intrvl:15,num_users:414,errors:0
rt:31.87,through:13.13,tt:0.32,num_interact:197,Intrvl:15,num_users:501,errors:0
rt:32.47,through:12.27,tt:0.36,num_interact:184,Intrvl:15,num_users:407,errors:0
rt:35.62,through:7.93,tt:0.32,num_interact:119,Intrvl:15,num_users:438,errors:0
rt:35.67,through:13.4,tt:0.34,num_interact:201,Intrvl:15,num_users:480,errors:0
rt:36.23,through:12.13,tt:0.42,num_interact:182,Intrvl:15,num_users:444,errors:0
rt:35.95,through:12.33,tt:0.39,num_interact:185,Intrvl:15,num_users:482,errors:0
rt:35.75,through:13.47,tt:0.35,num_interact:202,Intrvl:15,num_users:475,errors:0
rt:35.61,through:11.47,tt:0.32,num_interact:172,Intrvl:15,num_users:452,errors:0
rt:35.41,through:13.4,tt:0.38,num_interact:201,Intrvl:15,num_users:440,errors:0
rt:35.05,through:12.8,tt:0.36,num_interact:192,Intrvl:15,num_users:445,errors:0
rt:34,through:13.13,tt:0.39,num_interact:197,Intrvl:15,num_users:508,errors:0
rt:33.15,through:12.47,tt:0.35,num_interact:187,Intrvl:15,num_users:426,errors:0
rt:35.77,through:9.33,tt:0.35,num_interact:140,Intrvl:15,num_users:455,errors:0
rt:36.74,through:12.4,tt:0.38,num_interact:186,Intrvl:15,num_users:435,errors:0
rt:37.44,through:12.73,tt:0.34,num_interact:191,Intrvl:15,num_users:463,errors:0
rt:34.99,through:13.27,tt:0.35,num_interact:199,Intrvl:15,num_users:444,errors:0
rt:34.49,through:10.6,tt:0.38,num_interact:159,Intrvl:15,num_users:412,errors:0
rt:33.71,through:12.47,tt:0.38,num_interact:187,Intrvl:15,num_users:419,errors:0
rt:33.71,through:13,tt:0.36,num_interact:195,Intrvl:15,num_users:409,errors:0
rt:32.31,through:13.07,tt:0.32,num_interact:197,Intrvl:15,num_users:427,errors:0
rt:31.54,through:12.87,tt:0.32,num_interact:193,Intrvl:15,num_users:416,errors:0
rt:31.15,through:13.2,tt:0.35,num_interact:198,Intrvl:15,num_users:448,errors:0
rt:30.92,through:13,tt:0.37,num_interact:195,Intrvl:15,num_users:456,errors:0
rt:33.76,through:13.33,tt:0.34,num_interact:200,Intrvl:15,num_users:482,errors:0
rt:34.22,through:13.27,tt:0.36,num_interact:199,Intrvl:15,num_users:465,errors:0
rt:35.66,through:12.47,tt:0.37,num_interact:187,Intrvl:15,num_users:472,errors:0
rt:34.26,through:13.07,tt:0.32,num_interact:196,Intrvl:15,num_users:454,errors:0
rt:35.8,through:11.27,tt:0.35,num_interact:169,Intrvl:15,num_users:417,errors:0
rt:34.59,through:12.33,tt:0.33,num_interact:185,Intrvl:15,num_users:490,errors:0
rt:35,through:13.07,tt:0.32,num_interact:196,Intrvl:15,num_users:473,errors:0
rt:34.9,through:11.2,tt:0.41,num_interact:168,Intrvl:15,num_users:449,errors:0
rt:35.84,through:13.27,tt:0.39,num_interact:199,Intrvl:15,num_users:434,errors:0
rt:34.87,through:11.53,tt:0.35,num_interact:173,Intrvl:15,num_users:407,errors:0
rt:33.83,through:12.53,tt:0.37,num_interact:188,Intrvl:15,num_users:472,errors:5
rt:28.71,through:18.6,tt:0.36,num_interact:279,Intrvl:15,num_users:463,errors:0
rt:20.24,through:21.33,tt:0.38,num_interact:324,Intrvl:15,num_users:371,errors:0
rt:16.27,through:24.93,tt:0.36,num_interact:374,Intrvl:15,num_users:454,errors:0
rt:16.65,through:24.53,tt:0.4,num_interact:368,Intrvl:15,num_users:419,errors:0
rt:16.38,through:25.4,tt:0.33,num_interact:381,Intrvl:15,num_users:435,errors:0
rt:16.98,through:25.93,tt:0.34,num_interact:389,Intrvl:15,num_users:483,errors:0
rt:17.41,through:26.73,tt:0.35,num_interact:401,Intrvl:15,num_users:486,errors:0
rt:17.56,through:22.33,tt:0.37,num_interact:335,Intrvl:15,num_users:400,errors:0
rt:16.85,through:25.6,tt:0.36,num_interact:384,Intrvl:15,num_users:419,errors:0
rt:15.83,through:25.53,tt:0.38,num_interact:383,Intrvl:15,num_users:414,errors:0
rt:15.63,through:24,tt:0.32,num_interact:360,Intrvl:15,num_users:370,errors:0
rt:14.95,through:25.93,tt:0.37,num_interact:389,Intrvl:15,num_users:466,errors:0
rt:16.67,through:26.6,tt:0.39,num_interact:400,Intrvl:15,num_users:466,errors:0
rt:17.16,through:25.8,tt:0.36,num_interact:387,Intrvl:15,num_users:459,errors:0
rt:17.4,through:26.07,tt:0.35,num_interact:393,Intrvl:15,num_users:445,errors:0
rt:16.7,through:24.47,tt:0.31,num_interact:367,Intrvl:15,num_users:421,errors:0
rt:16.25,through:26.6,tt:0.35,num_interact:399,Intrvl:15,num_users:438,errors:0
rt:16.18,through:26.4,tt:0.36,num_interact:396,Intrvl:15,num_users:438,errors:0
rt:16.38,through:25.87,tt:0.36,num_interact:388,Intrvl:15,num_users:423,errors:0
rt:15.96,through:26.8,tt:0.36,num_interact:402,Intrvl:15,num_users:437,errors:0
rt:16.11,through:25.4,tt:0.36,num_interact:381,Intrvl:15,num_users:419,errors:0
rt:16.03,through:26.07,tt:0.36,num_interact:391,Intrvl:15,num_users:463,errors:0
rt:16.74,through:22.07,tt:0.33,num_interact:331,Intrvl:15,num_users:379,errors:0
rt:15.87,through:25.27,tt:0.34,num_interact:379,Intrvl:15,num_users:498,errors:0
rt:17.94,through:27,tt:0.42,num_interact:405,Intrvl:15,num_users:514,errors:0
rt:18.83,through:25.47,tt:0.38,num_interact:382,Intrvl:15,num_users:497,errors:0
rt:18.8,through:25.47,tt:0.35,num_interact:382,Intrvl:15,num_users:480,errors:0
rt:18.13,through:22.33,tt:0.35,num_interact:335,Intrvl:15,num_users:400,errors:0
rt:16.66,through:25.73,tt:0.33,num_interact:386,Intrvl:15,num_users:470,errors:0
rt:17.15,through:23.33,tt:0.39,num_interact:350,Intrvl:15,num_users:403,errors:0
rt:16.22,through:26.53,tt:0.36,num_interact:398,Intrvl:15,num_users:546,errors:0
rt:19.2,through:19,tt:0.35,num_interact:285,Intrvl:15,num_users:410,errors:0
rt:18.34,through:25.07,tt:0.35,num_interact:376,Intrvl:15,num_users:463,errors:0
rt:17.14,through:24.33,tt:0.32,num_interact:365,Intrvl:15,num_users:417,errors:0
rt:16.31,through:25.87,tt:0.33,num_interact:388,Intrvl:15,num_users:447,errors:0
rt:16.34,through:26.53,tt:0.4,num_interact:398,Intrvl:15,num_users:455,errors:0
rt:16.74,through:26.4,tt:0.36,num_interact:396,Intrvl:15,num_users:521,errors:0
rt:18.96,through:23.6,tt:0.37,num_interact:355,Intrvl:15,num_users:484,errors:0
rt:18.9,through:28.93,tt:0.36,num_interact:434,Intrvl:15,num_users:521,errors:0
rt:18.52,through:22.27,tt:0.34,num_interact:334,Intrvl:15,num_users:438,errors:0
rt:18.14,through:25.13,tt:0.35,num_interact:377,Intrvl:15,num_users:433,errors:0
rt:16.39,through:26.27,tt:0.38,num_interact:394,Intrvl:15,num_users:452,errors:0
rt:16.81,through:26.6,tt:0.33,num_interact:399,Intrvl:15,num_users:496,errors:0
rt:18.23,through:25.73,tt:0.37,num_interact:386,Intrvl:15,num_users:507,errors:0
rt:18.14,through:24.53,tt:0.35,num_interact:368,Intrvl:15,num_users:458,errors:0
rt:18.22,through:24,tt:0.33,num_interact:360,Intrvl:15,num_users:421,errors:0
rt:16.82,through:25.13,tt:0.35,num_interact:377,Intrvl:15,num_users:424,errors:0
rt:15.79,through:26.67,tt:0.33,num_interact:400,Intrvl:15,num_users:431,errors:0
rt:15.72,through:25.6,tt:0.36,num_interact:387,Intrvl:15,num_users:417,errors:0
rt:16.15,through:27.33,tt:0.32,num_interact:410,Intrvl:15,num_users:468,errors:0
rt:16.61,through:25.87,tt:0.36,num_interact:388,Intrvl:15,num_users:470,errors:0
rt:17.31,through:27.4,tt:0.37,num_interact:411,Intrvl:15,num_users:508,errors:0
rt:18.38,through:24.87,tt:0.36,num_interact:374,Intrvl:15,num_users:486,errors:0
rt:18.79,through:25.87,tt:0.35,num_interact:388,Intrvl:15,num_users:473,errors:0
rt:17.85,through:25.73,tt:0.33,num_interact:386,Intrvl:15,num_users:490,errors:0
rt:17.65,through:24.13,tt:0.34,num_interact:362,Intrvl:15,num_users:442,errors:0
rt:17.27,through:25,tt:0.34,num_interact:375,Intrvl:15,num_users:424,errors:0
rt:16.36,through:26.47,tt:0.35,num_interact:397,Intrvl:15,num_users:482,errors:8
rt:16.74,through:27.47,tt:0.35,num_interact:421,Intrvl:15,num_users:461,errors:1
rt:13.61,through:38.2,tt:0.37,num_interact:741,Intrvl:15,num_users:490,errors:0
rt:15.22,through:57.73,tt:0.35,num_interact:1215,Intrvl:15,num_users:505,errors:0
rt:16.9,through:34.67,tt:0.34,num_interact:520,Intrvl:15,num_users:482,errors:0
rt:15.59,through:32.87,tt:0.36,num_interact:493,Intrvl:15,num_users:508,errors:0
rt:14.24,through:41.27,tt:0.35,num_interact:626,Intrvl:15,num_users:515,errors:0
rt:15.36,through:32.8,tt:0.38,num_interact:492,Intrvl:15,num_users:482,errors:0
rt:11.98,through:34.4,tt:0.36,num_interact:516,Intrvl:15,num_users:444,errors:0
rt:13.12,through:36.8,tt:0.38,num_interact:552,Intrvl:15,num_users:433,errors:0
rt:10.26,through:39.87,tt:0.35,num_interact:598,Intrvl:15,num_users:403,errors:0
rt:11.27,through:35.73,tt:0.37,num_interact:536,Intrvl:15,num_users:463,errors:0
rt:11.56,through:35.6,tt:0.33,num_interact:534,Intrvl:15,num_users:444,errors:0
rt:13.13,through:35,tt:0.35,num_interact:525,Intrvl:15,num_users:454,errors:0
rt:12.39,through:35.2,tt:0.34,num_interact:528,Intrvl:15,num_users:452,errors:0
rt:10.93,through:36.2,tt:0.34,num_interact:543,Intrvl:15,num_users:402,errors:0
rt:12.59,through:33.87,tt:0.37,num_interact:508,Intrvl:15,num_users:500,errors:0
rt:13.24,through:33.6,tt:0.36,num_interact:506,Intrvl:15,num_users:479,errors:0
rt:14.58,through:36.33,tt:0.37,num_interact:827,Intrvl:15,num_users:491,errors:0
rt:12.49,through:34.13,tt:0.36,num_interact:512,Intrvl:15,num_users:483,errors:0
rt:14.75,through:56.2,tt:0.37,num_interact:843,Intrvl:15,num_users:519,errors:0
rt:14.66,through:34.33,tt:0.33,num_interact:515,Intrvl:15,num_users:514,errors:0
rt:15.28,through:50.07,tt:0.36,num_interact:751,Intrvl:15,num_users:518,errors:0
rt:14.88,through:27.93,tt:0.37,num_interact:419,Intrvl:15,num_users:543,errors:0
rt:16.28,through:39,tt:0.34,num_interact:585,Intrvl:15,num_users:487,errors:0
rt:12.81,through:28.47,tt:0.35,num_interact:427,Intrvl:15,num_users:476,errors:0
rt:12.84,through:47.4,tt:0.34,num_interact:810,Intrvl:15,num_users:413,errors:0
rt:10.89,through:92.8,tt:0.38,num_interact:1392,Intrvl:15,num_users:483,errors:9
rt:14.22,through:36.8,tt:0.39,num_interact:553,Intrvl:15,num_users:480,errors:0
rt:12.36,through:37.13,tt:0.34,num_interact:557,Intrvl:15,num_users:435,errors:0
rt:12.38,through:68.93,tt:0.36,num_interact:1103,Intrvl:15,num_users:482,errors:0
rt:14.53,through:122.87,tt:0.35,num_interact:1843,Intrvl:15,num_users:521,errors:0
rt:14.6,through:33.67,tt:0.39,num_interact:505,Intrvl:15,num_users:444,errors:0
rt:12.11,through:53.93,tt:0.33,num_interact:809,Intrvl:15,num_users:510,errors:0
rt:14.84,through:31.67,tt:0.33,num_interact:475,Intrvl:15,num_users:447,errors:0
rt:12.69,through:74.93,tt:0.36,num_interact:1279,Intrvl:15,num_users:459,errors:0
rt:13.3,through:35.2,tt:0.35,num_interact:528,Intrvl:15,num_users:442,errors:0
rt:11.82,through:35.33,tt:0.35,num_interact:530,Intrvl:15,num_users:392,errors:0
rt:11.09,through:79.2,tt:0.36,num_interact:1188,Intrvl:15,num_users:535,errors:0
rt:14.49,through:31.67,tt:0.36,num_interact:542,Intrvl:15,num_users:482,errors:0
rt:14.44,through:68.27,tt:0.36,num_interact:1024,Intrvl:15,num_users:490,errors:0
rt:15.29,through:76.33,tt:0.36,num_interact:1145,Intrvl:15,num_users:501,errors:0
rt:15.94,through:72.93,tt:0.35,num_interact:1094,Intrvl:15,num_users:522,errors:0
rt:18.06,through:28.4,tt:0.35,num_interact:426,Intrvl:15,num_users:505,errors:0
rt:15.16,through:55.4,tt:0.37,num_interact:831,Intrvl:15,num_users:455,errors:0
rt:12.92,through:36.53,tt:0.35,num_interact:552,Intrvl:15,num_users:452,errors:0
rt:12.46,through:68,tt:0.34,num_interact:1020,Intrvl:15,num_users:522,errors:0
rt:16.55,through:34.13,tt:0.36,num_interact:512,Intrvl:15,num_users:472,errors:0
rt:12.69,through:36.2,tt:0.34,num_interact:543,Intrvl:15,num_users:442,errors:0
rt:12.39,through:34.6,tt:0.33,num_interact:519,Intrvl:15,num_users:552,errors:0
rt:16.31,through:32.53,tt:0.35,num_interact:507,Intrvl:15,num_users:538,errors:0
rt:15.33,through:29,tt:0.36,num_interact:435,Intrvl:15,num_users:465,errors:6
rt:15.67,through:37.27,tt:0.37,num_interact:559,Intrvl:15,num_users:470,errors:2
rt:13.32,through:29.07,tt:0.35,num_interact:436,Intrvl:15,num_users:483,errors:0
rt:15.04,through:35.87,tt:0.33,num_interact:538,Intrvl:15,num_users:456,errors:0
rt:11.11,through:34.6,tt:0.35,num_interact:519,Intrvl:15,num_users:434,errors:0
rt:12.14,through:35.53,tt:0.37,num_interact:931,Intrvl:15,num_users:469,errors:0
rt:13.73,through:57.8,tt:0.34,num_interact:867,Intrvl:15,num_users:487,errors:0
rt:13.34,through:35,tt:0.33,num_interact:525,Intrvl:15,num_users:477,errors:0
rt:11.12,through:38.27,tt:0.34,num_interact:895,Intrvl:15,num_users:414,errors:0
rt:13.11,through:37.2,tt:0.37,num_interact:736,Intrvl:15,num_users:500,errors:0
rt:12.84,through:33.2,tt:0.37,num_interact:498,Intrvl:15,num_users:475,errors:0
rt:14.12,through:66.27,tt:0.35,num_interact:994,Intrvl:15,num_users:524,errors:0
rt:16.16,through:27.73,tt:0.35,num_interact:486,Intrvl:15,num_users:480,errors:0
rt:14.62,through:39.93,tt:0.36,num_interact:599,Intrvl:15,num_users:479,errors:0
rt:12.57,through:34.6,tt:0.34,num_interact:519,Intrvl:15,num_users:409,errors:0
rt:11.01,through:30.2,tt:0.36,num_interact:453,Intrvl:15,num_users:490,errors:0
rt:14.48,through:32.8,tt:0.34,num_interact:530,Intrvl:15,num_users:468,errors:0
rt:12.73,through:33.27,tt:0.36,num_interact:499,Intrvl:15,num_users:477,errors:0
rt:18.01,through:72,tt:0.37,num_interact:1338,Intrvl:15,num_users:543,errors:0
rt:13.65,through:29,tt:0.38,num_interact:435,Intrvl:15,num_users:455,errors:0
rt:12.8,through:38.4,tt:0.35,num_interact:576,Intrvl:15,num_users:423,errors:0
rt:11.06,through:37,tt:0.35,num_interact:555,Intrvl:15,num_users:455,errors:0
rt:13.14,through:33.6,tt:0.39,num_interact:504,Intrvl:15,num_users:503,errors:0
rt:13.66,through:36.93,tt:0.35,num_interact:826,Intrvl:15,num_users:477,errors:0
rt:12.77,through:33.13,tt:0.34,num_interact:497,Intrvl:15,num_users:536,errors:0
rt:19.17,through:33.87,tt:0.36,num_interact:508,Intrvl:15,num_users:494,errors:0
rt:14.79,through:33.67,tt:0.35,num_interact:505,Intrvl:15,num_users:496,errors:0
rt:12.9,through:28.27,tt:0.35,num_interact:424,Intrvl:15,num_users:526,errors:0
rt:187.91,through:133,tt:0.35,num_interact:1995,Intrvl:15,num_users:591,errors:21
rt:38.7,through:32.27,tt:0.33,num_interact:484,Intrvl:15,num_users:482,errors:0
rt:15.37,through:37.4,tt:0.34,num_interact:561,Intrvl:15,num_users:521,errors:0
rt:17.26,through:31.53,tt:0.33,num_interact:473,Intrvl:15,num_users:514,errors:0
rt:14.58,through:32.2,tt:0.35,num_interact:496,Intrvl:15,num_users:539,errors:0
rt:16.72,through:29.27,tt:0.37,num_interact:439,Intrvl:15,num_users:501,errors:0
rt:16.27,through:32.2,tt:0.38,num_interact:521,Intrvl:15,num_users:490,errors:0
rt:12.36,through:34.53,tt:0.34,num_interact:596,Intrvl:15,num_users:431,errors:0
rt:12.05,through:63.2,tt:0.36,num_interact:948,Intrvl:15,num_users:479,errors:0
rt:13.51,through:44.4,tt:0.35,num_interact:666,Intrvl:15,num_users:508,errors:0
rt:16.94,through:97.13,tt:0.34,num_interact:1457,Intrvl:15,num_users:567,errors:0
rt:16.37,through:29.13,tt:0.37,num_interact:437,Intrvl:15,num_users:504,errors:0
rt:13.13,through:35.27,tt:0.34,num_interact:578,Intrvl:15,num_users:508,errors:0
rt:13.29,through:50.07,tt:0.35,num_interact:751,Intrvl:15,num_users:536,errors:0
rt:16.93,through:26.67,tt:0.37,num_interact:400,Intrvl:15,num_users:539,errors:0
rt:19.03,through:25.87,tt:0.34,num_interact:388,Intrvl:15,num_users:577,errors:6
rt:22.24,through:26.8,tt:0.39,num_interact:402,Intrvl:15,num_users:584,errors:0
rt:20.16,through:25.53,tt:0.35,num_interact:383,Intrvl:15,num_users:613,errors:12
rt:23.29,through:20.07,tt:0.34,num_interact:301,Intrvl:15,num_users:459,errors:0
rt:19.32,through:24.2,tt:0.37,num_interact:363,Intrvl:15,num_users:652,errors:5
rt:23.21,through:20.93,tt:0.34,num_interact:314,Intrvl:15,num_users:574,errors:0
rt:21.49,through:26.27,tt:0.31,num_interact:394,Intrvl:15,num_users:546,errors:14
rt:23.41,through:24,tt:0.36,num_interact:371,Intrvl:15,num_users:591,errors:0
rt:22.42,through:22.07,tt:0.36,num_interact:331,Intrvl:15,num_users:545,errors:11
rt:22.59,through:24.2,tt:0.36,num_interact:363,Intrvl:15,num_users:536,errors:0
rt:22.91,through:27.67,tt:0.35,num_interact:415,Intrvl:15,num_users:525,errors:2
rt:18.23,through:27.67,tt:0.36,num_interact:415,Intrvl:15,num_users:592,errors:0
rt:21.88,through:24.07,tt:0.34,num_interact:361,Intrvl:15,num_users:539,errors:21
rt:22.85,through:23.6,tt:0.33,num_interact:354,Intrvl:15,num_users:498,errors:1
rt:20.91,through:23.6,tt:0.34,num_interact:354,Intrvl:15,num_users:532,errors:13
rt:21.01,through:25.8,tt:0.38,num_interact:387,Intrvl:15,num_users:578,errors:0
rt:20.99,through:21.87,tt:0.34,num_interact:328,Intrvl:15,num_users:466,errors:13
rt:18.97,through:23.4,tt:0.4,num_interact:351,Intrvl:15,num_users:528,errors:0
rt:19.53,through:24.53,tt:0.41,num_interact:371,Intrvl:15,num_users:668,errors:13
rt:23.84,through:22.07,tt:0.33,num_interact:331,Intrvl:15,num_users:594,errors:0
rt:21.58,through:25.4,tt:0.37,num_interact:381,Intrvl:15,num_users:581,errors:5
rt:22.44,through:24.33,tt:0.37,num_interact:365,Intrvl:15,num_users:672,errors:1
rt:22.81,through:25.6,tt:0.34,num_interact:384,Intrvl:15,num_users:658,errors:15
rt:24.54,through:22.93,tt:0.38,num_interact:344,Intrvl:15,num_users:615,errors:0
rt:21.51,through:23.33,tt:0.36,num_interact:355,Intrvl:15,num_users:592,errors:16
rt:22.38,through:22.47,tt:0.34,num_interact:340,Intrvl:15,num_users:531,errors:0
rt:20.4,through:25.47,tt:0.37,num_interact:382,Intrvl:15,num_users:522,errors:14
rt:21.73,through:23.2,tt:0.39,num_interact:348,Intrvl:15,num_users:585,errors:2
rt:21.55,through:26.13,tt:0.33,num_interact:392,Intrvl:15,num_users:610,errors:15
rt:23.89,through:24.07,tt:0.35,num_interact:361,Intrvl:15,num_users:589,errors:7
rt:24.26,through:26.33,tt:0.39,num_interact:395,Intrvl:15,num_users:577,errors:19
rt:24.16,through:21.67,tt:0.41,num_interact:325,Intrvl:15,num_users:557,errors:7
rt:22.28,through:27.47,tt:0.34,num_interact:412,Intrvl:15,num_users:574,errors:19
rt:22.62,through:24.6,tt:0.37,num_interact:369,Intrvl:15,num_users:568,errors:2
rt:22.02,through:25.33,tt:0.36,num_interact:380,Intrvl:15,num_users:566,errors:18
rt:21.21,through:22.6,tt:0.36,num_interact:339,Intrvl:15,num_users:528,errors:4
rt:21.29,through:25.8,tt:0.34,num_interact:387,Intrvl:15,num_users:498,errors:12
rt:19.87,through:23,tt:0.34,num_interact:345,Intrvl:15,num_users:507,errors:12
rt:20.72,through:25.73,tt:0.33,num_interact:386,Intrvl:15,num_users:498,errors:13
rt:19.3,through:22.4,tt:0.33,num_interact:336,Intrvl:15,num_users:442,errors:16
rt:18.57,through:23.6,tt:0.37,num_interact:354,Intrvl:15,num_users:491,errors:3
rt:20.96,through:24.8,tt:0.35,num_interact:378,Intrvl:15,num_users:560,errors:16
rt:20.13,through:25.47,tt:0.37,num_interact:382,Intrvl:15,num_users:588,errors:2
rt:21.16,through:24.47,tt:0.34,num_interact:367,Intrvl:15,num_users:505,errors:19
rt:18.89,through:22.2,tt:0.38,num_interact:333,Intrvl:15,num_users:518,errors:0
rt:18.75,through:26.2,tt:0.33,num_interact:393,Intrvl:15,num_users:501,errors:15
rt:20.66,through:21.27,tt:0.36,num_interact:319,Intrvl:15,num_users:461,errors:2
rt:19.48,through:27.47,tt:0.38,num_interact:412,Intrvl:15,num_users:536,errors:15
rt:20.1,through:24.13,tt:0.36,num_interact:362,Intrvl:15,num_users:522,errors:0
rt:19.57,through:21.13,tt:0.33,num_interact:321,Intrvl:15,num_users:430,errors:9
rt:20.1,through:24.73,tt:0.39,num_interact:374,Intrvl:15,num_users:536,errors:4
rt:19.98,through:22.6,tt:0.36,num_interact:339,Intrvl:15,num_users:651,errors:17
rt:22.66,through:28.27,tt:0.33,num_interact:424,Intrvl:15,num_users:563,errors:3
rt:19.32,through:29.4,tt:0.38,num_interact:441,Intrvl:15,num_users:623,errors:3
rt:19.13,through:31.8,tt:0.35,num_interact:477,Intrvl:15,num_users:511,errors:2
rt:18.96,through:35.87,tt:0.34,num_interact:561,Intrvl:15,num_users:578,errors:0
rt:17.97,through:30.67,tt:0.36,num_interact:460,Intrvl:15,num_users:529,errors:0
rt:15.7,through:33.33,tt:0.35,num_interact:500,Intrvl:15,num_users:505,errors:0
rt:17.02,through:40,tt:0.36,num_interact:600,Intrvl:15,num_users:585,errors:0
rt:16.64,through:32.73,tt:0.35,num_interact:491,Intrvl:15,num_users:466,errors:0
rt:14.02,through:53.33,tt:0.37,num_interact:800,Intrvl:15,num_users:532,errors:0
rt:15.79,through:44.47,tt:0.36,num_interact:708,Intrvl:15,num_users:542,errors:2
rt:16.42,through:49.93,tt:0.37,num_interact:749,Intrvl:15,num_users:620,errors:0
rt:19,through:44.2,tt:0.33,num_interact:663,Intrvl:15,num_users:552,errors:0
rt:18.55,through:30.13,tt:0.33,num_interact:452,Intrvl:15,num_users:547,errors:0
rt:16.68,through:32.87,tt:0.36,num_interact:493,Intrvl:15,num_users:550,errors:0
rt:16.03,through:36.33,tt:0.32,num_interact:588,Intrvl:15,num_users:508,errors:0
rt:13.93,through:33.27,tt:0.34,num_interact:499,Intrvl:15,num_users:491,errors:0
rt:15.97,through:45.93,tt:0.37,num_interact:689,Intrvl:15,num_users:617,errors:0
rt:16.81,through:27.47,tt:0.34,num_interact:412,Intrvl:15,num_users:627,errors:0
rt:22.99,through:22.6,tt:0.36,num_interact:497,Intrvl:15,num_users:605,errors:0
rt:136.49,through:46.53,tt:0.35,num_interact:983,Intrvl:15,num_users:668,errors:0
rt:746.62,through:2.53,tt:0.37,num_interact:38,Intrvl:15,num_users:549,errors:0
rt:762.89,through:1.8,tt:0.36,num_interact:27,Intrvl:15,num_users:571,errors:0
rt:782.05,through:2,tt:0.44,num_interact:30,Intrvl:15,num_users:584,errors:0
rt:793.77,through:0.93,tt:0.43,num_interact:14,Intrvl:15,num_users:587,errors:0
rt:312.33,through:2,tt:0.37,num_interact:30,Intrvl:15,num_users:529,errors:0
rt:331.79,through:4.6,tt:0.41,num_interact:69,Intrvl:15,num_users:556,errors:0
rt:295.95,through:29.67,tt:0.36,num_interact:445,Intrvl:15,num_users:612,errors:0
rt:22.29,through:29.07,tt:0.34,num_interact:436,Intrvl:15,num_users:571,errors:0
rt:15.66,through:27.2,tt:0.36,num_interact:408,Intrvl:15,num_users:571,errors:0
rt:16.12,through:23.2,tt:0.33,num_interact:348,Intrvl:15,num_users:526,errors:0
rt:17.05,through:25.2,tt:0.34,num_interact:378,Intrvl:15,num_users:620,errors:0
rt:18.12,through:25.8,tt:0.39,num_interact:387,Intrvl:15,num_users:679,errors:0
rt:19.72,through:20.6,tt:0.37,num_interact:309,Intrvl:15,num_users:564,errors:0
rt:18.81,through:22.6,tt:0.38,num_interact:339,Intrvl:15,num_users:535,errors:0
rt:18.03,through:24.33,tt:0.35,num_interact:365,Intrvl:15,num_users:606,errors:0
rt:17.5,through:26.47,tt:0.35,num_interact:397,Intrvl:15,num_users:629,errors:0
rt:19.19,through:22.27,tt:0.38,num_interact:334,Intrvl:15,num_users:568,errors:0
rt:19.32,through:25.73,tt:0.35,num_interact:386,Intrvl:15,num_users:659,errors:0
rt:19.06,through:24.27,tt:0.37,num_interact:364,Intrvl:15,num_users:624,errors:0
rt:19.7,through:23.27,tt:0.36,num_interact:349,Intrvl:15,num_users:592,errors:0
rt:19.46,through:27,tt:0.34,num_interact:405,Intrvl:15,num_users:616,errors:0
rt:18.36,through:23.67,tt:0.38,num_interact:355,Intrvl:15,num_users:612,errors:0
rt:18.81,through:26.13,tt:0.35,num_interact:392,Intrvl:15,num_users:608,errors:0
rt:18.79,through:25.67,tt:0.35,num_interact:385,Intrvl:15,num_users:617,errors:0
rt:18.38,through:25.13,tt:0.37,num_interact:377,Intrvl:15,num_users:599,errors:0
rt:18.64,through:20.67,tt:0.32,num_interact:316,Intrvl:15,num_users:498,errors:0
rt:16.88,through:24.8,tt:0.36,num_interact:372,Intrvl:15,num_users:564,errors:0
rt:17.28,through:25.53,tt:0.34,num_interact:383,Intrvl:15,num_users:591,errors:0
rt:18.08,through:26.47,tt:0.36,num_interact:397,Intrvl:15,num_users:648,errors:0
rt:19.06,through:20.73,tt:0.36,num_interact:311,Intrvl:15,num_users:531,errors:0
rt:18.88,through:22.6,tt:0.37,num_interact:339,Intrvl:15,num_users:714,errors:0
rt:20.46,through:25.33,tt:0.38,num_interact:380,Intrvl:15,num_users:690,errors:0
rt:22.25,through:23.93,tt:0.32,num_interact:359,Intrvl:15,num_users:641,errors:0
rt:21.34,through:24.93,tt:0.37,num_interact:374,Intrvl:15,num_users:746,errors:0
rt:22.22,through:24.2,tt:0.35,num_interact:363,Intrvl:15,num_users:703,errors:0
rt:23,through:22.47,tt:0.33,num_interact:337,Intrvl:15,num_users:643,errors:0
rt:22.11,through:24.33,tt:0.36,num_interact:382,Intrvl:15,num_users:732,errors:0
rt:22.38,through:22.27,tt:0.36,num_interact:337,Intrvl:15,num_users:634,errors:0
rt:22.42,through:25.6,tt:0.37,num_interact:386,Intrvl:15,num_users:651,errors:0
rt:21.98,through:23.6,tt:0.34,num_interact:354,Intrvl:15,num_users:617,errors:0
rt:20.72,through:25.67,tt:0.35,num_interact:385,Intrvl:15,num_users:650,errors:0
rt:20.43,through:22.33,tt:0.36,num_interact:335,Intrvl:15,num_users:567,errors:0
rt:19.67,through:22.93,tt:0.38,num_interact:344,Intrvl:15,num_users:622,errors:0
rt:20.05,through:26.73,tt:0.39,num_interact:401,Intrvl:15,num_users:694,errors:0
rt:20.87,through:24.73,tt:0.34,num_interact:371,Intrvl:15,num_users:662,errors:0
rt:20.32,through:22.2,tt:0.35,num_interact:333,Intrvl:15,num_users:591,errors:0
rt:21.15,through:23.33,tt:0.36,num_interact:350,Intrvl:15,num_users:717,errors:0
rt:21.47,through:24.8,tt:0.36,num_interact:373,Intrvl:15,num_users:672,errors:0
rt:22.11,through:24.33,tt:0.36,num_interact:365,Intrvl:15,num_users:648,errors:0
rt:21.66,through:24.2,tt:0.33,num_interact:363,Intrvl:15,num_users:634,errors:0
rt:21.28,through:25.2,tt:0.39,num_interact:378,Intrvl:15,num_users:693,errors:0
rt:21.47,through:26.87,tt:0.38,num_interact:403,Intrvl:15,num_users:742,errors:0
rt:22.5,through:20,tt:0.39,num_interact:300,Intrvl:15,num_users:601,errors:0
rt:21.42,through:23.2,tt:0.33,num_interact:348,Intrvl:15,num_users:638,errors:0
rt:21.58,through:25.87,tt:0.34,num_interact:388,Intrvl:15,num_users:700,errors:0
rt:21.36,through:26,tt:0.36,num_interact:391,Intrvl:15,num_users:708,errors:0
rt:22.12,through:24.87,tt:0.35,num_interact:373,Intrvl:15,num_users:673,errors:0
rt:21.64,through:24.13,tt:0.34,num_interact:362,Intrvl:15,num_users:648,errors:0
rt:21.54,through:24,tt:0.36,num_interact:360,Intrvl:15,num_users:673,errors:0
rt:21.58,through:25.47,tt:0.34,num_interact:382,Intrvl:15,num_users:638,errors:0
rt:20.87,through:24.53,tt:0.35,num_interact:368,Intrvl:15,num_users:675,errors:0
rt:21.26,through:24.87,tt:0.36,num_interact:373,Intrvl:15,num_users:731,errors:8
rt:21.14,through:26.27,tt:0.35,num_interact:394,Intrvl:15,num_users:661,errors:0
rt:19.58,through:47.13,tt:0.35,num_interact:707,Intrvl:15,num_users:742,errors:0
rt:26.44,through:2.53,tt:0.27,num_interact:38,Intrvl:15,num_users:654,errors:0
rt:96.43,through:10.87,tt:0.33,num_interact:163,Intrvl:15,num_users:762,errors:0
rt:512.14,through:20.8,tt:0.4,num_interact:312,Intrvl:15,num_users:708,errors:5
rt:741.37,through:1.53,tt:0.31,num_interact:23,Intrvl:15,num_users:643,errors:0
rt:257.83,through:55.8,tt:0.36,num_interact:851,Intrvl:15,num_users:736,errors:12
rt:39.41,through:29,tt:0.35,num_interact:435,Intrvl:15,num_users:753,errors:0
rt:17.14,through:29.93,tt:0.34,num_interact:449,Intrvl:15,num_users:703,errors:0
rt:16.62,through:25,tt:0.37,num_interact:375,Intrvl:15,num_users:717,errors:0
rt:17.93,through:23.73,tt:0.36,num_interact:358,Intrvl:15,num_users:655,errors:0
rt:17.46,through:25.27,tt:0.36,num_interact:379,Intrvl:15,num_users:693,errors:0
rt:16.81,through:23.47,tt:0.36,num_interact:352,Intrvl:15,num_users:640,errors:0
rt:16.73,through:24.73,tt:0.34,num_interact:371,Intrvl:15,num_users:665,errors:0
rt:16.64,through:25.67,tt:0.38,num_interact:385,Intrvl:15,num_users:676,errors:0
rt:16.88,through:25.6,tt:0.36,num_interact:384,Intrvl:15,num_users:686,errors:0
rt:17.77,through:25.4,tt:0.37,num_interact:382,Intrvl:15,num_users:710,errors:0
rt:17.96,through:26.53,tt:0.39,num_interact:398,Intrvl:15,num_users:714,errors:0
rt:18.57,through:21.93,tt:0.34,num_interact:329,Intrvl:15,num_users:636,errors:0
rt:17.36,through:24.13,tt:0.34,num_interact:364,Intrvl:15,num_users:676,errors:0
rt:17.48,through:25.93,tt:0.37,num_interact:389,Intrvl:15,num_users:678,errors:0
rt:17.34,through:25.6,tt:0.36,num_interact:384,Intrvl:15,num_users:711,errors:0
rt:18.05,through:25.27,tt:0.35,num_interact:379,Intrvl:15,num_users:697,errors:0
rt:18.71,through:25.2,tt:0.37,num_interact:378,Intrvl:15,num_users:741,errors:0
rt:19.51,through:13,tt:0.38,num_interact:195,Intrvl:15,num_users:791,errors:0
rt:21.73,through:19.87,tt:0.38,num_interact:298,Intrvl:15,num_users:826,errors:0
rt:21.91,through:15.33,tt:0.32,num_interact:230,Intrvl:15,num_users:739,errors:31
rt:25.59,through:17.13,tt:0.33,num_interact:257,Intrvl:15,num_users:676,errors:88
rt:25.93,through:20.93,tt:0.34,num_interact:314,Intrvl:15,num_users:644,errors:0
rt:23.04,through:16.93,tt:0.36,num_interact:254,Intrvl:15,num_users:672,errors:0
rt:30.11,through:15.8,tt:0.3,num_interact:237,Intrvl:15,num_users:661,errors:0
rt:26.63,through:17.13,tt:0.37,num_interact:257,Intrvl:15,num_users:602,errors:1
rt:21.9,through:16.2,tt:0.39,num_interact:243,Intrvl:15,num_users:666,errors:0
rt:24.55,through:15.6,tt:0.38,num_interact:234,Intrvl:15,num_users:654,errors:7
rt:25.99,through:16.13,tt:0.41,num_interact:242,Intrvl:15,num_users:713,errors:0
rt:26.82,through:16.27,tt:0.37,num_interact:244,Intrvl:15,num_users:655,errors:6
rt:26.11,through:15.13,tt:0.35,num_interact:227,Intrvl:15,num_users:697,errors:7
rt:27.5,through:14.53,tt:0.38,num_interact:218,Intrvl:15,num_users:732,errors:0
rt:30.35,through:15.33,tt:0.37,num_interact:230,Intrvl:15,num_users:671,errors:20
rt:30.42,through:15,tt:0.35,num_interact:225,Intrvl:15,num_users:704,errors:0
rt:28.02,through:14.27,tt:0.32,num_interact:214,Intrvl:15,num_users:641,errors:16
rt:28.06,through:15.33,tt:0.35,num_interact:230,Intrvl:15,num_users:657,errors:0
rt:27.66,through:16.27,tt:0.34,num_interact:244,Intrvl:15,num_users:685,errors:12
rt:29.02,through:16.2,tt:0.38,num_interact:243,Intrvl:15,num_users:722,errors:0
rt:27.82,through:16.13,tt:0.37,num_interact:242,Intrvl:15,num_users:718,errors:18
rt:29.16,through:16.8,tt:0.36,num_interact:252,Intrvl:15,num_users:732,errors:0
rt:27.74,through:15.67,tt:0.35,num_interact:235,Intrvl:15,num_users:699,errors:16
rt:32.27,through:16.13,tt:0.38,num_interact:242,Intrvl:15,num_users:708,errors:0
rt:25.86,through:15.53,tt:0.35,num_interact:233,Intrvl:15,num_users:654,errors:23
rt:29.7,through:14.33,tt:0.39,num_interact:215,Intrvl:15,num_users:633,errors:0
rt:24.25,through:16.07,tt:0.37,num_interact:241,Intrvl:15,num_users:692,errors:12
rt:32.91,through:13.4,tt:0.34,num_interact:201,Intrvl:15,num_users:610,errors:0
rt:23.28,through:16.33,tt:0.35,num_interact:245,Intrvl:15,num_users:638,errors:18
rt:27.84,through:13.53,tt:0.38,num_interact:204,Intrvl:15,num_users:673,errors:1
rt:24.38,through:17.13,tt:0.35,num_interact:257,Intrvl:15,num_users:664,errors:12
rt:27.92,through:15.93,tt:0.39,num_interact:239,Intrvl:15,num_users:697,errors:2
rt:27.88,through:16.6,tt:0.36,num_interact:249,Intrvl:15,num_users:694,errors:16
rt:27.8,through:15.67,tt:0.3,num_interact:235,Intrvl:15,num_users:774,errors:6
rt:32.63,through:14.4,tt:0.34,num_interact:216,Intrvl:15,num_users:685,errors:8
rt:29.86,through:16.27,tt:0.33,num_interact:244,Intrvl:15,num_users:692,errors:9
rt:29.94,through:13.13,tt:0.37,num_interact:197,Intrvl:15,num_users:647,errors:0
rt:26.56,through:15.47,tt:0.37,num_interact:232,Intrvl:15,num_users:658,errors:16
rt:29.83,through:16.47,tt:0.37,num_interact:247,Intrvl:15,num_users:673,errors:0
rt:27,through:14.33,tt:0.32,num_interact:215,Intrvl:15,num_users:594,errors:20
rt:24.34,through:15,tt:0.32,num_interact:225,Intrvl:15,num_users:641,errors:0
rt:25.32,through:15.07,tt:0.38,num_interact:226,Intrvl:15,num_users:584,errors:8
rt:26.44,through:14.73,tt:0.4,num_interact:221,Intrvl:15,num_users:629,errors:0
rt:21.98,through:17,tt:0.32,num_interact:255,Intrvl:15,num_users:679,errors:24
rt:30.52,through:12.8,tt:0.34,num_interact:192,Intrvl:15,num_users:578,errors:0
rt:22.39,through:14.53,tt:0.36,num_interact:218,Intrvl:15,num_users:595,errors:10
rt:25.26,through:13.47,tt:0.36,num_interact:202,Intrvl:15,num_users:606,errors:12
rt:24.29,through:17,tt:0.38,num_interact:255,Intrvl:15,num_users:720,errors:5
rt:28.28,through:16.8,tt:0.35,num_interact:252,Intrvl:15,num_users:704,errors:6
rt:26.23,through:16.07,tt:0.33,num_interact:241,Intrvl:15,num_users:690,errors:0
rt:27.59,through:15.13,tt:0.37,num_interact:227,Intrvl:15,num_users:655,errors:20
rt:28.99,through:14.4,tt:0.37,num_interact:216,Intrvl:15,num_users:613,errors:0
rt:25.35,through:16.73,tt:0.39,num_interact:251,Intrvl:15,num_users:708,errors:9
rt:29.2,through:14.93,tt:0.38,num_interact:224,Intrvl:15,num_users:715,errors:0
rt:27.11,through:15.6,tt:0.34,num_interact:234,Intrvl:15,num_users:651,errors:11
rt:29.19,through:14.27,tt:0.39,num_interact:214,Intrvl:15,num_users:661,errors:1
rt:27.41,through:16.8,tt:0.32,num_interact:252,Intrvl:15,num_users:701,errors:16
rt:29.14,through:15,tt:0.38,num_interact:225,Intrvl:15,num_users:686,errors:5
rt:29.58,through:16.13,tt:0.34,num_interact:242,Intrvl:15,num_users:704,errors:6
rt:29.45,through:14.93,tt:0.37,num_interact:224,Intrvl:15,num_users:669,errors:14
rt:28.09,through:15.53,tt:0.35,num_interact:233,Intrvl:15,num_users:631,errors:0
rt:25.97,through:15.4,tt:0.35,num_interact:231,Intrvl:15,num_users:671,errors:10
rt:29.8,through:15.4,tt:0.35,num_interact:231,Intrvl:15,num_users:720,errors:0
rt:27.02,through:16.73,tt:0.34,num_interact:251,Intrvl:15,num_users:680,errors:13
rt:30.03,through:15.6,tt:0.32,num_interact:234,Intrvl:15,num_users:708,errors:1
rt:27.14,through:14.53,tt:0.38,num_interact:218,Intrvl:15,num_users:631,errors:6
rt:27.33,through:15.13,tt:0.37,num_interact:227,Intrvl:15,num_users:700,errors:2
rt:27.83,through:13.67,tt:0.36,num_interact:205,Intrvl:15,num_users:613,errors:15
rt:27.64,through:13.8,tt:0.37,num_interact:207,Intrvl:15,num_users:676,errors:3
rt:25.47,through:15.13,tt:0.4,num_interact:227,Intrvl:15,num_users:679,errors:13
rt:28.4,through:16.47,tt:0.37,num_interact:247,Intrvl:15,num_users:676,errors:8
rt:28.79,through:17.67,tt:0.35,num_interact:265,Intrvl:15,num_users:739,errors:8
rt:28.75,through:15.4,tt:0.34,num_interact:231,Intrvl:15,num_users:710,errors:9
rt:29.12,through:16.33,tt:0.35,num_interact:245,Intrvl:15,num_users:735,errors:5
rt:29.63,through:11.6,tt:0.35,num_interact:174,Intrvl:15,num_users:609,errors:18
rt:29.91,through:15,tt:0.35,num_interact:225,Intrvl:15,num_users:710,errors:0
rt:27.71,through:14.8,tt:0.35,num_interact:222,Intrvl:15,num_users:699,errors:11
rt:31.23,through:16.27,tt:0.35,num_interact:244,Intrvl:15,num_users:687,errors:0
rt:27.08,through:16.4,tt:0.38,num_interact:252,Intrvl:15,num_users:755,errors:18
rt:32.97,through:15.47,tt:0.36,num_interact:232,Intrvl:15,num_users:806,errors:0
rt:29.59,through:16.93,tt:0.35,num_interact:254,Intrvl:15,num_users:797,errors:14
rt:35.28,through:15.93,tt:0.36,num_interact:239,Intrvl:15,num_users:770,errors:1
rt:30.75,through:13.13,tt:0.33,num_interact:197,Intrvl:15,num_users:659,errors:9
rt:30.36,through:13.4,tt:0.38,num_interact:201,Intrvl:15,num_users:640,errors:1
rt:27.82,through:15.67,tt:0.38,num_interact:235,Intrvl:15,num_users:749,errors:9
rt:34.27,through:10.8,tt:0.34,num_interact:162,Intrvl:15,num_users:575,errors:7
rt:28.32,through:15.4,tt:0.35,num_interact:231,Intrvl:15,num_users:792,errors:0
rt:31.19,through:11.33,tt:0.34,num_interact:170,Intrvl:15,num_users:699,errors:6
rt:32.24,through:15.93,tt:0.35,num_interact:239,Intrvl:15,num_users:728,errors:0
rt:27.78,through:15,tt:0.34,num_interact:225,Intrvl:15,num_users:717,errors:11
rt:32.06,through:15.33,tt:0.35,num_interact:230,Intrvl:15,num_users:669,errors:0
rt:27.45,through:16.53,tt:0.35,num_interact:248,Intrvl:15,num_users:699,errors:9
rt:29.81,through:14.2,tt:0.35,num_interact:213,Intrvl:15,num_users:643,errors:0
rt:26.08,through:16.4,tt:0.35,num_interact:246,Intrvl:15,num_users:685,errors:23
rt:32.3,through:12.6,tt:0.34,num_interact:189,Intrvl:15,num_users:630,errors:0
rt:25.54,through:16.27,tt:0.35,num_interact:244,Intrvl:15,num_users:734,errors:15
rt:33.93,through:13.67,tt:0.36,num_interact:205,Intrvl:15,num_users:692,errors:0
rt:28.96,through:17.2,tt:0.34,num_interact:258,Intrvl:15,num_users:724,errors:13
rt:31.35,through:12.67,tt:0.4,num_interact:190,Intrvl:15,num_users:651,errors:0
rt:27.72,through:15.67,tt:0.36,num_interact:235,Intrvl:15,num_users:662,errors:16
rt:29.03,through:13.87,tt:0.33,num_interact:208,Intrvl:15,num_users:627,errors:1
rt:24.71,through:16.47,tt:0.36,num_interact:247,Intrvl:15,num_users:610,errors:16
rt:26.92,through:13.8,tt:0.39,num_interact:207,Intrvl:15,num_users:673,errors:1
rt:25.49,through:16.87,tt:0.34,num_interact:253,Intrvl:15,num_users:661,errors:12
rt:27.56,through:15.47,tt:0.35,num_interact:232,Intrvl:15,num_users:714,errors:13
rt:29.76,through:14.73,tt:0.34,num_interact:221,Intrvl:15,num_users:651,errors:0
rt:28.02,through:15.4,tt:0.33,num_interact:231,Intrvl:15,num_users:616,errors:21
rt:27.14,through:14.4,tt:0.36,num_interact:216,Intrvl:15,num_users:687,errors:0
rt:27.29,through:16.4,tt:0.35,num_interact:246,Intrvl:15,num_users:693,errors:12
rt:29.76,through:15.27,tt:0.35,num_interact:229,Intrvl:15,num_users:652,errors:0
rt:26.55,through:16.47,tt:0.34,num_interact:247,Intrvl:15,num_users:736,errors:13
rt:32.22,through:13.6,tt:0.31,num_interact:204,Intrvl:15,num_users:648,errors:0
rt:29.23,through:15.2,tt:0.35,num_interact:228,Intrvl:15,num_users:671,errors:5
rt:28.7,through:15.53,tt:0.36,num_interact:233,Intrvl:15,num_users:745,errors:1
rt:31.12,through:14.93,tt:0.37,num_interact:224,Intrvl:15,num_users:699,errors:6
rt:32.39,through:16.4,tt:0.37,num_interact:246,Intrvl:15,num_users:689,errors:3
rt:28.06,through:15.67,tt:0.34,num_interact:235,Intrvl:15,num_users:697,errors:2
rt:29.56,through:16,tt:0.36,num_interact:240,Intrvl:15,num_users:683,errors:11
rt:26.91,through:16,tt:0.35,num_interact:240,Intrvl:15,num_users:710,errors:0
rt:28.76,through:15.47,tt:0.35,num_interact:235,Intrvl:15,num_users:675,errors:15
rt:28.98,through:16.53,tt:0.35,num_interact:248,Intrvl:15,num_users:672,errors:0
rt:27.42,through:15.4,tt:0.39,num_interact:231,Intrvl:15,num_users:671,errors:17
rt:28.15,through:15.87,tt:0.32,num_interact:238,Intrvl:15,num_users:640,errors:0
rt:26.41,through:14.73,tt:0.38,num_interact:221,Intrvl:15,num_users:567,errors:8
rt:21.58,through:14.4,tt:0.4,num_interact:216,Intrvl:15,num_users:592,errors:0
rt:24.94,through:16.13,tt:0.35,num_interact:242,Intrvl:15,num_users:598,errors:2
rt:20.78,through:15.13,tt:0.34,num_interact:227,Intrvl:15,num_users:546,errors:0
rt:23.09,through:15.6,tt:0.38,num_interact:234,Intrvl:15,num_users:648,errors:9
rt:24.82,through:16.47,tt:0.4,num_interact:247,Intrvl:15,num_users:707,errors:0
rt:27.99,through:14.93,tt:0.33,num_interact:224,Intrvl:15,num_users:599,errors:8
rt:24.6,through:14.27,tt:0.38,num_interact:214,Intrvl:15,num_users:664,errors:0
rt:25.32,through:14.67,tt:0.38,num_interact:220,Intrvl:15,num_users:721,errors:12
rt:30.07,through:16.2,tt:0.38,num_interact:243,Intrvl:15,num_users:774,errors:0
rt:33,through:12.07,tt:0.32,num_interact:181,Intrvl:15,num_users:634,errors:12
rt:30.83,through:14.13,tt:0.34,num_interact:212,Intrvl:15,num_users:596,errors:0
rt:22.39,through:14.33,tt:0.38,num_interact:215,Intrvl:15,num_users:683,errors:12
rt:30.7,through:14.33,tt:0.35,num_interact:215,Intrvl:15,num_users:627,errors:0
rt:27.57,through:15.67,tt:0.36,num_interact:235,Intrvl:15,num_users:599,errors:6
rt:25.08,through:14.87,tt:0.37,num_interact:223,Intrvl:15,num_users:651,errors:0
rt:27.42,through:14.6,tt:0.34,num_interact:219,Intrvl:15,num_users:655,errors:18
rt:26.16,through:16.6,tt:0.37,num_interact:249,Intrvl:15,num_users:648,errors:0
rt:26.64,through:15.07,tt:0.31,num_interact:226,Intrvl:15,num_users:606,errors:6
rt:22.14,through:16.13,tt:0.37,num_interact:242,Intrvl:15,num_users:633,errors:0
rt:27.41,through:16.53,tt:0.31,num_interact:248,Intrvl:15,num_users:640,errors:9
rt:23.81,through:15.87,tt:0.4,num_interact:238,Intrvl:15,num_users:623,errors:0
rt:23.36,through:16.2,tt:0.37,num_interact:243,Intrvl:15,num_users:622,errors:14
rt:27.02,through:16.2,tt:0.36,num_interact:243,Intrvl:15,num_users:624,errors:1
rt:24.46,through:17.67,tt:0.35,num_interact:265,Intrvl:15,num_users:603,errors:11
rt:22.91,through:15.53,tt:0.35,num_interact:233,Intrvl:15,num_users:623,errors:0
rt:24.27,through:16.67,tt:0.36,num_interact:250,Intrvl:15,num_users:647,errors:15
rt:24.98,through:14.33,tt:0.32,num_interact:215,Intrvl:15,num_users:587,errors:0
rt:21.81,through:15.93,tt:0.35,num_interact:239,Intrvl:15,num_users:574,errors:15
rt:22.83,through:14.53,tt:0.35,num_interact:218,Intrvl:15,num_users:543,errors:2
rt:20.49,through:15.87,tt:0.41,num_interact:238,Intrvl:15,num_users:644,errors:19
rt:28.52,through:14.13,tt:0.37,num_interact:212,Intrvl:15,num_users:566,errors:2
rt:21.05,through:14,tt:0.32,num_interact:210,Intrvl:15,num_users:554,errors:12
rt:25.01,through:15,tt:0.4,num_interact:225,Intrvl:15,num_users:598,errors:1
rt:23.29,through:16.07,tt:0.36,num_interact:241,Intrvl:15,num_users:543,errors:3
rt:22.99,through:14.53,tt:0.36,num_interact:218,Intrvl:15,num_users:595,errors:14
rt:21.74,through:15.87,tt:0.32,num_interact:238,Intrvl:15,num_users:556,errors:0
rt:21.79,through:14.67,tt:0.35,num_interact:220,Intrvl:15,num_users:542,errors:8
rt:21.15,through:15.8,tt:0.33,num_interact:237,Intrvl:15,num_users:545,errors:0
rt:21.89,through:16,tt:0.32,num_interact:240,Intrvl:15,num_users:542,errors:11
rt:19.11,through:17.33,tt:0.38,num_interact:260,Intrvl:15,num_users:622,errors:0
rt:22.74,through:16.47,tt:0.34,num_interact:247,Intrvl:15,num_users:591,errors:13
rt:20.78,through:15.33,tt:0.33,num_interact:230,Intrvl:15,num_users:580,errors:1
rt:21.76,through:16.07,tt:0.34,num_interact:241,Intrvl:15,num_users:661,errors:16
rt:25.86,through:15.13,tt:0.34,num_interact:227,Intrvl:15,num_users:652,errors:0
rt:24.52,through:16.33,tt:0.31,num_interact:245,Intrvl:15,num_users:599,errors:21
rt:25.86,through:14.27,tt:0.38,num_interact:214,Intrvl:15,num_users:630,errors:0
rt:27.52,through:16.47,tt:0.36,num_interact:247,Intrvl:15,num_users:783,errors:6
rt:30.26,through:13.2,tt:0.35,num_interact:198,Intrvl:15,num_users:636,errors:0
rt:28.05,through:15.2,tt:0.36,num_interact:228,Intrvl:15,num_users:707,errors:21
rt:30.04,through:13.07,tt:0.34,num_interact:196,Intrvl:15,num_users:657,errors:4
rt:29.21,through:15.93,tt:0.35,num_interact:239,Intrvl:15,num_users:687,errors:13
rt:30.22,through:12.2,tt:0.33,num_interact:183,Intrvl:15,num_users:605,errors:3
rt:27.21,through:15.07,tt:0.35,num_interact:226,Intrvl:15,num_users:592,errors:4
rt:25.13,through:14.6,tt:0.39,num_interact:219,Intrvl:15,num_users:595,errors:13
rt:26.24,through:16.4,tt:0.39,num_interact:246,Intrvl:15,num_users:626,errors:0
rt:26.01,through:17.67,tt:0.37,num_interact:265,Intrvl:15,num_users:643,errors:14
rt:24.59,through:15.27,tt:0.35,num_interact:229,Intrvl:15,num_users:627,errors:0
rt:25.24,through:18.33,tt:0.32,num_interact:275,Intrvl:15,num_users:627,errors:15
rt:26.21,through:15.67,tt:0.34,num_interact:235,Intrvl:15,num_users:567,errors:0
rt:19.22,through:17.93,tt:0.36,num_interact:269,Intrvl:15,num_users:589,errors:10
rt:20.86,through:15.53,tt:0.37,num_interact:233,Intrvl:15,num_users:626,errors:1
rt:22.07,through:16.73,tt:0.35,num_interact:251,Intrvl:15,num_users:606,errors:9
rt:26.61,through:13.47,tt:0.36,num_interact:202,Intrvl:15,num_users:571,errors:10
rt:20.59,through:16.13,tt:0.34,num_interact:242,Intrvl:15,num_users:568,errors:0
rt:23.74,through:17.47,tt:0.36,num_interact:262,Intrvl:15,num_users:568,errors:16
rt:22.76,through:15.4,tt:0.34,num_interact:231,Intrvl:15,num_users:582,errors:0
rt:23.16,through:17.53,tt:0.33,num_interact:263,Intrvl:15,num_users:584,errors:5
rt:20.61,through:14.33,tt:0.34,num_interact:215,Intrvl:15,num_users:505,errors:4
rt:19.52,through:15.33,tt:0.41,num_interact:230,Intrvl:15,num_users:592,errors:0
rt:23.62,through:15.87,tt:0.38,num_interact:238,Intrvl:15,num_users:662,errors:10
rt:24.43,through:15.67,tt:0.35,num_interact:235,Intrvl:15,num_users:581,errors:0
rt:23.72,through:14.87,tt:0.35,num_interact:223,Intrvl:15,num_users:711,errors:12
rt:28.67,through:14.33,tt:0.4,num_interact:215,Intrvl:15,num_users:750,errors:1
rt:29.88,through:15.73,tt:0.34,num_interact:236,Intrvl:15,num_users:704,errors:5
rt:29.84,through:14,tt:0.4,num_interact:210,Intrvl:15,num_users:638,errors:5
rt:28.81,through:14.93,tt:0.35,num_interact:224,Intrvl:15,num_users:627,errors:0
rt:26.26,through:16.67,tt:0.32,num_interact:250,Intrvl:15,num_users:608,errors:10
rt:29.47,through:14.8,tt:0.35,num_interact:222,Intrvl:15,num_users:631,errors:0
rt:24.78,through:17.27,tt:0.37,num_interact:259,Intrvl:15,num_users:666,errors:7
rt:29.19,through:13.07,tt:0.35,num_interact:196,Intrvl:15,num_users:557,errors:0
rt:23.25,through:15.6,tt:0.37,num_interact:234,Intrvl:15,num_users:668,errors:0
rt:27.55,through:13.2,tt:0.4,num_interact:198,Intrvl:15,num_users:633,errors:11
rt:26.64,through:15.93,tt:0.35,num_interact:239,Intrvl:15,num_users:609,errors:0
rt:24.45,through:16.27,tt:0.37,num_interact:244,Intrvl:15,num_users:638,errors:8
rt:26.87,through:14.27,tt:0.34,num_interact:214,Intrvl:15,num_users:595,errors:2
rt:24.45,through:16.2,tt:0.36,num_interact:243,Intrvl:15,num_users:592,errors:6
rt:25.47,through:15.53,tt:0.35,num_interact:233,Intrvl:15,num_users:633,errors:6
rt:24.62,through:16.67,tt:0.38,num_interact:250,Intrvl:15,num_users:617,errors:0
rt:25.22,through:16.8,tt:0.36,num_interact:252,Intrvl:15,num_users:624,errors:14
rt:25.95,through:15.27,tt:0.39,num_interact:229,Intrvl:15,num_users:599,errors:0
rt:23.11,through:15.27,tt:0.39,num_interact:229,Intrvl:15,num_users:557,errors:8
rt:25.62,through:15.27,tt:0.37,num_interact:229,Intrvl:15,num_users:605,errors:1
rt:23.45,through:17.07,tt:0.33,num_interact:256,Intrvl:15,num_users:666,errors:0
rt:27.09,through:16.2,tt:0.38,num_interact:243,Intrvl:15,num_users:658,errors:10
rt:25.63,through:14.47,tt:0.34,num_interact:217,Intrvl:15,num_users:601,errors:0
rt:23.36,through:17.4,tt:0.34,num_interact:261,Intrvl:15,num_users:608,errors:13
rt:26.57,through:14.53,tt:0.36,num_interact:218,Intrvl:15,num_users:605,errors:2
rt:23.39,through:15.07,tt:0.36,num_interact:226,Intrvl:15,num_users:557,errors:7
rt:22.85,through:15.47,tt:0.36,num_interact:232,Intrvl:15,num_users:665,errors:2
rt:26.11,through:16,tt:0.36,num_interact:240,Intrvl:15,num_users:644,errors:0
rt:27.43,through:15.27,tt:0.37,num_interact:229,Intrvl:15,num_users:585,errors:13
rt:23.25,through:13.13,tt:0.44,num_interact:197,Intrvl:15,num_users:540,errors:0
rt:23.23,through:16.33,tt:0.37,num_interact:245,Intrvl:15,num_users:638,errors:5
rt:26.66,through:11,tt:0.31,num_interact:165,Intrvl:15,num_users:659,errors:2
rt:29.14,through:13.47,tt:0.35,num_interact:202,Intrvl:15,num_users:531,errors:0
rt:25,through:14,tt:0.39,num_interact:210,Intrvl:15,num_users:640,errors:9
rt:26.64,through:13.93,tt:0.37,num_interact:209,Intrvl:15,num_users:570,errors:0
rt:24.06,through:15.73,tt:0.34,num_interact:236,Intrvl:15,num_users:566,errors:8
rt:23.74,through:14.13,tt:0.38,num_interact:212,Intrvl:15,num_users:627,errors:0
rt:24.25,through:16.93,tt:0.35,num_interact:254,Intrvl:15,num_users:602,errors:8
rt:24.61,through:14.2,tt:0.31,num_interact:213,Intrvl:15,num_users:547,errors:0
rt:21.24,through:14.27,tt:0.4,num_interact:214,Intrvl:15,num_users:634,errors:10
rt:26.36,through:16.4,tt:0.36,num_interact:246,Intrvl:15,num_users:645,errors:1
rt:24.98,through:17.2,tt:0.35,num_interact:258,Intrvl:15,num_users:687,errors:13
rt:26.61,through:14.93,tt:0.36,num_interact:224,Intrvl:15,num_users:636,errors:6
rt:26.13,through:15.27,tt:0.39,num_interact:229,Intrvl:15,num_users:652,errors:1
rt:29.16,through:15.8,tt:0.34,num_interact:237,Intrvl:15,num_users:634,errors:11
rt:27.46,through:16.67,tt:0.36,num_interact:250,Intrvl:15,num_users:641,errors:1
rt:27.52,through:14.73,tt:0.36,num_interact:221,Intrvl:15,num_users:644,errors:20
rt:26.04,through:17.07,tt:0.39,num_interact:256,Intrvl:15,num_users:725,errors:0
rt:31.35,through:15.33,tt:0.33,num_interact:230,Intrvl:15,num_users:676,errors:18
rt:29.75,through:14.93,tt:0.38,num_interact:224,Intrvl:15,num_users:623,errors:0
rt:24.18,through:14.13,tt:0.35,num_interact:212,Intrvl:15,num_users:692,errors:22
rt:32.63,through:15.73,tt:0.4,num_interact:236,Intrvl:15,num_users:771,errors:0
rt:30.22,through:16.07,tt:0.38,num_interact:241,Intrvl:15,num_users:720,errors:10
rt:34.86,through:14.33,tt:0.39,num_interact:215,Intrvl:15,num_users:665,errors:0
rt:26.63,through:13.73,tt:0.35,num_interact:206,Intrvl:15,num_users:612,errors:10
rt:29.06,through:14.8,tt:0.38,num_interact:222,Intrvl:15,num_users:612,errors:0
rt:26.82,through:16.6,tt:0.37,num_interact:249,Intrvl:15,num_users:650,errors:8
rt:28.1,through:15.8,tt:0.31,num_interact:237,Intrvl:15,num_users:680,errors:0
rt:27.28,through:17,tt:0.36,num_interact:255,Intrvl:15,num_users:750,errors:8
rt:30.81,through:14.8,tt:0.39,num_interact:222,Intrvl:15,num_users:668,errors:7
rt:30.65,through:12.4,tt:0.32,num_interact:186,Intrvl:15,num_users:589,errors:0
rt:23.05,through:14.2,tt:0.37,num_interact:213,Intrvl:15,num_users:657,errors:16
rt:31.85,through:13.67,tt:0.34,num_interact:205,Intrvl:15,num_users:566,errors:0
rt:23.73,through:14,tt:0.35,num_interact:210,Intrvl:15,num_users:616,errors:22
rt:29.97,through:15.13,tt:0.37,num_interact:227,Intrvl:15,num_users:675,errors:0
rt:26.86,through:16.33,tt:0.35,num_interact:245,Intrvl:15,num_users:643,errors:13
rt:28.04,through:12.73,tt:0.32,num_interact:191,Intrvl:15,num_users:567,errors:0
rt:23.46,through:15.8,tt:0.35,num_interact:237,Intrvl:15,num_users:568,errors:14
rt:26.44,through:14,tt:0.42,num_interact:210,Intrvl:15,num_users:707,errors:2
rt:26.96,through:16.8,tt:0.36,num_interact:252,Intrvl:15,num_users:725,errors:10
rt:30.25,through:13.8,tt:0.36,num_interact:207,Intrvl:15,num_users:627,errors:4
rt:26.29,through:14.6,tt:0.35,num_interact:219,Intrvl:15,num_users:609,errors:6
rt:25.87,through:15,tt:0.34,num_interact:225,Intrvl:15,num_users:634,errors:12
rt:28.33,through:14,tt:0.38,num_interact:210,Intrvl:15,num_users:543,errors:0
rt:20.25,through:14.67,tt:0.39,num_interact:220,Intrvl:15,num_users:622,errors:18
rt:25.06,through:15.87,tt:0.39,num_interact:238,Intrvl:15,num_users:617,errors:0
rt:25.83,through:15.13,tt:0.34,num_interact:227,Intrvl:15,num_users:570,errors:13
rt:26.65,through:14.8,tt:0.39,num_interact:222,Intrvl:15,num_users:589,errors:0
rt:23.26,through:16.27,tt:0.37,num_interact:244,Intrvl:15,num_users:624,errors:14
rt:25.06,through:15.67,tt:0.35,num_interact:235,Intrvl:15,num_users:584,errors:0
rt:23.32,through:16.47,tt:0.35,num_interact:247,Intrvl:15,num_users:596,errors:12
rt:24.26,through:12.87,tt:0.34,num_interact:193,Intrvl:15,num_users:526,errors:1
rt:21.89,through:16,tt:0.35,num_interact:240,Intrvl:15,num_users:619,errors:4
rt:23.65,through:15.13,tt:0.36,num_interact:227,Intrvl:15,num_users:666,errors:6
rt:25.38,through:15.53,tt:0.37,num_interact:233,Intrvl:15,num_users:606,errors:0
rt:26.3,through:15.33,tt:0.37,num_interact:230,Intrvl:15,num_users:701,errors:18
rt:29.36,through:13.8,tt:0.37,num_interact:207,Intrvl:15,num_users:644,errors:0
rt:26.64,through:15.4,tt:0.39,num_interact:231,Intrvl:15,num_users:592,errors:17
rt:26.53,through:13.8,tt:0.35,num_interact:207,Intrvl:15,num_users:591,errors:0
rt:23.71,through:16.4,tt:0.34,num_interact:246,Intrvl:15,num_users:630,errors:13
rt:28.43,through:15.6,tt:0.37,num_interact:234,Intrvl:15,num_users:658,errors:0
rt:26.23,through:17.6,tt:0.42,num_interact:264,Intrvl:15,num_users:645,errors:13
rt:25.73,through:13.27,tt:0.37,num_interact:199,Intrvl:15,num_users:571,errors:3
rt:23.88,through:15.13,tt:0.35,num_interact:227,Intrvl:15,num_users:588,errors:6
rt:24.69,through:16.93,tt:0.36,num_interact:254,Intrvl:15,num_users:651,errors:8
rt:23.81,through:15.67,tt:0.36,num_interact:235,Intrvl:15,num_users:655,errors:0
rt:29.66,through:15.4,tt:0.35,num_interact:231,Intrvl:15,num_users:641,errors:9
rt:25.61,through:17.47,tt:0.35,num_interact:262,Intrvl:15,num_users:666,errors:0
rt:26.78,through:15.73,tt:0.35,num_interact:236,Intrvl:15,num_users:692,errors:23
rt:27.52,through:14.07,tt:0.38,num_interact:211,Intrvl:15,num_users:609,errors:0
rt:24.23,through:16.13,tt:0.36,num_interact:242,Intrvl:15,num_users:608,errors:21
rt:28.51,through:14.33,tt:0.34,num_interact:215,Intrvl:15,num_users:715,errors:0
rt:28.63,through:15.2,tt:0.31,num_interact:228,Intrvl:15,num_users:601,errors:24
rt:28.72,through:13.8,tt:0.34,num_interact:207,Intrvl:15,num_users:626,errors:0
rt:25.81,through:15.93,tt:0.33,num_interact:239,Intrvl:15,num_users:644,errors:18
rt:29.52,through:14.33,tt:0.35,num_interact:215,Intrvl:15,num_users:624,errors:2
rt:28.01,through:9.53,tt:0.33,num_interact:143,Intrvl:15,num_users:400,errors:6
rt:19.88,through:14.87,tt:0.42,num_interact:223,Intrvl:15,num_users:482,errors:2
rt:20.17,through:11.8,tt:0.34,num_interact:177,Intrvl:15,num_users:398,errors:0
rt:19.41,through:13.07,tt:0.34,num_interact:196,Intrvl:15,num_users:449,errors:7
rt:16.78,through:15.87,tt:0.33,num_interact:238,Intrvl:15,num_users:444,errors:0
rt:19.79,through:14.47,tt:0.34,num_interact:217,Intrvl:15,num_users:403,errors:8
rt:14.34,through:17.4,tt:0.38,num_interact:261,Intrvl:15,num_users:486,errors:0
rt:18.21,through:16.2,tt:0.34,num_interact:243,Intrvl:15,num_users:461,errors:1
rt:17.29,through:14.8,tt:0.36,num_interact:222,Intrvl:15,num_users:447,errors:0
rt:19,through:18.07,tt:0.4,num_interact:271,Intrvl:15,num_users:529,errors:1
rt:19.91,through:16.53,tt:0.34,num_interact:248,Intrvl:15,num_users:480,errors:0
rt:17.41,through:13.33,tt:0.34,num_interact:200,Intrvl:15,num_users:440,errors:11
rt:16.37,through:15.07,tt:0.38,num_interact:226,Intrvl:15,num_users:423,errors:1
rt:17.79,through:14.53,tt:0.29,num_interact:218,Intrvl:15,num_users:433,errors:3
rt:17.07,through:17.33,tt:0.32,num_interact:260,Intrvl:15,num_users:463,errors:8
rt:18.09,through:17,tt:0.39,num_interact:255,Intrvl:15,num_users:475,errors:6
rt:16.92,through:13.4,tt:0.37,num_interact:201,Intrvl:15,num_users:409,errors:3
rt:16.66,through:17.33,tt:0.36,num_interact:260,Intrvl:15,num_users:479,errors:1
rt:17.76,through:16.13,tt:0.35,num_interact:242,Intrvl:15,num_users:441,errors:5
rt:16.7,through:15.13,tt:0.37,num_interact:227,Intrvl:15,num_users:452,errors:3
rt:17.16,through:16.73,tt:0.37,num_interact:251,Intrvl:15,num_users:458,errors:2
rt:18.23,through:14.73,tt:0.33,num_interact:221,Intrvl:15,num_users:437,errors:5
rt:17.4,through:13.47,tt:0.35,num_interact:202,Intrvl:15,num_users:402,errors:6
rt:17.35,through:15.87,tt:0.37,num_interact:238,Intrvl:15,num_users:417,errors:0
rt:15.06,through:19.47,tt:0.34,num_interact:292,Intrvl:15,num_users:468,errors:1
rt:15.77,through:17.13,tt:0.4,num_interact:257,Intrvl:15,num_users:489,errors:2
rt:17.99,through:16.6,tt:0.34,num_interact:249,Intrvl:15,num_users:469,errors:3
rt:17.97,through:13.8,tt:0.36,num_interact:207,Intrvl:15,num_users:413,errors:4
rt:18.28,through:14.73,tt:0.34,num_interact:221,Intrvl:15,num_users:410,errors:11
rt:15.77,through:17.4,tt:0.38,num_interact:261,Intrvl:15,num_users:487,errors:0
rt:18.48,through:15.8,tt:0.34,num_interact:237,Intrvl:15,num_users:419,errors:7
rt:14.19,through:14.6,tt:0.35,num_interact:219,Intrvl:15,num_users:458,errors:0
rt:18.3,through:15.47,tt:0.39,num_interact:232,Intrvl:15,num_users:459,errors:10
rt:18.79,through:17.2,tt:0.4,num_interact:258,Intrvl:15,num_users:532,errors:0
rt:22.71,through:14.73,tt:0.32,num_interact:221,Intrvl:15,num_users:424,errors:12
rt:17.08,through:13.2,tt:0.41,num_interact:198,Intrvl:15,num_users:451,errors:0
rt:18.09,through:14.93,tt:0.37,num_interact:224,Intrvl:15,num_users:426,errors:10
rt:18.67,through:15.87,tt:0.38,num_interact:238,Intrvl:15,num_users:554,errors:0
rt:22.9,through:14.67,tt:0.35,num_interact:220,Intrvl:15,num_users:479,errors:11
rt:17.04,through:13.73,tt:0.33,num_interact:206,Intrvl:15,num_users:465,errors:1
rt:21.84,through:15.8,tt:0.34,num_interact:237,Intrvl:15,num_users:529,errors:8
rt:20.75,through:16.47,tt:0.36,num_interact:247,Intrvl:15,num_users:563,errors:0
rt:21.69,through:14.2,tt:0.31,num_interact:213,Intrvl:15,num_users:468,errors:19
rt:20.81,through:14.73,tt:0.37,num_interact:221,Intrvl:15,num_users:550,errors:0
rt:23.34,through:13.73,tt:0.33,num_interact:206,Intrvl:15,num_users:473,errors:9
rt:20.21,through:13.53,tt:0.32,num_interact:203,Intrvl:15,num_users:444,errors:0
Terminating EBs...
EB TPCW Broswing Mix EB #15665commiting suicide!
EB TPCW Broswing Mix EB #306commiting suicide!
EB TPCW Broswing Mix EB #676commiting suicide!
EB TPCW Broswing Mix EB #51commiting suicide!
EB TPCW Broswing Mix EB #283commiting suicide!
EB TPCW Broswing Mix EB #32commiting suicide!
EB TPCW Broswing Mix EB #277commiting suicide!
EB TPCW Broswing Mix EB #15586commiting suicide!
EB TPCW Broswing Mix EB #15809commiting suicide!
EB TPCW Broswing Mix EB #206commiting suicide!
EB TPCW Broswing Mix EB #105commiting suicide!
EB TPCW Broswing Mix EB #129commiting suicide!
EB TPCW Broswing Mix EB #235commiting suicide!
EB TPCW Broswing Mix EB #15144commiting suicide!
EB TPCW Broswing Mix EB #271commiting suicide!
EB TPCW Broswing Mix EB #15811commiting suicide!
EB TPCW Broswing Mix EB #97commiting suicide!
EB TPCW Broswing Mix EB #319commiting suicide!
EB TPCW Broswing Mix EB #82commiting suicide!
EB TPCW Broswing Mix EB #682commiting suicide!
EB TPCW Broswing Mix EB #245commiting suicide!
EB TPCW Broswing Mix EB #15585commiting suicide!
EB TPCW Broswing Mix EB #47commiting suicide!
EB TPCW Broswing Mix EB #147commiting suicide!
EB TPCW Broswing Mix EB #1480commiting suicide!
EB TPCW Broswing Mix EB #141commiting suicide!
EB TPCW Broswing Mix EB #153commiting suicide!
EB TPCW Broswing Mix EB #15818commiting suicide!
EB TPCW Broswing Mix EB #669commiting suicide!
EB TPCW Broswing Mix EB #74commiting suicide!
EB TPCW Broswing Mix EB #302commiting suicide!
EB TPCW Broswing Mix EB #221commiting suicide!
EB TPCW Broswing Mix EB #15662commiting suicide!
EB TPCW Broswing Mix EB #114commiting suicide!
EB TPCW Broswing Mix EB #269commiting suicide!
EB TPCW Broswing Mix EB #15497commiting suicide!
EB TPCW Broswing Mix EB #15588commiting suicide!
EB TPCW Broswing Mix EB #493commiting suicide!
EB TPCW Broswing Mix EB #112commiting suicide!
EB TPCW Broswing Mix EB #297commiting suicide!
EB TPCW Broswing Mix EB #149commiting suicide!
EB TPCW Broswing Mix EB #316commiting suicide!
EB TPCW Broswing Mix EB #666commiting suicide!
EB TPCW Broswing Mix EB #167commiting suicide!
EB TPCW Broswing Mix EB #2994commiting suicide!
EB TPCW Broswing Mix EB #691commiting suicide!
EB TPCW Broswing Mix EB #117commiting suicide!
EB TPCW Broswing Mix EB #219commiting suicide!
EB TPCW Broswing Mix EB #211commiting suicide!
EB TPCW Broswing Mix EB #501commiting suicide!
EB TPCW Broswing Mix EB #286commiting suicide!
EB TPCW Broswing Mix EB #66commiting suicide!
EB TPCW Broswing Mix EB #508commiting suicide!
EB TPCW Broswing Mix EB #15663commiting suicide!
EB TPCW Broswing Mix EB #15812commiting suicide!
EB TPCW Broswing Mix EB #21commiting suicide!
EB TPCW Broswing Mix EB #282commiting suicide!
EB TPCW Broswing Mix EB #492commiting suicide!
EB TPCW Broswing Mix EB #140commiting suicide!
EB TPCW Broswing Mix EB #89commiting suicide!
EB TPCW Broswing Mix EB #260commiting suicide!
EB TPCW Broswing Mix EB #1651commiting suicide!
EB TPCW Broswing Mix EB #12commiting suicide!
EB TPCW Broswing Mix EB #203commiting suicide!
EB TPCW Broswing Mix EB #15500commiting suicide!
EB TPCW Broswing Mix EB #507commiting suicide!
EB TPCW Broswing Mix EB #44commiting suicide!
EB TPCW Broswing Mix EB #15815commiting suicide!
EB TPCW Broswing Mix EB #294commiting suicide!
EB TPCW Broswing Mix EB #180commiting suicide!
EB TPCW Broswing Mix EB #678commiting suicide!
EB TPCW Broswing Mix EB #233commiting suicide!
EB TPCW Broswing Mix EB #22commiting suicide!
EB TPCW Broswing Mix EB #231commiting suicide!
EB TPCW Broswing Mix EB #15591commiting suicide!
EB TPCW Broswing Mix EB #216commiting suicide!
EB TPCW Broswing Mix EB #55commiting suicide!
EB TPCW Broswing Mix EB #248commiting suicide!
EB TPCW Broswing Mix EB #85commiting suicide!
EB TPCW Broswing Mix EB #71commiting suicide!
EB TPCW Broswing Mix EB #60commiting suicide!
EB TPCW Broswing Mix EB #15503commiting suicide!
EB TPCW Broswing Mix EB #239commiting suicide!
EB TPCW Broswing Mix EB #197commiting suicide!
EB TPCW Broswing Mix EB #88commiting suicide!
EB TPCW Broswing Mix EB #15804commiting suicide!
EB TPCW Broswing Mix EB #15504commiting suicide!
EB TPCW Broswing Mix EB #1646commiting suicide!
EB TPCW Broswing Mix EB #15592commiting suicide!
EB TPCW Broswing Mix EB #86commiting suicide!
EB TPCW Broswing Mix EB #144commiting suicide!
EB TPCW Broswing Mix EB #127commiting suicide!
EB TPCW Broswing Mix EB #232commiting suicide!
EB TPCW Broswing Mix EB #16commiting suicide!
EB TPCW Broswing Mix EB #314commiting suicide!
EB TPCW Broswing Mix EB #171commiting suicide!
EB TPCW Broswing Mix EB #272commiting suicide!
EB TPCW Broswing Mix EB #502commiting suicide!
EB TPCW Broswing Mix EB #15813commiting suicide!
EB TPCW Broswing Mix EB #15805commiting suicide!
EB TPCW Broswing Mix EB #69commiting suicide!
EB TPCW Broswing Mix EB #194commiting suicide!
EB TPCW Broswing Mix EB #262commiting suicide!
EB TPCW Broswing Mix EB #195commiting suicide!
EB TPCW Broswing Mix EB #499commiting suicide!
EB TPCW Broswing Mix EB #126commiting suicide!
EB TPCW Broswing Mix EB #87commiting suicide!
EB TPCW Broswing Mix EB #1477commiting suicide!
EB TPCW Broswing Mix EB #15143commiting suicide!
EB TPCW Broswing Mix EB #208commiting suicide!
EB TPCW Broswing Mix EB #54commiting suicide!
EB TPCW Broswing Mix EB #72commiting suicide!
EB TPCW Broswing Mix EB #20commiting suicide!
EB TPCW Broswing Mix EB #175commiting suicide!
EB TPCW Broswing Mix EB #1649commiting suicide!
EB TPCW Broswing Mix EB #312commiting suicide!
EB TPCW Broswing Mix EB #2997commiting suicide!
EB TPCW Broswing Mix EB #191commiting suicide!
EB TPCW Broswing Mix EB #163commiting suicide!
EB TPCW Broswing Mix EB #15584commiting suicide!
EB TPCW Broswing Mix EB #506commiting suicide!
EB TPCW Broswing Mix EB #15801commiting suicide!
EB TPCW Broswing Mix EB #64commiting suicide!
EB TPCW Broswing Mix EB #5commiting suicide!
EB TPCW Broswing Mix EB #15590commiting suicide!
EB TPCW Broswing Mix EB #15816commiting suicide!
EB TPCW Broswing Mix EB #268commiting suicide!
EB TPCW Broswing Mix EB #209commiting suicide!
EB TPCW Broswing Mix EB #317commiting suicide!
EB TPCW Broswing Mix EB #270commiting suicide!
EB TPCW Broswing Mix EB #290commiting suicide!
EB TPCW Broswing Mix EB #182commiting suicide!
EB TPCW Broswing Mix EB #7commiting suicide!
EB TPCW Broswing Mix EB #299commiting suicide!
EB TPCW Broswing Mix EB #15661commiting suicide!
EB TPCW Broswing Mix EB #18commiting suicide!
EB TPCW Broswing Mix EB #49commiting suicide!
EB TPCW Broswing Mix EB #15806commiting suicide!
EB TPCW Broswing Mix EB #307commiting suicide!
EB TPCW Broswing Mix EB #683commiting suicide!
EB TPCW Broswing Mix EB #30commiting suicide!
EB TPCW Broswing Mix EB #164commiting suicide!
EB TPCW Broswing Mix EB #217commiting suicide!
EB TPCW Broswing Mix EB #95commiting suicide!
EB TPCW Broswing Mix EB #224commiting suicide!
EB TPCW Broswing Mix EB #151commiting suicide!
EB TPCW Broswing Mix EB #184commiting suicide!
EB TPCW Broswing Mix EB #119commiting suicide!
EB TPCW Broswing Mix EB #192commiting suicide!
EB TPCW Broswing Mix EB #185commiting suicide!
EB TPCW Broswing Mix EB #78commiting suicide!
EB TPCW Broswing Mix EB #152commiting suicide!
EB TPCW Broswing Mix EB #218commiting suicide!
EB TPCW Broswing Mix EB #160commiting suicide!
EB TPCW Broswing Mix EB #187commiting suicide!
EB TPCW Broswing Mix EB #48commiting suicide!
EB TPCW Broswing Mix EB #115commiting suicide!
EB TPCW Broswing Mix EB #496commiting suicide!
EB TPCW Broswing Mix EB #11commiting suicide!
EB TPCW Broswing Mix EB #15810commiting suicide!
EB TPCW Broswing Mix EB #690commiting suicide!
EB TPCW Broswing Mix EB #234commiting suicide!
EB TPCW Broswing Mix EB #246commiting suicide!
EB TPCW Broswing Mix EB #238commiting suicide!
EB TPCW Broswing Mix EB #261commiting suicide!
EB TPCW Broswing Mix EB #1648commiting suicide!
EB TPCW Broswing Mix EB #120commiting suicide!
EB TPCW Broswing Mix EB #94commiting suicide!
EB TPCW Broswing Mix EB #495commiting suicide!
EB TPCW Broswing Mix EB #310commiting suicide!
EB TPCW Broswing Mix EB #15807commiting suicide!
EB TPCW Broswing Mix EB #15commiting suicide!
EB TPCW Broswing Mix EB #154commiting suicide!
EB TPCW Broswing Mix EB #150commiting suicide!
EB TPCW Broswing Mix EB #15587commiting suicide!
EB TPCW Broswing Mix EB #15817commiting suicide!
EB TPCW Broswing Mix EB #296commiting suicide!
EB TPCW Broswing Mix EB #320commiting suicide!
EB TPCW Broswing Mix EB #668commiting suicide!
EB TPCW Broswing Mix EB #124commiting suicide!
EB TPCW Broswing Mix EB #170commiting suicide!
EB TPCW Broswing Mix EB #227commiting suicide!
EB TPCW Broswing Mix EB #118commiting suicide!
EB TPCW Broswing Mix EB #176commiting suicide!
EB TPCW Broswing Mix EB #675commiting suicide!
EB TPCW Broswing Mix EB #59commiting suicide!
EB TPCW Broswing Mix EB #15814commiting suicide!
EB TPCW Broswing Mix EB #81commiting suicide!
EB TPCW Broswing Mix EB #293commiting suicide!
EB TPCW Broswing Mix EB #254commiting suicide!
EB TPCW Broswing Mix EB #166commiting suicide!
EB TPCW Broswing Mix EB #15808commiting suicide!
EB TPCW Broswing Mix EB #62commiting suicide!
EB TPCW Broswing Mix EB #490commiting suicide!
EB TPCW Broswing Mix EB #15664commiting suicide!
EB TPCW Broswing Mix EB #157commiting suicide!
EB TPCW Broswing Mix EB #68commiting suicide!
EB TPCW Broswing Mix EB #692commiting suicide!
EB TPCW Broswing Mix EB #213commiting suicide!
EB TPCW Broswing Mix EB #275commiting suicide!
EB TPCW Broswing Mix EB #103commiting suicide!
EB TPCW Broswing Mix EB #190commiting suicide!
EB TPCW Broswing Mix EB #189commiting suicide!
EB TPCW Broswing Mix EB #132commiting suicide!
EB TPCW Broswing Mix EB #84commiting suicide!
EB TPCW Broswing Mix EB #200commiting suicide!
EB TPCW Broswing Mix EB #15499commiting suicide!
EB TPCW Broswing Mix EB #2999commiting suicide!
EB TPCW Broswing Mix EB #63commiting suicide!
EB TPCW Broswing Mix EB #15803commiting suicide!
EB TPCW Broswing Mix EB #681commiting suicide!
EB TPCW Broswing Mix EB #25commiting suicide!
EB TPCW Broswing Mix EB #491commiting suicide!
EB TPCW Broswing Mix EB #15501commiting suicide!
EB TPCW Broswing Mix EB #304commiting suicide!
EB TPCW Broswing Mix EB #106commiting suicide!
EB TPCW Broswing Mix EB #672commiting suicide!
EB TPCW Broswing Mix EB #1655commiting suicide!
EB TPCW Broswing Mix EB #674commiting suicide!
EB TPCW Broswing Mix EB #42commiting suicide!
EB TPCW Broswing Mix EB #46commiting suicide!
EB TPCW Broswing Mix EB #237commiting suicide!
EB TPCW Broswing Mix EB #116commiting suicide!
EB TPCW Broswing Mix EB #98commiting suicide!
EB TPCW Broswing Mix EB #136commiting suicide!
EB TPCW Broswing Mix EB #92commiting suicide!
EB TPCW Broswing Mix EB #202commiting suicide!
EB TPCW Broswing Mix EB #28commiting suicide!
EB TPCW Broswing Mix EB #17commiting suicide!
EB TPCW Broswing Mix EB #15142commiting suicide!
EB TPCW Broswing Mix EB #139commiting suicide!
EB TPCW Broswing Mix EB #252commiting suicide!
EB TPCW Broswing Mix EB #58commiting suicide!
EB TPCW Broswing Mix EB #15774commiting suicide!
EB TPCW Broswing Mix EB #247commiting suicide!
EB TPCW Broswing Mix EB #15589commiting suicide!
EB TPCW Broswing Mix EB #689commiting suicide!
EB TPCW Broswing Mix EB #15498commiting suicide!
EB TPCW Broswing Mix EB #258commiting suicide!
EB TPCW Broswing Mix EB #276commiting suicide!
EB TPCW Broswing Mix EB #684commiting suicide!
EB TPCW Broswing Mix EB #284commiting suicide!
EB TPCW Broswing Mix EB #504commiting suicide!
EB TPCW Broswing Mix EB #93commiting suicide!
EB TPCW Broswing Mix EB #1654commiting suicide!
EB TPCW Broswing Mix EB #73commiting suicide!
EB TPCW Broswing Mix EB #323commiting suicide!
EB TPCW Broswing Mix EB #1650commiting suicide!
EB TPCW Broswing Mix EB #131commiting suicide!
EB TPCW Broswing Mix EB #109commiting suicide!
EB TPCW Broswing Mix EB #83commiting suicide!
EB TPCW Broswing Mix EB #1478commiting suicide!
EB TPCW Broswing Mix EB #174commiting suicide!
EB TPCW Broswing Mix EB #15502commiting suicide!
EB TPCW Broswing Mix EB #15145commiting suicide!
EB TPCW Broswing Mix EB #40commiting suicide!
EB TPCW Broswing Mix EB #123commiting suicide!
EB TPCW Broswing Mix EB #285commiting suicide!
EB TPCW Broswing Mix EB #673commiting suicide!
EB TPCW Broswing Mix EB #278commiting suicide!
EB TPCW Broswing Mix EB #177commiting suicide!
EB TPCW Broswing Mix EB #1656commiting suicide!
EB TPCW Broswing Mix EB #179commiting suicide!
EB TPCW Broswing Mix EB #15802commiting suicide!
EB TPCW Broswing Mix EB #308commiting suicide!
EB TPCW Broswing Mix EB #321commiting suicide!
EB TPCW Broswing Mix EB #181commiting suicide!
EB TPCW Broswing Mix EB #249commiting suicide!
EB TPCW Broswing Mix EB #298commiting suicide!
EB TPCW Broswing Mix EB #1481commiting suicide!
EB TPCW Broswing Mix EB #90commiting suicide!
EB TPCW Broswing Mix EB #257commiting suicide!
EB TPCW Broswing Mix EB #489commiting suicide!
EB TPCW Broswing Mix EB #15775commiting suicide!
EB TPCW Broswing Mix EB #259commiting suicide!
EB TPCW Broswing Mix EB #1476commiting suicide!
EB TPCW Broswing Mix EB #500commiting suicide!
EB TPCW Broswing Mix EB #318commiting suicide!
EB TPCW Broswing Mix EB #315commiting suicide!
EBs finished.
Really finishing RBE!.
