Remote Browser Emulator for TPC-W.
  ECE 902  Fall '99
  Version 1.5
System's current path is /root/loadtest
rt:0.16,through:1.8,tt:0.4,num_interact:27,Intrvl:15,num_users:1,errors:0
rt:2.3,through:5.67,tt:0.28,num_interact:85,Intrvl:15,num_users:20,errors:0
rt:7.98,through:5.07,tt:0.42,num_interact:76,Intrvl:15,num_users:80,errors:0
rt:12.22,through:6.93,tt:0.35,num_interact:104,Intrvl:15,num_users:120,errors:0
rt:16.12,through:7,tt:0.38,num_interact:105,Intrvl:15,num_users:180,errors:0
rt:18.52,through:6.73,tt:0.45,num_interact:101,Intrvl:15,num_users:240,errors:0
rt:23.72,through:6.73,tt:0.5,num_interact:101,Intrvl:15,num_users:280,errors:0
rt:31.14,through:6.73,tt:0.39,num_interact:101,Intrvl:15,num_users:310,errors:0
rt:36.9,through:6.73,tt:0.34,num_interact:101,Intrvl:15,num_users:370,errors:13
rt:42.74,through:6.13,tt:0.39,num_interact:92,Intrvl:15,num_users:440,errors:4
rt:45.45,through:6.53,tt:0.39,num_interact:98,Intrvl:15,num_users:484,errors:8
rt:50.67,through:6.8,tt:0.43,num_interact:102,Intrvl:15,num_users:487,errors:0
rt:62.42,through:6.13,tt:0.4,num_interact:92,Intrvl:15,num_users:479,errors:4
rt:63.21,through:6.53,tt:0.49,num_interact:98,Intrvl:15,num_users:574,errors:10
rt:69.58,through:6.4,tt:0.44,num_interact:96,Intrvl:15,num_users:500,errors:3
rt:70.63,through:5.73,tt:0.35,num_interact:86,Intrvl:15,num_users:458,errors:2
rt:69.9,through:6.33,tt:0.35,num_interact:95,Intrvl:15,num_users:409,errors:22
rt:70.08,through:3.93,tt:0.34,num_interact:59,Intrvl:15,num_users:426,errors:6
rt:85.25,through:2.67,tt:0.25,num_interact:40,Intrvl:15,num_users:494,errors:2
rt:83.69,through:4.87,tt:0.42,num_interact:73,Intrvl:15,num_users:515,errors:5
rt:81.29,through:4.2,tt:0.37,num_interact:63,Intrvl:15,num_users:489,errors:3
rt:89.42,through:6.27,tt:0.41,num_interact:94,Intrvl:15,num_users:444,errors:14
rt:91.34,through:5.93,tt:0.38,num_interact:89,Intrvl:15,num_users:454,errors:9
rt:86.34,through:4.6,tt:0.39,num_interact:69,Intrvl:15,num_users:512,errors:3
rt:83.77,through:4.67,tt:0.39,num_interact:70,Intrvl:15,num_users:487,errors:7
rt:87.3,through:6.47,tt:0.4,num_interact:97,Intrvl:15,num_users:462,errors:6
rt:76.29,through:5.47,tt:0.38,num_interact:82,Intrvl:15,num_users:448,errors:0
rt:89.75,through:6.07,tt:0.35,num_interact:91,Intrvl:15,num_users:466,errors:9
rt:80.85,through:4.87,tt:0.35,num_interact:73,Intrvl:15,num_users:479,errors:9
rt:78.36,through:4.2,tt:0.26,num_interact:63,Intrvl:15,num_users:431,errors:0
rt:79.55,through:5.93,tt:0.29,num_interact:89,Intrvl:15,num_users:413,errors:16
rt:77.84,through:5.8,tt:0.4,num_interact:87,Intrvl:15,num_users:435,errors:8
rt:75.2,through:4.47,tt:0.38,num_interact:67,Intrvl:15,num_users:484,errors:2
rt:85.5,through:5.87,tt:0.29,num_interact:88,Intrvl:15,num_users:483,errors:14
rt:71.03,through:5.73,tt:0.29,num_interact:86,Intrvl:15,num_users:515,errors:5
rt:78.49,through:6,tt:0.41,num_interact:90,Intrvl:15,num_users:461,errors:0
rt:82.54,through:6.07,tt:0.43,num_interact:91,Intrvl:15,num_users:470,errors:12
rt:72.91,through:4.6,tt:0.36,num_interact:69,Intrvl:15,num_users:416,errors:4
rt:86.04,through:5.33,tt:0.3,num_interact:80,Intrvl:15,num_users:454,errors:1
rt:77.88,through:5.47,tt:0.34,num_interact:82,Intrvl:15,num_users:480,errors:21
rt:71.3,through:4.6,tt:0.36,num_interact:69,Intrvl:15,num_users:487,errors:5
rt:77.96,through:5.6,tt:0.37,num_interact:84,Intrvl:15,num_users:561,errors:11
rt:80.57,through:6.27,tt:0.45,num_interact:94,Intrvl:15,num_users:455,errors:11
rt:81.22,through:3.87,tt:0.28,num_interact:58,Intrvl:15,num_users:400,errors:4
rt:88.86,through:4.53,tt:0.28,num_interact:68,Intrvl:15,num_users:381,errors:9
rt:93.55,through:4.6,tt:0.32,num_interact:69,Intrvl:15,num_users:517,errors:3
rt:85.07,through:3.93,tt:0.31,num_interact:59,Intrvl:15,num_users:536,errors:6
rt:92.54,through:5,tt:0.36,num_interact:75,Intrvl:15,num_users:475,errors:10
rt:81.2,through:5.93,tt:0.36,num_interact:89,Intrvl:15,num_users:500,errors:5
rt:81.02,through:5.13,tt:0.36,num_interact:77,Intrvl:15,num_users:472,errors:1
rt:72.52,through:7.2,tt:0.33,num_interact:108,Intrvl:15,num_users:452,errors:10
rt:52.61,through:8.4,tt:0.33,num_interact:126,Intrvl:15,num_users:347,errors:7
rt:43.67,through:11,tt:0.34,num_interact:165,Intrvl:15,num_users:426,errors:0
rt:43.34,through:10.07,tt:0.36,num_interact:151,Intrvl:15,num_users:389,errors:12
rt:41.57,through:11.53,tt:0.44,num_interact:173,Intrvl:15,num_users:385,errors:2
rt:29.33,through:12,tt:0.35,num_interact:180,Intrvl:15,num_users:392,errors:2
rt:33.11,through:12.8,tt:0.31,num_interact:192,Intrvl:15,num_users:553,errors:21
rt:43.44,through:8.33,tt:0.32,num_interact:125,Intrvl:15,num_users:375,errors:0
rt:36.79,through:10.67,tt:0.35,num_interact:160,Intrvl:15,num_users:391,errors:12
rt:32.7,through:9.47,tt:0.37,num_interact:142,Intrvl:15,num_users:379,errors:12
rt:34.42,through:11.67,tt:0.35,num_interact:175,Intrvl:15,num_users:431,errors:0
rt:38.61,through:10.33,tt:0.34,num_interact:155,Intrvl:15,num_users:356,errors:14
rt:32.79,through:12.6,tt:0.38,num_interact:189,Intrvl:15,num_users:458,errors:1
rt:30.62,through:11.07,tt:0.36,num_interact:166,Intrvl:15,num_users:407,errors:17
rt:38.38,through:10.07,tt:0.34,num_interact:151,Intrvl:15,num_users:371,errors:11
rt:29.82,through:10.87,tt:0.36,num_interact:163,Intrvl:15,num_users:342,errors:0
rt:26.41,through:10.07,tt:0.36,num_interact:151,Intrvl:15,num_users:273,errors:12
rt:28.71,through:10.27,tt:0.29,num_interact:154,Intrvl:15,num_users:554,errors:1
rt:32.48,through:11.93,tt:0.47,num_interact:179,Intrvl:15,num_users:494,errors:6
rt:35.27,through:11.93,tt:0.32,num_interact:179,Intrvl:15,num_users:487,errors:6
rt:34.22,through:11.6,tt:0.38,num_interact:174,Intrvl:15,num_users:469,errors:1
rt:37.56,through:10.93,tt:0.4,num_interact:164,Intrvl:15,num_users:440,errors:10
rt:39.11,through:10.47,tt:0.32,num_interact:157,Intrvl:15,num_users:405,errors:3
rt:31.02,through:13.53,tt:0.32,num_interact:203,Intrvl:15,num_users:588,errors:0
rt:42.34,through:10.8,tt:0.37,num_interact:162,Intrvl:15,num_users:517,errors:26
rt:39.43,through:11.87,tt:0.34,num_interact:178,Intrvl:15,num_users:480,errors:2
rt:33.58,through:11.53,tt:0.36,num_interact:173,Intrvl:15,num_users:498,errors:15
rt:40.4,through:10.33,tt:0.34,num_interact:155,Intrvl:15,num_users:444,errors:11
rt:45.53,through:12.07,tt:0.31,num_interact:181,Intrvl:15,num_users:500,errors:0
rt:40.85,through:10.33,tt:0.38,num_interact:155,Intrvl:15,num_users:472,errors:23
rt:40.85,through:11.07,tt:0.37,num_interact:166,Intrvl:15,num_users:430,errors:3
rt:33.59,through:13.13,tt:0.33,num_interact:197,Intrvl:15,num_users:512,errors:9
rt:34.98,through:11.53,tt:0.42,num_interact:173,Intrvl:15,num_users:561,errors:12
rt:47.85,through:9.93,tt:0.34,num_interact:149,Intrvl:15,num_users:412,errors:0
rt:34.92,through:11.4,tt:0.4,num_interact:171,Intrvl:15,num_users:512,errors:13
rt:38.86,through:10.73,tt:0.37,num_interact:161,Intrvl:15,num_users:496,errors:5
rt:38.61,through:11.93,tt:0.35,num_interact:179,Intrvl:15,num_users:515,errors:0
rt:40.3,through:12.27,tt:0.38,num_interact:184,Intrvl:15,num_users:510,errors:15
rt:40.09,through:13,tt:0.35,num_interact:195,Intrvl:15,num_users:504,errors:1
rt:38.48,through:13.13,tt:0.34,num_interact:197,Intrvl:15,num_users:494,errors:14
rt:40.65,through:11.07,tt:0.39,num_interact:166,Intrvl:15,num_users:455,errors:9
rt:36.21,through:12.07,tt:0.32,num_interact:181,Intrvl:15,num_users:414,errors:0
rt:33.07,through:11.53,tt:0.35,num_interact:173,Intrvl:15,num_users:384,errors:8
rt:36.92,through:11.4,tt:0.35,num_interact:171,Intrvl:15,num_users:407,errors:9
rt:27.01,through:12.4,tt:0.4,num_interact:186,Intrvl:15,num_users:458,errors:1
rt:34.57,through:12.27,tt:0.35,num_interact:184,Intrvl:15,num_users:421,errors:16
rt:35.64,through:13.07,tt:0.41,num_interact:196,Intrvl:15,num_users:445,errors:2
rt:30.18,through:12,tt:0.38,num_interact:180,Intrvl:15,num_users:417,errors:18
rt:37.47,through:10.87,tt:0.36,num_interact:163,Intrvl:15,num_users:433,errors:15
rt:30.83,through:13.2,tt:0.37,num_interact:198,Intrvl:15,num_users:456,errors:1
rt:32.81,through:12.2,tt:0.39,num_interact:183,Intrvl:15,num_users:405,errors:10
rt:36.87,through:12.8,tt:0.34,num_interact:192,Intrvl:15,num_users:427,errors:7
rt:34.14,through:12.2,tt:0.32,num_interact:183,Intrvl:15,num_users:424,errors:0
rt:31.21,through:11.27,tt:0.31,num_interact:169,Intrvl:15,num_users:392,errors:15
rt:35.39,through:12.73,tt:0.35,num_interact:191,Intrvl:15,num_users:475,errors:1
rt:35.77,through:10.8,tt:0.33,num_interact:162,Intrvl:15,num_users:393,errors:1
rt:35.31,through:12.2,tt:0.38,num_interact:183,Intrvl:15,num_users:424,errors:18
rt:34.35,through:11.33,tt:0.33,num_interact:170,Intrvl:15,num_users:405,errors:2
rt:32.83,through:11.93,tt:0.35,num_interact:179,Intrvl:15,num_users:500,errors:1
rt:36.66,through:12.93,tt:0.37,num_interact:194,Intrvl:15,num_users:524,errors:11
rt:37.01,through:12.73,tt:0.35,num_interact:191,Intrvl:15,num_users:525,errors:0
rt:37.42,through:10.67,tt:0.34,num_interact:160,Intrvl:15,num_users:449,errors:19
rt:36.9,through:11.47,tt:0.31,num_interact:172,Intrvl:15,num_users:475,errors:9
rt:33.26,through:12.93,tt:0.3,num_interact:194,Intrvl:15,num_users:494,errors:0
rt:40.9,through:9.27,tt:0.35,num_interact:139,Intrvl:15,num_users:392,errors:16
rt:36.09,through:11.93,tt:0.35,num_interact:179,Intrvl:15,num_users:407,errors:11
rt:26.11,through:14.8,tt:0.34,num_interact:222,Intrvl:15,num_users:482,errors:9
rt:26.98,through:19,tt:0.36,num_interact:290,Intrvl:15,num_users:469,errors:6
rt:24.38,through:19.53,tt:0.36,num_interact:293,Intrvl:15,num_users:532,errors:1
rt:25.78,through:19.27,tt:0.39,num_interact:289,Intrvl:15,num_users:511,errors:25
rt:29.94,through:16.47,tt:0.35,num_interact:247,Intrvl:15,num_users:417,errors:3
rt:17.86,through:18.53,tt:0.34,num_interact:278,Intrvl:15,num_users:426,errors:0
rt:24.21,through:18.33,tt:0.36,num_interact:275,Intrvl:15,num_users:407,errors:18
rt:21.48,through:18.8,tt:0.37,num_interact:282,Intrvl:15,num_users:399,errors:4
rt:16,through:17.33,tt:0.35,num_interact:260,Intrvl:15,num_users:368,errors:23
rt:23.58,through:19.07,tt:0.38,num_interact:286,Intrvl:15,num_users:430,errors:12
rt:18.43,through:17.8,tt:0.36,num_interact:267,Intrvl:15,num_users:367,errors:0
rt:20.03,through:19.47,tt:0.4,num_interact:292,Intrvl:15,num_users:496,errors:13
rt:30.77,through:17.47,tt:0.32,num_interact:262,Intrvl:15,num_users:462,errors:2
rt:20.76,through:19.2,tt:0.38,num_interact:290,Intrvl:15,num_users:563,errors:0
rt:26.47,through:17.47,tt:0.37,num_interact:262,Intrvl:15,num_users:503,errors:18
rt:28.14,through:19.4,tt:0.36,num_interact:291,Intrvl:15,num_users:515,errors:6
rt:24.02,through:14.47,tt:0.34,num_interact:217,Intrvl:15,num_users:391,errors:0
rt:22.04,through:17,tt:0.38,num_interact:255,Intrvl:15,num_users:449,errors:18
rt:24.25,through:18.93,tt:0.35,num_interact:284,Intrvl:15,num_users:440,errors:0
rt:20.34,through:19.27,tt:0.35,num_interact:289,Intrvl:15,num_users:454,errors:10
rt:25.05,through:20.4,tt:0.34,num_interact:306,Intrvl:15,num_users:466,errors:8
rt:19.53,through:16.67,tt:0.32,num_interact:250,Intrvl:15,num_users:372,errors:0
rt:19.57,through:18.87,tt:0.36,num_interact:283,Intrvl:15,num_users:440,errors:11
rt:24.1,through:18.2,tt:0.33,num_interact:273,Intrvl:15,num_users:426,errors:1
rt:19.29,through:18.67,tt:0.33,num_interact:280,Intrvl:15,num_users:454,errors:0
rt:23.9,through:19,tt:0.35,num_interact:285,Intrvl:15,num_users:438,errors:20
rt:21.67,through:18.8,tt:0.36,num_interact:282,Intrvl:15,num_users:412,errors:4
rt:19,through:18,tt:0.37,num_interact:270,Intrvl:15,num_users:428,errors:8
rt:25.57,through:19.73,tt:0.36,num_interact:297,Intrvl:15,num_users:449,errors:16
rt:19.74,through:18.93,tt:0.34,num_interact:284,Intrvl:15,num_users:447,errors:2
rt:23.13,through:16.93,tt:0.33,num_interact:254,Intrvl:15,num_users:445,errors:14
rt:26.67,through:17.53,tt:0.38,num_interact:263,Intrvl:15,num_users:370,errors:14
rt:18.5,through:18.4,tt:0.37,num_interact:276,Intrvl:15,num_users:440,errors:3
rt:20.08,through:18.27,tt:0.34,num_interact:274,Intrvl:15,num_users:409,errors:13
rt:23.26,through:20.33,tt:0.36,num_interact:305,Intrvl:15,num_users:459,errors:6
rt:20.21,through:16.8,tt:0.34,num_interact:252,Intrvl:15,num_users:508,errors:1
rt:27.44,through:17.53,tt:0.34,num_interact:263,Intrvl:15,num_users:449,errors:20
rt:26.67,through:19.73,tt:0.34,num_interact:296,Intrvl:15,num_users:529,errors:7
rt:23.48,through:16.93,tt:0.36,num_interact:254,Intrvl:15,num_users:498,errors:0
rt:26.03,through:15,tt:0.36,num_interact:225,Intrvl:15,num_users:384,errors:13
rt:24.83,through:17.87,tt:0.37,num_interact:268,Intrvl:15,num_users:437,errors:7
rt:18.71,through:18.73,tt:0.4,num_interact:281,Intrvl:15,num_users:493,errors:1
rt:19.59,through:25.27,tt:0.35,num_interact:379,Intrvl:15,num_users:484,errors:17
rt:19.35,through:25.87,tt:0.37,num_interact:388,Intrvl:15,num_users:438,errors:2
rt:15.57,through:25.33,tt:0.36,num_interact:380,Intrvl:15,num_users:449,errors:8
rt:19.23,through:26.47,tt:0.38,num_interact:397,Intrvl:15,num_users:518,errors:19
rt:19.08,through:25.13,tt:0.38,num_interact:377,Intrvl:15,num_users:475,errors:1
rt:15.87,through:26.13,tt:0.37,num_interact:392,Intrvl:15,num_users:484,errors:14
rt:20.58,through:26.8,tt:0.35,num_interact:402,Intrvl:15,num_users:477,errors:12
rt:15.49,through:24.33,tt:0.35,num_interact:365,Intrvl:15,num_users:476,errors:3
rt:18.09,through:26.73,tt:0.34,num_interact:401,Intrvl:15,num_users:475,errors:21
rt:19.31,through:27.13,tt:0.34,num_interact:407,Intrvl:15,num_users:483,errors:10
rt:15.93,through:22.67,tt:0.35,num_interact:340,Intrvl:15,num_users:414,errors:0
rt:16.22,through:26.8,tt:0.36,num_interact:402,Intrvl:15,num_users:449,errors:15
rt:17.98,through:25.93,tt:0.34,num_interact:395,Intrvl:15,num_users:717,errors:4
rt:24.87,through:20,tt:0.41,num_interact:300,Intrvl:15,num_users:994,errors:3
rt:29,through:22.73,tt:0.35,num_interact:341,Intrvl:15,num_users:386,errors:18
rt:19.24,through:23.8,tt:0.35,num_interact:357,Intrvl:15,num_users:386,errors:0
rt:18.61,through:25.33,tt:0.35,num_interact:380,Intrvl:15,num_users:469,errors:6
rt:24.4,through:23.93,tt:0.38,num_interact:359,Intrvl:15,num_users:431,errors:3
rt:20.24,through:26.47,tt:0.36,num_interact:397,Intrvl:15,num_users:487,errors:0
rt:21.29,through:23.87,tt:0.37,num_interact:358,Intrvl:15,num_users:462,errors:20
rt:19.87,through:27.47,tt:0.33,num_interact:412,Intrvl:15,num_users:440,errors:0
rt:20.92,through:25.47,tt:0.35,num_interact:382,Intrvl:15,num_users:448,errors:23
rt:21.35,through:25.2,tt:0.38,num_interact:378,Intrvl:15,num_users:521,errors:1
rt:21.46,through:25.73,tt:0.38,num_interact:386,Intrvl:15,num_users:420,errors:15
rt:23.69,through:24.93,tt:0.35,num_interact:374,Intrvl:15,num_users:512,errors:0
rt:20.91,through:26.93,tt:0.35,num_interact:424,Intrvl:15,num_users:535,errors:2
rt:23.34,through:23.6,tt:0.36,num_interact:357,Intrvl:15,num_users:484,errors:12
rt:19.13,through:26.6,tt:0.34,num_interact:399,Intrvl:15,num_users:427,errors:0
rt:20.58,through:24.4,tt:0.37,num_interact:366,Intrvl:15,num_users:589,errors:15
rt:25.99,through:21.67,tt:0.37,num_interact:325,Intrvl:15,num_users:427,errors:1
rt:21.77,through:26.93,tt:0.35,num_interact:408,Intrvl:15,num_users:420,errors:9
rt:22.42,through:24.93,tt:0.37,num_interact:374,Intrvl:15,num_users:445,errors:9
rt:19.9,through:28.07,tt:0.34,num_interact:421,Intrvl:15,num_users:458,errors:0
rt:20.74,through:26.87,tt:0.35,num_interact:403,Intrvl:15,num_users:526,errors:13
rt:21.99,through:23.87,tt:0.34,num_interact:359,Intrvl:15,num_users:428,errors:3
rt:19.8,through:26.87,tt:0.36,num_interact:403,Intrvl:15,num_users:444,errors:17
rt:22.59,through:23.67,tt:0.35,num_interact:355,Intrvl:15,num_users:438,errors:9
rt:20.71,through:28.13,tt:0.34,num_interact:422,Intrvl:15,num_users:490,errors:0
rt:21.92,through:28,tt:0.32,num_interact:420,Intrvl:15,num_users:510,errors:17
rt:23.71,through:23.13,tt:0.37,num_interact:347,Intrvl:15,num_users:454,errors:0
rt:21.29,through:27.27,tt:0.37,num_interact:409,Intrvl:15,num_users:493,errors:16
rt:23.1,through:25,tt:0.37,num_interact:375,Intrvl:15,num_users:514,errors:9
rt:21.95,through:27.53,tt:0.33,num_interact:413,Intrvl:15,num_users:510,errors:0
rt:22.74,through:25.93,tt:0.34,num_interact:390,Intrvl:15,num_users:570,errors:21
rt:23.57,through:23.87,tt:0.39,num_interact:358,Intrvl:15,num_users:479,errors:7
rt:20.41,through:28,tt:0.34,num_interact:420,Intrvl:15,num_users:468,errors:6
rt:21.65,through:32.47,tt:0.36,num_interact:487,Intrvl:15,num_users:442,errors:14
rt:16.14,through:31.47,tt:0.42,num_interact:472,Intrvl:15,num_users:433,errors:1
rt:17.04,through:31.07,tt:0.39,num_interact:466,Intrvl:15,num_users:483,errors:14
rt:19.09,through:48.4,tt:0.35,num_interact:726,Intrvl:15,num_users:503,errors:1
rt:18.28,through:32.53,tt:0.33,num_interact:488,Intrvl:15,num_users:431,errors:15
rt:17.75,through:32.33,tt:0.37,num_interact:485,Intrvl:15,num_users:445,errors:4
rt:17.19,through:41.53,tt:0.38,num_interact:623,Intrvl:15,num_users:557,errors:14
rt:20.35,through:28.93,tt:0.35,num_interact:434,Intrvl:15,num_users:477,errors:1
rt:18.78,through:73.93,tt:0.36,num_interact:1109,Intrvl:15,num_users:532,errors:14
rt:21.17,through:28.6,tt:0.37,num_interact:429,Intrvl:15,num_users:442,errors:17
rt:18.35,through:28.07,tt:0.38,num_interact:421,Intrvl:15,num_users:580,errors:2
rt:23.96,through:26,tt:0.35,num_interact:390,Intrvl:15,num_users:497,errors:4
rt:22.46,through:30.6,tt:0.36,num_interact:459,Intrvl:15,num_users:489,errors:0
rt:20.18,through:31.47,tt:0.37,num_interact:472,Intrvl:15,num_users:490,errors:1
rt:20.76,through:38.13,tt:0.35,num_interact:572,Intrvl:15,num_users:549,errors:0
rt:19.27,through:27.53,tt:0.33,num_interact:413,Intrvl:15,num_users:489,errors:0
rt:21.19,through:29,tt:0.35,num_interact:435,Intrvl:15,num_users:536,errors:0
rt:20.63,through:31.47,tt:0.35,num_interact:472,Intrvl:15,num_users:497,errors:0
rt:28.47,through:26.47,tt:0.36,num_interact:602,Intrvl:15,num_users:524,errors:0
rt:43.81,through:49.93,tt:0.35,num_interact:749,Intrvl:15,num_users:535,errors:0
rt:26.25,through:11.07,tt:0.31,num_interact:166,Intrvl:15,num_users:525,errors:0
rt:412.36,through:102.27,tt:0.35,num_interact:1534,Intrvl:15,num_users:594,errors:80
rt:144.8,through:18.53,tt:0.35,num_interact:278,Intrvl:15,num_users:553,errors:0
rt:50.44,through:20.07,tt:0.31,num_interact:301,Intrvl:15,num_users:594,errors:0
rt:49.36,through:10.8,tt:0.38,num_interact:162,Intrvl:15,num_users:476,errors:0
rt:60.11,through:11.53,tt:0.4,num_interact:173,Intrvl:15,num_users:451,errors:12
rt:38.98,through:11.8,tt:0.39,num_interact:177,Intrvl:15,num_users:417,errors:8
rt:44.39,through:10.33,tt:0.35,num_interact:155,Intrvl:15,num_users:491,errors:0
rt:39.32,through:13.6,tt:0.36,num_interact:204,Intrvl:15,num_users:508,errors:7
rt:40.68,through:11.4,tt:0.4,num_interact:171,Intrvl:15,num_users:507,errors:6
rt:45.17,through:14.13,tt:0.37,num_interact:212,Intrvl:15,num_users:484,errors:23
rt:40.06,through:13.87,tt:0.36,num_interact:208,Intrvl:15,num_users:528,errors:9
rt:45.51,through:7.4,tt:0.39,num_interact:111,Intrvl:15,num_users:448,errors:0
rt:38.81,through:14.47,tt:0.36,num_interact:217,Intrvl:15,num_users:504,errors:15
rt:40.22,through:12.93,tt:0.38,num_interact:194,Intrvl:15,num_users:529,errors:8
rt:45.37,through:9.53,tt:0.38,num_interact:143,Intrvl:15,num_users:518,errors:2
rt:43.98,through:11.87,tt:0.37,num_interact:178,Intrvl:15,num_users:431,errors:11
rt:40.79,through:12.67,tt:0.35,num_interact:190,Intrvl:15,num_users:490,errors:7
rt:42.03,through:8.8,tt:0.37,num_interact:132,Intrvl:15,num_users:461,errors:1
rt:37.46,through:14.33,tt:0.36,num_interact:215,Intrvl:15,num_users:490,errors:16
rt:42.21,through:12.8,tt:0.36,num_interact:192,Intrvl:15,num_users:448,errors:6
rt:45.39,through:8.53,tt:0.38,num_interact:128,Intrvl:15,num_users:430,errors:4
rt:38.14,through:13.53,tt:0.32,num_interact:203,Intrvl:15,num_users:461,errors:8
rt:40.34,through:12.53,tt:0.36,num_interact:188,Intrvl:15,num_users:431,errors:5
rt:39.01,through:10.8,tt:0.36,num_interact:162,Intrvl:15,num_users:440,errors:3
rt:34.48,through:13.53,tt:0.33,num_interact:203,Intrvl:15,num_users:521,errors:13
rt:40.24,through:12,tt:0.4,num_interact:180,Intrvl:15,num_users:497,errors:13
rt:42.79,through:11.4,tt:0.3,num_interact:171,Intrvl:15,num_users:472,errors:7
rt:36.47,through:14.2,tt:0.33,num_interact:213,Intrvl:15,num_users:477,errors:22
rt:39.8,through:10.33,tt:0.33,num_interact:155,Intrvl:15,num_users:468,errors:5
rt:42.18,through:11.4,tt:0.33,num_interact:171,Intrvl:15,num_users:525,errors:10
rt:41.3,through:14.27,tt:0.39,num_interact:214,Intrvl:15,num_users:535,errors:9
rt:48.76,through:11,tt:0.35,num_interact:165,Intrvl:15,num_users:491,errors:4
rt:43.39,through:13,tt:0.34,num_interact:197,Intrvl:15,num_users:570,errors:12
rt:40.16,through:12.93,tt:0.34,num_interact:194,Intrvl:15,num_users:603,errors:9
rt:46.46,through:10.47,tt:0.34,num_interact:157,Intrvl:15,num_users:522,errors:3
rt:46.06,through:12.67,tt:0.35,num_interact:190,Intrvl:15,num_users:531,errors:7
rt:39.42,through:12.53,tt:0.38,num_interact:188,Intrvl:15,num_users:510,errors:12
rt:43.01,through:9.33,tt:0.29,num_interact:140,Intrvl:15,num_users:433,errors:4
rt:44.41,through:11.87,tt:0.35,num_interact:178,Intrvl:15,num_users:461,errors:5
rt:37.42,through:13.2,tt:0.37,num_interact:198,Intrvl:15,num_users:528,errors:8
rt:38.95,through:10.53,tt:0.38,num_interact:158,Intrvl:15,num_users:518,errors:3
rt:43.84,through:13.27,tt:0.37,num_interact:199,Intrvl:15,num_users:487,errors:14
rt:41.23,through:13.6,tt:0.36,num_interact:204,Intrvl:15,num_users:501,errors:12
rt:41.66,through:8.8,tt:0.36,num_interact:132,Intrvl:15,num_users:447,errors:2
rt:37.14,through:14.47,tt:0.34,num_interact:217,Intrvl:15,num_users:578,errors:18
rt:39.66,through:12.53,tt:0.36,num_interact:188,Intrvl:15,num_users:556,errors:3
rt:50.19,through:8.87,tt:0.42,num_interact:133,Intrvl:15,num_users:500,errors:2
rt:44.96,through:12.67,tt:0.35,num_interact:190,Intrvl:15,num_users:503,errors:12
rt:43.67,through:12.27,tt:0.33,num_interact:184,Intrvl:15,num_users:469,errors:4
rt:44.95,through:10.67,tt:0.34,num_interact:160,Intrvl:15,num_users:487,errors:1
rt:38.97,through:14.6,tt:0.33,num_interact:219,Intrvl:15,num_users:514,errors:14
rt:46.73,through:11.93,tt:0.31,num_interact:179,Intrvl:15,num_users:494,errors:5
rt:40.84,through:11.13,tt:0.36,num_interact:167,Intrvl:15,num_users:490,errors:2
rt:38.04,through:15.07,tt:0.33,num_interact:226,Intrvl:15,num_users:638,errors:17
rt:43.14,through:12.27,tt:0.39,num_interact:184,Intrvl:15,num_users:634,errors:7
rt:47.77,through:11.8,tt:0.34,num_interact:177,Intrvl:15,num_users:595,errors:8
rt:40.68,through:12.93,tt:0.37,num_interact:194,Intrvl:15,num_users:524,errors:7
rt:45.21,through:10.33,tt:0.35,num_interact:155,Intrvl:15,num_users:554,errors:3
rt:41.25,through:13.4,tt:0.36,num_interact:201,Intrvl:15,num_users:560,errors:9
rt:42.78,through:13.33,tt:0.37,num_interact:200,Intrvl:15,num_users:624,errors:4
rt:50.33,through:10.2,tt:0.38,num_interact:153,Intrvl:15,num_users:517,errors:0
rt:45.07,through:12.87,tt:0.35,num_interact:193,Intrvl:15,num_users:561,errors:14
rt:42.88,through:12.93,tt:0.38,num_interact:194,Intrvl:15,num_users:596,errors:8
rt:44.23,through:10,tt:0.37,num_interact:150,Intrvl:15,num_users:540,errors:2
rt:45.06,through:13.47,tt:0.36,num_interact:202,Intrvl:15,num_users:606,errors:10
rt:46.65,through:12.47,tt:0.38,num_interact:187,Intrvl:15,num_users:564,errors:19
rt:44.97,through:9.93,tt:0.36,num_interact:149,Intrvl:15,num_users:561,errors:4
rt:45.31,through:14.47,tt:0.34,num_interact:217,Intrvl:15,num_users:613,errors:15
rt:46.39,through:10.27,tt:0.36,num_interact:154,Intrvl:15,num_users:567,errors:6
rt:49.88,through:12.07,tt:0.36,num_interact:181,Intrvl:15,num_users:596,errors:7
rt:51.22,through:15.07,tt:0.31,num_interact:226,Intrvl:15,num_users:643,errors:12
rt:52.96,through:9.8,tt:0.34,num_interact:147,Intrvl:15,num_users:511,errors:10
rt:50.64,through:11.4,tt:0.36,num_interact:171,Intrvl:15,num_users:598,errors:6
rt:48.6,through:13.2,tt:0.34,num_interact:198,Intrvl:15,num_users:629,errors:10
rt:45.85,through:10.2,tt:0.37,num_interact:153,Intrvl:15,num_users:567,errors:4
rt:48.75,through:12.33,tt:0.35,num_interact:185,Intrvl:15,num_users:526,errors:11
rt:45.3,through:10.93,tt:0.33,num_interact:164,Intrvl:15,num_users:447,errors:8
rt:45.97,through:9.53,tt:0.36,num_interact:143,Intrvl:15,num_users:505,errors:2
rt:41.52,through:13.4,tt:0.3,num_interact:201,Intrvl:15,num_users:542,errors:12
rt:44.07,through:11.73,tt:0.38,num_interact:176,Intrvl:15,num_users:498,errors:12
rt:43.79,through:9.8,tt:0.36,num_interact:147,Intrvl:15,num_users:491,errors:5
rt:48.32,through:14.07,tt:0.4,num_interact:211,Intrvl:15,num_users:483,errors:22
rt:40.69,through:13.33,tt:0.34,num_interact:200,Intrvl:15,num_users:550,errors:9
rt:47.13,through:9.73,tt:0.34,num_interact:146,Intrvl:15,num_users:522,errors:0
rt:45.44,through:14.67,tt:0.32,num_interact:220,Intrvl:15,num_users:522,errors:19
rt:42.28,through:12.73,tt:0.35,num_interact:191,Intrvl:15,num_users:570,errors:9
rt:46.08,through:8.53,tt:0.32,num_interact:128,Intrvl:15,num_users:458,errors:2
rt:42.17,through:13.13,tt:0.33,num_interact:197,Intrvl:15,num_users:539,errors:7
rt:40.37,through:12.8,tt:0.39,num_interact:192,Intrvl:15,num_users:533,errors:7
rt:46.48,through:10.33,tt:0.34,num_interact:155,Intrvl:15,num_users:510,errors:2
rt:43.83,through:13.47,tt:0.37,num_interact:202,Intrvl:15,num_users:529,errors:6
rt:45.7,through:13.4,tt:0.36,num_interact:201,Intrvl:15,num_users:543,errors:3
rt:43.18,through:11.67,tt:0.33,num_interact:175,Intrvl:15,num_users:512,errors:10
rt:41.8,through:12.4,tt:0.32,num_interact:186,Intrvl:15,num_users:468,errors:11
rt:41.85,through:11.4,tt:0.34,num_interact:171,Intrvl:15,num_users:486,errors:4
rt:40.13,through:12.67,tt:0.36,num_interact:190,Intrvl:15,num_users:519,errors:13
rt:39.67,through:13.6,tt:0.34,num_interact:204,Intrvl:15,num_users:525,errors:12
rt:44.45,through:10.53,tt:0.35,num_interact:158,Intrvl:15,num_users:507,errors:4
rt:42.7,through:13.13,tt:0.35,num_interact:197,Intrvl:15,num_users:511,errors:13
rt:42.3,through:13.4,tt:0.35,num_interact:201,Intrvl:15,num_users:528,errors:12
rt:45.39,through:11.27,tt:0.35,num_interact:169,Intrvl:15,num_users:521,errors:2
rt:40.91,through:13.8,tt:0.37,num_interact:207,Intrvl:15,num_users:617,errors:12
rt:45.71,through:13.2,tt:0.33,num_interact:198,Intrvl:15,num_users:505,errors:10
rt:43.3,through:11.27,tt:0.33,num_interact:169,Intrvl:15,num_users:617,errors:1
rt:44.05,through:12.07,tt:0.39,num_interact:181,Intrvl:15,num_users:525,errors:15
rt:40.69,through:13.13,tt:0.38,num_interact:197,Intrvl:15,num_users:563,errors:8
rt:45.8,through:10.13,tt:0.36,num_interact:152,Intrvl:15,num_users:622,errors:0
rt:43.17,through:13.67,tt:0.37,num_interact:205,Intrvl:15,num_users:608,errors:21
rt:44.41,through:13.67,tt:0.38,num_interact:205,Intrvl:15,num_users:585,errors:4
rt:48.79,through:9.93,tt:0.33,num_interact:149,Intrvl:15,num_users:525,errors:0
rt:44.32,through:12.6,tt:0.3,num_interact:189,Intrvl:15,num_users:554,errors:13
rt:48.6,through:12.6,tt:0.36,num_interact:189,Intrvl:15,num_users:616,errors:10
rt:51.14,through:9.93,tt:0.33,num_interact:149,Intrvl:15,num_users:556,errors:1
rt:48.2,through:12.8,tt:0.34,num_interact:192,Intrvl:15,num_users:517,errors:11
rt:43.79,through:12.33,tt:0.37,num_interact:185,Intrvl:15,num_users:501,errors:8
rt:42.98,through:11.13,tt:0.3,num_interact:167,Intrvl:15,num_users:547,errors:4
rt:43.24,through:13.6,tt:0.35,num_interact:204,Intrvl:15,num_users:543,errors:15
rt:48.25,through:12.2,tt:0.37,num_interact:183,Intrvl:15,num_users:524,errors:8
rt:44.74,through:12.27,tt:0.34,num_interact:184,Intrvl:15,num_users:622,errors:8
rt:41,through:13.6,tt:0.36,num_interact:204,Intrvl:15,num_users:613,errors:13
rt:51.11,through:10,tt:0.36,num_interact:150,Intrvl:15,num_users:458,errors:4
rt:47.43,through:11.53,tt:0.42,num_interact:173,Intrvl:15,num_users:552,errors:9
rt:43.2,through:13.47,tt:0.32,num_interact:202,Intrvl:15,num_users:641,errors:10
rt:40.48,through:10.47,tt:0.35,num_interact:157,Intrvl:15,num_users:671,errors:1
rt:46.02,through:12.47,tt:0.34,num_interact:187,Intrvl:15,num_users:648,errors:8
rt:45.21,through:12.67,tt:0.38,num_interact:190,Intrvl:15,num_users:633,errors:9
rt:46.66,through:11.27,tt:0.34,num_interact:169,Intrvl:15,num_users:606,errors:4
rt:48.96,through:13.47,tt:0.3,num_interact:202,Intrvl:15,num_users:650,errors:12
rt:46.8,through:11.6,tt:0.38,num_interact:174,Intrvl:15,num_users:608,errors:2
rt:48.7,through:11.67,tt:0.31,num_interact:175,Intrvl:15,num_users:575,errors:2
rt:45.43,through:13.8,tt:0.36,num_interact:207,Intrvl:15,num_users:573,errors:17
rt:51.07,through:11.27,tt:0.32,num_interact:169,Intrvl:15,num_users:532,errors:4
rt:46.73,through:12.6,tt:0.34,num_interact:189,Intrvl:15,num_users:617,errors:2
rt:40.73,through:14.47,tt:0.34,num_interact:217,Intrvl:15,num_users:680,errors:30
rt:51.11,through:9.53,tt:0.41,num_interact:143,Intrvl:15,num_users:567,errors:7
rt:56.57,through:12.73,tt:0.35,num_interact:191,Intrvl:15,num_users:664,errors:16
rt:46.47,through:13.4,tt:0.33,num_interact:201,Intrvl:15,num_users:622,errors:11
rt:51.14,through:9.27,tt:0.36,num_interact:139,Intrvl:15,num_users:651,errors:2
rt:51.15,through:13.47,tt:0.33,num_interact:202,Intrvl:15,num_users:655,errors:10
rt:50.44,through:13.73,tt:0.38,num_interact:206,Intrvl:15,num_users:678,errors:5
rt:48.22,through:11.33,tt:0.34,num_interact:170,Intrvl:15,num_users:693,errors:2
rt:53.45,through:13.2,tt:0.35,num_interact:198,Intrvl:15,num_users:675,errors:16
rt:55.08,through:11.87,tt:0.4,num_interact:178,Intrvl:15,num_users:553,errors:6
rt:46.77,through:8.87,tt:0.34,num_interact:133,Intrvl:15,num_users:535,errors:1
rt:49.18,through:13.13,tt:0.36,num_interact:197,Intrvl:15,num_users:535,errors:16
rt:46.55,through:12.13,tt:0.34,num_interact:182,Intrvl:15,num_users:545,errors:5
rt:49.84,through:12.47,tt:0.34,num_interact:187,Intrvl:15,num_users:757,errors:20
rt:46.29,through:12.53,tt:0.31,num_interact:188,Intrvl:15,num_users:581,errors:21
rt:55.86,through:10.87,tt:0.33,num_interact:163,Intrvl:15,num_users:566,errors:8
rt:55.58,through:11.07,tt:0.36,num_interact:166,Intrvl:15,num_users:490,errors:10
rt:40.73,through:12.2,tt:0.36,num_interact:183,Intrvl:15,num_users:616,errors:12
rt:44.6,through:9.93,tt:0.36,num_interact:149,Intrvl:15,num_users:549,errors:7
rt:49,through:10.4,tt:0.36,num_interact:156,Intrvl:15,num_users:556,errors:8
rt:50.34,through:14.67,tt:0.35,num_interact:220,Intrvl:15,num_users:559,errors:13
rt:54.22,through:10.47,tt:0.38,num_interact:157,Intrvl:15,num_users:522,errors:6
rt:48.93,through:11.27,tt:0.33,num_interact:169,Intrvl:15,num_users:542,errors:8
rt:45.65,through:14.53,tt:0.38,num_interact:218,Intrvl:15,num_users:567,errors:7
rt:47.83,through:10.73,tt:0.34,num_interact:161,Intrvl:15,num_users:601,errors:3
rt:46.33,through:12.8,tt:0.34,num_interact:192,Intrvl:15,num_users:543,errors:13
rt:47.37,through:13.6,tt:0.37,num_interact:204,Intrvl:15,num_users:529,errors:14
rt:42.73,through:11.27,tt:0.36,num_interact:169,Intrvl:15,num_users:567,errors:2
rt:48.08,through:11.8,tt:0.35,num_interact:177,Intrvl:15,num_users:528,errors:14
rt:42.24,through:12.87,tt:0.36,num_interact:193,Intrvl:15,num_users:619,errors:9
rt:47.19,through:11.53,tt:0.32,num_interact:173,Intrvl:15,num_users:592,errors:7
rt:48.91,through:13.2,tt:0.37,num_interact:198,Intrvl:15,num_users:542,errors:14
rt:45.85,through:12,tt:0.34,num_interact:180,Intrvl:15,num_users:564,errors:4
rt:47.65,through:12.2,tt:0.41,num_interact:183,Intrvl:15,num_users:550,errors:1
rt:41.13,through:14.4,tt:0.32,num_interact:216,Intrvl:15,num_users:543,errors:22
rt:43.9,through:11.87,tt:0.33,num_interact:178,Intrvl:15,num_users:585,errors:2
rt:46.14,through:11.13,tt:0.32,num_interact:167,Intrvl:15,num_users:536,errors:16
rt:45.62,through:14.6,tt:0.38,num_interact:219,Intrvl:15,num_users:581,errors:6
rt:47.19,through:11.73,tt:0.38,num_interact:176,Intrvl:15,num_users:658,errors:5
rt:46.24,through:12.13,tt:0.38,num_interact:182,Intrvl:15,num_users:637,errors:16
rt:45.83,through:14.07,tt:0.35,num_interact:211,Intrvl:15,num_users:648,errors:7
rt:46.28,through:11.07,tt:0.38,num_interact:166,Intrvl:15,num_users:647,errors:9
rt:48.47,through:13.13,tt:0.41,num_interact:197,Intrvl:15,num_users:602,errors:15
rt:46.53,through:12.8,tt:0.35,num_interact:192,Intrvl:15,num_users:577,errors:6
rt:49.71,through:11.6,tt:0.34,num_interact:174,Intrvl:15,num_users:651,errors:0
rt:51.04,through:11.47,tt:0.37,num_interact:172,Intrvl:15,num_users:595,errors:12
rt:49.44,through:13.33,tt:0.32,num_interact:200,Intrvl:15,num_users:727,errors:5
rt:55.04,through:9,tt:0.36,num_interact:135,Intrvl:15,num_users:526,errors:3
rt:44.12,through:12.47,tt:0.31,num_interact:187,Intrvl:15,num_users:574,errors:20
rt:50.25,through:11.67,tt:0.38,num_interact:175,Intrvl:15,num_users:574,errors:14
rt:48.18,through:10.07,tt:0.31,num_interact:151,Intrvl:15,num_users:582,errors:7
rt:47.92,through:13.93,tt:0.37,num_interact:209,Intrvl:15,num_users:636,errors:20
rt:53.51,through:10.8,tt:0.36,num_interact:162,Intrvl:15,num_users:570,errors:11
rt:51.09,through:11.2,tt:0.39,num_interact:168,Intrvl:15,num_users:514,errors:9
rt:48.11,through:12.47,tt:0.35,num_interact:187,Intrvl:15,num_users:510,errors:6
rt:47.83,through:11.73,tt:0.37,num_interact:176,Intrvl:15,num_users:626,errors:5
rt:48.26,through:11.6,tt:0.4,num_interact:174,Intrvl:15,num_users:619,errors:11
rt:47.72,through:14.13,tt:0.4,num_interact:212,Intrvl:15,num_users:615,errors:13
rt:47.59,through:11.73,tt:0.36,num_interact:176,Intrvl:15,num_users:570,errors:11
rt:49.73,through:12.67,tt:0.36,num_interact:190,Intrvl:15,num_users:584,errors:20
rt:45.76,through:13.93,tt:0.34,num_interact:209,Intrvl:15,num_users:589,errors:11
rt:51.67,through:10.27,tt:0.41,num_interact:154,Intrvl:15,num_users:613,errors:2
rt:49.74,through:14.13,tt:0.34,num_interact:212,Intrvl:15,num_users:630,errors:15
rt:50.43,through:13.33,tt:0.32,num_interact:200,Intrvl:15,num_users:596,errors:5
rt:53.55,through:10.87,tt:0.36,num_interact:163,Intrvl:15,num_users:601,errors:2
rt:48.73,through:12.27,tt:0.33,num_interact:184,Intrvl:15,num_users:542,errors:14
rt:42.08,through:13.07,tt:0.4,num_interact:196,Intrvl:15,num_users:629,errors:6
rt:46.93,through:10.73,tt:0.4,num_interact:161,Intrvl:15,num_users:598,errors:9
rt:48.72,through:13.27,tt:0.38,num_interact:199,Intrvl:15,num_users:652,errors:17
rt:52.55,through:11.13,tt:0.39,num_interact:167,Intrvl:15,num_users:584,errors:7
rt:48.57,through:12,tt:0.36,num_interact:180,Intrvl:15,num_users:615,errors:8
rt:49.38,through:13.87,tt:0.35,num_interact:208,Intrvl:15,num_users:624,errors:13
rt:52.44,through:9.73,tt:0.32,num_interact:146,Intrvl:15,num_users:550,errors:6
rt:49.36,through:12.93,tt:0.37,num_interact:194,Intrvl:15,num_users:613,errors:11
rt:45.39,through:12.33,tt:0.36,num_interact:185,Intrvl:15,num_users:561,errors:16
rt:51.69,through:10.33,tt:0.33,num_interact:155,Intrvl:15,num_users:701,errors:5
rt:55.43,through:12.2,tt:0.34,num_interact:183,Intrvl:15,num_users:634,errors:14
rt:44.26,through:13.8,tt:0.35,num_interact:207,Intrvl:15,num_users:697,errors:14
rt:44.62,through:10.53,tt:0.34,num_interact:158,Intrvl:15,num_users:724,errors:7
rt:52.35,through:12.27,tt:0.37,num_interact:184,Intrvl:15,num_users:641,errors:18
rt:49.5,through:12.8,tt:0.31,num_interact:192,Intrvl:15,num_users:686,errors:6
rt:53.47,through:9.53,tt:0.39,num_interact:143,Intrvl:15,num_users:603,errors:5
rt:52.48,through:13.53,tt:0.36,num_interact:203,Intrvl:15,num_users:623,errors:17
rt:53.34,through:13.13,tt:0.35,num_interact:199,Intrvl:15,num_users:658,errors:13
rt:47.09,through:10,tt:0.29,num_interact:150,Intrvl:15,num_users:710,errors:3
rt:51.89,through:13.07,tt:0.36,num_interact:196,Intrvl:15,num_users:643,errors:17
rt:50.54,through:13.13,tt:0.34,num_interact:197,Intrvl:15,num_users:710,errors:13
rt:52.43,through:11.33,tt:0.36,num_interact:170,Intrvl:15,num_users:739,errors:18
rt:49.43,through:13.07,tt:0.32,num_interact:196,Intrvl:15,num_users:708,errors:24
rt:57.57,through:12.47,tt:0.35,num_interact:187,Intrvl:15,num_users:658,errors:24
rt:60.57,through:9.93,tt:0.32,num_interact:149,Intrvl:15,num_users:658,errors:8
rt:61.88,through:13.33,tt:0.32,num_interact:200,Intrvl:15,num_users:627,errors:19
rt:55.04,through:13,tt:0.39,num_interact:195,Intrvl:15,num_users:706,errors:5
rt:55.82,through:11.2,tt:0.33,num_interact:168,Intrvl:15,num_users:696,errors:8
rt:55.39,through:13.87,tt:0.34,num_interact:208,Intrvl:15,num_users:661,errors:20
rt:51.35,through:12.73,tt:0.33,num_interact:191,Intrvl:15,num_users:678,errors:18
rt:51.11,through:10.67,tt:0.37,num_interact:160,Intrvl:15,num_users:655,errors:10
rt:55.88,through:13.8,tt:0.35,num_interact:207,Intrvl:15,num_users:686,errors:9
rt:53.13,through:11.87,tt:0.33,num_interact:178,Intrvl:15,num_users:651,errors:12
rt:54.36,through:12.47,tt:0.33,num_interact:187,Intrvl:15,num_users:715,errors:18
rt:51.69,through:14.13,tt:0.34,num_interact:212,Intrvl:15,num_users:725,errors:15
rt:51.71,through:12,tt:0.36,num_interact:180,Intrvl:15,num_users:720,errors:12
rt:53.73,through:11,tt:0.39,num_interact:165,Intrvl:15,num_users:643,errors:26
rt:51.86,through:13.87,tt:0.35,num_interact:209,Intrvl:15,num_users:633,errors:14
rt:57.77,through:10.47,tt:0.34,num_interact:157,Intrvl:15,num_users:608,errors:8
rt:62.72,through:11.93,tt:0.36,num_interact:179,Intrvl:15,num_users:648,errors:26
rt:53.03,through:14,tt:0.36,num_interact:210,Intrvl:15,num_users:672,errors:9
rt:60.34,through:9.4,tt:0.35,num_interact:141,Intrvl:15,num_users:638,errors:11
rt:49.59,through:14.53,tt:0.39,num_interact:218,Intrvl:15,num_users:665,errors:22
rt:61.01,through:14.2,tt:0.37,num_interact:213,Intrvl:15,num_users:662,errors:6
rt:57.29,through:10.33,tt:0.36,num_interact:155,Intrvl:15,num_users:686,errors:6
rt:54.49,through:14,tt:0.34,num_interact:210,Intrvl:15,num_users:778,errors:21
rt:55.8,through:12.47,tt:0.36,num_interact:187,Intrvl:15,num_users:749,errors:9
rt:57.94,through:11.6,tt:0.36,num_interact:174,Intrvl:15,num_users:697,errors:9
rt:53.99,through:12.73,tt:0.35,num_interact:191,Intrvl:15,num_users:643,errors:22
rt:51,through:12,tt:0.31,num_interact:180,Intrvl:15,num_users:662,errors:7
rt:51.34,through:10.8,tt:0.36,num_interact:162,Intrvl:15,num_users:666,errors:2
rt:51.14,through:13.87,tt:0.32,num_interact:208,Intrvl:15,num_users:657,errors:22
rt:60.9,through:11.67,tt:0.34,num_interact:175,Intrvl:15,num_users:577,errors:5
rt:45.9,through:10.73,tt:0.38,num_interact:161,Intrvl:15,num_users:666,errors:10
rt:45.45,through:13.33,tt:0.36,num_interact:200,Intrvl:15,num_users:697,errors:16
rt:52.58,through:11.07,tt:0.37,num_interact:166,Intrvl:15,num_users:804,errors:5
rt:55.47,through:11.6,tt:0.36,num_interact:174,Intrvl:15,num_users:725,errors:16
rt:49.57,through:12.8,tt:0.38,num_interact:192,Intrvl:15,num_users:605,errors:23
rt:57.28,through:11.13,tt:0.4,num_interact:167,Intrvl:15,num_users:595,errors:11
rt:55.19,through:11.53,tt:0.34,num_interact:173,Intrvl:15,num_users:596,errors:13
rt:53.71,through:13.47,tt:0.37,num_interact:202,Intrvl:15,num_users:595,errors:12
rt:54.58,through:11.47,tt:0.33,num_interact:172,Intrvl:15,num_users:634,errors:5
rt:54.6,through:13,tt:0.33,num_interact:195,Intrvl:15,num_users:644,errors:17
rt:54.97,through:12.33,tt:0.34,num_interact:185,Intrvl:15,num_users:545,errors:11
rt:51.93,through:10.6,tt:0.34,num_interact:159,Intrvl:15,num_users:560,errors:5
rt:51.1,through:12,tt:0.34,num_interact:180,Intrvl:15,num_users:533,errors:16
rt:52.21,through:13.73,tt:0.39,num_interact:206,Intrvl:15,num_users:585,errors:17
rt:54.06,through:10.2,tt:0.36,num_interact:153,Intrvl:15,num_users:623,errors:3
rt:46.65,through:14.33,tt:0.38,num_interact:217,Intrvl:15,num_users:645,errors:19
rt:51.48,through:12.73,tt:0.35,num_interact:191,Intrvl:15,num_users:602,errors:9
rt:51.9,through:10.73,tt:0.33,num_interact:161,Intrvl:15,num_users:567,errors:4
rt:43.9,through:14.33,tt:0.34,num_interact:215,Intrvl:15,num_users:713,errors:18
rt:48.74,through:11.53,tt:0.37,num_interact:173,Intrvl:15,num_users:727,errors:4
rt:48.85,through:11.33,tt:0.36,num_interact:173,Intrvl:15,num_users:679,errors:2
rt:48.72,through:12.8,tt:0.32,num_interact:192,Intrvl:15,num_users:596,errors:13
rt:50.03,through:11.47,tt:0.34,num_interact:172,Intrvl:15,num_users:601,errors:6
rt:49.36,through:11.6,tt:0.34,num_interact:174,Intrvl:15,num_users:606,errors:3
rt:44.3,through:14.07,tt:0.34,num_interact:211,Intrvl:15,num_users:644,errors:11
rt:48.41,through:13,tt:0.37,num_interact:196,Intrvl:15,num_users:671,errors:11
rt:52.32,through:11.67,tt:0.35,num_interact:175,Intrvl:15,num_users:634,errors:16
rt:51.62,through:12.8,tt:0.33,num_interact:192,Intrvl:15,num_users:588,errors:12
rt:48.88,through:11.2,tt:0.33,num_interact:168,Intrvl:15,num_users:664,errors:11
rt:51.55,through:12.53,tt:0.33,num_interact:188,Intrvl:15,num_users:689,errors:12
rt:51.59,through:12.8,tt:0.36,num_interact:192,Intrvl:15,num_users:662,errors:9
rt:51.36,through:10.33,tt:0.41,num_interact:155,Intrvl:15,num_users:613,errors:10
rt:59.05,through:13.47,tt:0.41,num_interact:202,Intrvl:15,num_users:606,errors:21
rt:50.77,through:12.2,tt:0.36,num_interact:183,Intrvl:15,num_users:634,errors:11
rt:52.28,through:10.73,tt:0.36,num_interact:161,Intrvl:15,num_users:601,errors:3
rt:54.4,through:14.4,tt:0.34,num_interact:216,Intrvl:15,num_users:661,errors:19
rt:48.13,through:11.27,tt:0.33,num_interact:169,Intrvl:15,num_users:638,errors:11
rt:50.24,through:11.87,tt:0.34,num_interact:178,Intrvl:15,num_users:686,errors:5
rt:53.88,through:12.93,tt:0.34,num_interact:194,Intrvl:15,num_users:575,errors:27
rt:48.67,through:11.73,tt:0.38,num_interact:176,Intrvl:15,num_users:577,errors:9
rt:52.27,through:11.8,tt:0.41,num_interact:177,Intrvl:15,num_users:599,errors:11
rt:51.93,through:13.47,tt:0.31,num_interact:202,Intrvl:15,num_users:617,errors:11
rt:50.08,through:12.4,tt:0.35,num_interact:186,Intrvl:15,num_users:662,errors:1
rt:49.4,through:12.8,tt:0.35,num_interact:192,Intrvl:15,num_users:690,errors:14
rt:53.92,through:13.2,tt:0.34,num_interact:198,Intrvl:15,num_users:640,errors:9
rt:46.75,through:12.8,tt:0.38,num_interact:192,Intrvl:15,num_users:627,errors:8
rt:49.32,through:12.27,tt:0.39,num_interact:184,Intrvl:15,num_users:603,errors:21
rt:45.01,through:13.07,tt:0.33,num_interact:196,Intrvl:15,num_users:601,errors:14
rt:55.86,through:9.93,tt:0.33,num_interact:149,Intrvl:15,num_users:675,errors:7
rt:51.81,through:14,tt:0.37,num_interact:210,Intrvl:15,num_users:661,errors:17
rt:58.6,through:12.13,tt:0.33,num_interact:182,Intrvl:15,num_users:566,errors:10
rt:49.32,through:10.67,tt:0.39,num_interact:160,Intrvl:15,num_users:603,errors:4
rt:51.36,through:13.6,tt:0.37,num_interact:204,Intrvl:15,num_users:714,errors:16
rt:49.92,through:11.47,tt:0.42,num_interact:172,Intrvl:15,num_users:700,errors:6
rt:51.1,through:11.47,tt:0.36,num_interact:172,Intrvl:15,num_users:662,errors:9
rt:55.06,through:13.4,tt:0.35,num_interact:201,Intrvl:15,num_users:560,errors:16
rt:47.18,through:10.93,tt:0.37,num_interact:164,Intrvl:15,num_users:666,errors:14
rt:49.79,through:11.67,tt:0.34,num_interact:175,Intrvl:15,num_users:703,errors:6
rt:47.31,through:13.2,tt:0.34,num_interact:198,Intrvl:15,num_users:676,errors:12
rt:55.43,through:12.4,tt:0.35,num_interact:186,Intrvl:15,num_users:640,errors:7
rt:53.25,through:11.73,tt:0.34,num_interact:176,Intrvl:15,num_users:662,errors:6
rt:49.14,through:13.73,tt:0.37,num_interact:206,Intrvl:15,num_users:693,errors:12
rt:53.44,through:11.4,tt:0.28,num_interact:171,Intrvl:15,num_users:647,errors:13
rt:47.38,through:13.27,tt:0.36,num_interact:199,Intrvl:15,num_users:661,errors:19
rt:47.84,through:13.4,tt:0.32,num_interact:201,Intrvl:15,num_users:643,errors:10
rt:49.52,through:9.4,tt:0.35,num_interact:141,Intrvl:15,num_users:707,errors:8
rt:57.5,through:14.73,tt:0.41,num_interact:221,Intrvl:15,num_users:678,errors:23
rt:48.53,through:14.47,tt:0.37,num_interact:217,Intrvl:15,num_users:762,errors:16
rt:53.99,through:9.13,tt:0.36,num_interact:137,Intrvl:15,num_users:717,errors:17
rt:53.54,through:14.07,tt:0.37,num_interact:211,Intrvl:15,num_users:722,errors:28
rt:60.96,through:11.73,tt:0.32,num_interact:176,Intrvl:15,num_users:651,errors:15
rt:55.73,through:9.4,tt:0.34,num_interact:141,Intrvl:15,num_users:648,errors:3
rt:60.46,through:13.2,tt:0.36,num_interact:198,Intrvl:15,num_users:689,errors:22
rt:58.18,through:12.4,tt:0.35,num_interact:186,Intrvl:15,num_users:606,errors:4
rt:53.45,through:9.6,tt:0.4,num_interact:144,Intrvl:15,num_users:701,errors:9
rt:53.96,through:14.07,tt:0.35,num_interact:211,Intrvl:15,num_users:767,errors:17
rt:52.92,through:9.27,tt:0.31,num_interact:139,Intrvl:15,num_users:550,errors:13
rt:59.08,through:9.93,tt:0.35,num_interact:149,Intrvl:15,num_users:640,errors:3
rt:55.67,through:13,tt:0.35,num_interact:195,Intrvl:15,num_users:599,errors:28
rt:53,through:11.13,tt:0.38,num_interact:167,Intrvl:15,num_users:738,errors:9
rt:56.02,through:8.4,tt:0.37,num_interact:126,Intrvl:15,num_users:602,errors:14
rt:56.94,through:14.73,tt:0.38,num_interact:221,Intrvl:15,num_users:626,errors:16
rt:52.88,through:11.6,tt:0.38,num_interact:174,Intrvl:15,num_users:658,errors:14
rt:49.9,through:6.73,tt:0.35,num_interact:101,Intrvl:15,num_users:515,errors:14
rt:54.29,through:12.33,tt:0.33,num_interact:185,Intrvl:15,num_users:570,errors:12
rt:51.36,through:11.6,tt:0.34,num_interact:174,Intrvl:15,num_users:615,errors:6
rt:52.14,through:10.13,tt:0.35,num_interact:152,Intrvl:15,num_users:686,errors:20
rt:65.72,through:12.07,tt:0.33,num_interact:181,Intrvl:15,num_users:532,errors:7
rt:50.72,through:10.93,tt:0.35,num_interact:164,Intrvl:15,num_users:669,errors:10
rt:53.63,through:11.53,tt:0.43,num_interact:174,Intrvl:15,num_users:682,errors:9
rt:55.01,through:14.27,tt:0.38,num_interact:214,Intrvl:15,num_users:655,errors:13
rt:49.6,through:11.53,tt:0.32,num_interact:173,Intrvl:15,num_users:666,errors:6
rt:50.14,through:13.27,tt:0.35,num_interact:199,Intrvl:15,num_users:696,errors:17
rt:49.88,through:12.67,tt:0.36,num_interact:190,Intrvl:15,num_users:592,errors:11
rt:48.77,through:9.8,tt:0.37,num_interact:147,Intrvl:15,num_users:580,errors:5
rt:49.14,through:13.27,tt:0.33,num_interact:199,Intrvl:15,num_users:606,errors:26
rt:46.97,through:12.67,tt:0.37,num_interact:190,Intrvl:15,num_users:651,errors:11
rt:51.51,through:9.93,tt:0.35,num_interact:149,Intrvl:15,num_users:644,errors:5
rt:46.08,through:15.13,tt:0.37,num_interact:227,Intrvl:15,num_users:671,errors:37
rt:51.62,through:13.53,tt:0.34,num_interact:203,Intrvl:15,num_users:657,errors:9
rt:57.21,through:9,tt:0.4,num_interact:135,Intrvl:15,num_users:633,errors:20
rt:57.23,through:14.4,tt:0.38,num_interact:216,Intrvl:15,num_users:633,errors:13
rt:51.53,through:13.6,tt:0.36,num_interact:204,Intrvl:15,num_users:561,errors:12
rt:42.97,through:14,tt:0.34,num_interact:210,Intrvl:15,num_users:591,errors:3
rt:48.9,through:13.27,tt:0.33,num_interact:199,Intrvl:15,num_users:598,errors:14
rt:48.4,through:12.27,tt:0.31,num_interact:184,Intrvl:15,num_users:584,errors:10
rt:44.14,through:14,tt:0.37,num_interact:210,Intrvl:15,num_users:566,errors:36
rt:44.54,through:13.07,tt:0.36,num_interact:196,Intrvl:15,num_users:532,errors:14
rt:45.96,through:7.53,tt:0.32,num_interact:113,Intrvl:15,num_users:584,errors:5
rt:50.79,through:11.13,tt:0.34,num_interact:167,Intrvl:15,num_users:491,errors:20
rt:48.26,through:13.53,tt:0.32,num_interact:203,Intrvl:15,num_users:591,errors:14
rt:53.39,through:9.8,tt:0.3,num_interact:147,Intrvl:15,num_users:525,errors:10
rt:53.19,through:11.27,tt:0.42,num_interact:169,Intrvl:15,num_users:496,errors:11
rt:46.94,through:13.07,tt:0.37,num_interact:196,Intrvl:15,num_users:563,errors:5
rt:48.45,through:8.27,tt:0.29,num_interact:124,Intrvl:15,num_users:511,errors:4
rt:46.23,through:12.2,tt:0.38,num_interact:183,Intrvl:15,num_users:587,errors:13
rt:43.94,through:13.27,tt:0.36,num_interact:199,Intrvl:15,num_users:609,errors:6
rt:51.1,through:12.2,tt:0.36,num_interact:183,Intrvl:15,num_users:575,errors:4
rt:43.23,through:12.53,tt:0.34,num_interact:188,Intrvl:15,num_users:584,errors:18
rt:46.89,through:14.47,tt:0.39,num_interact:217,Intrvl:15,num_users:655,errors:13
rt:55.28,through:8.13,tt:0.37,num_interact:122,Intrvl:15,num_users:531,errors:5
rt:53.27,through:12.6,tt:0.31,num_interact:189,Intrvl:15,num_users:518,errors:16
rt:40.26,through:13.93,tt:0.31,num_interact:209,Intrvl:15,num_users:546,errors:13
rt:46.4,through:9.13,tt:0.31,num_interact:137,Intrvl:15,num_users:504,errors:4
rt:49.92,through:10.27,tt:0.38,num_interact:154,Intrvl:15,num_users:455,errors:9
rt:42.64,through:12.87,tt:0.36,num_interact:193,Intrvl:15,num_users:594,errors:9
rt:53.33,through:7.4,tt:0.33,num_interact:111,Intrvl:15,num_users:479,errors:8
rt:51.9,through:14.8,tt:0.34,num_interact:222,Intrvl:15,num_users:549,errors:15
rt:42.99,through:10.33,tt:0.32,num_interact:155,Intrvl:15,num_users:508,errors:9
rt:41.47,through:10.53,tt:0.38,num_interact:158,Intrvl:15,num_users:528,errors:3
rt:42.68,through:15.13,tt:0.35,num_interact:227,Intrvl:15,num_users:657,errors:28
rt:43.56,through:11.73,tt:0.39,num_interact:176,Intrvl:15,num_users:652,errors:7
rt:50.62,through:9.87,tt:0.38,num_interact:148,Intrvl:15,num_users:647,errors:8
rt:51.38,through:13.07,tt:0.34,num_interact:196,Intrvl:15,num_users:594,errors:12
rt:45.53,through:11.47,tt:0.33,num_interact:172,Intrvl:15,num_users:491,errors:10
rt:49.1,through:9.33,tt:0.33,num_interact:140,Intrvl:15,num_users:556,errors:1
rt:45.23,through:12.47,tt:0.37,num_interact:187,Intrvl:15,num_users:594,errors:12
rt:50.17,through:11.87,tt:0.38,num_interact:178,Intrvl:15,num_users:578,errors:7
rt:47.96,through:12,tt:0.37,num_interact:180,Intrvl:15,num_users:554,errors:0
rt:44.63,through:12.87,tt:0.41,num_interact:193,Intrvl:15,num_users:531,errors:13
rt:44.36,through:12.2,tt:0.4,num_interact:183,Intrvl:15,num_users:598,errors:10
rt:53.18,through:11.33,tt:0.36,num_interact:170,Intrvl:15,num_users:540,errors:8
rt:43.83,through:13.87,tt:0.36,num_interact:208,Intrvl:15,num_users:595,errors:13
rt:46.27,through:11.47,tt:0.35,num_interact:172,Intrvl:15,num_users:591,errors:7
rt:47.07,through:10.53,tt:0.35,num_interact:158,Intrvl:15,num_users:505,errors:12
rt:43.49,through:13.93,tt:0.32,num_interact:211,Intrvl:15,num_users:578,errors:9
rt:44.48,through:9.73,tt:0.33,num_interact:146,Intrvl:15,num_users:536,errors:0
rt:45.76,through:13.27,tt:0.33,num_interact:199,Intrvl:15,num_users:522,errors:20
rt:51.09,through:12.47,tt:0.37,num_interact:187,Intrvl:15,num_users:493,errors:5
rt:43.5,through:10.2,tt:0.35,num_interact:153,Intrvl:15,num_users:524,errors:5
rt:44.44,through:14.13,tt:0.36,num_interact:212,Intrvl:15,num_users:503,errors:12
rt:42.12,through:13.07,tt:0.33,num_interact:196,Intrvl:15,num_users:560,errors:7
rt:44.19,through:11,tt:0.41,num_interact:165,Intrvl:15,num_users:580,errors:4
rt:40.75,through:14.2,tt:0.4,num_interact:213,Intrvl:15,num_users:581,errors:19
rt:47.6,through:12.4,tt:0.35,num_interact:186,Intrvl:15,num_users:528,errors:7
rt:45,through:9.73,tt:0.32,num_interact:146,Intrvl:15,num_users:547,errors:1
rt:42.98,through:13.2,tt:0.32,num_interact:198,Intrvl:15,num_users:484,errors:15
rt:43.7,through:11.47,tt:0.38,num_interact:172,Intrvl:15,num_users:515,errors:9
rt:46.45,through:11.73,tt:0.37,num_interact:176,Intrvl:15,num_users:557,errors:6
rt:40.77,through:13.4,tt:0.36,num_interact:201,Intrvl:15,num_users:536,errors:10
rt:46.3,through:11.4,tt:0.4,num_interact:171,Intrvl:15,num_users:466,errors:9
rt:47.52,through:10.73,tt:0.38,num_interact:161,Intrvl:15,num_users:494,errors:8
rt:39.96,through:13.67,tt:0.34,num_interact:205,Intrvl:15,num_users:501,errors:8
rt:43.51,through:12.07,tt:0.3,num_interact:181,Intrvl:15,num_users:561,errors:3
rt:41.72,through:12.53,tt:0.34,num_interact:188,Intrvl:15,num_users:564,errors:14
rt:41.71,through:13.73,tt:0.34,num_interact:206,Intrvl:15,num_users:540,errors:11
rt:45.28,through:11.93,tt:0.39,num_interact:179,Intrvl:15,num_users:532,errors:3
rt:42.42,through:12.4,tt:0.35,num_interact:186,Intrvl:15,num_users:540,errors:16
rt:42.16,through:13.13,tt:0.31,num_interact:197,Intrvl:15,num_users:512,errors:10
rt:46.41,through:10.13,tt:0.39,num_interact:152,Intrvl:15,num_users:561,errors:5
rt:46.25,through:14.07,tt:0.37,num_interact:211,Intrvl:15,num_users:589,errors:12
rt:45.92,through:12.53,tt:0.33,num_interact:188,Intrvl:15,num_users:574,errors:8
rt:48.57,through:11.27,tt:0.34,num_interact:169,Intrvl:15,num_users:543,errors:1
rt:46.74,through:11.8,tt:0.35,num_interact:177,Intrvl:15,num_users:494,errors:10
rt:41.26,through:12.6,tt:0.34,num_interact:189,Intrvl:15,num_users:525,errors:7
rt:42.93,through:11.33,tt:0.4,num_interact:170,Intrvl:15,num_users:535,errors:3
rt:41.82,through:14.33,tt:0.31,num_interact:215,Intrvl:15,num_users:578,errors:15
rt:41.76,through:12.27,tt:0.32,num_interact:184,Intrvl:15,num_users:629,errors:9
rt:45.41,through:11.33,tt:0.38,num_interact:170,Intrvl:15,num_users:574,errors:4
rt:43.77,through:11.2,tt:0.32,num_interact:168,Intrvl:15,num_users:469,errors:18
rt:48.5,through:11.13,tt:0.37,num_interact:167,Intrvl:15,num_users:484,errors:1
rt:42.75,through:10.07,tt:0.36,num_interact:151,Intrvl:15,num_users:437,errors:3
rt:38.68,through:13.47,tt:0.38,num_interact:202,Intrvl:15,num_users:430,errors:13
rt:41.4,through:11.27,tt:0.33,num_interact:169,Intrvl:15,num_users:463,errors:4
rt:41.69,through:12,tt:0.39,num_interact:180,Intrvl:15,num_users:487,errors:7
rt:41.63,through:13.2,tt:0.34,num_interact:198,Intrvl:15,num_users:452,errors:8
rt:40.01,through:12,tt:0.35,num_interact:180,Intrvl:15,num_users:525,errors:7
rt:40.99,through:12.33,tt:0.39,num_interact:185,Intrvl:15,num_users:533,errors:8
rt:41,through:13.4,tt:0.34,num_interact:201,Intrvl:15,num_users:500,errors:9
rt:41,through:11.6,tt:0.3,num_interact:174,Intrvl:15,num_users:494,errors:1
rt:36.85,through:13.2,tt:0.36,num_interact:198,Intrvl:15,num_users:573,errors:13
rt:44.95,through:13.13,tt:0.36,num_interact:197,Intrvl:15,num_users:536,errors:7
rt:45.13,through:11,tt:0.33,num_interact:165,Intrvl:15,num_users:578,errors:2
rt:41.74,through:13.93,tt:0.39,num_interact:209,Intrvl:15,num_users:575,errors:15
rt:46.76,through:8.27,tt:0.3,num_interact:124,Intrvl:15,num_users:353,errors:6
rt:42.88,through:9.6,tt:0.31,num_interact:144,Intrvl:15,num_users:372,errors:3
rt:33.78,through:11.6,tt:0.39,num_interact:174,Intrvl:15,num_users:367,errors:13
rt:34.85,through:11.47,tt:0.34,num_interact:172,Intrvl:15,num_users:371,errors:6
rt:37.16,through:10.93,tt:0.36,num_interact:164,Intrvl:15,num_users:398,errors:3
rt:35.65,through:13.87,tt:0.35,num_interact:208,Intrvl:15,num_users:405,errors:9
rt:35.99,through:12.8,tt:0.35,num_interact:192,Intrvl:15,num_users:335,errors:11
rt:33.77,through:10.6,tt:0.37,num_interact:159,Intrvl:15,num_users:375,errors:7
rt:30.57,through:13.07,tt:0.35,num_interact:196,Intrvl:15,num_users:371,errors:12
rt:32.91,through:11.2,tt:0.43,num_interact:168,Intrvl:15,num_users:370,errors:5
rt:31.8,through:12.87,tt:0.34,num_interact:193,Intrvl:15,num_users:395,errors:10
rt:36.86,through:14.13,tt:0.37,num_interact:212,Intrvl:15,num_users:370,errors:12
rt:34.22,through:10.8,tt:0.37,num_interact:162,Intrvl:15,num_users:381,errors:2
rt:33.61,through:12.87,tt:0.37,num_interact:193,Intrvl:15,num_users:371,errors:10
rt:30.1,through:18.33,tt:0.33,num_interact:275,Intrvl:15,num_users:363,errors:15
rt:27.94,through:9.87,tt:0.45,num_interact:148,Intrvl:15,num_users:372,errors:2
rt:28.6,through:13.87,tt:0.37,num_interact:208,Intrvl:15,num_users:433,errors:10
rt:36.28,through:13.8,tt:0.36,num_interact:207,Intrvl:15,num_users:400,errors:6
rt:34.13,through:11.27,tt:0.31,num_interact:169,Intrvl:15,num_users:445,errors:2
rt:37.32,through:10.73,tt:0.34,num_interact:161,Intrvl:15,num_users:382,errors:10
rt:33.6,through:13.07,tt:0.32,num_interact:196,Intrvl:15,num_users:374,errors:6
rt:36.27,through:8.73,tt:0.38,num_interact:131,Intrvl:15,num_users:428,errors:1
rt:44.18,through:9.53,tt:0.4,num_interact:143,Intrvl:15,num_users:385,errors:6
rt:35.19,through:13.33,tt:0.41,num_interact:200,Intrvl:15,num_users:349,errors:11
rt:33.53,through:11.73,tt:0.34,num_interact:176,Intrvl:15,num_users:423,errors:6
rt:38,through:10.13,tt:0.43,num_interact:152,Intrvl:15,num_users:409,errors:12
rt:36.13,through:14,tt:0.37,num_interact:210,Intrvl:15,num_users:393,errors:5
rt:33.45,through:12.67,tt:0.39,num_interact:190,Intrvl:15,num_users:399,errors:4
rt:35.11,through:11.27,tt:0.38,num_interact:169,Intrvl:15,num_users:406,errors:4
rt:34.5,through:11.6,tt:0.34,num_interact:174,Intrvl:15,num_users:329,errors:13
rt:34.29,through:12.53,tt:0.35,num_interact:188,Intrvl:15,num_users:438,errors:3
rt:35.64,through:11.4,tt:0.39,num_interact:171,Intrvl:15,num_users:431,errors:9
rt:36.98,through:12.4,tt:0.35,num_interact:186,Intrvl:15,num_users:374,errors:8
rt:33.75,through:11.13,tt:0.36,num_interact:167,Intrvl:15,num_users:405,errors:0
rt:36.54,through:11.6,tt:0.38,num_interact:174,Intrvl:15,num_users:365,errors:2
rt:32.14,through:13.47,tt:0.33,num_interact:202,Intrvl:15,num_users:379,errors:4
rt:35.42,through:11,tt:0.34,num_interact:165,Intrvl:15,num_users:437,errors:2
rt:34.53,through:13.73,tt:0.37,num_interact:206,Intrvl:15,num_users:454,errors:16
rt:35.71,through:14.27,tt:0.31,num_interact:214,Intrvl:15,num_users:510,errors:6
rt:41.66,through:7.13,tt:0.34,num_interact:107,Intrvl:15,num_users:370,errors:1
rt:35.25,through:12.33,tt:0.42,num_interact:185,Intrvl:15,num_users:421,errors:11
rt:41.56,through:11.13,tt:0.35,num_interact:167,Intrvl:15,num_users:384,errors:5
rt:36.78,through:9.87,tt:0.31,num_interact:148,Intrvl:15,num_users:442,errors:1
rt:36.84,through:13.93,tt:0.34,num_interact:209,Intrvl:15,num_users:438,errors:13
rt:37.94,through:9.8,tt:0.33,num_interact:147,Intrvl:15,num_users:330,errors:6
rt:35.88,through:10.73,tt:0.34,num_interact:161,Intrvl:15,num_users:346,errors:6
Terminating EBs...
EB TPCW Broswing Mix EB #1679commiting suicide!
EB TPCW Broswing Mix EB #16735commiting suicide!
EB TPCW Broswing Mix EB #175commiting suicide!
EB TPCW Broswing Mix EB #16739commiting suicide!
EB TPCW Broswing Mix EB #1672commiting suicide!
EB TPCW Broswing Mix EB #1668commiting suicide!
EB TPCW Broswing Mix EB #158commiting suicide!
EB TPCW Broswing Mix EB #265commiting suicide!
EB TPCW Broswing Mix EB #27commiting suicide!
EB TPCW Broswing Mix EB #1727commiting suicide!
EB TPCW Broswing Mix EB #86commiting suicide!
EB TPCW Broswing Mix EB #228commiting suicide!
EB TPCW Broswing Mix EB #1699commiting suicide!
EB TPCW Broswing Mix EB #1667commiting suicide!
EB TPCW Broswing Mix EB #8commiting suicide!
EB TPCW Broswing Mix EB #17commiting suicide!
EB TPCW Broswing Mix EB #9commiting suicide!
EB TPCW Broswing Mix EB #3559commiting suicide!
EB TPCW Broswing Mix EB #3813commiting suicide!
EB TPCW Broswing Mix EB #219commiting suicide!
EB TPCW Broswing Mix EB #179commiting suicide!
EB TPCW Broswing Mix EB #3809commiting suicide!
EB TPCW Broswing Mix EB #258commiting suicide!
EB TPCW Broswing Mix EB #222commiting suicide!
EB TPCW Broswing Mix EB #248commiting suicide!
EB TPCW Broswing Mix EB #30commiting suicide!
EB TPCW Broswing Mix EB #172commiting suicide!
EB TPCW Broswing Mix EB #80commiting suicide!
EB TPCW Broswing Mix EB #46commiting suicide!
EB TPCW Broswing Mix EB #114commiting suicide!
EB TPCW Broswing Mix EB #178commiting suicide!
EB TPCW Broswing Mix EB #244commiting suicide!
EB TPCW Broswing Mix EB #171commiting suicide!
EB TPCW Broswing Mix EB #3094commiting suicide!
EB TPCW Broswing Mix EB #13commiting suicide!
EB TPCW Broswing Mix EB #121commiting suicide!
EB TPCW Broswing Mix EB #93commiting suicide!
EB TPCW Broswing Mix EB #3817commiting suicide!
EB TPCW Broswing Mix EB #3803commiting suicide!
EB TPCW Broswing Mix EB #132commiting suicide!
EB TPCW Broswing Mix EB #224commiting suicide!
EB TPCW Broswing Mix EB #192commiting suicide!
EB TPCW Broswing Mix EB #3829commiting suicide!
EB TPCW Broswing Mix EB #161commiting suicide!
EB TPCW Broswing Mix EB #196commiting suicide!
EB TPCW Broswing Mix EB #147commiting suicide!
EB TPCW Broswing Mix EB #3815commiting suicide!
EB TPCW Broswing Mix EB #215commiting suicide!
EB TPCW Broswing Mix EB #58commiting suicide!
EB TPCW Broswing Mix EB #1683commiting suicide!
EB TPCW Broswing Mix EB #102commiting suicide!
EB TPCW Broswing Mix EB #3557commiting suicide!
EB TPCW Broswing Mix EB #3562commiting suicide!
EB TPCW Broswing Mix EB #170commiting suicide!
EB TPCW Broswing Mix EB #207commiting suicide!
EB TPCW Broswing Mix EB #74commiting suicide!
EB TPCW Broswing Mix EB #202commiting suicide!
EB TPCW Broswing Mix EB #117commiting suicide!
EB TPCW Broswing Mix EB #1663commiting suicide!
EB TPCW Broswing Mix EB #1718commiting suicide!
EB TPCW Broswing Mix EB #249commiting suicide!
EB TPCW Broswing Mix EB #4017commiting suicide!
EB TPCW Broswing Mix EB #1695commiting suicide!
EB TPCW Broswing Mix EB #3095commiting suicide!
EB TPCW Broswing Mix EB #3808commiting suicide!
EB TPCW Broswing Mix EB #221commiting suicide!
EB TPCW Broswing Mix EB #103commiting suicide!
EB TPCW Broswing Mix EB #1694commiting suicide!
EB TPCW Broswing Mix EB #245commiting suicide!
EB TPCW Broswing Mix EB #4013commiting suicide!
EB TPCW Broswing Mix EB #41commiting suicide!
EB TPCW Broswing Mix EB #4024commiting suicide!
EB TPCW Broswing Mix EB #1735commiting suicide!
EB TPCW Broswing Mix EB #1677commiting suicide!
EB TPCW Broswing Mix EB #1713commiting suicide!
EB TPCW Broswing Mix EB #1678commiting suicide!
EB TPCW Broswing Mix EB #3563commiting suicide!
EB TPCW Broswing Mix EB #216commiting suicide!
EB TPCW Broswing Mix EB #118commiting suicide!
EB TPCW Broswing Mix EB #200commiting suicide!
EB TPCW Broswing Mix EB #63commiting suicide!
EB TPCW Broswing Mix EB #144commiting suicide!
EB TPCW Broswing Mix EB #3554commiting suicide!
EB TPCW Broswing Mix EB #271commiting suicide!
EB TPCW Broswing Mix EB #81commiting suicide!
EB TPCW Broswing Mix EB #1675commiting suicide!
EB TPCW Broswing Mix EB #83commiting suicide!
EB TPCW Broswing Mix EB #43commiting suicide!
EB TPCW Broswing Mix EB #1681commiting suicide!
EB TPCW Broswing Mix EB #1659commiting suicide!
EB TPCW Broswing Mix EB #5commiting suicide!
EB TPCW Broswing Mix EB #95commiting suicide!
EB TPCW Broswing Mix EB #1725commiting suicide!
EB TPCW Broswing Mix EB #272commiting suicide!
EB TPCW Broswing Mix EB #3812commiting suicide!
EB TPCW Broswing Mix EB #4008commiting suicide!
EB TPCW Broswing Mix EB #160commiting suicide!
EB TPCW Broswing Mix EB #253commiting suicide!
EB TPCW Broswing Mix EB #149commiting suicide!
EB TPCW Broswing Mix EB #10commiting suicide!
EB TPCW Broswing Mix EB #125commiting suicide!
EB TPCW Broswing Mix EB #65commiting suicide!
EB TPCW Broswing Mix EB #1703commiting suicide!
EB TPCW Broswing Mix EB #101commiting suicide!
EB TPCW Broswing Mix EB #105commiting suicide!
EB TPCW Broswing Mix EB #3810commiting suicide!
EB TPCW Broswing Mix EB #16744commiting suicide!
EB TPCW Broswing Mix EB #217commiting suicide!
EB TPCW Broswing Mix EB #16746commiting suicide!
EB TPCW Broswing Mix EB #96commiting suicide!
EB TPCW Broswing Mix EB #99commiting suicide!
EB TPCW Broswing Mix EB #16741commiting suicide!
EB TPCW Broswing Mix EB #1654commiting suicide!
EB TPCW Broswing Mix EB #47commiting suicide!
EB TPCW Broswing Mix EB #4031commiting suicide!
EB TPCW Broswing Mix EB #139commiting suicide!
EB TPCW Broswing Mix EB #194commiting suicide!
EB TPCW Broswing Mix EB #266commiting suicide!
EB TPCW Broswing Mix EB #3816commiting suicide!
EB TPCW Broswing Mix EB #4020commiting suicide!
EB TPCW Broswing Mix EB #16738commiting suicide!
EB TPCW Broswing Mix EB #238commiting suicide!
EB TPCW Broswing Mix EB #113commiting suicide!
EB TPCW Broswing Mix EB #257commiting suicide!
EB TPCW Broswing Mix EB #1651commiting suicide!
EB TPCW Broswing Mix EB #190commiting suicide!
EB TPCW Broswing Mix EB #129commiting suicide!
EB TPCW Broswing Mix EB #18commiting suicide!
EB TPCW Broswing Mix EB #36commiting suicide!
EB TPCW Broswing Mix EB #1710commiting suicide!
EB TPCW Broswing Mix EB #241commiting suicide!
EB TPCW Broswing Mix EB #35commiting suicide!
EB TPCW Broswing Mix EB #4028commiting suicide!
EB TPCW Broswing Mix EB #1721commiting suicide!
EB TPCW Broswing Mix EB #255commiting suicide!
EB TPCW Broswing Mix EB #136commiting suicide!
EB TPCW Broswing Mix EB #187commiting suicide!
EB TPCW Broswing Mix EB #1688commiting suicide!
EB TPCW Broswing Mix EB #3552commiting suicide!
EB TPCW Broswing Mix EB #242commiting suicide!
EB TPCW Broswing Mix EB #1691commiting suicide!
EB TPCW Broswing Mix EB #159commiting suicide!
EB TPCW Broswing Mix EB #3555commiting suicide!
EB TPCW Broswing Mix EB #269commiting suicide!
EB TPCW Broswing Mix EB #57commiting suicide!
EB TPCW Broswing Mix EB #1687commiting suicide!
EB TPCW Broswing Mix EB #188commiting suicide!
EB TPCW Broswing Mix EB #232commiting suicide!
EB TPCW Broswing Mix EB #28commiting suicide!
EB TPCW Broswing Mix EB #73commiting suicide!
EB TPCW Broswing Mix EB #1736commiting suicide!
EB TPCW Broswing Mix EB #16737commiting suicide!
EB TPCW Broswing Mix EB #182commiting suicide!
EB TPCW Broswing Mix EB #54commiting suicide!
EB TPCW Broswing Mix EB #191commiting suicide!
EB TPCW Broswing Mix EB #185commiting suicide!
EB TPCW Broswing Mix EB #145commiting suicide!
EB TPCW Broswing Mix EB #199commiting suicide!
EB TPCW Broswing Mix EB #243commiting suicide!
EB TPCW Broswing Mix EB #3806commiting suicide!
EB TPCW Broswing Mix EB #251commiting suicide!
EB TPCW Broswing Mix EB #100commiting suicide!
EB TPCW Broswing Mix EB #39commiting suicide!
EB TPCW Broswing Mix EB #1692commiting suicide!
EB TPCW Broswing Mix EB #31commiting suicide!
EB TPCW Broswing Mix EB #4021commiting suicide!
EB TPCW Broswing Mix EB #3827commiting suicide!
EB TPCW Broswing Mix EB #3823commiting suicide!
EB TPCW Broswing Mix EB #4011commiting suicide!
EB TPCW Broswing Mix EB #4016commiting suicide!
EB TPCW Broswing Mix EB #4010commiting suicide!
EB TPCW Broswing Mix EB #1653commiting suicide!
EB TPCW Broswing Mix EB #3822commiting suicide!
EB TPCW Broswing Mix EB #1665commiting suicide!
EB TPCW Broswing Mix EB #38commiting suicide!
EB TPCW Broswing Mix EB #1658commiting suicide!
EB TPCW Broswing Mix EB #168commiting suicide!
EB TPCW Broswing Mix EB #1734commiting suicide!
EB TPCW Broswing Mix EB #1708commiting suicide!
EB TPCW Broswing Mix EB #16338commiting suicide!
EB TPCW Broswing Mix EB #166commiting suicide!
EB TPCW Broswing Mix EB #146commiting suicide!
EB TPCW Broswing Mix EB #213commiting suicide!
EB TPCW Broswing Mix EB #25commiting suicide!
EB TPCW Broswing Mix EB #69commiting suicide!
EB TPCW Broswing Mix EB #262commiting suicide!
EB TPCW Broswing Mix EB #126commiting suicide!
EB TPCW Broswing Mix EB #234commiting suicide!
EB TPCW Broswing Mix EB #82commiting suicide!
EB TPCW Broswing Mix EB #189commiting suicide!
EB TPCW Broswing Mix EB #42commiting suicide!
EB TPCW Broswing Mix EB #52commiting suicide!
EB TPCW Broswing Mix EB #131commiting suicide!
EB TPCW Broswing Mix EB #1706commiting suicide!
EB TPCW Broswing Mix EB #169commiting suicide!
EB TPCW Broswing Mix EB #71commiting suicide!
EB TPCW Broswing Mix EB #1733commiting suicide!
EB TPCW Broswing Mix EB #157commiting suicide!
EB TPCW Broswing Mix EB #250commiting suicide!
EB TPCW Broswing Mix EB #124commiting suicide!
EB TPCW Broswing Mix EB #3553commiting suicide!
EB TPCW Broswing Mix EB #4commiting suicide!
EB TPCW Broswing Mix EB #1664commiting suicide!
EB TPCW Broswing Mix EB #3807commiting suicide!
EB TPCW Broswing Mix EB #162commiting suicide!
EB TPCW Broswing Mix EB #64commiting suicide!
EB TPCW Broswing Mix EB #1729commiting suicide!
EB TPCW Broswing Mix EB #45commiting suicide!
EB TPCW Broswing Mix EB #140commiting suicide!
EB TPCW Broswing Mix EB #3828commiting suicide!
EB TPCW Broswing Mix EB #1705commiting suicide!
EB TPCW Broswing Mix EB #138commiting suicide!
EB TPCW Broswing Mix EB #1662commiting suicide!
EB TPCW Broswing Mix EB #40commiting suicide!
EB TPCW Broswing Mix EB #163commiting suicide!
EB TPCW Broswing Mix EB #201commiting suicide!
EB TPCW Broswing Mix EB #4026commiting suicide!
EB TPCW Broswing Mix EB #37commiting suicide!
EB TPCW Broswing Mix EB #1715commiting suicide!
EB TPCW Broswing Mix EB #1719commiting suicide!
EB TPCW Broswing Mix EB #23commiting suicide!
EB TPCW Broswing Mix EB #110commiting suicide!
EB TPCW Broswing Mix EB #78commiting suicide!
EB TPCW Broswing Mix EB #4025commiting suicide!
EB TPCW Broswing Mix EB #1720commiting suicide!
EB TPCW Broswing Mix EB #165commiting suicide!
EB TPCW Broswing Mix EB #66commiting suicide!
EB TPCW Broswing Mix EB #152commiting suicide!
EB TPCW Broswing Mix EB #176commiting suicide!
EB TPCW Broswing Mix EB #150commiting suicide!
EB TPCW Broswing Mix EB #3804commiting suicide!
EB TPCW Broswing Mix EB #134commiting suicide!
EB TPCW Broswing Mix EB #4014commiting suicide!
EB TPCW Broswing Mix EB #120commiting suicide!
EB TPCW Broswing Mix EB #1666commiting suicide!
EB TPCW Broswing Mix EB #1732commiting suicide!
EB TPCW Broswing Mix EB #3805commiting suicide!
EB TPCW Broswing Mix EB #1646commiting suicide!
EB TPCW Broswing Mix EB #116commiting suicide!
EB TPCW Broswing Mix EB #195commiting suicide!
EB TPCW Broswing Mix EB #48commiting suicide!
EB TPCW Broswing Mix EB #67commiting suicide!
EB TPCW Broswing Mix EB #254commiting suicide!
EB TPCW Broswing Mix EB #22commiting suicide!
EB TPCW Broswing Mix EB #204commiting suicide!
EB TPCW Broswing Mix EB #115commiting suicide!
EB TPCW Broswing Mix EB #1712commiting suicide!
EB TPCW Broswing Mix EB #180commiting suicide!
EB TPCW Broswing Mix EB #1731commiting suicide!
EB TPCW Broswing Mix EB #3818commiting suicide!
EB TPCW Broswing Mix EB #1707commiting suicide!
EB TPCW Broswing Mix EB #90commiting suicide!
EB TPCW Broswing Mix EB #142commiting suicide!
EB TPCW Broswing Mix EB #184commiting suicide!
EB TPCW Broswing Mix EB #1730commiting suicide!
EB TPCW Broswing Mix EB #3830commiting suicide!
EB TPCW Broswing Mix EB #16commiting suicide!
EB TPCW Broswing Mix EB #61commiting suicide!
EB TPCW Broswing Mix EB #29commiting suicide!
EB TPCW Broswing Mix EB #273commiting suicide!
EB TPCW Broswing Mix EB #11commiting suicide!
EB TPCW Broswing Mix EB #223commiting suicide!
EB TPCW Broswing Mix EB #7commiting suicide!
EB TPCW Broswing Mix EB #133commiting suicide!
EB TPCW Broswing Mix EB #1669commiting suicide!
EB TPCW Broswing Mix EB #97commiting suicide!
EB TPCW Broswing Mix EB #108commiting suicide!
EB TPCW Broswing Mix EB #1682commiting suicide!
EB TPCW Broswing Mix EB #14commiting suicide!
EB TPCW Broswing Mix EB #16745commiting suicide!
EB TPCW Broswing Mix EB #220commiting suicide!
EB TPCW Broswing Mix EB #1647commiting suicide!
EB TPCW Broswing Mix EB #209commiting suicide!
EB TPCW Broswing Mix EB #109commiting suicide!
EB TPCW Broswing Mix EB #193commiting suicide!
EB TPCW Broswing Mix EB #111commiting suicide!
EB TPCW Broswing Mix EB #4022commiting suicide!
EB TPCW Broswing Mix EB #32commiting suicide!
EB TPCW Broswing Mix EB #1680commiting suicide!
EB TPCW Broswing Mix EB #1693commiting suicide!
EB TPCW Broswing Mix EB #55commiting suicide!
EB TPCW Broswing Mix EB #4018commiting suicide!
EB TPCW Broswing Mix EB #4030commiting suicide!
EB TPCW Broswing Mix EB #1700commiting suicide!
EB TPCW Broswing Mix EB #268commiting suicide!
EB TPCW Broswing Mix EB #16734commiting suicide!
EB TPCW Broswing Mix EB #1685commiting suicide!
EB TPCW Broswing Mix EB #1684commiting suicide!
EB TPCW Broswing Mix EB #141commiting suicide!
EB TPCW Broswing Mix EB #1714commiting suicide!
EB TPCW Broswing Mix EB #1690commiting suicide!
EB TPCW Broswing Mix EB #4019commiting suicide!
EB TPCW Broswing Mix EB #148commiting suicide!
EB TPCW Broswing Mix EB #79commiting suicide!
EB TPCW Broswing Mix EB #153commiting suicide!
EB TPCW Broswing Mix EB #164commiting suicide!
EB TPCW Broswing Mix EB #1660commiting suicide!
EB TPCW Broswing Mix EB #226commiting suicide!
EB TPCW Broswing Mix EB #3811commiting suicide!
EB TPCW Broswing Mix EB #1674commiting suicide!
EB TPCW Broswing Mix EB #230commiting suicide!
EB TPCW Broswing Mix EB #174commiting suicide!
EB TPCW Broswing Mix EB #197commiting suicide!
EB TPCW Broswing Mix EB #1704commiting suicide!
EB TPCW Broswing Mix EB #91commiting suicide!
EB TPCW Broswing Mix EB #16736commiting suicide!
EB TPCW Broswing Mix EB #1670commiting suicide!
EB TPCW Broswing Mix EB #205commiting suicide!
EB TPCW Broswing Mix EB #94commiting suicide!
EB TPCW Broswing Mix EB #4009commiting suicide!
EB TPCW Broswing Mix EB #34commiting suicide!
EB TPCW Broswing Mix EB #156commiting suicide!
EB TPCW Broswing Mix EB #155commiting suicide!
EB TPCW Broswing Mix EB #1698commiting suicide!
EB TPCW Broswing Mix EB #68commiting suicide!
EB TPCW Broswing Mix EB #237commiting suicide!
EB TPCW Broswing Mix EB #62commiting suicide!
EB TPCW Broswing Mix EB #225commiting suicide!
EB TPCW Broswing Mix EB #123commiting suicide!
EB TPCW Broswing Mix EB #1643commiting suicide!
EB TPCW Broswing Mix EB #16742commiting suicide!
EB TPCW Broswing Mix EB #1645commiting suicide!
EB TPCW Broswing Mix EB #3093commiting suicide!
EB TPCW Broswing Mix EB #44commiting suicide!
EB TPCW Broswing Mix EB #1649commiting suicide!
EB TPCW Broswing Mix EB #259commiting suicide!
EB TPCW Broswing Mix EB #263commiting suicide!
EB TPCW Broswing Mix EB #16747commiting suicide!
EB TPCW Broswing Mix EB #229commiting suicide!
EB TPCW Broswing Mix EB #3826commiting suicide!
EB TPCW Broswing Mix EB #3565commiting suicide!
EB TPCW Broswing Mix EB #51commiting suicide!
EB TPCW Broswing Mix EB #274commiting suicide!
EB TPCW Broswing Mix EB #3801commiting suicide!
EB TPCW Broswing Mix EB #240commiting suicide!
EB TPCW Broswing Mix EB #76commiting suicide!
EB TPCW Broswing Mix EB #231commiting suicide!
EB TPCW Broswing Mix EB #127commiting suicide!
EB TPCW Broswing Mix EB #261commiting suicide!
EB TPCW Broswing Mix EB #247commiting suicide!
EB TPCW Broswing Mix EB #88commiting suicide!
EB TPCW Broswing Mix EB #208commiting suicide!
EB TPCW Broswing Mix EB #1650commiting suicide!
EB TPCW Broswing Mix EB #167commiting suicide!
EB TPCW Broswing Mix EB #4015commiting suicide!
EB TPCW Broswing Mix EB #3558commiting suicide!
EB TPCW Broswing Mix EB #16743commiting suicide!
EB TPCW Broswing Mix EB #236commiting suicide!
EB TPCW Broswing Mix EB #16733commiting suicide!
EB TPCW Broswing Mix EB #1702commiting suicide!
EB TPCW Broswing Mix EB #1711commiting suicide!
EB TPCW Broswing Mix EB #128commiting suicide!
EB TPCW Broswing Mix EB #84commiting suicide!
EB TPCW Broswing Mix EB #130commiting suicide!
EB TPCW Broswing Mix EB #1716commiting suicide!
EB TPCW Broswing Mix EB #92commiting suicide!
EB TPCW Broswing Mix EB #211commiting suicide!
EB TPCW Broswing Mix EB #198commiting suicide!
EB TPCW Broswing Mix EB #227commiting suicide!
EB TPCW Broswing Mix EB #1717commiting suicide!
EB TPCW Broswing Mix EB #206commiting suicide!
EB TPCW Broswing Mix EB #4029commiting suicide!
EB TPCW Broswing Mix EB #1728commiting suicide!
EB TPCW Broswing Mix EB #104commiting suicide!
EB TPCW Broswing Mix EB #210commiting suicide!
EB TPCW Broswing Mix EB #3825commiting suicide!
EB TPCW Broswing Mix EB #1648commiting suicide!
EB TPCW Broswing Mix EB #218commiting suicide!
EB TPCW Broswing Mix EB #1726commiting suicide!
EB TPCW Broswing Mix EB #1671commiting suicide!
EB TPCW Broswing Mix EB #1676commiting suicide!
EB TPCW Broswing Mix EB #1689commiting suicide!
EB TPCW Broswing Mix EB #181commiting suicide!
EB TPCW Broswing Mix EB #270commiting suicide!
EB TPCW Broswing Mix EB #107commiting suicide!
EB TPCW Broswing Mix EB #1655commiting suicide!
EB TPCW Broswing Mix EB #1723commiting suicide!
EB TPCW Broswing Mix EB #135commiting suicide!
EB TPCW Broswing Mix EB #3561commiting suicide!
EB TPCW Broswing Mix EB #239commiting suicide!
EB TPCW Broswing Mix EB #4032commiting suicide!
EB TPCW Broswing Mix EB #235commiting suicide!
EB TPCW Broswing Mix EB #16740commiting suicide!
EB TPCW Broswing Mix EB #16732commiting suicide!
EB TPCW Broswing Mix EB #1722commiting suicide!
EB TPCW Broswing Mix EB #1657commiting suicide!
EB TPCW Broswing Mix EB #1696commiting suicide!
EB TPCW Broswing Mix EB #154commiting suicide!
EB TPCW Broswing Mix EB #203commiting suicide!
EB TPCW Broswing Mix EB #1656commiting suicide!
EBs finished.
Really finishing RBE!.
