Remote Browser Emulator for TPC-W.
  ECE 902  Fall '99
  Version 1.5
System's current path is /root/loadtest
rt:0.11,through:2.47,tt:0.29,num_interact:37,Intrvl:15,num_users:1,errors:0
rt:1.35,through:11,tt:0.38,num_interact:165,Intrvl:15,num_users:20,errors:0
rt:5.28,through:10.27,tt:0.44,num_interact:154,Intrvl:15,num_users:80,errors:0
rt:7.48,through:12.8,tt:0.41,num_interact:192,Intrvl:15,num_users:120,errors:0
rt:9.28,through:12.53,tt:0.4,num_interact:188,Intrvl:15,num_users:180,errors:0
rt:13.74,through:12.87,tt:0.38,num_interact:193,Intrvl:15,num_users:240,errors:0
rt:16.15,through:13.13,tt:0.4,num_interact:197,Intrvl:15,num_users:280,errors:0
rt:19.74,through:12.47,tt:0.41,num_interact:187,Intrvl:15,num_users:310,errors:0
rt:23.93,through:13.2,tt:0.39,num_interact:198,Intrvl:15,num_users:360,errors:0
rt:25.71,through:12.6,tt:0.39,num_interact:189,Intrvl:15,num_users:390,errors:0
rt:27.2,through:13,tt:0.34,num_interact:195,Intrvl:15,num_users:413,errors:0
rt:30.04,through:12.67,tt:0.37,num_interact:190,Intrvl:15,num_users:486,errors:0
rt:32.78,through:12.27,tt:0.37,num_interact:184,Intrvl:15,num_users:421,errors:0
rt:36.25,through:7.13,tt:0.33,num_interact:107,Intrvl:15,num_users:342,errors:0
rt:36.54,through:10.47,tt:0.36,num_interact:157,Intrvl:15,num_users:322,errors:0
rt:31.68,through:11.13,tt:0.39,num_interact:167,Intrvl:15,num_users:403,errors:0
rt:30.23,through:12.6,tt:0.35,num_interact:189,Intrvl:15,num_users:405,errors:0
rt:31.68,through:12.73,tt:0.4,num_interact:191,Intrvl:15,num_users:417,errors:0
rt:30.34,through:12.53,tt:0.31,num_interact:188,Intrvl:15,num_users:406,errors:0
rt:32.29,through:10.73,tt:0.33,num_interact:161,Intrvl:15,num_users:351,errors:0
rt:32.7,through:11.2,tt:0.34,num_interact:168,Intrvl:15,num_users:434,errors:0
rt:30.83,through:11.13,tt:0.34,num_interact:167,Intrvl:15,num_users:343,errors:0
rt:32.59,through:8.93,tt:0.29,num_interact:134,Intrvl:15,num_users:417,errors:0
rt:32.33,through:12.4,tt:0.38,num_interact:186,Intrvl:15,num_users:424,errors:0
rt:34.17,through:12.73,tt:0.36,num_interact:191,Intrvl:15,num_users:424,errors:0
rt:33.67,through:12.73,tt:0.35,num_interact:191,Intrvl:15,num_users:414,errors:0
rt:33.01,through:12.6,tt:0.33,num_interact:189,Intrvl:15,num_users:501,errors:0
rt:31.07,through:11.87,tt:0.35,num_interact:178,Intrvl:15,num_users:407,errors:0
rt:38.44,through:8.8,tt:0.38,num_interact:132,Intrvl:15,num_users:438,errors:0
rt:36.97,through:11.93,tt:0.35,num_interact:179,Intrvl:15,num_users:480,errors:0
rt:38.62,through:12.67,tt:0.37,num_interact:190,Intrvl:15,num_users:444,errors:0
rt:36.14,through:10.8,tt:0.32,num_interact:162,Intrvl:15,num_users:482,errors:0
rt:35.13,through:12.4,tt:0.34,num_interact:186,Intrvl:15,num_users:475,errors:0
rt:40.2,through:11.67,tt:0.38,num_interact:175,Intrvl:15,num_users:452,errors:0
rt:36.59,through:12.07,tt:0.37,num_interact:181,Intrvl:15,num_users:440,errors:0
rt:35.49,through:12.67,tt:0.32,num_interact:190,Intrvl:15,num_users:445,errors:0
rt:34.44,through:12.87,tt:0.36,num_interact:193,Intrvl:15,num_users:508,errors:0
rt:35.68,through:11.53,tt:0.41,num_interact:173,Intrvl:15,num_users:426,errors:0
rt:38.48,through:9,tt:0.3,num_interact:135,Intrvl:15,num_users:455,errors:0
rt:39.04,through:12.47,tt:0.37,num_interact:187,Intrvl:15,num_users:435,errors:0
rt:36.88,through:11.47,tt:0.34,num_interact:172,Intrvl:15,num_users:463,errors:0
rt:36.79,through:12.8,tt:0.32,num_interact:192,Intrvl:15,num_users:444,errors:0
rt:36.55,through:10.87,tt:0.39,num_interact:163,Intrvl:15,num_users:412,errors:0
rt:36.09,through:12.13,tt:0.37,num_interact:182,Intrvl:15,num_users:419,errors:0
rt:32.71,through:12.4,tt:0.32,num_interact:186,Intrvl:15,num_users:409,errors:0
rt:32.56,through:12.87,tt:0.3,num_interact:193,Intrvl:15,num_users:427,errors:0
rt:32.99,through:12.27,tt:0.38,num_interact:184,Intrvl:15,num_users:416,errors:0
rt:32.65,through:12.6,tt:0.34,num_interact:189,Intrvl:15,num_users:448,errors:0
rt:32.46,through:12.6,tt:0.34,num_interact:189,Intrvl:15,num_users:456,errors:0
rt:33.54,through:13,tt:0.42,num_interact:195,Intrvl:15,num_users:482,errors:0
rt:36.36,through:12.6,tt:0.35,num_interact:189,Intrvl:15,num_users:465,errors:0
rt:36.83,through:12.07,tt:0.38,num_interact:181,Intrvl:15,num_users:472,errors:0
rt:35.91,through:12.67,tt:0.36,num_interact:190,Intrvl:15,num_users:454,errors:0
rt:35.91,through:10.93,tt:0.39,num_interact:164,Intrvl:15,num_users:417,errors:0
rt:37.4,through:12,tt:0.37,num_interact:180,Intrvl:15,num_users:490,errors:0
rt:35.92,through:12.53,tt:0.33,num_interact:188,Intrvl:15,num_users:473,errors:0
rt:36.8,through:10.33,tt:0.35,num_interact:155,Intrvl:15,num_users:449,errors:0
rt:36.95,through:13.13,tt:0.37,num_interact:197,Intrvl:15,num_users:434,errors:0
rt:37.37,through:11.27,tt:0.33,num_interact:169,Intrvl:15,num_users:407,errors:0
rt:35.14,through:12.07,tt:0.32,num_interact:181,Intrvl:15,num_users:472,errors:7
rt:32.88,through:13.67,tt:0.39,num_interact:205,Intrvl:15,num_users:463,errors:0
rt:25.83,through:14.33,tt:0.41,num_interact:215,Intrvl:15,num_users:371,errors:0
rt:25.09,through:19,tt:0.35,num_interact:285,Intrvl:15,num_users:454,errors:0
rt:21.67,through:19.27,tt:0.39,num_interact:289,Intrvl:15,num_users:419,errors:0
rt:20.83,through:20.73,tt:0.37,num_interact:311,Intrvl:15,num_users:435,errors:0
rt:19.06,through:21.13,tt:0.36,num_interact:321,Intrvl:15,num_users:483,errors:0
rt:20.07,through:21.87,tt:0.34,num_interact:328,Intrvl:15,num_users:486,errors:0
rt:18.24,through:19.2,tt:0.34,num_interact:288,Intrvl:15,num_users:400,errors:0
rt:16.3,through:18.33,tt:0.34,num_interact:275,Intrvl:15,num_users:419,errors:0
rt:22.82,through:16.53,tt:0.31,num_interact:248,Intrvl:15,num_users:414,errors:2
rt:22.79,through:15.27,tt:0.33,num_interact:229,Intrvl:15,num_users:370,errors:0
rt:23.69,through:15.47,tt:0.37,num_interact:232,Intrvl:15,num_users:466,errors:11
rt:26.44,through:16.13,tt:0.36,num_interact:242,Intrvl:15,num_users:466,errors:0
rt:23.68,through:17.07,tt:0.3,num_interact:256,Intrvl:15,num_users:459,errors:12
rt:28.71,through:15,tt:0.38,num_interact:225,Intrvl:15,num_users:445,errors:0
rt:25.26,through:16.47,tt:0.37,num_interact:247,Intrvl:15,num_users:421,errors:17
rt:26.01,through:13.8,tt:0.4,num_interact:207,Intrvl:15,num_users:438,errors:1
rt:23.83,through:18.2,tt:0.32,num_interact:273,Intrvl:15,num_users:438,errors:23
rt:29.34,through:14.87,tt:0.35,num_interact:223,Intrvl:15,num_users:423,errors:1
rt:25.03,through:16.6,tt:0.36,num_interact:249,Intrvl:15,num_users:437,errors:17
rt:30.85,through:14.47,tt:0.33,num_interact:217,Intrvl:15,num_users:419,errors:8
rt:23.97,through:16.53,tt:0.38,num_interact:248,Intrvl:15,num_users:463,errors:4
rt:29.62,through:14.53,tt:0.38,num_interact:218,Intrvl:15,num_users:379,errors:11
rt:26.21,through:14.47,tt:0.36,num_interact:217,Intrvl:15,num_users:498,errors:0
rt:27.06,through:15.2,tt:0.36,num_interact:228,Intrvl:15,num_users:514,errors:6
rt:28.42,through:16.47,tt:0.38,num_interact:247,Intrvl:15,num_users:497,errors:0
rt:27.96,through:15.47,tt:0.38,num_interact:232,Intrvl:15,num_users:480,errors:17
rt:31.46,through:14.13,tt:0.36,num_interact:212,Intrvl:15,num_users:400,errors:0
rt:24.62,through:14.73,tt:0.37,num_interact:221,Intrvl:15,num_users:470,errors:9
rt:30.82,through:13.87,tt:0.35,num_interact:208,Intrvl:15,num_users:403,errors:0
rt:26.22,through:16.6,tt:0.36,num_interact:249,Intrvl:15,num_users:546,errors:16
rt:35.99,through:12.07,tt:0.38,num_interact:181,Intrvl:15,num_users:410,errors:0
rt:30.03,through:15.93,tt:0.33,num_interact:239,Intrvl:15,num_users:463,errors:1
rt:26.82,through:12.13,tt:0.34,num_interact:182,Intrvl:15,num_users:417,errors:3
rt:29.48,through:16.6,tt:0.36,num_interact:249,Intrvl:15,num_users:447,errors:6
rt:27.11,through:15.13,tt:0.36,num_interact:227,Intrvl:15,num_users:455,errors:5
rt:27.13,through:16.07,tt:0.36,num_interact:241,Intrvl:15,num_users:521,errors:7
rt:28.58,through:14.87,tt:0.29,num_interact:223,Intrvl:15,num_users:484,errors:4
rt:29.11,through:16.67,tt:0.35,num_interact:250,Intrvl:15,num_users:521,errors:8
rt:30.5,through:13.07,tt:0.38,num_interact:196,Intrvl:15,num_users:438,errors:17
rt:29.85,through:15.27,tt:0.33,num_interact:229,Intrvl:15,num_users:433,errors:0
rt:26.53,through:14.8,tt:0.34,num_interact:222,Intrvl:15,num_users:452,errors:23
rt:30.57,through:15.87,tt:0.39,num_interact:238,Intrvl:15,num_users:496,errors:0
rt:27.2,through:17.13,tt:0.34,num_interact:257,Intrvl:15,num_users:507,errors:10
rt:33.91,through:14.67,tt:0.35,num_interact:220,Intrvl:15,num_users:458,errors:3
rt:26.84,through:15.27,tt:0.34,num_interact:229,Intrvl:15,num_users:421,errors:11
rt:27.68,through:14.2,tt:0.34,num_interact:213,Intrvl:15,num_users:424,errors:3
rt:27.48,through:16.8,tt:0.37,num_interact:252,Intrvl:15,num_users:431,errors:0
rt:27.72,through:15.87,tt:0.37,num_interact:238,Intrvl:15,num_users:417,errors:11
rt:25.33,through:16.13,tt:0.39,num_interact:242,Intrvl:15,num_users:468,errors:0
rt:28.21,through:16.07,tt:0.26,num_interact:241,Intrvl:15,num_users:470,errors:19
rt:26.26,through:16.8,tt:0.37,num_interact:252,Intrvl:15,num_users:508,errors:0
rt:28.74,through:16.8,tt:0.35,num_interact:252,Intrvl:15,num_users:486,errors:12
rt:30.07,through:15.2,tt:0.34,num_interact:228,Intrvl:15,num_users:473,errors:0
rt:26.79,through:16.6,tt:0.35,num_interact:249,Intrvl:15,num_users:490,errors:12
rt:31.05,through:14.87,tt:0.29,num_interact:223,Intrvl:15,num_users:442,errors:0
rt:26.01,through:16.67,tt:0.34,num_interact:250,Intrvl:15,num_users:424,errors:14
rt:29.67,through:14.47,tt:0.34,num_interact:217,Intrvl:15,num_users:482,errors:0
rt:28,through:15.93,tt:0.38,num_interact:239,Intrvl:15,num_users:461,errors:8
rt:26.48,through:15.67,tt:0.37,num_interact:235,Intrvl:15,num_users:490,errors:3
rt:28.06,through:16.73,tt:0.39,num_interact:251,Intrvl:15,num_users:505,errors:24
rt:31.96,through:15.07,tt:0.33,num_interact:226,Intrvl:15,num_users:482,errors:2
rt:27.96,through:15.8,tt:0.35,num_interact:238,Intrvl:15,num_users:508,errors:1
rt:30.68,through:15.93,tt:0.34,num_interact:239,Intrvl:15,num_users:515,errors:22
rt:32.07,through:16.2,tt:0.34,num_interact:243,Intrvl:15,num_users:482,errors:0
rt:28.26,through:15.33,tt:0.34,num_interact:230,Intrvl:15,num_users:444,errors:21
rt:31.82,through:13.8,tt:0.38,num_interact:207,Intrvl:15,num_users:433,errors:6
rt:23.85,through:16.87,tt:0.31,num_interact:253,Intrvl:15,num_users:403,errors:7
rt:18.73,through:24.33,tt:0.38,num_interact:365,Intrvl:15,num_users:463,errors:0
rt:18.7,through:25.53,tt:0.35,num_interact:392,Intrvl:15,num_users:444,errors:15
rt:17.64,through:24.53,tt:0.36,num_interact:368,Intrvl:15,num_users:454,errors:1
rt:16.55,through:25.53,tt:0.37,num_interact:383,Intrvl:15,num_users:452,errors:14
rt:19.29,through:23.07,tt:0.38,num_interact:346,Intrvl:15,num_users:402,errors:2
rt:16.14,through:23.67,tt:0.37,num_interact:355,Intrvl:15,num_users:500,errors:6
rt:18.51,through:23.93,tt:0.34,num_interact:359,Intrvl:15,num_users:479,errors:15
rt:17.37,through:24.27,tt:0.34,num_interact:364,Intrvl:15,num_users:491,errors:0
rt:21.03,through:26.67,tt:0.37,num_interact:400,Intrvl:15,num_users:483,errors:16
rt:17.8,through:29.6,tt:0.36,num_interact:444,Intrvl:15,num_users:519,errors:0
rt:18.22,through:24.73,tt:0.33,num_interact:371,Intrvl:15,num_users:514,errors:17
rt:18.94,through:25.2,tt:0.33,num_interact:378,Intrvl:15,num_users:518,errors:0
rt:19.11,through:26.93,tt:0.35,num_interact:404,Intrvl:15,num_users:543,errors:23
rt:23.95,through:20.67,tt:0.35,num_interact:310,Intrvl:15,num_users:487,errors:0
rt:18.33,through:24.73,tt:0.38,num_interact:371,Intrvl:15,num_users:476,errors:7
rt:19.42,through:21.67,tt:0.39,num_interact:325,Intrvl:15,num_users:413,errors:2
rt:17.57,through:24.33,tt:0.37,num_interact:365,Intrvl:15,num_users:483,errors:0
rt:18.66,through:25.67,tt:0.35,num_interact:385,Intrvl:15,num_users:480,errors:8
rt:17.46,through:22.73,tt:0.33,num_interact:341,Intrvl:15,num_users:435,errors:0
rt:17,through:25.13,tt:0.33,num_interact:377,Intrvl:15,num_users:482,errors:15
rt:19.45,through:24.13,tt:0.33,num_interact:362,Intrvl:15,num_users:521,errors:3
rt:19.12,through:23.53,tt:0.34,num_interact:353,Intrvl:15,num_users:444,errors:2
rt:18.84,through:23.33,tt:0.34,num_interact:350,Intrvl:15,num_users:510,errors:11
rt:19.81,through:22.4,tt:0.34,num_interact:336,Intrvl:15,num_users:447,errors:0
rt:18.77,through:25.87,tt:0.34,num_interact:388,Intrvl:15,num_users:459,errors:8
rt:17.68,through:22.67,tt:0.36,num_interact:340,Intrvl:15,num_users:442,errors:0
rt:16.97,through:23,tt:0.31,num_interact:345,Intrvl:15,num_users:392,errors:5
rt:17.83,through:23.2,tt:0.37,num_interact:349,Intrvl:15,num_users:535,errors:3
rt:22.07,through:16.4,tt:0.31,num_interact:246,Intrvl:15,num_users:482,errors:0
rt:19.48,through:27.87,tt:0.37,num_interact:418,Intrvl:15,num_users:490,errors:12
rt:20.66,through:22.6,tt:0.38,num_interact:339,Intrvl:15,num_users:501,errors:3
rt:19.52,through:25.73,tt:0.34,num_interact:386,Intrvl:15,num_users:522,errors:8
rt:22.21,through:23.47,tt:0.35,num_interact:352,Intrvl:15,num_users:505,errors:2
rt:18.52,through:23.27,tt:0.32,num_interact:349,Intrvl:15,num_users:455,errors:6
rt:18.07,through:24.4,tt:0.35,num_interact:366,Intrvl:15,num_users:452,errors:9
rt:17.76,through:24.67,tt:0.39,num_interact:370,Intrvl:15,num_users:522,errors:0
rt:19.84,through:23.6,tt:0.36,num_interact:354,Intrvl:15,num_users:472,errors:13
rt:17.62,through:23.2,tt:0.35,num_interact:348,Intrvl:15,num_users:442,errors:0
rt:18.08,through:24.07,tt:0.34,num_interact:361,Intrvl:15,num_users:552,errors:19
rt:22.1,through:24.87,tt:0.37,num_interact:373,Intrvl:15,num_users:538,errors:0
rt:19.35,through:22.53,tt:0.36,num_interact:338,Intrvl:15,num_users:465,errors:11
rt:18.12,through:24.4,tt:0.35,num_interact:367,Intrvl:15,num_users:470,errors:0
rt:17.65,through:23.93,tt:0.34,num_interact:359,Intrvl:15,num_users:483,errors:21
rt:18.15,through:26.6,tt:0.34,num_interact:399,Intrvl:15,num_users:456,errors:0
rt:15.44,through:33.6,tt:0.37,num_interact:504,Intrvl:15,num_users:434,errors:20
rt:13.15,through:32.4,tt:0.35,num_interact:486,Intrvl:15,num_users:469,errors:0
rt:15.11,through:31.67,tt:0.34,num_interact:480,Intrvl:15,num_users:487,errors:17
rt:13,through:32.6,tt:0.33,num_interact:489,Intrvl:15,num_users:477,errors:0
rt:14.29,through:32.6,tt:0.35,num_interact:489,Intrvl:15,num_users:414,errors:19
rt:12.38,through:37.67,tt:0.36,num_interact:570,Intrvl:15,num_users:500,errors:0
rt:14.41,through:32,tt:0.37,num_interact:480,Intrvl:15,num_users:475,errors:22
rt:15.28,through:35.4,tt:0.4,num_interact:531,Intrvl:15,num_users:524,errors:0
rt:16.26,through:31.6,tt:0.33,num_interact:474,Intrvl:15,num_users:480,errors:19
rt:13.43,through:33.33,tt:0.35,num_interact:539,Intrvl:15,num_users:479,errors:0
rt:12.47,through:35.07,tt:0.35,num_interact:526,Intrvl:15,num_users:409,errors:7
rt:12.46,through:33.53,tt:0.35,num_interact:514,Intrvl:15,num_users:490,errors:0
rt:14.09,through:32.93,tt:0.37,num_interact:494,Intrvl:15,num_users:468,errors:1
rt:13.47,through:35.53,tt:0.36,num_interact:533,Intrvl:15,num_users:477,errors:2
rt:15.17,through:32.67,tt:0.36,num_interact:490,Intrvl:15,num_users:543,errors:3
rt:14.13,through:33.47,tt:0.35,num_interact:502,Intrvl:15,num_users:455,errors:5
rt:11.79,through:33.47,tt:0.37,num_interact:502,Intrvl:15,num_users:423,errors:1
rt:12.3,through:32,tt:0.37,num_interact:480,Intrvl:15,num_users:455,errors:2
rt:12.92,through:34.53,tt:0.38,num_interact:518,Intrvl:15,num_users:503,errors:2
rt:14.19,through:32.93,tt:0.34,num_interact:499,Intrvl:15,num_users:477,errors:8
rt:15.28,through:31.67,tt:0.36,num_interact:475,Intrvl:15,num_users:536,errors:1
rt:14.25,through:33.13,tt:0.34,num_interact:497,Intrvl:15,num_users:494,errors:8
rt:14.19,through:33.8,tt:0.36,num_interact:507,Intrvl:15,num_users:496,errors:1
rt:14.8,through:33,tt:0.38,num_interact:495,Intrvl:15,num_users:526,errors:6
rt:17.11,through:30.53,tt:0.38,num_interact:458,Intrvl:15,num_users:591,errors:0
rt:16.18,through:31.13,tt:0.35,num_interact:473,Intrvl:15,num_users:482,errors:11
rt:14.55,through:38.6,tt:0.33,num_interact:579,Intrvl:15,num_users:521,errors:1
rt:14.71,through:32.53,tt:0.36,num_interact:488,Intrvl:15,num_users:514,errors:5
rt:14.98,through:33.87,tt:0.38,num_interact:508,Intrvl:15,num_users:539,errors:0
rt:16.14,through:34.13,tt:0.37,num_interact:521,Intrvl:15,num_users:501,errors:4
rt:13,through:33.6,tt:0.36,num_interact:504,Intrvl:15,num_users:490,errors:0
rt:13.01,through:31.8,tt:0.33,num_interact:477,Intrvl:15,num_users:431,errors:8
rt:12.47,through:31.67,tt:0.33,num_interact:475,Intrvl:15,num_users:479,errors:0
rt:14.7,through:34,tt:0.32,num_interact:510,Intrvl:15,num_users:508,errors:7
rt:14.11,through:33.07,tt:0.36,num_interact:496,Intrvl:15,num_users:567,errors:0
rt:17.15,through:32.2,tt:0.37,num_interact:483,Intrvl:15,num_users:504,errors:5
rt:14.2,through:34.07,tt:0.35,num_interact:511,Intrvl:15,num_users:508,errors:0
rt:15.06,through:33.07,tt:0.37,num_interact:496,Intrvl:15,num_users:536,errors:3
rt:14.76,through:33.73,tt:0.35,num_interact:508,Intrvl:15,num_users:539,errors:0
rt:16.74,through:44.4,tt:0.38,num_interact:694,Intrvl:15,num_users:577,errors:9
rt:18.37,through:31.87,tt:0.38,num_interact:478,Intrvl:15,num_users:584,errors:7
rt:18.5,through:29.67,tt:0.35,num_interact:445,Intrvl:15,num_users:613,errors:0
rt:15.62,through:35.87,tt:0.35,num_interact:550,Intrvl:15,num_users:459,errors:5
rt:14.38,through:31.13,tt:0.41,num_interact:467,Intrvl:15,num_users:652,errors:0
rt:17.38,through:33.67,tt:0.36,num_interact:518,Intrvl:15,num_users:574,errors:0
rt:16.38,through:32.27,tt:0.35,num_interact:484,Intrvl:15,num_users:546,errors:0
rt:16.92,through:30.67,tt:0.36,num_interact:460,Intrvl:15,num_users:591,errors:1
rt:18.11,through:32.4,tt:0.36,num_interact:486,Intrvl:15,num_users:545,errors:0
rt:15.59,through:33.33,tt:0.35,num_interact:500,Intrvl:15,num_users:536,errors:0
rt:15.72,through:39.53,tt:0.31,num_interact:593,Intrvl:15,num_users:525,errors:0
rt:15.75,through:30.53,tt:0.39,num_interact:458,Intrvl:15,num_users:592,errors:0
rt:17.76,through:33,tt:0.37,num_interact:495,Intrvl:15,num_users:539,errors:1
rt:14.79,through:33.4,tt:0.34,num_interact:501,Intrvl:15,num_users:498,errors:0
rt:14.22,through:45.13,tt:0.37,num_interact:677,Intrvl:15,num_users:532,errors:0
rt:16.38,through:32.8,tt:0.34,num_interact:492,Intrvl:15,num_users:578,errors:0
rt:14.26,through:34.67,tt:0.37,num_interact:520,Intrvl:15,num_users:466,errors:0
rt:13.54,through:32.8,tt:0.38,num_interact:492,Intrvl:15,num_users:528,errors:0
rt:17.23,through:45.87,tt:0.37,num_interact:688,Intrvl:15,num_users:668,errors:1
rt:20.99,through:29.13,tt:0.36,num_interact:498,Intrvl:15,num_users:594,errors:0
rt:18.04,through:31,tt:0.35,num_interact:465,Intrvl:15,num_users:581,errors:1
rt:19.58,through:38.8,tt:0.36,num_interact:582,Intrvl:15,num_users:672,errors:1
rt:23.82,through:29.07,tt:0.36,num_interact:470,Intrvl:15,num_users:658,errors:0
rt:21.14,through:24.07,tt:0.35,num_interact:361,Intrvl:15,num_users:615,errors:0
rt:49.09,through:3.07,tt:0.35,num_interact:99,Intrvl:15,num_users:592,errors:0
rt:?,through:0,tt:0.37,num_interact:382,Intrvl:15,num_users:531,errors:0
rt:234.28,through:21.27,tt:0.34,num_interact:319,Intrvl:15,num_users:522,errors:0
rt:41.52,through:22.33,tt:0.36,num_interact:335,Intrvl:15,num_users:585,errors:0
rt:19.37,through:25.6,tt:0.34,num_interact:384,Intrvl:15,num_users:610,errors:0
rt:20.99,through:24.47,tt:0.34,num_interact:367,Intrvl:15,num_users:589,errors:0
rt:19.45,through:24.87,tt:0.37,num_interact:373,Intrvl:15,num_users:577,errors:0
rt:18.26,through:23.93,tt:0.34,num_interact:359,Intrvl:15,num_users:557,errors:0
rt:18.18,through:27.67,tt:0.35,num_interact:415,Intrvl:15,num_users:574,errors:0
rt:17.99,through:25.4,tt:0.38,num_interact:381,Intrvl:15,num_users:568,errors:0
rt:17.72,through:26.07,tt:0.36,num_interact:391,Intrvl:15,num_users:566,errors:0
rt:18.02,through:23.6,tt:0.35,num_interact:354,Intrvl:15,num_users:528,errors:0
rt:17.05,through:24.33,tt:0.35,num_interact:365,Intrvl:15,num_users:498,errors:0
rt:15.97,through:25.33,tt:0.33,num_interact:380,Intrvl:15,num_users:507,errors:0
rt:15.57,through:25.2,tt:0.33,num_interact:378,Intrvl:15,num_users:498,errors:0
rt:15.45,through:22.87,tt:0.32,num_interact:343,Intrvl:15,num_users:442,errors:0
rt:14.71,through:25.4,tt:0.35,num_interact:382,Intrvl:15,num_users:491,errors:0
rt:15.37,through:26.47,tt:0.35,num_interact:397,Intrvl:15,num_users:560,errors:0
rt:17.45,through:26.53,tt:0.4,num_interact:398,Intrvl:15,num_users:588,errors:0
rt:18.71,through:21.07,tt:0.35,num_interact:316,Intrvl:15,num_users:505,errors:0
rt:17.8,through:25.07,tt:0.37,num_interact:376,Intrvl:15,num_users:518,errors:0
rt:16.65,through:24.93,tt:0.33,num_interact:374,Intrvl:15,num_users:501,errors:0
rt:16.4,through:23.4,tt:0.34,num_interact:351,Intrvl:15,num_users:461,errors:0
rt:15.51,through:25.47,tt:0.32,num_interact:382,Intrvl:15,num_users:536,errors:0
rt:16.67,through:25.4,tt:0.36,num_interact:381,Intrvl:15,num_users:522,errors:0
rt:16.9,through:20.6,tt:0.38,num_interact:309,Intrvl:15,num_users:430,errors:0
rt:14.96,through:24.87,tt:0.34,num_interact:373,Intrvl:15,num_users:536,errors:0
rt:16.97,through:25.67,tt:0.38,num_interact:385,Intrvl:15,num_users:651,errors:0
rt:19.75,through:22.67,tt:0.37,num_interact:340,Intrvl:15,num_users:563,errors:0
rt:20.24,through:24.13,tt:0.36,num_interact:362,Intrvl:15,num_users:623,errors:0
rt:20.39,through:20.47,tt:0.34,num_interact:307,Intrvl:15,num_users:511,errors:0
rt:18.99,through:24.8,tt:0.33,num_interact:372,Intrvl:15,num_users:578,errors:0
rt:18.1,through:23.67,tt:0.37,num_interact:355,Intrvl:15,num_users:529,errors:0
rt:18.28,through:23.47,tt:0.34,num_interact:352,Intrvl:15,num_users:505,errors:0
rt:16.85,through:25.53,tt:0.33,num_interact:383,Intrvl:15,num_users:585,errors:0
rt:18.15,through:19.93,tt:0.31,num_interact:299,Intrvl:15,num_users:466,errors:0
rt:16.91,through:25.2,tt:0.33,num_interact:378,Intrvl:15,num_users:532,errors:0
rt:16.99,through:25.33,tt:0.38,num_interact:380,Intrvl:15,num_users:542,errors:0
rt:17.37,through:26.07,tt:0.34,num_interact:391,Intrvl:15,num_users:620,errors:0
rt:18.86,through:22.53,tt:0.32,num_interact:338,Intrvl:15,num_users:552,errors:0
rt:19.18,through:24.67,tt:0.35,num_interact:372,Intrvl:15,num_users:547,errors:0
rt:18.11,through:25.6,tt:0.34,num_interact:384,Intrvl:15,num_users:550,errors:0
rt:17.66,through:24.07,tt:0.34,num_interact:361,Intrvl:15,num_users:508,errors:0
rt:17.19,through:23.53,tt:0.35,num_interact:353,Intrvl:15,num_users:491,errors:0
rt:16.85,through:25.27,tt:0.38,num_interact:379,Intrvl:15,num_users:617,errors:0
rt:18.8,through:26.53,tt:0.4,num_interact:398,Intrvl:15,num_users:627,errors:0
rt:20.74,through:25.2,tt:0.34,num_interact:378,Intrvl:15,num_users:605,errors:0
rt:20.54,through:25.33,tt:0.36,num_interact:380,Intrvl:15,num_users:668,errors:0
rt:20.99,through:20.27,tt:0.34,num_interact:304,Intrvl:15,num_users:549,errors:0
rt:20.93,through:24.47,tt:0.36,num_interact:367,Intrvl:15,num_users:571,errors:0
rt:18.95,through:26,tt:0.34,num_interact:390,Intrvl:15,num_users:584,errors:0
rt:19.17,through:26.2,tt:0.38,num_interact:393,Intrvl:15,num_users:587,errors:0
rt:18.86,through:22.87,tt:0.37,num_interact:343,Intrvl:15,num_users:529,errors:0
rt:18.35,through:24.87,tt:0.37,num_interact:373,Intrvl:15,num_users:556,errors:0
rt:18.14,through:26.07,tt:0.37,num_interact:391,Intrvl:15,num_users:612,errors:0
rt:19.68,through:23.8,tt:0.34,num_interact:357,Intrvl:15,num_users:571,errors:0
rt:19.14,through:25.6,tt:0.34,num_interact:384,Intrvl:15,num_users:571,errors:0
rt:18.59,through:23.87,tt:0.35,num_interact:358,Intrvl:15,num_users:526,errors:0
rt:17.97,through:25,tt:0.36,num_interact:375,Intrvl:15,num_users:620,errors:0
rt:19.54,through:25.33,tt:0.42,num_interact:380,Intrvl:15,num_users:679,errors:0
rt:21.46,through:20.67,tt:0.36,num_interact:310,Intrvl:15,num_users:564,errors:0
rt:21.37,through:23,tt:0.34,num_interact:345,Intrvl:15,num_users:535,errors:0
rt:18.52,through:25.2,tt:0.37,num_interact:378,Intrvl:15,num_users:606,errors:0
rt:19.41,through:26,tt:0.37,num_interact:390,Intrvl:15,num_users:629,errors:0
rt:20.43,through:22.6,tt:0.34,num_interact:339,Intrvl:15,num_users:568,errors:0
rt:19.73,through:25.6,tt:0.33,num_interact:384,Intrvl:15,num_users:659,errors:0
rt:20.86,through:24.53,tt:0.36,num_interact:368,Intrvl:15,num_users:624,errors:0
rt:21.41,through:23.33,tt:0.35,num_interact:350,Intrvl:15,num_users:592,errors:0
rt:20.6,through:25.87,tt:0.35,num_interact:390,Intrvl:15,num_users:616,errors:0
rt:19.83,through:26.07,tt:0.36,num_interact:391,Intrvl:15,num_users:612,errors:0
rt:20.34,through:25.47,tt:0.35,num_interact:382,Intrvl:15,num_users:608,errors:0
rt:20.34,through:25.8,tt:0.32,num_interact:389,Intrvl:15,num_users:617,errors:0
rt:20.01,through:25,tt:0.35,num_interact:375,Intrvl:15,num_users:599,errors:0
rt:19.99,through:21.33,tt:0.33,num_interact:320,Intrvl:15,num_users:498,errors:0
rt:18.23,through:23.8,tt:0.36,num_interact:357,Intrvl:15,num_users:564,errors:0
rt:18.43,through:25.87,tt:0.36,num_interact:388,Intrvl:15,num_users:591,errors:0
rt:18.73,through:26.2,tt:0.39,num_interact:393,Intrvl:15,num_users:648,errors:0
rt:20.11,through:19.73,tt:0.39,num_interact:296,Intrvl:15,num_users:531,errors:0
rt:20.19,through:24.4,tt:0.39,num_interact:366,Intrvl:15,num_users:714,errors:15
rt:21.25,through:25.53,tt:0.35,num_interact:386,Intrvl:15,num_users:690,errors:5
rt:21.25,through:28.2,tt:0.36,num_interact:423,Intrvl:15,num_users:641,errors:0
rt:39.68,through:122.73,tt:0.35,num_interact:1842,Intrvl:15,num_users:746,errors:1
rt:476.78,through:20.67,tt:0.34,num_interact:310,Intrvl:15,num_users:703,errors:0
rt:603.5,through:2.47,tt:0.34,num_interact:37,Intrvl:15,num_users:643,errors:0
rt:307.73,through:52.73,tt:0.37,num_interact:791,Intrvl:15,num_users:732,errors:8
rt:56.79,through:14.07,tt:0.35,num_interact:212,Intrvl:15,num_users:634,errors:0
rt:45.06,through:14,tt:0.31,num_interact:210,Intrvl:15,num_users:651,errors:0
rt:26.17,through:15.47,tt:0.39,num_interact:232,Intrvl:15,num_users:617,errors:0
rt:22.86,through:16.73,tt:0.34,num_interact:251,Intrvl:15,num_users:650,errors:0
rt:23.45,through:13.73,tt:0.35,num_interact:206,Intrvl:15,num_users:567,errors:0
rt:22.26,through:16.33,tt:0.34,num_interact:245,Intrvl:15,num_users:622,errors:0
rt:22.01,through:16.67,tt:0.35,num_interact:250,Intrvl:15,num_users:694,errors:0
rt:24.94,through:15.4,tt:0.39,num_interact:231,Intrvl:15,num_users:662,errors:0
rt:26.08,through:14.07,tt:0.37,num_interact:211,Intrvl:15,num_users:591,errors:0
rt:24.84,through:15.27,tt:0.33,num_interact:229,Intrvl:15,num_users:717,errors:0
rt:25.41,through:14.6,tt:0.36,num_interact:219,Intrvl:15,num_users:672,errors:0
rt:28.01,through:14.87,tt:0.35,num_interact:223,Intrvl:15,num_users:648,errors:0
rt:29.31,through:14.13,tt:0.32,num_interact:212,Intrvl:15,num_users:634,errors:0
rt:26.94,through:16.4,tt:0.36,num_interact:246,Intrvl:15,num_users:693,errors:0
rt:25.19,through:16.93,tt:0.35,num_interact:254,Intrvl:15,num_users:742,errors:0
rt:27.64,through:12.87,tt:0.32,num_interact:193,Intrvl:15,num_users:601,errors:0
rt:28.12,through:13,tt:0.35,num_interact:195,Intrvl:15,num_users:638,errors:0
rt:26.9,through:15.6,tt:0.33,num_interact:238,Intrvl:15,num_users:700,errors:0
rt:26.3,through:16.93,tt:0.37,num_interact:254,Intrvl:15,num_users:708,errors:0
rt:27.73,through:14.93,tt:0.35,num_interact:224,Intrvl:15,num_users:673,errors:0
rt:24.24,through:6.87,tt:0.4,num_interact:103,Intrvl:15,num_users:648,errors:0
rt:27.63,through:8.6,tt:0.3,num_interact:129,Intrvl:15,num_users:673,errors:0
rt:34.34,through:7.33,tt:0.3,num_interact:110,Intrvl:15,num_users:638,errors:45
rt:34.1,through:8.27,tt:0.4,num_interact:124,Intrvl:15,num_users:675,errors:83
rt:46.65,through:7.87,tt:0.33,num_interact:118,Intrvl:15,num_users:731,errors:17
rt:55.95,through:8.2,tt:0.36,num_interact:123,Intrvl:15,num_users:661,errors:59
rt:67.62,through:8.07,tt:0.32,num_interact:121,Intrvl:15,num_users:742,errors:0
rt:72.1,through:7.47,tt:0.35,num_interact:112,Intrvl:15,num_users:654,errors:3
rt:65.55,through:7.73,tt:0.37,num_interact:116,Intrvl:15,num_users:762,errors:0
rt:56.88,through:6.6,tt:0.33,num_interact:99,Intrvl:15,num_users:708,errors:1
rt:61.15,through:4.93,tt:0.31,num_interact:74,Intrvl:15,num_users:643,errors:7
rt:61.32,through:6.6,tt:0.3,num_interact:99,Intrvl:15,num_users:736,errors:0
rt:64.08,through:5.2,tt:0.35,num_interact:78,Intrvl:15,num_users:753,errors:9
rt:63.36,through:7.47,tt:0.33,num_interact:112,Intrvl:15,num_users:703,errors:0
rt:70.12,through:6.87,tt:0.34,num_interact:103,Intrvl:15,num_users:717,errors:6
rt:62.38,through:6.6,tt:0.41,num_interact:99,Intrvl:15,num_users:655,errors:0
rt:71.64,through:5.47,tt:0.31,num_interact:82,Intrvl:15,num_users:693,errors:15
rt:57.81,through:7.27,tt:0.37,num_interact:109,Intrvl:15,num_users:640,errors:0
rt:64.6,through:6.87,tt:0.37,num_interact:103,Intrvl:15,num_users:665,errors:10
rt:57.84,through:6.47,tt:0.31,num_interact:97,Intrvl:15,num_users:676,errors:0
rt:66.49,through:7.33,tt:0.34,num_interact:110,Intrvl:15,num_users:686,errors:15
rt:57.33,through:7.47,tt:0.32,num_interact:112,Intrvl:15,num_users:710,errors:0
rt:59.86,through:7.8,tt:0.36,num_interact:117,Intrvl:15,num_users:714,errors:21
rt:56.51,through:6.87,tt:0.39,num_interact:103,Intrvl:15,num_users:636,errors:0
rt:63.23,through:7.27,tt:0.34,num_interact:109,Intrvl:15,num_users:676,errors:18
rt:54.82,through:5.47,tt:0.38,num_interact:82,Intrvl:15,num_users:678,errors:2
rt:61.41,through:7.87,tt:0.35,num_interact:118,Intrvl:15,num_users:711,errors:8
rt:59.72,through:7.33,tt:0.39,num_interact:110,Intrvl:15,num_users:697,errors:5
rt:63.02,through:8.33,tt:0.4,num_interact:125,Intrvl:15,num_users:741,errors:1
rt:60.24,through:7.53,tt:0.33,num_interact:113,Intrvl:15,num_users:791,errors:23
rt:56.57,through:7.13,tt:0.32,num_interact:107,Intrvl:15,num_users:826,errors:0
rt:62.07,through:8.07,tt:0.37,num_interact:121,Intrvl:15,num_users:739,errors:18
rt:59.57,through:5.87,tt:0.4,num_interact:88,Intrvl:15,num_users:676,errors:2
rt:74.63,through:5.53,tt:0.27,num_interact:83,Intrvl:15,num_users:644,errors:11
rt:67.39,through:5.33,tt:0.33,num_interact:80,Intrvl:15,num_users:672,errors:0
rt:71.45,through:7.07,tt:0.28,num_interact:106,Intrvl:15,num_users:661,errors:5
rt:66.71,through:6.07,tt:0.38,num_interact:91,Intrvl:15,num_users:602,errors:2
rt:65.62,through:6.73,tt:0.36,num_interact:101,Intrvl:15,num_users:666,errors:3
rt:59.64,through:5.87,tt:0.38,num_interact:88,Intrvl:15,num_users:654,errors:10
rt:58.59,through:7.67,tt:0.32,num_interact:115,Intrvl:15,num_users:713,errors:0
rt:59,through:6.87,tt:0.43,num_interact:103,Intrvl:15,num_users:655,errors:14
rt:59.89,through:8.13,tt:0.4,num_interact:122,Intrvl:15,num_users:697,errors:0
rt:61.65,through:5.2,tt:0.35,num_interact:78,Intrvl:15,num_users:732,errors:18
rt:60.52,through:7.6,tt:0.37,num_interact:114,Intrvl:15,num_users:671,errors:0
rt:61.86,through:7.4,tt:0.34,num_interact:111,Intrvl:15,num_users:704,errors:8
rt:54.48,through:5.93,tt:0.41,num_interact:89,Intrvl:15,num_users:641,errors:0
rt:73.22,through:6.53,tt:0.38,num_interact:98,Intrvl:15,num_users:657,errors:16
rt:58.37,through:6.87,tt:0.26,num_interact:103,Intrvl:15,num_users:685,errors:0
rt:62.99,through:6.47,tt:0.29,num_interact:97,Intrvl:15,num_users:722,errors:15
rt:56.18,through:7.33,tt:0.35,num_interact:110,Intrvl:15,num_users:718,errors:2
rt:65.29,through:8.6,tt:0.36,num_interact:129,Intrvl:15,num_users:732,errors:0
rt:59.87,through:6.87,tt:0.41,num_interact:103,Intrvl:15,num_users:699,errors:18
rt:63.55,through:7.87,tt:0.37,num_interact:118,Intrvl:15,num_users:708,errors:0
rt:59.89,through:6.6,tt:0.37,num_interact:99,Intrvl:15,num_users:654,errors:15
rt:63.16,through:6.73,tt:0.32,num_interact:101,Intrvl:15,num_users:633,errors:0
rt:65.34,through:6.53,tt:0.38,num_interact:98,Intrvl:15,num_users:692,errors:8
rt:54.69,through:6.27,tt:0.43,num_interact:94,Intrvl:15,num_users:610,errors:0
rt:60.43,through:8.07,tt:0.35,num_interact:121,Intrvl:15,num_users:638,errors:13
rt:55.6,through:4.67,tt:0.44,num_interact:70,Intrvl:15,num_users:673,errors:1
rt:60.99,through:6.53,tt:0.36,num_interact:98,Intrvl:15,num_users:664,errors:9
rt:57.41,through:8.27,tt:0.39,num_interact:124,Intrvl:15,num_users:697,errors:2
rt:59.38,through:8.13,tt:0.33,num_interact:122,Intrvl:15,num_users:694,errors:0
rt:56.29,through:7.93,tt:0.39,num_interact:119,Intrvl:15,num_users:774,errors:18
rt:54.22,through:8.6,tt:0.43,num_interact:129,Intrvl:15,num_users:685,errors:0
rt:40.12,through:15.2,tt:0.37,num_interact:228,Intrvl:15,num_users:692,errors:17
rt:32.88,through:13.87,tt:0.3,num_interact:208,Intrvl:15,num_users:647,errors:0
rt:32.91,through:14.8,tt:0.36,num_interact:222,Intrvl:15,num_users:658,errors:7
rt:26.81,through:16.27,tt:0.36,num_interact:244,Intrvl:15,num_users:673,errors:0
rt:30.58,through:14.67,tt:0.38,num_interact:220,Intrvl:15,num_users:594,errors:1
rt:23.37,through:14.6,tt:0.34,num_interact:219,Intrvl:15,num_users:641,errors:0
rt:26.31,through:14.67,tt:0.31,num_interact:220,Intrvl:15,num_users:584,errors:2
rt:22.17,through:15.8,tt:0.34,num_interact:237,Intrvl:15,num_users:629,errors:0
rt:25,through:15.67,tt:0.38,num_interact:235,Intrvl:15,num_users:679,errors:1
rt:24.86,through:14.93,tt:0.34,num_interact:224,Intrvl:15,num_users:578,errors:0
rt:22.19,through:13.2,tt:0.32,num_interact:198,Intrvl:15,num_users:595,errors:1
rt:24.84,through:15.47,tt:0.37,num_interact:232,Intrvl:15,num_users:606,errors:0
rt:22.85,through:17.13,tt:0.36,num_interact:257,Intrvl:15,num_users:720,errors:0
rt:26.13,through:16.87,tt:0.39,num_interact:253,Intrvl:15,num_users:704,errors:0
rt:25.32,through:16.27,tt:0.35,num_interact:244,Intrvl:15,num_users:690,errors:0
rt:27.07,through:15,tt:0.34,num_interact:225,Intrvl:15,num_users:655,errors:1
rt:28.75,through:15.87,tt:0.34,num_interact:238,Intrvl:15,num_users:613,errors:0
rt:23.71,through:14.47,tt:0.37,num_interact:217,Intrvl:15,num_users:708,errors:0
rt:27.17,through:17.2,tt:0.35,num_interact:258,Intrvl:15,num_users:715,errors:3
rt:28.33,through:14,tt:0.38,num_interact:210,Intrvl:15,num_users:651,errors:0
rt:26.69,through:16.07,tt:0.37,num_interact:241,Intrvl:15,num_users:661,errors:0
rt:27.05,through:16.6,tt:0.33,num_interact:249,Intrvl:15,num_users:701,errors:0
rt:26.5,through:16.73,tt:0.35,num_interact:251,Intrvl:15,num_users:686,errors:0
rt:27.57,through:16.53,tt:0.35,num_interact:248,Intrvl:15,num_users:704,errors:0
rt:27.82,through:15.67,tt:0.32,num_interact:235,Intrvl:15,num_users:669,errors:0
rt:25.56,through:14.73,tt:0.32,num_interact:221,Intrvl:15,num_users:631,errors:0
rt:26.36,through:16.33,tt:0.36,num_interact:245,Intrvl:15,num_users:671,errors:0
rt:25.68,through:17.2,tt:0.34,num_interact:258,Intrvl:15,num_users:720,errors:0
rt:26.82,through:15.4,tt:0.34,num_interact:231,Intrvl:15,num_users:680,errors:0
rt:27.91,through:16.6,tt:0.37,num_interact:249,Intrvl:15,num_users:708,errors:0
rt:26.74,through:13.87,tt:0.38,num_interact:208,Intrvl:15,num_users:631,errors:0
rt:26.73,through:15.73,tt:0.32,num_interact:236,Intrvl:15,num_users:700,errors:0
rt:27.92,through:13.4,tt:0.32,num_interact:201,Intrvl:15,num_users:613,errors:0
rt:25.7,through:14.4,tt:0.33,num_interact:216,Intrvl:15,num_users:676,errors:0
rt:27.55,through:16.6,tt:0.36,num_interact:249,Intrvl:15,num_users:679,errors:0
rt:26.85,through:16.73,tt:0.4,num_interact:251,Intrvl:15,num_users:676,errors:0
rt:26.16,through:16.67,tt:0.36,num_interact:250,Intrvl:15,num_users:739,errors:0
rt:28.4,through:16.07,tt:0.34,num_interact:241,Intrvl:15,num_users:710,errors:0
rt:28.14,through:15.93,tt:0.38,num_interact:239,Intrvl:15,num_users:735,errors:1
rt:29.05,through:13.07,tt:0.32,num_interact:196,Intrvl:15,num_users:609,errors:0
rt:27.06,through:14.4,tt:0.36,num_interact:216,Intrvl:15,num_users:710,errors:0
rt:28.04,through:15.47,tt:0.33,num_interact:232,Intrvl:15,num_users:699,errors:0
rt:28.46,through:16.33,tt:0.38,num_interact:245,Intrvl:15,num_users:687,errors:0
rt:28.3,through:16.8,tt:0.33,num_interact:252,Intrvl:15,num_users:755,errors:0
rt:28.27,through:16.53,tt:0.36,num_interact:248,Intrvl:15,num_users:806,errors:0
rt:29.88,through:16.8,tt:0.36,num_interact:252,Intrvl:15,num_users:797,errors:0
rt:31.82,through:16.53,tt:0.37,num_interact:248,Intrvl:15,num_users:770,errors:0
rt:31.6,through:13.93,tt:0.34,num_interact:209,Intrvl:15,num_users:659,errors:0
rt:29.93,through:13.33,tt:0.36,num_interact:200,Intrvl:15,num_users:640,errors:0
rt:28.96,through:15.6,tt:0.34,num_interact:234,Intrvl:15,num_users:749,errors:0
rt:29.96,through:11.73,tt:0.36,num_interact:176,Intrvl:15,num_users:575,errors:0
rt:27.8,through:12.8,tt:0.36,num_interact:192,Intrvl:15,num_users:792,errors:0
rt:29.1,through:13.2,tt:0.4,num_interact:198,Intrvl:15,num_users:699,errors:0
rt:31.39,through:14.93,tt:0.37,num_interact:224,Intrvl:15,num_users:728,errors:0
rt:31.67,through:15.87,tt:0.38,num_interact:238,Intrvl:15,num_users:717,errors:0
rt:29.56,through:14.73,tt:0.34,num_interact:221,Intrvl:15,num_users:669,errors:0
rt:28.97,through:16.47,tt:0.36,num_interact:247,Intrvl:15,num_users:699,errors:0
rt:27.33,through:15.2,tt:0.34,num_interact:228,Intrvl:15,num_users:643,errors:0
rt:26.73,through:15.27,tt:0.38,num_interact:229,Intrvl:15,num_users:685,errors:0
rt:27.63,through:14.93,tt:0.37,num_interact:224,Intrvl:15,num_users:630,errors:0
rt:24.58,through:15.47,tt:0.34,num_interact:232,Intrvl:15,num_users:734,errors:0
rt:27.08,through:15.93,tt:0.32,num_interact:239,Intrvl:15,num_users:692,errors:0
rt:29.38,through:16.2,tt:0.36,num_interact:243,Intrvl:15,num_users:724,errors:0
rt:29.1,through:13.93,tt:0.33,num_interact:209,Intrvl:15,num_users:651,errors:0
rt:26.6,through:15.53,tt:0.37,num_interact:233,Intrvl:15,num_users:662,errors:0
rt:27.31,through:15.33,tt:0.34,num_interact:230,Intrvl:15,num_users:627,errors:0
rt:25.38,through:15.6,tt:0.31,num_interact:234,Intrvl:15,num_users:610,errors:0
rt:23.13,through:16.8,tt:0.39,num_interact:252,Intrvl:15,num_users:673,errors:0
rt:24.92,through:16,tt:0.38,num_interact:242,Intrvl:15,num_users:661,errors:0
rt:25.33,through:16.93,tt:0.35,num_interact:254,Intrvl:15,num_users:714,errors:10
rt:21.81,through:20.07,tt:0.34,num_interact:301,Intrvl:15,num_users:651,errors:0
rt:17.84,through:22.47,tt:0.37,num_interact:337,Intrvl:15,num_users:616,errors:0
rt:17.29,through:23.73,tt:0.36,num_interact:356,Intrvl:15,num_users:687,errors:0
rt:18.28,through:24.6,tt:0.35,num_interact:369,Intrvl:15,num_users:693,errors:0
rt:18.31,through:22.87,tt:0.38,num_interact:343,Intrvl:15,num_users:652,errors:0
rt:17.94,through:24.47,tt:0.35,num_interact:367,Intrvl:15,num_users:736,errors:0
rt:18.52,through:21.47,tt:0.4,num_interact:322,Intrvl:15,num_users:648,errors:0
rt:17.63,through:23.87,tt:0.38,num_interact:358,Intrvl:15,num_users:671,errors:0
rt:18.34,through:25.33,tt:0.41,num_interact:380,Intrvl:15,num_users:745,errors:0
rt:19.53,through:23.6,tt:0.36,num_interact:354,Intrvl:15,num_users:699,errors:0
rt:18.2,through:24.47,tt:0.35,num_interact:367,Intrvl:15,num_users:689,errors:0
rt:18.64,through:25.27,tt:0.35,num_interact:379,Intrvl:15,num_users:697,errors:0
rt:17.73,through:24.73,tt:0.34,num_interact:371,Intrvl:15,num_users:683,errors:0
rt:18.12,through:24.73,tt:0.36,num_interact:371,Intrvl:15,num_users:710,errors:0
rt:18.41,through:25,tt:0.33,num_interact:375,Intrvl:15,num_users:675,errors:0
rt:17.47,through:24.27,tt:0.36,num_interact:364,Intrvl:15,num_users:672,errors:0
rt:17.03,through:25.47,tt:0.34,num_interact:382,Intrvl:15,num_users:671,errors:0
rt:17.49,through:23.67,tt:0.38,num_interact:355,Intrvl:15,num_users:640,errors:0
rt:15.8,through:20.53,tt:0.36,num_interact:308,Intrvl:15,num_users:567,errors:0
rt:14.56,through:25.47,tt:0.37,num_interact:382,Intrvl:15,num_users:592,errors:0
rt:13.92,through:24.67,tt:0.33,num_interact:370,Intrvl:15,num_users:598,errors:0
rt:14.09,through:24.8,tt:0.36,num_interact:372,Intrvl:15,num_users:546,errors:0
rt:13.78,through:24.53,tt:0.34,num_interact:368,Intrvl:15,num_users:648,errors:0
rt:16.32,through:25.67,tt:0.37,num_interact:385,Intrvl:15,num_users:707,errors:0
rt:17.05,through:19.8,tt:0.32,num_interact:298,Intrvl:15,num_users:599,errors:0
rt:16.61,through:23.47,tt:0.37,num_interact:352,Intrvl:15,num_users:664,errors:0
rt:17.71,through:25.8,tt:0.35,num_interact:387,Intrvl:15,num_users:721,errors:0
rt:18.9,through:25.2,tt:0.36,num_interact:378,Intrvl:15,num_users:774,errors:0
rt:20.22,through:19.8,tt:0.34,num_interact:297,Intrvl:15,num_users:634,errors:0
rt:17.93,through:21.53,tt:0.37,num_interact:323,Intrvl:15,num_users:596,errors:0
rt:15.88,through:24.4,tt:0.37,num_interact:366,Intrvl:15,num_users:683,errors:0
rt:17.31,through:22.2,tt:0.34,num_interact:333,Intrvl:15,num_users:627,errors:0
rt:16.16,through:23.8,tt:0.35,num_interact:357,Intrvl:15,num_users:599,errors:0
rt:15.33,through:24.93,tt:0.38,num_interact:374,Intrvl:15,num_users:651,errors:0
rt:16.6,through:25.53,tt:0.35,num_interact:383,Intrvl:15,num_users:655,errors:0
rt:16.49,through:24.73,tt:0.35,num_interact:371,Intrvl:15,num_users:648,errors:0
rt:15.86,through:24.2,tt:0.32,num_interact:363,Intrvl:15,num_users:606,errors:0
rt:15.74,through:24.93,tt:0.37,num_interact:374,Intrvl:15,num_users:633,errors:0
rt:15.1,through:26.6,tt:0.37,num_interact:399,Intrvl:15,num_users:640,errors:0
rt:16.1,through:23.87,tt:0.36,num_interact:358,Intrvl:15,num_users:623,errors:0
rt:15.7,through:25.4,tt:0.35,num_interact:392,Intrvl:15,num_users:622,errors:0
rt:15.1,through:25.93,tt:0.37,num_interact:389,Intrvl:15,num_users:624,errors:0
rt:15.14,through:25.07,tt:0.39,num_interact:376,Intrvl:15,num_users:603,errors:0
rt:14.63,through:24.6,tt:0.37,num_interact:369,Intrvl:15,num_users:623,errors:0
rt:14.89,through:27,tt:0.34,num_interact:410,Intrvl:15,num_users:647,errors:10
rt:14.47,through:25.4,tt:0.38,num_interact:387,Intrvl:15,num_users:587,errors:0
rt:11.8,through:31.53,tt:0.35,num_interact:473,Intrvl:15,num_users:574,errors:0
rt:10.19,through:31.73,tt:0.36,num_interact:476,Intrvl:15,num_users:543,errors:0
rt:10.75,through:32.87,tt:0.37,num_interact:493,Intrvl:15,num_users:644,errors:0
rt:10.86,through:30.73,tt:0.34,num_interact:461,Intrvl:15,num_users:566,errors:0
rt:10.18,through:32.8,tt:0.38,num_interact:492,Intrvl:15,num_users:554,errors:0
rt:9.61,through:32.47,tt:0.38,num_interact:487,Intrvl:15,num_users:598,errors:0
rt:10.69,through:30.2,tt:0.33,num_interact:453,Intrvl:15,num_users:543,errors:0
rt:9.92,through:33.47,tt:0.35,num_interact:502,Intrvl:15,num_users:595,errors:0
rt:9.87,through:31.2,tt:0.34,num_interact:468,Intrvl:15,num_users:556,errors:0
rt:10.21,through:33.33,tt:0.33,num_interact:500,Intrvl:15,num_users:542,errors:0
rt:9.2,through:33.4,tt:0.37,num_interact:521,Intrvl:15,num_users:545,errors:0
rt:9.1,through:32.67,tt:0.35,num_interact:490,Intrvl:15,num_users:542,errors:0
rt:10.48,through:35.13,tt:0.36,num_interact:527,Intrvl:15,num_users:622,errors:0
rt:10.71,through:31.53,tt:0.36,num_interact:473,Intrvl:15,num_users:591,errors:0
rt:11.12,through:33.27,tt:0.34,num_interact:499,Intrvl:15,num_users:580,errors:0
rt:10.93,through:33.4,tt:0.37,num_interact:503,Intrvl:15,num_users:661,errors:0
rt:12.83,through:32.27,tt:0.35,num_interact:493,Intrvl:15,num_users:652,errors:0
rt:11.9,through:32,tt:0.36,num_interact:480,Intrvl:15,num_users:599,errors:0
rt:11.02,through:32.67,tt:0.36,num_interact:490,Intrvl:15,num_users:630,errors:0
rt:13.88,through:22.8,tt:0.38,num_interact:550,Intrvl:15,num_users:783,errors:0
rt:625.45,through:3.07,tt:0.37,num_interact:46,Intrvl:15,num_users:636,errors:0
rt:487.37,through:1.6,tt:0.34,num_interact:24,Intrvl:15,num_users:707,errors:0
rt:451.18,through:1.47,tt:0.49,num_interact:22,Intrvl:15,num_users:657,errors:1
rt:214.32,through:52.33,tt:0.35,num_interact:795,Intrvl:15,num_users:687,errors:2
rt:7.9,through:32.73,tt:0.34,num_interact:491,Intrvl:15,num_users:605,errors:0
rt:6.13,through:33.8,tt:0.34,num_interact:507,Intrvl:15,num_users:592,errors:0
rt:6.02,through:33.4,tt:0.37,num_interact:501,Intrvl:15,num_users:595,errors:0
rt:6.47,through:34.6,tt:0.35,num_interact:519,Intrvl:15,num_users:626,errors:0
rt:6.89,through:33.93,tt:0.36,num_interact:509,Intrvl:15,num_users:643,errors:0
rt:7.52,through:32.13,tt:0.35,num_interact:482,Intrvl:15,num_users:627,errors:0
rt:7.3,through:33.6,tt:0.35,num_interact:504,Intrvl:15,num_users:627,errors:0
rt:6.28,through:30.2,tt:0.36,num_interact:453,Intrvl:15,num_users:567,errors:0
rt:6.02,through:34.13,tt:0.37,num_interact:514,Intrvl:15,num_users:589,errors:0
rt:6.48,through:34.73,tt:0.35,num_interact:521,Intrvl:15,num_users:626,errors:0
rt:7.13,through:32.2,tt:0.35,num_interact:485,Intrvl:15,num_users:606,errors:0
rt:5.9,through:33.2,tt:0.41,num_interact:498,Intrvl:15,num_users:571,errors:0
rt:5.19,through:33.47,tt:0.33,num_interact:502,Intrvl:15,num_users:568,errors:0
rt:5.58,through:34.93,tt:0.33,num_interact:524,Intrvl:15,num_users:568,errors:0
rt:5.82,through:34.27,tt:0.35,num_interact:514,Intrvl:15,num_users:582,errors:0
rt:5.66,through:33.53,tt:0.36,num_interact:503,Intrvl:15,num_users:584,errors:0
rt:5.34,through:29.4,tt:0.33,num_interact:441,Intrvl:15,num_users:505,errors:0
rt:6.37,through:32.07,tt:0.35,num_interact:481,Intrvl:15,num_users:592,errors:0
rt:8.09,through:34.6,tt:0.37,num_interact:519,Intrvl:15,num_users:662,errors:0
rt:8.71,through:28.4,tt:0.35,num_interact:426,Intrvl:15,num_users:581,errors:0
rt:8.87,through:32.33,tt:0.36,num_interact:485,Intrvl:15,num_users:711,errors:0
rt:12.12,through:25.13,tt:0.39,num_interact:377,Intrvl:15,num_users:750,errors:0
rt:19.51,through:2.53,tt:0.33,num_interact:38,Intrvl:15,num_users:704,errors:0
rt:33.81,through:1.73,tt:0.44,num_interact:26,Intrvl:15,num_users:638,errors:0
rt:55,through:1.67,tt:0.25,num_interact:25,Intrvl:15,num_users:627,errors:0
rt:52.49,through:2.07,tt:0.37,num_interact:31,Intrvl:15,num_users:608,errors:0
rt:62.17,through:2.07,tt:0.27,num_interact:31,Intrvl:15,num_users:631,errors:0
rt:126.64,through:37.4,tt:0.35,num_interact:561,Intrvl:15,num_users:666,errors:0
rt:135.25,through:5.8,tt:0.42,num_interact:87,Intrvl:15,num_users:557,errors:0
rt:40.65,through:28.4,tt:0.39,num_interact:426,Intrvl:15,num_users:668,errors:0
rt:10.87,through:28.13,tt:0.33,num_interact:422,Intrvl:15,num_users:633,errors:0
rt:9.73,through:23.93,tt:0.3,num_interact:360,Intrvl:15,num_users:609,errors:0
rt:10.48,through:26.4,tt:0.37,num_interact:396,Intrvl:15,num_users:638,errors:0
rt:11.37,through:21.73,tt:0.35,num_interact:329,Intrvl:15,num_users:595,errors:0
rt:10.94,through:24.07,tt:0.36,num_interact:361,Intrvl:15,num_users:592,errors:0
rt:9.49,through:27.07,tt:0.33,num_interact:406,Intrvl:15,num_users:633,errors:0
rt:11.2,through:23.33,tt:0.36,num_interact:350,Intrvl:15,num_users:617,errors:0
rt:11.93,through:25.13,tt:0.37,num_interact:377,Intrvl:15,num_users:624,errors:0
rt:10.75,through:23.8,tt:0.34,num_interact:357,Intrvl:15,num_users:599,errors:0
rt:10.58,through:21.27,tt:0.37,num_interact:319,Intrvl:15,num_users:557,errors:0
rt:9.09,through:25.33,tt:0.34,num_interact:380,Intrvl:15,num_users:605,errors:0
rt:10.11,through:26.47,tt:0.36,num_interact:401,Intrvl:15,num_users:666,errors:0
rt:12.01,through:25.6,tt:0.36,num_interact:384,Intrvl:15,num_users:658,errors:0
rt:12.87,through:20.93,tt:0.34,num_interact:314,Intrvl:15,num_users:601,errors:0
rt:11.08,through:24.07,tt:0.34,num_interact:361,Intrvl:15,num_users:608,errors:0
rt:10.64,through:24.67,tt:0.36,num_interact:370,Intrvl:15,num_users:605,errors:0
rt:10.74,through:21.93,tt:0.37,num_interact:329,Intrvl:15,num_users:557,errors:0
rt:9.3,through:26.6,tt:0.39,num_interact:399,Intrvl:15,num_users:665,errors:0
rt:11.27,through:24.27,tt:0.36,num_interact:364,Intrvl:15,num_users:644,errors:0
rt:11.48,through:20.87,tt:0.35,num_interact:313,Intrvl:15,num_users:585,errors:0
rt:10.83,through:20,tt:0.32,num_interact:300,Intrvl:15,num_users:540,errors:0
rt:9.09,through:28.2,tt:0.36,num_interact:423,Intrvl:15,num_users:638,errors:0
rt:10.69,through:24.8,tt:0.38,num_interact:372,Intrvl:15,num_users:659,errors:0
rt:12.27,through:15.53,tt:0.33,num_interact:233,Intrvl:15,num_users:531,errors:0
rt:9.27,through:26.6,tt:0.39,num_interact:399,Intrvl:15,num_users:640,errors:0
rt:11.07,through:19.6,tt:0.37,num_interact:294,Intrvl:15,num_users:570,errors:0
rt:10.68,through:23.13,tt:0.37,num_interact:347,Intrvl:15,num_users:566,errors:0
rt:8.89,through:26.6,tt:0.38,num_interact:399,Intrvl:15,num_users:627,errors:0
rt:9.79,through:16.47,tt:0.36,num_interact:247,Intrvl:15,num_users:602,errors:0
rt:6.47,through:13.4,tt:0.33,num_interact:201,Intrvl:15,num_users:547,errors:0
rt:7.54,through:20,tt:0.41,num_interact:300,Intrvl:15,num_users:634,errors:11
rt:11.75,through:21.67,tt:0.34,num_interact:325,Intrvl:15,num_users:645,errors:63
rt:18.17,through:22.13,tt:0.35,num_interact:332,Intrvl:15,num_users:687,errors:34
rt:15.04,through:16.6,tt:0.36,num_interact:249,Intrvl:15,num_users:636,errors:0
rt:18.94,through:16.27,tt:0.35,num_interact:244,Intrvl:15,num_users:652,errors:0
rt:20.2,through:16.4,tt:0.36,num_interact:246,Intrvl:15,num_users:634,errors:0
rt:20.5,through:17.2,tt:0.38,num_interact:258,Intrvl:15,num_users:641,errors:5
rt:17.38,through:16.27,tt:0.38,num_interact:244,Intrvl:15,num_users:644,errors:0
rt:19.23,through:16.73,tt:0.39,num_interact:251,Intrvl:15,num_users:725,errors:6
rt:21.9,through:15.33,tt:0.35,num_interact:231,Intrvl:15,num_users:676,errors:6
rt:16.66,through:12.73,tt:0.33,num_interact:191,Intrvl:15,num_users:623,errors:0
rt:19.17,through:14.8,tt:0.36,num_interact:222,Intrvl:15,num_users:692,errors:12
rt:21.76,through:16.2,tt:0.38,num_interact:243,Intrvl:15,num_users:771,errors:0
rt:24.35,through:15.33,tt:0.38,num_interact:230,Intrvl:15,num_users:720,errors:15
rt:21.23,through:13.13,tt:0.36,num_interact:197,Intrvl:15,num_users:665,errors:0
rt:19.37,through:13.73,tt:0.32,num_interact:206,Intrvl:15,num_users:612,errors:7
rt:18.17,through:14.6,tt:0.31,num_interact:219,Intrvl:15,num_users:612,errors:0
rt:19.1,through:15.93,tt:0.35,num_interact:239,Intrvl:15,num_users:650,errors:17
rt:17.66,through:15.67,tt:0.38,num_interact:235,Intrvl:15,num_users:680,errors:0
rt:22.14,through:16.8,tt:0.38,num_interact:252,Intrvl:15,num_users:750,errors:27
rt:24.07,through:13.73,tt:0.33,num_interact:206,Intrvl:15,num_users:668,errors:0
rt:20.48,through:13.8,tt:0.35,num_interact:207,Intrvl:15,num_users:589,errors:20
rt:19.01,through:11.73,tt:0.42,num_interact:176,Intrvl:15,num_users:657,errors:0
rt:20,through:13.93,tt:0.32,num_interact:209,Intrvl:15,num_users:566,errors:2
rt:18.99,through:14.07,tt:0.4,num_interact:211,Intrvl:15,num_users:616,errors:6
rt:17.29,through:14.67,tt:0.33,num_interact:220,Intrvl:15,num_users:675,errors:0
rt:18.09,through:16.53,tt:0.37,num_interact:248,Intrvl:15,num_users:643,errors:2
rt:17.43,through:10.8,tt:0.38,num_interact:162,Intrvl:15,num_users:567,errors:0
rt:18.62,through:13.33,tt:0.4,num_interact:200,Intrvl:15,num_users:568,errors:13
rt:14.73,through:18.73,tt:0.37,num_interact:281,Intrvl:15,num_users:707,errors:0
rt:19.9,through:16.4,tt:0.4,num_interact:246,Intrvl:15,num_users:725,errors:5
rt:17.26,through:12.67,tt:0.34,num_interact:190,Intrvl:15,num_users:627,errors:0
rt:18.39,through:13.93,tt:0.37,num_interact:209,Intrvl:15,num_users:609,errors:5
rt:17.78,through:16.13,tt:0.35,num_interact:242,Intrvl:15,num_users:634,errors:0
rt:18.96,through:12.33,tt:0.33,num_interact:185,Intrvl:15,num_users:543,errors:14
rt:12.7,through:14.47,tt:0.39,num_interact:219,Intrvl:15,num_users:622,errors:0
rt:17.24,through:15.8,tt:0.34,num_interact:237,Intrvl:15,num_users:617,errors:8
rt:16.12,through:11.93,tt:0.35,num_interact:179,Intrvl:15,num_users:570,errors:0
rt:17.81,through:16.4,tt:0.35,num_interact:246,Intrvl:15,num_users:589,errors:8
rt:12.64,through:17.73,tt:0.38,num_interact:266,Intrvl:15,num_users:624,errors:0
rt:17.33,through:15.4,tt:0.39,num_interact:231,Intrvl:15,num_users:584,errors:3
rt:13.22,through:15.13,tt:0.34,num_interact:227,Intrvl:15,num_users:596,errors:0
rt:17.36,through:12.47,tt:0.37,num_interact:187,Intrvl:15,num_users:526,errors:6
rt:13.35,through:16.07,tt:0.35,num_interact:241,Intrvl:15,num_users:619,errors:7
rt:15.49,through:17.73,tt:0.39,num_interact:266,Intrvl:15,num_users:666,errors:0
rt:13.37,through:23.53,tt:0.34,num_interact:353,Intrvl:15,num_users:606,errors:0
rt:12.02,through:24.2,tt:0.38,num_interact:363,Intrvl:15,num_users:701,errors:0
rt:13.68,through:21.73,tt:0.39,num_interact:326,Intrvl:15,num_users:644,errors:0
rt:10.51,through:23.07,tt:0.35,num_interact:346,Intrvl:15,num_users:592,errors:0
rt:9.06,through:24.93,tt:0.34,num_interact:374,Intrvl:15,num_users:591,errors:0
rt:12.09,through:22.67,tt:0.36,num_interact:340,Intrvl:15,num_users:630,errors:0
rt:11.84,through:25.73,tt:0.37,num_interact:386,Intrvl:15,num_users:658,errors:0
rt:11.88,through:25,tt:0.35,num_interact:375,Intrvl:15,num_users:645,errors:1
rt:9.4,through:24.53,tt:0.36,num_interact:368,Intrvl:15,num_users:571,errors:0
rt:9.02,through:23.6,tt:0.34,num_interact:354,Intrvl:15,num_users:588,errors:0
rt:11.67,through:23.8,tt:0.38,num_interact:357,Intrvl:15,num_users:651,errors:0
rt:11.61,through:24.93,tt:0.35,num_interact:374,Intrvl:15,num_users:655,errors:0
rt:11.94,through:25.2,tt:0.35,num_interact:378,Intrvl:15,num_users:641,errors:0
rt:12.92,through:25,tt:0.35,num_interact:375,Intrvl:15,num_users:666,errors:0
rt:12.76,through:25.33,tt:0.34,num_interact:380,Intrvl:15,num_users:692,errors:0
rt:12.39,through:22.13,tt:0.33,num_interact:332,Intrvl:15,num_users:609,errors:0
rt:10.56,through:24.13,tt:0.36,num_interact:362,Intrvl:15,num_users:608,errors:0
rt:12.34,through:24.87,tt:0.37,num_interact:373,Intrvl:15,num_users:715,errors:0
rt:12.69,through:21.33,tt:0.35,num_interact:320,Intrvl:15,num_users:601,errors:0
rt:10.17,through:22.53,tt:0.38,num_interact:338,Intrvl:15,num_users:626,errors:0
rt:11.81,through:25.47,tt:0.34,num_interact:382,Intrvl:15,num_users:644,errors:0
rt:12.44,through:25.8,tt:0.36,num_interact:387,Intrvl:15,num_users:624,errors:0
rt:7.64,through:13.13,tt:0.36,num_interact:197,Intrvl:15,num_users:400,errors:0
rt:9.51,through:22.8,tt:0.37,num_interact:342,Intrvl:15,num_users:482,errors:0
rt:6.15,through:17.4,tt:0.34,num_interact:261,Intrvl:15,num_users:398,errors:0
rt:5.91,through:22.67,tt:0.37,num_interact:340,Intrvl:15,num_users:449,errors:0
rt:7.51,through:25.53,tt:0.34,num_interact:383,Intrvl:15,num_users:444,errors:0
rt:6.8,through:19.67,tt:0.36,num_interact:295,Intrvl:15,num_users:403,errors:0
rt:7.86,through:23.87,tt:0.38,num_interact:358,Intrvl:15,num_users:486,errors:0
rt:7.3,through:24.73,tt:0.41,num_interact:371,Intrvl:15,num_users:461,errors:9
rt:7.03,through:24,tt:0.33,num_interact:360,Intrvl:15,num_users:447,errors:0
rt:7.46,through:31.07,tt:0.37,num_interact:466,Intrvl:15,num_users:529,errors:0
rt:6.58,through:32.27,tt:0.36,num_interact:484,Intrvl:15,num_users:480,errors:0
rt:5.25,through:30.6,tt:0.38,num_interact:459,Intrvl:15,num_users:440,errors:0
rt:4.53,through:32.27,tt:0.35,num_interact:484,Intrvl:15,num_users:423,errors:0
rt:4.63,through:33.93,tt:0.37,num_interact:509,Intrvl:15,num_users:433,errors:0
rt:5.35,through:33.13,tt:0.36,num_interact:497,Intrvl:15,num_users:463,errors:0
rt:5.47,through:34.2,tt:0.34,num_interact:513,Intrvl:15,num_users:475,errors:0
rt:4.64,through:30.87,tt:0.35,num_interact:463,Intrvl:15,num_users:409,errors:0
rt:5.85,through:30.8,tt:0.38,num_interact:462,Intrvl:15,num_users:479,errors:0
rt:4.91,through:32.8,tt:0.34,num_interact:492,Intrvl:15,num_users:441,errors:0
rt:5.18,through:34.33,tt:0.36,num_interact:515,Intrvl:15,num_users:452,errors:0
rt:5.09,through:33.73,tt:0.33,num_interact:506,Intrvl:15,num_users:458,errors:0
rt:5.05,through:32.4,tt:0.36,num_interact:486,Intrvl:15,num_users:437,errors:0
rt:4.02,through:31.67,tt:0.34,num_interact:475,Intrvl:15,num_users:402,errors:0
rt:4.12,through:33.6,tt:0.31,num_interact:504,Intrvl:15,num_users:417,errors:0
rt:5.34,through:32.4,tt:0.33,num_interact:486,Intrvl:15,num_users:468,errors:0
rt:6.01,through:32.8,tt:0.36,num_interact:492,Intrvl:15,num_users:489,errors:0
rt:6.12,through:31.87,tt:0.33,num_interact:478,Intrvl:15,num_users:469,errors:0
rt:4.42,through:32.53,tt:0.35,num_interact:488,Intrvl:15,num_users:413,errors:0
rt:3.96,through:33.4,tt:0.36,num_interact:501,Intrvl:15,num_users:410,errors:0
rt:5.67,through:32,tt:0.36,num_interact:480,Intrvl:15,num_users:487,errors:0
rt:4.5,through:31.53,tt:0.35,num_interact:473,Intrvl:15,num_users:419,errors:0
rt:5.23,through:32.93,tt:0.38,num_interact:494,Intrvl:15,num_users:458,errors:0
rt:5.28,through:34.27,tt:0.34,num_interact:514,Intrvl:15,num_users:459,errors:0
rt:6.54,through:32.53,tt:0.38,num_interact:488,Intrvl:15,num_users:532,errors:0
rt:5.54,through:28.33,tt:0.33,num_interact:425,Intrvl:15,num_users:424,errors:0
rt:4.88,through:34.13,tt:0.35,num_interact:512,Intrvl:15,num_users:451,errors:0
rt:4.75,through:31.67,tt:0.34,num_interact:475,Intrvl:15,num_users:426,errors:0
rt:6.32,through:34.53,tt:0.39,num_interact:518,Intrvl:15,num_users:554,errors:0
rt:7.4,through:27.73,tt:0.36,num_interact:416,Intrvl:15,num_users:479,errors:0
rt:5.61,through:35.53,tt:0.36,num_interact:533,Intrvl:15,num_users:465,errors:0
rt:6.38,through:31.33,tt:0.36,num_interact:470,Intrvl:15,num_users:529,errors:0
rt:8.02,through:36.33,tt:0.34,num_interact:545,Intrvl:15,num_users:563,errors:0
rt:7.08,through:29.6,tt:0.34,num_interact:444,Intrvl:15,num_users:468,errors:0
rt:7.05,through:31.93,tt:0.38,num_interact:480,Intrvl:15,num_users:550,errors:0
rt:7.11,through:29.4,tt:0.35,num_interact:441,Intrvl:15,num_users:473,errors:0
rt:5.02,through:32.53,tt:0.36,num_interact:488,Intrvl:15,num_users:444,errors:0
Terminating EBs...
EB TPCW Broswing Mix EB #15816commiting suicide!
EB TPCW Broswing Mix EB #15585commiting suicide!
EB TPCW Broswing Mix EB #15662commiting suicide!
EB TPCW Broswing Mix EB #309commiting suicide!
EB TPCW Broswing Mix EB #268commiting suicide!
EB TPCW Broswing Mix EB #241commiting suicide!
EB TPCW Broswing Mix EB #56commiting suicide!
EB TPCW Broswing Mix EB #172commiting suicide!
EB TPCW Broswing Mix EB #15806commiting suicide!
EB TPCW Broswing Mix EB #253commiting suicide!
EB TPCW Broswing Mix EB #26commiting suicide!
EB TPCW Broswing Mix EB #18commiting suicide!
EB TPCW Broswing Mix EB #15145commiting suicide!
EB TPCW Broswing Mix EB #15498commiting suicide!
EB TPCW Broswing Mix EB #230commiting suicide!
EB TPCW Broswing Mix EB #15590commiting suicide!
EB TPCW Broswing Mix EB #34commiting suicide!
EB TPCW Broswing Mix EB #256commiting suicide!
EB TPCW Broswing Mix EB #15501commiting suicide!
EB TPCW Broswing Mix EB #15584commiting suicide!
EB TPCW Broswing Mix EB #318commiting suicide!
EB TPCW Broswing Mix EB #15813commiting suicide!
EB TPCW Broswing Mix EB #38commiting suicide!
EB TPCW Broswing Mix EB #273commiting suicide!
EB TPCW Broswing Mix EB #72commiting suicide!
EB TPCW Broswing Mix EB #15497commiting suicide!
EB TPCW Broswing Mix EB #177commiting suicide!
EB TPCW Broswing Mix EB #100commiting suicide!
EB TPCW Broswing Mix EB #75commiting suicide!
EB TPCW Broswing Mix EB #300commiting suicide!
EB TPCW Broswing Mix EB #197commiting suicide!
EB TPCW Broswing Mix EB #218commiting suicide!
EB TPCW Broswing Mix EB #15142commiting suicide!
EB TPCW Broswing Mix EB #136commiting suicide!
EB TPCW Broswing Mix EB #15144commiting suicide!
EB TPCW Broswing Mix EB #1652commiting suicide!
EB TPCW Broswing Mix EB #71commiting suicide!
EB TPCW Broswing Mix EB #15802commiting suicide!
EB TPCW Broswing Mix EB #65commiting suicide!
EB TPCW Broswing Mix EB #294commiting suicide!
EB TPCW Broswing Mix EB #15143commiting suicide!
EB TPCW Broswing Mix EB #171commiting suicide!
EB TPCW Broswing Mix EB #211commiting suicide!
EB TPCW Broswing Mix EB #314commiting suicide!
EB TPCW Broswing Mix EB #15587commiting suicide!
EB TPCW Broswing Mix EB #217commiting suicide!
EB TPCW Broswing Mix EB #15665commiting suicide!
EB TPCW Broswing Mix EB #15815commiting suicide!
EB TPCW Broswing Mix EB #149commiting suicide!
EB TPCW Broswing Mix EB #138commiting suicide!
EB TPCW Broswing Mix EB #15664commiting suicide!
EB TPCW Broswing Mix EB #319commiting suicide!
EB TPCW Broswing Mix EB #15592commiting suicide!
EB TPCW Broswing Mix EB #28commiting suicide!
EB TPCW Broswing Mix EB #15588commiting suicide!
EB TPCW Broswing Mix EB #15504commiting suicide!
EB TPCW Broswing Mix EB #79commiting suicide!
EB TPCW Broswing Mix EB #24commiting suicide!
EB TPCW Broswing Mix EB #685commiting suicide!
EB TPCW Broswing Mix EB #150commiting suicide!
EB TPCW Broswing Mix EB #203commiting suicide!
EB TPCW Broswing Mix EB #289commiting suicide!
EB TPCW Broswing Mix EB #669commiting suicide!
EB TPCW Broswing Mix EB #271commiting suicide!
EB TPCW Broswing Mix EB #15774commiting suicide!
EB TPCW Broswing Mix EB #169commiting suicide!
EB TPCW Broswing Mix EB #15591commiting suicide!
EB TPCW Broswing Mix EB #89commiting suicide!
EB TPCW Broswing Mix EB #15589commiting suicide!
EB TPCW Broswing Mix EB #260commiting suicide!
EB TPCW Broswing Mix EB #204commiting suicide!
EB TPCW Broswing Mix EB #264commiting suicide!
EB TPCW Broswing Mix EB #15812commiting suicide!
EB TPCW Broswing Mix EB #180commiting suicide!
EB TPCW Broswing Mix EB #15808commiting suicide!
EB TPCW Broswing Mix EB #15499commiting suicide!
EB TPCW Broswing Mix EB #666commiting suicide!
EB TPCW Broswing Mix EB #57commiting suicide!
EB TPCW Broswing Mix EB #210commiting suicide!
EB TPCW Broswing Mix EB #250commiting suicide!
EB TPCW Broswing Mix EB #51commiting suicide!
EB TPCW Broswing Mix EB #1649commiting suicide!
EB TPCW Broswing Mix EB #15811commiting suicide!
EB TPCW Broswing Mix EB #83commiting suicide!
EB TPCW Broswing Mix EB #86commiting suicide!
EB TPCW Broswing Mix EB #15502commiting suicide!
EB TPCW Broswing Mix EB #37commiting suicide!
EB TPCW Broswing Mix EB #15586commiting suicide!
EB TPCW Broswing Mix EB #102commiting suicide!
EB TPCW Broswing Mix EB #15807commiting suicide!
EB TPCW Broswing Mix EB #1477commiting suicide!
EB TPCW Broswing Mix EB #15809commiting suicide!
EB TPCW Broswing Mix EB #11commiting suicide!
EB TPCW Broswing Mix EB #15503commiting suicide!
EB TPCW Broswing Mix EB #233commiting suicide!
EB TPCW Broswing Mix EB #196commiting suicide!
EB TPCW Broswing Mix EB #147commiting suicide!
EB TPCW Broswing Mix EB #15814commiting suicide!
EB TPCW Broswing Mix EB #15810commiting suicide!
EB TPCW Broswing Mix EB #213commiting suicide!
EB TPCW Broswing Mix EB #173commiting suicide!
EB TPCW Broswing Mix EB #15818commiting suicide!
EB TPCW Broswing Mix EB #7commiting suicide!
EB TPCW Broswing Mix EB #113commiting suicide!
EB TPCW Broswing Mix EB #228commiting suicide!
EB TPCW Broswing Mix EB #76commiting suicide!
EB TPCW Broswing Mix EB #227commiting suicide!
EB TPCW Broswing Mix EB #493commiting suicide!
EB TPCW Broswing Mix EB #15817commiting suicide!
EB TPCW Broswing Mix EB #15801commiting suicide!
EB TPCW Broswing Mix EB #44commiting suicide!
EB TPCW Broswing Mix EB #277commiting suicide!
EB TPCW Broswing Mix EB #2994commiting suicide!
EB TPCW Broswing Mix EB #272commiting suicide!
EB TPCW Broswing Mix EB #96commiting suicide!
EB TPCW Broswing Mix EB #232commiting suicide!
EB TPCW Broswing Mix EB #194commiting suicide!
EB TPCW Broswing Mix EB #299commiting suicide!
EB TPCW Broswing Mix EB #39commiting suicide!
EB TPCW Broswing Mix EB #279commiting suicide!
EB TPCW Broswing Mix EB #162commiting suicide!
EB TPCW Broswing Mix EB #163commiting suicide!
EB TPCW Broswing Mix EB #146commiting suicide!
EB TPCW Broswing Mix EB #15805commiting suicide!
EB TPCW Broswing Mix EB #15663commiting suicide!
EB TPCW Broswing Mix EB #199commiting suicide!
EB TPCW Broswing Mix EB #15775commiting suicide!
EB TPCW Broswing Mix EB #80commiting suicide!
EB TPCW Broswing Mix EB #238commiting suicide!
EB TPCW Broswing Mix EB #15500commiting suicide!
EB TPCW Broswing Mix EB #99commiting suicide!
EB TPCW Broswing Mix EB #43commiting suicide!
EB TPCW Broswing Mix EB #19commiting suicide!
EB TPCW Broswing Mix EB #2998commiting suicide!
EB TPCW Broswing Mix EB #235commiting suicide!
EB TPCW Broswing Mix EB #200commiting suicide!
EB TPCW Broswing Mix EB #205commiting suicide!
EB TPCW Broswing Mix EB #503commiting suicide!
EB TPCW Broswing Mix EB #182commiting suicide!
EB TPCW Broswing Mix EB #21commiting suicide!
EB TPCW Broswing Mix EB #1647commiting suicide!
EB TPCW Broswing Mix EB #15803commiting suicide!
EB TPCW Broswing Mix EB #128commiting suicide!
EB TPCW Broswing Mix EB #675commiting suicide!
EB TPCW Broswing Mix EB #311commiting suicide!
EB TPCW Broswing Mix EB #15804commiting suicide!
EB TPCW Broswing Mix EB #47commiting suicide!
EB TPCW Broswing Mix EB #157commiting suicide!
EB TPCW Broswing Mix EB #263commiting suicide!
EB TPCW Broswing Mix EB #282commiting suicide!
EB TPCW Broswing Mix EB #69commiting suicide!
EB TPCW Broswing Mix EB #33commiting suicide!
EB TPCW Broswing Mix EB #168commiting suicide!
EB TPCW Broswing Mix EB #15661commiting suicide!
EB TPCW Broswing Mix EB #41commiting suicide!
EB TPCW Broswing Mix EB #312commiting suicide!
EB TPCW Broswing Mix EB #131commiting suicide!
EB TPCW Broswing Mix EB #184commiting suicide!
EB TPCW Broswing Mix EB #215commiting suicide!
EB TPCW Broswing Mix EB #244commiting suicide!
EB TPCW Broswing Mix EB #284commiting suicide!
EB TPCW Broswing Mix EB #192commiting suicide!
EB TPCW Broswing Mix EB #141commiting suicide!
EB TPCW Broswing Mix EB #249commiting suicide!
EB TPCW Broswing Mix EB #126commiting suicide!
EB TPCW Broswing Mix EB #667commiting suicide!
EB TPCW Broswing Mix EB #495commiting suicide!
EB TPCW Broswing Mix EB #46commiting suicide!
EB TPCW Broswing Mix EB #106commiting suicide!
EB TPCW Broswing Mix EB #166commiting suicide!
EB TPCW Broswing Mix EB #125commiting suicide!
EB TPCW Broswing Mix EB #306commiting suicide!
EB TPCW Broswing Mix EB #489commiting suicide!
EB TPCW Broswing Mix EB #281commiting suicide!
EBs finished.
Really finishing RBE!.
