Remote Browser Emulator for TPC-W.
  ECE 902  Fall '99
  Version 1.5
System's current path is /root/loadtest
rt:0.1,through:2.33,tt:0.3,num_interact:35,Intrvl:15,num_users:1,errors:0
rt:1.31,through:10.93,tt:0.37,num_interact:164,Intrvl:15,num_users:20,errors:0
rt:5.02,through:10.93,tt:0.41,num_interact:164,Intrvl:15,num_users:80,errors:0
rt:7.3,through:13,tt:0.43,num_interact:195,Intrvl:15,num_users:120,errors:0
rt:9.81,through:12.73,tt:0.38,num_interact:191,Intrvl:15,num_users:180,errors:0
rt:13.42,through:12.4,tt:0.4,num_interact:186,Intrvl:15,num_users:240,errors:0
rt:16.67,through:12.87,tt:0.37,num_interact:193,Intrvl:15,num_users:280,errors:0
rt:20.22,through:13,tt:0.41,num_interact:195,Intrvl:15,num_users:310,errors:0
rt:23.57,through:12.47,tt:0.41,num_interact:187,Intrvl:15,num_users:340,errors:0
rt:25.05,through:12.93,tt:0.36,num_interact:194,Intrvl:15,num_users:370,errors:0
rt:26.31,through:12.73,tt:0.4,num_interact:191,Intrvl:15,num_users:399,errors:0
rt:28.61,through:12.8,tt:0.37,num_interact:193,Intrvl:15,num_users:412,errors:0
rt:30.97,through:12.73,tt:0.35,num_interact:191,Intrvl:15,num_users:419,errors:0
rt:32.1,through:12.33,tt:0.41,num_interact:185,Intrvl:15,num_users:401,errors:0
rt:31.76,through:11.4,tt:0.35,num_interact:171,Intrvl:15,num_users:380,errors:0
rt:31.84,through:12.4,tt:0.35,num_interact:186,Intrvl:15,num_users:430,errors:0
rt:31.85,through:12.13,tt:0.37,num_interact:182,Intrvl:15,num_users:408,errors:0
rt:33.55,through:11.8,tt:0.38,num_interact:177,Intrvl:15,num_users:468,errors:0
rt:32.49,through:11.87,tt:0.35,num_interact:178,Intrvl:15,num_users:392,errors:0
rt:35.98,through:9.53,tt:0.34,num_interact:145,Intrvl:15,num_users:425,errors:0
rt:35.77,through:12.07,tt:0.37,num_interact:181,Intrvl:15,num_users:407,errors:0
rt:35.85,through:11.4,tt:0.37,num_interact:171,Intrvl:15,num_users:400,errors:0
rt:33,through:12.47,tt:0.32,num_interact:187,Intrvl:15,num_users:385,errors:0
rt:30.34,through:12.13,tt:0.33,num_interact:182,Intrvl:15,num_users:413,errors:0
rt:32.26,through:12.87,tt:0.36,num_interact:193,Intrvl:15,num_users:433,errors:0
rt:32.73,through:12.27,tt:0.36,num_interact:184,Intrvl:15,num_users:403,errors:0
rt:33.42,through:11.47,tt:0.39,num_interact:172,Intrvl:15,num_users:398,errors:0
rt:32.25,through:12.27,tt:0.32,num_interact:184,Intrvl:15,num_users:392,errors:0
rt:31.18,through:12.6,tt:0.39,num_interact:189,Intrvl:15,num_users:427,errors:0
rt:32.09,through:11.47,tt:0.35,num_interact:172,Intrvl:15,num_users:370,errors:0
rt:31.76,through:10.87,tt:0.37,num_interact:163,Intrvl:15,num_users:376,errors:0
rt:31.48,through:12.27,tt:0.38,num_interact:184,Intrvl:15,num_users:365,errors:0
rt:30.24,through:12.53,tt:0.29,num_interact:188,Intrvl:15,num_users:408,errors:0
rt:30.13,through:12.07,tt:0.37,num_interact:181,Intrvl:15,num_users:387,errors:0
rt:31.29,through:12.53,tt:0.33,num_interact:188,Intrvl:15,num_users:430,errors:0
rt:30.35,through:12.73,tt:0.33,num_interact:191,Intrvl:15,num_users:454,errors:0
rt:32.84,through:10.6,tt:0.28,num_interact:159,Intrvl:15,num_users:378,errors:0
rt:34.76,through:10.87,tt:0.36,num_interact:163,Intrvl:15,num_users:409,errors:0
rt:34.14,through:12.13,tt:0.36,num_interact:182,Intrvl:15,num_users:431,errors:0
rt:32.88,through:12.2,tt:0.36,num_interact:183,Intrvl:15,num_users:401,errors:0
rt:32.77,through:12.13,tt:0.4,num_interact:182,Intrvl:15,num_users:395,errors:0
rt:33.15,through:11.47,tt:0.39,num_interact:172,Intrvl:15,num_users:376,errors:0
rt:32.08,through:10.53,tt:0.35,num_interact:158,Intrvl:15,num_users:327,errors:0
rt:29.8,through:11.2,tt:0.4,num_interact:168,Intrvl:15,num_users:409,errors:0
rt:28.15,through:11.73,tt:0.36,num_interact:176,Intrvl:15,num_users:377,errors:0
rt:32.02,through:11.67,tt:0.38,num_interact:175,Intrvl:15,num_users:414,errors:0
rt:32.65,through:12.2,tt:0.32,num_interact:183,Intrvl:15,num_users:387,errors:0
rt:31.83,through:11.8,tt:0.35,num_interact:177,Intrvl:15,num_users:407,errors:0
rt:30.21,through:12.87,tt:0.35,num_interact:193,Intrvl:15,num_users:452,errors:0
rt:33.04,through:11.67,tt:0.33,num_interact:175,Intrvl:15,num_users:393,errors:0
rt:35.28,through:10.4,tt:0.36,num_interact:156,Intrvl:15,num_users:414,errors:0
rt:33.91,through:12.4,tt:0.36,num_interact:186,Intrvl:15,num_users:434,errors:0
rt:32.28,through:12.93,tt:0.37,num_interact:194,Intrvl:15,num_users:431,errors:9
rt:21.94,through:18.13,tt:0.35,num_interact:272,Intrvl:15,num_users:353,errors:0
rt:17,through:23.2,tt:0.32,num_interact:348,Intrvl:15,num_users:329,errors:0
rt:15.51,through:24.27,tt:0.37,num_interact:364,Intrvl:15,num_users:390,errors:0
rt:14.19,through:25.53,tt:0.39,num_interact:383,Intrvl:15,num_users:393,errors:0
rt:14.89,through:25.2,tt:0.33,num_interact:378,Intrvl:15,num_users:377,errors:0
rt:15.15,through:24.73,tt:0.36,num_interact:371,Intrvl:15,num_users:396,errors:0
rt:15.42,through:26.4,tt:0.36,num_interact:396,Intrvl:15,num_users:469,errors:0
rt:16.57,through:22.87,tt:0.36,num_interact:343,Intrvl:15,num_users:398,errors:0
rt:16.56,through:24.07,tt:0.33,num_interact:361,Intrvl:15,num_users:413,errors:0
rt:16.31,through:25.13,tt:0.39,num_interact:377,Intrvl:15,num_users:426,errors:0
rt:15.79,through:26,tt:0.35,num_interact:390,Intrvl:15,num_users:429,errors:0
rt:16.24,through:25.13,tt:0.35,num_interact:377,Intrvl:15,num_users:425,errors:0
rt:15.82,through:26.93,tt:0.34,num_interact:404,Intrvl:15,num_users:451,errors:0
rt:17.58,through:23.8,tt:0.37,num_interact:357,Intrvl:15,num_users:428,errors:0
rt:16.44,through:25.87,tt:0.34,num_interact:388,Intrvl:15,num_users:436,errors:0
rt:16.18,through:25.13,tt:0.39,num_interact:377,Intrvl:15,num_users:398,errors:0
rt:15.03,through:23.07,tt:0.37,num_interact:346,Intrvl:15,num_users:368,errors:0
rt:13.9,through:26,tt:0.35,num_interact:390,Intrvl:15,num_users:369,errors:0
rt:15.9,through:25.53,tt:0.35,num_interact:383,Intrvl:15,num_users:615,errors:0
rt:20.43,through:26.2,tt:0.34,num_interact:393,Intrvl:15,num_users:660,errors:0
rt:22.53,through:18,tt:0.39,num_interact:270,Intrvl:15,num_users:466,errors:0
rt:21.81,through:22.27,tt:0.37,num_interact:334,Intrvl:15,num_users:599,errors:0
rt:22.81,through:24.93,tt:0.35,num_interact:374,Intrvl:15,num_users:605,errors:0
rt:23.13,through:25.13,tt:0.38,num_interact:377,Intrvl:15,num_users:587,errors:0
rt:22.04,through:24.53,tt:0.34,num_interact:368,Intrvl:15,num_users:554,errors:0
rt:22.88,through:24.8,tt:0.33,num_interact:372,Intrvl:15,num_users:640,errors:0
rt:23.38,through:25.53,tt:0.34,num_interact:383,Intrvl:15,num_users:626,errors:0
rt:23.21,through:25.4,tt:0.33,num_interact:381,Intrvl:15,num_users:631,errors:0
rt:25.15,through:24.4,tt:0.34,num_interact:366,Intrvl:15,num_users:606,errors:0
rt:23.48,through:25.33,tt:0.35,num_interact:380,Intrvl:15,num_users:614,errors:0
rt:23.72,through:25,tt:0.38,num_interact:375,Intrvl:15,num_users:672,errors:1
rt:23.57,through:25.67,tt:0.34,num_interact:385,Intrvl:15,num_users:636,errors:1
rt:24.06,through:21.33,tt:0.34,num_interact:320,Intrvl:15,num_users:536,errors:0
rt:23.63,through:23.4,tt:0.36,num_interact:351,Intrvl:15,num_users:536,errors:0
rt:22.26,through:26.87,tt:0.36,num_interact:403,Intrvl:15,num_users:551,errors:0
rt:22.5,through:24.73,tt:0.34,num_interact:371,Intrvl:15,num_users:555,errors:0
rt:20.78,through:28.4,tt:0.38,num_interact:426,Intrvl:15,num_users:560,errors:0
rt:20.9,through:24.93,tt:0.38,num_interact:393,Intrvl:15,num_users:618,errors:4
rt:23.4,through:26.27,tt:0.35,num_interact:394,Intrvl:15,num_users:632,errors:1
rt:24.12,through:24.8,tt:0.35,num_interact:372,Intrvl:15,num_users:632,errors:0
rt:23.76,through:25.53,tt:0.37,num_interact:383,Intrvl:15,num_users:611,errors:0
rt:24.79,through:23.4,tt:0.35,num_interact:351,Intrvl:15,num_users:561,errors:0
rt:22.87,through:24.4,tt:0.37,num_interact:366,Intrvl:15,num_users:629,errors:0
rt:22.68,through:25.07,tt:0.36,num_interact:376,Intrvl:15,num_users:583,errors:0
rt:22.11,through:24.6,tt:0.33,num_interact:369,Intrvl:15,num_users:586,errors:0
rt:22.19,through:26,tt:0.39,num_interact:390,Intrvl:15,num_users:629,errors:0
rt:24.15,through:24.33,tt:0.36,num_interact:365,Intrvl:15,num_users:610,errors:0
rt:24.03,through:24.87,tt:0.35,num_interact:374,Intrvl:15,num_users:633,errors:0
rt:23.78,through:28.6,tt:0.37,num_interact:429,Intrvl:15,num_users:643,errors:0
rt:22.87,through:25.27,tt:0.35,num_interact:380,Intrvl:15,num_users:620,errors:0
rt:23.82,through:23.87,tt:0.34,num_interact:358,Intrvl:15,num_users:583,errors:1
rt:23.94,through:24.8,tt:0.38,num_interact:372,Intrvl:15,num_users:603,errors:1
rt:23.63,through:23.2,tt:0.36,num_interact:348,Intrvl:15,num_users:508,errors:0
rt:21.79,through:23.67,tt:0.34,num_interact:355,Intrvl:15,num_users:570,errors:0
rt:22.74,through:25.2,tt:0.33,num_interact:378,Intrvl:15,num_users:725,errors:0
rt:23.62,through:23.33,tt:0.37,num_interact:350,Intrvl:15,num_users:627,errors:0
rt:24.18,through:23.73,tt:0.4,num_interact:359,Intrvl:15,num_users:668,errors:0
rt:25.31,through:21.93,tt:0.35,num_interact:329,Intrvl:15,num_users:580,errors:0
rt:25.42,through:20.93,tt:0.37,num_interact:314,Intrvl:15,num_users:534,errors:0
rt:24.04,through:24.53,tt:0.36,num_interact:368,Intrvl:15,num_users:594,errors:0
rt:23.66,through:25.47,tt:0.37,num_interact:382,Intrvl:15,num_users:619,errors:0
rt:22.47,through:25.4,tt:0.33,num_interact:384,Intrvl:15,num_users:608,errors:1
rt:24.16,through:26.67,tt:0.36,num_interact:400,Intrvl:15,num_users:616,errors:12
rt:20.51,through:25.53,tt:0.37,num_interact:383,Intrvl:15,num_users:452,errors:0
rt:15.43,through:35.47,tt:0.37,num_interact:538,Intrvl:15,num_users:652,errors:0
rt:18.02,through:35.2,tt:0.36,num_interact:528,Intrvl:15,num_users:655,errors:0
rt:18.36,through:36.53,tt:0.35,num_interact:549,Intrvl:15,num_users:617,errors:0
rt:18.01,through:39.6,tt:0.36,num_interact:595,Intrvl:15,num_users:645,errors:1
rt:17.59,through:41.2,tt:0.37,num_interact:625,Intrvl:15,num_users:711,errors:2
rt:20.97,through:29.53,tt:0.4,num_interact:443,Intrvl:15,num_users:706,errors:0
rt:20.65,through:34.13,tt:0.36,num_interact:512,Intrvl:15,num_users:637,errors:0
rt:68.98,through:25.53,tt:0.34,num_interact:512,Intrvl:15,num_users:734,errors:0
rt:594.19,through:15.93,tt:0.39,num_interact:239,Intrvl:15,num_users:676,errors:0
rt:225.38,through:33.8,tt:0.33,num_interact:507,Intrvl:15,num_users:670,errors:0
rt:47.39,through:32.07,tt:0.34,num_interact:481,Intrvl:15,num_users:535,errors:0
rt:10.57,through:38.27,tt:0.34,num_interact:574,Intrvl:15,num_users:539,errors:0
rt:9.86,through:34.33,tt:0.36,num_interact:515,Intrvl:15,num_users:458,errors:0
rt:9.48,through:38.53,tt:0.38,num_interact:578,Intrvl:15,num_users:525,errors:0
rt:11.46,through:32.93,tt:0.37,num_interact:494,Intrvl:15,num_users:734,errors:0
rt:16.39,through:40.6,tt:0.39,num_interact:609,Intrvl:15,num_users:679,errors:0
rt:14.14,through:33.13,tt:0.35,num_interact:504,Intrvl:15,num_users:630,errors:0
rt:14.87,through:31.73,tt:0.35,num_interact:476,Intrvl:15,num_users:745,errors:0
rt:14.41,through:51.53,tt:0.35,num_interact:775,Intrvl:15,num_users:608,errors:0
rt:13.99,through:35.53,tt:0.36,num_interact:654,Intrvl:15,num_users:702,errors:0
rt:16.64,through:33.33,tt:0.37,num_interact:500,Intrvl:15,num_users:710,errors:0
rt:29.85,through:58.67,tt:0.35,num_interact:880,Intrvl:15,num_users:761,errors:0
rt:20.63,through:40.53,tt:0.32,num_interact:608,Intrvl:15,num_users:679,errors:0
rt:13.93,through:32.4,tt:0.32,num_interact:487,Intrvl:15,num_users:664,errors:0
rt:16.69,through:32.6,tt:0.36,num_interact:489,Intrvl:15,num_users:722,errors:0
rt:149.97,through:27,tt:0.34,num_interact:911,Intrvl:15,num_users:671,errors:0
rt:134.86,through:43.87,tt:0.32,num_interact:663,Intrvl:15,num_users:703,errors:0
rt:14.17,through:37.93,tt:0.35,num_interact:569,Intrvl:15,num_users:686,errors:0
rt:12.08,through:37.33,tt:0.34,num_interact:560,Intrvl:15,num_users:692,errors:0
rt:11.78,through:38.67,tt:0.32,num_interact:580,Intrvl:15,num_users:682,errors:0
rt:12.69,through:33.73,tt:0.34,num_interact:620,Intrvl:15,num_users:710,errors:0
rt:11.2,through:36.6,tt:0.36,num_interact:550,Intrvl:15,num_users:653,errors:0
rt:12.73,through:39.53,tt:0.35,num_interact:593,Intrvl:15,num_users:679,errors:17
rt:10.01,through:44.27,tt:0.35,num_interact:681,Intrvl:15,num_users:625,errors:0
rt:10.07,through:43,tt:0.37,num_interact:645,Intrvl:15,num_users:702,errors:0
rt:16.39,through:7,tt:0.43,num_interact:105,Intrvl:15,num_users:689,errors:0
rt:251.95,through:56.4,tt:0.36,num_interact:846,Intrvl:15,num_users:784,errors:20
rt:224.81,through:2.07,tt:0.34,num_interact:31,Intrvl:15,num_users:760,errors:4
rt:279.8,through:1.13,tt:0.21,num_interact:17,Intrvl:15,num_users:717,errors:0
rt:?,through:0,tt:0.38,num_interact:120,Intrvl:15,num_users:680,errors:2
rt:249.92,through:15.73,tt:0.34,num_interact:236,Intrvl:15,num_users:643,errors:4
rt:88.27,through:11.73,tt:0.31,num_interact:176,Intrvl:15,num_users:716,errors:0
rt:85.07,through:12.93,tt:0.36,num_interact:194,Intrvl:15,num_users:773,errors:0
rt:30.84,through:10.87,tt:0.39,num_interact:163,Intrvl:15,num_users:708,errors:0
rt:34.46,through:10.8,tt:0.35,num_interact:162,Intrvl:15,num_users:737,errors:0
rt:32.07,through:11.6,tt:0.38,num_interact:174,Intrvl:15,num_users:720,errors:0
rt:33.56,through:12.33,tt:0.39,num_interact:185,Intrvl:15,num_users:789,errors:0
rt:33.5,through:10.87,tt:0.35,num_interact:163,Intrvl:15,num_users:683,errors:0
rt:33.64,through:8.53,tt:0.39,num_interact:128,Intrvl:15,num_users:685,errors:0
rt:33.92,through:11.93,tt:0.4,num_interact:179,Intrvl:15,num_users:708,errors:0
rt:32.04,through:12.87,tt:0.36,num_interact:193,Intrvl:15,num_users:719,errors:0
rt:30.09,through:12.93,tt:0.41,num_interact:194,Intrvl:15,num_users:714,errors:0
rt:29.32,through:12.73,tt:0.37,num_interact:191,Intrvl:15,num_users:758,errors:0
rt:29.29,through:12.93,tt:0.4,num_interact:194,Intrvl:15,num_users:760,errors:0
rt:33.03,through:12.13,tt:0.37,num_interact:182,Intrvl:15,num_users:737,errors:0
rt:33.8,through:12.33,tt:0.36,num_interact:185,Intrvl:15,num_users:828,errors:0
rt:31.77,through:11.6,tt:0.38,num_interact:174,Intrvl:15,num_users:730,errors:0
rt:36.86,through:8.93,tt:0.33,num_interact:134,Intrvl:15,num_users:744,errors:0
rt:37.87,through:11.73,tt:0.42,num_interact:176,Intrvl:15,num_users:779,errors:0
rt:36.91,through:10,tt:0.36,num_interact:150,Intrvl:15,num_users:684,errors:0
rt:34.51,through:9.6,tt:0.28,num_interact:144,Intrvl:15,num_users:663,errors:0
rt:30.98,through:11.73,tt:0.34,num_interact:176,Intrvl:15,num_users:764,errors:0
rt:31.87,through:10.4,tt:0.36,num_interact:156,Intrvl:15,num_users:695,errors:0
rt:33.64,through:9.2,tt:0.41,num_interact:138,Intrvl:15,num_users:656,errors:0
rt:33.38,through:11.6,tt:0.34,num_interact:174,Intrvl:15,num_users:640,errors:0
rt:26.32,through:11.87,tt:0.34,num_interact:181,Intrvl:15,num_users:699,errors:0
rt:27.27,through:12.53,tt:0.35,num_interact:188,Intrvl:15,num_users:723,errors:0
rt:29.28,through:13,tt:0.37,num_interact:195,Intrvl:15,num_users:744,errors:0
rt:30.87,through:12.87,tt:0.37,num_interact:193,Intrvl:15,num_users:783,errors:0
rt:31.2,through:10.53,tt:0.31,num_interact:158,Intrvl:15,num_users:693,errors:0
rt:33.06,through:8.73,tt:0.31,num_interact:131,Intrvl:15,num_users:652,errors:0
rt:33.06,through:11.07,tt:0.31,num_interact:166,Intrvl:15,num_users:703,errors:0
rt:31.15,through:12.33,tt:0.35,num_interact:185,Intrvl:15,num_users:705,errors:1
rt:28.51,through:9.27,tt:0.31,num_interact:139,Intrvl:15,num_users:603,errors:0
rt:27.79,through:10.47,tt:0.37,num_interact:157,Intrvl:15,num_users:765,errors:0
rt:28.66,through:10.33,tt:0.36,num_interact:155,Intrvl:15,num_users:692,errors:0
rt:33.33,through:9.2,tt:0.41,num_interact:138,Intrvl:15,num_users:647,errors:0
rt:34.25,through:11.53,tt:0.41,num_interact:173,Intrvl:15,num_users:661,errors:0
rt:28.26,through:12.27,tt:0.34,num_interact:184,Intrvl:15,num_users:679,errors:0
rt:27.36,through:12.73,tt:0.35,num_interact:191,Intrvl:15,num_users:685,errors:0
rt:28.79,through:12.87,tt:0.35,num_interact:193,Intrvl:15,num_users:736,errors:0
rt:29.36,through:11.13,tt:0.34,num_interact:167,Intrvl:15,num_users:676,errors:0
rt:29.85,through:11.07,tt:0.39,num_interact:166,Intrvl:15,num_users:711,errors:0
rt:31.34,through:9.33,tt:0.38,num_interact:140,Intrvl:15,num_users:625,errors:0
rt:31.22,through:10.4,tt:0.33,num_interact:156,Intrvl:15,num_users:631,errors:0
rt:28.58,through:12.73,tt:0.33,num_interact:191,Intrvl:15,num_users:686,errors:0
rt:25.65,through:10.73,tt:0.34,num_interact:161,Intrvl:15,num_users:645,errors:0
rt:26.42,through:12.6,tt:0.34,num_interact:189,Intrvl:15,num_users:702,errors:0
rt:28.44,through:11.4,tt:0.38,num_interact:171,Intrvl:15,num_users:678,errors:0
rt:29.33,through:12.4,tt:0.35,num_interact:186,Intrvl:15,num_users:671,errors:0
rt:28.93,through:11.87,tt:0.4,num_interact:178,Intrvl:15,num_users:662,errors:0
rt:26.1,through:13.07,tt:0.36,num_interact:196,Intrvl:15,num_users:708,errors:0
rt:28.15,through:12.8,tt:0.38,num_interact:192,Intrvl:15,num_users:736,errors:0
rt:29.88,through:12.87,tt:0.35,num_interact:193,Intrvl:15,num_users:759,errors:0
rt:31.89,through:12,tt:0.35,num_interact:180,Intrvl:15,num_users:714,errors:10
rt:17.1,through:23.07,tt:0.36,num_interact:346,Intrvl:15,num_users:666,errors:0
rt:12.27,through:35.27,tt:0.36,num_interact:529,Intrvl:15,num_users:743,errors:0
rt:12.29,through:35.8,tt:0.37,num_interact:537,Intrvl:15,num_users:803,errors:0
rt:11.86,through:36.13,tt:0.35,num_interact:546,Intrvl:15,num_users:747,errors:0
rt:11.01,through:36.07,tt:0.36,num_interact:541,Intrvl:15,num_users:728,errors:0
rt:10.9,through:36.53,tt:0.36,num_interact:548,Intrvl:15,num_users:724,errors:0
rt:9.84,through:36.67,tt:0.36,num_interact:550,Intrvl:15,num_users:708,errors:0
rt:9.67,through:36.07,tt:0.33,num_interact:541,Intrvl:15,num_users:666,errors:0
rt:9.85,through:37.67,tt:0.34,num_interact:565,Intrvl:15,num_users:729,errors:0
rt:9.63,through:35.6,tt:0.33,num_interact:534,Intrvl:15,num_users:671,errors:0
rt:8.72,through:36.4,tt:0.36,num_interact:546,Intrvl:15,num_users:654,errors:0
rt:8.01,through:36.87,tt:0.34,num_interact:553,Intrvl:15,num_users:632,errors:0
rt:8.2,through:37.27,tt:0.37,num_interact:559,Intrvl:15,num_users:638,errors:0
rt:9.03,through:38.47,tt:0.34,num_interact:588,Intrvl:15,num_users:706,errors:0
rt:9.86,through:38.27,tt:0.36,num_interact:574,Intrvl:15,num_users:739,errors:0
rt:9.81,through:37.07,tt:0.35,num_interact:556,Intrvl:15,num_users:707,errors:0
rt:10.16,through:37.73,tt:0.36,num_interact:575,Intrvl:15,num_users:723,errors:0
rt:10.06,through:38.2,tt:0.35,num_interact:573,Intrvl:15,num_users:722,errors:0
rt:10.48,through:39.13,tt:0.34,num_interact:587,Intrvl:15,num_users:741,errors:0
rt:12.25,through:29.2,tt:0.38,num_interact:438,Intrvl:15,num_users:799,errors:0
rt:15.07,through:33.93,tt:0.34,num_interact:513,Intrvl:15,num_users:773,errors:0
rt:14.22,through:17.73,tt:0.36,num_interact:266,Intrvl:15,num_users:769,errors:0
rt:29.65,through:1.07,tt:0.29,num_interact:32,Intrvl:15,num_users:701,errors:0
rt:107.74,through:0.07,tt:0.5,num_interact:1,Intrvl:15,num_users:695,errors:0
rt:108.63,through:40.13,tt:0.37,num_interact:658,Intrvl:15,num_users:762,errors:0
rt:91.48,through:0.33,tt:0.39,num_interact:5,Intrvl:15,num_users:730,errors:0
rt:116.49,through:2.6,tt:0.42,num_interact:39,Intrvl:15,num_users:665,errors:0
rt:43.01,through:54.13,tt:0.35,num_interact:812,Intrvl:15,num_users:709,errors:0
rt:5.53,through:36.8,tt:0.36,num_interact:552,Intrvl:15,num_users:666,errors:0
rt:5.83,through:23.67,tt:0.35,num_interact:355,Intrvl:15,num_users:733,errors:0
rt:19.94,through:1.27,tt:0.4,num_interact:19,Intrvl:15,num_users:738,errors:0
rt:38.12,through:9.93,tt:0.37,num_interact:149,Intrvl:15,num_users:699,errors:0
rt:51.36,through:1.8,tt:0.47,num_interact:27,Intrvl:15,num_users:701,errors:0
rt:67.92,through:6.33,tt:0.38,num_interact:95,Intrvl:15,num_users:644,errors:0
rt:41.54,through:4,tt:0.36,num_interact:60,Intrvl:15,num_users:666,errors:0
rt:41.78,through:71.73,tt:0.36,num_interact:1076,Intrvl:15,num_users:719,errors:2
rt:7.95,through:36.4,tt:0.36,num_interact:546,Intrvl:15,num_users:739,errors:0
rt:7.96,through:29.67,tt:0.36,num_interact:445,Intrvl:15,num_users:729,errors:0
rt:8.28,through:9.2,tt:0.37,num_interact:138,Intrvl:15,num_users:760,errors:0
rt:10.25,through:27.93,tt:0.36,num_interact:419,Intrvl:15,num_users:592,errors:0
rt:3.85,through:39.33,tt:0.35,num_interact:590,Intrvl:15,num_users:596,errors:0
rt:5.39,through:20.07,tt:0.37,num_interact:301,Intrvl:15,num_users:734,errors:0
rt:21.35,through:31.07,tt:0.38,num_interact:466,Intrvl:15,num_users:765,errors:0
rt:96.9,through:68.6,tt:0.36,num_interact:1029,Intrvl:15,num_users:792,errors:0
rt:11.04,through:10.8,tt:0.38,num_interact:162,Intrvl:15,num_users:723,errors:0
rt:8.42,through:13.27,tt:0.36,num_interact:199,Intrvl:15,num_users:720,errors:0
rt:8.48,through:13.47,tt:0.37,num_interact:202,Intrvl:15,num_users:744,errors:0
rt:9.59,through:13.53,tt:0.33,num_interact:203,Intrvl:15,num_users:756,errors:0
rt:9.82,through:11.2,tt:0.34,num_interact:168,Intrvl:15,num_users:715,errors:0
rt:7.68,through:12.73,tt:0.37,num_interact:191,Intrvl:15,num_users:690,errors:0
rt:6.79,through:13.47,tt:0.35,num_interact:202,Intrvl:15,num_users:678,errors:0
rt:5.4,through:12,tt:0.36,num_interact:180,Intrvl:15,num_users:612,errors:0
rt:6.93,through:13.73,tt:0.4,num_interact:206,Intrvl:15,num_users:688,errors:0
rt:10.12,through:13.6,tt:0.32,num_interact:204,Intrvl:15,num_users:701,errors:0
rt:11.49,through:13.8,tt:0.37,num_interact:207,Intrvl:15,num_users:751,errors:0
rt:14.47,through:10.93,tt:0.41,num_interact:164,Intrvl:15,num_users:704,errors:0
rt:13.02,through:13.33,tt:0.34,num_interact:200,Intrvl:15,num_users:780,errors:0
rt:15.84,through:6.2,tt:0.34,num_interact:93,Intrvl:15,num_users:654,errors:0
rt:12.05,through:12.67,tt:0.35,num_interact:190,Intrvl:15,num_users:725,errors:0
rt:12.66,through:13.87,tt:0.37,num_interact:208,Intrvl:15,num_users:738,errors:0
rt:14.2,through:12.8,tt:0.37,num_interact:192,Intrvl:15,num_users:729,errors:0
rt:13.23,through:13.87,tt:0.31,num_interact:208,Intrvl:15,num_users:767,errors:0
rt:14.98,through:11.2,tt:0.31,num_interact:168,Intrvl:15,num_users:724,errors:0
rt:14.21,through:12.87,tt:0.38,num_interact:193,Intrvl:15,num_users:784,errors:0
rt:17.04,through:11.73,tt:0.36,num_interact:176,Intrvl:15,num_users:751,errors:0
rt:15.71,through:13.53,tt:0.39,num_interact:203,Intrvl:15,num_users:779,errors:0
rt:16.19,through:13.53,tt:0.37,num_interact:203,Intrvl:15,num_users:799,errors:0
rt:18.43,through:12.2,tt:0.35,num_interact:183,Intrvl:15,num_users:780,errors:0
rt:18.34,through:11.6,tt:0.34,num_interact:174,Intrvl:15,num_users:750,errors:0
rt:16.51,through:13.53,tt:0.38,num_interact:203,Intrvl:15,num_users:799,errors:0
rt:17.77,through:9.2,tt:0.36,num_interact:138,Intrvl:15,num_users:716,errors:0
rt:15.57,through:12.53,tt:0.39,num_interact:188,Intrvl:15,num_users:769,errors:0
rt:16.49,through:12,tt:0.33,num_interact:180,Intrvl:15,num_users:738,errors:0
rt:14.09,through:8.33,tt:0.38,num_interact:125,Intrvl:15,num_users:656,errors:0
rt:9.94,through:13.33,tt:0.35,num_interact:200,Intrvl:15,num_users:707,errors:0
rt:11.93,through:11.6,tt:0.34,num_interact:174,Intrvl:15,num_users:683,errors:0
rt:10.16,through:13.67,tt:0.42,num_interact:205,Intrvl:15,num_users:821,errors:0
rt:17.75,through:13.8,tt:0.37,num_interact:207,Intrvl:15,num_users:830,errors:0
rt:20.63,through:8.53,tt:0.37,num_interact:128,Intrvl:15,num_users:731,errors:0
rt:19.05,through:12.27,tt:0.31,num_interact:184,Intrvl:15,num_users:749,errors:0
rt:14.87,through:13.67,tt:0.35,num_interact:205,Intrvl:15,num_users:753,errors:0
rt:14.97,through:13.4,tt:0.35,num_interact:201,Intrvl:15,num_users:758,errors:0
rt:15.33,through:13.53,tt:0.33,num_interact:203,Intrvl:15,num_users:764,errors:0
rt:16.03,through:13.87,tt:0.35,num_interact:208,Intrvl:15,num_users:798,errors:0
rt:16.93,through:7.4,tt:0.36,num_interact:111,Intrvl:15,num_users:668,errors:0
rt:12.48,through:11.67,tt:0.32,num_interact:175,Intrvl:15,num_users:769,errors:0
rt:16.01,through:13.73,tt:0.53,num_interact:206,Intrvl:15,num_users:819,errors:0
rt:19.11,through:11.07,tt:0.34,num_interact:166,Intrvl:15,num_users:776,errors:0
rt:18.99,through:13.13,tt:0.34,num_interact:197,Intrvl:15,num_users:825,errors:0
rt:18.66,through:12,tt:0.35,num_interact:180,Intrvl:15,num_users:795,errors:0
rt:19.34,through:10.87,tt:0.35,num_interact:163,Intrvl:15,num_users:757,errors:0
rt:18.13,through:13.4,tt:0.38,num_interact:201,Intrvl:15,num_users:788,errors:0
rt:16.59,through:12.53,tt:0.37,num_interact:188,Intrvl:15,num_users:854,errors:0
rt:19.35,through:7.4,tt:0.35,num_interact:111,Intrvl:15,num_users:689,errors:0
rt:17.45,through:10.53,tt:0.38,num_interact:158,Intrvl:15,num_users:775,errors:0
rt:13.93,through:8.13,tt:0.33,num_interact:122,Intrvl:15,num_users:693,errors:0
rt:13.62,through:12.07,tt:0.36,num_interact:181,Intrvl:15,num_users:669,errors:40
rt:7.97,through:18.6,tt:0.35,num_interact:279,Intrvl:15,num_users:702,errors:0
rt:7.25,through:19.4,tt:0.37,num_interact:291,Intrvl:15,num_users:769,errors:0
rt:7.74,through:23.27,tt:0.35,num_interact:349,Intrvl:15,num_users:724,errors:0
rt:8.38,through:21.2,tt:0.38,num_interact:318,Intrvl:15,num_users:743,errors:0
rt:10.48,through:3.33,tt:0.44,num_interact:185,Intrvl:15,num_users:834,errors:0
rt:25.96,through:16.53,tt:0.35,num_interact:248,Intrvl:15,num_users:768,errors:0
rt:6.15,through:11.6,tt:0.35,num_interact:174,Intrvl:15,num_users:842,errors:0
rt:15.69,through:5.4,tt:0.42,num_interact:81,Intrvl:15,num_users:789,errors:0
rt:21.46,through:16.07,tt:0.42,num_interact:241,Intrvl:15,num_users:846,errors:0
rt:21.6,through:3.8,tt:0.39,num_interact:57,Intrvl:15,num_users:801,errors:0
rt:38.24,through:1.87,tt:0.28,num_interact:28,Intrvl:15,num_users:818,errors:0
rt:40.72,through:3.93,tt:0.3,num_interact:59,Intrvl:15,num_users:811,errors:0
rt:27.65,through:7.73,tt:0.34,num_interact:116,Intrvl:15,num_users:764,errors:0
rt:5.8,through:20.2,tt:0.35,num_interact:303,Intrvl:15,num_users:733,errors:0
rt:5.09,through:19.73,tt:0.37,num_interact:296,Intrvl:15,num_users:759,errors:0
rt:3.98,through:19.27,tt:0.36,num_interact:289,Intrvl:15,num_users:697,errors:0
rt:4.76,through:20.2,tt:0.39,num_interact:303,Intrvl:15,num_users:779,errors:0
rt:6.61,through:17.93,tt:0.35,num_interact:269,Intrvl:15,num_users:756,errors:0
rt:6.01,through:18.4,tt:0.33,num_interact:276,Intrvl:15,num_users:730,errors:0
rt:5.06,through:21.27,tt:0.36,num_interact:319,Intrvl:15,num_users:765,errors:0
rt:6.01,through:18.8,tt:0.33,num_interact:282,Intrvl:15,num_users:746,errors:0
rt:9.28,through:2.13,tt:0.29,num_interact:80,Intrvl:15,num_users:888,errors:0
rt:60.17,through:1.33,tt:0.41,num_interact:20,Intrvl:15,num_users:801,errors:0
rt:71.52,through:0.27,tt:0.5,num_interact:4,Intrvl:15,num_users:772,errors:0
rt:41.68,through:20.27,tt:0.37,num_interact:307,Intrvl:15,num_users:831,errors:0
rt:13.89,through:13.73,tt:0.37,num_interact:206,Intrvl:15,num_users:818,errors:0
rt:12.31,through:11.13,tt:0.39,num_interact:167,Intrvl:15,num_users:836,errors:0
rt:19.99,through:2.67,tt:0.34,num_interact:40,Intrvl:15,num_users:811,errors:0
rt:21.97,through:7.73,tt:0.36,num_interact:116,Intrvl:15,num_users:760,errors:0
rt:15.37,through:19.53,tt:0.3,num_interact:293,Intrvl:15,num_users:763,errors:0
rt:10.21,through:13.53,tt:0.38,num_interact:203,Intrvl:15,num_users:792,errors:0
rt:10.15,through:13.87,tt:0.37,num_interact:208,Intrvl:15,num_users:795,errors:0
rt:11.79,through:5.33,tt:0.35,num_interact:80,Intrvl:15,num_users:844,errors:0
rt:26.48,through:5.67,tt:0.4,num_interact:85,Intrvl:15,num_users:770,errors:0
rt:10.04,through:9.8,tt:0.33,num_interact:147,Intrvl:15,num_users:743,errors:0
rt:12.47,through:3.07,tt:0.3,num_interact:46,Intrvl:15,num_users:855,errors:0
rt:9.17,through:11.87,tt:0.36,num_interact:178,Intrvl:15,num_users:706,errors:0
rt:9.11,through:11.27,tt:0.41,num_interact:169,Intrvl:15,num_users:779,errors:0
rt:11.92,through:4,tt:0.46,num_interact:60,Intrvl:15,num_users:848,errors:0
rt:74.35,through:12.2,tt:0.39,num_interact:183,Intrvl:15,num_users:871,errors:0
rt:50.51,through:10.33,tt:0.36,num_interact:155,Intrvl:15,num_users:906,errors:0
rt:11.95,through:6,tt:0.38,num_interact:90,Intrvl:15,num_users:847,errors:0
rt:7.3,through:8.87,tt:0.39,num_interact:133,Intrvl:15,num_users:835,errors:0
rt:4.78,through:11.47,tt:0.33,num_interact:172,Intrvl:15,num_users:841,errors:0
rt:5.16,through:4.87,tt:0.37,num_interact:73,Intrvl:15,num_users:875,errors:0
rt:4.97,through:13.2,tt:0.38,num_interact:198,Intrvl:15,num_users:786,errors:0
rt:11.65,through:5.93,tt:0.38,num_interact:159,Intrvl:15,num_users:843,errors:0
rt:4.53,through:13.73,tt:0.36,num_interact:206,Intrvl:15,num_users:765,errors:0
rt:5.42,through:2.87,tt:0.47,num_interact:43,Intrvl:15,num_users:873,errors:0
rt:10.09,through:6.07,tt:0.4,num_interact:91,Intrvl:15,num_users:817,errors:0
rt:14.18,through:11,tt:0.35,num_interact:165,Intrvl:15,num_users:817,errors:0
rt:9.26,through:8.4,tt:0.36,num_interact:140,Intrvl:15,num_users:837,errors:0
rt:3.07,through:13.6,tt:0.34,num_interact:204,Intrvl:15,num_users:766,errors:0
rt:6.64,through:11.4,tt:0.4,num_interact:171,Intrvl:15,num_users:821,errors:0
rt:3.84,through:10.47,tt:0.35,num_interact:157,Intrvl:15,num_users:807,errors:0
rt:6.1,through:14.27,tt:0.36,num_interact:214,Intrvl:15,num_users:812,errors:0
rt:7.35,through:3.2,tt:0.27,num_interact:48,Intrvl:15,num_users:868,errors:0
rt:5.18,through:13.8,tt:0.39,num_interact:207,Intrvl:15,num_users:783,errors:0
rt:0.6,through:11.53,tt:0.39,num_interact:173,Intrvl:15,num_users:673,errors:0
rt:1.6,through:12.67,tt:0.4,num_interact:190,Intrvl:15,num_users:695,errors:0
rt:8.58,through:8.73,tt:0.44,num_interact:131,Intrvl:15,num_users:820,errors:0
rt:5.7,through:11.27,tt:0.33,num_interact:169,Intrvl:15,num_users:711,errors:0
rt:6.32,through:11.67,tt:0.37,num_interact:175,Intrvl:15,num_users:754,errors:0
rt:6.38,through:15.33,tt:0.3,num_interact:230,Intrvl:15,num_users:755,errors:0
rt:5.3,through:11.53,tt:0.35,num_interact:173,Intrvl:15,num_users:741,errors:0
rt:7.77,through:13,tt:0.39,num_interact:195,Intrvl:15,num_users:789,errors:0
rt:6.21,through:12.13,tt:0.38,num_interact:182,Intrvl:15,num_users:736,errors:0
rt:5.61,through:12.8,tt:0.4,num_interact:192,Intrvl:15,num_users:740,errors:0
rt:8.32,through:11.53,tt:0.37,num_interact:183,Intrvl:15,num_users:809,errors:0
rt:6.12,through:12.67,tt:0.41,num_interact:190,Intrvl:15,num_users:728,errors:0
rt:1.54,through:12.67,tt:0.35,num_interact:190,Intrvl:15,num_users:683,errors:0
rt:6.08,through:9.33,tt:0.43,num_interact:140,Intrvl:15,num_users:764,errors:0
rt:6.35,through:13.8,tt:0.33,num_interact:207,Intrvl:15,num_users:741,errors:0
rt:3.28,through:13.4,tt:0.39,num_interact:201,Intrvl:15,num_users:706,errors:0
rt:8.18,through:9.4,tt:0.49,num_interact:141,Intrvl:15,num_users:811,errors:0
rt:8.61,through:10.27,tt:0.35,num_interact:154,Intrvl:15,num_users:737,errors:0
rt:0.92,through:13.2,tt:0.35,num_interact:198,Intrvl:15,num_users:676,errors:0
rt:4.53,through:10.47,tt:0.43,num_interact:157,Intrvl:15,num_users:734,errors:0
rt:2.93,through:13.27,tt:0.34,num_interact:199,Intrvl:15,num_users:698,errors:0
rt:4.34,through:10.33,tt:0.39,num_interact:155,Intrvl:15,num_users:755,errors:0
rt:6.42,through:13.8,tt:0.38,num_interact:207,Intrvl:15,num_users:741,errors:0
rt:4.13,through:13.13,tt:0.29,num_interact:197,Intrvl:15,num_users:715,errors:0
rt:7.46,through:11.27,tt:0.45,num_interact:169,Intrvl:15,num_users:807,errors:0
rt:11.96,through:5.13,tt:0.33,num_interact:77,Intrvl:15,num_users:815,errors:0
rt:20.77,through:2.73,tt:0.34,num_interact:96,Intrvl:15,num_users:767,errors:0
rt:13.67,through:11.8,tt:0.39,num_interact:177,Intrvl:15,num_users:794,errors:0
rt:10.11,through:12.67,tt:0.34,num_interact:190,Intrvl:15,num_users:774,errors:0
rt:2.02,through:12.33,tt:0.32,num_interact:185,Intrvl:15,num_users:685,errors:0
rt:3.57,through:12.6,tt:0.4,num_interact:189,Intrvl:15,num_users:721,errors:0
rt:7.75,through:10,tt:0.43,num_interact:157,Intrvl:15,num_users:810,errors:0
rt:11.61,through:2.07,tt:0.31,num_interact:48,Intrvl:15,num_users:820,errors:0
rt:6.66,through:13.47,tt:0.37,num_interact:202,Intrvl:15,num_users:707,errors:0
rt:5.97,through:10.13,tt:0.31,num_interact:152,Intrvl:15,num_users:754,errors:0
rt:6.8,through:14.13,tt:0.34,num_interact:212,Intrvl:15,num_users:757,errors:0
rt:3.4,through:13,tt:0.35,num_interact:195,Intrvl:15,num_users:708,errors:0
rt:4.7,through:12.07,tt:0.42,num_interact:181,Intrvl:15,num_users:738,errors:4
rt:5.33,through:15.93,tt:0.36,num_interact:239,Intrvl:15,num_users:755,errors:0
rt:2.8,through:20.07,tt:0.34,num_interact:301,Intrvl:15,num_users:727,errors:0
rt:2.16,through:20.2,tt:0.34,num_interact:303,Intrvl:15,num_users:707,errors:0
rt:1.24,through:19.87,tt:0.35,num_interact:298,Intrvl:15,num_users:696,errors:0
rt:4.08,through:17.87,tt:0.36,num_interact:268,Intrvl:15,num_users:767,errors:0
rt:2.05,through:21.27,tt:0.33,num_interact:319,Intrvl:15,num_users:706,errors:0
rt:1.31,through:19.27,tt:0.33,num_interact:289,Intrvl:15,num_users:696,errors:0
rt:1.37,through:20.13,tt:0.34,num_interact:302,Intrvl:15,num_users:698,errors:0
rt:0.64,through:19.87,tt:0.36,num_interact:298,Intrvl:15,num_users:681,errors:0
rt:3.21,through:18,tt:0.39,num_interact:270,Intrvl:15,num_users:744,errors:0
rt:2.3,through:20.13,tt:0.32,num_interact:302,Intrvl:15,num_users:711,errors:0
rt:3.28,through:17.67,tt:0.34,num_interact:265,Intrvl:15,num_users:754,errors:0
rt:1.37,through:20.47,tt:0.31,num_interact:307,Intrvl:15,num_users:688,errors:0
rt:1.69,through:20,tt:0.38,num_interact:300,Intrvl:15,num_users:708,errors:0
rt:2.25,through:19.4,tt:0.36,num_interact:291,Intrvl:15,num_users:715,errors:0
rt:2.05,through:20.13,tt:0.34,num_interact:302,Intrvl:15,num_users:718,errors:0
rt:2.66,through:20,tt:0.38,num_interact:300,Intrvl:15,num_users:724,errors:0
rt:0.51,through:16.73,tt:0.36,num_interact:251,Intrvl:15,num_users:663,errors:0
rt:0.45,through:19.13,tt:0.38,num_interact:287,Intrvl:15,num_users:669,errors:0
rt:0.46,through:20.33,tt:0.33,num_interact:305,Intrvl:15,num_users:669,errors:0
rt:2.06,through:18.8,tt:0.39,num_interact:282,Intrvl:15,num_users:707,errors:0
rt:2.36,through:19.67,tt:0.4,num_interact:295,Intrvl:15,num_users:713,errors:0
rt:3.66,through:18.33,tt:0.37,num_interact:275,Intrvl:15,num_users:750,errors:0
rt:1.85,through:20.73,tt:0.37,num_interact:311,Intrvl:15,num_users:691,errors:0
rt:3.83,through:17.27,tt:0.37,num_interact:259,Intrvl:15,num_users:760,errors:0
rt:4.47,through:20.73,tt:0.34,num_interact:311,Intrvl:15,num_users:737,errors:0
rt:2.98,through:20,tt:0.31,num_interact:300,Intrvl:15,num_users:732,errors:0
rt:2.53,through:19.93,tt:0.35,num_interact:299,Intrvl:15,num_users:705,errors:0
rt:0.25,through:8.07,tt:0.33,num_interact:121,Intrvl:15,num_users:591,errors:0
rt:3.45,through:16.67,tt:0.38,num_interact:250,Intrvl:15,num_users:673,errors:0
rt:1.86,through:19.93,tt:0.32,num_interact:299,Intrvl:15,num_users:629,errors:0
rt:2.6,through:19.4,tt:0.35,num_interact:291,Intrvl:15,num_users:658,errors:0
rt:5.06,through:21.4,tt:0.41,num_interact:321,Intrvl:15,num_users:765,errors:0
rt:6.71,through:14.07,tt:0.4,num_interact:211,Intrvl:15,num_users:692,errors:5
rt:2.04,through:24.67,tt:0.35,num_interact:370,Intrvl:15,num_users:636,errors:0
rt:2.03,through:28.93,tt:0.35,num_interact:434,Intrvl:15,num_users:684,errors:0
rt:2.26,through:24.13,tt:0.35,num_interact:362,Intrvl:15,num_users:641,errors:0
rt:2.64,through:26,tt:0.36,num_interact:390,Intrvl:15,num_users:689,errors:0
rt:5.84,through:26.33,tt:0.38,num_interact:395,Intrvl:15,num_users:758,errors:0
rt:6.71,through:23.6,tt:0.36,num_interact:382,Intrvl:15,num_users:798,errors:0
rt:?,through:0,tt:0.38,num_interact:93,Intrvl:15,num_users:755,errors:0
rt:44.47,through:5.87,tt:0.32,num_interact:88,Intrvl:15,num_users:760,errors:0
rt:4.78,through:25,tt:0.35,num_interact:375,Intrvl:15,num_users:703,errors:0
rt:2.8,through:25.27,tt:0.38,num_interact:379,Intrvl:15,num_users:732,errors:0
rt:18.13,through:8.6,tt:0.4,num_interact:242,Intrvl:15,num_users:789,errors:0
rt:8.85,through:23.8,tt:0.33,num_interact:357,Intrvl:15,num_users:726,errors:0
rt:2.33,through:27.33,tt:0.34,num_interact:410,Intrvl:15,num_users:690,errors:0
rt:1.32,through:28.33,tt:0.35,num_interact:425,Intrvl:15,num_users:665,errors:0
rt:1.22,through:27.33,tt:0.38,num_interact:410,Intrvl:15,num_users:669,errors:0
rt:2.34,through:24.13,tt:0.36,num_interact:362,Intrvl:15,num_users:706,errors:0
rt:3.32,through:27.73,tt:0.37,num_interact:416,Intrvl:15,num_users:731,errors:0
rt:1.39,through:25.8,tt:0.38,num_interact:387,Intrvl:15,num_users:651,errors:0
rt:1.03,through:27.67,tt:0.34,num_interact:415,Intrvl:15,num_users:651,errors:0
rt:0.85,through:26.93,tt:0.36,num_interact:404,Intrvl:15,num_users:650,errors:0
rt:3.14,through:26.73,tt:0.38,num_interact:401,Intrvl:15,num_users:757,errors:0
rt:3.66,through:22.47,tt:0.34,num_interact:337,Intrvl:15,num_users:712,errors:0
rt:2.81,through:27.8,tt:0.37,num_interact:417,Intrvl:15,num_users:692,errors:0
rt:3.46,through:27.6,tt:0.38,num_interact:414,Intrvl:15,num_users:752,errors:0
rt:4.09,through:23.6,tt:0.3,num_interact:354,Intrvl:15,num_users:721,errors:0
rt:3.72,through:28.4,tt:0.35,num_interact:426,Intrvl:15,num_users:733,errors:0
rt:0.93,through:22.8,tt:0.35,num_interact:342,Intrvl:15,num_users:624,errors:0
rt:2.86,through:25.73,tt:0.4,num_interact:386,Intrvl:15,num_users:764,errors:0
rt:4.79,through:21.47,tt:0.34,num_interact:322,Intrvl:15,num_users:715,errors:0
rt:4.81,through:28.47,tt:0.35,num_interact:427,Intrvl:15,num_users:750,errors:0
rt:3.68,through:25.47,tt:0.41,num_interact:382,Intrvl:15,num_users:698,errors:0
rt:1.98,through:22.87,tt:0.38,num_interact:343,Intrvl:15,num_users:660,errors:0
rt:11,through:17.8,tt:0.38,num_interact:367,Intrvl:15,num_users:774,errors:0
rt:48.64,through:12.4,tt:0.36,num_interact:186,Intrvl:15,num_users:806,errors:0
rt:66.47,through:3.27,tt:0.28,num_interact:49,Intrvl:15,num_users:775,errors:0
rt:34.48,through:8.27,tt:0.31,num_interact:124,Intrvl:15,num_users:726,errors:0
rt:15.34,through:11.47,tt:0.37,num_interact:172,Intrvl:15,num_users:763,errors:0
rt:2.94,through:21.73,tt:0.33,num_interact:326,Intrvl:15,num_users:689,errors:0
rt:4.64,through:6.4,tt:0.39,num_interact:96,Intrvl:15,num_users:777,errors:0
rt:23.14,through:4.73,tt:0.35,num_interact:93,Intrvl:15,num_users:709,errors:0
rt:3.22,through:27.2,tt:0.34,num_interact:408,Intrvl:15,num_users:712,errors:0
rt:2.12,through:26.87,tt:0.37,num_interact:403,Intrvl:15,num_users:695,errors:0
rt:2.84,through:25.73,tt:0.39,num_interact:386,Intrvl:15,num_users:721,errors:0
rt:3.29,through:28,tt:0.34,num_interact:420,Intrvl:15,num_users:720,errors:0
rt:2.47,through:28.47,tt:0.37,num_interact:427,Intrvl:15,num_users:701,errors:0
rt:1.69,through:25.93,tt:0.36,num_interact:389,Intrvl:15,num_users:682,errors:0
rt:0.61,through:24.07,tt:0.38,num_interact:361,Intrvl:15,num_users:629,errors:0
rt:1.45,through:26.73,tt:0.38,num_interact:401,Intrvl:15,num_users:674,errors:0
rt:1.59,through:27.4,tt:0.36,num_interact:411,Intrvl:15,num_users:666,errors:0
rt:1.76,through:25.4,tt:0.37,num_interact:381,Intrvl:15,num_users:683,errors:0
rt:2.82,through:26.93,tt:0.34,num_interact:404,Intrvl:15,num_users:693,errors:0
rt:0.92,through:26.33,tt:0.36,num_interact:395,Intrvl:15,num_users:643,errors:0
rt:0.16,through:6,tt:0.33,num_interact:90,Intrvl:15,num_users:597,errors:0
rt:1.46,through:26.8,tt:0.36,num_interact:402,Intrvl:15,num_users:651,errors:0
rt:3.24,through:26.47,tt:0.41,num_interact:397,Intrvl:15,num_users:736,errors:0
rt:4.51,through:28.8,tt:0.36,num_interact:432,Intrvl:15,num_users:765,errors:0
rt:8.39,through:12.73,tt:0.35,num_interact:191,Intrvl:15,num_users:771,errors:0
rt:18.07,through:5.67,tt:0.37,num_interact:85,Intrvl:15,num_users:731,errors:0
rt:5.79,through:22.87,tt:0.36,num_interact:343,Intrvl:15,num_users:676,errors:0
rt:1.73,through:27.53,tt:0.36,num_interact:413,Intrvl:15,num_users:644,errors:0
rt:0.84,through:26.93,tt:0.35,num_interact:404,Intrvl:15,num_users:624,errors:0
rt:1.29,through:25.73,tt:0.37,num_interact:386,Intrvl:15,num_users:644,errors:0
rt:1.18,through:27.2,tt:0.34,num_interact:408,Intrvl:15,num_users:632,errors:0
rt:1.39,through:27.27,tt:0.33,num_interact:409,Intrvl:15,num_users:644,errors:0
rt:2.19,through:27.33,tt:0.35,num_interact:410,Intrvl:15,num_users:673,errors:0
rt:1.58,through:25.6,tt:0.34,num_interact:384,Intrvl:15,num_users:643,errors:0
rt:3.44,through:28.87,tt:0.39,num_interact:433,Intrvl:15,num_users:761,errors:0
rt:2.9,through:18.53,tt:0.35,num_interact:278,Intrvl:15,num_users:643,errors:0
rt:0.35,through:25.07,tt:0.39,num_interact:376,Intrvl:15,num_users:610,errors:0
rt:2.49,through:23.73,tt:0.37,num_interact:356,Intrvl:15,num_users:698,errors:0
rt:2.74,through:27.27,tt:0.34,num_interact:409,Intrvl:15,num_users:671,errors:0
rt:3.05,through:26.33,tt:0.37,num_interact:395,Intrvl:15,num_users:705,errors:0
rt:1.49,through:25.2,tt:0.35,num_interact:378,Intrvl:15,num_users:629,errors:0
rt:2.55,through:27.27,tt:0.37,num_interact:409,Intrvl:15,num_users:685,errors:0
rt:4.05,through:8.6,tt:0.42,num_interact:129,Intrvl:15,num_users:779,errors:0
rt:3.6,through:24.87,tt:0.36,num_interact:373,Intrvl:15,num_users:653,errors:0
rt:2.68,through:27.4,tt:0.33,num_interact:411,Intrvl:15,num_users:686,errors:0
rt:3.62,through:28.13,tt:0.37,num_interact:422,Intrvl:15,num_users:748,errors:0
rt:4.43,through:21.27,tt:0.34,num_interact:319,Intrvl:15,num_users:691,errors:0
rt:3.43,through:27.33,tt:0.37,num_interact:410,Intrvl:15,num_users:697,errors:0
rt:6.62,through:15.6,tt:0.38,num_interact:234,Intrvl:15,num_users:755,errors:0
rt:12,through:9.93,tt:0.39,num_interact:149,Intrvl:15,num_users:717,errors:0
rt:2.86,through:28.53,tt:0.33,num_interact:428,Intrvl:15,num_users:660,errors:0
rt:3.51,through:28.93,tt:0.4,num_interact:434,Intrvl:15,num_users:770,errors:0
rt:4.98,through:19.2,tt:0.33,num_interact:288,Intrvl:15,num_users:697,errors:0
rt:4.69,through:29,tt:0.36,num_interact:435,Intrvl:15,num_users:746,errors:0
rt:1.14,through:20.13,tt:0.34,num_interact:302,Intrvl:15,num_users:616,errors:0
rt:1.79,through:25.33,tt:0.35,num_interact:380,Intrvl:15,num_users:675,errors:0
rt:3.69,through:28.27,tt:0.39,num_interact:424,Intrvl:15,num_users:739,errors:0
rt:4.81,through:29.87,tt:0.4,num_interact:448,Intrvl:15,num_users:768,errors:0
rt:4.96,through:18.87,tt:0.35,num_interact:283,Intrvl:15,num_users:680,errors:0
rt:3.56,through:29.07,tt:0.37,num_interact:436,Intrvl:15,num_users:745,errors:0
rt:4.75,through:23.8,tt:0.33,num_interact:357,Intrvl:15,num_users:721,errors:0
rt:9,through:2.93,tt:0.35,num_interact:44,Intrvl:15,num_users:807,errors:0
rt:14.97,through:26.93,tt:0.4,num_interact:404,Intrvl:15,num_users:730,errors:0
rt:5.2,through:26.13,tt:0.34,num_interact:392,Intrvl:15,num_users:769,errors:0
rt:6.93,through:20.53,tt:0.36,num_interact:308,Intrvl:15,num_users:777,errors:0
rt:4.13,through:25.6,tt:0.35,num_interact:384,Intrvl:15,num_users:695,errors:0
rt:3.73,through:27.8,tt:0.37,num_interact:417,Intrvl:15,num_users:715,errors:0
rt:36.35,through:6.73,tt:0.36,num_interact:245,Intrvl:15,num_users:789,errors:0
rt:89.6,through:12.13,tt:0.39,num_interact:182,Intrvl:15,num_users:801,errors:0
rt:50.27,through:23.4,tt:0.35,num_interact:392,Intrvl:15,num_users:812,errors:0
rt:25.42,through:7.93,tt:0.33,num_interact:131,Intrvl:15,num_users:820,errors:0
rt:9.12,through:2.67,tt:0.34,num_interact:40,Intrvl:15,num_users:822,errors:0
rt:0.47,through:16,tt:0.32,num_interact:240,Intrvl:15,num_users:752,errors:0
rt:1.54,through:17.67,tt:0.38,num_interact:265,Intrvl:15,num_users:782,errors:0
rt:0.22,through:15.87,tt:0.33,num_interact:238,Intrvl:15,num_users:731,errors:0
rt:0.14,through:10.27,tt:0.34,num_interact:154,Intrvl:15,num_users:668,errors:0
rt:0.68,through:20.2,tt:0.36,num_interact:304,Intrvl:15,num_users:686,errors:0
rt:0.27,through:17.73,tt:0.34,num_interact:266,Intrvl:15,num_users:673,errors:0
rt:?,through:0,tt:?,num_interact:0,Intrvl:15,num_users:601,errors:0
rt:1.82,through:22,tt:0.36,num_interact:330,Intrvl:15,num_users:679,errors:0
rt:3.25,through:21.93,tt:0.33,num_interact:329,Intrvl:15,num_users:698,errors:0
rt:3.99,through:21.87,tt:0.4,num_interact:328,Intrvl:15,num_users:702,errors:0
rt:4.42,through:16.2,tt:0.35,num_interact:243,Intrvl:15,num_users:676,errors:0
rt:3.24,through:24.2,tt:0.34,num_interact:363,Intrvl:15,num_users:708,errors:0
rt:4.96,through:19.2,tt:0.38,num_interact:288,Intrvl:15,num_users:697,errors:0
rt:4.48,through:16.67,tt:0.33,num_interact:250,Intrvl:15,num_users:679,errors:0
rt:3.38,through:22.67,tt:0.35,num_interact:340,Intrvl:15,num_users:697,errors:0
rt:3.89,through:15.67,tt:0.36,num_interact:235,Intrvl:15,num_users:669,errors:0
rt:2.98,through:29.33,tt:0.36,num_interact:440,Intrvl:15,num_users:735,errors:0
rt:5.18,through:18.8,tt:0.4,num_interact:282,Intrvl:15,num_users:725,errors:0
rt:5.68,through:20.73,tt:0.37,num_interact:311,Intrvl:15,num_users:731,errors:0
rt:6.24,through:15.27,tt:0.34,num_interact:229,Intrvl:15,num_users:696,errors:0
rt:3.3,through:11.07,tt:0.35,num_interact:166,Intrvl:15,num_users:637,errors:0
rt:2.38,through:25.93,tt:0.35,num_interact:389,Intrvl:15,num_users:702,errors:0
rt:3.66,through:11.47,tt:0.35,num_interact:172,Intrvl:15,num_users:648,errors:0
rt:2.63,through:21,tt:0.34,num_interact:315,Intrvl:15,num_users:651,errors:0
rt:1.39,through:19.93,tt:0.39,num_interact:299,Intrvl:15,num_users:638,errors:0
rt:3.37,through:28.27,tt:0.41,num_interact:424,Intrvl:15,num_users:757,errors:0
rt:2.81,through:3,tt:0.39,num_interact:45,Intrvl:15,num_users:607,errors:0
rt:0.13,through:5.93,tt:0.39,num_interact:89,Intrvl:15,num_users:604,errors:0
rt:1.59,through:18.6,tt:0.37,num_interact:279,Intrvl:15,num_users:650,errors:0
rt:1.94,through:20.8,tt:0.35,num_interact:312,Intrvl:15,num_users:654,errors:0
rt:2.43,through:21.27,tt:0.36,num_interact:319,Intrvl:15,num_users:661,errors:0
rt:2.63,through:26.87,tt:0.35,num_interact:403,Intrvl:15,num_users:704,errors:0
rt:?,through:0,tt:?,num_interact:0,Intrvl:15,num_users:575,errors:0
rt:1.01,through:24.73,tt:0.38,num_interact:371,Intrvl:15,num_users:612,errors:0
rt:1.13,through:25.6,tt:0.35,num_interact:384,Intrvl:15,num_users:613,errors:0
rt:1.63,through:25,tt:0.37,num_interact:375,Intrvl:15,num_users:628,errors:0
rt:1.53,through:26.2,tt:0.35,num_interact:393,Intrvl:15,num_users:624,errors:0
rt:0.94,through:26.33,tt:0.36,num_interact:395,Intrvl:15,num_users:606,errors:0
rt:0.69,through:25.47,tt:0.42,num_interact:382,Intrvl:15,num_users:604,errors:0
rt:0.63,through:26.67,tt:0.38,num_interact:400,Intrvl:15,num_users:601,errors:0
rt:0.6,through:25.07,tt:0.34,num_interact:376,Intrvl:15,num_users:599,errors:0
rt:2.36,through:24.53,tt:0.36,num_interact:368,Intrvl:15,num_users:649,errors:0
rt:4.99,through:24.33,tt:0.41,num_interact:365,Intrvl:15,num_users:741,errors:0
rt:2.53,through:21.07,tt:0.36,num_interact:316,Intrvl:15,num_users:626,errors:0
rt:?,through:0,tt:?,num_interact:0,Intrvl:15,num_users:562,errors:0
rt:0.43,through:24.53,tt:0.36,num_interact:368,Intrvl:15,num_users:582,errors:0
rt:2.27,through:24.67,tt:0.39,num_interact:370,Intrvl:15,num_users:637,errors:0
rt:2.29,through:26.53,tt:0.34,num_interact:398,Intrvl:15,num_users:636,errors:0
rt:4.31,through:23.87,tt:0.36,num_interact:358,Intrvl:15,num_users:690,errors:0
rt:2.42,through:23,tt:0.33,num_interact:346,Intrvl:15,num_users:616,errors:0
rt:2.16,through:25.6,tt:0.34,num_interact:384,Intrvl:15,num_users:634,errors:0
rt:4.01,through:24.6,tt:0.37,num_interact:371,Intrvl:15,num_users:680,errors:0
rt:3.6,through:26.93,tt:0.34,num_interact:404,Intrvl:15,num_users:672,errors:0
rt:3.78,through:27.47,tt:0.36,num_interact:412,Intrvl:15,num_users:676,errors:0
rt:2.72,through:20.33,tt:0.33,num_interact:305,Intrvl:15,num_users:622,errors:0
rt:1.78,through:25.6,tt:0.37,num_interact:384,Intrvl:15,num_users:615,errors:0
rt:0.18,through:10,tt:0.36,num_interact:150,Intrvl:15,num_users:567,errors:0
rt:0.47,through:25,tt:0.36,num_interact:375,Intrvl:15,num_users:584,errors:0
rt:0.91,through:25.87,tt:0.36,num_interact:388,Intrvl:15,num_users:597,errors:0
rt:?,through:0,tt:?,num_interact:0,Intrvl:15,num_users:560,errors:0
rt:0.46,through:25.13,tt:0.36,num_interact:377,Intrvl:15,num_users:581,errors:0
rt:1.23,through:24.53,tt:0.33,num_interact:368,Intrvl:15,num_users:601,errors:0
rt:0.51,through:25.87,tt:0.35,num_interact:388,Intrvl:15,num_users:581,errors:0
rt:2.42,through:23.6,tt:0.37,num_interact:354,Intrvl:15,num_users:638,errors:0
rt:4.85,through:24.6,tt:0.38,num_interact:369,Intrvl:15,num_users:710,errors:0
rt:5.56,through:26.73,tt:0.34,num_interact:401,Intrvl:15,num_users:725,errors:0
rt:5.2,through:26.07,tt:0.37,num_interact:391,Intrvl:15,num_users:702,errors:0
rt:5.7,through:26,tt:0.4,num_interact:390,Intrvl:15,num_users:735,errors:0
rt:4.15,through:24,tt:0.34,num_interact:360,Intrvl:15,num_users:668,errors:0
rt:1.58,through:19.4,tt:0.34,num_interact:291,Intrvl:15,num_users:591,errors:0
rt:2.06,through:24.4,tt:0.36,num_interact:366,Intrvl:15,num_users:630,errors:0
rt:1.34,through:25.4,tt:0.35,num_interact:381,Intrvl:15,num_users:598,errors:0
rt:1.82,through:24.53,tt:0.37,num_interact:368,Intrvl:15,num_users:622,errors:0
rt:3.93,through:24.27,tt:0.36,num_interact:364,Intrvl:15,num_users:677,errors:0
rt:4.02,through:28.67,tt:0.35,num_interact:430,Intrvl:15,num_users:687,errors:0
rt:2.7,through:21.07,tt:0.33,num_interact:316,Intrvl:15,num_users:624,errors:0
rt:2.36,through:25.6,tt:0.35,num_interact:384,Intrvl:15,num_users:625,errors:0
rt:2.08,through:25.13,tt:0.35,num_interact:377,Intrvl:15,num_users:623,errors:0
rt:2.18,through:25.93,tt:0.36,num_interact:389,Intrvl:15,num_users:626,errors:0
rt:2.22,through:26.47,tt:0.36,num_interact:397,Intrvl:15,num_users:633,errors:0
rt:1.77,through:23.87,tt:0.33,num_interact:358,Intrvl:15,num_users:605,errors:0
rt:4.26,through:23.6,tt:0.39,num_interact:354,Intrvl:15,num_users:693,errors:0
rt:3.1,through:25.2,tt:0.34,num_interact:378,Intrvl:15,num_users:644,errors:0
rt:2.51,through:24.67,tt:0.33,num_interact:370,Intrvl:15,num_users:628,errors:0
rt:2.53,through:26.67,tt:0.32,num_interact:400,Intrvl:15,num_users:638,errors:0
rt:2.77,through:26.27,tt:0.37,num_interact:394,Intrvl:15,num_users:648,errors:0
rt:1.31,through:22.87,tt:0.31,num_interact:343,Intrvl:15,num_users:589,errors:0
rt:3.54,through:22.07,tt:0.39,num_interact:331,Intrvl:15,num_users:662,errors:0
rt:0.22,through:12.4,tt:0.34,num_interact:186,Intrvl:15,num_users:566,errors:8
rt:0.39,through:30.07,tt:0.33,num_interact:451,Intrvl:15,num_users:582,errors:0
rt:1.35,through:36.33,tt:0.35,num_interact:545,Intrvl:15,num_users:628,errors:0
rt:1.48,through:38.4,tt:0.33,num_interact:576,Intrvl:15,num_users:632,errors:0
rt:0.19,through:25.73,tt:0.33,num_interact:386,Intrvl:15,num_users:572,errors:0
rt:1.19,through:38.07,tt:0.35,num_interact:571,Intrvl:15,num_users:622,errors:0
rt:1.15,through:38.27,tt:0.37,num_interact:574,Intrvl:15,num_users:619,errors:0
rt:1.9,through:38.6,tt:0.35,num_interact:579,Intrvl:15,num_users:653,errors:0
rt:1.56,through:38.8,tt:0.36,num_interact:582,Intrvl:15,num_users:638,errors:0
rt:1.39,through:36.27,tt:0.34,num_interact:544,Intrvl:15,num_users:618,errors:0
rt:1.98,through:36.8,tt:0.37,num_interact:552,Intrvl:15,num_users:655,errors:0
rt:0.74,through:38.47,tt:0.34,num_interact:577,Intrvl:15,num_users:598,errors:0
rt:0.55,through:37.73,tt:0.33,num_interact:566,Intrvl:15,num_users:594,errors:0
rt:2.1,through:39.07,tt:0.37,num_interact:586,Intrvl:15,num_users:658,errors:0
rt:0.3,through:34.87,tt:0.34,num_interact:523,Intrvl:15,num_users:582,errors:0
rt:2.91,through:33.87,tt:0.38,num_interact:508,Intrvl:15,num_users:693,errors:0
rt:3.64,through:38.87,tt:0.36,num_interact:583,Intrvl:15,num_users:716,errors:0
rt:0.81,through:35.33,tt:0.35,num_interact:530,Intrvl:15,num_users:596,errors:0
rt:1.97,through:37.73,tt:0.36,num_interact:566,Intrvl:15,num_users:653,errors:0
rt:2.13,through:38,tt:0.36,num_interact:570,Intrvl:15,num_users:664,errors:0
rt:0.46,through:36.47,tt:0.36,num_interact:547,Intrvl:15,num_users:586,errors:0
rt:1,through:37.53,tt:0.34,num_interact:563,Intrvl:15,num_users:614,errors:0
rt:1.35,through:38.93,tt:0.33,num_interact:584,Intrvl:15,num_users:631,errors:0
rt:1.02,through:37.67,tt:0.33,num_interact:565,Intrvl:15,num_users:608,errors:0
rt:0.52,through:38.6,tt:0.35,num_interact:579,Intrvl:15,num_users:593,errors:0
rt:1.57,through:38.13,tt:0.35,num_interact:572,Intrvl:15,num_users:644,errors:0
rt:1.04,through:37.67,tt:0.34,num_interact:565,Intrvl:15,num_users:607,errors:0
rt:0.59,through:39.07,tt:0.36,num_interact:586,Intrvl:15,num_users:596,errors:0
rt:0.72,through:38.47,tt:0.34,num_interact:577,Intrvl:15,num_users:603,errors:0
rt:?,through:0,tt:?,num_interact:0,Intrvl:15,num_users:543,errors:0
rt:1.77,through:36.27,tt:0.36,num_interact:544,Intrvl:15,num_users:631,errors:0
rt:1.29,through:36.93,tt:0.3,num_interact:554,Intrvl:15,num_users:598,errors:0
rt:0.14,through:23.33,tt:0.39,num_interact:350,Intrvl:15,num_users:555,errors:0
rt:0.18,through:32.4,tt:0.34,num_interact:486,Intrvl:15,num_users:560,errors:0
rt:1.17,through:37.4,tt:0.37,num_interact:561,Intrvl:15,num_users:605,errors:0
rt:0.59,through:38.53,tt:0.35,num_interact:578,Intrvl:15,num_users:578,errors:0
rt:1.39,through:37.73,tt:0.36,num_interact:566,Intrvl:15,num_users:616,errors:0
rt:1.86,through:39.73,tt:0.35,num_interact:596,Intrvl:15,num_users:635,errors:0
rt:1.9,through:40.67,tt:0.34,num_interact:610,Intrvl:15,num_users:636,errors:0
rt:2.17,through:39.87,tt:0.34,num_interact:598,Intrvl:15,num_users:648,errors:0
rt:?,through:0,tt:?,num_interact:0,Intrvl:15,num_users:418,errors:0
rt:?,through:0,tt:?,num_interact:0,Intrvl:15,num_users:417,errors:0
rt:0.14,through:9.27,tt:0.38,num_interact:139,Intrvl:15,num_users:422,errors:0
rt:0.11,through:4,tt:0.39,num_interact:60,Intrvl:15,num_users:419,errors:0
rt:?,through:0,tt:?,num_interact:0,Intrvl:15,num_users:380,errors:0
rt:0.14,through:12.07,tt:0.35,num_interact:181,Intrvl:15,num_users:386,errors:0
rt:?,through:0,tt:?,num_interact:0,Intrvl:15,num_users:368,errors:0
rt:0.82,through:25.87,tt:0.35,num_interact:388,Intrvl:15,num_users:404,errors:0
rt:?,through:0,tt:?,num_interact:0,Intrvl:15,num_users:363,errors:0
rt:0.18,through:24.27,tt:0.33,num_interact:364,Intrvl:15,num_users:376,errors:0
rt:?,through:0,tt:?,num_interact:0,Intrvl:15,num_users:360,errors:0
rt:0.41,through:27,tt:0.33,num_interact:405,Intrvl:15,num_users:381,errors:0
rt:0.85,through:27.2,tt:0.33,num_interact:408,Intrvl:15,num_users:394,errors:0
rt:0.77,through:26.73,tt:0.35,num_interact:401,Intrvl:15,num_users:390,errors:0
rt:?,through:0,tt:?,num_interact:0,Intrvl:15,num_users:343,errors:0
rt:1.17,through:26,tt:0.31,num_interact:390,Intrvl:15,num_users:395,errors:0
rt:1.53,through:27.4,tt:0.35,num_interact:412,Intrvl:15,num_users:388,errors:0
rt:1.12,through:26.53,tt:0.37,num_interact:398,Intrvl:15,num_users:389,errors:0
rt:1.68,through:31.6,tt:0.36,num_interact:474,Intrvl:15,num_users:424,errors:0
rt:2.17,through:23.6,tt:0.32,num_interact:354,Intrvl:15,num_users:411,errors:0
rt:0.45,through:15.6,tt:0.33,num_interact:234,Intrvl:15,num_users:352,errors:0
rt:0.68,through:28.07,tt:0.37,num_interact:421,Intrvl:15,num_users:376,errors:0
rt:1.25,through:26.2,tt:0.37,num_interact:393,Intrvl:15,num_users:403,errors:0
rt:1.33,through:27.53,tt:0.34,num_interact:413,Intrvl:15,num_users:381,errors:0
rt:1.58,through:25.53,tt:0.34,num_interact:383,Intrvl:15,num_users:403,errors:0
rt:1.67,through:28.13,tt:0.34,num_interact:422,Intrvl:15,num_users:390,errors:0
rt:0.98,through:27.2,tt:0.33,num_interact:408,Intrvl:15,num_users:378,errors:0
rt:0.4,through:3.2,tt:0.47,num_interact:48,Intrvl:15,num_users:345,errors:0
rt:?,through:0,tt:?,num_interact:0,Intrvl:15,num_users:342,errors:0
rt:1.08,through:28.27,tt:0.36,num_interact:424,Intrvl:15,num_users:409,errors:0
rt:2.14,through:35.67,tt:0.38,num_interact:535,Intrvl:15,num_users:456,errors:0
rt:1.99,through:11.93,tt:0.36,num_interact:179,Intrvl:15,num_users:362,errors:0
rt:1.19,through:28,tt:0.37,num_interact:420,Intrvl:15,num_users:408,errors:0
rt:1.11,through:24.67,tt:0.37,num_interact:370,Intrvl:15,num_users:368,errors:0
rt:1.33,through:33.13,tt:0.36,num_interact:497,Intrvl:15,num_users:435,errors:0
rt:2.61,through:18.53,tt:0.34,num_interact:278,Intrvl:15,num_users:397,errors:14
rt:1.62,through:30.27,tt:0.35,num_interact:454,Intrvl:15,num_users:385,errors:0
rt:0.15,through:2,tt:0.37,num_interact:30,Intrvl:15,num_users:343,errors:0
rt:0.71,through:44.07,tt:0.34,num_interact:661,Intrvl:15,num_users:415,errors:0
rt:1.58,through:42.53,tt:0.35,num_interact:638,Intrvl:15,num_users:423,errors:0
rt:1.33,through:33.4,tt:0.35,num_interact:501,Intrvl:15,num_users:394,errors:0
rt:0.3,through:39.87,tt:0.33,num_interact:598,Intrvl:15,num_users:363,errors:0
rt:0.12,through:2.2,tt:0.36,num_interact:33,Intrvl:15,num_users:343,errors:0
rt:0.17,through:36.73,tt:0.34,num_interact:551,Intrvl:15,num_users:361,errors:0
rt:0.61,through:40.4,tt:0.34,num_interact:606,Intrvl:15,num_users:394,errors:0
rt:1.69,through:48.93,tt:0.36,num_interact:734,Intrvl:15,num_users:474,errors:0
rt:1.74,through:33.53,tt:0.32,num_interact:503,Intrvl:15,num_users:407,errors:0
rt:0.44,through:33.27,tt:0.32,num_interact:499,Intrvl:15,num_users:362,errors:0
rt:0.8,through:43.47,tt:0.37,num_interact:652,Intrvl:15,num_users:416,errors:0
rt:1.41,through:41.2,tt:0.35,num_interact:618,Intrvl:15,num_users:415,errors:0
rt:1.34,through:37.13,tt:0.31,num_interact:557,Intrvl:15,num_users:401,errors:0
rt:1.38,through:50.33,tt:0.36,num_interact:755,Intrvl:15,num_users:443,errors:0
rt:0.94,through:28.33,tt:0.32,num_interact:425,Intrvl:15,num_users:371,errors:0
rt:0.73,through:40.93,tt:0.33,num_interact:614,Intrvl:15,num_users:407,errors:0
rt:1.04,through:40.6,tt:0.34,num_interact:609,Intrvl:15,num_users:387,errors:0
rt:0.82,through:39.6,tt:0.32,num_interact:594,Intrvl:15,num_users:403,errors:0
rt:0.74,through:41.4,tt:0.36,num_interact:621,Intrvl:15,num_users:380,errors:0
rt:0.81,through:40.67,tt:0.38,num_interact:610,Intrvl:15,num_users:408,errors:0
rt:1.09,through:40.93,tt:0.36,num_interact:614,Intrvl:15,num_users:392,errors:0
rt:0.97,through:40.27,tt:0.35,num_interact:604,Intrvl:15,num_users:408,errors:0
Terminating EBs...
EB TPCW Broswing Mix EB #15501commiting suicide!
EB TPCW Broswing Mix EB #15495commiting suicide!
EB TPCW Broswing Mix EB #15498commiting suicide!
EB TPCW Broswing Mix EB #15767commiting suicide!
EB TPCW Broswing Mix EB #15490commiting suicide!
EB TPCW Broswing Mix EB #15772commiting suicide!
EB TPCW Broswing Mix EB #15805commiting suicide!
EB TPCW Broswing Mix EB #15491commiting suicide!
EB TPCW Broswing Mix EB #15806commiting suicide!
EB TPCW Broswing Mix EB #15489commiting suicide!
EB TPCW Broswing Mix EB #15717commiting suicide!
EB TPCW Broswing Mix EB #15621commiting suicide!
EB TPCW Broswing Mix EB #15625commiting suicide!
EB TPCW Broswing Mix EB #15497commiting suicide!
EB TPCW Broswing Mix EB #15775commiting suicide!
EB TPCW Broswing Mix EB #15504commiting suicide!
EB TPCW Broswing Mix EB #15496commiting suicide!
EB TPCW Broswing Mix EB #15774commiting suicide!
EB TPCW Broswing Mix EB #15626commiting suicide!
EB TPCW Broswing Mix EB #15723commiting suicide!
EB TPCW Broswing Mix EB #15500commiting suicide!
EB TPCW Broswing Mix EB #15715commiting suicide!
EB TPCW Broswing Mix EB #15768commiting suicide!
EB TPCW Broswing Mix EB #15720commiting suicide!
EB TPCW Broswing Mix EB #15797commiting suicide!
EB TPCW Broswing Mix EB #15620commiting suicide!
EB TPCW Broswing Mix EB #15800commiting suicide!
EB TPCW Broswing Mix EB #15493commiting suicide!
EB TPCW Broswing Mix EB #15494commiting suicide!
EB TPCW Broswing Mix EB #15722commiting suicide!
EB TPCW Broswing Mix EB #15622commiting suicide!
EB TPCW Broswing Mix EB #15718commiting suicide!
EB TPCW Broswing Mix EB #15499commiting suicide!
EB TPCW Broswing Mix EB #15802commiting suicide!
EB TPCW Broswing Mix EB #15506commiting suicide!
EB TPCW Broswing Mix EB #15807commiting suicide!
EB TPCW Broswing Mix EB #15719commiting suicide!
EB TPCW Broswing Mix EB #15619commiting suicide!
EB TPCW Broswing Mix EB #15808commiting suicide!
EB TPCW Broswing Mix EB #15804commiting suicide!
EB TPCW Broswing Mix EB #15810commiting suicide!
EB TPCW Broswing Mix EB #15803commiting suicide!
EB TPCW Broswing Mix EB #15769commiting suicide!
EB TPCW Broswing Mix EB #15796commiting suicide!
EB TPCW Broswing Mix EB #15776commiting suicide!
EB TPCW Broswing Mix EB #15771commiting suicide!
EB TPCW Broswing Mix EB #15801commiting suicide!
EB TPCW Broswing Mix EB #15505commiting suicide!
EB TPCW Broswing Mix EB #15770commiting suicide!
EB TPCW Broswing Mix EB #15778commiting suicide!
EB TPCW Broswing Mix EB #15799commiting suicide!
EB TPCW Broswing Mix EB #15798commiting suicide!
EB TPCW Broswing Mix EB #15503commiting suicide!
EB TPCW Broswing Mix EB #15777commiting suicide!
EB TPCW Broswing Mix EB #15795commiting suicide!
EB TPCW Broswing Mix EB #15773commiting suicide!
EB TPCW Broswing Mix EB #15809commiting suicide!
EBs finished.
Really finishing RBE!.
