Remote Browser Emulator for TPC-W.
  ECE 902  Fall '99
  Version 1.5
System's current path is /root/loadtest
rt:0.15,through:1.4,tt:0.48,num_interact:21,Intrvl:15,num_users:1,errors:0
rt:2.06,through:7.53,tt:0.37,num_interact:113,Intrvl:15,num_users:20,errors:0
rt:7.37,through:6.4,tt:0.48,num_interact:96,Intrvl:15,num_users:80,errors:0
rt:10.69,through:8.27,tt:0.39,num_interact:124,Intrvl:15,num_users:120,errors:0
rt:12.89,through:7.93,tt:0.47,num_interact:119,Intrvl:15,num_users:180,errors:0
rt:17.38,through:8.87,tt:0.4,num_interact:133,Intrvl:15,num_users:240,errors:0
rt:20.57,through:8.2,tt:0.4,num_interact:123,Intrvl:15,num_users:280,errors:0
rt:28.26,through:8.6,tt:0.35,num_interact:129,Intrvl:15,num_users:310,errors:0
rt:33.84,through:7.6,tt:0.36,num_interact:114,Intrvl:15,num_users:360,errors:6
rt:34.8,through:8.6,tt:0.41,num_interact:129,Intrvl:15,num_users:390,errors:10
rt:37.46,through:7.13,tt:0.35,num_interact:107,Intrvl:15,num_users:413,errors:11
rt:43.52,through:8.13,tt:0.43,num_interact:122,Intrvl:15,num_users:486,errors:4
rt:49.63,through:7.6,tt:0.41,num_interact:114,Intrvl:15,num_users:421,errors:13
rt:53.42,through:5.4,tt:0.28,num_interact:81,Intrvl:15,num_users:342,errors:1
rt:51.05,through:3.6,tt:0.43,num_interact:54,Intrvl:15,num_users:322,errors:22
rt:54.93,through:6.53,tt:0.3,num_interact:98,Intrvl:15,num_users:403,errors:0
rt:59.6,through:6.27,tt:0.31,num_interact:94,Intrvl:15,num_users:405,errors:11
rt:55.23,through:7.6,tt:0.38,num_interact:114,Intrvl:15,num_users:417,errors:0
rt:54.47,through:8.2,tt:0.4,num_interact:123,Intrvl:15,num_users:406,errors:9
rt:53.03,through:6.73,tt:0.42,num_interact:101,Intrvl:15,num_users:351,errors:4
rt:50.03,through:7.53,tt:0.33,num_interact:113,Intrvl:15,num_users:434,errors:8
rt:54.58,through:5.6,tt:0.35,num_interact:84,Intrvl:15,num_users:343,errors:11
rt:50.52,through:6.07,tt:0.32,num_interact:91,Intrvl:15,num_users:417,errors:0
rt:54.3,through:4.4,tt:0.36,num_interact:66,Intrvl:15,num_users:424,errors:15
rt:57.29,through:7.4,tt:0.32,num_interact:111,Intrvl:15,num_users:424,errors:0
rt:59.18,through:7.53,tt:0.39,num_interact:113,Intrvl:15,num_users:414,errors:17
rt:55.76,through:6.87,tt:0.4,num_interact:104,Intrvl:15,num_users:501,errors:1
rt:58.93,through:7.8,tt:0.38,num_interact:117,Intrvl:15,num_users:407,errors:18
rt:60.56,through:6.73,tt:0.33,num_interact:101,Intrvl:15,num_users:438,errors:1
rt:60.49,through:5.53,tt:0.36,num_interact:83,Intrvl:15,num_users:480,errors:15
rt:56.93,through:5.13,tt:0.37,num_interact:95,Intrvl:15,num_users:444,errors:6
rt:57.44,through:7.33,tt:0.28,num_interact:110,Intrvl:15,num_users:482,errors:0
rt:69.54,through:6.93,tt:0.37,num_interact:104,Intrvl:15,num_users:475,errors:16
rt:61.38,through:7.13,tt:0.4,num_interact:107,Intrvl:15,num_users:452,errors:0
rt:71.19,through:6.87,tt:0.32,num_interact:103,Intrvl:15,num_users:440,errors:10
rt:53.68,through:7.47,tt:0.28,num_interact:112,Intrvl:15,num_users:445,errors:0
rt:57.08,through:7.27,tt:0.36,num_interact:109,Intrvl:15,num_users:508,errors:30
rt:60.01,through:6.67,tt:0.39,num_interact:100,Intrvl:15,num_users:426,errors:1
rt:58.76,through:6.67,tt:0.34,num_interact:100,Intrvl:15,num_users:455,errors:21
rt:61.96,through:5.93,tt:0.34,num_interact:89,Intrvl:15,num_users:435,errors:1
rt:64.37,through:7.2,tt:0.35,num_interact:108,Intrvl:15,num_users:463,errors:16
rt:63.22,through:6.27,tt:0.37,num_interact:94,Intrvl:15,num_users:444,errors:5
rt:69.01,through:7.53,tt:0.41,num_interact:113,Intrvl:15,num_users:412,errors:0
rt:62.99,through:6.93,tt:0.33,num_interact:104,Intrvl:15,num_users:419,errors:14
rt:60.72,through:8.47,tt:0.31,num_interact:127,Intrvl:15,num_users:409,errors:0
rt:62.93,through:6,tt:0.4,num_interact:90,Intrvl:15,num_users:427,errors:23
rt:54.24,through:6.87,tt:0.39,num_interact:103,Intrvl:15,num_users:416,errors:0
rt:53.86,through:8.47,tt:0.35,num_interact:127,Intrvl:15,num_users:448,errors:18
rt:60,through:6.67,tt:0.38,num_interact:100,Intrvl:15,num_users:456,errors:3
rt:55.06,through:8.4,tt:0.34,num_interact:126,Intrvl:15,num_users:482,errors:8
rt:56.35,through:7.67,tt:0.36,num_interact:115,Intrvl:15,num_users:465,errors:8
rt:57.93,through:7.93,tt:0.37,num_interact:119,Intrvl:15,num_users:472,errors:6
rt:57.49,through:8.2,tt:0.34,num_interact:123,Intrvl:15,num_users:454,errors:24
rt:37.36,through:13.73,tt:0.34,num_interact:206,Intrvl:15,num_users:417,errors:0
rt:35.29,through:15.07,tt:0.39,num_interact:226,Intrvl:15,num_users:490,errors:14
rt:34.18,through:15.33,tt:0.37,num_interact:230,Intrvl:15,num_users:473,errors:1
rt:28.46,through:15.33,tt:0.39,num_interact:230,Intrvl:15,num_users:449,errors:11
rt:28.85,through:15.2,tt:0.37,num_interact:228,Intrvl:15,num_users:434,errors:0
rt:27.68,through:15.87,tt:0.35,num_interact:239,Intrvl:15,num_users:407,errors:4
rt:27.03,through:14.87,tt:0.37,num_interact:223,Intrvl:15,num_users:472,errors:6
rt:26.51,through:16.67,tt:0.39,num_interact:250,Intrvl:15,num_users:463,errors:4
rt:26.51,through:13.33,tt:0.31,num_interact:200,Intrvl:15,num_users:371,errors:11
rt:24.5,through:14.67,tt:0.35,num_interact:220,Intrvl:15,num_users:454,errors:0
rt:27.7,through:13.67,tt:0.37,num_interact:205,Intrvl:15,num_users:419,errors:9
rt:27.37,through:16.73,tt:0.37,num_interact:251,Intrvl:15,num_users:435,errors:1
rt:28.88,through:14.93,tt:0.35,num_interact:224,Intrvl:15,num_users:483,errors:11
rt:26.61,through:17,tt:0.34,num_interact:255,Intrvl:15,num_users:486,errors:0
rt:28.38,through:13.4,tt:0.35,num_interact:201,Intrvl:15,num_users:400,errors:11
rt:26.08,through:14.87,tt:0.33,num_interact:223,Intrvl:15,num_users:419,errors:0
rt:25.83,through:15.33,tt:0.38,num_interact:230,Intrvl:15,num_users:414,errors:9
rt:24.23,through:16.33,tt:0.35,num_interact:245,Intrvl:15,num_users:370,errors:1
rt:24.5,through:14.33,tt:0.39,num_interact:215,Intrvl:15,num_users:466,errors:13
rt:24.93,through:16.8,tt:0.38,num_interact:252,Intrvl:15,num_users:466,errors:0
rt:27.36,through:15.47,tt:0.38,num_interact:232,Intrvl:15,num_users:459,errors:10
rt:26.57,through:16.27,tt:0.34,num_interact:244,Intrvl:15,num_users:445,errors:0
rt:27.85,through:15.73,tt:0.3,num_interact:236,Intrvl:15,num_users:421,errors:6
rt:25.22,through:16.07,tt:0.34,num_interact:241,Intrvl:15,num_users:438,errors:0
rt:27.58,through:15.67,tt:0.32,num_interact:235,Intrvl:15,num_users:438,errors:15
rt:26.63,through:16.27,tt:0.35,num_interact:244,Intrvl:15,num_users:423,errors:0
rt:25.48,through:15.67,tt:0.34,num_interact:235,Intrvl:15,num_users:437,errors:12
rt:25.69,through:16.67,tt:0.32,num_interact:250,Intrvl:15,num_users:419,errors:0
rt:27.76,through:15.73,tt:0.34,num_interact:236,Intrvl:15,num_users:463,errors:11
rt:27.4,through:14.2,tt:0.43,num_interact:213,Intrvl:15,num_users:379,errors:0
rt:25.79,through:14.73,tt:0.37,num_interact:221,Intrvl:15,num_users:498,errors:9
rt:26.58,through:16,tt:0.31,num_interact:240,Intrvl:15,num_users:514,errors:0
rt:30.25,through:15.27,tt:0.34,num_interact:229,Intrvl:15,num_users:497,errors:12
rt:31.11,through:15.67,tt:0.33,num_interact:235,Intrvl:15,num_users:480,errors:0
rt:27.63,through:13.33,tt:0.33,num_interact:200,Intrvl:15,num_users:400,errors:10
rt:26.87,through:15.27,tt:0.34,num_interact:229,Intrvl:15,num_users:470,errors:1
rt:30.22,through:14.33,tt:0.34,num_interact:215,Intrvl:15,num_users:403,errors:5
rt:28.01,through:15.07,tt:0.39,num_interact:226,Intrvl:15,num_users:546,errors:0
rt:31.28,through:12.47,tt:0.38,num_interact:187,Intrvl:15,num_users:410,errors:10
rt:29.36,through:14.07,tt:0.38,num_interact:211,Intrvl:15,num_users:463,errors:2
rt:29.49,through:13.87,tt:0.34,num_interact:208,Intrvl:15,num_users:417,errors:9
rt:27.45,through:15.27,tt:0.36,num_interact:229,Intrvl:15,num_users:447,errors:1
rt:27.77,through:16.27,tt:0.38,num_interact:244,Intrvl:15,num_users:455,errors:3
rt:27.5,through:16.93,tt:0.35,num_interact:254,Intrvl:15,num_users:521,errors:2
rt:29.74,through:15.67,tt:0.35,num_interact:235,Intrvl:15,num_users:484,errors:3
rt:29.13,through:16.47,tt:0.34,num_interact:247,Intrvl:15,num_users:521,errors:4
rt:30.15,through:13.53,tt:0.4,num_interact:203,Intrvl:15,num_users:438,errors:0
rt:27.77,through:15.4,tt:0.36,num_interact:231,Intrvl:15,num_users:433,errors:6
rt:27.4,through:15.87,tt:0.3,num_interact:238,Intrvl:15,num_users:452,errors:0
rt:27.91,through:16.27,tt:0.39,num_interact:244,Intrvl:15,num_users:496,errors:4
rt:28.96,through:16.53,tt:0.38,num_interact:248,Intrvl:15,num_users:507,errors:2
rt:28.26,through:15.2,tt:0.37,num_interact:228,Intrvl:15,num_users:458,errors:5
rt:29.34,through:13.93,tt:0.34,num_interact:209,Intrvl:15,num_users:421,errors:6
rt:26.02,through:15.93,tt:0.32,num_interact:239,Intrvl:15,num_users:424,errors:4
rt:25.76,through:15.47,tt:0.3,num_interact:232,Intrvl:15,num_users:431,errors:12
rt:26.83,through:16.8,tt:0.32,num_interact:252,Intrvl:15,num_users:417,errors:1
rt:27.76,through:15.93,tt:0.35,num_interact:239,Intrvl:15,num_users:468,errors:6
rt:25.34,through:16.33,tt:0.36,num_interact:245,Intrvl:15,num_users:470,errors:3
rt:27.89,through:16.2,tt:0.35,num_interact:243,Intrvl:15,num_users:508,errors:13
rt:29.59,through:16,tt:0.33,num_interact:240,Intrvl:15,num_users:486,errors:0
rt:28.17,through:14.87,tt:0.35,num_interact:223,Intrvl:15,num_users:473,errors:20
rt:29.42,through:16.33,tt:0.38,num_interact:245,Intrvl:15,num_users:490,errors:0
rt:28.88,through:13.93,tt:0.34,num_interact:209,Intrvl:15,num_users:442,errors:27
rt:28.78,through:15.07,tt:0.39,num_interact:226,Intrvl:15,num_users:424,errors:0
rt:26.73,through:15,tt:0.36,num_interact:225,Intrvl:15,num_users:482,errors:15
rt:30.25,through:16.33,tt:0.33,num_interact:245,Intrvl:15,num_users:461,errors:0
rt:28.59,through:16.07,tt:0.36,num_interact:241,Intrvl:15,num_users:490,errors:17
rt:29.97,through:15.87,tt:0.37,num_interact:238,Intrvl:15,num_users:505,errors:0
rt:27.97,through:15.27,tt:0.4,num_interact:229,Intrvl:15,num_users:482,errors:17
rt:31.56,through:16.2,tt:0.37,num_interact:243,Intrvl:15,num_users:508,errors:0
rt:29.48,through:15.67,tt:0.37,num_interact:235,Intrvl:15,num_users:515,errors:17
rt:33.83,through:16.07,tt:0.34,num_interact:241,Intrvl:15,num_users:482,errors:2
rt:29.84,through:14.4,tt:0.39,num_interact:216,Intrvl:15,num_users:444,errors:15
rt:22.31,through:22.27,tt:0.39,num_interact:334,Intrvl:15,num_users:433,errors:2
rt:17.23,through:22.93,tt:0.33,num_interact:344,Intrvl:15,num_users:403,errors:13
rt:18.25,through:23.93,tt:0.37,num_interact:359,Intrvl:15,num_users:463,errors:1
rt:17.91,through:24.93,tt:0.35,num_interact:374,Intrvl:15,num_users:444,errors:1
rt:16.77,through:23.8,tt:0.36,num_interact:361,Intrvl:15,num_users:454,errors:8
rt:17.79,through:24.93,tt:0.33,num_interact:374,Intrvl:15,num_users:452,errors:7
rt:18.03,through:23.33,tt:0.34,num_interact:350,Intrvl:15,num_users:402,errors:1
rt:19.09,through:24.87,tt:0.37,num_interact:373,Intrvl:15,num_users:500,errors:7
rt:17.62,through:23.8,tt:0.37,num_interact:357,Intrvl:15,num_users:479,errors:1
rt:17.89,through:24.47,tt:0.35,num_interact:367,Intrvl:15,num_users:491,errors:5
rt:17.59,through:24.67,tt:0.33,num_interact:370,Intrvl:15,num_users:483,errors:1
rt:21.04,through:25.73,tt:0.36,num_interact:388,Intrvl:15,num_users:519,errors:6
rt:20.24,through:23.53,tt:0.37,num_interact:353,Intrvl:15,num_users:514,errors:0
rt:23.36,through:22.67,tt:0.32,num_interact:354,Intrvl:15,num_users:518,errors:0
rt:22.65,through:25.93,tt:0.29,num_interact:389,Intrvl:15,num_users:543,errors:0
rt:20.63,through:23.4,tt:0.36,num_interact:357,Intrvl:15,num_users:487,errors:0
rt:17.6,through:25,tt:0.37,num_interact:375,Intrvl:15,num_users:476,errors:0
rt:17.44,through:23.53,tt:0.37,num_interact:353,Intrvl:15,num_users:413,errors:0
rt:18.48,through:23.27,tt:0.39,num_interact:349,Intrvl:15,num_users:483,errors:0
rt:17.81,through:25.6,tt:0.37,num_interact:384,Intrvl:15,num_users:480,errors:2
rt:18.04,through:23.53,tt:0.37,num_interact:353,Intrvl:15,num_users:435,errors:0
rt:17.54,through:24.67,tt:0.35,num_interact:370,Intrvl:15,num_users:482,errors:0
rt:19.27,through:25.4,tt:0.37,num_interact:381,Intrvl:15,num_users:521,errors:1
rt:18.56,through:22.93,tt:0.36,num_interact:344,Intrvl:15,num_users:444,errors:0
rt:18.12,through:23.6,tt:0.33,num_interact:354,Intrvl:15,num_users:510,errors:0
rt:19.08,through:22.8,tt:0.36,num_interact:344,Intrvl:15,num_users:447,errors:0
rt:17.54,through:23.53,tt:0.34,num_interact:353,Intrvl:15,num_users:459,errors:0
rt:17.37,through:25.73,tt:0.33,num_interact:386,Intrvl:15,num_users:442,errors:1
rt:17.87,through:24.67,tt:0.34,num_interact:370,Intrvl:15,num_users:392,errors:0
rt:17.18,through:22.6,tt:0.35,num_interact:340,Intrvl:15,num_users:535,errors:0
rt:19.6,through:23.13,tt:0.35,num_interact:347,Intrvl:15,num_users:482,errors:1
rt:19.97,through:25,tt:0.34,num_interact:375,Intrvl:15,num_users:490,errors:0
rt:19.28,through:25.53,tt:0.36,num_interact:383,Intrvl:15,num_users:501,errors:1
rt:19.7,through:25.33,tt:0.36,num_interact:380,Intrvl:15,num_users:522,errors:0
rt:19.15,through:26.13,tt:0.33,num_interact:392,Intrvl:15,num_users:505,errors:0
rt:18.09,through:22.67,tt:0.37,num_interact:340,Intrvl:15,num_users:455,errors:1
rt:19.15,through:24.53,tt:0.35,num_interact:368,Intrvl:15,num_users:452,errors:9
rt:16.06,through:29.73,tt:0.34,num_interact:446,Intrvl:15,num_users:522,errors:2
rt:15.23,through:33.6,tt:0.37,num_interact:516,Intrvl:15,num_users:472,errors:0
rt:13.31,through:33.33,tt:0.32,num_interact:522,Intrvl:15,num_users:442,errors:0
rt:14.3,through:33.4,tt:0.34,num_interact:510,Intrvl:15,num_users:552,errors:0
rt:15.43,through:33.6,tt:0.35,num_interact:504,Intrvl:15,num_users:538,errors:0
rt:14.86,through:31.47,tt:0.33,num_interact:472,Intrvl:15,num_users:465,errors:0
rt:13.83,through:33.27,tt:0.34,num_interact:499,Intrvl:15,num_users:470,errors:0
rt:13.65,through:33.67,tt:0.35,num_interact:505,Intrvl:15,num_users:483,errors:0
rt:13.44,through:33.8,tt:0.33,num_interact:507,Intrvl:15,num_users:456,errors:0
rt:12.37,through:32.47,tt:0.36,num_interact:487,Intrvl:15,num_users:434,errors:0
rt:13.63,through:33.53,tt:0.37,num_interact:503,Intrvl:15,num_users:469,errors:0
rt:13.57,through:33.4,tt:0.37,num_interact:501,Intrvl:15,num_users:487,errors:0
rt:12.83,through:34.67,tt:0.35,num_interact:530,Intrvl:15,num_users:477,errors:0
rt:13.19,through:31.73,tt:0.34,num_interact:476,Intrvl:15,num_users:414,errors:0
rt:12.45,through:33.93,tt:0.36,num_interact:509,Intrvl:15,num_users:500,errors:0
rt:13.05,through:33.2,tt:0.33,num_interact:498,Intrvl:15,num_users:475,errors:0
rt:14.17,through:31.4,tt:0.35,num_interact:472,Intrvl:15,num_users:524,errors:0
rt:15.36,through:38.67,tt:0.36,num_interact:585,Intrvl:15,num_users:480,errors:0
rt:14.24,through:32.07,tt:0.36,num_interact:482,Intrvl:15,num_users:479,errors:0
rt:13.03,through:31.6,tt:0.36,num_interact:477,Intrvl:15,num_users:409,errors:0
rt:13.36,through:34.4,tt:0.35,num_interact:517,Intrvl:15,num_users:490,errors:0
rt:13.84,through:32.73,tt:0.35,num_interact:491,Intrvl:15,num_users:468,errors:0
rt:13.48,through:35.07,tt:0.33,num_interact:526,Intrvl:15,num_users:477,errors:0
rt:14.16,through:32.13,tt:0.35,num_interact:482,Intrvl:15,num_users:543,errors:0
rt:14.82,through:33.67,tt:0.35,num_interact:505,Intrvl:15,num_users:455,errors:0
rt:12.03,through:32.07,tt:0.34,num_interact:481,Intrvl:15,num_users:423,errors:0
rt:12.49,through:33.4,tt:0.37,num_interact:501,Intrvl:15,num_users:455,errors:0
rt:13.53,through:33.73,tt:0.36,num_interact:506,Intrvl:15,num_users:503,errors:0
rt:14.17,through:34.27,tt:0.37,num_interact:514,Intrvl:15,num_users:477,errors:0
rt:14.13,through:32.2,tt:0.35,num_interact:489,Intrvl:15,num_users:536,errors:0
rt:15.48,through:32.2,tt:0.34,num_interact:483,Intrvl:15,num_users:494,errors:0
rt:13.99,through:32.93,tt:0.37,num_interact:494,Intrvl:15,num_users:496,errors:0
rt:14.73,through:34.93,tt:0.34,num_interact:529,Intrvl:15,num_users:526,errors:0
rt:16.23,through:32.07,tt:0.36,num_interact:481,Intrvl:15,num_users:591,errors:0
rt:15.9,through:32.73,tt:0.36,num_interact:496,Intrvl:15,num_users:482,errors:0
rt:14.76,through:33.2,tt:0.35,num_interact:499,Intrvl:15,num_users:521,errors:1
rt:15.26,through:33.2,tt:0.36,num_interact:511,Intrvl:15,num_users:514,errors:0
rt:14.74,through:35,tt:0.34,num_interact:526,Intrvl:15,num_users:539,errors:0
rt:15.18,through:31.53,tt:0.35,num_interact:473,Intrvl:15,num_users:501,errors:0
rt:15.01,through:34.13,tt:0.35,num_interact:514,Intrvl:15,num_users:490,errors:0
rt:13.76,through:31.13,tt:0.35,num_interact:467,Intrvl:15,num_users:431,errors:0
rt:12.68,through:33.8,tt:0.37,num_interact:507,Intrvl:15,num_users:479,errors:2
rt:14.07,through:34.33,tt:0.34,num_interact:516,Intrvl:15,num_users:508,errors:10
rt:14.44,through:32.73,tt:0.35,num_interact:491,Intrvl:15,num_users:567,errors:1
rt:15.17,through:33.33,tt:0.35,num_interact:500,Intrvl:15,num_users:504,errors:0
rt:14.71,through:31.93,tt:0.36,num_interact:479,Intrvl:15,num_users:508,errors:0
rt:17.47,through:35.47,tt:0.33,num_interact:533,Intrvl:15,num_users:536,errors:0
rt:15.75,through:33.07,tt:0.36,num_interact:496,Intrvl:15,num_users:539,errors:0
rt:17.79,through:81.53,tt:0.36,num_interact:1229,Intrvl:15,num_users:577,errors:0
rt:16.78,through:26.73,tt:0.32,num_interact:401,Intrvl:15,num_users:584,errors:0
rt:85.14,through:74.07,tt:0.35,num_interact:1111,Intrvl:15,num_users:613,errors:0
rt:26.09,through:32.67,tt:0.35,num_interact:496,Intrvl:15,num_users:459,errors:0
rt:14.08,through:26.87,tt:0.35,num_interact:403,Intrvl:15,num_users:652,errors:0
rt:25.19,through:1.53,tt:0.39,num_interact:23,Intrvl:15,num_users:574,errors:0
rt:35.86,through:1.47,tt:0.46,num_interact:22,Intrvl:15,num_users:546,errors:0
rt:229.1,through:48.93,tt:0.35,num_interact:762,Intrvl:15,num_users:591,errors:0
rt:80.78,through:36.4,tt:0.36,num_interact:577,Intrvl:15,num_users:545,errors:0
rt:20.45,through:35.47,tt:0.34,num_interact:532,Intrvl:15,num_users:536,errors:0
rt:11.91,through:26.2,tt:0.38,num_interact:393,Intrvl:15,num_users:525,errors:0
rt:12.71,through:23.4,tt:0.37,num_interact:351,Intrvl:15,num_users:592,errors:0
rt:16.47,through:23.47,tt:0.35,num_interact:352,Intrvl:15,num_users:539,errors:0
rt:30.72,through:15.33,tt:0.34,num_interact:522,Intrvl:15,num_users:498,errors:0
rt:20.42,through:81.6,tt:0.33,num_interact:1224,Intrvl:15,num_users:532,errors:0
rt:19.24,through:7.93,tt:0.35,num_interact:119,Intrvl:15,num_users:578,errors:0
rt:42.21,through:2.4,tt:0.3,num_interact:36,Intrvl:15,num_users:466,errors:0
rt:271.95,through:94.87,tt:0.36,num_interact:1423,Intrvl:15,num_users:528,errors:34
rt:234.36,through:75.33,tt:0.36,num_interact:1402,Intrvl:15,num_users:668,errors:20
rt:763.89,through:2.73,tt:0.26,num_interact:41,Intrvl:15,num_users:594,errors:0
rt:586.25,through:1.87,tt:0.36,num_interact:28,Intrvl:15,num_users:581,errors:0
rt:262.96,through:72.93,tt:0.34,num_interact:1094,Intrvl:15,num_users:672,errors:10
rt:23.72,through:26.6,tt:0.38,num_interact:399,Intrvl:15,num_users:658,errors:0
rt:18.21,through:23.87,tt:0.33,num_interact:358,Intrvl:15,num_users:615,errors:0
rt:17.01,through:24.6,tt:0.33,num_interact:369,Intrvl:15,num_users:592,errors:0
rt:15.28,through:24.33,tt:0.34,num_interact:365,Intrvl:15,num_users:531,errors:0
rt:13.89,through:26.2,tt:0.38,num_interact:393,Intrvl:15,num_users:522,errors:0
rt:13.9,through:26.53,tt:0.37,num_interact:398,Intrvl:15,num_users:585,errors:0
rt:15.51,through:26.47,tt:0.38,num_interact:397,Intrvl:15,num_users:610,errors:0
rt:16.35,through:25,tt:0.32,num_interact:376,Intrvl:15,num_users:589,errors:0
rt:16.29,through:26.27,tt:0.33,num_interact:394,Intrvl:15,num_users:577,errors:0
rt:15.35,through:24.53,tt:0.36,num_interact:368,Intrvl:15,num_users:557,errors:0
rt:14.84,through:21.07,tt:0.34,num_interact:316,Intrvl:15,num_users:574,errors:0
rt:11.96,through:11.6,tt:0.3,num_interact:174,Intrvl:15,num_users:568,errors:0
rt:20.26,through:12.33,tt:0.34,num_interact:185,Intrvl:15,num_users:566,errors:0
rt:16.46,through:12.67,tt:0.37,num_interact:190,Intrvl:15,num_users:528,errors:59
rt:27.44,through:12.93,tt:0.34,num_interact:194,Intrvl:15,num_users:498,errors:87
rt:41.02,through:13.4,tt:0.36,num_interact:201,Intrvl:15,num_users:507,errors:0
rt:36.67,through:12.73,tt:0.35,num_interact:191,Intrvl:15,num_users:498,errors:0
rt:25.18,through:12.53,tt:0.37,num_interact:188,Intrvl:15,num_users:442,errors:0
rt:31.39,through:13.73,tt:0.37,num_interact:206,Intrvl:15,num_users:491,errors:0
rt:24.56,through:13.4,tt:0.41,num_interact:201,Intrvl:15,num_users:560,errors:0
rt:27.64,through:13.8,tt:0.36,num_interact:207,Intrvl:15,num_users:588,errors:0
rt:31.47,through:12,tt:0.36,num_interact:180,Intrvl:15,num_users:505,errors:0
rt:32.73,through:10.6,tt:0.32,num_interact:159,Intrvl:15,num_users:518,errors:0
rt:31.78,through:12.53,tt:0.4,num_interact:188,Intrvl:15,num_users:501,errors:0
rt:30.2,through:11.27,tt:0.39,num_interact:169,Intrvl:15,num_users:461,errors:0
rt:29.89,through:12.47,tt:0.34,num_interact:187,Intrvl:15,num_users:536,errors:0
rt:27.29,through:13.07,tt:0.34,num_interact:196,Intrvl:15,num_users:522,errors:0
rt:29.16,through:10.73,tt:0.32,num_interact:161,Intrvl:15,num_users:430,errors:0
rt:28.11,through:10.67,tt:0.36,num_interact:160,Intrvl:15,num_users:536,errors:0
rt:28.89,through:13.07,tt:0.37,num_interact:196,Intrvl:15,num_users:651,errors:0
rt:32.11,through:12.2,tt:0.34,num_interact:183,Intrvl:15,num_users:563,errors:0
rt:36.89,through:9.73,tt:0.42,num_interact:146,Intrvl:15,num_users:623,errors:0
rt:37.5,through:11.33,tt:0.32,num_interact:170,Intrvl:15,num_users:511,errors:0
rt:38.37,through:9.47,tt:0.3,num_interact:142,Intrvl:15,num_users:578,errors:0
rt:35.99,through:11.93,tt:0.34,num_interact:179,Intrvl:15,num_users:529,errors:0
rt:34.87,through:10.8,tt:0.39,num_interact:162,Intrvl:15,num_users:505,errors:0
rt:32.66,through:12.6,tt:0.38,num_interact:189,Intrvl:15,num_users:585,errors:0
rt:33.15,through:9.73,tt:0.32,num_interact:146,Intrvl:15,num_users:466,errors:0
rt:32.58,through:10,tt:0.34,num_interact:150,Intrvl:15,num_users:532,errors:0
rt:31.28,through:12.87,tt:0.36,num_interact:193,Intrvl:15,num_users:542,errors:0
rt:30.96,through:13.67,tt:0.37,num_interact:205,Intrvl:15,num_users:620,errors:0
rt:32.01,through:12.13,tt:0.36,num_interact:182,Intrvl:15,num_users:552,errors:0
rt:34.01,through:10.73,tt:0.36,num_interact:161,Intrvl:15,num_users:547,errors:0
rt:35.96,through:13.07,tt:0.38,num_interact:196,Intrvl:15,num_users:550,errors:0
rt:30.91,through:12.13,tt:0.34,num_interact:182,Intrvl:15,num_users:508,errors:0
rt:31.62,through:12.07,tt:0.34,num_interact:181,Intrvl:15,num_users:491,errors:0
rt:30.05,through:12.87,tt:0.35,num_interact:193,Intrvl:15,num_users:617,errors:0
rt:29.71,through:13.47,tt:0.4,num_interact:202,Intrvl:15,num_users:627,errors:0
rt:34.25,through:13.07,tt:0.43,num_interact:196,Intrvl:15,num_users:605,errors:0
rt:35.68,through:12.6,tt:0.34,num_interact:189,Intrvl:15,num_users:668,errors:0
rt:36.43,through:10.93,tt:0.41,num_interact:164,Intrvl:15,num_users:549,errors:0
rt:39.1,through:9.87,tt:0.38,num_interact:148,Intrvl:15,num_users:571,errors:0
rt:38.29,through:12.53,tt:0.35,num_interact:188,Intrvl:15,num_users:584,errors:0
rt:35.99,through:13.47,tt:0.38,num_interact:202,Intrvl:15,num_users:587,errors:0
rt:34.47,through:12.13,tt:0.34,num_interact:182,Intrvl:15,num_users:529,errors:0
rt:33.41,through:11.87,tt:0.34,num_interact:178,Intrvl:15,num_users:556,errors:0
rt:33.25,through:13.4,tt:0.35,num_interact:201,Intrvl:15,num_users:612,errors:0
rt:34.06,through:12.8,tt:0.37,num_interact:192,Intrvl:15,num_users:571,errors:0
rt:34.24,through:11.73,tt:0.34,num_interact:176,Intrvl:15,num_users:571,errors:0
rt:34.43,through:12.27,tt:0.39,num_interact:184,Intrvl:15,num_users:526,errors:0
rt:33.68,through:12.2,tt:0.34,num_interact:194,Intrvl:15,num_users:620,errors:0
rt:32.23,through:13.27,tt:0.37,num_interact:199,Intrvl:15,num_users:679,errors:0
rt:35.76,through:11.07,tt:0.37,num_interact:166,Intrvl:15,num_users:564,errors:0
rt:38.61,through:10.73,tt:0.37,num_interact:161,Intrvl:15,num_users:535,errors:0
rt:38.67,through:11,tt:0.33,num_interact:165,Intrvl:15,num_users:606,errors:0
rt:34.61,through:13,tt:0.33,num_interact:195,Intrvl:15,num_users:629,errors:0
rt:36.5,through:11.67,tt:0.38,num_interact:175,Intrvl:15,num_users:568,errors:0
rt:36.99,through:11.47,tt:0.39,num_interact:172,Intrvl:15,num_users:659,errors:0
rt:36.73,through:13.27,tt:0.35,num_interact:199,Intrvl:15,num_users:624,errors:0
rt:37.26,through:9.67,tt:0.37,num_interact:145,Intrvl:15,num_users:592,errors:0
rt:38.81,through:13.27,tt:0.36,num_interact:199,Intrvl:15,num_users:616,errors:0
rt:37.9,through:13.13,tt:0.38,num_interact:197,Intrvl:15,num_users:612,errors:0
rt:37.17,through:13.4,tt:0.33,num_interact:201,Intrvl:15,num_users:608,errors:0
rt:35.69,through:13.73,tt:0.35,num_interact:206,Intrvl:15,num_users:617,errors:6
rt:35.79,through:13.07,tt:0.36,num_interact:196,Intrvl:15,num_users:599,errors:0
rt:30.23,through:16.4,tt:0.34,num_interact:246,Intrvl:15,num_users:498,errors:0
rt:23.89,through:19.47,tt:0.32,num_interact:292,Intrvl:15,num_users:564,errors:0
rt:19.35,through:22.07,tt:0.38,num_interact:331,Intrvl:15,num_users:591,errors:0
rt:18.35,through:22.13,tt:0.41,num_interact:332,Intrvl:15,num_users:648,errors:0
rt:19.68,through:19.2,tt:0.35,num_interact:288,Intrvl:15,num_users:531,errors:0
rt:16.53,through:18.6,tt:0.37,num_interact:279,Intrvl:15,num_users:714,errors:0
rt:27.48,through:15,tt:0.41,num_interact:225,Intrvl:15,num_users:690,errors:0
rt:30.54,through:15.13,tt:0.35,num_interact:227,Intrvl:15,num_users:641,errors:0
rt:31.17,through:16.2,tt:0.39,num_interact:243,Intrvl:15,num_users:746,errors:4
rt:33.76,through:15.13,tt:0.38,num_interact:227,Intrvl:15,num_users:703,errors:0
rt:34.61,through:15.73,tt:0.35,num_interact:236,Intrvl:15,num_users:643,errors:12
rt:32.73,through:13.67,tt:0.36,num_interact:205,Intrvl:15,num_users:732,errors:0
rt:34.75,through:13.87,tt:0.31,num_interact:208,Intrvl:15,num_users:634,errors:11
rt:33.68,through:15.73,tt:0.35,num_interact:236,Intrvl:15,num_users:651,errors:1
rt:32.82,through:14.67,tt:0.35,num_interact:220,Intrvl:15,num_users:617,errors:12
rt:32.1,through:14.47,tt:0.35,num_interact:217,Intrvl:15,num_users:650,errors:1
rt:32.75,through:14.4,tt:0.36,num_interact:216,Intrvl:15,num_users:567,errors:15
rt:29.42,through:13.87,tt:0.34,num_interact:208,Intrvl:15,num_users:622,errors:10
rt:31.88,through:16.33,tt:0.32,num_interact:245,Intrvl:15,num_users:694,errors:1
rt:28.95,through:13.53,tt:0.32,num_interact:204,Intrvl:15,num_users:662,errors:20
rt:36.29,through:15.2,tt:0.37,num_interact:228,Intrvl:15,num_users:591,errors:0
rt:25.71,through:15.13,tt:0.3,num_interact:227,Intrvl:15,num_users:717,errors:27
rt:40.31,through:13.33,tt:0.39,num_interact:200,Intrvl:15,num_users:672,errors:0
rt:31.5,through:16.73,tt:0.36,num_interact:251,Intrvl:15,num_users:648,errors:20
rt:37.3,through:13.33,tt:0.37,num_interact:200,Intrvl:15,num_users:634,errors:0
rt:33.77,through:16.6,tt:0.36,num_interact:249,Intrvl:15,num_users:693,errors:8
rt:33.45,through:15.6,tt:0.36,num_interact:234,Intrvl:15,num_users:742,errors:0
rt:39.53,through:13.6,tt:0.38,num_interact:204,Intrvl:15,num_users:601,errors:6
rt:29.41,through:14.93,tt:0.33,num_interact:224,Intrvl:15,num_users:638,errors:5
rt:32.54,through:15.27,tt:0.34,num_interact:229,Intrvl:15,num_users:700,errors:0
rt:31.27,through:15.13,tt:0.36,num_interact:227,Intrvl:15,num_users:708,errors:11
rt:34.35,through:16.53,tt:0.34,num_interact:248,Intrvl:15,num_users:673,errors:0
rt:31.99,through:15.2,tt:0.35,num_interact:228,Intrvl:15,num_users:648,errors:9
rt:33.86,through:15.33,tt:0.36,num_interact:230,Intrvl:15,num_users:673,errors:0
rt:31.92,through:14.8,tt:0.36,num_interact:222,Intrvl:15,num_users:638,errors:19
rt:34.38,through:16.2,tt:0.37,num_interact:243,Intrvl:15,num_users:675,errors:0
rt:30.84,through:16.6,tt:0.43,num_interact:249,Intrvl:15,num_users:731,errors:15
rt:36.35,through:13.73,tt:0.35,num_interact:206,Intrvl:15,num_users:661,errors:0
rt:33.07,through:17.2,tt:0.37,num_interact:258,Intrvl:15,num_users:742,errors:13
rt:36.53,through:12.93,tt:0.31,num_interact:194,Intrvl:15,num_users:654,errors:4
rt:34.18,through:16,tt:0.35,num_interact:241,Intrvl:15,num_users:762,errors:16
rt:34.98,through:13.93,tt:0.35,num_interact:209,Intrvl:15,num_users:708,errors:0
rt:38.17,through:15.53,tt:0.31,num_interact:233,Intrvl:15,num_users:643,errors:6
rt:31.76,through:14.4,tt:0.33,num_interact:217,Intrvl:15,num_users:736,errors:4
rt:34.65,through:15.93,tt:0.35,num_interact:239,Intrvl:15,num_users:753,errors:6
rt:34.44,through:14.4,tt:0.36,num_interact:216,Intrvl:15,num_users:703,errors:1
rt:34.52,through:16.13,tt:0.33,num_interact:242,Intrvl:15,num_users:717,errors:11
rt:34.83,through:14,tt:0.32,num_interact:210,Intrvl:15,num_users:655,errors:5
rt:34.54,through:16.67,tt:0.33,num_interact:250,Intrvl:15,num_users:693,errors:1
rt:34.4,through:14.13,tt:0.34,num_interact:212,Intrvl:15,num_users:640,errors:22
rt:37.24,through:15.47,tt:0.35,num_interact:238,Intrvl:15,num_users:665,errors:0
rt:30.21,through:16.07,tt:0.38,num_interact:241,Intrvl:15,num_users:676,errors:17
rt:38.12,through:16.07,tt:0.32,num_interact:241,Intrvl:15,num_users:686,errors:1
rt:30.7,through:17.73,tt:0.36,num_interact:266,Intrvl:15,num_users:710,errors:30
rt:37.53,through:14.47,tt:0.37,num_interact:217,Intrvl:15,num_users:714,errors:0
rt:37.04,through:15.27,tt:0.38,num_interact:229,Intrvl:15,num_users:636,errors:16
rt:35.38,through:13.4,tt:0.35,num_interact:201,Intrvl:15,num_users:676,errors:2
rt:39.07,through:16.2,tt:0.36,num_interact:243,Intrvl:15,num_users:678,errors:4
rt:27.43,through:24.4,tt:0.36,num_interact:366,Intrvl:15,num_users:711,errors:4
rt:26.81,through:25,tt:0.36,num_interact:375,Intrvl:15,num_users:697,errors:0
rt:22.89,through:25.73,tt:0.36,num_interact:386,Intrvl:15,num_users:741,errors:5
rt:24.09,through:25.47,tt:0.36,num_interact:382,Intrvl:15,num_users:791,errors:0
rt:24.81,through:23.4,tt:0.37,num_interact:351,Intrvl:15,num_users:826,errors:0
rt:27.43,through:24.4,tt:0.34,num_interact:366,Intrvl:15,num_users:739,errors:0
rt:24.23,through:22.73,tt:0.32,num_interact:341,Intrvl:15,num_users:676,errors:0
rt:22.74,through:23.2,tt:0.32,num_interact:348,Intrvl:15,num_users:644,errors:0
rt:21.7,through:24.07,tt:0.38,num_interact:364,Intrvl:15,num_users:672,errors:0
rt:21.5,through:25.47,tt:0.38,num_interact:382,Intrvl:15,num_users:661,errors:0
rt:20.61,through:23.4,tt:0.34,num_interact:351,Intrvl:15,num_users:602,errors:0
rt:20.14,through:23.47,tt:0.36,num_interact:352,Intrvl:15,num_users:666,errors:0
rt:20.08,through:25.2,tt:0.37,num_interact:384,Intrvl:15,num_users:654,errors:0
rt:21.57,through:24.73,tt:0.34,num_interact:371,Intrvl:15,num_users:713,errors:0
rt:21.82,through:24.13,tt:0.34,num_interact:362,Intrvl:15,num_users:655,errors:0
rt:20.65,through:24.73,tt:0.35,num_interact:371,Intrvl:15,num_users:697,errors:0
rt:22.75,through:26.47,tt:0.36,num_interact:397,Intrvl:15,num_users:732,errors:0
rt:22.16,through:24.2,tt:0.36,num_interact:363,Intrvl:15,num_users:671,errors:0
rt:22.09,through:25.07,tt:0.35,num_interact:376,Intrvl:15,num_users:704,errors:0
rt:23.02,through:22.6,tt:0.32,num_interact:339,Intrvl:15,num_users:641,errors:0
rt:20.48,through:24.67,tt:0.33,num_interact:373,Intrvl:15,num_users:657,errors:0
rt:21.51,through:25.53,tt:0.35,num_interact:385,Intrvl:15,num_users:685,errors:0
rt:21.48,through:26.6,tt:0.33,num_interact:399,Intrvl:15,num_users:722,errors:0
rt:21.43,through:25.73,tt:0.32,num_interact:386,Intrvl:15,num_users:718,errors:0
rt:23.89,through:25.33,tt:0.38,num_interact:380,Intrvl:15,num_users:732,errors:0
rt:21.83,through:25.47,tt:0.35,num_interact:382,Intrvl:15,num_users:699,errors:0
rt:22.31,through:24.27,tt:0.35,num_interact:365,Intrvl:15,num_users:708,errors:0
rt:22.43,through:24.07,tt:0.33,num_interact:361,Intrvl:15,num_users:654,errors:0
rt:20.67,through:23.27,tt:0.34,num_interact:349,Intrvl:15,num_users:633,errors:0
rt:21.2,through:25.07,tt:0.39,num_interact:376,Intrvl:15,num_users:692,errors:0
rt:22.15,through:23.2,tt:0.34,num_interact:348,Intrvl:15,num_users:610,errors:0
rt:18.97,through:23.4,tt:0.34,num_interact:351,Intrvl:15,num_users:638,errors:1
rt:20.88,through:24.53,tt:0.31,num_interact:368,Intrvl:15,num_users:673,errors:0
rt:20.95,through:25.93,tt:0.36,num_interact:389,Intrvl:15,num_users:664,errors:0
rt:20.45,through:24.67,tt:0.36,num_interact:376,Intrvl:15,num_users:697,errors:0
rt:21.77,through:25.8,tt:0.34,num_interact:387,Intrvl:15,num_users:694,errors:0
rt:21.42,through:25.53,tt:0.35,num_interact:383,Intrvl:15,num_users:774,errors:1
rt:23.69,through:22.87,tt:0.4,num_interact:343,Intrvl:15,num_users:685,errors:0
rt:21.9,through:23.8,tt:0.35,num_interact:369,Intrvl:15,num_users:692,errors:0
rt:21.11,through:23.67,tt:0.39,num_interact:355,Intrvl:15,num_users:647,errors:1
rt:21.72,through:24.93,tt:0.34,num_interact:374,Intrvl:15,num_users:658,errors:0
rt:20.93,through:24.87,tt:0.34,num_interact:373,Intrvl:15,num_users:673,errors:0
rt:19.98,through:23.73,tt:0.36,num_interact:356,Intrvl:15,num_users:594,errors:0
rt:21.31,through:23.33,tt:0.38,num_interact:350,Intrvl:15,num_users:641,errors:0
rt:19.41,through:22.93,tt:0.36,num_interact:344,Intrvl:15,num_users:584,errors:0
rt:19.05,through:26.4,tt:0.37,num_interact:396,Intrvl:15,num_users:629,errors:0
rt:19.89,through:23.47,tt:0.34,num_interact:352,Intrvl:15,num_users:679,errors:0
rt:20.31,through:22.73,tt:0.34,num_interact:341,Intrvl:15,num_users:578,errors:0
rt:18.45,through:23.53,tt:0.37,num_interact:353,Intrvl:15,num_users:595,errors:0
rt:18.1,through:24.67,tt:0.35,num_interact:379,Intrvl:15,num_users:606,errors:1
rt:19.16,through:30.33,tt:0.35,num_interact:455,Intrvl:15,num_users:720,errors:0
rt:21.16,through:24.8,tt:0.36,num_interact:372,Intrvl:15,num_users:704,errors:0
rt:21.78,through:24.87,tt:0.33,num_interact:373,Intrvl:15,num_users:690,errors:1
rt:21.26,through:23.87,tt:0.38,num_interact:358,Intrvl:15,num_users:655,errors:0
rt:20.34,through:23.47,tt:0.35,num_interact:352,Intrvl:15,num_users:613,errors:3
rt:19.65,through:25.87,tt:0.39,num_interact:388,Intrvl:15,num_users:708,errors:9
rt:20.99,through:26.6,tt:0.36,num_interact:399,Intrvl:15,num_users:715,errors:0
rt:18.84,through:28.67,tt:0.35,num_interact:430,Intrvl:15,num_users:651,errors:0
rt:19.55,through:32.2,tt:0.36,num_interact:490,Intrvl:15,num_users:661,errors:0
rt:16.78,through:30.33,tt:0.39,num_interact:455,Intrvl:15,num_users:701,errors:0
rt:19.28,through:27.67,tt:0.35,num_interact:490,Intrvl:15,num_users:686,errors:0
rt:52.95,through:51.87,tt:0.37,num_interact:1040,Intrvl:15,num_users:704,errors:0
rt:181.45,through:22.67,tt:0.37,num_interact:345,Intrvl:15,num_users:669,errors:0
rt:44.62,through:30.47,tt:0.35,num_interact:457,Intrvl:15,num_users:631,errors:0
rt:21.33,through:30,tt:0.36,num_interact:450,Intrvl:15,num_users:671,errors:0
rt:242.36,through:65.2,tt:0.33,num_interact:978,Intrvl:15,num_users:720,errors:9
rt:390.48,through:1.6,tt:0.34,num_interact:556,Intrvl:15,num_users:680,errors:21
rt:116.79,through:25.33,tt:0.3,num_interact:380,Intrvl:15,num_users:708,errors:0
rt:28.05,through:27.13,tt:0.34,num_interact:407,Intrvl:15,num_users:631,errors:0
rt:15.18,through:25.73,tt:0.39,num_interact:386,Intrvl:15,num_users:700,errors:0
rt:17.21,through:21.53,tt:0.35,num_interact:323,Intrvl:15,num_users:613,errors:0
rt:16.93,through:23.4,tt:0.36,num_interact:351,Intrvl:15,num_users:676,errors:0
rt:17.77,through:25.33,tt:0.36,num_interact:380,Intrvl:15,num_users:679,errors:0
rt:17.98,through:25.73,tt:0.35,num_interact:386,Intrvl:15,num_users:676,errors:0
rt:18.07,through:24.73,tt:0.35,num_interact:371,Intrvl:15,num_users:739,errors:0
rt:19.02,through:24.87,tt:0.37,num_interact:373,Intrvl:15,num_users:710,errors:0
rt:18.74,through:24.53,tt:0.36,num_interact:368,Intrvl:15,num_users:735,errors:0
rt:19.37,through:19.67,tt:0.38,num_interact:295,Intrvl:15,num_users:609,errors:2
rt:15.87,through:16.4,tt:0.35,num_interact:246,Intrvl:15,num_users:710,errors:0
rt:17.35,through:18.8,tt:0.32,num_interact:282,Intrvl:15,num_users:699,errors:0
rt:19.28,through:17.4,tt:0.35,num_interact:261,Intrvl:15,num_users:687,errors:19
rt:22.06,through:20.8,tt:0.39,num_interact:312,Intrvl:15,num_users:755,errors:63
rt:24.54,through:18.8,tt:0.37,num_interact:284,Intrvl:15,num_users:806,errors:0
rt:29.73,through:17.2,tt:0.37,num_interact:258,Intrvl:15,num_users:797,errors:0
rt:29.14,through:15.47,tt:0.36,num_interact:232,Intrvl:15,num_users:770,errors:1
rt:34.79,through:15.47,tt:0.33,num_interact:232,Intrvl:15,num_users:659,errors:5
rt:25.58,through:14.47,tt:0.38,num_interact:217,Intrvl:15,num_users:640,errors:9
rt:26.43,through:15,tt:0.41,num_interact:225,Intrvl:15,num_users:749,errors:1
rt:29.39,through:13.67,tt:0.33,num_interact:205,Intrvl:15,num_users:575,errors:4
rt:28.96,through:14.47,tt:0.41,num_interact:217,Intrvl:15,num_users:792,errors:2
rt:28.15,through:13.07,tt:0.4,num_interact:196,Intrvl:15,num_users:699,errors:4
rt:26.85,through:15.33,tt:0.39,num_interact:230,Intrvl:15,num_users:728,errors:8
rt:29.74,through:15.07,tt:0.4,num_interact:226,Intrvl:15,num_users:717,errors:6
rt:33.41,through:13.8,tt:0.34,num_interact:207,Intrvl:15,num_users:669,errors:15
rt:32.45,through:16.07,tt:0.31,num_interact:241,Intrvl:15,num_users:699,errors:0
rt:26.78,through:14.67,tt:0.4,num_interact:220,Intrvl:15,num_users:643,errors:28
rt:31.64,through:14.53,tt:0.37,num_interact:218,Intrvl:15,num_users:685,errors:0
rt:28.66,through:14.53,tt:0.36,num_interact:218,Intrvl:15,num_users:630,errors:20
rt:30.74,through:16.4,tt:0.38,num_interact:246,Intrvl:15,num_users:734,errors:2
rt:28.04,through:15.67,tt:0.37,num_interact:235,Intrvl:15,num_users:692,errors:20
rt:30.08,through:14.33,tt:0.4,num_interact:215,Intrvl:15,num_users:724,errors:0
rt:28.96,through:15,tt:0.4,num_interact:225,Intrvl:15,num_users:651,errors:15
rt:32.35,through:14.47,tt:0.34,num_interact:217,Intrvl:15,num_users:662,errors:2
rt:26.56,through:16.53,tt:0.37,num_interact:248,Intrvl:15,num_users:627,errors:16
rt:25.67,through:15.07,tt:0.35,num_interact:226,Intrvl:15,num_users:610,errors:0
rt:25.84,through:16.13,tt:0.4,num_interact:242,Intrvl:15,num_users:673,errors:1
rt:26.37,through:15.27,tt:0.37,num_interact:229,Intrvl:15,num_users:661,errors:18
rt:25.57,through:16.33,tt:0.34,num_interact:245,Intrvl:15,num_users:714,errors:0
rt:28.31,through:14.87,tt:0.32,num_interact:223,Intrvl:15,num_users:651,errors:17
rt:29.09,through:14.47,tt:0.36,num_interact:217,Intrvl:15,num_users:616,errors:0
rt:24.79,through:15.6,tt:0.36,num_interact:234,Intrvl:15,num_users:687,errors:16
rt:27.75,through:15.07,tt:0.4,num_interact:227,Intrvl:15,num_users:693,errors:1
rt:27.26,through:16.07,tt:0.35,num_interact:241,Intrvl:15,num_users:652,errors:19
rt:30.77,through:14.6,tt:0.37,num_interact:219,Intrvl:15,num_users:736,errors:0
rt:29.73,through:15.87,tt:0.35,num_interact:238,Intrvl:15,num_users:648,errors:12
rt:28.2,through:14.8,tt:0.36,num_interact:222,Intrvl:15,num_users:671,errors:1
rt:26.79,through:15,tt:0.38,num_interact:225,Intrvl:15,num_users:745,errors:13
rt:30.65,through:13.4,tt:0.3,num_interact:201,Intrvl:15,num_users:699,errors:11
rt:31.12,through:16.93,tt:0.35,num_interact:254,Intrvl:15,num_users:689,errors:0
rt:27.43,through:14.8,tt:0.37,num_interact:222,Intrvl:15,num_users:697,errors:15
rt:32.03,through:16.53,tt:0.34,num_interact:249,Intrvl:15,num_users:683,errors:0
rt:28.53,through:16.47,tt:0.33,num_interact:247,Intrvl:15,num_users:710,errors:15
rt:32.24,through:14.6,tt:0.34,num_interact:219,Intrvl:15,num_users:675,errors:0
rt:28.38,through:16.53,tt:0.35,num_interact:248,Intrvl:15,num_users:672,errors:18
rt:28.77,through:14.67,tt:0.38,num_interact:224,Intrvl:15,num_users:671,errors:0
rt:26.04,through:16.53,tt:0.33,num_interact:248,Intrvl:15,num_users:640,errors:19
rt:28.84,through:12,tt:0.36,num_interact:180,Intrvl:15,num_users:567,errors:1
rt:26.45,through:16.87,tt:0.38,num_interact:253,Intrvl:15,num_users:592,errors:15
rt:22.97,through:14.67,tt:0.33,num_interact:220,Intrvl:15,num_users:598,errors:2
rt:22.78,through:15.07,tt:0.34,num_interact:226,Intrvl:15,num_users:546,errors:2
rt:22.53,through:14.6,tt:0.36,num_interact:219,Intrvl:15,num_users:648,errors:12
rt:26.61,through:14.6,tt:0.35,num_interact:219,Intrvl:15,num_users:707,errors:4
rt:27,through:16.6,tt:0.33,num_interact:249,Intrvl:15,num_users:599,errors:13
rt:21.9,through:22,tt:0.38,num_interact:330,Intrvl:15,num_users:664,errors:0
rt:19.14,through:26.07,tt:0.4,num_interact:391,Intrvl:15,num_users:721,errors:1
rt:19.93,through:25.07,tt:0.41,num_interact:376,Intrvl:15,num_users:774,errors:0
rt:20.57,through:21.53,tt:0.36,num_interact:323,Intrvl:15,num_users:634,errors:1
rt:17.31,through:20.87,tt:0.35,num_interact:313,Intrvl:15,num_users:596,errors:0
rt:17.35,through:24.07,tt:0.38,num_interact:361,Intrvl:15,num_users:683,errors:1
rt:18.43,through:22.6,tt:0.38,num_interact:339,Intrvl:15,num_users:627,errors:0
rt:15.78,through:22.73,tt:0.34,num_interact:341,Intrvl:15,num_users:599,errors:1
rt:16.95,through:24.73,tt:0.35,num_interact:371,Intrvl:15,num_users:651,errors:0
rt:17.1,through:25.73,tt:0.32,num_interact:386,Intrvl:15,num_users:655,errors:0
rt:16.31,through:24,tt:0.35,num_interact:360,Intrvl:15,num_users:648,errors:0
rt:16.7,through:24.93,tt:0.37,num_interact:374,Intrvl:15,num_users:606,errors:0
rt:15.89,through:24.6,tt:0.33,num_interact:369,Intrvl:15,num_users:633,errors:0
rt:16.53,through:24.93,tt:0.37,num_interact:374,Intrvl:15,num_users:640,errors:1
rt:16.98,through:24.6,tt:0.33,num_interact:369,Intrvl:15,num_users:623,errors:0
rt:16.21,through:25.6,tt:0.36,num_interact:388,Intrvl:15,num_users:622,errors:0
rt:15.79,through:25.87,tt:0.35,num_interact:388,Intrvl:15,num_users:624,errors:0
rt:16.02,through:24.87,tt:0.34,num_interact:373,Intrvl:15,num_users:603,errors:0
rt:15.52,through:25.33,tt:0.37,num_interact:380,Intrvl:15,num_users:623,errors:0
rt:15.77,through:25.33,tt:0.41,num_interact:380,Intrvl:15,num_users:647,errors:0
rt:16.45,through:23.13,tt:0.34,num_interact:347,Intrvl:15,num_users:587,errors:0
rt:14.11,through:23.27,tt:0.34,num_interact:349,Intrvl:15,num_users:574,errors:0
rt:14.4,through:24.4,tt:0.37,num_interact:366,Intrvl:15,num_users:543,errors:0
rt:15.04,through:25.67,tt:0.37,num_interact:385,Intrvl:15,num_users:644,errors:0
rt:15.28,through:22.47,tt:0.34,num_interact:337,Intrvl:15,num_users:566,errors:0
rt:14.44,through:23.73,tt:0.35,num_interact:356,Intrvl:15,num_users:554,errors:0
rt:14.5,through:25,tt:0.34,num_interact:375,Intrvl:15,num_users:598,errors:0
rt:14.42,through:23.13,tt:0.34,num_interact:347,Intrvl:15,num_users:543,errors:0
rt:13.81,through:24.27,tt:0.38,num_interact:365,Intrvl:15,num_users:595,errors:0
rt:14.48,through:24.6,tt:0.36,num_interact:369,Intrvl:15,num_users:556,errors:0
rt:13.46,through:23.67,tt:0.35,num_interact:355,Intrvl:15,num_users:542,errors:0
rt:12.68,through:25.2,tt:0.37,num_interact:378,Intrvl:15,num_users:545,errors:0
rt:13.24,through:25.8,tt:0.35,num_interact:388,Intrvl:15,num_users:542,errors:0
rt:13.88,through:26.2,tt:0.38,num_interact:393,Intrvl:15,num_users:622,errors:0
rt:14.61,through:23.73,tt:0.35,num_interact:356,Intrvl:15,num_users:591,errors:0
rt:15.21,through:24.47,tt:0.33,num_interact:367,Intrvl:15,num_users:580,errors:0
rt:15.1,through:25.87,tt:0.37,num_interact:388,Intrvl:15,num_users:661,errors:0
rt:16.6,through:25.33,tt:0.33,num_interact:380,Intrvl:15,num_users:652,errors:0
rt:16.28,through:22.4,tt:0.38,num_interact:336,Intrvl:15,num_users:599,errors:0
rt:16.27,through:25.4,tt:0.35,num_interact:381,Intrvl:15,num_users:630,errors:1
rt:16.6,through:24.8,tt:0.36,num_interact:372,Intrvl:15,num_users:783,errors:0
rt:21.39,through:21,tt:0.38,num_interact:315,Intrvl:15,num_users:636,errors:0
rt:18.52,through:21.47,tt:0.36,num_interact:322,Intrvl:15,num_users:707,errors:0
rt:18.86,through:24.8,tt:0.39,num_interact:372,Intrvl:15,num_users:657,errors:0
rt:19.22,through:24.33,tt:0.34,num_interact:365,Intrvl:15,num_users:687,errors:0
rt:18.11,through:21.33,tt:0.33,num_interact:320,Intrvl:15,num_users:605,errors:0
rt:16.23,through:24.33,tt:0.35,num_interact:365,Intrvl:15,num_users:592,errors:0
rt:15.24,through:24.8,tt:0.36,num_interact:372,Intrvl:15,num_users:595,errors:0
rt:15.75,through:26.27,tt:0.34,num_interact:394,Intrvl:15,num_users:626,errors:0
rt:15.93,through:25.27,tt:0.36,num_interact:380,Intrvl:15,num_users:643,errors:0
rt:15.81,through:24.8,tt:0.34,num_interact:372,Intrvl:15,num_users:627,errors:0
rt:16.56,through:26,tt:0.35,num_interact:390,Intrvl:15,num_users:627,errors:0
rt:15.75,through:23.2,tt:0.33,num_interact:348,Intrvl:15,num_users:567,errors:0
rt:14.33,through:24.33,tt:0.35,num_interact:365,Intrvl:15,num_users:589,errors:0
rt:14.63,through:25.8,tt:0.35,num_interact:387,Intrvl:15,num_users:626,errors:0
rt:16.42,through:24.27,tt:0.36,num_interact:364,Intrvl:15,num_users:606,errors:6
rt:11.8,through:32.53,tt:0.33,num_interact:488,Intrvl:15,num_users:571,errors:0
rt:10.24,through:32.27,tt:0.34,num_interact:484,Intrvl:15,num_users:568,errors:0
rt:10.08,through:35.6,tt:0.35,num_interact:534,Intrvl:15,num_users:568,errors:0
rt:10.92,through:35,tt:0.35,num_interact:525,Intrvl:15,num_users:582,errors:0
rt:9.98,through:33.87,tt:0.37,num_interact:508,Intrvl:15,num_users:584,errors:0
rt:9.41,through:31.8,tt:0.32,num_interact:477,Intrvl:15,num_users:505,errors:0
rt:10.4,through:32.87,tt:0.37,num_interact:493,Intrvl:15,num_users:592,errors:0
rt:12.25,through:32.27,tt:0.37,num_interact:511,Intrvl:15,num_users:662,errors:0
rt:11.32,through:32.07,tt:0.34,num_interact:486,Intrvl:15,num_users:581,errors:0
rt:13.39,through:30.4,tt:0.4,num_interact:511,Intrvl:15,num_users:711,errors:0
rt:16.23,through:41.47,tt:0.36,num_interact:622,Intrvl:15,num_users:750,errors:0
rt:21.25,through:7.53,tt:0.39,num_interact:113,Intrvl:15,num_users:704,errors:0
rt:36.05,through:0.73,tt:0.27,num_interact:11,Intrvl:15,num_users:638,errors:0
rt:43.74,through:0.93,tt:0.28,num_interact:14,Intrvl:15,num_users:627,errors:0
rt:67.33,through:1.4,tt:0.41,num_interact:21,Intrvl:15,num_users:608,errors:0
rt:109.94,through:61.27,tt:0.34,num_interact:919,Intrvl:15,num_users:631,errors:0
rt:184.58,through:76.27,tt:0.36,num_interact:1301,Intrvl:15,num_users:666,errors:15
rt:288.27,through:15.4,tt:0.32,num_interact:231,Intrvl:15,num_users:557,errors:7
rt:163.9,through:63.27,tt:0.36,num_interact:949,Intrvl:15,num_users:668,errors:5
rt:40.98,through:19.53,tt:0.35,num_interact:293,Intrvl:15,num_users:633,errors:0
rt:16.57,through:21.4,tt:0.35,num_interact:321,Intrvl:15,num_users:609,errors:0
rt:15.9,through:20.6,tt:0.35,num_interact:309,Intrvl:15,num_users:638,errors:0
rt:18.26,through:16,tt:0.32,num_interact:240,Intrvl:15,num_users:595,errors:0
rt:19.45,through:15.8,tt:0.36,num_interact:237,Intrvl:15,num_users:592,errors:0
rt:22.12,through:15.73,tt:0.39,num_interact:236,Intrvl:15,num_users:633,errors:9
rt:23.59,through:16.93,tt:0.35,num_interact:254,Intrvl:15,num_users:617,errors:0
rt:24.7,through:15.07,tt:0.33,num_interact:226,Intrvl:15,num_users:624,errors:9
rt:21.41,through:16.6,tt:0.34,num_interact:249,Intrvl:15,num_users:599,errors:0
rt:22.31,through:15.33,tt:0.36,num_interact:230,Intrvl:15,num_users:557,errors:9
rt:20.74,through:15.2,tt:0.4,num_interact:228,Intrvl:15,num_users:605,errors:0
rt:22.16,through:16,tt:0.37,num_interact:240,Intrvl:15,num_users:666,errors:16
rt:23.3,through:16.87,tt:0.34,num_interact:253,Intrvl:15,num_users:658,errors:0
rt:24.12,through:14.93,tt:0.35,num_interact:224,Intrvl:15,num_users:601,errors:22
rt:26.3,through:14.73,tt:0.34,num_interact:221,Intrvl:15,num_users:608,errors:0
rt:23.15,through:16.53,tt:0.41,num_interact:248,Intrvl:15,num_users:605,errors:12
rt:25.48,through:13.87,tt:0.36,num_interact:208,Intrvl:15,num_users:557,errors:0
rt:21.4,through:16.8,tt:0.37,num_interact:252,Intrvl:15,num_users:665,errors:15
rt:24.95,through:14.8,tt:0.32,num_interact:222,Intrvl:15,num_users:644,errors:0
rt:22.92,through:14.47,tt:0.32,num_interact:217,Intrvl:15,num_users:585,errors:15
rt:21.62,through:12.4,tt:0.36,num_interact:187,Intrvl:15,num_users:540,errors:1
rt:23.61,through:16.2,tt:0.34,num_interact:243,Intrvl:15,num_users:638,errors:6
rt:24.46,through:15.07,tt:0.34,num_interact:226,Intrvl:15,num_users:659,errors:11
rt:22.41,through:12.27,tt:0.3,num_interact:184,Intrvl:15,num_users:531,errors:0
rt:19.61,through:14.67,tt:0.36,num_interact:220,Intrvl:15,num_users:640,errors:24
rt:27.34,through:13.6,tt:0.37,num_interact:204,Intrvl:15,num_users:570,errors:0
rt:23.16,through:15.33,tt:0.34,num_interact:230,Intrvl:15,num_users:566,errors:12
rt:22.96,through:14.8,tt:0.35,num_interact:222,Intrvl:15,num_users:627,errors:0
rt:23.57,through:16.8,tt:0.37,num_interact:252,Intrvl:15,num_users:602,errors:6
rt:23.03,through:13.93,tt:0.39,num_interact:209,Intrvl:15,num_users:547,errors:2
rt:21.34,through:15.67,tt:0.37,num_interact:235,Intrvl:15,num_users:634,errors:8
rt:23.63,through:14.87,tt:0.32,num_interact:223,Intrvl:15,num_users:645,errors:1
rt:23.62,through:17.2,tt:0.37,num_interact:258,Intrvl:15,num_users:687,errors:0
rt:28.79,through:14.33,tt:0.39,num_interact:215,Intrvl:15,num_users:636,errors:7
rt:23.85,through:17.47,tt:0.37,num_interact:262,Intrvl:15,num_users:652,errors:0
rt:25.33,through:15,tt:0.35,num_interact:225,Intrvl:15,num_users:634,errors:11
rt:24.74,through:16.73,tt:0.35,num_interact:251,Intrvl:15,num_users:641,errors:0
rt:24.02,through:14.93,tt:0.33,num_interact:224,Intrvl:15,num_users:644,errors:19
rt:25.5,through:17.93,tt:0.33,num_interact:269,Intrvl:15,num_users:725,errors:0
rt:27.95,through:14.47,tt:0.38,num_interact:217,Intrvl:15,num_users:676,errors:26
rt:28.16,through:13.6,tt:0.36,num_interact:204,Intrvl:15,num_users:623,errors:0
rt:27.14,through:15.47,tt:0.36,num_interact:232,Intrvl:15,num_users:692,errors:16
rt:28.78,through:16.07,tt:0.35,num_interact:241,Intrvl:15,num_users:771,errors:0
rt:28.81,through:14.93,tt:0.36,num_interact:224,Intrvl:15,num_users:720,errors:21
rt:31.78,through:14.33,tt:0.36,num_interact:215,Intrvl:15,num_users:665,errors:0
rt:24.79,through:14.13,tt:0.39,num_interact:212,Intrvl:15,num_users:612,errors:14
rt:30.1,through:14.27,tt:0.31,num_interact:214,Intrvl:15,num_users:612,errors:1
rt:25.45,through:17.2,tt:0.33,num_interact:258,Intrvl:15,num_users:650,errors:17
rt:26.72,through:15,tt:0.35,num_interact:225,Intrvl:15,num_users:680,errors:0
rt:25.95,through:17.07,tt:0.36,num_interact:256,Intrvl:15,num_users:750,errors:6
rt:31.36,through:14.2,tt:0.31,num_interact:213,Intrvl:15,num_users:668,errors:11
rt:29.27,through:13.6,tt:0.36,num_interact:204,Intrvl:15,num_users:589,errors:0
rt:23.31,through:13.73,tt:0.37,num_interact:206,Intrvl:15,num_users:657,errors:9
rt:27.11,through:13.2,tt:0.34,num_interact:198,Intrvl:15,num_users:566,errors:0
rt:23.38,through:15.33,tt:0.35,num_interact:230,Intrvl:15,num_users:616,errors:15
rt:27.94,through:14.13,tt:0.33,num_interact:212,Intrvl:15,num_users:675,errors:2
rt:25.04,through:16.2,tt:0.36,num_interact:243,Intrvl:15,num_users:643,errors:5
rt:24.19,through:13.47,tt:0.35,num_interact:202,Intrvl:15,num_users:567,errors:1
rt:21.25,through:14.13,tt:0.35,num_interact:212,Intrvl:15,num_users:568,errors:8
rt:23.88,through:15.27,tt:0.37,num_interact:229,Intrvl:15,num_users:707,errors:8
rt:26.82,through:16.87,tt:0.39,num_interact:253,Intrvl:15,num_users:725,errors:6
rt:29.59,through:13.13,tt:0.35,num_interact:197,Intrvl:15,num_users:627,errors:6
rt:24.89,through:14.33,tt:0.34,num_interact:215,Intrvl:15,num_users:609,errors:0
rt:23.85,through:15,tt:0.39,num_interact:225,Intrvl:15,num_users:634,errors:18
rt:26.76,through:13.2,tt:0.34,num_interact:198,Intrvl:15,num_users:543,errors:0
rt:22.69,through:15.27,tt:0.33,num_interact:229,Intrvl:15,num_users:622,errors:15
rt:23.11,through:15.73,tt:0.38,num_interact:236,Intrvl:15,num_users:617,errors:0
rt:22.65,through:14.53,tt:0.34,num_interact:218,Intrvl:15,num_users:570,errors:12
rt:22.19,through:15.67,tt:0.35,num_interact:235,Intrvl:15,num_users:589,errors:0
rt:23.35,through:16.33,tt:0.36,num_interact:245,Intrvl:15,num_users:624,errors:11
rt:24.32,through:16.4,tt:0.32,num_interact:246,Intrvl:15,num_users:584,errors:0
rt:21.72,through:15.47,tt:0.38,num_interact:232,Intrvl:15,num_users:596,errors:14
rt:22.35,through:13.87,tt:0.34,num_interact:208,Intrvl:15,num_users:526,errors:3
rt:19.8,through:15.47,tt:0.39,num_interact:232,Intrvl:15,num_users:619,errors:4
rt:24.22,through:15.27,tt:0.33,num_interact:229,Intrvl:15,num_users:666,errors:1
rt:24.3,through:15.53,tt:0.34,num_interact:233,Intrvl:15,num_users:606,errors:0
rt:24.84,through:15,tt:0.38,num_interact:225,Intrvl:15,num_users:701,errors:17
rt:27.08,through:15.47,tt:0.37,num_interact:232,Intrvl:15,num_users:644,errors:0
rt:24.42,through:13.33,tt:0.34,num_interact:200,Intrvl:15,num_users:592,errors:10
rt:24.5,through:15.33,tt:0.37,num_interact:230,Intrvl:15,num_users:591,errors:0
rt:23.1,through:14.93,tt:0.36,num_interact:228,Intrvl:15,num_users:630,errors:12
rt:24.98,through:16.8,tt:0.36,num_interact:252,Intrvl:15,num_users:658,errors:0
rt:24.01,through:17.93,tt:0.36,num_interact:269,Intrvl:15,num_users:645,errors:21
rt:26.38,through:12.27,tt:0.36,num_interact:184,Intrvl:15,num_users:571,errors:0
rt:21.88,through:15.47,tt:0.34,num_interact:232,Intrvl:15,num_users:588,errors:12
rt:24.16,through:15.4,tt:0.37,num_interact:231,Intrvl:15,num_users:651,errors:0
rt:23.2,through:17.13,tt:0.32,num_interact:257,Intrvl:15,num_users:655,errors:15
rt:25.76,through:15.53,tt:0.38,num_interact:233,Intrvl:15,num_users:641,errors:3
rt:24.2,through:16.2,tt:0.35,num_interact:243,Intrvl:15,num_users:666,errors:0
rt:27.77,through:15.87,tt:0.38,num_interact:238,Intrvl:15,num_users:692,errors:19
rt:27.69,through:14.33,tt:0.35,num_interact:215,Intrvl:15,num_users:609,errors:0
rt:23.68,through:15.07,tt:0.36,num_interact:226,Intrvl:15,num_users:608,errors:15
rt:27.24,through:14.93,tt:0.38,num_interact:224,Intrvl:15,num_users:715,errors:0
rt:30.38,through:15.07,tt:0.36,num_interact:226,Intrvl:15,num_users:601,errors:7
rt:25.74,through:14.47,tt:0.34,num_interact:217,Intrvl:15,num_users:626,errors:0
rt:22.56,through:14.87,tt:0.34,num_interact:223,Intrvl:15,num_users:644,errors:11
rt:24.93,through:15.87,tt:0.36,num_interact:238,Intrvl:15,num_users:624,errors:0
rt:23.94,through:9.47,tt:0.37,num_interact:142,Intrvl:15,num_users:400,errors:12
rt:16.39,through:12.73,tt:0.41,num_interact:191,Intrvl:15,num_users:482,errors:2
rt:20.13,through:12.67,tt:0.38,num_interact:190,Intrvl:15,num_users:398,errors:3
rt:15.55,through:13.8,tt:0.38,num_interact:207,Intrvl:15,num_users:449,errors:1
rt:17.81,through:15,tt:0.37,num_interact:225,Intrvl:15,num_users:444,errors:3
rt:15.76,through:11.8,tt:0.4,num_interact:177,Intrvl:15,num_users:403,errors:0
rt:12.27,through:20.8,tt:0.38,num_interact:312,Intrvl:15,num_users:486,errors:6
rt:13.31,through:15.4,tt:0.32,num_interact:231,Intrvl:15,num_users:461,errors:2
rt:16.03,through:16.07,tt:0.29,num_interact:241,Intrvl:15,num_users:447,errors:12
rt:15.71,through:16.33,tt:0.4,num_interact:245,Intrvl:15,num_users:529,errors:3
rt:19.27,through:16.27,tt:0.35,num_interact:244,Intrvl:15,num_users:480,errors:3
rt:19.21,through:13.73,tt:0.36,num_interact:206,Intrvl:15,num_users:440,errors:1
rt:16.63,through:12.67,tt:0.41,num_interact:190,Intrvl:15,num_users:423,errors:0
rt:17.27,through:15.2,tt:0.33,num_interact:228,Intrvl:15,num_users:433,errors:9
rt:13.3,through:17,tt:0.35,num_interact:255,Intrvl:15,num_users:463,errors:0
rt:16.56,through:18.4,tt:0.38,num_interact:276,Intrvl:15,num_users:475,errors:5
rt:14.88,through:12.6,tt:0.35,num_interact:189,Intrvl:15,num_users:409,errors:0
rt:14.76,through:18.4,tt:0.39,num_interact:276,Intrvl:15,num_users:479,errors:5
rt:14.14,through:14.13,tt:0.37,num_interact:212,Intrvl:15,num_users:441,errors:0
rt:16.91,through:15,tt:0.39,num_interact:225,Intrvl:15,num_users:452,errors:5
rt:14.84,through:17.4,tt:0.35,num_interact:261,Intrvl:15,num_users:458,errors:0
rt:18.62,through:14.73,tt:0.34,num_interact:221,Intrvl:15,num_users:437,errors:0
rt:16.94,through:13.27,tt:0.32,num_interact:199,Intrvl:15,num_users:402,errors:1
rt:14.81,through:16.33,tt:0.34,num_interact:245,Intrvl:15,num_users:417,errors:3
rt:12.71,through:19.8,tt:0.37,num_interact:297,Intrvl:15,num_users:468,errors:0
rt:11.74,through:17.73,tt:0.38,num_interact:266,Intrvl:15,num_users:489,errors:0
rt:17.29,through:16.73,tt:0.37,num_interact:251,Intrvl:15,num_users:469,errors:0
rt:14.74,through:13.27,tt:0.32,num_interact:199,Intrvl:15,num_users:413,errors:0
rt:19.95,through:13,tt:0.31,num_interact:195,Intrvl:15,num_users:410,errors:1
rt:12.82,through:20.87,tt:0.39,num_interact:313,Intrvl:15,num_users:487,errors:0
rt:14.82,through:14.53,tt:0.34,num_interact:218,Intrvl:15,num_users:419,errors:0
rt:13.5,through:14.67,tt:0.35,num_interact:220,Intrvl:15,num_users:458,errors:0
rt:16.01,through:16.2,tt:0.37,num_interact:243,Intrvl:15,num_users:459,errors:1
rt:16.89,through:18.27,tt:0.38,num_interact:274,Intrvl:15,num_users:532,errors:7
rt:16.42,through:14.4,tt:0.37,num_interact:216,Intrvl:15,num_users:424,errors:0
rt:15.08,through:13.13,tt:0.34,num_interact:197,Intrvl:15,num_users:451,errors:0
rt:18.09,through:14.87,tt:0.35,num_interact:223,Intrvl:15,num_users:426,errors:0
rt:16.25,through:17.67,tt:0.35,num_interact:265,Intrvl:15,num_users:554,errors:4
rt:17.82,through:14.53,tt:0.33,num_interact:218,Intrvl:15,num_users:479,errors:0
rt:15.84,through:13.93,tt:0.37,num_interact:209,Intrvl:15,num_users:465,errors:8
rt:18.36,through:16.4,tt:0.38,num_interact:246,Intrvl:15,num_users:529,errors:0
rt:20.31,through:16.47,tt:0.34,num_interact:247,Intrvl:15,num_users:563,errors:8
rt:18.06,through:13.2,tt:0.41,num_interact:198,Intrvl:15,num_users:468,errors:0
rt:18.64,through:13.93,tt:0.36,num_interact:209,Intrvl:15,num_users:550,errors:14
rt:22.22,through:15.8,tt:0.34,num_interact:237,Intrvl:15,num_users:473,errors:0
rt:16.58,through:13.73,tt:0.38,num_interact:206,Intrvl:15,num_users:444,errors:11
Terminating EBs...
EB TPCW Broswing Mix EB #300commiting suicide!
EB TPCW Broswing Mix EB #1479commiting suicide!
EB TPCW Broswing Mix EB #220commiting suicide!
EB TPCW Broswing Mix EB #299commiting suicide!
EB TPCW Broswing Mix EB #175commiting suicide!
EB TPCW Broswing Mix EB #15499commiting suicide!
EB TPCW Broswing Mix EB #279commiting suicide!
EB TPCW Broswing Mix EB #291commiting suicide!
EB TPCW Broswing Mix EB #90commiting suicide!
EB TPCW Broswing Mix EB #21commiting suicide!
EB TPCW Broswing Mix EB #122commiting suicide!
EB TPCW Broswing Mix EB #93commiting suicide!
EB TPCW Broswing Mix EB #692commiting suicide!
EB TPCW Broswing Mix EB #15145commiting suicide!
EB TPCW Broswing Mix EB #15809commiting suicide!
EB TPCW Broswing Mix EB #285commiting suicide!
EB TPCW Broswing Mix EB #262commiting suicide!
EB TPCW Broswing Mix EB #225commiting suicide!
EB TPCW Broswing Mix EB #15663commiting suicide!
EB TPCW Broswing Mix EB #1653commiting suicide!
EB TPCW Broswing Mix EB #20commiting suicide!
EB TPCW Broswing Mix EB #127commiting suicide!
EB TPCW Broswing Mix EB #56commiting suicide!
EB TPCW Broswing Mix EB #178commiting suicide!
EB TPCW Broswing Mix EB #15498commiting suicide!
EB TPCW Broswing Mix EB #15806commiting suicide!
EB TPCW Broswing Mix EB #251commiting suicide!
EB TPCW Broswing Mix EB #508commiting suicide!
EB TPCW Broswing Mix EB #207commiting suicide!
EB TPCW Broswing Mix EB #14commiting suicide!
EB TPCW Broswing Mix EB #15592commiting suicide!
EB TPCW Broswing Mix EB #110commiting suicide!
EB TPCW Broswing Mix EB #139commiting suicide!
EB TPCW Broswing Mix EB #311commiting suicide!
EB TPCW Broswing Mix EB #15591commiting suicide!
EB TPCW Broswing Mix EB #29commiting suicide!
EB TPCW Broswing Mix EB #24commiting suicide!
EB TPCW Broswing Mix EB #684commiting suicide!
EB TPCW Broswing Mix EB #15144commiting suicide!
EB TPCW Broswing Mix EB #30commiting suicide!
EB TPCW Broswing Mix EB #690commiting suicide!
EB TPCW Broswing Mix EB #223commiting suicide!
EB TPCW Broswing Mix EB #81commiting suicide!
EB TPCW Broswing Mix EB #182commiting suicide!
EB TPCW Broswing Mix EB #15497commiting suicide!
EB TPCW Broswing Mix EB #264commiting suicide!
EB TPCW Broswing Mix EB #49commiting suicide!
EB TPCW Broswing Mix EB #15587commiting suicide!
EB TPCW Broswing Mix EB #15503commiting suicide!
EB TPCW Broswing Mix EB #184commiting suicide!
EB TPCW Broswing Mix EB #15803commiting suicide!
EB TPCW Broswing Mix EB #274commiting suicide!
EB TPCW Broswing Mix EB #191commiting suicide!
EB TPCW Broswing Mix EB #27commiting suicide!
EB TPCW Broswing Mix EB #176commiting suicide!
EB TPCW Broswing Mix EB #120commiting suicide!
EB TPCW Broswing Mix EB #286commiting suicide!
EB TPCW Broswing Mix EB #128commiting suicide!
EB TPCW Broswing Mix EB #15813commiting suicide!
EB TPCW Broswing Mix EB #221commiting suicide!
EB TPCW Broswing Mix EB #119commiting suicide!
EB TPCW Broswing Mix EB #243commiting suicide!
EB TPCW Broswing Mix EB #247commiting suicide!
EB TPCW Broswing Mix EB #280commiting suicide!
EB TPCW Broswing Mix EB #15816commiting suicide!
EB TPCW Broswing Mix EB #15586commiting suicide!
EB TPCW Broswing Mix EB #293commiting suicide!
EB TPCW Broswing Mix EB #1477commiting suicide!
EB TPCW Broswing Mix EB #1480commiting suicide!
EB TPCW Broswing Mix EB #686commiting suicide!
EB TPCW Broswing Mix EB #112commiting suicide!
EB TPCW Broswing Mix EB #92commiting suicide!
EB TPCW Broswing Mix EB #134commiting suicide!
EB TPCW Broswing Mix EB #266commiting suicide!
EB TPCW Broswing Mix EB #691commiting suicide!
EB TPCW Broswing Mix EB #1657commiting suicide!
EB TPCW Broswing Mix EB #305commiting suicide!
EB TPCW Broswing Mix EB #169commiting suicide!
EB TPCW Broswing Mix EB #211commiting suicide!
EB TPCW Broswing Mix EB #153commiting suicide!
EB TPCW Broswing Mix EB #26commiting suicide!
EB TPCW Broswing Mix EB #15814commiting suicide!
EB TPCW Broswing Mix EB #15584commiting suicide!
EB TPCW Broswing Mix EB #1651commiting suicide!
EB TPCW Broswing Mix EB #46commiting suicide!
EB TPCW Broswing Mix EB #111commiting suicide!
EB TPCW Broswing Mix EB #310commiting suicide!
EB TPCW Broswing Mix EB #132commiting suicide!
EB TPCW Broswing Mix EB #28commiting suicide!
EB TPCW Broswing Mix EB #493commiting suicide!
EB TPCW Broswing Mix EB #15142commiting suicide!
EB TPCW Broswing Mix EB #36commiting suicide!
EB TPCW Broswing Mix EB #91commiting suicide!
EB TPCW Broswing Mix EB #229commiting suicide!
EB TPCW Broswing Mix EB #11commiting suicide!
EB TPCW Broswing Mix EB #15589commiting suicide!
EB TPCW Broswing Mix EB #500commiting suicide!
EB TPCW Broswing Mix EB #155commiting suicide!
EB TPCW Broswing Mix EB #67commiting suicide!
EB TPCW Broswing Mix EB #195commiting suicide!
EB TPCW Broswing Mix EB #164commiting suicide!
EB TPCW Broswing Mix EB #154commiting suicide!
EB TPCW Broswing Mix EB #1650commiting suicide!
EB TPCW Broswing Mix EB #308commiting suicide!
EB TPCW Broswing Mix EB #131commiting suicide!
EB TPCW Broswing Mix EB #268commiting suicide!
EB TPCW Broswing Mix EB #15664commiting suicide!
EB TPCW Broswing Mix EB #165commiting suicide!
EB TPCW Broswing Mix EB #501commiting suicide!
EB TPCW Broswing Mix EB #678commiting suicide!
EB TPCW Broswing Mix EB #64commiting suicide!
EB TPCW Broswing Mix EB #680commiting suicide!
EB TPCW Broswing Mix EB #246commiting suicide!
EB TPCW Broswing Mix EB #261commiting suicide!
EB TPCW Broswing Mix EB #145commiting suicide!
EB TPCW Broswing Mix EB #685commiting suicide!
EB TPCW Broswing Mix EB #277commiting suicide!
EB TPCW Broswing Mix EB #109commiting suicide!
EB TPCW Broswing Mix EB #237commiting suicide!
EB TPCW Broswing Mix EB #15143commiting suicide!
EB TPCW Broswing Mix EB #209commiting suicide!
EB TPCW Broswing Mix EB #287commiting suicide!
EB TPCW Broswing Mix EB #321commiting suicide!
EB TPCW Broswing Mix EB #76commiting suicide!
EB TPCW Broswing Mix EB #133commiting suicide!
EB TPCW Broswing Mix EB #31commiting suicide!
EB TPCW Broswing Mix EB #15665commiting suicide!
EB TPCW Broswing Mix EB #496commiting suicide!
EB TPCW Broswing Mix EB #69commiting suicide!
EB TPCW Broswing Mix EB #66commiting suicide!
EB TPCW Broswing Mix EB #53commiting suicide!
EB TPCW Broswing Mix EB #144commiting suicide!
EB TPCW Broswing Mix EB #302commiting suicide!
EB TPCW Broswing Mix EB #15590commiting suicide!
EB TPCW Broswing Mix EB #85commiting suicide!
EB TPCW Broswing Mix EB #210commiting suicide!
EB TPCW Broswing Mix EB #78commiting suicide!
EB TPCW Broswing Mix EB #15775commiting suicide!
EB TPCW Broswing Mix EB #82commiting suicide!
EB TPCW Broswing Mix EB #177commiting suicide!
EB TPCW Broswing Mix EB #118commiting suicide!
EB TPCW Broswing Mix EB #226commiting suicide!
EB TPCW Broswing Mix EB #15801commiting suicide!
EB TPCW Broswing Mix EB #185commiting suicide!
EB TPCW Broswing Mix EB #292commiting suicide!
EB TPCW Broswing Mix EB #212commiting suicide!
EB TPCW Broswing Mix EB #230commiting suicide!
EB TPCW Broswing Mix EB #494commiting suicide!
EB TPCW Broswing Mix EB #492commiting suicide!
EB TPCW Broswing Mix EB #80commiting suicide!
EB TPCW Broswing Mix EB #163commiting suicide!
EB TPCW Broswing Mix EB #673commiting suicide!
EB TPCW Broswing Mix EB #75commiting suicide!
EB TPCW Broswing Mix EB #15812commiting suicide!
EB TPCW Broswing Mix EB #683commiting suicide!
EB TPCW Broswing Mix EB #15818commiting suicide!
EB TPCW Broswing Mix EB #205commiting suicide!
EB TPCW Broswing Mix EB #15501commiting suicide!
EB TPCW Broswing Mix EB #15774commiting suicide!
EB TPCW Broswing Mix EB #202commiting suicide!
EB TPCW Broswing Mix EB #303commiting suicide!
EB TPCW Broswing Mix EB #298commiting suicide!
EB TPCW Broswing Mix EB #138commiting suicide!
EB TPCW Broswing Mix EB #150commiting suicide!
EB TPCW Broswing Mix EB #2994commiting suicide!
EB TPCW Broswing Mix EB #15661commiting suicide!
EB TPCW Broswing Mix EB #15662commiting suicide!
EB TPCW Broswing Mix EB #1476commiting suicide!
EB TPCW Broswing Mix EB #37commiting suicide!
EB TPCW Broswing Mix EB #146commiting suicide!
EB TPCW Broswing Mix EB #15500commiting suicide!
EB TPCW Broswing Mix EB #214commiting suicide!
EB TPCW Broswing Mix EB #79commiting suicide!
EB TPCW Broswing Mix EB #22commiting suicide!
EB TPCW Broswing Mix EB #260commiting suicide!
EB TPCW Broswing Mix EB #35commiting suicide!
EB TPCW Broswing Mix EB #44commiting suicide!
EB TPCW Broswing Mix EB #304commiting suicide!
EB TPCW Broswing Mix EB #43commiting suicide!
EB TPCW Broswing Mix EB #15807commiting suicide!
EB TPCW Broswing Mix EB #234commiting suicide!
EB TPCW Broswing Mix EB #1656commiting suicide!
EB TPCW Broswing Mix EB #32commiting suicide!
EB TPCW Broswing Mix EB #99commiting suicide!
EB TPCW Broswing Mix EB #248commiting suicide!
EB TPCW Broswing Mix EB #281commiting suicide!
EB TPCW Broswing Mix EB #242commiting suicide!
EB TPCW Broswing Mix EB #677commiting suicide!
EB TPCW Broswing Mix EB #162commiting suicide!
EB TPCW Broswing Mix EB #171commiting suicide!
EB TPCW Broswing Mix EB #39commiting suicide!
EB TPCW Broswing Mix EB #318commiting suicide!
EB TPCW Broswing Mix EB #94commiting suicide!
EB TPCW Broswing Mix EB #15810commiting suicide!
EB TPCW Broswing Mix EB #1646commiting suicide!
EB TPCW Broswing Mix EB #70commiting suicide!
EB TPCW Broswing Mix EB #2999commiting suicide!
EB TPCW Broswing Mix EB #15commiting suicide!
EB TPCW Broswing Mix EB #275commiting suicide!
EB TPCW Broswing Mix EB #322commiting suicide!
EB TPCW Broswing Mix EB #15504commiting suicide!
EB TPCW Broswing Mix EB #189commiting suicide!
EB TPCW Broswing Mix EB #316commiting suicide!
EB TPCW Broswing Mix EB #25commiting suicide!
EB TPCW Broswing Mix EB #41commiting suicide!
EB TPCW Broswing Mix EB #15588commiting suicide!
EB TPCW Broswing Mix EB #15817commiting suicide!
EB TPCW Broswing Mix EB #668commiting suicide!
EB TPCW Broswing Mix EB #180commiting suicide!
EB TPCW Broswing Mix EB #15815commiting suicide!
EB TPCW Broswing Mix EB #267commiting suicide!
EB TPCW Broswing Mix EB #688commiting suicide!
EB TPCW Broswing Mix EB #15804commiting suicide!
EB TPCW Broswing Mix EB #1649commiting suicide!
EB TPCW Broswing Mix EB #89commiting suicide!
EB TPCW Broswing Mix EB #156commiting suicide!
EB TPCW Broswing Mix EB #57commiting suicide!
EB TPCW Broswing Mix EB #495commiting suicide!
EB TPCW Broswing Mix EB #103commiting suicide!
EB TPCW Broswing Mix EB #83commiting suicide!
EB TPCW Broswing Mix EB #502commiting suicide!
EB TPCW Broswing Mix EB #15502commiting suicide!
EB TPCW Broswing Mix EB #240commiting suicide!
EB TPCW Broswing Mix EB #499commiting suicide!
EB TPCW Broswing Mix EB #283commiting suicide!
EB TPCW Broswing Mix EB #218commiting suicide!
EB TPCW Broswing Mix EB #278commiting suicide!
EB TPCW Broswing Mix EB #314commiting suicide!
EB TPCW Broswing Mix EB #307commiting suicide!
EB TPCW Broswing Mix EB #689commiting suicide!
EB TPCW Broswing Mix EB #323commiting suicide!
EB TPCW Broswing Mix EB #1483commiting suicide!
EB TPCW Broswing Mix EB #670commiting suicide!
EB TPCW Broswing Mix EB #15585commiting suicide!
EB TPCW Broswing Mix EB #15808commiting suicide!
EB TPCW Broswing Mix EB #296commiting suicide!
EB TPCW Broswing Mix EB #256commiting suicide!
EB TPCW Broswing Mix EB #121commiting suicide!
EB TPCW Broswing Mix EB #284commiting suicide!
EB TPCW Broswing Mix EB #117commiting suicide!
EB TPCW Broswing Mix EB #257commiting suicide!
EB TPCW Broswing Mix EB #15811commiting suicide!
EB TPCW Broswing Mix EB #186commiting suicide!
EB TPCW Broswing Mix EB #250commiting suicide!
EB TPCW Broswing Mix EB #1482commiting suicide!
EB TPCW Broswing Mix EB #490commiting suicide!
EB TPCW Broswing Mix EB #50commiting suicide!
EB TPCW Broswing Mix EB #15802commiting suicide!
EB TPCW Broswing Mix EB #15805commiting suicide!
EB TPCW Broswing Mix EB #489commiting suicide!
EB TPCW Broswing Mix EB #288commiting suicide!
EB TPCW Broswing Mix EB #241commiting suicide!
EB TPCW Broswing Mix EB #71commiting suicide!
EB TPCW Broswing Mix EB #157commiting suicide!
EB TPCW Broswing Mix EB #312commiting suicide!
EBs finished.
Really finishing RBE!.
