Remote Browser Emulator for TPC-W.
  ECE 902  Fall '99
  Version 1.5
System's current path is /root/loadtest
rt:0.15,through:2.07,tt:0.33,num_interact:31,Intrvl:15,num_users:1,errors:0
rt:1.94,through:7.67,tt:0.37,num_interact:115,Intrvl:15,num_users:20,errors:0
rt:6.72,through:6.33,tt:0.39,num_interact:95,Intrvl:15,num_users:80,errors:0
rt:11.22,through:8.33,tt:0.41,num_interact:125,Intrvl:15,num_users:120,errors:0
rt:13.55,through:8.27,tt:0.44,num_interact:124,Intrvl:15,num_users:180,errors:0
rt:15.72,through:8.47,tt:0.4,num_interact:127,Intrvl:15,num_users:240,errors:0
rt:22.82,through:8.27,tt:0.39,num_interact:124,Intrvl:15,num_users:280,errors:0
rt:26.04,through:8.33,tt:0.36,num_interact:125,Intrvl:15,num_users:310,errors:0
rt:34.23,through:8.33,tt:0.37,num_interact:125,Intrvl:15,num_users:340,errors:8
rt:35.91,through:7.53,tt:0.35,num_interact:113,Intrvl:15,num_users:370,errors:3
rt:36.93,through:8.4,tt:0.4,num_interact:126,Intrvl:15,num_users:399,errors:13
rt:42.01,through:7.87,tt:0.4,num_interact:118,Intrvl:15,num_users:412,errors:0
rt:43.56,through:8.2,tt:0.35,num_interact:123,Intrvl:15,num_users:419,errors:17
rt:46.11,through:6.93,tt:0.41,num_interact:104,Intrvl:15,num_users:401,errors:3
rt:50.57,through:8.13,tt:0.36,num_interact:122,Intrvl:15,num_users:380,errors:8
rt:48.89,through:6.4,tt:0.29,num_interact:96,Intrvl:15,num_users:430,errors:10
rt:57.89,through:7.4,tt:0.29,num_interact:111,Intrvl:15,num_users:408,errors:0
rt:48.97,through:7.47,tt:0.34,num_interact:112,Intrvl:15,num_users:468,errors:15
rt:60.36,through:6.07,tt:0.38,num_interact:91,Intrvl:15,num_users:392,errors:0
rt:51.37,through:7.33,tt:0.35,num_interact:110,Intrvl:15,num_users:425,errors:24
rt:57.09,through:4.87,tt:0.26,num_interact:73,Intrvl:15,num_users:407,errors:0
rt:59.44,through:7.73,tt:0.36,num_interact:116,Intrvl:15,num_users:400,errors:16
rt:60.82,through:5.07,tt:0.38,num_interact:76,Intrvl:15,num_users:385,errors:1
rt:61.98,through:8.13,tt:0.36,num_interact:122,Intrvl:15,num_users:413,errors:13
rt:57.82,through:7.07,tt:0.36,num_interact:106,Intrvl:15,num_users:433,errors:4
rt:53.91,through:8.07,tt:0.34,num_interact:121,Intrvl:15,num_users:403,errors:0
rt:52.67,through:6.13,tt:0.33,num_interact:92,Intrvl:15,num_users:398,errors:20
rt:55.61,through:7.87,tt:0.38,num_interact:118,Intrvl:15,num_users:392,errors:0
rt:49.85,through:7.33,tt:0.35,num_interact:110,Intrvl:15,num_users:427,errors:17
rt:60.32,through:6.93,tt:0.31,num_interact:104,Intrvl:15,num_users:370,errors:0
rt:52.48,through:7.8,tt:0.33,num_interact:117,Intrvl:15,num_users:376,errors:12
rt:51.97,through:6.13,tt:0.32,num_interact:92,Intrvl:15,num_users:365,errors:0
rt:52.96,through:8.13,tt:0.35,num_interact:122,Intrvl:15,num_users:408,errors:0
rt:50.9,through:6.6,tt:0.42,num_interact:99,Intrvl:15,num_users:387,errors:7
rt:51.46,through:7.73,tt:0.38,num_interact:116,Intrvl:15,num_users:430,errors:0
rt:50.42,through:7.07,tt:0.33,num_interact:106,Intrvl:15,num_users:454,errors:15
rt:49.54,through:7.13,tt:0.33,num_interact:107,Intrvl:15,num_users:378,errors:0
rt:54.65,through:5.73,tt:0.35,num_interact:86,Intrvl:15,num_users:409,errors:16
rt:55.2,through:6.6,tt:0.35,num_interact:99,Intrvl:15,num_users:431,errors:0
rt:58.44,through:7.87,tt:0.35,num_interact:118,Intrvl:15,num_users:401,errors:16
rt:52.98,through:7.13,tt:0.4,num_interact:107,Intrvl:15,num_users:395,errors:0
rt:56.68,through:6.4,tt:0.38,num_interact:96,Intrvl:15,num_users:376,errors:16
rt:55.52,through:6.27,tt:0.34,num_interact:94,Intrvl:15,num_users:327,errors:0
rt:52.36,through:7.13,tt:0.25,num_interact:107,Intrvl:15,num_users:409,errors:17
rt:49.97,through:5.73,tt:0.38,num_interact:86,Intrvl:15,num_users:377,errors:2
rt:49.89,through:7.73,tt:0.38,num_interact:116,Intrvl:15,num_users:414,errors:5
rt:48.19,through:6.2,tt:0.36,num_interact:93,Intrvl:15,num_users:387,errors:10
rt:60.72,through:8,tt:0.34,num_interact:120,Intrvl:15,num_users:407,errors:0
rt:50.66,through:6.33,tt:0.33,num_interact:95,Intrvl:15,num_users:452,errors:16
rt:55.72,through:7.67,tt:0.33,num_interact:115,Intrvl:15,num_users:393,errors:0
rt:50.11,through:6.47,tt:0.33,num_interact:97,Intrvl:15,num_users:414,errors:21
rt:53.09,through:6.27,tt:0.38,num_interact:94,Intrvl:15,num_users:434,errors:5
rt:59.75,through:7.73,tt:0.35,num_interact:116,Intrvl:15,num_users:431,errors:22
rt:34.34,through:13.93,tt:0.33,num_interact:209,Intrvl:15,num_users:353,errors:17
rt:23.26,through:18.2,tt:0.36,num_interact:273,Intrvl:15,num_users:329,errors:5
rt:17.94,through:23.73,tt:0.37,num_interact:356,Intrvl:15,num_users:390,errors:3
rt:15.29,through:25.6,tt:0.34,num_interact:384,Intrvl:15,num_users:393,errors:0
rt:15.43,through:24.4,tt:0.34,num_interact:366,Intrvl:15,num_users:377,errors:11
rt:14.57,through:24.4,tt:0.34,num_interact:366,Intrvl:15,num_users:396,errors:0
rt:17.32,through:24.4,tt:0.37,num_interact:366,Intrvl:15,num_users:469,errors:15
rt:17.08,through:22.8,tt:0.37,num_interact:342,Intrvl:15,num_users:398,errors:0
rt:16.7,through:24.27,tt:0.36,num_interact:364,Intrvl:15,num_users:413,errors:15
rt:15.73,through:22.07,tt:0.34,num_interact:331,Intrvl:15,num_users:426,errors:0
rt:15.32,through:27.27,tt:0.38,num_interact:409,Intrvl:15,num_users:429,errors:20
rt:17.62,through:23.8,tt:0.34,num_interact:357,Intrvl:15,num_users:425,errors:0
rt:17.19,through:26.07,tt:0.36,num_interact:391,Intrvl:15,num_users:451,errors:19
rt:18.71,through:23.33,tt:0.36,num_interact:350,Intrvl:15,num_users:428,errors:0
rt:16.04,through:23.2,tt:0.35,num_interact:348,Intrvl:15,num_users:436,errors:14
rt:17.36,through:23.47,tt:0.36,num_interact:352,Intrvl:15,num_users:398,errors:11
rt:15.95,through:23.4,tt:0.34,num_interact:351,Intrvl:15,num_users:368,errors:0
rt:14.2,through:24.93,tt:0.35,num_interact:374,Intrvl:15,num_users:369,errors:10
rt:17.78,through:24.4,tt:0.4,num_interact:366,Intrvl:15,num_users:615,errors:0
rt:19.16,through:25.53,tt:0.39,num_interact:383,Intrvl:15,num_users:660,errors:20
rt:25.71,through:17.8,tt:0.36,num_interact:267,Intrvl:15,num_users:466,errors:1
rt:15.44,through:32.47,tt:0.39,num_interact:487,Intrvl:15,num_users:599,errors:21
rt:18.16,through:30.27,tt:0.35,num_interact:454,Intrvl:15,num_users:605,errors:14
rt:21.28,through:28.87,tt:0.36,num_interact:433,Intrvl:15,num_users:587,errors:13
rt:14.21,through:44,tt:0.35,num_interact:660,Intrvl:15,num_users:554,errors:1
rt:15.03,through:37.73,tt:0.36,num_interact:566,Intrvl:15,num_users:640,errors:1
rt:15.39,through:40.07,tt:0.37,num_interact:601,Intrvl:15,num_users:626,errors:2
rt:16.28,through:39.13,tt:0.38,num_interact:587,Intrvl:15,num_users:631,errors:0
rt:15.68,through:43.8,tt:0.35,num_interact:666,Intrvl:15,num_users:606,errors:0
rt:14.34,through:41.6,tt:0.35,num_interact:624,Intrvl:15,num_users:614,errors:0
rt:14.75,through:29.47,tt:0.34,num_interact:442,Intrvl:15,num_users:672,errors:0
rt:30.79,through:1.2,tt:0.34,num_interact:18,Intrvl:15,num_users:636,errors:0
rt:222.55,through:29.73,tt:0.35,num_interact:446,Intrvl:15,num_users:536,errors:0
rt:618.98,through:1.13,tt:0.51,num_interact:17,Intrvl:15,num_users:536,errors:0
rt:218.28,through:60.93,tt:0.36,num_interact:914,Intrvl:15,num_users:551,errors:4
rt:11.55,through:39.8,tt:0.36,num_interact:597,Intrvl:15,num_users:555,errors:0
rt:10.75,through:39.47,tt:0.33,num_interact:592,Intrvl:15,num_users:560,errors:0
rt:11.22,through:38.93,tt:0.38,num_interact:584,Intrvl:15,num_users:618,errors:0
rt:12.53,through:39.33,tt:0.35,num_interact:590,Intrvl:15,num_users:632,errors:0
rt:12.79,through:38.73,tt:0.35,num_interact:581,Intrvl:15,num_users:632,errors:0
rt:12.6,through:38.2,tt:0.36,num_interact:573,Intrvl:15,num_users:611,errors:0
rt:12.24,through:36.13,tt:0.36,num_interact:542,Intrvl:15,num_users:561,errors:0
rt:11.42,through:40,tt:0.35,num_interact:600,Intrvl:15,num_users:629,errors:0
rt:11.76,through:37.47,tt:0.35,num_interact:570,Intrvl:15,num_users:583,errors:0
rt:11.82,through:39.4,tt:0.36,num_interact:591,Intrvl:15,num_users:586,errors:0
rt:12.28,through:38.07,tt:0.35,num_interact:571,Intrvl:15,num_users:629,errors:0
rt:12.65,through:37.93,tt:0.38,num_interact:569,Intrvl:15,num_users:610,errors:0
rt:12.75,through:37.07,tt:0.35,num_interact:565,Intrvl:15,num_users:633,errors:0
rt:13.23,through:39.6,tt:0.34,num_interact:595,Intrvl:15,num_users:643,errors:0
rt:12.93,through:38,tt:0.33,num_interact:570,Intrvl:15,num_users:620,errors:0
rt:12.92,through:36,tt:0.36,num_interact:543,Intrvl:15,num_users:583,errors:0
rt:12.17,through:37.53,tt:0.36,num_interact:563,Intrvl:15,num_users:603,errors:0
rt:11.53,through:34.47,tt:0.36,num_interact:520,Intrvl:15,num_users:508,errors:0
rt:11.09,through:36.73,tt:0.37,num_interact:551,Intrvl:15,num_users:570,errors:0
rt:13.19,through:34.67,tt:0.35,num_interact:520,Intrvl:15,num_users:725,errors:1
rt:19.27,through:20.13,tt:0.32,num_interact:302,Intrvl:15,num_users:627,errors:0
rt:22.56,through:23.8,tt:0.36,num_interact:357,Intrvl:15,num_users:668,errors:0
rt:21.89,through:21,tt:0.33,num_interact:315,Intrvl:15,num_users:580,errors:2
rt:21.37,through:14.2,tt:0.35,num_interact:213,Intrvl:15,num_users:534,errors:28
rt:28.83,through:11.93,tt:0.38,num_interact:179,Intrvl:15,num_users:594,errors:0
rt:36.08,through:12.47,tt:0.36,num_interact:187,Intrvl:15,num_users:619,errors:0
rt:37.46,through:12.93,tt:0.42,num_interact:194,Intrvl:15,num_users:608,errors:0
rt:37.59,through:12.53,tt:0.34,num_interact:188,Intrvl:15,num_users:616,errors:0
rt:39.98,through:9.13,tt:0.34,num_interact:137,Intrvl:15,num_users:452,errors:0
rt:40.16,through:8.67,tt:0.41,num_interact:130,Intrvl:15,num_users:652,errors:0
rt:37.75,through:11.4,tt:0.32,num_interact:171,Intrvl:15,num_users:655,errors:0
rt:37.88,through:11.33,tt:0.38,num_interact:170,Intrvl:15,num_users:617,errors:0
rt:43.87,through:12.4,tt:0.36,num_interact:186,Intrvl:15,num_users:645,errors:0
rt:42.6,through:13,tt:0.42,num_interact:195,Intrvl:15,num_users:711,errors:0
rt:41.93,through:12.93,tt:0.35,num_interact:194,Intrvl:15,num_users:706,errors:0
rt:42.4,through:10.87,tt:0.34,num_interact:163,Intrvl:15,num_users:637,errors:0
rt:43.79,through:11.6,tt:0.36,num_interact:179,Intrvl:15,num_users:734,errors:0
rt:44.98,through:12.53,tt:0.38,num_interact:188,Intrvl:15,num_users:676,errors:0
rt:46.49,through:11.93,tt:0.34,num_interact:179,Intrvl:15,num_users:670,errors:0
rt:42.95,through:8.87,tt:0.4,num_interact:133,Intrvl:15,num_users:535,errors:0
rt:44.18,through:10.2,tt:0.33,num_interact:153,Intrvl:15,num_users:539,errors:0
rt:45.72,through:9.13,tt:0.34,num_interact:137,Intrvl:15,num_users:458,errors:0
rt:40.28,through:10.8,tt:0.34,num_interact:162,Intrvl:15,num_users:525,errors:0
rt:34.65,through:11.73,tt:0.37,num_interact:176,Intrvl:15,num_users:734,errors:0
rt:34.36,through:13,tt:0.4,num_interact:195,Intrvl:15,num_users:679,errors:0
rt:39.57,through:10.13,tt:0.36,num_interact:152,Intrvl:15,num_users:630,errors:0
rt:43.77,through:11.07,tt:0.36,num_interact:166,Intrvl:15,num_users:745,errors:0
rt:45.28,through:12.47,tt:0.3,num_interact:187,Intrvl:15,num_users:608,errors:0
rt:43.98,through:9.8,tt:0.37,num_interact:147,Intrvl:15,num_users:702,errors:0
rt:44.45,through:11,tt:0.37,num_interact:165,Intrvl:15,num_users:710,errors:0
rt:43.98,through:13.27,tt:0.38,num_interact:199,Intrvl:15,num_users:761,errors:0
rt:47.05,through:12.13,tt:0.39,num_interact:182,Intrvl:15,num_users:679,errors:0
rt:46.72,through:10.93,tt:0.34,num_interact:164,Intrvl:15,num_users:664,errors:0
rt:46.72,through:11.47,tt:0.35,num_interact:172,Intrvl:15,num_users:722,errors:0
rt:45.41,through:12.33,tt:0.31,num_interact:185,Intrvl:15,num_users:671,errors:0
rt:46.45,through:12.27,tt:0.37,num_interact:184,Intrvl:15,num_users:703,errors:7
rt:47.49,through:11.87,tt:0.36,num_interact:178,Intrvl:15,num_users:686,errors:0
rt:45.2,through:12.6,tt:0.37,num_interact:189,Intrvl:15,num_users:692,errors:1
rt:52.27,through:12.6,tt:0.36,num_interact:189,Intrvl:15,num_users:682,errors:1
rt:46.62,through:12.93,tt:0.33,num_interact:194,Intrvl:15,num_users:710,errors:0
rt:46.77,through:12,tt:0.37,num_interact:180,Intrvl:15,num_users:653,errors:4
rt:45.63,through:11.8,tt:0.34,num_interact:177,Intrvl:15,num_users:679,errors:2
rt:44.06,through:11.53,tt:0.36,num_interact:173,Intrvl:15,num_users:625,errors:1
rt:46.44,through:11.47,tt:0.33,num_interact:172,Intrvl:15,num_users:702,errors:3
rt:45.91,through:11.8,tt:0.38,num_interact:177,Intrvl:15,num_users:689,errors:0
rt:45.74,through:12.73,tt:0.34,num_interact:191,Intrvl:15,num_users:784,errors:9
rt:41.81,through:16.8,tt:0.35,num_interact:252,Intrvl:15,num_users:760,errors:1
rt:31.82,through:23.67,tt:0.38,num_interact:355,Intrvl:15,num_users:717,errors:13
rt:26.98,through:23.87,tt:0.35,num_interact:358,Intrvl:15,num_users:680,errors:0
rt:22.42,through:28.67,tt:0.35,num_interact:430,Intrvl:15,num_users:643,errors:0
rt:19.54,through:31.4,tt:0.36,num_interact:471,Intrvl:15,num_users:716,errors:1
rt:18.28,through:32.8,tt:0.36,num_interact:492,Intrvl:15,num_users:773,errors:0
rt:18.9,through:29.53,tt:0.35,num_interact:443,Intrvl:15,num_users:708,errors:0
rt:17.95,through:32.47,tt:0.34,num_interact:487,Intrvl:15,num_users:737,errors:0
rt:17.74,through:30.67,tt:0.34,num_interact:460,Intrvl:15,num_users:720,errors:0
rt:15.94,through:34.47,tt:0.35,num_interact:517,Intrvl:15,num_users:789,errors:3
rt:22.68,through:22.67,tt:0.37,num_interact:340,Intrvl:15,num_users:683,errors:2
rt:22.23,through:24.33,tt:0.36,num_interact:365,Intrvl:15,num_users:685,errors:0
rt:22.86,through:24.67,tt:0.36,num_interact:370,Intrvl:15,num_users:708,errors:4
rt:23.47,through:25.73,tt:0.33,num_interact:386,Intrvl:15,num_users:719,errors:4
rt:23.35,through:24.07,tt:0.37,num_interact:361,Intrvl:15,num_users:714,errors:13
rt:23.78,through:25,tt:0.35,num_interact:375,Intrvl:15,num_users:758,errors:0
rt:22.25,through:26.2,tt:0.35,num_interact:393,Intrvl:15,num_users:760,errors:21
rt:27.18,through:22.4,tt:0.35,num_interact:336,Intrvl:15,num_users:737,errors:1
rt:22.56,through:27.6,tt:0.36,num_interact:414,Intrvl:15,num_users:828,errors:23
rt:27.95,through:19.53,tt:0.35,num_interact:293,Intrvl:15,num_users:730,errors:1
rt:24.7,through:26.33,tt:0.37,num_interact:400,Intrvl:15,num_users:744,errors:24
rt:26.46,through:22.6,tt:0.36,num_interact:339,Intrvl:15,num_users:779,errors:0
rt:27.71,through:23.67,tt:0.33,num_interact:355,Intrvl:15,num_users:684,errors:14
rt:26.25,through:21.47,tt:0.36,num_interact:322,Intrvl:15,num_users:663,errors:0
rt:21.52,through:24.6,tt:0.38,num_interact:369,Intrvl:15,num_users:764,errors:19
rt:28.05,through:22.13,tt:0.37,num_interact:333,Intrvl:15,num_users:695,errors:2
rt:22.19,through:24.4,tt:0.37,num_interact:366,Intrvl:15,num_users:656,errors:16
rt:23.7,through:24.07,tt:0.36,num_interact:361,Intrvl:15,num_users:640,errors:6
rt:21.33,through:25.07,tt:0.38,num_interact:376,Intrvl:15,num_users:699,errors:6
rt:23.23,through:24.8,tt:0.35,num_interact:372,Intrvl:15,num_users:723,errors:15
rt:24.67,through:24.73,tt:0.39,num_interact:371,Intrvl:15,num_users:744,errors:8
rt:25.12,through:25.8,tt:0.38,num_interact:387,Intrvl:15,num_users:783,errors:28
rt:28.3,through:21.67,tt:0.35,num_interact:325,Intrvl:15,num_users:693,errors:3
rt:22.85,through:24.67,tt:0.31,num_interact:370,Intrvl:15,num_users:652,errors:16
rt:27.83,through:21.8,tt:0.36,num_interact:327,Intrvl:15,num_users:703,errors:2
rt:23.66,through:26.6,tt:0.36,num_interact:399,Intrvl:15,num_users:705,errors:17
rt:26.47,through:18.6,tt:0.32,num_interact:279,Intrvl:15,num_users:603,errors:0
rt:20.35,through:25.33,tt:0.34,num_interact:380,Intrvl:15,num_users:765,errors:5
rt:25.64,through:22.6,tt:0.37,num_interact:339,Intrvl:15,num_users:692,errors:9
rt:23.41,through:23.87,tt:0.35,num_interact:358,Intrvl:15,num_users:647,errors:0
rt:23.18,through:22.87,tt:0.39,num_interact:343,Intrvl:15,num_users:661,errors:13
rt:22.55,through:25.07,tt:0.37,num_interact:376,Intrvl:15,num_users:679,errors:0
rt:22.69,through:25.87,tt:0.28,num_interact:388,Intrvl:15,num_users:685,errors:9
rt:22.94,through:24.53,tt:0.37,num_interact:368,Intrvl:15,num_users:736,errors:2
rt:24.12,through:24.6,tt:0.33,num_interact:369,Intrvl:15,num_users:676,errors:18
rt:21.83,through:23.93,tt:0.34,num_interact:359,Intrvl:15,num_users:711,errors:0
rt:23.19,through:22,tt:0.33,num_interact:330,Intrvl:15,num_users:625,errors:19
rt:23.25,through:23.87,tt:0.35,num_interact:358,Intrvl:15,num_users:631,errors:1
rt:19.76,through:24.8,tt:0.38,num_interact:372,Intrvl:15,num_users:686,errors:15
rt:24.16,through:23.67,tt:0.35,num_interact:355,Intrvl:15,num_users:645,errors:1
rt:22.08,through:24.87,tt:0.36,num_interact:373,Intrvl:15,num_users:702,errors:10
rt:21.29,through:31.27,tt:0.35,num_interact:469,Intrvl:15,num_users:678,errors:0
rt:21.45,through:24.67,tt:0.39,num_interact:370,Intrvl:15,num_users:671,errors:5
rt:20.21,through:25.67,tt:0.36,num_interact:385,Intrvl:15,num_users:662,errors:1
rt:19.15,through:24.07,tt:0.35,num_interact:361,Intrvl:15,num_users:708,errors:27
rt:23.65,through:25.67,tt:0.36,num_interact:385,Intrvl:15,num_users:736,errors:2
rt:22.7,through:26.93,tt:0.34,num_interact:404,Intrvl:15,num_users:759,errors:19
rt:28.31,through:21,tt:0.34,num_interact:315,Intrvl:15,num_users:714,errors:13
rt:21.99,through:28.13,tt:0.33,num_interact:422,Intrvl:15,num_users:666,errors:5
rt:18.57,through:33.87,tt:0.36,num_interact:509,Intrvl:15,num_users:743,errors:9
rt:20.66,through:39.87,tt:0.37,num_interact:598,Intrvl:15,num_users:803,errors:1
rt:139.35,through:28.47,tt:0.34,num_interact:624,Intrvl:15,num_users:747,errors:21
rt:?,through:0,tt:0.34,num_interact:65,Intrvl:15,num_users:728,errors:0
rt:750.92,through:0.47,tt:0.17,num_interact:7,Intrvl:15,num_users:724,errors:0
rt:513.09,through:0.33,tt:0.24,num_interact:5,Intrvl:15,num_users:708,errors:0
rt:530.37,through:0.67,tt:0.31,num_interact:10,Intrvl:15,num_users:666,errors:0
rt:303.97,through:66.33,tt:0.36,num_interact:996,Intrvl:15,num_users:729,errors:16
rt:73.73,through:0.87,tt:0.39,num_interact:13,Intrvl:15,num_users:671,errors:0
rt:92.57,through:1.8,tt:0.25,num_interact:27,Intrvl:15,num_users:654,errors:0
rt:154.41,through:3.67,tt:0.37,num_interact:55,Intrvl:15,num_users:632,errors:0
rt:76,through:12.67,tt:0.39,num_interact:190,Intrvl:15,num_users:638,errors:0
rt:59.64,through:11.27,tt:0.3,num_interact:169,Intrvl:15,num_users:706,errors:0
rt:47.37,through:12.2,tt:0.34,num_interact:183,Intrvl:15,num_users:739,errors:0
rt:29.58,through:11.33,tt:0.35,num_interact:170,Intrvl:15,num_users:707,errors:0
rt:67.89,through:12,tt:0.36,num_interact:180,Intrvl:15,num_users:723,errors:12
rt:32.69,through:11.07,tt:0.34,num_interact:166,Intrvl:15,num_users:722,errors:15
rt:43.98,through:12.73,tt:0.41,num_interact:191,Intrvl:15,num_users:741,errors:0
rt:46.86,through:12.8,tt:0.34,num_interact:192,Intrvl:15,num_users:799,errors:0
rt:25.35,through:10.87,tt:0.37,num_interact:163,Intrvl:15,num_users:773,errors:0
rt:29.06,through:12.67,tt:0.34,num_interact:190,Intrvl:15,num_users:769,errors:0
rt:29.84,through:10.07,tt:0.35,num_interact:151,Intrvl:15,num_users:701,errors:0
rt:27.5,through:10.47,tt:0.39,num_interact:157,Intrvl:15,num_users:695,errors:0
rt:23.55,through:12.33,tt:0.36,num_interact:185,Intrvl:15,num_users:762,errors:0
rt:24.38,through:11.4,tt:0.37,num_interact:171,Intrvl:15,num_users:730,errors:0
rt:27.09,through:9.27,tt:0.37,num_interact:139,Intrvl:15,num_users:665,errors:0
rt:25.66,through:10.67,tt:0.4,num_interact:160,Intrvl:15,num_users:709,errors:0
rt:22.32,through:10.13,tt:0.32,num_interact:152,Intrvl:15,num_users:666,errors:0
rt:22.45,through:12.33,tt:0.33,num_interact:185,Intrvl:15,num_users:733,errors:0
rt:20.99,through:12.67,tt:0.34,num_interact:190,Intrvl:15,num_users:738,errors:0
rt:26.19,through:10.53,tt:0.37,num_interact:158,Intrvl:15,num_users:699,errors:0
rt:24.35,through:12.47,tt:0.32,num_interact:187,Intrvl:15,num_users:701,errors:0
rt:20.99,through:9.87,tt:0.35,num_interact:148,Intrvl:15,num_users:644,errors:0
rt:20.73,through:11.6,tt:0.38,num_interact:174,Intrvl:15,num_users:666,errors:0
rt:20.2,through:12.33,tt:0.36,num_interact:185,Intrvl:15,num_users:719,errors:0
rt:19.78,through:12.8,tt:0.36,num_interact:192,Intrvl:15,num_users:739,errors:0
rt:25.83,through:12.4,tt:0.41,num_interact:186,Intrvl:15,num_users:729,errors:0
rt:25.2,through:12.53,tt:0.34,num_interact:188,Intrvl:15,num_users:760,errors:0
rt:24.66,through:5.93,tt:0.41,num_interact:89,Intrvl:15,num_users:592,errors:0
rt:24.5,through:10.27,tt:0.33,num_interact:154,Intrvl:15,num_users:596,errors:0
rt:17.36,through:12.27,tt:0.33,num_interact:184,Intrvl:15,num_users:734,errors:0
rt:19.46,through:12.67,tt:0.45,num_interact:190,Intrvl:15,num_users:765,errors:0
rt:29.46,through:12.53,tt:0.39,num_interact:188,Intrvl:15,num_users:792,errors:0
rt:29.46,through:11,tt:0.34,num_interact:165,Intrvl:15,num_users:723,errors:0
rt:29.66,through:10.73,tt:0.32,num_interact:161,Intrvl:15,num_users:720,errors:0
rt:29.3,through:11.6,tt:0.33,num_interact:174,Intrvl:15,num_users:744,errors:0
rt:28.24,through:12.6,tt:0.35,num_interact:189,Intrvl:15,num_users:756,errors:0
rt:26.1,through:11.67,tt:0.32,num_interact:175,Intrvl:15,num_users:715,errors:0
rt:27.54,through:9.87,tt:0.32,num_interact:148,Intrvl:15,num_users:690,errors:0
rt:27.46,through:11.73,tt:0.32,num_interact:176,Intrvl:15,num_users:678,errors:0
rt:24.09,through:9.73,tt:0.37,num_interact:146,Intrvl:15,num_users:612,errors:0
rt:21.31,through:10.87,tt:0.29,num_interact:163,Intrvl:15,num_users:688,errors:0
rt:20.58,through:12.53,tt:0.35,num_interact:188,Intrvl:15,num_users:701,errors:0
rt:24.07,through:12.8,tt:0.38,num_interact:192,Intrvl:15,num_users:751,errors:0
rt:26.4,through:10.67,tt:0.32,num_interact:160,Intrvl:15,num_users:704,errors:0
rt:26.25,through:11.8,tt:0.33,num_interact:177,Intrvl:15,num_users:780,errors:0
rt:26.7,through:6.33,tt:0.3,num_interact:95,Intrvl:15,num_users:654,errors:0
rt:30.99,through:10.4,tt:0.33,num_interact:156,Intrvl:15,num_users:725,errors:0
rt:27.86,through:12.4,tt:0.37,num_interact:186,Intrvl:15,num_users:738,errors:8
rt:20.35,through:17.87,tt:0.4,num_interact:268,Intrvl:15,num_users:729,errors:0
rt:15.18,through:26.47,tt:0.37,num_interact:397,Intrvl:15,num_users:767,errors:0
rt:12.88,through:23.93,tt:0.38,num_interact:359,Intrvl:15,num_users:724,errors:10
rt:11.87,through:27.33,tt:0.37,num_interact:410,Intrvl:15,num_users:784,errors:3
rt:12.53,through:28.73,tt:0.34,num_interact:431,Intrvl:15,num_users:751,errors:0
rt:12.02,through:31.13,tt:0.34,num_interact:467,Intrvl:15,num_users:779,errors:0
rt:12.07,through:31.47,tt:0.36,num_interact:472,Intrvl:15,num_users:799,errors:0
rt:11.91,through:30.47,tt:0.33,num_interact:457,Intrvl:15,num_users:780,errors:0
rt:10.35,through:29.87,tt:0.37,num_interact:448,Intrvl:15,num_users:750,errors:0
rt:10.71,through:30.87,tt:0.37,num_interact:463,Intrvl:15,num_users:799,errors:0
rt:8.24,through:30.93,tt:0.34,num_interact:464,Intrvl:15,num_users:716,errors:0
rt:12.02,through:24.4,tt:0.36,num_interact:366,Intrvl:15,num_users:769,errors:0
rt:12.54,through:24.4,tt:0.34,num_interact:366,Intrvl:15,num_users:738,errors:0
rt:11.83,through:20.73,tt:0.31,num_interact:311,Intrvl:15,num_users:656,errors:7
rt:10.89,through:22.67,tt:0.37,num_interact:340,Intrvl:15,num_users:707,errors:0
rt:10.27,through:25.27,tt:0.37,num_interact:379,Intrvl:15,num_users:683,errors:6
rt:12.93,through:23.4,tt:0.39,num_interact:351,Intrvl:15,num_users:821,errors:0
rt:15.78,through:25.4,tt:0.35,num_interact:381,Intrvl:15,num_users:830,errors:26
rt:14.12,through:20.07,tt:0.39,num_interact:301,Intrvl:15,num_users:731,errors:0
rt:13.61,through:24.6,tt:0.36,num_interact:369,Intrvl:15,num_users:749,errors:18
rt:14.03,through:20.93,tt:0.37,num_interact:314,Intrvl:15,num_users:753,errors:0
rt:14.46,through:26.53,tt:0.38,num_interact:404,Intrvl:15,num_users:758,errors:12
rt:14.98,through:23.2,tt:0.35,num_interact:351,Intrvl:15,num_users:764,errors:2
rt:14.73,through:25.33,tt:0.36,num_interact:380,Intrvl:15,num_users:798,errors:0
rt:13.8,through:21.6,tt:0.33,num_interact:324,Intrvl:15,num_users:668,errors:11
rt:12.84,through:24.53,tt:0.39,num_interact:380,Intrvl:15,num_users:769,errors:0
rt:12.87,through:26.67,tt:0.36,num_interact:401,Intrvl:15,num_users:819,errors:11
rt:13.64,through:24.67,tt:0.34,num_interact:370,Intrvl:15,num_users:776,errors:0
rt:13.59,through:18.73,tt:0.37,num_interact:281,Intrvl:15,num_users:825,errors:19
rt:17.65,through:27.47,tt:0.38,num_interact:412,Intrvl:15,num_users:795,errors:0
rt:14.97,through:23.27,tt:0.34,num_interact:349,Intrvl:15,num_users:757,errors:5
rt:15.51,through:22.6,tt:0.36,num_interact:339,Intrvl:15,num_users:788,errors:5
rt:14.31,through:25.47,tt:0.38,num_interact:382,Intrvl:15,num_users:854,errors:0
rt:17.59,through:20.07,tt:0.35,num_interact:301,Intrvl:15,num_users:689,errors:30
rt:13.22,through:20.53,tt:0.4,num_interact:308,Intrvl:15,num_users:775,errors:0
rt:13.68,through:22.2,tt:0.33,num_interact:333,Intrvl:15,num_users:693,errors:3
rt:14.17,through:20.2,tt:0.37,num_interact:303,Intrvl:15,num_users:669,errors:0
rt:10.37,through:23.67,tt:0.38,num_interact:355,Intrvl:15,num_users:702,errors:0
rt:13.23,through:26.07,tt:0.35,num_interact:391,Intrvl:15,num_users:769,errors:5
rt:13.64,through:24.4,tt:0.37,num_interact:366,Intrvl:15,num_users:724,errors:0
rt:12.7,through:24.07,tt:0.35,num_interact:361,Intrvl:15,num_users:743,errors:6
rt:15.29,through:23.33,tt:0.39,num_interact:350,Intrvl:15,num_users:834,errors:3
rt:15.49,through:24.2,tt:0.34,num_interact:363,Intrvl:15,num_users:768,errors:0
rt:16.22,through:22.6,tt:0.38,num_interact:339,Intrvl:15,num_users:842,errors:11
rt:16.72,through:23.8,tt:0.34,num_interact:357,Intrvl:15,num_users:789,errors:0
rt:15.81,through:25.13,tt:0.36,num_interact:377,Intrvl:15,num_users:846,errors:7
rt:17.44,through:21.53,tt:0.34,num_interact:323,Intrvl:15,num_users:801,errors:0
rt:15.8,through:24.6,tt:0.38,num_interact:369,Intrvl:15,num_users:818,errors:8
rt:17.16,through:23.93,tt:0.37,num_interact:359,Intrvl:15,num_users:811,errors:4
rt:15.13,through:23,tt:0.37,num_interact:345,Intrvl:15,num_users:764,errors:0
rt:13.8,through:23.47,tt:0.35,num_interact:352,Intrvl:15,num_users:733,errors:12
rt:14.09,through:21.2,tt:0.37,num_interact:318,Intrvl:15,num_users:759,errors:0
rt:16.41,through:18.13,tt:0.39,num_interact:272,Intrvl:15,num_users:697,errors:9
rt:13.21,through:24.67,tt:0.36,num_interact:370,Intrvl:15,num_users:779,errors:2
rt:14.53,through:23.93,tt:0.36,num_interact:359,Intrvl:15,num_users:756,errors:1
rt:14.42,through:21.07,tt:0.34,num_interact:316,Intrvl:15,num_users:730,errors:7
rt:13.97,through:27.13,tt:0.36,num_interact:407,Intrvl:15,num_users:765,errors:0
rt:13.34,through:24.6,tt:0.34,num_interact:369,Intrvl:15,num_users:746,errors:11
rt:16.13,through:23.27,tt:0.38,num_interact:349,Intrvl:15,num_users:888,errors:0
rt:18.3,through:24.93,tt:0.34,num_interact:374,Intrvl:15,num_users:801,errors:15
rt:15,through:20.53,tt:0.32,num_interact:308,Intrvl:15,num_users:772,errors:1
rt:14.8,through:23.4,tt:0.35,num_interact:351,Intrvl:15,num_users:831,errors:11
rt:17.88,through:23.4,tt:0.35,num_interact:351,Intrvl:15,num_users:818,errors:2
rt:16.19,through:24.47,tt:0.37,num_interact:374,Intrvl:15,num_users:836,errors:2
rt:17.71,through:24.87,tt:0.37,num_interact:373,Intrvl:15,num_users:811,errors:12
rt:15.05,through:21.8,tt:0.38,num_interact:327,Intrvl:15,num_users:760,errors:0
rt:17.39,through:24.27,tt:0.35,num_interact:364,Intrvl:15,num_users:763,errors:17
rt:12.54,through:24,tt:0.33,num_interact:360,Intrvl:15,num_users:792,errors:0
rt:16.05,through:27.07,tt:0.36,num_interact:406,Intrvl:15,num_users:795,errors:13
rt:16.23,through:23.33,tt:0.37,num_interact:350,Intrvl:15,num_users:844,errors:0
rt:15.95,through:26.8,tt:0.37,num_interact:402,Intrvl:15,num_users:770,errors:19
rt:9.48,through:30,tt:0.37,num_interact:450,Intrvl:15,num_users:743,errors:0
rt:11.31,through:33.87,tt:0.38,num_interact:508,Intrvl:15,num_users:855,errors:19
rt:12.54,through:27.93,tt:0.37,num_interact:419,Intrvl:15,num_users:706,errors:0
rt:10.3,through:31.8,tt:0.38,num_interact:477,Intrvl:15,num_users:779,errors:14
rt:10.89,through:29.53,tt:0.38,num_interact:443,Intrvl:15,num_users:848,errors:3
rt:13.2,through:33.07,tt:0.37,num_interact:496,Intrvl:15,num_users:871,errors:0
rt:16.69,through:29.53,tt:0.34,num_interact:461,Intrvl:15,num_users:906,errors:9
rt:15.93,through:25.53,tt:0.35,num_interact:383,Intrvl:15,num_users:847,errors:6
rt:22.87,through:1,tt:0.32,num_interact:15,Intrvl:15,num_users:835,errors:8
rt:266.85,through:29.07,tt:0.33,num_interact:436,Intrvl:15,num_users:841,errors:18
rt:121.09,through:18.2,tt:0.4,num_interact:273,Intrvl:15,num_users:875,errors:0
rt:92.43,through:12.27,tt:0.36,num_interact:184,Intrvl:15,num_users:786,errors:0
rt:6.67,through:2.47,tt:0.37,num_interact:37,Intrvl:15,num_users:843,errors:0
rt:19.29,through:1.93,tt:0.45,num_interact:29,Intrvl:15,num_users:765,errors:0
rt:28.19,through:37.2,tt:0.37,num_interact:558,Intrvl:15,num_users:873,errors:0
rt:11.84,through:0.4,tt:0.45,num_interact:6,Intrvl:15,num_users:817,errors:0
rt:?,through:0,tt:0.47,num_interact:83,Intrvl:15,num_users:817,errors:0
rt:25.45,through:23.87,tt:0.35,num_interact:358,Intrvl:15,num_users:837,errors:1
rt:16.96,through:5.6,tt:0.42,num_interact:84,Intrvl:15,num_users:766,errors:0
rt:11.19,through:8.2,tt:0.39,num_interact:123,Intrvl:15,num_users:821,errors:0
rt:14.55,through:7.47,tt:0.37,num_interact:112,Intrvl:15,num_users:807,errors:0
rt:14.79,through:8.33,tt:0.31,num_interact:125,Intrvl:15,num_users:812,errors:0
rt:14.1,through:8.33,tt:0.39,num_interact:125,Intrvl:15,num_users:868,errors:0
rt:16.62,through:4.4,tt:0.32,num_interact:66,Intrvl:15,num_users:783,errors:0
rt:17.09,through:5.33,tt:0.32,num_interact:80,Intrvl:15,num_users:673,errors:0
rt:8.87,through:7.93,tt:0.33,num_interact:119,Intrvl:15,num_users:695,errors:0
rt:10.9,through:8.8,tt:0.47,num_interact:132,Intrvl:15,num_users:820,errors:0
rt:17.4,through:3.53,tt:0.34,num_interact:53,Intrvl:15,num_users:711,errors:0
rt:22.66,through:6.4,tt:0.37,num_interact:96,Intrvl:15,num_users:754,errors:0
rt:17.94,through:8.33,tt:0.38,num_interact:125,Intrvl:15,num_users:755,errors:0
rt:16.43,through:7.73,tt:0.34,num_interact:116,Intrvl:15,num_users:741,errors:0
rt:16.65,through:8.53,tt:0.39,num_interact:128,Intrvl:15,num_users:789,errors:0
rt:17.75,through:6.33,tt:0.36,num_interact:95,Intrvl:15,num_users:736,errors:0
rt:18.73,through:7.27,tt:0.44,num_interact:109,Intrvl:15,num_users:740,errors:0
rt:16.06,through:8.53,tt:0.38,num_interact:128,Intrvl:15,num_users:809,errors:0
rt:20.15,through:4.07,tt:0.36,num_interact:61,Intrvl:15,num_users:728,errors:0
rt:20.07,through:4.73,tt:0.42,num_interact:71,Intrvl:15,num_users:683,errors:0
rt:12.97,through:8.2,tt:0.36,num_interact:123,Intrvl:15,num_users:764,errors:0
rt:15.56,through:7.47,tt:0.4,num_interact:112,Intrvl:15,num_users:741,errors:0
rt:17.92,through:6.33,tt:0.32,num_interact:95,Intrvl:15,num_users:706,errors:0
rt:13.27,through:8.27,tt:0.41,num_interact:124,Intrvl:15,num_users:811,errors:0
rt:18.19,through:6.47,tt:0.45,num_interact:97,Intrvl:15,num_users:737,errors:0
rt:21.63,through:3.13,tt:0.36,num_interact:47,Intrvl:15,num_users:676,errors:0
rt:13.72,through:7.13,tt:0.37,num_interact:107,Intrvl:15,num_users:734,errors:0
rt:13.51,through:6.33,tt:0.37,num_interact:95,Intrvl:15,num_users:698,errors:0
rt:12.37,through:8.07,tt:0.36,num_interact:121,Intrvl:15,num_users:755,errors:0
rt:16.87,through:8,tt:0.36,num_interact:120,Intrvl:15,num_users:741,errors:0
rt:14.91,through:6.67,tt:0.37,num_interact:100,Intrvl:15,num_users:715,errors:0
rt:14.25,through:8.53,tt:0.32,num_interact:128,Intrvl:15,num_users:807,errors:0
rt:17.91,through:8.53,tt:0.41,num_interact:128,Intrvl:15,num_users:815,errors:0
rt:23.71,through:6.53,tt:0.39,num_interact:98,Intrvl:15,num_users:767,errors:0
rt:22.92,through:7.27,tt:0.32,num_interact:109,Intrvl:15,num_users:794,errors:0
rt:22.9,through:7.47,tt:0.36,num_interact:112,Intrvl:15,num_users:774,errors:0
rt:20,through:3.93,tt:0.48,num_interact:59,Intrvl:15,num_users:685,errors:0
rt:14.92,through:7.07,tt:0.39,num_interact:106,Intrvl:15,num_users:721,errors:0
rt:13.77,through:8.67,tt:0.38,num_interact:130,Intrvl:15,num_users:810,errors:0
rt:18.99,through:8.27,tt:0.46,num_interact:124,Intrvl:15,num_users:820,errors:0
rt:24.05,through:4.73,tt:0.27,num_interact:71,Intrvl:15,num_users:707,errors:0
rt:22.24,through:5.33,tt:0.36,num_interact:80,Intrvl:15,num_users:754,errors:0
rt:19.31,through:8.13,tt:0.38,num_interact:122,Intrvl:15,num_users:757,errors:0
rt:17.54,through:6.33,tt:0.37,num_interact:95,Intrvl:15,num_users:708,errors:0
rt:14.5,through:7.47,tt:0.39,num_interact:112,Intrvl:15,num_users:738,errors:0
rt:14.79,through:8.8,tt:0.39,num_interact:132,Intrvl:15,num_users:755,errors:17
rt:8,through:14.8,tt:0.35,num_interact:222,Intrvl:15,num_users:727,errors:0
rt:5.3,through:20.53,tt:0.33,num_interact:308,Intrvl:15,num_users:707,errors:0
rt:3.58,through:22.4,tt:0.37,num_interact:336,Intrvl:15,num_users:696,errors:0
rt:5.11,through:23.87,tt:0.39,num_interact:358,Intrvl:15,num_users:767,errors:0
rt:4.2,through:22.93,tt:0.34,num_interact:344,Intrvl:15,num_users:706,errors:0
rt:3.25,through:25.07,tt:0.32,num_interact:376,Intrvl:15,num_users:696,errors:0
rt:3.05,through:25.27,tt:0.39,num_interact:379,Intrvl:15,num_users:698,errors:0
rt:2.61,through:24.13,tt:0.37,num_interact:362,Intrvl:15,num_users:681,errors:0
rt:4.26,through:23.67,tt:0.36,num_interact:355,Intrvl:15,num_users:744,errors:0
rt:3.92,through:25.27,tt:0.35,num_interact:379,Intrvl:15,num_users:711,errors:0
rt:4.82,through:24.27,tt:0.36,num_interact:364,Intrvl:15,num_users:754,errors:0
rt:3.2,through:23.07,tt:0.35,num_interact:346,Intrvl:15,num_users:688,errors:0
rt:3.39,through:25.67,tt:0.34,num_interact:385,Intrvl:15,num_users:708,errors:0
rt:3.77,through:25.27,tt:0.36,num_interact:379,Intrvl:15,num_users:715,errors:0
rt:3.6,through:25.53,tt:0.35,num_interact:383,Intrvl:15,num_users:718,errors:0
rt:4.35,through:23.73,tt:0.36,num_interact:356,Intrvl:15,num_users:724,errors:0
rt:2.75,through:21.87,tt:0.32,num_interact:328,Intrvl:15,num_users:663,errors:0
rt:2.29,through:25.27,tt:0.34,num_interact:379,Intrvl:15,num_users:669,errors:0
rt:2.39,through:25.27,tt:0.36,num_interact:379,Intrvl:15,num_users:669,errors:0
rt:3.32,through:23.73,tt:0.36,num_interact:356,Intrvl:15,num_users:707,errors:0
rt:4.04,through:25.67,tt:0.36,num_interact:385,Intrvl:15,num_users:713,errors:0
rt:4.69,through:27.47,tt:0.33,num_interact:412,Intrvl:15,num_users:750,errors:0
rt:3.95,through:21.6,tt:0.36,num_interact:324,Intrvl:15,num_users:691,errors:0
rt:4.57,through:25.8,tt:0.37,num_interact:387,Intrvl:15,num_users:760,errors:0
rt:5.04,through:23.93,tt:0.37,num_interact:359,Intrvl:15,num_users:737,errors:0
rt:5.35,through:25.13,tt:0.33,num_interact:377,Intrvl:15,num_users:732,errors:0
rt:4.26,through:24.67,tt:0.32,num_interact:370,Intrvl:15,num_users:705,errors:0
rt:1.94,through:22,tt:0.36,num_interact:330,Intrvl:15,num_users:591,errors:0
rt:3.72,through:23.2,tt:0.38,num_interact:348,Intrvl:15,num_users:673,errors:0
rt:3.38,through:24.47,tt:0.35,num_interact:367,Intrvl:15,num_users:629,errors:0
rt:3.65,through:23.93,tt:0.34,num_interact:359,Intrvl:15,num_users:658,errors:0
rt:5.2,through:28.8,tt:0.36,num_interact:434,Intrvl:15,num_users:765,errors:0
rt:7.27,through:18,tt:0.34,num_interact:270,Intrvl:15,num_users:692,errors:0
rt:4.64,through:22.53,tt:0.35,num_interact:338,Intrvl:15,num_users:636,errors:0
rt:3.71,through:25.6,tt:0.36,num_interact:384,Intrvl:15,num_users:684,errors:0
rt:4.45,through:24.07,tt:0.34,num_interact:361,Intrvl:15,num_users:641,errors:0
rt:4.15,through:24.8,tt:0.37,num_interact:372,Intrvl:15,num_users:689,errors:0
rt:5.35,through:28.13,tt:0.36,num_interact:422,Intrvl:15,num_users:758,errors:0
rt:7.71,through:26.67,tt:0.34,num_interact:400,Intrvl:15,num_users:798,errors:0
rt:8.95,through:22.2,tt:0.4,num_interact:333,Intrvl:15,num_users:755,errors:0
rt:8.11,through:25.27,tt:0.36,num_interact:379,Intrvl:15,num_users:760,errors:0
rt:7.8,through:20.27,tt:0.36,num_interact:304,Intrvl:15,num_users:703,errors:0
rt:6.5,through:26,tt:0.32,num_interact:390,Intrvl:15,num_users:732,errors:0
rt:6.87,through:28.33,tt:0.35,num_interact:425,Intrvl:15,num_users:789,errors:0
rt:8.21,through:19.33,tt:0.37,num_interact:290,Intrvl:15,num_users:726,errors:0
rt:6.84,through:22.2,tt:0.34,num_interact:333,Intrvl:15,num_users:690,errors:0
rt:5.18,through:23.33,tt:0.32,num_interact:350,Intrvl:15,num_users:665,errors:0
rt:4.36,through:26.07,tt:0.31,num_interact:391,Intrvl:15,num_users:669,errors:0
rt:4.75,through:26.33,tt:0.38,num_interact:395,Intrvl:15,num_users:706,errors:0
rt:6.14,through:27.13,tt:0.37,num_interact:407,Intrvl:15,num_users:731,errors:0
rt:5.53,through:18.4,tt:0.33,num_interact:276,Intrvl:15,num_users:651,errors:0
rt:3.95,through:26.33,tt:0.37,num_interact:395,Intrvl:15,num_users:651,errors:0
rt:3.51,through:26,tt:0.34,num_interact:390,Intrvl:15,num_users:650,errors:0
rt:5.39,through:28.07,tt:0.37,num_interact:421,Intrvl:15,num_users:757,errors:0
rt:7.29,through:20.8,tt:0.34,num_interact:312,Intrvl:15,num_users:712,errors:0
rt:5.88,through:23.4,tt:0.37,num_interact:351,Intrvl:15,num_users:692,errors:0
rt:5.89,through:28,tt:0.37,num_interact:420,Intrvl:15,num_users:752,errors:0
rt:7.51,through:22.67,tt:0.33,num_interact:340,Intrvl:15,num_users:721,errors:0
rt:6.51,through:26.33,tt:0.38,num_interact:395,Intrvl:15,num_users:733,errors:0
rt:4.53,through:18.67,tt:0.34,num_interact:280,Intrvl:15,num_users:624,errors:0
rt:5.16,through:26.8,tt:0.39,num_interact:402,Intrvl:15,num_users:764,errors:0
rt:7.28,through:21.2,tt:0.33,num_interact:318,Intrvl:15,num_users:715,errors:0
rt:6.5,through:25.8,tt:0.41,num_interact:392,Intrvl:15,num_users:750,errors:0
rt:7.1,through:21.47,tt:0.33,num_interact:322,Intrvl:15,num_users:698,errors:0
rt:4.95,through:24.13,tt:0.36,num_interact:362,Intrvl:15,num_users:660,errors:0
rt:5.54,through:27.27,tt:0.36,num_interact:409,Intrvl:15,num_users:774,errors:0
rt:7.65,through:26.4,tt:0.35,num_interact:396,Intrvl:15,num_users:806,errors:0
rt:9.59,through:22.6,tt:0.36,num_interact:339,Intrvl:15,num_users:775,errors:0
rt:8.66,through:21.47,tt:0.35,num_interact:322,Intrvl:15,num_users:726,errors:0
rt:7.34,through:26.67,tt:0.34,num_interact:400,Intrvl:15,num_users:763,errors:0
rt:7.11,through:19.6,tt:0.32,num_interact:294,Intrvl:15,num_users:689,errors:2
rt:5.54,through:33.53,tt:0.38,num_interact:503,Intrvl:15,num_users:777,errors:22
rt:4.63,through:31.67,tt:0.32,num_interact:477,Intrvl:15,num_users:709,errors:0
rt:3.96,through:42.53,tt:0.36,num_interact:638,Intrvl:15,num_users:712,errors:0
rt:3.15,through:40.8,tt:0.33,num_interact:612,Intrvl:15,num_users:695,errors:0
rt:3.77,through:42.27,tt:0.37,num_interact:634,Intrvl:15,num_users:721,errors:0
rt:3.69,through:42.33,tt:0.35,num_interact:635,Intrvl:15,num_users:720,errors:0
rt:3.31,through:40.93,tt:0.34,num_interact:615,Intrvl:15,num_users:701,errors:0
rt:3.06,through:42.73,tt:0.34,num_interact:642,Intrvl:15,num_users:682,errors:0
rt:1.72,through:38.47,tt:0.32,num_interact:578,Intrvl:15,num_users:629,errors:0
rt:2.47,through:41.33,tt:0.36,num_interact:620,Intrvl:15,num_users:674,errors:0
rt:2.5,through:42.87,tt:0.35,num_interact:643,Intrvl:15,num_users:666,errors:0
rt:2.8,through:41.67,tt:0.35,num_interact:625,Intrvl:15,num_users:683,errors:0
rt:3,through:42.47,tt:0.35,num_interact:637,Intrvl:15,num_users:693,errors:0
rt:2.06,through:40.93,tt:0.34,num_interact:614,Intrvl:15,num_users:643,errors:0
rt:1.19,through:37.2,tt:0.34,num_interact:564,Intrvl:15,num_users:597,errors:0
rt:1.69,through:41.67,tt:0.36,num_interact:625,Intrvl:15,num_users:651,errors:0
rt:3.79,through:38.2,tt:0.37,num_interact:576,Intrvl:15,num_users:736,errors:0
rt:6.15,through:12.4,tt:0.32,num_interact:186,Intrvl:15,num_users:765,errors:0
rt:11.88,through:28.8,tt:0.34,num_interact:432,Intrvl:15,num_users:771,errors:0
rt:6.72,through:12.93,tt:0.35,num_interact:194,Intrvl:15,num_users:731,errors:0
rt:5.02,through:37.8,tt:0.33,num_interact:567,Intrvl:15,num_users:676,errors:0
rt:1.99,through:44.07,tt:0.37,num_interact:661,Intrvl:15,num_users:644,errors:0
rt:1.5,through:41.93,tt:0.35,num_interact:629,Intrvl:15,num_users:624,errors:0
rt:1.8,through:42.73,tt:0.34,num_interact:641,Intrvl:15,num_users:644,errors:0
rt:1.47,through:42,tt:0.36,num_interact:630,Intrvl:15,num_users:632,errors:0
rt:1.96,through:43.07,tt:0.35,num_interact:646,Intrvl:15,num_users:644,errors:0
rt:2.31,through:41.2,tt:0.36,num_interact:618,Intrvl:15,num_users:673,errors:0
rt:1.97,through:41.93,tt:0.35,num_interact:629,Intrvl:15,num_users:643,errors:0
rt:4.8,through:11.13,tt:0.43,num_interact:167,Intrvl:15,num_users:761,errors:0
rt:5.66,through:27.13,tt:0.37,num_interact:407,Intrvl:15,num_users:643,errors:19
rt:1.14,through:37.07,tt:0.33,num_interact:556,Intrvl:15,num_users:610,errors:10
rt:2.4,through:53.07,tt:0.38,num_interact:796,Intrvl:15,num_users:698,errors:0
rt:1.86,through:58.93,tt:0.34,num_interact:884,Intrvl:15,num_users:671,errors:0
rt:2.37,through:55.87,tt:0.35,num_interact:838,Intrvl:15,num_users:705,errors:0
rt:1.02,through:58.53,tt:0.35,num_interact:878,Intrvl:15,num_users:629,errors:0
rt:1.96,through:58.47,tt:0.33,num_interact:880,Intrvl:15,num_users:685,errors:0
rt:3.94,through:15.2,tt:0.35,num_interact:228,Intrvl:15,num_users:779,errors:0
rt:3.5,through:48.93,tt:0.35,num_interact:734,Intrvl:15,num_users:653,errors:0
rt:1.75,through:57.33,tt:0.36,num_interact:860,Intrvl:15,num_users:686,errors:0
rt:3.75,through:46.87,tt:0.38,num_interact:811,Intrvl:15,num_users:748,errors:0
rt:2.4,through:59.07,tt:0.33,num_interact:886,Intrvl:15,num_users:691,errors:0
rt:2.39,through:57.07,tt:0.34,num_interact:856,Intrvl:15,num_users:697,errors:0
rt:3.43,through:40.33,tt:0.39,num_interact:605,Intrvl:15,num_users:755,errors:0
rt:4.92,through:38.4,tt:0.37,num_interact:576,Intrvl:15,num_users:717,errors:0
rt:1.73,through:56.33,tt:0.36,num_interact:845,Intrvl:15,num_users:660,errors:0
rt:4.62,through:19.33,tt:0.42,num_interact:290,Intrvl:15,num_users:770,errors:0
rt:3.84,through:56.07,tt:0.34,num_interact:841,Intrvl:15,num_users:697,errors:0
rt:3.13,through:77.93,tt:0.35,num_interact:1197,Intrvl:15,num_users:746,errors:0
rt:0.98,through:60.53,tt:0.34,num_interact:908,Intrvl:15,num_users:616,errors:0
rt:1.62,through:57.27,tt:0.34,num_interact:859,Intrvl:15,num_users:675,errors:0
rt:3.59,through:49.27,tt:0.37,num_interact:739,Intrvl:15,num_users:739,errors:0
rt:4.65,through:11.87,tt:0.38,num_interact:178,Intrvl:15,num_users:768,errors:0
rt:21.46,through:4,tt:0.35,num_interact:60,Intrvl:15,num_users:680,errors:0
rt:5.89,through:56.8,tt:0.35,num_interact:852,Intrvl:15,num_users:745,errors:0
rt:4.29,through:39.6,tt:0.35,num_interact:623,Intrvl:15,num_users:721,errors:0
rt:3.66,through:29.07,tt:0.38,num_interact:436,Intrvl:15,num_users:807,errors:0
rt:21.64,through:3.47,tt:0.31,num_interact:63,Intrvl:15,num_users:730,errors:0
rt:33.78,through:48.73,tt:0.35,num_interact:921,Intrvl:15,num_users:769,errors:0
rt:12.49,through:14.93,tt:0.35,num_interact:224,Intrvl:15,num_users:777,errors:0
rt:5.37,through:47.53,tt:0.33,num_interact:713,Intrvl:15,num_users:695,errors:0
rt:2.9,through:53.93,tt:0.36,num_interact:809,Intrvl:15,num_users:715,errors:0
rt:4.76,through:60.2,tt:0.36,num_interact:918,Intrvl:15,num_users:789,errors:0
rt:52.54,through:37.07,tt:0.37,num_interact:647,Intrvl:15,num_users:801,errors:0
rt:55.73,through:27.53,tt:0.35,num_interact:413,Intrvl:15,num_users:812,errors:0
rt:52.03,through:27.2,tt:0.37,num_interact:408,Intrvl:15,num_users:820,errors:0
rt:61.33,through:2.53,tt:0.35,num_interact:38,Intrvl:15,num_users:822,errors:0
rt:22.09,through:7.47,tt:0.37,num_interact:112,Intrvl:15,num_users:752,errors:0
rt:4.35,through:16.07,tt:0.36,num_interact:241,Intrvl:15,num_users:782,errors:0
rt:2.3,through:25.47,tt:0.33,num_interact:382,Intrvl:15,num_users:731,errors:0
rt:1.29,through:25.8,tt:0.38,num_interact:387,Intrvl:15,num_users:668,errors:0
rt:1.68,through:25.07,tt:0.36,num_interact:376,Intrvl:15,num_users:686,errors:0
rt:1.63,through:25.67,tt:0.34,num_interact:385,Intrvl:15,num_users:673,errors:0
rt:0.31,through:24.67,tt:0.36,num_interact:370,Intrvl:15,num_users:601,errors:0
rt:2.51,through:21.07,tt:0.36,num_interact:316,Intrvl:15,num_users:679,errors:0
rt:4.04,through:26.2,tt:0.34,num_interact:393,Intrvl:15,num_users:698,errors:0
rt:4.18,through:25.8,tt:0.34,num_interact:387,Intrvl:15,num_users:702,errors:0
rt:3.52,through:24,tt:0.34,num_interact:360,Intrvl:15,num_users:676,errors:0
rt:3.92,through:25.53,tt:0.36,num_interact:383,Intrvl:15,num_users:708,errors:0
rt:4.07,through:24.8,tt:0.38,num_interact:376,Intrvl:15,num_users:697,errors:0
rt:3.66,through:24,tt:0.35,num_interact:360,Intrvl:15,num_users:679,errors:0
rt:3.75,through:26.47,tt:0.36,num_interact:397,Intrvl:15,num_users:697,errors:0
rt:3.49,through:25.07,tt:0.32,num_interact:376,Intrvl:15,num_users:669,errors:0
rt:4.05,through:25.67,tt:0.37,num_interact:385,Intrvl:15,num_users:735,errors:0
rt:5.42,through:24,tt:0.37,num_interact:360,Intrvl:15,num_users:725,errors:0
rt:5.12,through:26.6,tt:0.34,num_interact:399,Intrvl:15,num_users:731,errors:0
rt:4.59,through:22.73,tt:0.38,num_interact:341,Intrvl:15,num_users:696,errors:0
rt:2.29,through:24.53,tt:0.33,num_interact:368,Intrvl:15,num_users:637,errors:0
rt:3.55,through:23.13,tt:0.39,num_interact:347,Intrvl:15,num_users:702,errors:0
rt:2.53,through:23.27,tt:0.33,num_interact:349,Intrvl:15,num_users:648,errors:0
rt:2.15,through:26.8,tt:0.38,num_interact:402,Intrvl:15,num_users:651,errors:0
rt:1.66,through:25.67,tt:0.37,num_interact:385,Intrvl:15,num_users:638,errors:0
rt:4.8,through:22.67,tt:0.43,num_interact:340,Intrvl:15,num_users:757,errors:0
rt:2.23,through:11.87,tt:0.32,num_interact:178,Intrvl:15,num_users:607,errors:0
rt:0.75,through:16.6,tt:0.34,num_interact:249,Intrvl:15,num_users:604,errors:0
rt:2.96,through:15.13,tt:0.36,num_interact:227,Intrvl:15,num_users:650,errors:0
rt:3.68,through:17,tt:0.36,num_interact:255,Intrvl:15,num_users:654,errors:0
rt:4.19,through:16.87,tt:0.35,num_interact:253,Intrvl:15,num_users:661,errors:0
rt:5.64,through:14.87,tt:0.36,num_interact:223,Intrvl:15,num_users:704,errors:0
rt:0.83,through:13.27,tt:0.33,num_interact:199,Intrvl:15,num_users:575,errors:0
rt:2.22,through:8.4,tt:0.43,num_interact:126,Intrvl:15,num_users:612,errors:0
rt:6.8,through:7.07,tt:0.37,num_interact:106,Intrvl:15,num_users:613,errors:0
rt:8.58,through:7.73,tt:0.41,num_interact:116,Intrvl:15,num_users:628,errors:0
rt:6.68,through:8.4,tt:0.35,num_interact:126,Intrvl:15,num_users:624,errors:1
rt:6.14,through:7.87,tt:0.3,num_interact:118,Intrvl:15,num_users:606,errors:0
rt:3.88,through:9.53,tt:0.37,num_interact:143,Intrvl:15,num_users:604,errors:0
rt:4.71,through:7.33,tt:0.34,num_interact:110,Intrvl:15,num_users:601,errors:0
rt:3.9,through:8.6,tt:0.39,num_interact:129,Intrvl:15,num_users:599,errors:0
rt:7.24,through:8.13,tt:0.41,num_interact:122,Intrvl:15,num_users:649,errors:0
rt:11.06,through:8.33,tt:0.35,num_interact:125,Intrvl:15,num_users:741,errors:0
rt:15.69,through:3.53,tt:0.39,num_interact:53,Intrvl:15,num_users:626,errors:0
rt:4.12,through:4.73,tt:0.36,num_interact:71,Intrvl:15,num_users:562,errors:0
rt:3.46,through:7.8,tt:0.37,num_interact:117,Intrvl:15,num_users:582,errors:0
rt:7.31,through:7,tt:0.45,num_interact:105,Intrvl:15,num_users:637,errors:0
rt:9.54,through:8.47,tt:0.35,num_interact:127,Intrvl:15,num_users:636,errors:0
rt:10.33,through:8.6,tt:0.38,num_interact:129,Intrvl:15,num_users:690,errors:0
rt:15.71,through:4.13,tt:0.4,num_interact:62,Intrvl:15,num_users:616,errors:0
rt:10.89,through:8.47,tt:0.4,num_interact:127,Intrvl:15,num_users:634,errors:0
rt:10.62,through:8.27,tt:0.36,num_interact:124,Intrvl:15,num_users:680,errors:0
rt:14,through:7.93,tt:0.36,num_interact:119,Intrvl:15,num_users:672,errors:0
rt:14.48,through:8.67,tt:0.31,num_interact:130,Intrvl:15,num_users:676,errors:0
rt:14.2,through:5.07,tt:0.36,num_interact:76,Intrvl:15,num_users:622,errors:0
rt:9.01,through:8.07,tt:0.36,num_interact:121,Intrvl:15,num_users:615,errors:0
rt:2.15,through:7.73,tt:0.35,num_interact:116,Intrvl:15,num_users:567,errors:0
rt:3.48,through:7.33,tt:0.37,num_interact:110,Intrvl:15,num_users:584,errors:0
rt:4.71,through:7.53,tt:0.35,num_interact:113,Intrvl:15,num_users:597,errors:0
rt:1.32,through:8.6,tt:0.32,num_interact:129,Intrvl:15,num_users:560,errors:0
rt:2.98,through:7.07,tt:0.39,num_interact:106,Intrvl:15,num_users:581,errors:0
rt:5.58,through:7.8,tt:0.43,num_interact:117,Intrvl:15,num_users:601,errors:0
rt:3.84,through:7.93,tt:0.34,num_interact:119,Intrvl:15,num_users:581,errors:0
rt:6.76,through:7.87,tt:0.42,num_interact:118,Intrvl:15,num_users:638,errors:0
rt:11.55,through:8.13,tt:0.37,num_interact:122,Intrvl:15,num_users:710,errors:0
rt:15.64,through:8.87,tt:0.44,num_interact:133,Intrvl:15,num_users:725,errors:0
rt:19.92,through:7.47,tt:0.31,num_interact:112,Intrvl:15,num_users:702,errors:0
rt:19.25,through:8.4,tt:0.38,num_interact:126,Intrvl:15,num_users:735,errors:0
rt:22.07,through:4.93,tt:0.39,num_interact:74,Intrvl:15,num_users:668,errors:0
rt:16.05,through:3.33,tt:0.39,num_interact:50,Intrvl:15,num_users:591,errors:0
rt:9.3,through:7.6,tt:0.43,num_interact:114,Intrvl:15,num_users:630,errors:0
rt:7.25,through:6.6,tt:0.35,num_interact:99,Intrvl:15,num_users:598,errors:7
rt:3.99,through:15.27,tt:0.34,num_interact:229,Intrvl:15,num_users:622,errors:0
rt:4.48,through:21.07,tt:0.39,num_interact:316,Intrvl:15,num_users:677,errors:5
rt:4.65,through:23.8,tt:0.34,num_interact:357,Intrvl:15,num_users:687,errors:0
rt:4.44,through:17.13,tt:0.36,num_interact:257,Intrvl:15,num_users:624,errors:0
rt:3.39,through:23.67,tt:0.31,num_interact:355,Intrvl:15,num_users:625,errors:0
rt:2.55,through:24.93,tt:0.37,num_interact:374,Intrvl:15,num_users:623,errors:0
rt:2.55,through:25,tt:0.39,num_interact:375,Intrvl:15,num_users:626,errors:0
rt:3.12,through:25.6,tt:0.32,num_interact:384,Intrvl:15,num_users:633,errors:0
rt:2.09,through:24.13,tt:0.34,num_interact:362,Intrvl:15,num_users:605,errors:0
rt:4.21,through:24.4,tt:0.37,num_interact:366,Intrvl:15,num_users:693,errors:0
rt:4.14,through:21,tt:0.35,num_interact:315,Intrvl:15,num_users:644,errors:0
rt:2.94,through:24.8,tt:0.38,num_interact:372,Intrvl:15,num_users:628,errors:0
rt:3,through:26.27,tt:0.34,num_interact:394,Intrvl:15,num_users:638,errors:0
rt:3.31,through:24.47,tt:0.37,num_interact:367,Intrvl:15,num_users:648,errors:0
rt:1.38,through:26.6,tt:0.35,num_interact:399,Intrvl:15,num_users:589,errors:0
rt:3.55,through:21.93,tt:0.38,num_interact:329,Intrvl:15,num_users:662,errors:0
rt:0.57,through:22.8,tt:0.32,num_interact:342,Intrvl:15,num_users:566,errors:0
rt:0.87,through:25.73,tt:0.36,num_interact:386,Intrvl:15,num_users:582,errors:0
rt:2.12,through:23.13,tt:0.4,num_interact:347,Intrvl:15,num_users:628,errors:0
rt:3.03,through:25.73,tt:0.35,num_interact:386,Intrvl:15,num_users:632,errors:0
rt:0.73,through:24,tt:0.37,num_interact:360,Intrvl:15,num_users:572,errors:0
rt:2.14,through:23.33,tt:0.35,num_interact:350,Intrvl:15,num_users:622,errors:0
rt:2.56,through:24.93,tt:0.33,num_interact:374,Intrvl:15,num_users:619,errors:0
rt:3.16,through:24.4,tt:0.35,num_interact:366,Intrvl:15,num_users:653,errors:0
rt:3.23,through:25.67,tt:0.36,num_interact:385,Intrvl:15,num_users:638,errors:0
rt:2.44,through:25.2,tt:0.35,num_interact:378,Intrvl:15,num_users:618,errors:0
rt:3.57,through:24.67,tt:0.38,num_interact:370,Intrvl:15,num_users:655,errors:0
rt:1.87,through:25.4,tt:0.36,num_interact:381,Intrvl:15,num_users:598,errors:0
rt:1.35,through:24.27,tt:0.33,num_interact:364,Intrvl:15,num_users:594,errors:0
rt:3.47,through:22.93,tt:0.37,num_interact:344,Intrvl:15,num_users:658,errors:0
rt:1.12,through:24.6,tt:0.35,num_interact:369,Intrvl:15,num_users:582,errors:0
rt:3.92,through:23.4,tt:0.38,num_interact:351,Intrvl:15,num_users:693,errors:0
rt:5.64,through:26.47,tt:0.35,num_interact:397,Intrvl:15,num_users:716,errors:0
rt:2.79,through:18.6,tt:0.31,num_interact:279,Intrvl:15,num_users:596,errors:0
rt:2.93,through:23.33,tt:0.37,num_interact:350,Intrvl:15,num_users:653,errors:0
rt:4.08,through:26,tt:0.36,num_interact:390,Intrvl:15,num_users:664,errors:0
rt:1.51,through:24.6,tt:0.32,num_interact:369,Intrvl:15,num_users:586,errors:0
rt:1.74,through:23.2,tt:0.34,num_interact:348,Intrvl:15,num_users:614,errors:0
rt:2.85,through:26.2,tt:0.35,num_interact:393,Intrvl:15,num_users:631,errors:0
rt:2.06,through:24.4,tt:0.38,num_interact:366,Intrvl:15,num_users:608,errors:0
rt:1.54,through:26.87,tt:0.35,num_interact:403,Intrvl:15,num_users:593,errors:0
rt:2.97,through:22.2,tt:0.35,num_interact:333,Intrvl:15,num_users:644,errors:0
rt:2.18,through:24.73,tt:0.33,num_interact:371,Intrvl:15,num_users:607,errors:0
rt:1.58,through:26.53,tt:0.36,num_interact:398,Intrvl:15,num_users:596,errors:0
rt:1.63,through:25.4,tt:0.35,num_interact:381,Intrvl:15,num_users:603,errors:0
rt:0.27,through:20.13,tt:0.34,num_interact:302,Intrvl:15,num_users:543,errors:0
rt:3.04,through:20.6,tt:0.37,num_interact:309,Intrvl:15,num_users:631,errors:0
rt:2.21,through:26.2,tt:0.34,num_interact:393,Intrvl:15,num_users:598,errors:0
rt:0.76,through:25.6,tt:0.36,num_interact:384,Intrvl:15,num_users:555,errors:0
rt:0.66,through:24.73,tt:0.36,num_interact:371,Intrvl:15,num_users:560,errors:0
rt:2.24,through:24.4,tt:0.35,num_interact:366,Intrvl:15,num_users:605,errors:0
rt:1.47,through:26.13,tt:0.33,num_interact:392,Intrvl:15,num_users:578,errors:0
rt:2.76,through:22.4,tt:0.37,num_interact:336,Intrvl:15,num_users:616,errors:0
rt:3.36,through:24.87,tt:0.33,num_interact:373,Intrvl:15,num_users:635,errors:0
rt:3.88,through:26.07,tt:0.34,num_interact:391,Intrvl:15,num_users:636,errors:0
rt:3.86,through:26.2,tt:0.34,num_interact:393,Intrvl:15,num_users:648,errors:0
rt:0.3,through:11.4,tt:0.34,num_interact:171,Intrvl:15,num_users:418,errors:0
rt:0.13,through:13.13,tt:0.33,num_interact:197,Intrvl:15,num_users:417,errors:0
rt:0.18,through:21.33,tt:0.34,num_interact:320,Intrvl:15,num_users:422,errors:0
rt:0.15,through:16.47,tt:0.32,num_interact:247,Intrvl:15,num_users:419,errors:0
rt:0.13,through:10.47,tt:0.35,num_interact:157,Intrvl:15,num_users:380,errors:0
rt:0.19,through:20.73,tt:0.34,num_interact:311,Intrvl:15,num_users:386,errors:0
rt:0.13,through:10.87,tt:0.33,num_interact:163,Intrvl:15,num_users:368,errors:0
rt:1.06,through:25.07,tt:0.4,num_interact:376,Intrvl:15,num_users:404,errors:0
rt:0.2,through:9,tt:0.42,num_interact:135,Intrvl:15,num_users:363,errors:0
rt:0.37,through:24.47,tt:0.34,num_interact:367,Intrvl:15,num_users:376,errors:0
rt:0.14,through:10.4,tt:0.36,num_interact:156,Intrvl:15,num_users:360,errors:0
rt:0.64,through:25.07,tt:0.34,num_interact:376,Intrvl:15,num_users:381,errors:0
rt:1.01,through:25.13,tt:0.36,num_interact:377,Intrvl:15,num_users:394,errors:0
rt:1.02,through:25.8,tt:0.31,num_interact:387,Intrvl:15,num_users:390,errors:0
rt:0.38,through:9.67,tt:0.39,num_interact:145,Intrvl:15,num_users:343,errors:0
rt:1.5,through:24.33,tt:0.34,num_interact:365,Intrvl:15,num_users:395,errors:15
rt:1.41,through:30.93,tt:0.36,num_interact:464,Intrvl:15,num_users:388,errors:0
rt:1.03,through:32.53,tt:0.35,num_interact:488,Intrvl:15,num_users:389,errors:13
rt:1.73,through:39.73,tt:0.35,num_interact:596,Intrvl:15,num_users:424,errors:0
rt:1.31,through:41.13,tt:0.33,num_interact:617,Intrvl:15,num_users:411,errors:0
rt:0.31,through:26.33,tt:0.37,num_interact:396,Intrvl:15,num_users:352,errors:0
rt:0.51,through:41.8,tt:0.35,num_interact:627,Intrvl:15,num_users:376,errors:0
rt:1.14,through:41.93,tt:0.34,num_interact:629,Intrvl:15,num_users:403,errors:0
rt:0.76,through:40.4,tt:0.35,num_interact:606,Intrvl:15,num_users:381,errors:0
rt:1.09,through:42.07,tt:0.35,num_interact:631,Intrvl:15,num_users:403,errors:0
rt:0.9,through:42.07,tt:0.36,num_interact:631,Intrvl:15,num_users:390,errors:0
rt:0.55,through:42.73,tt:0.35,num_interact:641,Intrvl:15,num_users:378,errors:0
rt:0.16,through:15.07,tt:0.32,num_interact:226,Intrvl:15,num_users:345,errors:0
rt:0.13,through:9.87,tt:0.35,num_interact:148,Intrvl:15,num_users:342,errors:0
rt:1.22,through:40.87,tt:0.36,num_interact:613,Intrvl:15,num_users:409,errors:0
rt:2.06,through:39.93,tt:0.36,num_interact:599,Intrvl:15,num_users:456,errors:0
rt:0.42,through:40.2,tt:0.36,num_interact:603,Intrvl:15,num_users:362,errors:0
rt:1.11,through:41.27,tt:0.37,num_interact:619,Intrvl:15,num_users:408,errors:0
rt:0.48,through:41.13,tt:0.34,num_interact:617,Intrvl:15,num_users:368,errors:0
rt:1.54,through:40.47,tt:0.42,num_interact:607,Intrvl:15,num_users:435,errors:0
rt:1.29,through:41.2,tt:0.34,num_interact:618,Intrvl:15,num_users:397,errors:0
rt:0.82,through:43.13,tt:0.32,num_interact:647,Intrvl:15,num_users:385,errors:0
rt:0.24,through:13.07,tt:0.32,num_interact:196,Intrvl:15,num_users:343,errors:0
rt:1.17,through:42,tt:0.38,num_interact:630,Intrvl:15,num_users:415,errors:0
rt:1.64,through:41.27,tt:0.39,num_interact:619,Intrvl:15,num_users:423,errors:0
rt:1.14,through:41.73,tt:0.32,num_interact:626,Intrvl:15,num_users:394,errors:0
rt:0.34,through:40.87,tt:0.35,num_interact:613,Intrvl:15,num_users:363,errors:0
rt:0.12,through:11.33,tt:0.4,num_interact:170,Intrvl:15,num_users:343,errors:0
rt:0.22,through:40.47,tt:0.36,num_interact:607,Intrvl:15,num_users:361,errors:0
rt:0.82,through:41.93,tt:0.35,num_interact:629,Intrvl:15,num_users:394,errors:0
rt:2.41,through:38.33,tt:0.38,num_interact:575,Intrvl:15,num_users:474,errors:0
rt:1.52,through:44,tt:0.34,num_interact:660,Intrvl:15,num_users:407,errors:0
rt:0.35,through:39.67,tt:0.31,num_interact:595,Intrvl:15,num_users:362,errors:0
rt:1.21,through:41.8,tt:0.36,num_interact:627,Intrvl:15,num_users:416,errors:0
rt:1.56,through:42.87,tt:0.36,num_interact:643,Intrvl:15,num_users:415,errors:0
rt:1.13,through:41.87,tt:0.34,num_interact:628,Intrvl:15,num_users:401,errors:0
rt:1.84,through:39.67,tt:0.35,num_interact:595,Intrvl:15,num_users:443,errors:0
rt:0.7,through:42.93,tt:0.33,num_interact:644,Intrvl:15,num_users:371,errors:0
rt:1.26,through:42.53,tt:0.36,num_interact:638,Intrvl:15,num_users:407,errors:0
rt:0.79,through:42,tt:0.33,num_interact:630,Intrvl:15,num_users:387,errors:0
rt:1.13,through:43.27,tt:0.35,num_interact:649,Intrvl:15,num_users:403,errors:0
rt:0.73,through:41.8,tt:0.33,num_interact:627,Intrvl:15,num_users:380,errors:0
rt:1.15,through:42.93,tt:0.35,num_interact:644,Intrvl:15,num_users:408,errors:0
rt:0.99,through:41.53,tt:0.35,num_interact:623,Intrvl:15,num_users:392,errors:0
rt:1.22,through:42.87,tt:0.35,num_interact:643,Intrvl:15,num_users:408,errors:0
Terminating EBs...
EB TPCW Broswing Mix EB #15767commiting suicide!
EB TPCW Broswing Mix EB #15799commiting suicide!
EB TPCW Broswing Mix EB #275commiting suicide!
EB TPCW Broswing Mix EB #15719commiting suicide!
EB TPCW Broswing Mix EB #15777commiting suicide!
EB TPCW Broswing Mix EB #15798commiting suicide!
EB TPCW Broswing Mix EB #15497commiting suicide!
EB TPCW Broswing Mix EB #15506commiting suicide!
EB TPCW Broswing Mix EB #15804commiting suicide!
EB TPCW Broswing Mix EB #15769commiting suicide!
EB TPCW Broswing Mix EB #15503commiting suicide!
EB TPCW Broswing Mix EB #15808commiting suicide!
EB TPCW Broswing Mix EB #15505commiting suicide!
EB TPCW Broswing Mix EB #15721commiting suicide!
EB TPCW Broswing Mix EB #15492commiting suicide!
EB TPCW Broswing Mix EB #15771commiting suicide!
EB TPCW Broswing Mix EB #15778commiting suicide!
EB TPCW Broswing Mix EB #15499commiting suicide!
EB TPCW Broswing Mix EB #15181commiting suicide!
EB TPCW Broswing Mix EB #15768commiting suicide!
EB TPCW Broswing Mix EB #15493commiting suicide!
EB TPCW Broswing Mix EB #15622commiting suicide!
EB TPCW Broswing Mix EB #15620commiting suicide!
EB TPCW Broswing Mix EB #15775commiting suicide!
EB TPCW Broswing Mix EB #15621commiting suicide!
EB TPCW Broswing Mix EB #15498commiting suicide!
EB TPCW Broswing Mix EB #15502commiting suicide!
EB TPCW Broswing Mix EB #15795commiting suicide!
EB TPCW Broswing Mix EB #15772commiting suicide!
EB TPCW Broswing Mix EB #15627commiting suicide!
EB TPCW Broswing Mix EB #15810commiting suicide!
EB TPCW Broswing Mix EB #15490commiting suicide!
EB TPCW Broswing Mix EB #15491commiting suicide!
EB TPCW Broswing Mix EB #15501commiting suicide!
EB TPCW Broswing Mix EB #15803commiting suicide!
EB TPCW Broswing Mix EB #15800commiting suicide!
EB TPCW Broswing Mix EB #15809commiting suicide!
EB TPCW Broswing Mix EB #313commiting suicide!
EB TPCW Broswing Mix EB #15716commiting suicide!
EB TPCW Broswing Mix EB #15806commiting suicide!
EB TPCW Broswing Mix EB #15796commiting suicide!
EB TPCW Broswing Mix EB #15774commiting suicide!
EB TPCW Broswing Mix EB #15801commiting suicide!
EB TPCW Broswing Mix EB #15776commiting suicide!
EB TPCW Broswing Mix EB #15715commiting suicide!
EB TPCW Broswing Mix EB #15805commiting suicide!
EB TPCW Broswing Mix EB #15722commiting suicide!
EB TPCW Broswing Mix EB #15496commiting suicide!
EB TPCW Broswing Mix EB #15495commiting suicide!
EB TPCW Broswing Mix EB #15504commiting suicide!
EB TPCW Broswing Mix EB #15802commiting suicide!
EB TPCW Broswing Mix EB #15623commiting suicide!
EB TPCW Broswing Mix EB #15797commiting suicide!
EB TPCW Broswing Mix EB #15717commiting suicide!
EB TPCW Broswing Mix EB #15625commiting suicide!
EB TPCW Broswing Mix EB #15718commiting suicide!
EB TPCW Broswing Mix EB #15626commiting suicide!
EB TPCW Broswing Mix EB #15770commiting suicide!
EBs finished.
Really finishing RBE!.
