Remote Browser Emulator for TPC-W.
  ECE 902  Fall '99
  Version 1.5
System's current path is /root/loadtest
rt:0.09,through:2.53,tt:0.29,num_interact:38,Intrvl:15,num_users:1,errors:0
rt:1.2,through:12.2,tt:0.38,num_interact:183,Intrvl:15,num_users:20,errors:0
rt:5.03,through:11.2,tt:0.4,num_interact:168,Intrvl:15,num_users:80,errors:0
rt:7,through:13.07,tt:0.33,num_interact:196,Intrvl:15,num_users:120,errors:0
rt:9.19,through:13.73,tt:0.36,num_interact:206,Intrvl:15,num_users:180,errors:0
rt:12.95,through:13.33,tt:0.42,num_interact:200,Intrvl:15,num_users:240,errors:0
rt:16.22,through:13.47,tt:0.36,num_interact:202,Intrvl:15,num_users:280,errors:0
rt:19.41,through:13.47,tt:0.38,num_interact:202,Intrvl:15,num_users:310,errors:0
rt:21.55,through:13.4,tt:0.36,num_interact:201,Intrvl:15,num_users:370,errors:0
rt:25.03,through:13.6,tt:0.39,num_interact:204,Intrvl:15,num_users:440,errors:0
rt:28.06,through:13.53,tt:0.35,num_interact:203,Intrvl:15,num_users:484,errors:0
rt:31.37,through:13.53,tt:0.38,num_interact:203,Intrvl:15,num_users:487,errors:0
rt:33.96,through:13.33,tt:0.4,num_interact:200,Intrvl:15,num_users:479,errors:0
rt:35.33,through:13.33,tt:0.34,num_interact:200,Intrvl:15,num_users:574,errors:0
rt:36.13,through:13.4,tt:0.31,num_interact:201,Intrvl:15,num_users:500,errors:0
rt:38.91,through:8.53,tt:0.4,num_interact:128,Intrvl:15,num_users:458,errors:0
rt:40.91,through:11.47,tt:0.36,num_interact:172,Intrvl:15,num_users:409,errors:0
rt:39.5,through:11,tt:0.37,num_interact:165,Intrvl:15,num_users:426,errors:0
rt:35.5,through:13.2,tt:0.32,num_interact:198,Intrvl:15,num_users:494,errors:0
rt:33.89,through:13.6,tt:0.39,num_interact:204,Intrvl:15,num_users:515,errors:0
rt:35.16,through:13.2,tt:0.4,num_interact:198,Intrvl:15,num_users:489,errors:0
rt:36.84,through:12.27,tt:0.38,num_interact:184,Intrvl:15,num_users:444,errors:0
rt:36.28,through:11.47,tt:0.36,num_interact:172,Intrvl:15,num_users:454,errors:0
rt:36.77,through:12.93,tt:0.37,num_interact:194,Intrvl:15,num_users:512,errors:0
rt:36.48,through:13.73,tt:0.37,num_interact:206,Intrvl:15,num_users:487,errors:0
rt:37.17,through:10.33,tt:0.33,num_interact:155,Intrvl:15,num_users:462,errors:0
rt:37.6,through:13.53,tt:0.31,num_interact:203,Intrvl:15,num_users:448,errors:0
rt:34.31,through:13,tt:0.37,num_interact:195,Intrvl:15,num_users:466,errors:0
rt:34.08,through:13.53,tt:0.37,num_interact:203,Intrvl:15,num_users:479,errors:0
rt:34.52,through:12.27,tt:0.35,num_interact:184,Intrvl:15,num_users:431,errors:0
rt:35.09,through:11.93,tt:0.38,num_interact:179,Intrvl:15,num_users:413,errors:0
rt:33.15,through:12.8,tt:0.36,num_interact:192,Intrvl:15,num_users:435,errors:0
rt:31.54,through:13.47,tt:0.38,num_interact:202,Intrvl:15,num_users:484,errors:0
rt:32.15,through:13.67,tt:0.37,num_interact:205,Intrvl:15,num_users:483,errors:0
rt:35.03,through:13.8,tt:0.38,num_interact:207,Intrvl:15,num_users:515,errors:0
rt:35.76,through:13.2,tt:0.34,num_interact:198,Intrvl:15,num_users:461,errors:0
rt:36.73,through:10.33,tt:0.38,num_interact:155,Intrvl:15,num_users:470,errors:0
rt:36.96,through:13,tt:0.36,num_interact:195,Intrvl:15,num_users:416,errors:0
rt:35.28,through:11.6,tt:0.34,num_interact:174,Intrvl:15,num_users:454,errors:0
rt:34.43,through:13.07,tt:0.34,num_interact:196,Intrvl:15,num_users:480,errors:0
rt:34.7,through:13.53,tt:0.35,num_interact:203,Intrvl:15,num_users:487,errors:0
rt:35.23,through:13.6,tt:0.33,num_interact:204,Intrvl:15,num_users:561,errors:0
rt:34.6,through:13.27,tt:0.4,num_interact:199,Intrvl:15,num_users:455,errors:0
rt:38.17,through:7.8,tt:0.34,num_interact:117,Intrvl:15,num_users:400,errors:0
rt:40.6,through:10.27,tt:0.34,num_interact:154,Intrvl:15,num_users:381,errors:0
rt:38.49,through:11.87,tt:0.35,num_interact:178,Intrvl:15,num_users:517,errors:0
rt:33.69,through:13.27,tt:0.32,num_interact:199,Intrvl:15,num_users:536,errors:0
rt:35.84,through:11.8,tt:0.45,num_interact:177,Intrvl:15,num_users:475,errors:0
rt:37.46,through:12.13,tt:0.35,num_interact:182,Intrvl:15,num_users:500,errors:0
rt:38.57,through:13,tt:0.32,num_interact:195,Intrvl:15,num_users:472,errors:0
rt:38.19,through:11.93,tt:0.38,num_interact:179,Intrvl:15,num_users:452,errors:0
rt:37.37,through:10.87,tt:0.36,num_interact:163,Intrvl:15,num_users:347,errors:0
rt:34.49,through:9.27,tt:0.28,num_interact:139,Intrvl:15,num_users:426,errors:0
rt:33.25,through:12.27,tt:0.36,num_interact:184,Intrvl:15,num_users:389,errors:0
rt:32.89,through:11.47,tt:0.34,num_interact:172,Intrvl:15,num_users:385,errors:0
rt:31.55,through:13.47,tt:0.35,num_interact:202,Intrvl:15,num_users:392,errors:0
rt:29.48,through:13.67,tt:0.33,num_interact:205,Intrvl:15,num_users:553,errors:0
rt:28.9,through:10.67,tt:0.34,num_interact:160,Intrvl:15,num_users:375,errors:0
rt:37.94,through:6.4,tt:0.33,num_interact:96,Intrvl:15,num_users:391,errors:0
rt:38.32,through:12.27,tt:0.35,num_interact:184,Intrvl:15,num_users:379,errors:0
rt:35.14,through:13.27,tt:0.39,num_interact:199,Intrvl:15,num_users:431,errors:0
rt:29.37,through:10.67,tt:0.35,num_interact:160,Intrvl:15,num_users:356,errors:0
rt:31.72,through:11.93,tt:0.38,num_interact:179,Intrvl:15,num_users:458,errors:0
rt:30.49,through:12,tt:0.36,num_interact:180,Intrvl:15,num_users:407,errors:0
rt:33.23,through:10.67,tt:0.35,num_interact:160,Intrvl:15,num_users:371,errors:0
rt:31.66,through:11.2,tt:0.32,num_interact:168,Intrvl:15,num_users:342,errors:0
rt:29.92,through:10.47,tt:0.35,num_interact:157,Intrvl:15,num_users:273,errors:0
rt:26.45,through:11.33,tt:0.33,num_interact:170,Intrvl:15,num_users:554,errors:5
rt:24.35,through:12.53,tt:0.3,num_interact:188,Intrvl:15,num_users:494,errors:0
rt:32.68,through:18.2,tt:0.46,num_interact:273,Intrvl:15,num_users:487,errors:0
rt:27.93,through:20.8,tt:0.36,num_interact:312,Intrvl:15,num_users:469,errors:0
rt:21.2,through:19.87,tt:0.33,num_interact:298,Intrvl:15,num_users:440,errors:0
rt:18.96,through:20.13,tt:0.39,num_interact:303,Intrvl:15,num_users:405,errors:0
rt:17.33,through:22.27,tt:0.33,num_interact:334,Intrvl:15,num_users:588,errors:0
rt:20.49,through:19.87,tt:0.36,num_interact:298,Intrvl:15,num_users:517,errors:0
rt:25.82,through:14.2,tt:0.33,num_interact:213,Intrvl:15,num_users:480,errors:2
rt:27.73,through:15.93,tt:0.37,num_interact:239,Intrvl:15,num_users:498,errors:0
rt:29.4,through:13.93,tt:0.38,num_interact:209,Intrvl:15,num_users:444,errors:5
rt:28.57,through:16.47,tt:0.37,num_interact:247,Intrvl:15,num_users:500,errors:0
rt:27.8,through:15.87,tt:0.33,num_interact:238,Intrvl:15,num_users:472,errors:13
rt:32.29,through:13.07,tt:0.31,num_interact:196,Intrvl:15,num_users:430,errors:0
rt:26.74,through:15.6,tt:0.37,num_interact:234,Intrvl:15,num_users:512,errors:8
rt:30.62,through:16.67,tt:0.38,num_interact:250,Intrvl:15,num_users:561,errors:0
rt:31.18,through:13.07,tt:0.37,num_interact:196,Intrvl:15,num_users:412,errors:14
rt:28.69,through:13.6,tt:0.38,num_interact:204,Intrvl:15,num_users:512,errors:0
rt:30.2,through:14.13,tt:0.34,num_interact:212,Intrvl:15,num_users:496,errors:6
rt:29.89,through:16,tt:0.34,num_interact:240,Intrvl:15,num_users:515,errors:5
rt:31.19,through:15.67,tt:0.37,num_interact:235,Intrvl:15,num_users:510,errors:10
rt:30,through:15.13,tt:0.36,num_interact:227,Intrvl:15,num_users:504,errors:13
rt:31.63,through:16.27,tt:0.36,num_interact:244,Intrvl:15,num_users:494,errors:7
rt:29.97,through:14.93,tt:0.36,num_interact:224,Intrvl:15,num_users:455,errors:11
rt:29.27,through:14.93,tt:0.39,num_interact:224,Intrvl:15,num_users:414,errors:1
rt:27.3,through:13.87,tt:0.33,num_interact:208,Intrvl:15,num_users:384,errors:18
rt:24.36,through:15.27,tt:0.33,num_interact:229,Intrvl:15,num_users:407,errors:0
rt:25.78,through:15.2,tt:0.38,num_interact:228,Intrvl:15,num_users:458,errors:21
rt:29.26,through:15.8,tt:0.33,num_interact:237,Intrvl:15,num_users:421,errors:0
rt:25.17,through:17,tt:0.34,num_interact:255,Intrvl:15,num_users:445,errors:20
rt:30.34,through:13.87,tt:0.35,num_interact:208,Intrvl:15,num_users:417,errors:0
rt:24.12,through:17.2,tt:0.37,num_interact:258,Intrvl:15,num_users:433,errors:11
rt:27.57,through:15.4,tt:0.34,num_interact:231,Intrvl:15,num_users:456,errors:0
rt:24.4,through:16.33,tt:0.34,num_interact:245,Intrvl:15,num_users:405,errors:20
rt:27.59,through:14.33,tt:0.35,num_interact:215,Intrvl:15,num_users:427,errors:1
rt:24.2,through:15.27,tt:0.39,num_interact:229,Intrvl:15,num_users:424,errors:1
rt:27.99,through:15.27,tt:0.38,num_interact:229,Intrvl:15,num_users:392,errors:13
rt:24.8,through:15.67,tt:0.37,num_interact:235,Intrvl:15,num_users:475,errors:0
rt:27.54,through:13.73,tt:0.35,num_interact:206,Intrvl:15,num_users:393,errors:9
rt:24.76,through:15.47,tt:0.36,num_interact:232,Intrvl:15,num_users:424,errors:0
rt:27.36,through:14.27,tt:0.35,num_interact:215,Intrvl:15,num_users:405,errors:28
rt:26.77,through:16.2,tt:0.35,num_interact:243,Intrvl:15,num_users:500,errors:0
rt:26.76,through:16.27,tt:0.32,num_interact:244,Intrvl:15,num_users:524,errors:16
rt:32.72,through:15.93,tt:0.37,num_interact:239,Intrvl:15,num_users:525,errors:0
rt:26.82,through:15.27,tt:0.36,num_interact:229,Intrvl:15,num_users:449,errors:21
rt:30.89,through:14.07,tt:0.44,num_interact:211,Intrvl:15,num_users:475,errors:1
rt:27.66,through:16.8,tt:0.36,num_interact:253,Intrvl:15,num_users:494,errors:14
rt:29.92,through:12.4,tt:0.34,num_interact:186,Intrvl:15,num_users:392,errors:4
rt:29.03,through:14.07,tt:0.35,num_interact:211,Intrvl:15,num_users:407,errors:4
rt:25.3,through:15.27,tt:0.38,num_interact:229,Intrvl:15,num_users:482,errors:12
rt:30.72,through:16.47,tt:0.41,num_interact:247,Intrvl:15,num_users:469,errors:0
rt:28.56,through:16.8,tt:0.32,num_interact:252,Intrvl:15,num_users:532,errors:10
rt:30.93,through:15.2,tt:0.36,num_interact:228,Intrvl:15,num_users:511,errors:0
rt:27.75,through:14.73,tt:0.36,num_interact:221,Intrvl:15,num_users:417,errors:7
rt:30.11,through:14.07,tt:0.34,num_interact:211,Intrvl:15,num_users:426,errors:1
rt:26.76,through:15.67,tt:0.38,num_interact:235,Intrvl:15,num_users:407,errors:2
rt:24.57,through:15,tt:0.34,num_interact:225,Intrvl:15,num_users:399,errors:5
rt:22.96,through:15.07,tt:0.33,num_interact:226,Intrvl:15,num_users:368,errors:2
rt:25.55,through:15.87,tt:0.38,num_interact:238,Intrvl:15,num_users:430,errors:7
rt:23.66,through:14.93,tt:0.34,num_interact:224,Intrvl:15,num_users:367,errors:0
rt:22.96,through:15.4,tt:0.43,num_interact:231,Intrvl:15,num_users:496,errors:20
rt:29.85,through:14.67,tt:0.33,num_interact:220,Intrvl:15,num_users:462,errors:0
rt:25.47,through:16.53,tt:0.37,num_interact:248,Intrvl:15,num_users:563,errors:10
rt:35.68,through:13.6,tt:0.39,num_interact:204,Intrvl:15,num_users:503,errors:0
rt:29.31,through:17.53,tt:0.39,num_interact:263,Intrvl:15,num_users:515,errors:19
rt:31.64,through:10.67,tt:0.4,num_interact:160,Intrvl:15,num_users:391,errors:0
rt:29.71,through:11.93,tt:0.35,num_interact:179,Intrvl:15,num_users:449,errors:10
rt:33.21,through:13.53,tt:0.37,num_interact:203,Intrvl:15,num_users:440,errors:3
rt:22.49,through:24.47,tt:0.37,num_interact:367,Intrvl:15,num_users:454,errors:8
rt:22.01,through:23.67,tt:0.34,num_interact:355,Intrvl:15,num_users:466,errors:0
rt:18.42,through:22.27,tt:0.31,num_interact:334,Intrvl:15,num_users:372,errors:0
rt:16.3,through:23.13,tt:0.36,num_interact:347,Intrvl:15,num_users:440,errors:0
rt:16.76,through:24.73,tt:0.34,num_interact:372,Intrvl:15,num_users:426,errors:0
rt:17.34,through:25.13,tt:0.39,num_interact:377,Intrvl:15,num_users:454,errors:0
rt:17.07,through:24.73,tt:0.35,num_interact:371,Intrvl:15,num_users:438,errors:0
rt:16.83,through:23.93,tt:0.35,num_interact:359,Intrvl:15,num_users:412,errors:0
rt:16.72,through:24.8,tt:0.34,num_interact:372,Intrvl:15,num_users:428,errors:0
rt:16.93,through:25.2,tt:0.34,num_interact:378,Intrvl:15,num_users:449,errors:0
rt:17.05,through:25.53,tt:0.39,num_interact:383,Intrvl:15,num_users:447,errors:0
rt:17.31,through:25.87,tt:0.35,num_interact:388,Intrvl:15,num_users:445,errors:0
rt:15.78,through:22.27,tt:0.34,num_interact:334,Intrvl:15,num_users:370,errors:0
rt:16.13,through:24.53,tt:0.36,num_interact:368,Intrvl:15,num_users:440,errors:0
rt:16.68,through:23.73,tt:0.35,num_interact:356,Intrvl:15,num_users:409,errors:0
rt:16.34,through:24.13,tt:0.38,num_interact:362,Intrvl:15,num_users:459,errors:0
rt:17.94,through:26.07,tt:0.35,num_interact:391,Intrvl:15,num_users:508,errors:0
rt:18.83,through:22.8,tt:0.37,num_interact:342,Intrvl:15,num_users:449,errors:0
rt:18.09,through:25.2,tt:0.35,num_interact:378,Intrvl:15,num_users:529,errors:0
rt:20.24,through:22.93,tt:0.34,num_interact:345,Intrvl:15,num_users:498,errors:0
rt:19.49,through:20.33,tt:0.36,num_interact:305,Intrvl:15,num_users:384,errors:0
rt:16.03,through:24.2,tt:0.33,num_interact:363,Intrvl:15,num_users:437,errors:0
rt:17.77,through:24.8,tt:0.38,num_interact:372,Intrvl:15,num_users:493,errors:0
rt:18.86,through:25.47,tt:0.38,num_interact:382,Intrvl:15,num_users:484,errors:0
rt:17.33,through:23.07,tt:0.37,num_interact:346,Intrvl:15,num_users:438,errors:0
rt:17.74,through:24.67,tt:0.38,num_interact:370,Intrvl:15,num_users:449,errors:0
rt:18.32,through:26.07,tt:0.36,num_interact:391,Intrvl:15,num_users:518,errors:0
rt:18.87,through:23.4,tt:0.36,num_interact:352,Intrvl:15,num_users:475,errors:0
rt:19.08,through:25.2,tt:0.34,num_interact:378,Intrvl:15,num_users:484,errors:0
rt:19.37,through:24.53,tt:0.36,num_interact:368,Intrvl:15,num_users:477,errors:0
rt:17.71,through:26.4,tt:0.36,num_interact:396,Intrvl:15,num_users:476,errors:0
rt:18.79,through:24.2,tt:0.35,num_interact:363,Intrvl:15,num_users:475,errors:0
rt:18.75,through:25.93,tt:0.34,num_interact:389,Intrvl:15,num_users:483,errors:0
rt:17.43,through:22.87,tt:0.34,num_interact:343,Intrvl:15,num_users:414,errors:0
rt:16.98,through:24.73,tt:0.36,num_interact:371,Intrvl:15,num_users:449,errors:0
rt:18.4,through:24.53,tt:0.36,num_interact:368,Intrvl:15,num_users:717,errors:0
rt:24.4,through:17.47,tt:0.38,num_interact:262,Intrvl:15,num_users:994,errors:0
rt:30.04,through:22.73,tt:0.38,num_interact:341,Intrvl:15,num_users:386,errors:0
rt:21.06,through:21.67,tt:0.35,num_interact:325,Intrvl:15,num_users:386,errors:0
rt:20.54,through:24.4,tt:0.34,num_interact:366,Intrvl:15,num_users:469,errors:0
rt:22.27,through:24.13,tt:0.35,num_interact:362,Intrvl:15,num_users:431,errors:0
rt:22.35,through:24.87,tt:0.33,num_interact:373,Intrvl:15,num_users:487,errors:0
rt:21.97,through:24.4,tt:0.32,num_interact:366,Intrvl:15,num_users:462,errors:0
rt:21.96,through:24.2,tt:0.35,num_interact:363,Intrvl:15,num_users:440,errors:0
rt:22.04,through:23.93,tt:0.35,num_interact:359,Intrvl:15,num_users:448,errors:0
rt:22.1,through:26.2,tt:0.36,num_interact:398,Intrvl:15,num_users:521,errors:0
rt:22.95,through:22.27,tt:0.35,num_interact:334,Intrvl:15,num_users:420,errors:0
rt:23.19,through:24.33,tt:0.34,num_interact:370,Intrvl:15,num_users:512,errors:1
rt:22.45,through:25.6,tt:0.35,num_interact:384,Intrvl:15,num_users:535,errors:2
rt:23.8,through:23.53,tt:0.36,num_interact:353,Intrvl:15,num_users:484,errors:0
rt:23.5,through:22.73,tt:0.34,num_interact:341,Intrvl:15,num_users:427,errors:1
rt:22.83,through:24.4,tt:0.35,num_interact:366,Intrvl:15,num_users:589,errors:0
rt:25.68,through:21.4,tt:0.34,num_interact:321,Intrvl:15,num_users:427,errors:0
rt:22.67,through:23.2,tt:0.36,num_interact:348,Intrvl:15,num_users:420,errors:0
rt:21.78,through:24.07,tt:0.37,num_interact:361,Intrvl:15,num_users:445,errors:0
rt:23.29,through:25.53,tt:0.37,num_interact:389,Intrvl:15,num_users:458,errors:0
rt:21.69,through:25.4,tt:0.38,num_interact:381,Intrvl:15,num_users:526,errors:0
rt:22.86,through:22.87,tt:0.34,num_interact:343,Intrvl:15,num_users:428,errors:1
rt:22.94,through:23.87,tt:0.37,num_interact:358,Intrvl:15,num_users:444,errors:0
rt:20.37,through:25.4,tt:0.36,num_interact:381,Intrvl:15,num_users:438,errors:7
rt:20.54,through:28.4,tt:0.35,num_interact:426,Intrvl:15,num_users:490,errors:0
rt:19.52,through:27.33,tt:0.37,num_interact:410,Intrvl:15,num_users:510,errors:0
rt:22.13,through:33.27,tt:0.31,num_interact:499,Intrvl:15,num_users:454,errors:1
rt:18.28,through:30.6,tt:0.33,num_interact:570,Intrvl:15,num_users:493,errors:0
rt:19.68,through:36.93,tt:0.34,num_interact:554,Intrvl:15,num_users:514,errors:0
rt:21.49,through:34.67,tt:0.37,num_interact:520,Intrvl:15,num_users:510,errors:0
rt:18.29,through:22.47,tt:0.37,num_interact:337,Intrvl:15,num_users:570,errors:0
rt:24.82,through:23.8,tt:0.33,num_interact:357,Intrvl:15,num_users:479,errors:0
rt:23.31,through:30.27,tt:0.34,num_interact:454,Intrvl:15,num_users:468,errors:0
rt:17.47,through:31.4,tt:0.35,num_interact:471,Intrvl:15,num_users:442,errors:0
rt:18.36,through:30.6,tt:0.34,num_interact:511,Intrvl:15,num_users:433,errors:0
rt:17.5,through:27.73,tt:0.35,num_interact:416,Intrvl:15,num_users:483,errors:0
rt:40.28,through:32.47,tt:0.37,num_interact:487,Intrvl:15,num_users:503,errors:0
rt:297.3,through:30.33,tt:0.38,num_interact:455,Intrvl:15,num_users:431,errors:0
rt:208.89,through:62.27,tt:0.37,num_interact:934,Intrvl:15,num_users:445,errors:0
rt:20.41,through:27.87,tt:0.34,num_interact:418,Intrvl:15,num_users:557,errors:0
rt:19.03,through:27.13,tt:0.37,num_interact:407,Intrvl:15,num_users:477,errors:0
rt:21.29,through:24.87,tt:0.35,num_interact:373,Intrvl:15,num_users:532,errors:0
rt:22.83,through:22.87,tt:0.35,num_interact:343,Intrvl:15,num_users:442,errors:0
rt:21.47,through:23.33,tt:0.36,num_interact:350,Intrvl:15,num_users:580,errors:0
rt:22.67,through:23.53,tt:0.33,num_interact:357,Intrvl:15,num_users:497,errors:0
rt:22.7,through:23.87,tt:0.37,num_interact:358,Intrvl:15,num_users:489,errors:0
rt:22.41,through:25.27,tt:0.36,num_interact:383,Intrvl:15,num_users:490,errors:0
rt:22.53,through:25.27,tt:0.37,num_interact:379,Intrvl:15,num_users:549,errors:0
rt:22.18,through:24.6,tt:0.36,num_interact:369,Intrvl:15,num_users:489,errors:0
rt:22.23,through:24,tt:0.35,num_interact:360,Intrvl:15,num_users:536,errors:0
rt:23.09,through:23.87,tt:0.36,num_interact:358,Intrvl:15,num_users:497,errors:0
rt:22.24,through:23.93,tt:0.36,num_interact:359,Intrvl:15,num_users:524,errors:0
rt:22.82,through:25.6,tt:0.39,num_interact:384,Intrvl:15,num_users:535,errors:0
rt:23.34,through:25.73,tt:0.33,num_interact:388,Intrvl:15,num_users:525,errors:0
rt:22.97,through:25.33,tt:0.33,num_interact:380,Intrvl:15,num_users:594,errors:0
rt:23.69,through:23.67,tt:0.36,num_interact:355,Intrvl:15,num_users:553,errors:0
rt:24.04,through:24.13,tt:0.36,num_interact:363,Intrvl:15,num_users:594,errors:0
rt:24.93,through:21.2,tt:0.33,num_interact:318,Intrvl:15,num_users:476,errors:0
rt:24.02,through:22.13,tt:0.37,num_interact:332,Intrvl:15,num_users:451,errors:0
rt:24.72,through:11.67,tt:0.33,num_interact:175,Intrvl:15,num_users:417,errors:0
rt:34,through:0.73,tt:0.34,num_interact:11,Intrvl:15,num_users:491,errors:3
rt:34.14,through:12,tt:0.32,num_interact:180,Intrvl:15,num_users:508,errors:4
rt:28.57,through:11.27,tt:0.41,num_interact:169,Intrvl:15,num_users:507,errors:126
rt:35.51,through:12.07,tt:0.37,num_interact:181,Intrvl:15,num_users:484,errors:117
rt:63,through:12.2,tt:0.4,num_interact:183,Intrvl:15,num_users:528,errors:0
rt:71.98,through:12.47,tt:0.39,num_interact:187,Intrvl:15,num_users:448,errors:0
rt:54.9,through:10.8,tt:0.34,num_interact:162,Intrvl:15,num_users:504,errors:1
rt:54.66,through:13.07,tt:0.38,num_interact:196,Intrvl:15,num_users:529,errors:0
rt:41.5,through:12.87,tt:0.36,num_interact:193,Intrvl:15,num_users:518,errors:0
rt:43.09,through:10.8,tt:0.33,num_interact:162,Intrvl:15,num_users:431,errors:0
rt:44.21,through:10.8,tt:0.38,num_interact:162,Intrvl:15,num_users:490,errors:0
rt:45.3,through:11.67,tt:0.31,num_interact:175,Intrvl:15,num_users:461,errors:0
rt:43.31,through:12.2,tt:0.34,num_interact:183,Intrvl:15,num_users:490,errors:0
rt:42.32,through:12.07,tt:0.35,num_interact:181,Intrvl:15,num_users:448,errors:0
rt:42.56,through:11.27,tt:0.32,num_interact:169,Intrvl:15,num_users:430,errors:0
rt:43.65,through:11.33,tt:0.38,num_interact:170,Intrvl:15,num_users:461,errors:0
rt:42.05,through:13,tt:0.32,num_interact:195,Intrvl:15,num_users:431,errors:2
rt:39.2,through:11.2,tt:0.33,num_interact:168,Intrvl:15,num_users:440,errors:0
rt:40.68,through:12.8,tt:0.32,num_interact:192,Intrvl:15,num_users:521,errors:2
rt:42.35,through:13.13,tt:0.36,num_interact:197,Intrvl:15,num_users:497,errors:0
rt:41.38,through:10.93,tt:0.38,num_interact:164,Intrvl:15,num_users:472,errors:0
rt:44.19,through:12.47,tt:0.36,num_interact:187,Intrvl:15,num_users:477,errors:0
rt:42.95,through:12.47,tt:0.35,num_interact:187,Intrvl:15,num_users:468,errors:0
rt:43.96,through:12.6,tt:0.37,num_interact:189,Intrvl:15,num_users:525,errors:0
rt:43.77,through:12.93,tt:0.38,num_interact:194,Intrvl:15,num_users:535,errors:0
rt:41.78,through:11.93,tt:0.34,num_interact:179,Intrvl:15,num_users:491,errors:0
rt:42.73,through:12.07,tt:0.36,num_interact:181,Intrvl:15,num_users:570,errors:0
rt:44.52,through:12.4,tt:0.39,num_interact:186,Intrvl:15,num_users:603,errors:0
rt:44.83,through:12.6,tt:0.42,num_interact:189,Intrvl:15,num_users:522,errors:0
rt:45.76,through:11.53,tt:0.34,num_interact:173,Intrvl:15,num_users:531,errors:0
rt:43.51,through:12.33,tt:0.35,num_interact:185,Intrvl:15,num_users:510,errors:0
rt:44.48,through:10.07,tt:0.36,num_interact:151,Intrvl:15,num_users:433,errors:0
rt:48.43,through:10.73,tt:0.35,num_interact:161,Intrvl:15,num_users:461,errors:0
rt:46.18,through:12.47,tt:0.36,num_interact:188,Intrvl:15,num_users:528,errors:0
rt:42.19,through:12.67,tt:0.38,num_interact:190,Intrvl:15,num_users:518,errors:0
rt:43.97,through:11.67,tt:0.36,num_interact:175,Intrvl:15,num_users:487,errors:1
rt:44.99,through:12.73,tt:0.31,num_interact:191,Intrvl:15,num_users:501,errors:1
rt:44.51,through:11.8,tt:0.37,num_interact:177,Intrvl:15,num_users:447,errors:0
rt:45.07,through:11.53,tt:0.36,num_interact:173,Intrvl:15,num_users:578,errors:1
rt:40.83,through:12.33,tt:0.33,num_interact:185,Intrvl:15,num_users:556,errors:1
rt:45.05,through:11.07,tt:0.37,num_interact:166,Intrvl:15,num_users:500,errors:0
rt:45.96,through:11.4,tt:0.43,num_interact:171,Intrvl:15,num_users:503,errors:0
rt:47.17,through:12.53,tt:0.3,num_interact:188,Intrvl:15,num_users:469,errors:0
rt:46.71,through:11.8,tt:0.34,num_interact:177,Intrvl:15,num_users:487,errors:0
rt:43.72,through:12.6,tt:0.38,num_interact:189,Intrvl:15,num_users:514,errors:0
rt:43.75,through:12.4,tt:0.34,num_interact:186,Intrvl:15,num_users:494,errors:4
rt:43.38,through:12.6,tt:0.37,num_interact:189,Intrvl:15,num_users:490,errors:2
rt:31.14,through:22,tt:0.34,num_interact:330,Intrvl:15,num_users:638,errors:1
rt:29.82,through:23.93,tt:0.35,num_interact:359,Intrvl:15,num_users:634,errors:0
rt:28.16,through:20.8,tt:0.34,num_interact:312,Intrvl:15,num_users:595,errors:0
rt:29.78,through:31.87,tt:0.36,num_interact:478,Intrvl:15,num_users:524,errors:1
rt:16.99,through:24.07,tt:0.36,num_interact:361,Intrvl:15,num_users:554,errors:0
rt:22.18,through:34.33,tt:0.34,num_interact:516,Intrvl:15,num_users:560,errors:2
rt:21.51,through:23.87,tt:0.33,num_interact:358,Intrvl:15,num_users:624,errors:1
rt:26.49,through:28.47,tt:0.33,num_interact:427,Intrvl:15,num_users:517,errors:0
rt:19.97,through:25.13,tt:0.36,num_interact:377,Intrvl:15,num_users:561,errors:0
rt:231.87,through:31.2,tt:0.34,num_interact:468,Intrvl:15,num_users:596,errors:0
rt:351.59,through:6,tt:0.35,num_interact:271,Intrvl:15,num_users:540,errors:2
rt:199.17,through:11.4,tt:0.35,num_interact:171,Intrvl:15,num_users:606,errors:0
rt:114.63,through:8.33,tt:0.31,num_interact:125,Intrvl:15,num_users:564,errors:0
rt:104.19,through:8.53,tt:0.32,num_interact:128,Intrvl:15,num_users:561,errors:0
rt:101.75,through:7.73,tt:0.35,num_interact:116,Intrvl:15,num_users:613,errors:0
rt:68.58,through:7.07,tt:0.34,num_interact:106,Intrvl:15,num_users:567,errors:7
rt:67.58,through:7.87,tt:0.38,num_interact:118,Intrvl:15,num_users:596,errors:3
rt:64.86,through:7.93,tt:0.37,num_interact:119,Intrvl:15,num_users:643,errors:0
rt:69.21,through:5.07,tt:0.27,num_interact:76,Intrvl:15,num_users:511,errors:10
rt:73.37,through:6.93,tt:0.36,num_interact:104,Intrvl:15,num_users:598,errors:0
rt:77.28,through:6.73,tt:0.39,num_interact:101,Intrvl:15,num_users:629,errors:11
rt:65.43,through:6.6,tt:0.36,num_interact:99,Intrvl:15,num_users:567,errors:0
rt:79.17,through:6.6,tt:0.34,num_interact:99,Intrvl:15,num_users:526,errors:9
rt:66.82,through:5.53,tt:0.35,num_interact:83,Intrvl:15,num_users:447,errors:1
rt:73.32,through:5.67,tt:0.34,num_interact:85,Intrvl:15,num_users:505,errors:10
rt:69.52,through:6.67,tt:0.3,num_interact:100,Intrvl:15,num_users:542,errors:1
rt:74.3,through:6.67,tt:0.31,num_interact:100,Intrvl:15,num_users:498,errors:12
rt:67.67,through:7.93,tt:0.36,num_interact:119,Intrvl:15,num_users:491,errors:2
rt:81.64,through:7,tt:0.38,num_interact:105,Intrvl:15,num_users:483,errors:18
rt:65.07,through:6.87,tt:0.33,num_interact:103,Intrvl:15,num_users:550,errors:0
rt:71.48,through:7.53,tt:0.36,num_interact:113,Intrvl:15,num_users:522,errors:15
rt:61.83,through:7.6,tt:0.38,num_interact:114,Intrvl:15,num_users:522,errors:0
rt:75.48,through:7.53,tt:0.36,num_interact:113,Intrvl:15,num_users:570,errors:16
rt:67.89,through:5.2,tt:0.36,num_interact:78,Intrvl:15,num_users:458,errors:3
rt:64.38,through:7.8,tt:0.33,num_interact:117,Intrvl:15,num_users:539,errors:7
rt:64.25,through:6.27,tt:0.34,num_interact:94,Intrvl:15,num_users:533,errors:0
rt:70.11,through:6.53,tt:0.37,num_interact:98,Intrvl:15,num_users:510,errors:16
rt:62.84,through:6.93,tt:0.37,num_interact:104,Intrvl:15,num_users:529,errors:3
rt:65.01,through:7.6,tt:0.35,num_interact:114,Intrvl:15,num_users:543,errors:20
rt:65.64,through:6.4,tt:0.3,num_interact:96,Intrvl:15,num_users:512,errors:4
rt:71.55,through:7.87,tt:0.34,num_interact:118,Intrvl:15,num_users:468,errors:6
rt:77.64,through:5.4,tt:0.35,num_interact:81,Intrvl:15,num_users:486,errors:18
rt:63.18,through:6.67,tt:0.35,num_interact:100,Intrvl:15,num_users:519,errors:0
rt:85.12,through:7.33,tt:0.33,num_interact:110,Intrvl:15,num_users:525,errors:13
rt:65.61,through:7.87,tt:0.32,num_interact:118,Intrvl:15,num_users:507,errors:0
rt:71.32,through:8.47,tt:0.4,num_interact:127,Intrvl:15,num_users:511,errors:18
rt:65.05,through:6.6,tt:0.34,num_interact:99,Intrvl:15,num_users:528,errors:1
rt:66.35,through:8.33,tt:0.37,num_interact:125,Intrvl:15,num_users:521,errors:10
rt:61.4,through:7.8,tt:0.37,num_interact:119,Intrvl:15,num_users:617,errors:3
rt:63.9,through:7.53,tt:0.41,num_interact:113,Intrvl:15,num_users:505,errors:0
rt:73.09,through:6.53,tt:0.31,num_interact:98,Intrvl:15,num_users:617,errors:19
rt:64.55,through:7.87,tt:0.35,num_interact:118,Intrvl:15,num_users:525,errors:0
rt:68.76,through:4.93,tt:0.28,num_interact:74,Intrvl:15,num_users:563,errors:20
rt:63.29,through:6.93,tt:0.38,num_interact:104,Intrvl:15,num_users:622,errors:0
rt:71.44,through:6.4,tt:0.4,num_interact:96,Intrvl:15,num_users:608,errors:15
rt:70.87,through:7.13,tt:0.36,num_interact:107,Intrvl:15,num_users:585,errors:2
rt:78.43,through:7.2,tt:0.31,num_interact:108,Intrvl:15,num_users:525,errors:13
rt:78.45,through:5.87,tt:0.37,num_interact:88,Intrvl:15,num_users:554,errors:3
rt:71.04,through:7,tt:0.41,num_interact:105,Intrvl:15,num_users:616,errors:1
rt:72.02,through:6.93,tt:0.3,num_interact:104,Intrvl:15,num_users:556,errors:16
rt:75.81,through:7.67,tt:0.38,num_interact:115,Intrvl:15,num_users:517,errors:2
rt:77.33,through:6.13,tt:0.36,num_interact:92,Intrvl:15,num_users:501,errors:14
rt:65.06,through:5.93,tt:0.29,num_interact:89,Intrvl:15,num_users:547,errors:8
rt:80.08,through:6.53,tt:0.35,num_interact:98,Intrvl:15,num_users:543,errors:30
rt:45.96,through:22.8,tt:0.34,num_interact:346,Intrvl:15,num_users:524,errors:5
rt:22.76,through:30,tt:0.34,num_interact:450,Intrvl:15,num_users:622,errors:10
rt:26.49,through:23.47,tt:0.35,num_interact:352,Intrvl:15,num_users:613,errors:0
rt:30.54,through:21.6,tt:0.35,num_interact:324,Intrvl:15,num_users:458,errors:3
rt:22.44,through:22.47,tt:0.37,num_interact:337,Intrvl:15,num_users:552,errors:4
rt:22.6,through:24.33,tt:0.35,num_interact:365,Intrvl:15,num_users:641,errors:4
rt:22.67,through:24.07,tt:0.38,num_interact:361,Intrvl:15,num_users:671,errors:0
rt:23.64,through:24.73,tt:0.35,num_interact:371,Intrvl:15,num_users:648,errors:12
rt:24.25,through:25,tt:0.34,num_interact:375,Intrvl:15,num_users:633,errors:0
rt:23.37,through:24.33,tt:0.36,num_interact:366,Intrvl:15,num_users:606,errors:16
rt:24,through:23.53,tt:0.38,num_interact:353,Intrvl:15,num_users:650,errors:0
rt:25.4,through:24,tt:0.36,num_interact:360,Intrvl:15,num_users:608,errors:10
rt:24.49,through:22.93,tt:0.37,num_interact:344,Intrvl:15,num_users:575,errors:0
rt:21.95,through:24.53,tt:0.34,num_interact:368,Intrvl:15,num_users:573,errors:24
rt:24.76,through:21.73,tt:0.36,num_interact:326,Intrvl:15,num_users:532,errors:1
rt:22.14,through:24.4,tt:0.34,num_interact:366,Intrvl:15,num_users:617,errors:15
rt:23.57,through:26.4,tt:0.41,num_interact:396,Intrvl:15,num_users:680,errors:3
rt:25.51,through:21.6,tt:0.31,num_interact:324,Intrvl:15,num_users:567,errors:12
rt:23.59,through:25.67,tt:0.35,num_interact:385,Intrvl:15,num_users:664,errors:5
rt:24.34,through:22.27,tt:0.33,num_interact:334,Intrvl:15,num_users:622,errors:10
rt:23.9,through:25.8,tt:0.37,num_interact:387,Intrvl:15,num_users:651,errors:7
rt:24.05,through:25.07,tt:0.34,num_interact:377,Intrvl:15,num_users:655,errors:5
rt:25.9,through:24.27,tt:0.37,num_interact:364,Intrvl:15,num_users:678,errors:15
rt:25.37,through:25.47,tt:0.34,num_interact:382,Intrvl:15,num_users:693,errors:0
rt:26.69,through:24.87,tt:0.37,num_interact:373,Intrvl:15,num_users:675,errors:15
rt:26.55,through:20.27,tt:0.35,num_interact:304,Intrvl:15,num_users:553,errors:0
rt:23.5,through:23.4,tt:0.36,num_interact:351,Intrvl:15,num_users:535,errors:14
rt:21.5,through:23,tt:0.34,num_interact:345,Intrvl:15,num_users:535,errors:0
rt:21.81,through:24.8,tt:0.35,num_interact:372,Intrvl:15,num_users:545,errors:26
rt:23.41,through:23.27,tt:0.32,num_interact:350,Intrvl:15,num_users:757,errors:6
rt:25.75,through:23.2,tt:0.34,num_interact:353,Intrvl:15,num_users:581,errors:25
rt:27.82,through:21.47,tt:0.35,num_interact:322,Intrvl:15,num_users:566,errors:1
rt:23.11,through:23,tt:0.35,num_interact:345,Intrvl:15,num_users:490,errors:21
rt:23.3,through:21.07,tt:0.34,num_interact:316,Intrvl:15,num_users:616,errors:0
rt:23.36,through:22.47,tt:0.38,num_interact:337,Intrvl:15,num_users:549,errors:16
rt:22.6,through:23.6,tt:0.34,num_interact:354,Intrvl:15,num_users:556,errors:3
rt:21.39,through:24.4,tt:0.39,num_interact:366,Intrvl:15,num_users:559,errors:20
rt:23.04,through:23.87,tt:0.33,num_interact:358,Intrvl:15,num_users:522,errors:2
rt:20.57,through:24.33,tt:0.34,num_interact:365,Intrvl:15,num_users:542,errors:5
rt:24.81,through:23.73,tt:0.35,num_interact:356,Intrvl:15,num_users:567,errors:15
rt:20.54,through:25.53,tt:0.34,num_interact:383,Intrvl:15,num_users:601,errors:1
rt:21.8,through:23.33,tt:0.34,num_interact:350,Intrvl:15,num_users:543,errors:24
rt:21.94,through:23.4,tt:0.35,num_interact:351,Intrvl:15,num_users:529,errors:0
rt:23.09,through:25.2,tt:0.37,num_interact:378,Intrvl:15,num_users:567,errors:20
rt:21.61,through:23.27,tt:0.33,num_interact:349,Intrvl:15,num_users:528,errors:0
rt:19.62,through:23.53,tt:0.35,num_interact:353,Intrvl:15,num_users:619,errors:28
rt:25.75,through:23.73,tt:0.38,num_interact:356,Intrvl:15,num_users:592,errors:0
rt:22.07,through:23.67,tt:0.34,num_interact:355,Intrvl:15,num_users:542,errors:21
rt:21.97,through:22.87,tt:0.35,num_interact:343,Intrvl:15,num_users:564,errors:0
rt:21.13,through:25.6,tt:0.33,num_interact:384,Intrvl:15,num_users:550,errors:24
rt:22.82,through:22.33,tt:0.36,num_interact:335,Intrvl:15,num_users:543,errors:0
rt:21.39,through:25.93,tt:0.36,num_interact:389,Intrvl:15,num_users:585,errors:15
rt:25.33,through:22.8,tt:0.34,num_interact:342,Intrvl:15,num_users:536,errors:6
rt:24.05,through:23.87,tt:0.35,num_interact:358,Intrvl:15,num_users:581,errors:0
rt:21.95,through:25.87,tt:0.34,num_interact:388,Intrvl:15,num_users:658,errors:10
rt:23.36,through:24.4,tt:0.34,num_interact:366,Intrvl:15,num_users:637,errors:0
rt:24.06,through:26.67,tt:0.34,num_interact:400,Intrvl:15,num_users:648,errors:14
rt:25.43,through:25.73,tt:0.35,num_interact:386,Intrvl:15,num_users:647,errors:0
rt:24.37,through:23.6,tt:0.33,num_interact:354,Intrvl:15,num_users:602,errors:11
rt:22.99,through:23.67,tt:0.36,num_interact:355,Intrvl:15,num_users:577,errors:0
rt:24.63,through:20.07,tt:0.36,num_interact:301,Intrvl:15,num_users:651,errors:16
rt:28.29,through:21.4,tt:0.37,num_interact:321,Intrvl:15,num_users:595,errors:3
rt:24.54,through:16.87,tt:0.39,num_interact:253,Intrvl:15,num_users:727,errors:13
rt:35.55,through:0.53,tt:0.34,num_interact:8,Intrvl:15,num_users:526,errors:0
rt:173.03,through:62.27,tt:0.35,num_interact:934,Intrvl:15,num_users:574,errors:5
rt:43.6,through:2.4,tt:0.34,num_interact:36,Intrvl:15,num_users:574,errors:0
rt:42.17,through:1.73,tt:0.36,num_interact:26,Intrvl:15,num_users:582,errors:0
rt:403.51,through:122.8,tt:0.35,num_interact:1842,Intrvl:15,num_users:636,errors:80
rt:84.81,through:22.6,tt:0.37,num_interact:339,Intrvl:15,num_users:570,errors:0
rt:15.93,through:21.47,tt:0.37,num_interact:322,Intrvl:15,num_users:514,errors:0
rt:13.73,through:24.8,tt:0.31,num_interact:372,Intrvl:15,num_users:510,errors:0
rt:12.76,through:21.47,tt:0.36,num_interact:322,Intrvl:15,num_users:626,errors:2
rt:19.94,through:12.47,tt:0.42,num_interact:187,Intrvl:15,num_users:619,errors:0
rt:31.06,through:12.27,tt:0.36,num_interact:184,Intrvl:15,num_users:615,errors:0
rt:35.58,through:11.93,tt:0.34,num_interact:179,Intrvl:15,num_users:570,errors:0
rt:35.93,through:10.87,tt:0.4,num_interact:163,Intrvl:15,num_users:584,errors:0
rt:32.67,through:12.4,tt:0.34,num_interact:186,Intrvl:15,num_users:589,errors:0
rt:32.41,through:12.73,tt:0.38,num_interact:191,Intrvl:15,num_users:613,errors:0
rt:32.99,through:13.07,tt:0.34,num_interact:196,Intrvl:15,num_users:630,errors:0
rt:32.83,through:11.87,tt:0.36,num_interact:178,Intrvl:15,num_users:596,errors:0
rt:33.53,through:11.53,tt:0.31,num_interact:173,Intrvl:15,num_users:601,errors:0
rt:33.61,through:10.87,tt:0.35,num_interact:163,Intrvl:15,num_users:542,errors:0
rt:33.64,through:11.33,tt:0.33,num_interact:170,Intrvl:15,num_users:629,errors:0
rt:31.79,through:12.13,tt:0.36,num_interact:182,Intrvl:15,num_users:598,errors:0
rt:33.35,through:11.47,tt:0.39,num_interact:172,Intrvl:15,num_users:652,errors:0
rt:35.05,through:11.8,tt:0.31,num_interact:177,Intrvl:15,num_users:584,errors:0
rt:37,through:10.07,tt:0.3,num_interact:151,Intrvl:15,num_users:615,errors:0
rt:36.15,through:11.87,tt:0.41,num_interact:180,Intrvl:15,num_users:624,errors:0
rt:35.34,through:10.53,tt:0.42,num_interact:158,Intrvl:15,num_users:550,errors:0
rt:33.71,through:11.27,tt:0.34,num_interact:169,Intrvl:15,num_users:613,errors:0
rt:33.23,through:11,tt:0.37,num_interact:165,Intrvl:15,num_users:561,errors:0
rt:34.25,through:10.53,tt:0.36,num_interact:158,Intrvl:15,num_users:701,errors:0
rt:34.35,through:12.27,tt:0.38,num_interact:184,Intrvl:15,num_users:634,errors:0
rt:36.86,through:9.87,tt:0.39,num_interact:148,Intrvl:15,num_users:697,errors:0
rt:39.19,through:12.27,tt:0.32,num_interact:184,Intrvl:15,num_users:724,errors:0
rt:41.62,through:10.47,tt:0.37,num_interact:157,Intrvl:15,num_users:641,errors:0
rt:42.25,through:10.2,tt:0.29,num_interact:153,Intrvl:15,num_users:686,errors:0
rt:39.72,through:12.13,tt:0.36,num_interact:182,Intrvl:15,num_users:603,errors:0
rt:41.86,through:9.4,tt:0.35,num_interact:141,Intrvl:15,num_users:623,errors:0
rt:39.73,through:11.07,tt:0.38,num_interact:166,Intrvl:15,num_users:658,errors:0
rt:38.31,through:12.8,tt:0.41,num_interact:192,Intrvl:15,num_users:710,errors:0
rt:37.98,through:11.8,tt:0.37,num_interact:177,Intrvl:15,num_users:643,errors:0
rt:39.18,through:10.4,tt:0.32,num_interact:156,Intrvl:15,num_users:710,errors:0
rt:40.71,through:11.87,tt:0.32,num_interact:178,Intrvl:15,num_users:739,errors:0
rt:41.03,through:12.73,tt:0.34,num_interact:191,Intrvl:15,num_users:708,errors:0
rt:41.09,through:10.87,tt:0.35,num_interact:163,Intrvl:15,num_users:658,errors:0
rt:42.04,through:10.93,tt:0.37,num_interact:164,Intrvl:15,num_users:658,errors:0
rt:41.74,through:11.33,tt:0.3,num_interact:170,Intrvl:15,num_users:627,errors:0
rt:41.14,through:12,tt:0.32,num_interact:180,Intrvl:15,num_users:706,errors:0
rt:36.96,through:12.47,tt:0.34,num_interact:187,Intrvl:15,num_users:696,errors:0
rt:38.25,through:10.87,tt:0.35,num_interact:163,Intrvl:15,num_users:661,errors:0
rt:40.75,through:12.13,tt:0.38,num_interact:182,Intrvl:15,num_users:678,errors:0
rt:40.78,through:12.47,tt:0.35,num_interact:187,Intrvl:15,num_users:655,errors:0
rt:38.44,through:12,tt:0.32,num_interact:181,Intrvl:15,num_users:686,errors:0
rt:38.03,through:12.13,tt:0.37,num_interact:182,Intrvl:15,num_users:651,errors:1
rt:39.52,through:11.4,tt:0.31,num_interact:173,Intrvl:15,num_users:715,errors:0
rt:39.36,through:12.33,tt:0.37,num_interact:185,Intrvl:15,num_users:725,errors:0
rt:40.88,through:12.73,tt:0.4,num_interact:191,Intrvl:15,num_users:720,errors:0
rt:40.1,through:11.4,tt:0.39,num_interact:171,Intrvl:15,num_users:643,errors:0
rt:41.59,through:11.2,tt:0.34,num_interact:168,Intrvl:15,num_users:633,errors:0
rt:40.9,through:10.6,tt:0.29,num_interact:159,Intrvl:15,num_users:608,errors:0
rt:39.25,through:11.27,tt:0.37,num_interact:169,Intrvl:15,num_users:648,errors:0
rt:35.54,through:13.07,tt:0.35,num_interact:196,Intrvl:15,num_users:672,errors:0
rt:38.09,through:11.87,tt:0.37,num_interact:178,Intrvl:15,num_users:638,errors:0
rt:37.59,through:12.27,tt:0.34,num_interact:184,Intrvl:15,num_users:665,errors:0
rt:37.14,through:12.07,tt:0.32,num_interact:181,Intrvl:15,num_users:662,errors:0
rt:36.44,through:13.07,tt:0.34,num_interact:196,Intrvl:15,num_users:686,errors:0
rt:38.11,through:12.73,tt:0.38,num_interact:191,Intrvl:15,num_users:778,errors:0
rt:39.31,through:12.73,tt:0.33,num_interact:191,Intrvl:15,num_users:749,errors:0
rt:42.45,through:9.8,tt:0.39,num_interact:151,Intrvl:15,num_users:697,errors:0
rt:40.95,through:11.13,tt:0.33,num_interact:168,Intrvl:15,num_users:643,errors:0
rt:44.63,through:11.47,tt:0.31,num_interact:172,Intrvl:15,num_users:662,errors:0
rt:41.89,through:11.6,tt:0.41,num_interact:174,Intrvl:15,num_users:666,errors:0
rt:39.65,through:12.67,tt:0.36,num_interact:190,Intrvl:15,num_users:657,errors:0
rt:37.96,through:10.33,tt:0.3,num_interact:155,Intrvl:15,num_users:577,errors:0
rt:39.06,through:10.8,tt:0.39,num_interact:162,Intrvl:15,num_users:666,errors:0
rt:36.63,through:11.93,tt:0.34,num_interact:179,Intrvl:15,num_users:697,errors:0
rt:37.46,through:12.93,tt:0.39,num_interact:194,Intrvl:15,num_users:804,errors:3
rt:35.36,through:17.33,tt:0.39,num_interact:260,Intrvl:15,num_users:725,errors:0
rt:33.79,through:14.2,tt:0.37,num_interact:213,Intrvl:15,num_users:605,errors:0
rt:27.12,through:17.8,tt:0.35,num_interact:267,Intrvl:15,num_users:595,errors:0
rt:21.57,through:19.93,tt:0.36,num_interact:299,Intrvl:15,num_users:596,errors:0
rt:18.88,through:21.47,tt:0.36,num_interact:322,Intrvl:15,num_users:595,errors:0
rt:17.06,through:22.2,tt:0.37,num_interact:333,Intrvl:15,num_users:634,errors:0
rt:15.96,through:20.27,tt:0.34,num_interact:304,Intrvl:15,num_users:644,errors:0
rt:23.32,through:13.47,tt:0.29,num_interact:202,Intrvl:15,num_users:545,errors:2
rt:22.23,through:15,tt:0.26,num_interact:225,Intrvl:15,num_users:560,errors:5
rt:21.88,through:14.6,tt:0.33,num_interact:219,Intrvl:15,num_users:533,errors:11
rt:22.42,through:14.67,tt:0.35,num_interact:220,Intrvl:15,num_users:585,errors:0
rt:23.03,through:17.27,tt:0.38,num_interact:259,Intrvl:15,num_users:623,errors:19
rt:27.16,through:14.47,tt:0.38,num_interact:217,Intrvl:15,num_users:645,errors:0
rt:24.31,through:16.33,tt:0.36,num_interact:245,Intrvl:15,num_users:602,errors:27
rt:32.39,through:12.33,tt:0.32,num_interact:185,Intrvl:15,num_users:567,errors:2
rt:24.64,through:15.8,tt:0.36,num_interact:237,Intrvl:15,num_users:713,errors:9
rt:29.6,through:15.07,tt:0.36,num_interact:226,Intrvl:15,num_users:727,errors:8
rt:32.92,through:14.8,tt:0.34,num_interact:222,Intrvl:15,num_users:679,errors:1
rt:30.13,through:13.33,tt:0.38,num_interact:200,Intrvl:15,num_users:596,errors:14
rt:33,through:12.73,tt:0.39,num_interact:191,Intrvl:15,num_users:601,errors:1
rt:28.57,through:16.27,tt:0.33,num_interact:244,Intrvl:15,num_users:606,errors:10
rt:28.11,through:14.27,tt:0.37,num_interact:214,Intrvl:15,num_users:644,errors:1
rt:27.29,through:16.67,tt:0.36,num_interact:250,Intrvl:15,num_users:671,errors:4
rt:30.78,through:15.07,tt:0.32,num_interact:226,Intrvl:15,num_users:634,errors:15
rt:28.49,through:14.13,tt:0.38,num_interact:212,Intrvl:15,num_users:588,errors:0
rt:24.61,through:15.8,tt:0.39,num_interact:237,Intrvl:15,num_users:664,errors:15
rt:30.56,through:14.07,tt:0.38,num_interact:211,Intrvl:15,num_users:689,errors:0
rt:26.81,through:17.2,tt:0.41,num_interact:258,Intrvl:15,num_users:662,errors:19
rt:34.61,through:13.07,tt:0.34,num_interact:196,Intrvl:15,num_users:613,errors:0
rt:26.83,through:15.6,tt:0.37,num_interact:235,Intrvl:15,num_users:606,errors:7
rt:28.25,through:14.53,tt:0.36,num_interact:218,Intrvl:15,num_users:634,errors:1
rt:27.5,through:15.93,tt:0.36,num_interact:239,Intrvl:15,num_users:601,errors:3
rt:26.53,through:15.53,tt:0.33,num_interact:233,Intrvl:15,num_users:661,errors:12
rt:30.59,through:15.6,tt:0.35,num_interact:234,Intrvl:15,num_users:638,errors:0
rt:26.59,through:16.53,tt:0.39,num_interact:248,Intrvl:15,num_users:686,errors:14
rt:30.35,through:12.53,tt:0.31,num_interact:188,Intrvl:15,num_users:575,errors:0
rt:24.91,through:15.87,tt:0.37,num_interact:238,Intrvl:15,num_users:577,errors:6
rt:27.48,through:13.73,tt:0.34,num_interact:206,Intrvl:15,num_users:599,errors:3
rt:26.38,through:16.73,tt:0.34,num_interact:251,Intrvl:15,num_users:617,errors:4
rt:25.85,through:14.87,tt:0.38,num_interact:223,Intrvl:15,num_users:662,errors:3
rt:28.43,through:17.13,tt:0.36,num_interact:257,Intrvl:15,num_users:690,errors:0
rt:29.43,through:15.13,tt:0.37,num_interact:227,Intrvl:15,num_users:640,errors:19
rt:27.93,through:14.2,tt:0.4,num_interact:213,Intrvl:15,num_users:627,errors:0
rt:26.42,through:14.67,tt:0.37,num_interact:220,Intrvl:15,num_users:603,errors:22
rt:28.48,through:15,tt:0.32,num_interact:225,Intrvl:15,num_users:601,errors:0
rt:26.17,through:17.73,tt:0.32,num_interact:266,Intrvl:15,num_users:675,errors:16
rt:32.15,through:13.73,tt:0.41,num_interact:206,Intrvl:15,num_users:661,errors:0
rt:25.71,through:14.53,tt:0.34,num_interact:218,Intrvl:15,num_users:566,errors:17
rt:28.63,through:13.13,tt:0.37,num_interact:197,Intrvl:15,num_users:603,errors:4
rt:27.13,through:14.73,tt:0.4,num_interact:221,Intrvl:15,num_users:714,errors:11
rt:28.95,through:14.93,tt:0.39,num_interact:224,Intrvl:15,num_users:700,errors:10
rt:33.98,through:15.67,tt:0.39,num_interact:235,Intrvl:15,num_users:662,errors:0
rt:27.22,through:11.27,tt:0.36,num_interact:169,Intrvl:15,num_users:560,errors:16
rt:29.85,through:14.2,tt:0.36,num_interact:213,Intrvl:15,num_users:666,errors:0
rt:28.55,through:16.4,tt:0.37,num_interact:246,Intrvl:15,num_users:703,errors:5
rt:31.19,through:14.47,tt:0.36,num_interact:217,Intrvl:15,num_users:676,errors:1
rt:30.75,through:15.2,tt:0.39,num_interact:228,Intrvl:15,num_users:640,errors:5
rt:29.55,through:14.8,tt:0.34,num_interact:222,Intrvl:15,num_users:662,errors:11
rt:31.48,through:15.73,tt:0.35,num_interact:236,Intrvl:15,num_users:693,errors:0
rt:30.34,through:15.93,tt:0.34,num_interact:239,Intrvl:15,num_users:647,errors:12
rt:34.2,through:12.07,tt:0.36,num_interact:185,Intrvl:15,num_users:661,errors:3
rt:26.64,through:17.87,tt:0.36,num_interact:268,Intrvl:15,num_users:643,errors:21
rt:23.82,through:23.8,tt:0.38,num_interact:357,Intrvl:15,num_users:707,errors:0
rt:23.35,through:25.27,tt:0.35,num_interact:379,Intrvl:15,num_users:678,errors:10
rt:21.94,through:14.8,tt:0.34,num_interact:222,Intrvl:15,num_users:762,errors:0
rt:108.82,through:2.27,tt:0.37,num_interact:232,Intrvl:15,num_users:717,errors:0
rt:89.27,through:21.8,tt:0.38,num_interact:327,Intrvl:15,num_users:722,errors:0
rt:586.01,through:4.13,tt:0.36,num_interact:62,Intrvl:15,num_users:651,errors:0
rt:572.3,through:3.47,tt:0.38,num_interact:52,Intrvl:15,num_users:648,errors:0
rt:209.47,through:23.33,tt:0.37,num_interact:350,Intrvl:15,num_users:689,errors:2
rt:16.43,through:14.27,tt:0.34,num_interact:214,Intrvl:15,num_users:606,errors:0
rt:12.94,through:15.67,tt:0.4,num_interact:235,Intrvl:15,num_users:701,errors:0
rt:15.11,through:15.4,tt:0.39,num_interact:231,Intrvl:15,num_users:767,errors:0
rt:16.77,through:8.47,tt:0.36,num_interact:128,Intrvl:15,num_users:550,errors:0
rt:13.57,through:15.4,tt:0.39,num_interact:231,Intrvl:15,num_users:640,errors:0
rt:12.79,through:14.2,tt:0.41,num_interact:213,Intrvl:15,num_users:599,errors:0
rt:13.15,through:16.73,tt:0.36,num_interact:256,Intrvl:15,num_users:738,errors:0
rt:17.67,through:10.6,tt:0.36,num_interact:159,Intrvl:15,num_users:602,errors:0
rt:15.72,through:14.53,tt:0.36,num_interact:218,Intrvl:15,num_users:626,errors:0
rt:14.15,through:17.33,tt:0.36,num_interact:260,Intrvl:15,num_users:658,errors:0
rt:12.86,through:9.8,tt:0.33,num_interact:147,Intrvl:15,num_users:515,errors:0
rt:10.51,through:15.87,tt:0.37,num_interact:238,Intrvl:15,num_users:570,errors:0
rt:11.08,through:16.4,tt:0.35,num_interact:246,Intrvl:15,num_users:615,errors:0
rt:13.32,through:17.13,tt:0.32,num_interact:257,Intrvl:15,num_users:686,errors:0
rt:16.81,through:8.93,tt:0.34,num_interact:134,Intrvl:15,num_users:532,errors:0
rt:13.03,through:14.93,tt:0.36,num_interact:224,Intrvl:15,num_users:669,errors:0
rt:16.76,through:16.93,tt:0.41,num_interact:254,Intrvl:15,num_users:682,errors:0
rt:16.98,through:15.13,tt:0.37,num_interact:227,Intrvl:15,num_users:655,errors:0
rt:16.84,through:16,tt:0.34,num_interact:240,Intrvl:15,num_users:666,errors:0
rt:16.44,through:17.07,tt:0.35,num_interact:258,Intrvl:15,num_users:696,errors:0
rt:15.61,through:9.93,tt:0.35,num_interact:149,Intrvl:15,num_users:592,errors:0
rt:9.58,through:7.87,tt:0.35,num_interact:118,Intrvl:15,num_users:580,errors:0
rt:11.35,through:8.47,tt:0.36,num_interact:127,Intrvl:15,num_users:606,errors:4
rt:16.88,through:8.47,tt:0.39,num_interact:127,Intrvl:15,num_users:651,errors:41
rt:28.76,through:8.13,tt:0.39,num_interact:122,Intrvl:15,num_users:644,errors:48
rt:31.59,through:8.4,tt:0.39,num_interact:126,Intrvl:15,num_users:671,errors:0
rt:47.04,through:8,tt:0.36,num_interact:120,Intrvl:15,num_users:657,errors:0
rt:35.1,through:7.47,tt:0.33,num_interact:112,Intrvl:15,num_users:633,errors:0
rt:45.76,through:8.33,tt:0.35,num_interact:125,Intrvl:15,num_users:633,errors:5
rt:28.22,through:5.8,tt:0.36,num_interact:87,Intrvl:15,num_users:561,errors:0
rt:27.33,through:6.67,tt:0.32,num_interact:100,Intrvl:15,num_users:591,errors:0
rt:26.65,through:8.33,tt:0.38,num_interact:125,Intrvl:15,num_users:598,errors:0
rt:28.44,through:7.93,tt:0.43,num_interact:119,Intrvl:15,num_users:584,errors:0
rt:23.31,through:7.13,tt:0.36,num_interact:107,Intrvl:15,num_users:566,errors:0
rt:23.7,through:6.87,tt:0.31,num_interact:103,Intrvl:15,num_users:532,errors:0
rt:21.11,through:7.67,tt:0.37,num_interact:115,Intrvl:15,num_users:584,errors:0
rt:22.26,through:4.67,tt:0.33,num_interact:70,Intrvl:15,num_users:491,errors:0
rt:21.74,through:7.33,tt:0.42,num_interact:110,Intrvl:15,num_users:591,errors:0
rt:19.29,through:6.07,tt:0.32,num_interact:91,Intrvl:15,num_users:525,errors:0
rt:26.38,through:5.4,tt:0.35,num_interact:81,Intrvl:15,num_users:496,errors:0
rt:21.15,through:7.47,tt:0.35,num_interact:112,Intrvl:15,num_users:563,errors:0
rt:20.87,through:6,tt:0.34,num_interact:90,Intrvl:15,num_users:511,errors:0
rt:20.89,through:7.4,tt:0.36,num_interact:111,Intrvl:15,num_users:587,errors:0
rt:21.48,through:8.73,tt:0.34,num_interact:131,Intrvl:15,num_users:609,errors:0
rt:25.63,through:7.33,tt:0.39,num_interact:110,Intrvl:15,num_users:575,errors:0
rt:27.98,through:7.47,tt:0.33,num_interact:112,Intrvl:15,num_users:584,errors:0
rt:27.4,through:8.73,tt:0.35,num_interact:131,Intrvl:15,num_users:655,errors:0
rt:27.44,through:5.13,tt:0.31,num_interact:77,Intrvl:15,num_users:531,errors:0
rt:26.83,through:5.73,tt:0.31,num_interact:86,Intrvl:15,num_users:518,errors:0
rt:31.06,through:5.47,tt:0.33,num_interact:82,Intrvl:15,num_users:546,errors:0
rt:26.12,through:6.53,tt:0.34,num_interact:98,Intrvl:15,num_users:504,errors:0
rt:20.7,through:6.47,tt:0.34,num_interact:97,Intrvl:15,num_users:455,errors:0
rt:14.69,through:8.27,tt:0.35,num_interact:124,Intrvl:15,num_users:594,errors:0
rt:16.43,through:5.2,tt:0.46,num_interact:78,Intrvl:15,num_users:479,errors:0
rt:27.22,through:4.93,tt:0.41,num_interact:74,Intrvl:15,num_users:549,errors:0
rt:26.47,through:7.13,tt:0.37,num_interact:107,Intrvl:15,num_users:508,errors:0
rt:27.2,through:6.6,tt:0.43,num_interact:99,Intrvl:15,num_users:528,errors:0
rt:20.55,through:8.07,tt:0.42,num_interact:121,Intrvl:15,num_users:657,errors:0
rt:27.1,through:8.53,tt:0.32,num_interact:128,Intrvl:15,num_users:652,errors:0
rt:31.26,through:8.33,tt:0.4,num_interact:125,Intrvl:15,num_users:647,errors:0
rt:38.64,through:6.67,tt:0.36,num_interact:100,Intrvl:15,num_users:594,errors:0
rt:33.77,through:4.33,tt:0.45,num_interact:65,Intrvl:15,num_users:491,errors:0
rt:33.11,through:4.73,tt:0.33,num_interact:71,Intrvl:15,num_users:556,errors:10
rt:30.64,through:7.6,tt:0.38,num_interact:114,Intrvl:15,num_users:594,errors:0
rt:28.28,through:7.27,tt:0.35,num_interact:109,Intrvl:15,num_users:578,errors:2
rt:34.02,through:7.67,tt:0.4,num_interact:115,Intrvl:15,num_users:554,errors:0
rt:29.78,through:6.53,tt:0.31,num_interact:98,Intrvl:15,num_users:531,errors:2
rt:26.78,through:7.93,tt:0.39,num_interact:119,Intrvl:15,num_users:598,errors:0
rt:23.53,through:8.2,tt:0.32,num_interact:123,Intrvl:15,num_users:540,errors:0
rt:21.06,through:7.87,tt:0.37,num_interact:118,Intrvl:15,num_users:595,errors:0
rt:32.1,through:5.67,tt:0.45,num_interact:85,Intrvl:15,num_users:591,errors:0
rt:31.24,through:5,tt:0.3,num_interact:75,Intrvl:15,num_users:505,errors:0
rt:32.31,through:6,tt:0.44,num_interact:90,Intrvl:15,num_users:578,errors:3
rt:28.5,through:6.47,tt:0.34,num_interact:97,Intrvl:15,num_users:536,errors:0
rt:29.63,through:7.2,tt:0.4,num_interact:108,Intrvl:15,num_users:522,errors:0
rt:25.14,through:6.87,tt:0.34,num_interact:103,Intrvl:15,num_users:493,errors:0
rt:20.52,through:7.8,tt:0.34,num_interact:117,Intrvl:15,num_users:524,errors:0
rt:20.82,through:7.67,tt:0.34,num_interact:115,Intrvl:15,num_users:503,errors:0
rt:20.12,through:7.87,tt:0.32,num_interact:118,Intrvl:15,num_users:560,errors:0
rt:20.6,through:8.6,tt:0.4,num_interact:129,Intrvl:15,num_users:580,errors:2
rt:27.17,through:8.87,tt:0.37,num_interact:133,Intrvl:15,num_users:581,errors:0
rt:10.88,through:16.8,tt:0.37,num_interact:252,Intrvl:15,num_users:528,errors:0
rt:12.78,through:16.27,tt:0.34,num_interact:244,Intrvl:15,num_users:547,errors:0
rt:12.22,through:11.6,tt:0.3,num_interact:174,Intrvl:15,num_users:484,errors:0
rt:10.47,through:15.33,tt:0.4,num_interact:230,Intrvl:15,num_users:515,errors:0
rt:9.13,through:19.93,tt:0.36,num_interact:299,Intrvl:15,num_users:557,errors:0
rt:11.16,through:15.27,tt:0.36,num_interact:229,Intrvl:15,num_users:536,errors:0
rt:11.69,through:10.53,tt:0.29,num_interact:158,Intrvl:15,num_users:466,errors:0
rt:9.64,through:15.47,tt:0.36,num_interact:232,Intrvl:15,num_users:494,errors:0
rt:8.82,through:17.67,tt:0.33,num_interact:265,Intrvl:15,num_users:501,errors:0
rt:8.52,through:20.4,tt:0.35,num_interact:306,Intrvl:15,num_users:561,errors:0
rt:9.74,through:17.8,tt:0.36,num_interact:267,Intrvl:15,num_users:564,errors:0
rt:12.2,through:15,tt:0.35,num_interact:225,Intrvl:15,num_users:540,errors:0
rt:12.22,through:15.53,tt:0.37,num_interact:233,Intrvl:15,num_users:532,errors:0
rt:11.67,through:16.33,tt:0.34,num_interact:245,Intrvl:15,num_users:540,errors:0
rt:11.84,through:14.67,tt:0.37,num_interact:220,Intrvl:15,num_users:512,errors:0
rt:9.49,through:18.8,tt:0.35,num_interact:282,Intrvl:15,num_users:561,errors:0
rt:10.34,through:19.27,tt:0.35,num_interact:289,Intrvl:15,num_users:589,errors:0
rt:12.5,through:16.33,tt:0.36,num_interact:245,Intrvl:15,num_users:574,errors:0
rt:12.46,through:14.53,tt:0.32,num_interact:218,Intrvl:15,num_users:543,errors:0
rt:14.54,through:11.47,tt:0.36,num_interact:172,Intrvl:15,num_users:494,errors:0
rt:11.22,through:15.53,tt:0.36,num_interact:233,Intrvl:15,num_users:525,errors:0
rt:10.57,through:17.87,tt:0.4,num_interact:268,Intrvl:15,num_users:535,errors:0
rt:9.48,through:19.47,tt:0.36,num_interact:292,Intrvl:15,num_users:578,errors:0
rt:9.52,through:19.67,tt:0.37,num_interact:295,Intrvl:15,num_users:629,errors:0
rt:13.84,through:15.93,tt:0.35,num_interact:239,Intrvl:15,num_users:574,errors:0
rt:13.06,through:8,tt:0.35,num_interact:120,Intrvl:15,num_users:469,errors:0
rt:15.3,through:9.67,tt:0.36,num_interact:145,Intrvl:15,num_users:484,errors:0
rt:11.65,through:12.33,tt:0.35,num_interact:185,Intrvl:15,num_users:437,errors:0
rt:7.87,through:15.73,tt:0.34,num_interact:236,Intrvl:15,num_users:430,errors:0
rt:6.1,through:18.53,tt:0.35,num_interact:278,Intrvl:15,num_users:463,errors:0
rt:6.59,through:19.33,tt:0.37,num_interact:290,Intrvl:15,num_users:487,errors:0
rt:9.17,through:13.27,tt:0.31,num_interact:199,Intrvl:15,num_users:452,errors:0
rt:7.84,through:20.67,tt:0.35,num_interact:310,Intrvl:15,num_users:525,errors:0
rt:8.22,through:18.4,tt:0.35,num_interact:276,Intrvl:15,num_users:533,errors:0
rt:11.85,through:14.27,tt:0.4,num_interact:214,Intrvl:15,num_users:500,errors:0
rt:11.15,through:15.4,tt:0.33,num_interact:231,Intrvl:15,num_users:494,errors:0
rt:10.55,through:20.07,tt:0.35,num_interact:301,Intrvl:15,num_users:573,errors:0
rt:10.21,through:15.53,tt:0.42,num_interact:233,Intrvl:15,num_users:536,errors:0
rt:11.22,through:18.13,tt:0.37,num_interact:272,Intrvl:15,num_users:578,errors:0
rt:13.67,through:16.53,tt:0.34,num_interact:248,Intrvl:15,num_users:575,errors:0
rt:15.05,through:6.4,tt:0.38,num_interact:96,Intrvl:15,num_users:353,errors:0
rt:11.03,through:8.6,tt:0.37,num_interact:129,Intrvl:15,num_users:372,errors:0
rt:9.36,through:14.93,tt:0.36,num_interact:224,Intrvl:15,num_users:367,errors:0
rt:5.77,through:17.2,tt:0.38,num_interact:258,Intrvl:15,num_users:371,errors:0
rt:5.66,through:19.07,tt:0.33,num_interact:286,Intrvl:15,num_users:398,errors:0
rt:7.02,through:17.07,tt:0.35,num_interact:256,Intrvl:15,num_users:405,errors:0
rt:7.91,through:10.73,tt:0.34,num_interact:161,Intrvl:15,num_users:335,errors:0
rt:5.45,through:18.8,tt:0.38,num_interact:282,Intrvl:15,num_users:375,errors:0
rt:6.66,through:16.2,tt:0.37,num_interact:243,Intrvl:15,num_users:371,errors:0
rt:7.17,through:16.67,tt:0.36,num_interact:250,Intrvl:15,num_users:370,errors:0
rt:6.14,through:19.53,tt:0.35,num_interact:293,Intrvl:15,num_users:395,errors:0
rt:7.63,through:13.6,tt:0.36,num_interact:204,Intrvl:15,num_users:370,errors:0
rt:7.22,through:18,tt:0.36,num_interact:270,Intrvl:15,num_users:381,errors:0
rt:6.98,through:15.73,tt:0.36,num_interact:236,Intrvl:15,num_users:371,errors:0
rt:7.55,through:15.53,tt:0.36,num_interact:233,Intrvl:15,num_users:363,errors:0
rt:6.19,through:17.4,tt:0.37,num_interact:261,Intrvl:15,num_users:372,errors:0
rt:6.3,through:20.87,tt:0.36,num_interact:313,Intrvl:15,num_users:433,errors:0
rt:8.26,through:14.67,tt:0.34,num_interact:220,Intrvl:15,num_users:400,errors:0
rt:8.2,through:18.87,tt:0.36,num_interact:283,Intrvl:15,num_users:445,errors:0
rt:10.3,through:10.4,tt:0.35,num_interact:156,Intrvl:15,num_users:382,errors:0
rt:10.02,through:14.47,tt:0.36,num_interact:217,Intrvl:15,num_users:374,errors:0
rt:6.96,through:20.87,tt:0.34,num_interact:313,Intrvl:15,num_users:428,errors:0
rt:8.23,through:12.13,tt:0.36,num_interact:182,Intrvl:15,num_users:385,errors:0
rt:9.64,through:12.4,tt:0.43,num_interact:186,Intrvl:15,num_users:349,errors:0
rt:6.28,through:20.2,tt:0.39,num_interact:303,Intrvl:15,num_users:423,errors:0
rt:8.2,through:16.4,tt:0.37,num_interact:246,Intrvl:15,num_users:409,errors:0
rt:9.26,through:14.93,tt:0.36,num_interact:224,Intrvl:15,num_users:393,errors:0
rt:8.51,through:16.53,tt:0.37,num_interact:248,Intrvl:15,num_users:399,errors:0
rt:7.97,through:17.73,tt:0.33,num_interact:266,Intrvl:15,num_users:406,errors:0
rt:8.67,through:9.47,tt:0.36,num_interact:142,Intrvl:15,num_users:329,errors:0
rt:7.47,through:19.47,tt:0.39,num_interact:292,Intrvl:15,num_users:438,errors:0
rt:7.9,through:16.8,tt:0.34,num_interact:252,Intrvl:15,num_users:431,errors:1
rt:7.03,through:18,tt:0.36,num_interact:270,Intrvl:15,num_users:374,errors:0
rt:4.87,through:27.53,tt:0.37,num_interact:413,Intrvl:15,num_users:405,errors:0
rt:5.99,through:19.07,tt:0.32,num_interact:286,Intrvl:15,num_users:365,errors:0
rt:4.97,through:26,tt:0.33,num_interact:390,Intrvl:15,num_users:379,errors:0
rt:4.58,through:30.53,tt:0.38,num_interact:458,Intrvl:15,num_users:437,errors:0
rt:5.22,through:31.73,tt:0.35,num_interact:476,Intrvl:15,num_users:454,errors:0
rt:6.21,through:31.33,tt:0.37,num_interact:470,Intrvl:15,num_users:510,errors:0
rt:7.08,through:13.07,tt:0.34,num_interact:196,Intrvl:15,num_users:370,errors:0
rt:6.25,through:23,tt:0.36,num_interact:345,Intrvl:15,num_users:421,errors:0
rt:8.13,through:16.2,tt:0.38,num_interact:243,Intrvl:15,num_users:384,errors:0
rt:5.72,through:31.4,tt:0.36,num_interact:471,Intrvl:15,num_users:442,errors:0
rt:5.87,through:24.8,tt:0.36,num_interact:372,Intrvl:15,num_users:438,errors:0
rt:6.76,through:11.87,tt:0.32,num_interact:178,Intrvl:15,num_users:330,errors:0
rt:5.43,through:19.4,tt:0.37,num_interact:291,Intrvl:15,num_users:346,errors:0
Terminating EBs...
EB TPCW Broswing Mix EB #36commiting suicide!
EB TPCW Broswing Mix EB #60commiting suicide!
EB TPCW Broswing Mix EB #1715commiting suicide!
EB TPCW Broswing Mix EB #16732commiting suicide!
EB TPCW Broswing Mix EB #16733commiting suicide!
EB TPCW Broswing Mix EB #1721commiting suicide!
EB TPCW Broswing Mix EB #16741commiting suicide!
EB TPCW Broswing Mix EB #16745commiting suicide!
EB TPCW Broswing Mix EB #3816commiting suicide!
EB TPCW Broswing Mix EB #1667commiting suicide!
EB TPCW Broswing Mix EB #3555commiting suicide!
EB TPCW Broswing Mix EB #1687commiting suicide!
EB TPCW Broswing Mix EB #174commiting suicide!
EB TPCW Broswing Mix EB #168commiting suicide!
EB TPCW Broswing Mix EB #86commiting suicide!
EB TPCW Broswing Mix EB #37commiting suicide!
EB TPCW Broswing Mix EB #16738commiting suicide!
EB TPCW Broswing Mix EB #16737commiting suicide!
EB TPCW Broswing Mix EB #4032commiting suicide!
EB TPCW Broswing Mix EB #75commiting suicide!
EB TPCW Broswing Mix EB #1647commiting suicide!
EB TPCW Broswing Mix EB #170commiting suicide!
EB TPCW Broswing Mix EB #273commiting suicide!
EB TPCW Broswing Mix EB #16735commiting suicide!
EB TPCW Broswing Mix EB #1683commiting suicide!
EB TPCW Broswing Mix EB #16747commiting suicide!
EB TPCW Broswing Mix EB #1717commiting suicide!
EB TPCW Broswing Mix EB #247commiting suicide!
EB TPCW Broswing Mix EB #1656commiting suicide!
EB TPCW Broswing Mix EB #16740commiting suicide!
EB TPCW Broswing Mix EB #1663commiting suicide!
EB TPCW Broswing Mix EB #1703commiting suicide!
EB TPCW Broswing Mix EB #25commiting suicide!
EB TPCW Broswing Mix EB #16744commiting suicide!
EB TPCW Broswing Mix EB #16739commiting suicide!
EB TPCW Broswing Mix EB #1650commiting suicide!
EB TPCW Broswing Mix EB #16743commiting suicide!
EB TPCW Broswing Mix EB #200commiting suicide!
EB TPCW Broswing Mix EB #218commiting suicide!
EB TPCW Broswing Mix EB #28commiting suicide!
EB TPCW Broswing Mix EB #3557commiting suicide!
EB TPCW Broswing Mix EB #118commiting suicide!
EB TPCW Broswing Mix EB #3813commiting suicide!
EB TPCW Broswing Mix EB #212commiting suicide!
EB TPCW Broswing Mix EB #1652commiting suicide!
EB TPCW Broswing Mix EB #102commiting suicide!
EB TPCW Broswing Mix EB #3824commiting suicide!
EB TPCW Broswing Mix EB #16746commiting suicide!
EB TPCW Broswing Mix EB #108commiting suicide!
EB TPCW Broswing Mix EB #207commiting suicide!
EB TPCW Broswing Mix EB #146commiting suicide!
EB TPCW Broswing Mix EB #1671commiting suicide!
EB TPCW Broswing Mix EB #1689commiting suicide!
EB TPCW Broswing Mix EB #41commiting suicide!
EB TPCW Broswing Mix EB #3553commiting suicide!
EB TPCW Broswing Mix EB #221commiting suicide!
EB TPCW Broswing Mix EB #16338commiting suicide!
EB TPCW Broswing Mix EB #3808commiting suicide!
EB TPCW Broswing Mix EB #220commiting suicide!
EB TPCW Broswing Mix EB #104commiting suicide!
EB TPCW Broswing Mix EB #16commiting suicide!
EB TPCW Broswing Mix EB #1699commiting suicide!
EB TPCW Broswing Mix EB #1681commiting suicide!
EB TPCW Broswing Mix EB #70commiting suicide!
EB TPCW Broswing Mix EB #147commiting suicide!
EB TPCW Broswing Mix EB #4018commiting suicide!
EB TPCW Broswing Mix EB #47commiting suicide!
EB TPCW Broswing Mix EB #260commiting suicide!
EB TPCW Broswing Mix EB #3829commiting suicide!
EB TPCW Broswing Mix EB #158commiting suicide!
EB TPCW Broswing Mix EB #87commiting suicide!
EB TPCW Broswing Mix EB #208commiting suicide!
EB TPCW Broswing Mix EB #192commiting suicide!
EB TPCW Broswing Mix EB #79commiting suicide!
EB TPCW Broswing Mix EB #145commiting suicide!
EB TPCW Broswing Mix EB #1718commiting suicide!
EB TPCW Broswing Mix EB #16734commiting suicide!
EB TPCW Broswing Mix EB #39commiting suicide!
EB TPCW Broswing Mix EB #3818commiting suicide!
EB TPCW Broswing Mix EB #81commiting suicide!
EB TPCW Broswing Mix EB #116commiting suicide!
EB TPCW Broswing Mix EB #63commiting suicide!
EB TPCW Broswing Mix EB #262commiting suicide!
EB TPCW Broswing Mix EB #3559commiting suicide!
EB TPCW Broswing Mix EB #124commiting suicide!
EB TPCW Broswing Mix EB #1651commiting suicide!
EB TPCW Broswing Mix EB #254commiting suicide!
EB TPCW Broswing Mix EB #237commiting suicide!
EB TPCW Broswing Mix EB #236commiting suicide!
EB TPCW Broswing Mix EB #16742commiting suicide!
EB TPCW Broswing Mix EB #16736commiting suicide!
EBs finished.
Really finishing RBE!.
