Remote Browser Emulator for TPC-W.
  ECE 902  Fall '99
  Version 1.5
System's current path is /root/loadtest
rt:0.16,through:2.13,tt:0.3,num_interact:33,Intrvl:15,num_users:1,errors:0
rt:2.02,through:7.47,tt:0.37,num_interact:112,Intrvl:15,num_users:20,errors:0
rt:6.01,through:6.6,tt:0.42,num_interact:99,Intrvl:15,num_users:80,errors:0
rt:11.7,through:8.2,tt:0.44,num_interact:123,Intrvl:15,num_users:120,errors:0
rt:13.41,through:7.67,tt:0.41,num_interact:115,Intrvl:15,num_users:180,errors:0
rt:16.17,through:8.8,tt:0.47,num_interact:132,Intrvl:15,num_users:240,errors:0
rt:22.06,through:8.47,tt:0.45,num_interact:127,Intrvl:15,num_users:280,errors:0
rt:26.38,through:8.07,tt:0.42,num_interact:121,Intrvl:15,num_users:310,errors:0
rt:36.94,through:8,tt:0.43,num_interact:120,Intrvl:15,num_users:360,errors:6
rt:34.91,through:8.33,tt:0.36,num_interact:125,Intrvl:15,num_users:390,errors:0
rt:38.08,through:8.27,tt:0.33,num_interact:124,Intrvl:15,num_users:413,errors:7
rt:43.49,through:8.2,tt:0.36,num_interact:123,Intrvl:15,num_users:486,errors:0
rt:43.59,through:7.13,tt:0.29,num_interact:107,Intrvl:15,num_users:421,errors:29
rt:48.52,through:5.13,tt:0.33,num_interact:77,Intrvl:15,num_users:342,errors:0
rt:55.53,through:4,tt:0.33,num_interact:60,Intrvl:15,num_users:322,errors:11
rt:53.32,through:5.93,tt:0.35,num_interact:89,Intrvl:15,num_users:403,errors:2
rt:67.29,through:6.73,tt:0.42,num_interact:101,Intrvl:15,num_users:405,errors:10
rt:55.6,through:6.47,tt:0.3,num_interact:97,Intrvl:15,num_users:417,errors:8
rt:51.98,through:7.93,tt:0.41,num_interact:119,Intrvl:15,num_users:406,errors:0
rt:52.61,through:5.87,tt:0.35,num_interact:88,Intrvl:15,num_users:351,errors:24
rt:56.61,through:7.6,tt:0.31,num_interact:114,Intrvl:15,num_users:434,errors:0
rt:54.58,through:5.6,tt:0.28,num_interact:84,Intrvl:15,num_users:343,errors:18
rt:61.05,through:6.13,tt:0.32,num_interact:92,Intrvl:15,num_users:417,errors:1
rt:61.15,through:4.27,tt:0.35,num_interact:64,Intrvl:15,num_users:424,errors:6
rt:55.78,through:6,tt:0.26,num_interact:90,Intrvl:15,num_users:424,errors:11
rt:64.01,through:7.93,tt:0.32,num_interact:119,Intrvl:15,num_users:414,errors:1
rt:59.23,through:7.93,tt:0.47,num_interact:119,Intrvl:15,num_users:501,errors:12
rt:58.86,through:7.33,tt:0.34,num_interact:110,Intrvl:15,num_users:407,errors:0
rt:55.25,through:7.87,tt:0.31,num_interact:118,Intrvl:15,num_users:438,errors:20
rt:52.94,through:3.73,tt:0.34,num_interact:56,Intrvl:15,num_users:480,errors:0
rt:65.88,through:7.2,tt:0.39,num_interact:108,Intrvl:15,num_users:444,errors:4
rt:60.57,through:6.73,tt:0.35,num_interact:101,Intrvl:15,num_users:482,errors:1
rt:69.9,through:7.47,tt:0.34,num_interact:112,Intrvl:15,num_users:475,errors:3
rt:70.62,through:6.27,tt:0.38,num_interact:94,Intrvl:15,num_users:452,errors:11
rt:60.57,through:7,tt:0.38,num_interact:105,Intrvl:15,num_users:440,errors:0
rt:61.37,through:6.6,tt:0.31,num_interact:99,Intrvl:15,num_users:445,errors:18
rt:59.49,through:6.87,tt:0.36,num_interact:103,Intrvl:15,num_users:508,errors:0
rt:66.37,through:7.4,tt:0.4,num_interact:111,Intrvl:15,num_users:426,errors:12
rt:60.66,through:7.53,tt:0.4,num_interact:113,Intrvl:15,num_users:455,errors:1
rt:66.05,through:5.33,tt:0.32,num_interact:80,Intrvl:15,num_users:435,errors:26
rt:55.38,through:4.67,tt:0.37,num_interact:70,Intrvl:15,num_users:463,errors:4
rt:64.82,through:7.73,tt:0.37,num_interact:116,Intrvl:15,num_users:444,errors:0
rt:65.43,through:6.2,tt:0.37,num_interact:93,Intrvl:15,num_users:412,errors:17
rt:72.3,through:6.67,tt:0.32,num_interact:100,Intrvl:15,num_users:419,errors:0
rt:67.08,through:6.27,tt:0.31,num_interact:94,Intrvl:15,num_users:409,errors:16
rt:58.15,through:7.47,tt:0.34,num_interact:112,Intrvl:15,num_users:427,errors:0
rt:62.87,through:8,tt:0.31,num_interact:120,Intrvl:15,num_users:416,errors:20
rt:57.69,through:6.6,tt:0.33,num_interact:99,Intrvl:15,num_users:448,errors:3
rt:54.93,through:7.73,tt:0.39,num_interact:116,Intrvl:15,num_users:456,errors:3
rt:54.94,through:7.07,tt:0.31,num_interact:106,Intrvl:15,num_users:482,errors:12
rt:60.05,through:8.33,tt:0.38,num_interact:125,Intrvl:15,num_users:465,errors:0
rt:59.74,through:7.2,tt:0.37,num_interact:108,Intrvl:15,num_users:472,errors:15
rt:56.06,through:6.87,tt:0.39,num_interact:103,Intrvl:15,num_users:454,errors:1
rt:66.49,through:7.53,tt:0.3,num_interact:113,Intrvl:15,num_users:417,errors:14
rt:54.88,through:6.13,tt:0.3,num_interact:92,Intrvl:15,num_users:490,errors:1
rt:66.2,through:7.53,tt:0.39,num_interact:113,Intrvl:15,num_users:473,errors:4
rt:60.01,through:6.67,tt:0.35,num_interact:100,Intrvl:15,num_users:449,errors:6
rt:62.57,through:7.07,tt:0.37,num_interact:106,Intrvl:15,num_users:434,errors:0
rt:64.02,through:4.93,tt:0.33,num_interact:74,Intrvl:15,num_users:407,errors:12
rt:63.06,through:7.73,tt:0.33,num_interact:116,Intrvl:15,num_users:472,errors:0
rt:61.5,through:7.73,tt:0.38,num_interact:116,Intrvl:15,num_users:463,errors:14
rt:57.69,through:6.53,tt:0.29,num_interact:98,Intrvl:15,num_users:371,errors:0
rt:56.14,through:4.27,tt:0.35,num_interact:64,Intrvl:15,num_users:454,errors:16
rt:53.75,through:8.33,tt:0.38,num_interact:125,Intrvl:15,num_users:419,errors:2
rt:64.48,through:5.8,tt:0.34,num_interact:87,Intrvl:15,num_users:435,errors:17
rt:54.27,through:6.07,tt:0.36,num_interact:91,Intrvl:15,num_users:483,errors:0
rt:66.18,through:7.67,tt:0.39,num_interact:115,Intrvl:15,num_users:486,errors:20
rt:42.59,through:11,tt:0.37,num_interact:165,Intrvl:15,num_users:400,errors:12
rt:31.27,through:19.67,tt:0.33,num_interact:295,Intrvl:15,num_users:419,errors:6
rt:17.97,through:26.07,tt:0.32,num_interact:391,Intrvl:15,num_users:414,errors:10
rt:17.1,through:23.6,tt:0.34,num_interact:354,Intrvl:15,num_users:370,errors:0
rt:18.32,through:23.2,tt:0.36,num_interact:348,Intrvl:15,num_users:466,errors:12
rt:16.76,through:24.13,tt:0.35,num_interact:362,Intrvl:15,num_users:466,errors:0
rt:18.15,through:25.93,tt:0.34,num_interact:389,Intrvl:15,num_users:459,errors:16
rt:17.87,through:22.73,tt:0.4,num_interact:341,Intrvl:15,num_users:445,errors:0
rt:18.85,through:25.4,tt:0.36,num_interact:381,Intrvl:15,num_users:421,errors:23
rt:16.43,through:21.33,tt:0.35,num_interact:320,Intrvl:15,num_users:438,errors:0
rt:16.83,through:26.33,tt:0.36,num_interact:395,Intrvl:15,num_users:438,errors:17
rt:17.6,through:21.93,tt:0.37,num_interact:329,Intrvl:15,num_users:423,errors:2
rt:16.52,through:25.33,tt:0.38,num_interact:382,Intrvl:15,num_users:437,errors:13
rt:19.1,through:23.73,tt:0.36,num_interact:356,Intrvl:15,num_users:419,errors:1
rt:16.17,through:24.8,tt:0.36,num_interact:372,Intrvl:15,num_users:463,errors:0
rt:17.45,through:22.27,tt:0.38,num_interact:334,Intrvl:15,num_users:379,errors:15
rt:16.64,through:23.07,tt:0.36,num_interact:346,Intrvl:15,num_users:498,errors:0
rt:19.08,through:23.87,tt:0.36,num_interact:358,Intrvl:15,num_users:514,errors:13
rt:20.33,through:23.6,tt:0.32,num_interact:354,Intrvl:15,num_users:497,errors:0
rt:19.06,through:25.07,tt:0.35,num_interact:376,Intrvl:15,num_users:480,errors:9
rt:18.46,through:20.73,tt:0.38,num_interact:311,Intrvl:15,num_users:400,errors:0
rt:16.66,through:25.27,tt:0.36,num_interact:379,Intrvl:15,num_users:470,errors:21
rt:19.74,through:20.27,tt:0.32,num_interact:304,Intrvl:15,num_users:403,errors:0
rt:18,through:24,tt:0.37,num_interact:364,Intrvl:15,num_users:546,errors:12
rt:22.41,through:18.6,tt:0.36,num_interact:279,Intrvl:15,num_users:410,errors:3
rt:17.28,through:23.73,tt:0.37,num_interact:356,Intrvl:15,num_users:463,errors:10
rt:17.47,through:20.8,tt:0.38,num_interact:312,Intrvl:15,num_users:417,errors:6
rt:18.6,through:24.87,tt:0.38,num_interact:373,Intrvl:15,num_users:447,errors:1
rt:18.61,through:23.13,tt:0.35,num_interact:347,Intrvl:15,num_users:455,errors:8
rt:17.82,through:25.2,tt:0.37,num_interact:378,Intrvl:15,num_users:521,errors:0
rt:20.56,through:24.13,tt:0.36,num_interact:362,Intrvl:15,num_users:484,errors:19
rt:20.13,through:23.47,tt:0.35,num_interact:353,Intrvl:15,num_users:521,errors:0
rt:18.66,through:22.47,tt:0.38,num_interact:339,Intrvl:15,num_users:438,errors:19
rt:20.54,through:22.47,tt:0.35,num_interact:337,Intrvl:15,num_users:433,errors:1
rt:16.2,through:24.53,tt:0.34,num_interact:368,Intrvl:15,num_users:452,errors:10
rt:19.78,through:23.2,tt:0.39,num_interact:356,Intrvl:15,num_users:496,errors:1
rt:17.77,through:26.27,tt:0.35,num_interact:394,Intrvl:15,num_users:507,errors:18
rt:19.99,through:22.13,tt:0.36,num_interact:332,Intrvl:15,num_users:458,errors:1
rt:17.34,through:22.47,tt:0.34,num_interact:337,Intrvl:15,num_users:421,errors:13
rt:19.12,through:23.2,tt:0.35,num_interact:348,Intrvl:15,num_users:424,errors:7
rt:16.15,through:24.07,tt:0.4,num_interact:361,Intrvl:15,num_users:431,errors:2
rt:16.44,through:24.67,tt:0.35,num_interact:370,Intrvl:15,num_users:417,errors:15
rt:16.6,through:24.4,tt:0.33,num_interact:366,Intrvl:15,num_users:468,errors:0
rt:18.85,through:27.07,tt:0.35,num_interact:406,Intrvl:15,num_users:470,errors:30
rt:18.53,through:21.6,tt:0.38,num_interact:324,Intrvl:15,num_users:508,errors:0
rt:19.77,through:24.93,tt:0.33,num_interact:374,Intrvl:15,num_users:486,errors:12
rt:20.42,through:23.33,tt:0.35,num_interact:350,Intrvl:15,num_users:473,errors:1
rt:17.12,through:24.87,tt:0.35,num_interact:373,Intrvl:15,num_users:490,errors:24
rt:22.19,through:21.27,tt:0.33,num_interact:319,Intrvl:15,num_users:442,errors:0
rt:17.73,through:23.4,tt:0.34,num_interact:351,Intrvl:15,num_users:424,errors:2
rt:17.63,through:24.47,tt:0.39,num_interact:367,Intrvl:15,num_users:482,errors:12
rt:19.51,through:23.33,tt:0.35,num_interact:350,Intrvl:15,num_users:461,errors:0
rt:18.05,through:25.8,tt:0.33,num_interact:387,Intrvl:15,num_users:490,errors:9
rt:19.24,through:24.13,tt:0.35,num_interact:362,Intrvl:15,num_users:505,errors:0
rt:18.97,through:24.4,tt:0.35,num_interact:366,Intrvl:15,num_users:482,errors:15
rt:20.66,through:23.73,tt:0.34,num_interact:356,Intrvl:15,num_users:508,errors:1
rt:18.68,through:25.73,tt:0.36,num_interact:386,Intrvl:15,num_users:515,errors:15
rt:21.16,through:22,tt:0.35,num_interact:330,Intrvl:15,num_users:482,errors:2
rt:18.61,through:23.6,tt:0.31,num_interact:354,Intrvl:15,num_users:444,errors:15
rt:19.79,through:22.07,tt:0.37,num_interact:331,Intrvl:15,num_users:433,errors:3
rt:16.77,through:24.2,tt:0.32,num_interact:375,Intrvl:15,num_users:403,errors:7
rt:16.61,through:22.87,tt:0.37,num_interact:343,Intrvl:15,num_users:463,errors:9
rt:17.52,through:23.87,tt:0.39,num_interact:358,Intrvl:15,num_users:444,errors:0
rt:18.62,through:24.93,tt:0.33,num_interact:374,Intrvl:15,num_users:454,errors:20
rt:17.68,through:23.47,tt:0.36,num_interact:352,Intrvl:15,num_users:452,errors:0
rt:16.8,through:25,tt:0.36,num_interact:375,Intrvl:15,num_users:402,errors:6
rt:18.19,through:21.8,tt:0.37,num_interact:327,Intrvl:15,num_users:500,errors:0
rt:19.26,through:25.2,tt:0.36,num_interact:378,Intrvl:15,num_users:479,errors:11
rt:20.66,through:24.2,tt:0.32,num_interact:363,Intrvl:15,num_users:491,errors:3
rt:16.77,through:29.4,tt:0.33,num_interact:445,Intrvl:15,num_users:483,errors:6
rt:16.26,through:29.93,tt:0.37,num_interact:458,Intrvl:15,num_users:519,errors:14
rt:15.78,through:31.27,tt:0.37,num_interact:469,Intrvl:15,num_users:514,errors:0
rt:16.84,through:35.73,tt:0.34,num_interact:541,Intrvl:15,num_users:518,errors:15
rt:16.86,through:37,tt:0.36,num_interact:586,Intrvl:15,num_users:543,errors:1
rt:15.06,through:33.13,tt:0.34,num_interact:497,Intrvl:15,num_users:487,errors:0
rt:13.86,through:35.47,tt:0.35,num_interact:532,Intrvl:15,num_users:476,errors:0
rt:12.09,through:36.8,tt:0.34,num_interact:556,Intrvl:15,num_users:413,errors:0
rt:11.53,through:51.33,tt:0.37,num_interact:823,Intrvl:15,num_users:483,errors:0
rt:13.65,through:34,tt:0.34,num_interact:731,Intrvl:15,num_users:480,errors:0
rt:13.05,through:36.47,tt:0.36,num_interact:547,Intrvl:15,num_users:435,errors:0
rt:11.17,through:33.87,tt:0.35,num_interact:508,Intrvl:15,num_users:482,errors:0
rt:13.66,through:78.13,tt:0.35,num_interact:1172,Intrvl:15,num_users:521,errors:0
rt:14.37,through:35.87,tt:0.34,num_interact:589,Intrvl:15,num_users:444,errors:0
rt:12.03,through:59.6,tt:0.35,num_interact:894,Intrvl:15,num_users:510,errors:0
rt:14.47,through:34.4,tt:0.33,num_interact:516,Intrvl:15,num_users:447,errors:0
rt:12.98,through:34.2,tt:0.33,num_interact:597,Intrvl:15,num_users:459,errors:0
rt:13.47,through:33.4,tt:0.35,num_interact:501,Intrvl:15,num_users:442,errors:0
rt:11.18,through:37.13,tt:0.35,num_interact:557,Intrvl:15,num_users:392,errors:0
rt:11.99,through:83.87,tt:0.35,num_interact:1258,Intrvl:15,num_users:535,errors:0
rt:16.54,through:32.6,tt:0.37,num_interact:489,Intrvl:15,num_users:482,errors:0
rt:14.08,through:32.73,tt:0.35,num_interact:549,Intrvl:15,num_users:490,errors:0
rt:14.45,through:55.53,tt:0.37,num_interact:833,Intrvl:15,num_users:501,errors:0
rt:13.87,through:45.73,tt:0.35,num_interact:697,Intrvl:15,num_users:522,errors:0
rt:15.21,through:32.07,tt:0.34,num_interact:481,Intrvl:15,num_users:505,errors:0
rt:14.77,through:31.4,tt:0.37,num_interact:471,Intrvl:15,num_users:455,errors:0
rt:13.31,through:33.53,tt:0.34,num_interact:503,Intrvl:15,num_users:452,errors:0
rt:13.75,through:97.33,tt:0.35,num_interact:1460,Intrvl:15,num_users:522,errors:0
rt:15.02,through:31.73,tt:0.34,num_interact:476,Intrvl:15,num_users:472,errors:0
rt:13.42,through:34.53,tt:0.33,num_interact:606,Intrvl:15,num_users:442,errors:0
rt:12.16,through:47.13,tt:0.36,num_interact:759,Intrvl:15,num_users:552,errors:0
rt:14.72,through:23.87,tt:0.36,num_interact:358,Intrvl:15,num_users:538,errors:0
rt:21.84,through:31.6,tt:0.32,num_interact:474,Intrvl:15,num_users:465,errors:0
rt:13.81,through:32.2,tt:0.34,num_interact:483,Intrvl:15,num_users:470,errors:0
rt:13.38,through:65.47,tt:0.35,num_interact:982,Intrvl:15,num_users:483,errors:0
rt:12.94,through:42.87,tt:0.35,num_interact:643,Intrvl:15,num_users:456,errors:0
rt:12.89,through:37.73,tt:0.35,num_interact:566,Intrvl:15,num_users:434,errors:0
rt:12.14,through:31.47,tt:0.36,num_interact:669,Intrvl:15,num_users:469,errors:0
rt:14.29,through:55.07,tt:0.36,num_interact:826,Intrvl:15,num_users:487,errors:0
rt:13.76,through:42.33,tt:0.34,num_interact:768,Intrvl:15,num_users:477,errors:0
rt:12.92,through:40.4,tt:0.34,num_interact:606,Intrvl:15,num_users:414,errors:0
rt:11.42,through:30.27,tt:0.36,num_interact:612,Intrvl:15,num_users:500,errors:0
rt:15.8,through:36.13,tt:0.36,num_interact:542,Intrvl:15,num_users:475,errors:0
rt:13.23,through:26.6,tt:0.38,num_interact:399,Intrvl:15,num_users:524,errors:0
rt:15.94,through:39.27,tt:0.39,num_interact:589,Intrvl:15,num_users:480,errors:0
rt:14.18,through:33.87,tt:0.36,num_interact:508,Intrvl:15,num_users:479,errors:0
rt:11.47,through:33.53,tt:0.36,num_interact:503,Intrvl:15,num_users:409,errors:0
rt:11.76,through:34.13,tt:0.33,num_interact:512,Intrvl:15,num_users:490,errors:0
rt:13.73,through:33.53,tt:0.39,num_interact:503,Intrvl:15,num_users:468,errors:0
rt:13.1,through:41.13,tt:0.37,num_interact:617,Intrvl:15,num_users:477,errors:0
rt:13.95,through:34.33,tt:0.36,num_interact:515,Intrvl:15,num_users:543,errors:0
rt:14.28,through:33.4,tt:0.34,num_interact:733,Intrvl:15,num_users:455,errors:0
rt:12.16,through:39.07,tt:0.33,num_interact:586,Intrvl:15,num_users:423,errors:0
rt:11.71,through:31.4,tt:0.33,num_interact:783,Intrvl:15,num_users:455,errors:0
rt:13.3,through:72.67,tt:0.35,num_interact:1090,Intrvl:15,num_users:503,errors:0
rt:14.88,through:29.87,tt:0.38,num_interact:448,Intrvl:15,num_users:477,errors:0
rt:15.9,through:67.13,tt:0.34,num_interact:1007,Intrvl:15,num_users:536,errors:0
rt:16.68,through:29.07,tt:0.36,num_interact:436,Intrvl:15,num_users:494,errors:0
rt:14.98,through:37.87,tt:0.37,num_interact:568,Intrvl:15,num_users:496,errors:5
rt:14.59,through:69.13,tt:0.34,num_interact:1037,Intrvl:15,num_users:526,errors:27
rt:17.86,through:33.47,tt:0.38,num_interact:502,Intrvl:15,num_users:591,errors:0
rt:13.45,through:26.33,tt:0.33,num_interact:395,Intrvl:15,num_users:482,errors:0
rt:20.5,through:20,tt:0.35,num_interact:432,Intrvl:15,num_users:521,errors:0
rt:20.42,through:25.73,tt:0.36,num_interact:601,Intrvl:15,num_users:514,errors:0
rt:16.74,through:70.8,tt:0.36,num_interact:1062,Intrvl:15,num_users:539,errors:0
rt:24.76,through:13.93,tt:0.35,num_interact:209,Intrvl:15,num_users:501,errors:0
rt:47.7,through:30.13,tt:0.37,num_interact:452,Intrvl:15,num_users:490,errors:0
rt:12.94,through:32.4,tt:0.35,num_interact:486,Intrvl:15,num_users:431,errors:0
rt:14.27,through:30.67,tt:0.34,num_interact:1182,Intrvl:15,num_users:479,errors:0
rt:14.95,through:34.73,tt:0.35,num_interact:521,Intrvl:15,num_users:508,errors:0
rt:12.43,through:33.53,tt:0.4,num_interact:528,Intrvl:15,num_users:567,errors:0
rt:18.94,through:35.73,tt:0.35,num_interact:538,Intrvl:15,num_users:504,errors:0
rt:13.47,through:32.8,tt:0.36,num_interact:492,Intrvl:15,num_users:508,errors:0
rt:14.48,through:33.8,tt:0.35,num_interact:859,Intrvl:15,num_users:536,errors:0
rt:16.42,through:41.93,tt:0.37,num_interact:629,Intrvl:15,num_users:539,errors:0
rt:15.05,through:33.87,tt:0.34,num_interact:508,Intrvl:15,num_users:577,errors:0
rt:15.21,through:25.93,tt:0.36,num_interact:389,Intrvl:15,num_users:584,errors:0
rt:18.28,through:56.07,tt:0.36,num_interact:841,Intrvl:15,num_users:613,errors:0
rt:16.88,through:33.33,tt:0.34,num_interact:500,Intrvl:15,num_users:459,errors:0
rt:28.93,through:72.67,tt:0.37,num_interact:1240,Intrvl:15,num_users:652,errors:0
rt:433.41,through:1.73,tt:0.34,num_interact:26,Intrvl:15,num_users:574,errors:0
rt:454.07,through:1.8,tt:0.3,num_interact:27,Intrvl:15,num_users:546,errors:0
rt:264.77,through:62.4,tt:0.34,num_interact:990,Intrvl:15,num_users:591,errors:0
rt:18.45,through:4.73,tt:0.34,num_interact:71,Intrvl:15,num_users:545,errors:0
rt:30.67,through:2.47,tt:0.32,num_interact:37,Intrvl:15,num_users:536,errors:0
rt:46.56,through:3.73,tt:0.34,num_interact:56,Intrvl:15,num_users:525,errors:0
rt:78.63,through:62.67,tt:0.37,num_interact:940,Intrvl:15,num_users:592,errors:2
rt:18.65,through:33,tt:0.37,num_interact:495,Intrvl:15,num_users:539,errors:0
rt:12.55,through:32.93,tt:0.35,num_interact:514,Intrvl:15,num_users:498,errors:0
rt:12.31,through:56.27,tt:0.33,num_interact:1044,Intrvl:15,num_users:532,errors:0
rt:13.67,through:55.4,tt:0.36,num_interact:831,Intrvl:15,num_users:578,errors:0
rt:13.36,through:36.2,tt:0.36,num_interact:543,Intrvl:15,num_users:466,errors:0
rt:11.59,through:32.67,tt:0.35,num_interact:607,Intrvl:15,num_users:528,errors:0
rt:13.67,through:82.93,tt:0.37,num_interact:1244,Intrvl:15,num_users:668,errors:0
rt:20.43,through:9.73,tt:0.33,num_interact:472,Intrvl:15,num_users:594,errors:0
rt:327.76,through:2.2,tt:0.35,num_interact:33,Intrvl:15,num_users:581,errors:0
rt:372.28,through:64.27,tt:0.35,num_interact:964,Intrvl:15,num_users:672,errors:50
rt:156.75,through:12.47,tt:0.37,num_interact:187,Intrvl:15,num_users:658,errors:0
rt:97.29,through:10.53,tt:0.36,num_interact:158,Intrvl:15,num_users:615,errors:0
rt:122.55,through:11.6,tt:0.35,num_interact:174,Intrvl:15,num_users:592,errors:0
rt:39.22,through:10.6,tt:0.3,num_interact:159,Intrvl:15,num_users:531,errors:0
rt:36.03,through:10.87,tt:0.33,num_interact:163,Intrvl:15,num_users:522,errors:0
rt:33.56,through:11.73,tt:0.33,num_interact:176,Intrvl:15,num_users:585,errors:0
rt:32.97,through:12.73,tt:0.4,num_interact:191,Intrvl:15,num_users:610,errors:0
rt:34.53,through:12.33,tt:0.42,num_interact:185,Intrvl:15,num_users:589,errors:0
rt:35.73,through:11.07,tt:0.34,num_interact:166,Intrvl:15,num_users:577,errors:0
rt:35.25,through:11.73,tt:0.35,num_interact:176,Intrvl:15,num_users:557,errors:0
rt:36.5,through:12.2,tt:0.35,num_interact:183,Intrvl:15,num_users:574,errors:0
rt:34.51,through:12.27,tt:0.39,num_interact:184,Intrvl:15,num_users:568,errors:0
rt:34.03,through:12.33,tt:0.41,num_interact:185,Intrvl:15,num_users:566,errors:0
rt:32.15,through:11.13,tt:0.34,num_interact:167,Intrvl:15,num_users:528,errors:0
rt:33.01,through:11.07,tt:0.33,num_interact:166,Intrvl:15,num_users:498,errors:0
rt:32.85,through:11.6,tt:0.33,num_interact:174,Intrvl:15,num_users:507,errors:0
rt:30.16,through:12.2,tt:0.36,num_interact:183,Intrvl:15,num_users:498,errors:0
rt:28.71,through:10.73,tt:0.34,num_interact:161,Intrvl:15,num_users:442,errors:0
rt:28.84,through:11.67,tt:0.31,num_interact:175,Intrvl:15,num_users:491,errors:0
rt:28.07,through:12.47,tt:0.37,num_interact:187,Intrvl:15,num_users:560,errors:0
rt:28.6,through:12.53,tt:0.37,num_interact:188,Intrvl:15,num_users:588,errors:0
rt:32.29,through:10.47,tt:0.38,num_interact:157,Intrvl:15,num_users:505,errors:0
rt:35.31,through:10.8,tt:0.34,num_interact:162,Intrvl:15,num_users:518,errors:0
rt:35.2,through:10.87,tt:0.41,num_interact:163,Intrvl:15,num_users:501,errors:0
rt:31.5,through:10.33,tt:0.38,num_interact:155,Intrvl:15,num_users:461,errors:0
rt:29.64,through:11.53,tt:0.37,num_interact:173,Intrvl:15,num_users:536,errors:0
rt:30.48,through:12.33,tt:0.38,num_interact:185,Intrvl:15,num_users:522,errors:0
rt:30.57,through:8.73,tt:0.3,num_interact:131,Intrvl:15,num_users:430,errors:0
rt:31.67,through:11.33,tt:0.36,num_interact:170,Intrvl:15,num_users:536,errors:0
rt:28.06,through:12.13,tt:0.42,num_interact:182,Intrvl:15,num_users:651,errors:0
rt:33.72,through:10.93,tt:0.41,num_interact:164,Intrvl:15,num_users:563,errors:0
rt:38.29,through:9.8,tt:0.35,num_interact:147,Intrvl:15,num_users:623,errors:0
rt:39.41,through:10.13,tt:0.34,num_interact:152,Intrvl:15,num_users:511,errors:0
rt:40.21,through:8.67,tt:0.37,num_interact:130,Intrvl:15,num_users:578,errors:0
rt:40.12,through:10.6,tt:0.4,num_interact:159,Intrvl:15,num_users:529,errors:0
rt:39.49,through:9.93,tt:0.37,num_interact:149,Intrvl:15,num_users:505,errors:0
rt:37.08,through:11.53,tt:0.32,num_interact:173,Intrvl:15,num_users:585,errors:0
rt:34.2,through:10.4,tt:0.37,num_interact:156,Intrvl:15,num_users:466,errors:0
rt:35.51,through:8.47,tt:0.3,num_interact:127,Intrvl:15,num_users:532,errors:0
rt:34.07,through:11.13,tt:0.35,num_interact:167,Intrvl:15,num_users:542,errors:0
rt:36.04,through:13,tt:0.42,num_interact:195,Intrvl:15,num_users:620,errors:0
rt:32.8,through:11.93,tt:0.32,num_interact:179,Intrvl:15,num_users:552,errors:0
rt:36.31,through:9.53,tt:0.32,num_interact:143,Intrvl:15,num_users:547,errors:0
rt:37.58,through:11.73,tt:0.39,num_interact:176,Intrvl:15,num_users:550,errors:0
rt:37.67,through:11.73,tt:0.34,num_interact:176,Intrvl:15,num_users:508,errors:0
rt:33.13,through:10.47,tt:0.36,num_interact:157,Intrvl:15,num_users:491,errors:0
rt:31.5,through:12.2,tt:0.4,num_interact:183,Intrvl:15,num_users:617,errors:0
rt:31.58,through:12.8,tt:0.33,num_interact:192,Intrvl:15,num_users:627,errors:0
rt:36.06,through:11.8,tt:0.43,num_interact:178,Intrvl:15,num_users:605,errors:0
rt:38.49,through:12.33,tt:0.37,num_interact:185,Intrvl:15,num_users:668,errors:0
rt:38.63,through:9.87,tt:0.3,num_interact:148,Intrvl:15,num_users:549,errors:6
rt:40.65,through:9.4,tt:0.32,num_interact:141,Intrvl:15,num_users:571,errors:0
rt:34.52,through:18.07,tt:0.32,num_interact:271,Intrvl:15,num_users:584,errors:5
rt:25.68,through:21.47,tt:0.39,num_interact:322,Intrvl:15,num_users:587,errors:1
rt:19.53,through:25.8,tt:0.35,num_interact:387,Intrvl:15,num_users:529,errors:0
rt:13.68,through:29.13,tt:0.37,num_interact:437,Intrvl:15,num_users:556,errors:0
rt:12.89,through:29.53,tt:0.35,num_interact:443,Intrvl:15,num_users:612,errors:0
rt:16.65,through:23.6,tt:0.4,num_interact:354,Intrvl:15,num_users:571,errors:0
rt:17.71,through:24.47,tt:0.36,num_interact:367,Intrvl:15,num_users:571,errors:0
rt:17.37,through:22.27,tt:0.39,num_interact:334,Intrvl:15,num_users:526,errors:0
rt:17.43,through:24.6,tt:0.37,num_interact:369,Intrvl:15,num_users:620,errors:0
rt:19.1,through:25,tt:0.42,num_interact:375,Intrvl:15,num_users:679,errors:0
rt:20.13,through:20.67,tt:0.35,num_interact:310,Intrvl:15,num_users:564,errors:0
rt:19.18,through:21.67,tt:0.38,num_interact:325,Intrvl:15,num_users:535,errors:0
rt:17.99,through:25.07,tt:0.33,num_interact:376,Intrvl:15,num_users:606,errors:0
rt:18.5,through:25.33,tt:0.38,num_interact:380,Intrvl:15,num_users:629,errors:0
rt:18.93,through:21.73,tt:0.41,num_interact:326,Intrvl:15,num_users:568,errors:0
rt:18.87,through:24.73,tt:0.37,num_interact:371,Intrvl:15,num_users:659,errors:0
rt:19.64,through:23.93,tt:0.36,num_interact:359,Intrvl:15,num_users:624,errors:0
rt:19.77,through:23.13,tt:0.35,num_interact:347,Intrvl:15,num_users:592,errors:0
rt:19.59,through:24.2,tt:0.34,num_interact:363,Intrvl:15,num_users:616,errors:0
rt:19.04,through:25.33,tt:0.35,num_interact:380,Intrvl:15,num_users:612,errors:0
rt:18.99,through:25.87,tt:0.36,num_interact:388,Intrvl:15,num_users:608,errors:0
rt:18.43,through:24.47,tt:0.35,num_interact:367,Intrvl:15,num_users:617,errors:0
rt:19.32,through:25.13,tt:0.37,num_interact:377,Intrvl:15,num_users:599,errors:0
rt:17.86,through:20.6,tt:0.34,num_interact:309,Intrvl:15,num_users:498,errors:0
rt:17.03,through:24.13,tt:0.36,num_interact:362,Intrvl:15,num_users:564,errors:0
rt:16.46,through:24.53,tt:0.36,num_interact:370,Intrvl:15,num_users:591,errors:0
rt:18.09,through:26,tt:0.36,num_interact:390,Intrvl:15,num_users:648,errors:0
rt:18.78,through:20.47,tt:0.4,num_interact:307,Intrvl:15,num_users:531,errors:0
rt:19.23,through:23.27,tt:0.33,num_interact:349,Intrvl:15,num_users:714,errors:0
rt:20.47,through:24.33,tt:0.37,num_interact:365,Intrvl:15,num_users:690,errors:0
rt:21.41,through:22.67,tt:0.38,num_interact:340,Intrvl:15,num_users:641,errors:0
rt:21.36,through:24.53,tt:0.36,num_interact:372,Intrvl:15,num_users:746,errors:0
rt:22.41,through:23.47,tt:0.36,num_interact:352,Intrvl:15,num_users:703,errors:0
rt:22.65,through:22.67,tt:0.33,num_interact:343,Intrvl:15,num_users:643,errors:0
rt:21.85,through:23.73,tt:0.37,num_interact:356,Intrvl:15,num_users:732,errors:0
rt:22.54,through:22.67,tt:0.32,num_interact:340,Intrvl:15,num_users:634,errors:0
rt:21.39,through:23.6,tt:0.36,num_interact:354,Intrvl:15,num_users:651,errors:0
rt:20.07,through:23.67,tt:0.34,num_interact:355,Intrvl:15,num_users:617,errors:0
rt:21,through:24.73,tt:0.35,num_interact:371,Intrvl:15,num_users:650,errors:0
rt:20.6,through:22.2,tt:0.35,num_interact:333,Intrvl:15,num_users:567,errors:0
rt:18.31,through:23.93,tt:0.38,num_interact:359,Intrvl:15,num_users:622,errors:2
rt:20.61,through:25.13,tt:0.38,num_interact:377,Intrvl:15,num_users:694,errors:0
rt:20.47,through:24.73,tt:0.35,num_interact:371,Intrvl:15,num_users:662,errors:0
rt:20.55,through:21.47,tt:0.36,num_interact:324,Intrvl:15,num_users:591,errors:0
rt:20.79,through:24.07,tt:0.33,num_interact:361,Intrvl:15,num_users:717,errors:0
rt:21.36,through:23.73,tt:0.37,num_interact:357,Intrvl:15,num_users:672,errors:0
rt:21.8,through:24,tt:0.34,num_interact:362,Intrvl:15,num_users:648,errors:0
rt:20.92,through:24.2,tt:0.37,num_interact:363,Intrvl:15,num_users:634,errors:0
rt:20.94,through:25.4,tt:0.35,num_interact:381,Intrvl:15,num_users:693,errors:0
rt:21.39,through:24.87,tt:0.36,num_interact:373,Intrvl:15,num_users:742,errors:0
rt:21.66,through:20.87,tt:0.34,num_interact:313,Intrvl:15,num_users:601,errors:0
rt:20.64,through:23.2,tt:0.34,num_interact:348,Intrvl:15,num_users:638,errors:0
rt:20.81,through:25,tt:0.35,num_interact:378,Intrvl:15,num_users:700,errors:0
rt:21.84,through:26.53,tt:0.38,num_interact:398,Intrvl:15,num_users:708,errors:0
rt:22.55,through:24.2,tt:0.36,num_interact:363,Intrvl:15,num_users:673,errors:0
rt:22.34,through:23.93,tt:0.33,num_interact:359,Intrvl:15,num_users:648,errors:0
rt:21.22,through:24.47,tt:0.37,num_interact:367,Intrvl:15,num_users:673,errors:1
rt:21.84,through:23.13,tt:0.33,num_interact:349,Intrvl:15,num_users:638,errors:0
rt:20.91,through:25.27,tt:0.34,num_interact:379,Intrvl:15,num_users:675,errors:0
rt:20.26,through:25.93,tt:0.34,num_interact:389,Intrvl:15,num_users:731,errors:0
rt:22.74,through:23.33,tt:0.36,num_interact:350,Intrvl:15,num_users:661,errors:0
rt:21.93,through:23.73,tt:0.32,num_interact:356,Intrvl:15,num_users:742,errors:0
rt:23.7,through:22.53,tt:0.35,num_interact:338,Intrvl:15,num_users:654,errors:0
rt:22.55,through:23.13,tt:0.34,num_interact:351,Intrvl:15,num_users:762,errors:0
rt:23.33,through:22.8,tt:0.35,num_interact:342,Intrvl:15,num_users:708,errors:1
rt:23.12,through:22.4,tt:0.36,num_interact:336,Intrvl:15,num_users:643,errors:0
rt:22.82,through:23.93,tt:0.36,num_interact:359,Intrvl:15,num_users:736,errors:0
rt:22.78,through:25.67,tt:0.33,num_interact:385,Intrvl:15,num_users:753,errors:0
rt:23.21,through:23.13,tt:0.38,num_interact:353,Intrvl:15,num_users:703,errors:0
rt:24.09,through:25.73,tt:0.36,num_interact:386,Intrvl:15,num_users:717,errors:0
rt:24.46,through:21,tt:0.37,num_interact:315,Intrvl:15,num_users:655,errors:3
rt:22.51,through:25.93,tt:0.36,num_interact:389,Intrvl:15,num_users:693,errors:0
rt:19.63,through:28.07,tt:0.34,num_interact:457,Intrvl:15,num_users:640,errors:4
rt:16.49,through:43.73,tt:0.36,num_interact:656,Intrvl:15,num_users:665,errors:2
rt:20.02,through:49.2,tt:0.34,num_interact:1064,Intrvl:15,num_users:676,errors:0
rt:19.39,through:40.73,tt:0.34,num_interact:611,Intrvl:15,num_users:686,errors:0
rt:20.11,through:32,tt:0.35,num_interact:503,Intrvl:15,num_users:710,errors:0
rt:20.71,through:31.87,tt:0.39,num_interact:478,Intrvl:15,num_users:714,errors:0
rt:16.87,through:29.2,tt:0.35,num_interact:807,Intrvl:15,num_users:636,errors:0
rt:289.65,through:77.6,tt:0.34,num_interact:1164,Intrvl:15,num_users:676,errors:22
rt:24.83,through:3.2,tt:0.37,num_interact:48,Intrvl:15,num_users:678,errors:0
rt:127.16,through:1.27,tt:0.37,num_interact:19,Intrvl:15,num_users:711,errors:0
rt:94.04,through:1.2,tt:0.34,num_interact:18,Intrvl:15,num_users:697,errors:0
rt:244.8,through:62.2,tt:0.35,num_interact:934,Intrvl:15,num_users:741,errors:2
rt:32.3,through:24.13,tt:0.38,num_interact:368,Intrvl:15,num_users:791,errors:0
rt:268.13,through:46.87,tt:0.36,num_interact:703,Intrvl:15,num_users:826,errors:1
rt:51.93,through:6.6,tt:0.37,num_interact:99,Intrvl:15,num_users:739,errors:0
rt:61.91,through:6.33,tt:0.32,num_interact:95,Intrvl:15,num_users:676,errors:0
rt:28.68,through:6.8,tt:0.34,num_interact:102,Intrvl:15,num_users:644,errors:0
rt:27.67,through:6.4,tt:0.34,num_interact:96,Intrvl:15,num_users:672,errors:50
rt:33.9,through:5,tt:0.34,num_interact:75,Intrvl:15,num_users:661,errors:0
rt:48.12,through:5.8,tt:0.34,num_interact:87,Intrvl:15,num_users:602,errors:0
rt:64.24,through:7.2,tt:0.37,num_interact:108,Intrvl:15,num_users:666,errors:0
rt:29.22,through:7.47,tt:0.41,num_interact:112,Intrvl:15,num_users:654,errors:0
rt:28.82,through:7.13,tt:0.4,num_interact:107,Intrvl:15,num_users:713,errors:11
rt:31.73,through:7.47,tt:0.35,num_interact:112,Intrvl:15,num_users:655,errors:1
rt:36.72,through:5.93,tt:0.35,num_interact:89,Intrvl:15,num_users:697,errors:15
rt:39.58,through:6.67,tt:0.35,num_interact:100,Intrvl:15,num_users:732,errors:1
rt:39.44,through:7,tt:0.36,num_interact:105,Intrvl:15,num_users:671,errors:5
rt:44.69,through:5.93,tt:0.32,num_interact:89,Intrvl:15,num_users:704,errors:3
rt:38.52,through:6.87,tt:0.31,num_interact:103,Intrvl:15,num_users:641,errors:0
rt:43.21,through:5.47,tt:0.34,num_interact:82,Intrvl:15,num_users:657,errors:4
rt:34.22,through:7.6,tt:0.37,num_interact:114,Intrvl:15,num_users:685,errors:0
rt:36.26,through:7.73,tt:0.33,num_interact:116,Intrvl:15,num_users:722,errors:11
rt:29.04,through:7.87,tt:0.37,num_interact:118,Intrvl:15,num_users:718,errors:0
rt:37.2,through:8.4,tt:0.42,num_interact:126,Intrvl:15,num_users:732,errors:9
rt:37.68,through:7.4,tt:0.31,num_interact:111,Intrvl:15,num_users:699,errors:1
rt:39.18,through:6.6,tt:0.4,num_interact:99,Intrvl:15,num_users:708,errors:21
rt:38.09,through:5.8,tt:0.34,num_interact:87,Intrvl:15,num_users:654,errors:0
rt:45.08,through:6.73,tt:0.35,num_interact:101,Intrvl:15,num_users:633,errors:11
rt:35.27,through:6.2,tt:0.36,num_interact:93,Intrvl:15,num_users:692,errors:0
rt:39.57,through:6.67,tt:0.34,num_interact:100,Intrvl:15,num_users:610,errors:4
rt:28.31,through:6.73,tt:0.39,num_interact:101,Intrvl:15,num_users:638,errors:0
rt:30.91,through:5.73,tt:0.44,num_interact:86,Intrvl:15,num_users:673,errors:5
rt:30.68,through:7.87,tt:0.34,num_interact:118,Intrvl:15,num_users:664,errors:0
rt:36.14,through:8,tt:0.46,num_interact:120,Intrvl:15,num_users:697,errors:13
rt:33.08,through:7.67,tt:0.36,num_interact:115,Intrvl:15,num_users:694,errors:1
rt:35.4,through:7.4,tt:0.37,num_interact:111,Intrvl:15,num_users:774,errors:10
rt:34.87,through:7.53,tt:0.31,num_interact:113,Intrvl:15,num_users:685,errors:1
rt:38.34,through:3.73,tt:0.41,num_interact:56,Intrvl:15,num_users:692,errors:20
rt:51.26,through:5.47,tt:0.35,num_interact:82,Intrvl:15,num_users:647,errors:0
rt:42.2,through:7,tt:0.37,num_interact:105,Intrvl:15,num_users:658,errors:15
rt:31.08,through:6.87,tt:0.37,num_interact:103,Intrvl:15,num_users:673,errors:1
rt:45.34,through:6.33,tt:0.38,num_interact:95,Intrvl:15,num_users:594,errors:9
rt:30.31,through:6.27,tt:0.39,num_interact:94,Intrvl:15,num_users:641,errors:0
rt:37.11,through:6.4,tt:0.34,num_interact:96,Intrvl:15,num_users:584,errors:2
rt:27.77,through:7.2,tt:0.33,num_interact:108,Intrvl:15,num_users:629,errors:0
rt:29.44,through:7,tt:0.37,num_interact:105,Intrvl:15,num_users:679,errors:1
rt:29.58,through:6.33,tt:0.32,num_interact:95,Intrvl:15,num_users:578,errors:0
rt:40.59,through:5.07,tt:0.38,num_interact:76,Intrvl:15,num_users:595,errors:5
rt:31.5,through:7,tt:0.37,num_interact:105,Intrvl:15,num_users:606,errors:0
rt:25.33,through:8.27,tt:0.38,num_interact:124,Intrvl:15,num_users:720,errors:1
rt:32.97,through:7.93,tt:0.41,num_interact:119,Intrvl:15,num_users:704,errors:0
rt:29.69,through:7.8,tt:0.36,num_interact:117,Intrvl:15,num_users:690,errors:6
rt:29.49,through:9.6,tt:0.32,num_interact:146,Intrvl:15,num_users:655,errors:5
rt:12.06,through:23.53,tt:0.34,num_interact:353,Intrvl:15,num_users:613,errors:3
rt:12.56,through:21.93,tt:0.35,num_interact:329,Intrvl:15,num_users:708,errors:0
rt:12.24,through:24.2,tt:0.35,num_interact:363,Intrvl:15,num_users:715,errors:0
rt:10.64,through:23.2,tt:0.34,num_interact:348,Intrvl:15,num_users:651,errors:0
rt:9.86,through:24.67,tt:0.36,num_interact:370,Intrvl:15,num_users:661,errors:0
rt:11.61,through:24.67,tt:0.34,num_interact:370,Intrvl:15,num_users:701,errors:0
rt:11.13,through:23.8,tt:0.37,num_interact:357,Intrvl:15,num_users:686,errors:0
rt:12,through:24.73,tt:0.36,num_interact:371,Intrvl:15,num_users:704,errors:0
rt:12.12,through:24.93,tt:0.33,num_interact:374,Intrvl:15,num_users:669,errors:0
rt:8.59,through:24.13,tt:0.34,num_interact:369,Intrvl:15,num_users:631,errors:1
rt:10.56,through:24.87,tt:0.34,num_interact:373,Intrvl:15,num_users:671,errors:0
rt:11.73,through:23.8,tt:0.36,num_interact:357,Intrvl:15,num_users:720,errors:0
rt:12.12,through:23.4,tt:0.34,num_interact:351,Intrvl:15,num_users:680,errors:0
rt:11.44,through:24.53,tt:0.34,num_interact:369,Intrvl:15,num_users:708,errors:0
rt:9.67,through:24.13,tt:0.34,num_interact:362,Intrvl:15,num_users:631,errors:0
rt:11.51,through:22.53,tt:0.36,num_interact:338,Intrvl:15,num_users:700,errors:0
rt:9.3,through:23.2,tt:0.35,num_interact:348,Intrvl:15,num_users:613,errors:0
rt:9.87,through:23.53,tt:0.34,num_interact:353,Intrvl:15,num_users:676,errors:0
rt:10.31,through:26,tt:0.33,num_interact:390,Intrvl:15,num_users:679,errors:0
rt:10.11,through:24.47,tt:0.35,num_interact:367,Intrvl:15,num_users:676,errors:0
rt:14.21,through:24.07,tt:0.36,num_interact:361,Intrvl:15,num_users:739,errors:0
rt:11.08,through:25.8,tt:0.34,num_interact:387,Intrvl:15,num_users:710,errors:0
rt:13.5,through:25,tt:0.39,num_interact:375,Intrvl:15,num_users:735,errors:0
rt:9.84,through:22.07,tt:0.38,num_interact:331,Intrvl:15,num_users:609,errors:0
rt:10.11,through:22,tt:0.36,num_interact:330,Intrvl:15,num_users:710,errors:0
rt:11.71,through:23.87,tt:0.33,num_interact:358,Intrvl:15,num_users:699,errors:1
rt:10.48,through:25.07,tt:0.38,num_interact:376,Intrvl:15,num_users:687,errors:2
rt:13.78,through:24.8,tt:0.4,num_interact:372,Intrvl:15,num_users:755,errors:0
rt:13.79,through:24.33,tt:0.38,num_interact:369,Intrvl:15,num_users:806,errors:0
rt:15.63,through:25.87,tt:0.35,num_interact:388,Intrvl:15,num_users:797,errors:5
rt:14.59,through:23.47,tt:0.37,num_interact:352,Intrvl:15,num_users:770,errors:0
rt:12.34,through:21.2,tt:0.32,num_interact:320,Intrvl:15,num_users:659,errors:0
rt:10.19,through:23.47,tt:0.37,num_interact:352,Intrvl:15,num_users:640,errors:0
rt:11.23,through:24.13,tt:0.38,num_interact:362,Intrvl:15,num_users:749,errors:0
rt:9.28,through:19.8,tt:0.34,num_interact:297,Intrvl:15,num_users:575,errors:0
rt:10.66,through:20.07,tt:0.38,num_interact:301,Intrvl:15,num_users:792,errors:0
rt:13.46,through:22.2,tt:0.37,num_interact:333,Intrvl:15,num_users:699,errors:4
rt:12.2,through:22.53,tt:0.33,num_interact:338,Intrvl:15,num_users:728,errors:0
rt:13.24,through:24.4,tt:0.34,num_interact:366,Intrvl:15,num_users:717,errors:1
rt:11.76,through:24,tt:0.33,num_interact:360,Intrvl:15,num_users:669,errors:0
rt:11.07,through:23.67,tt:0.38,num_interact:355,Intrvl:15,num_users:699,errors:0
rt:10.01,through:24.4,tt:0.37,num_interact:366,Intrvl:15,num_users:643,errors:1
rt:9.92,through:23.2,tt:0.34,num_interact:348,Intrvl:15,num_users:685,errors:1
rt:11.09,through:23.6,tt:0.34,num_interact:354,Intrvl:15,num_users:630,errors:2
rt:10.14,through:23.33,tt:0.38,num_interact:350,Intrvl:15,num_users:734,errors:0
rt:13.19,through:24.53,tt:0.34,num_interact:368,Intrvl:15,num_users:692,errors:4
rt:10.73,through:23.47,tt:0.34,num_interact:352,Intrvl:15,num_users:724,errors:0
rt:12.75,through:23.13,tt:0.32,num_interact:347,Intrvl:15,num_users:651,errors:2
rt:9.83,through:22.27,tt:0.37,num_interact:334,Intrvl:15,num_users:662,errors:0
rt:12.91,through:20.07,tt:0.36,num_interact:301,Intrvl:15,num_users:627,errors:6
rt:11.32,through:19,tt:0.37,num_interact:285,Intrvl:15,num_users:610,errors:0
rt:12.8,through:22.67,tt:0.37,num_interact:340,Intrvl:15,num_users:673,errors:1
rt:10.24,through:26.67,tt:0.35,num_interact:400,Intrvl:15,num_users:661,errors:0
rt:11.74,through:23.87,tt:0.36,num_interact:358,Intrvl:15,num_users:714,errors:0
rt:11.1,through:24.2,tt:0.33,num_interact:363,Intrvl:15,num_users:651,errors:4
rt:9.33,through:21.4,tt:0.34,num_interact:321,Intrvl:15,num_users:616,errors:0
rt:8.7,through:32.33,tt:0.35,num_interact:485,Intrvl:15,num_users:687,errors:8
rt:7.17,through:35.2,tt:0.35,num_interact:528,Intrvl:15,num_users:693,errors:0
rt:8.81,through:32.73,tt:0.35,num_interact:496,Intrvl:15,num_users:652,errors:0
rt:9.55,through:35.07,tt:0.36,num_interact:526,Intrvl:15,num_users:736,errors:0
rt:6.7,through:39,tt:0.32,num_interact:585,Intrvl:15,num_users:648,errors:0
rt:6.74,through:38.87,tt:0.36,num_interact:583,Intrvl:15,num_users:671,errors:0
rt:9.06,through:72.8,tt:0.36,num_interact:1094,Intrvl:15,num_users:745,errors:0
rt:9.43,through:30.47,tt:0.34,num_interact:712,Intrvl:15,num_users:699,errors:0
rt:9.49,through:36.67,tt:0.34,num_interact:550,Intrvl:15,num_users:689,errors:0
rt:6.94,through:42.8,tt:0.37,num_interact:658,Intrvl:15,num_users:697,errors:0
rt:8.97,through:35.67,tt:0.34,num_interact:535,Intrvl:15,num_users:683,errors:0
rt:8.76,through:29.13,tt:0.36,num_interact:437,Intrvl:15,num_users:710,errors:0
rt:9.19,through:34.07,tt:0.37,num_interact:511,Intrvl:15,num_users:675,errors:0
rt:8.07,through:39.13,tt:0.34,num_interact:587,Intrvl:15,num_users:672,errors:0
rt:7.12,through:33.73,tt:0.35,num_interact:538,Intrvl:15,num_users:671,errors:0
rt:6.89,through:36.13,tt:0.37,num_interact:542,Intrvl:15,num_users:640,errors:0
rt:4.24,through:40.13,tt:0.36,num_interact:602,Intrvl:15,num_users:567,errors:0
rt:4.48,through:43.33,tt:0.36,num_interact:650,Intrvl:15,num_users:592,errors:0
rt:4.59,through:42.53,tt:0.35,num_interact:638,Intrvl:15,num_users:598,errors:0
rt:4.3,through:39,tt:0.35,num_interact:585,Intrvl:15,num_users:546,errors:0
rt:6.3,through:37.67,tt:0.37,num_interact:565,Intrvl:15,num_users:648,errors:0
rt:7.78,through:30.33,tt:0.33,num_interact:455,Intrvl:15,num_users:707,errors:0
rt:7.38,through:40.27,tt:0.34,num_interact:604,Intrvl:15,num_users:599,errors:0
rt:6.68,through:31.93,tt:0.33,num_interact:479,Intrvl:15,num_users:664,errors:0
rt:9.33,through:55.27,tt:0.37,num_interact:829,Intrvl:15,num_users:721,errors:0
rt:16.49,through:6.33,tt:0.35,num_interact:95,Intrvl:15,num_users:774,errors:0
rt:34.49,through:2.53,tt:0.4,num_interact:38,Intrvl:15,num_users:634,errors:0
rt:49.99,through:2.33,tt:0.38,num_interact:35,Intrvl:15,num_users:596,errors:0
rt:59.82,through:4.67,tt:0.4,num_interact:70,Intrvl:15,num_users:683,errors:0
rt:113.86,through:1.87,tt:0.38,num_interact:28,Intrvl:15,num_users:627,errors:0
rt:77.09,through:16.87,tt:0.38,num_interact:253,Intrvl:15,num_users:599,errors:0
rt:9.81,through:42.93,tt:0.34,num_interact:661,Intrvl:15,num_users:651,errors:0
rt:8.04,through:32.33,tt:0.35,num_interact:485,Intrvl:15,num_users:655,errors:0
rt:6.75,through:37.33,tt:0.33,num_interact:560,Intrvl:15,num_users:648,errors:0
rt:5.26,through:42.4,tt:0.36,num_interact:638,Intrvl:15,num_users:606,errors:0
rt:5.25,through:43.53,tt:0.39,num_interact:653,Intrvl:15,num_users:633,errors:0
rt:5.98,through:42.13,tt:0.35,num_interact:632,Intrvl:15,num_users:640,errors:0
rt:5.63,through:42.4,tt:0.33,num_interact:636,Intrvl:15,num_users:623,errors:0
rt:5.37,through:42.47,tt:0.36,num_interact:637,Intrvl:15,num_users:622,errors:0
rt:5.16,through:42.67,tt:0.36,num_interact:642,Intrvl:15,num_users:624,errors:0
rt:5.18,through:40.87,tt:0.35,num_interact:613,Intrvl:15,num_users:603,errors:0
rt:5.39,through:42.13,tt:0.36,num_interact:632,Intrvl:15,num_users:623,errors:0
rt:5.91,through:45.2,tt:0.39,num_interact:708,Intrvl:15,num_users:647,errors:0
rt:4.75,through:39.2,tt:0.35,num_interact:588,Intrvl:15,num_users:587,errors:0
rt:4.75,through:41.13,tt:0.35,num_interact:617,Intrvl:15,num_users:574,errors:0
rt:4,through:40,tt:0.36,num_interact:600,Intrvl:15,num_users:543,errors:0
rt:5.72,through:37.2,tt:0.39,num_interact:717,Intrvl:15,num_users:644,errors:0
rt:4.52,through:34.87,tt:0.32,num_interact:523,Intrvl:15,num_users:566,errors:0
rt:4.3,through:40.53,tt:0.34,num_interact:608,Intrvl:15,num_users:554,errors:0
rt:4,through:43.4,tt:0.35,num_interact:651,Intrvl:15,num_users:598,errors:0
rt:4.42,through:39.47,tt:0.36,num_interact:592,Intrvl:15,num_users:543,errors:0
rt:4.27,through:43.73,tt:0.36,num_interact:656,Intrvl:15,num_users:595,errors:0
rt:4.35,through:38.53,tt:0.37,num_interact:578,Intrvl:15,num_users:556,errors:0
rt:3.77,through:42.2,tt:0.36,num_interact:634,Intrvl:15,num_users:542,errors:0
rt:3.73,through:42.53,tt:0.36,num_interact:638,Intrvl:15,num_users:545,errors:0
rt:3.57,through:44.47,tt:0.34,num_interact:667,Intrvl:15,num_users:542,errors:3
rt:4.21,through:42.8,tt:0.35,num_interact:653,Intrvl:15,num_users:622,errors:10
rt:5.47,through:44.67,tt:0.34,num_interact:670,Intrvl:15,num_users:591,errors:0
rt:4.15,through:52.33,tt:0.35,num_interact:819,Intrvl:15,num_users:580,errors:0
rt:5.23,through:83.73,tt:0.35,num_interact:1274,Intrvl:15,num_users:661,errors:0
rt:6.95,through:38.8,tt:0.36,num_interact:582,Intrvl:15,num_users:652,errors:0
rt:5.11,through:45.07,tt:0.34,num_interact:682,Intrvl:15,num_users:599,errors:0
rt:5.3,through:41.4,tt:0.37,num_interact:637,Intrvl:15,num_users:630,errors:0
rt:6.09,through:27.53,tt:0.36,num_interact:413,Intrvl:15,num_users:783,errors:0
rt:23.95,through:1.67,tt:0.42,num_interact:25,Intrvl:15,num_users:636,errors:0
rt:52.78,through:70.87,tt:0.37,num_interact:1063,Intrvl:15,num_users:707,errors:0
rt:8.62,through:39.87,tt:0.34,num_interact:598,Intrvl:15,num_users:657,errors:0
rt:7.77,through:45.33,tt:0.36,num_interact:680,Intrvl:15,num_users:687,errors:0
rt:5.96,through:39.13,tt:0.34,num_interact:625,Intrvl:15,num_users:605,errors:0
rt:4.97,through:46.53,tt:0.33,num_interact:698,Intrvl:15,num_users:592,errors:0
rt:4.3,through:42.33,tt:0.34,num_interact:697,Intrvl:15,num_users:595,errors:0
rt:4.9,through:58.87,tt:0.35,num_interact:883,Intrvl:15,num_users:626,errors:0
rt:6.26,through:44,tt:0.34,num_interact:660,Intrvl:15,num_users:643,errors:0
rt:5.87,through:38.6,tt:0.34,num_interact:579,Intrvl:15,num_users:627,errors:0
rt:6.22,through:44.87,tt:0.36,num_interact:673,Intrvl:15,num_users:627,errors:0
rt:3.98,through:46.07,tt:0.34,num_interact:691,Intrvl:15,num_users:567,errors:0
rt:4.47,through:44.13,tt:0.35,num_interact:662,Intrvl:15,num_users:589,errors:0
rt:4.85,through:74.07,tt:0.34,num_interact:1111,Intrvl:15,num_users:626,errors:0
rt:5.38,through:41.2,tt:0.32,num_interact:618,Intrvl:15,num_users:606,errors:0
rt:3.86,through:46.73,tt:0.33,num_interact:706,Intrvl:15,num_users:571,errors:7
rt:3.84,through:46.33,tt:0.35,num_interact:998,Intrvl:15,num_users:568,errors:2
rt:3.08,through:48.87,tt:0.34,num_interact:733,Intrvl:15,num_users:568,errors:2
rt:4.53,through:62.53,tt:0.34,num_interact:938,Intrvl:15,num_users:582,errors:1
rt:3.14,through:46.73,tt:0.35,num_interact:701,Intrvl:15,num_users:584,errors:0
rt:3.4,through:50.13,tt:0.33,num_interact:752,Intrvl:15,num_users:505,errors:1
rt:4.13,through:65.8,tt:0.38,num_interact:987,Intrvl:15,num_users:592,errors:0
rt:7.11,through:37.6,tt:0.37,num_interact:564,Intrvl:15,num_users:662,errors:0
rt:5.86,through:40.4,tt:0.34,num_interact:620,Intrvl:15,num_users:581,errors:0
rt:6.38,through:37.6,tt:0.38,num_interact:564,Intrvl:15,num_users:711,errors:0
rt:11.68,through:42.47,tt:0.35,num_interact:637,Intrvl:15,num_users:750,errors:0
rt:22.58,through:3.27,tt:0.27,num_interact:49,Intrvl:15,num_users:704,errors:0
rt:39.17,through:1.47,tt:0.26,num_interact:22,Intrvl:15,num_users:638,errors:0
rt:54.43,through:1.93,tt:0.37,num_interact:29,Intrvl:15,num_users:627,errors:0
rt:73.37,through:1.33,tt:0.27,num_interact:20,Intrvl:15,num_users:608,errors:0
rt:37.58,through:55.27,tt:0.37,num_interact:829,Intrvl:15,num_users:631,errors:0
rt:8.09,through:39.27,tt:0.36,num_interact:614,Intrvl:15,num_users:666,errors:0
rt:5.29,through:46.4,tt:0.32,num_interact:701,Intrvl:15,num_users:557,errors:0
rt:5.41,through:36.93,tt:0.38,num_interact:554,Intrvl:15,num_users:668,errors:0
rt:9.43,through:32.13,tt:0.35,num_interact:482,Intrvl:15,num_users:633,errors:0
rt:6.67,through:43.27,tt:0.36,num_interact:706,Intrvl:15,num_users:609,errors:0
rt:6.57,through:50.93,tt:0.35,num_interact:764,Intrvl:15,num_users:638,errors:0
rt:5.42,through:43.2,tt:0.37,num_interact:648,Intrvl:15,num_users:595,errors:0
rt:4.92,through:44.8,tt:0.36,num_interact:672,Intrvl:15,num_users:592,errors:0
rt:5.85,through:44.27,tt:0.35,num_interact:798,Intrvl:15,num_users:633,errors:0
rt:5.87,through:41.53,tt:0.34,num_interact:623,Intrvl:15,num_users:617,errors:0
rt:6.83,through:59,tt:0.35,num_interact:890,Intrvl:15,num_users:624,errors:0
rt:5.21,through:37.87,tt:0.34,num_interact:568,Intrvl:15,num_users:599,errors:0
rt:4.32,through:47.47,tt:0.35,num_interact:712,Intrvl:15,num_users:557,errors:0
rt:5.01,through:59.93,tt:0.36,num_interact:899,Intrvl:15,num_users:605,errors:0
rt:6.97,through:37.2,tt:0.37,num_interact:558,Intrvl:15,num_users:666,errors:0
rt:8.64,through:36.6,tt:0.38,num_interact:549,Intrvl:15,num_users:658,errors:0
rt:6.1,through:41.33,tt:0.36,num_interact:620,Intrvl:15,num_users:601,errors:0
rt:5.02,through:58.87,tt:0.35,num_interact:1173,Intrvl:15,num_users:608,errors:0
rt:6.31,through:43.27,tt:0.36,num_interact:820,Intrvl:15,num_users:605,errors:0
rt:4.04,through:46.27,tt:0.37,num_interact:694,Intrvl:15,num_users:557,errors:0
rt:6.46,through:45.27,tt:0.37,num_interact:800,Intrvl:15,num_users:665,errors:0
rt:7.79,through:44.07,tt:0.34,num_interact:666,Intrvl:15,num_users:644,errors:0
rt:5.96,through:46.13,tt:0.33,num_interact:692,Intrvl:15,num_users:585,errors:0
rt:3.93,through:43.27,tt:0.34,num_interact:649,Intrvl:15,num_users:540,errors:0
rt:5.78,through:46.27,tt:0.37,num_interact:694,Intrvl:15,num_users:638,errors:0
rt:6.73,through:37.73,tt:0.36,num_interact:566,Intrvl:15,num_users:659,errors:0
rt:4.19,through:48,tt:0.38,num_interact:720,Intrvl:15,num_users:531,errors:0
rt:5.91,through:40.07,tt:0.38,num_interact:785,Intrvl:15,num_users:640,errors:0
rt:5.09,through:45.13,tt:0.35,num_interact:677,Intrvl:15,num_users:570,errors:0
rt:4.26,through:44.6,tt:0.36,num_interact:669,Intrvl:15,num_users:566,errors:0
rt:5.73,through:59.73,tt:0.36,num_interact:897,Intrvl:15,num_users:627,errors:0
rt:5.78,through:44.07,tt:0.35,num_interact:661,Intrvl:15,num_users:602,errors:0
rt:4.11,through:47.33,tt:0.34,num_interact:751,Intrvl:15,num_users:547,errors:0
rt:4.89,through:53.33,tt:0.37,num_interact:803,Intrvl:15,num_users:634,errors:0
rt:6.33,through:40.2,tt:0.35,num_interact:603,Intrvl:15,num_users:645,errors:0
rt:8.78,through:31.2,tt:0.34,num_interact:468,Intrvl:15,num_users:687,errors:0
rt:7.4,through:38.07,tt:0.35,num_interact:571,Intrvl:15,num_users:636,errors:0
rt:7.08,through:47.67,tt:0.35,num_interact:715,Intrvl:15,num_users:652,errors:0
rt:7.54,through:38.93,tt:0.32,num_interact:584,Intrvl:15,num_users:634,errors:0
rt:7.43,through:60.53,tt:0.36,num_interact:908,Intrvl:15,num_users:641,errors:0
rt:7.12,through:40.13,tt:0.33,num_interact:602,Intrvl:15,num_users:644,errors:0
rt:8.5,through:31.6,tt:0.36,num_interact:474,Intrvl:15,num_users:725,errors:0
rt:9.78,through:37,tt:0.36,num_interact:564,Intrvl:15,num_users:676,errors:2
rt:7.29,through:38.53,tt:0.35,num_interact:578,Intrvl:15,num_users:623,errors:2
rt:6.85,through:54.6,tt:0.37,num_interact:860,Intrvl:15,num_users:692,errors:0
rt:44.23,through:59.73,tt:0.35,num_interact:896,Intrvl:15,num_users:771,errors:0
rt:23.47,through:3.6,tt:0.41,num_interact:54,Intrvl:15,num_users:720,errors:0
rt:52.68,through:1.67,tt:0.37,num_interact:25,Intrvl:15,num_users:665,errors:0
rt:54.05,through:1.4,tt:0.31,num_interact:21,Intrvl:15,num_users:612,errors:0
rt:75.49,through:2.33,tt:0.38,num_interact:35,Intrvl:15,num_users:612,errors:0
rt:94.26,through:2.87,tt:0.4,num_interact:43,Intrvl:15,num_users:650,errors:0
rt:120.77,through:40.47,tt:0.36,num_interact:607,Intrvl:15,num_users:680,errors:0
rt:153.45,through:130.53,tt:0.35,num_interact:1958,Intrvl:15,num_users:750,errors:10
rt:17.29,through:13.53,tt:0.32,num_interact:203,Intrvl:15,num_users:668,errors:0
rt:14.06,through:14.4,tt:0.36,num_interact:216,Intrvl:15,num_users:589,errors:0
rt:11.29,through:17.13,tt:0.34,num_interact:257,Intrvl:15,num_users:657,errors:0
rt:12.93,through:12,tt:0.39,num_interact:180,Intrvl:15,num_users:566,errors:0
rt:11.41,through:16.53,tt:0.4,num_interact:248,Intrvl:15,num_users:616,errors:0
rt:12.15,through:16.8,tt:0.35,num_interact:252,Intrvl:15,num_users:675,errors:0
rt:14.82,through:14.93,tt:0.36,num_interact:224,Intrvl:15,num_users:643,errors:0
rt:14.59,through:12.87,tt:0.37,num_interact:193,Intrvl:15,num_users:567,errors:0
rt:10.68,through:16.07,tt:0.35,num_interact:241,Intrvl:15,num_users:568,errors:0
rt:10.18,through:16.8,tt:0.36,num_interact:252,Intrvl:15,num_users:707,errors:0
rt:16.53,through:17,tt:0.4,num_interact:255,Intrvl:15,num_users:725,errors:0
rt:19.04,through:12.33,tt:0.35,num_interact:185,Intrvl:15,num_users:627,errors:0
rt:15.93,through:13.93,tt:0.35,num_interact:209,Intrvl:15,num_users:609,errors:0
rt:13.13,through:16.4,tt:0.34,num_interact:246,Intrvl:15,num_users:634,errors:0
rt:11.44,through:12.07,tt:0.36,num_interact:181,Intrvl:15,num_users:543,errors:0
rt:10.99,through:16.87,tt:0.36,num_interact:253,Intrvl:15,num_users:622,errors:0
rt:12.56,through:16.2,tt:0.4,num_interact:243,Intrvl:15,num_users:617,errors:0
rt:11.96,through:14.33,tt:0.38,num_interact:215,Intrvl:15,num_users:570,errors:0
rt:11.02,through:16.8,tt:0.34,num_interact:252,Intrvl:15,num_users:589,errors:0
rt:11.23,through:16.73,tt:0.34,num_interact:251,Intrvl:15,num_users:624,errors:0
rt:12.73,through:15.27,tt:0.35,num_interact:229,Intrvl:15,num_users:584,errors:0
rt:11.24,through:16.4,tt:0.36,num_interact:246,Intrvl:15,num_users:596,errors:0
rt:10.47,through:13.07,tt:0.39,num_interact:196,Intrvl:15,num_users:526,errors:0
rt:9.74,through:17.27,tt:0.4,num_interact:259,Intrvl:15,num_users:619,errors:0
rt:13.05,through:16.73,tt:0.37,num_interact:256,Intrvl:15,num_users:666,errors:0
rt:14.7,through:13.47,tt:0.38,num_interact:202,Intrvl:15,num_users:606,errors:0
rt:14.02,through:16.33,tt:0.33,num_interact:247,Intrvl:15,num_users:701,errors:0
rt:16.84,through:14.33,tt:0.39,num_interact:215,Intrvl:15,num_users:644,errors:0
rt:16.05,through:13.93,tt:0.38,num_interact:209,Intrvl:15,num_users:592,errors:0
rt:12.94,through:16.47,tt:0.35,num_interact:247,Intrvl:15,num_users:591,errors:0
rt:11.7,through:16.13,tt:0.36,num_interact:242,Intrvl:15,num_users:630,errors:0
rt:13.84,through:17.73,tt:0.33,num_interact:266,Intrvl:15,num_users:658,errors:0
rt:14.74,through:15.73,tt:0.36,num_interact:236,Intrvl:15,num_users:645,errors:0
rt:14.21,through:13.47,tt:0.35,num_interact:202,Intrvl:15,num_users:571,errors:0
rt:12.43,through:16.53,tt:0.35,num_interact:248,Intrvl:15,num_users:588,errors:0
rt:11.16,through:16.93,tt:0.35,num_interact:254,Intrvl:15,num_users:651,errors:0
rt:14.41,through:17,tt:0.36,num_interact:255,Intrvl:15,num_users:655,errors:0
rt:15.54,through:16.4,tt:0.31,num_interact:246,Intrvl:15,num_users:641,errors:0
rt:15.22,through:16.93,tt:0.36,num_interact:254,Intrvl:15,num_users:666,errors:0
rt:14.85,through:16.73,tt:0.39,num_interact:251,Intrvl:15,num_users:692,errors:0
rt:16.02,through:12.4,tt:0.38,num_interact:186,Intrvl:15,num_users:609,errors:0
rt:15.34,through:16.6,tt:0.36,num_interact:249,Intrvl:15,num_users:608,errors:0
rt:12.82,through:16.4,tt:0.38,num_interact:246,Intrvl:15,num_users:715,errors:0
rt:17.47,through:10.6,tt:0.43,num_interact:159,Intrvl:15,num_users:601,errors:0
rt:15.18,through:16.67,tt:0.33,num_interact:250,Intrvl:15,num_users:626,errors:0
rt:13.2,through:17.07,tt:0.36,num_interact:256,Intrvl:15,num_users:644,errors:0
rt:14.68,through:15.13,tt:0.35,num_interact:227,Intrvl:15,num_users:624,errors:0
rt:11.03,through:9.47,tt:0.36,num_interact:142,Intrvl:15,num_users:400,errors:0
rt:8.2,through:15.67,tt:0.41,num_interact:235,Intrvl:15,num_users:482,errors:0
rt:7.38,through:12.87,tt:0.34,num_interact:193,Intrvl:15,num_users:398,errors:0
rt:7.44,through:15.93,tt:0.36,num_interact:239,Intrvl:15,num_users:449,errors:0
rt:7.85,through:16.93,tt:0.35,num_interact:254,Intrvl:15,num_users:444,errors:0
rt:6.3,through:15.47,tt:0.35,num_interact:232,Intrvl:15,num_users:403,errors:0
rt:7.99,through:15.73,tt:0.42,num_interact:236,Intrvl:15,num_users:486,errors:0
rt:9.9,through:15.93,tt:0.35,num_interact:239,Intrvl:15,num_users:461,errors:0
rt:8.94,through:15.8,tt:0.36,num_interact:237,Intrvl:15,num_users:447,errors:0
rt:9.35,through:16.93,tt:0.4,num_interact:254,Intrvl:15,num_users:529,errors:0
rt:11.62,through:14.87,tt:0.35,num_interact:223,Intrvl:15,num_users:480,errors:0
rt:10.38,through:13.73,tt:0.36,num_interact:206,Intrvl:15,num_users:440,errors:2
rt:5.83,through:17,tt:0.34,num_interact:255,Intrvl:15,num_users:423,errors:6
rt:4.67,through:24.53,tt:0.34,num_interact:368,Intrvl:15,num_users:433,errors:12
rt:5.25,through:29.6,tt:0.39,num_interact:444,Intrvl:15,num_users:463,errors:0
rt:4.57,through:32.8,tt:0.36,num_interact:492,Intrvl:15,num_users:475,errors:0
rt:3.43,through:31.4,tt:0.32,num_interact:471,Intrvl:15,num_users:409,errors:0
rt:4.4,through:29.87,tt:0.35,num_interact:449,Intrvl:15,num_users:479,errors:0
rt:3.75,through:34.07,tt:0.33,num_interact:511,Intrvl:15,num_users:441,errors:0
rt:3.8,through:33.6,tt:0.36,num_interact:505,Intrvl:15,num_users:452,errors:0
rt:4.15,through:33.67,tt:0.37,num_interact:505,Intrvl:15,num_users:458,errors:0
rt:3.64,through:32.93,tt:0.37,num_interact:494,Intrvl:15,num_users:437,errors:0
rt:2.8,through:31.4,tt:0.35,num_interact:471,Intrvl:15,num_users:402,errors:0
rt:2.9,through:34.07,tt:0.38,num_interact:513,Intrvl:15,num_users:417,errors:0
rt:4.13,through:32.27,tt:0.35,num_interact:484,Intrvl:15,num_users:468,errors:0
rt:4.98,through:31.8,tt:0.38,num_interact:477,Intrvl:15,num_users:489,errors:0
rt:4.69,through:34.27,tt:0.34,num_interact:514,Intrvl:15,num_users:469,errors:0
rt:2.92,through:32.27,tt:0.39,num_interact:484,Intrvl:15,num_users:413,errors:0
rt:2.8,through:34.6,tt:0.36,num_interact:520,Intrvl:15,num_users:410,errors:0
rt:4.77,through:29,tt:0.38,num_interact:435,Intrvl:15,num_users:487,errors:0
rt:3.21,through:34.67,tt:0.35,num_interact:520,Intrvl:15,num_users:419,errors:0
rt:3.66,through:31.93,tt:0.35,num_interact:479,Intrvl:15,num_users:458,errors:0
rt:4.47,through:34.33,tt:0.34,num_interact:515,Intrvl:15,num_users:459,errors:0
rt:5.91,through:30.8,tt:0.35,num_interact:462,Intrvl:15,num_users:532,errors:0
rt:3.53,through:31.27,tt:0.33,num_interact:469,Intrvl:15,num_users:424,errors:0
rt:3.67,through:33.4,tt:0.36,num_interact:501,Intrvl:15,num_users:451,errors:0
rt:3.45,through:33,tt:0.32,num_interact:495,Intrvl:15,num_users:426,errors:0
rt:6.53,through:29.07,tt:0.39,num_interact:436,Intrvl:15,num_users:554,errors:0
rt:5.07,through:32.6,tt:0.35,num_interact:489,Intrvl:15,num_users:479,errors:0
rt:4.32,through:33.87,tt:0.34,num_interact:508,Intrvl:15,num_users:465,errors:0
rt:6.23,through:30.87,tt:0.37,num_interact:463,Intrvl:15,num_users:529,errors:0
rt:6.59,through:32.93,tt:0.38,num_interact:494,Intrvl:15,num_users:563,errors:0
rt:4.97,through:31.73,tt:0.35,num_interact:476,Intrvl:15,num_users:468,errors:0
rt:6.65,through:30.8,tt:0.36,num_interact:462,Intrvl:15,num_users:550,errors:0
rt:5.26,through:30.4,tt:0.36,num_interact:456,Intrvl:15,num_users:473,errors:0
rt:3.99,through:33.6,tt:0.34,num_interact:504,Intrvl:15,num_users:444,errors:0
Terminating EBs...
EB TPCW Broswing Mix EB #15663commiting suicide!
EB TPCW Broswing Mix EB #20commiting suicide!
EB TPCW Broswing Mix EB #15143commiting suicide!
EB TPCW Broswing Mix EB #113commiting suicide!
EB TPCW Broswing Mix EB #172commiting suicide!
EB TPCW Broswing Mix EB #267commiting suicide!
EB TPCW Broswing Mix EB #21commiting suicide!
EB TPCW Broswing Mix EB #680commiting suicide!
EB TPCW Broswing Mix EB #323commiting suicide!
EB TPCW Broswing Mix EB #62commiting suicide!
EB TPCW Broswing Mix EB #15584commiting suicide!
EB TPCW Broswing Mix EB #118commiting suicide!
EB TPCW Broswing Mix EB #206commiting suicide!
EB TPCW Broswing Mix EB #302commiting suicide!
EB TPCW Broswing Mix EB #666commiting suicide!
EB TPCW Broswing Mix EB #42commiting suicide!
EB TPCW Broswing Mix EB #1477commiting suicide!
EB TPCW Broswing Mix EB #15804commiting suicide!
EB TPCW Broswing Mix EB #15775commiting suicide!
EB TPCW Broswing Mix EB #15814commiting suicide!
EB TPCW Broswing Mix EB #38commiting suicide!
EB TPCW Broswing Mix EB #15501commiting suicide!
EB TPCW Broswing Mix EB #46commiting suicide!
EB TPCW Broswing Mix EB #1648commiting suicide!
EB TPCW Broswing Mix EB #216commiting suicide!
EB TPCW Broswing Mix EB #167commiting suicide!
EB TPCW Broswing Mix EB #15805commiting suicide!
EB TPCW Broswing Mix EB #15502commiting suicide!
EB TPCW Broswing Mix EB #500commiting suicide!
EB TPCW Broswing Mix EB #15142commiting suicide!
EB TPCW Broswing Mix EB #15817commiting suicide!
EB TPCW Broswing Mix EB #15662commiting suicide!
EB TPCW Broswing Mix EB #692commiting suicide!
EB TPCW Broswing Mix EB #15144commiting suicide!
EB TPCW Broswing Mix EB #162commiting suicide!
EB TPCW Broswing Mix EB #15585commiting suicide!
EB TPCW Broswing Mix EB #15145commiting suicide!
EB TPCW Broswing Mix EB #508commiting suicide!
EB TPCW Broswing Mix EB #15498commiting suicide!
EB TPCW Broswing Mix EB #263commiting suicide!
EB TPCW Broswing Mix EB #189commiting suicide!
EB TPCW Broswing Mix EB #492commiting suicide!
EB TPCW Broswing Mix EB #82commiting suicide!
EB TPCW Broswing Mix EB #15802commiting suicide!
EB TPCW Broswing Mix EB #296commiting suicide!
EB TPCW Broswing Mix EB #265commiting suicide!
EB TPCW Broswing Mix EB #15586commiting suicide!
EB TPCW Broswing Mix EB #214commiting suicide!
EB TPCW Broswing Mix EB #15590commiting suicide!
EB TPCW Broswing Mix EB #262commiting suicide!
EB TPCW Broswing Mix EB #124commiting suicide!
EB TPCW Broswing Mix EB #71commiting suicide!
EB TPCW Broswing Mix EB #264commiting suicide!
EB TPCW Broswing Mix EB #15811commiting suicide!
EB TPCW Broswing Mix EB #15588commiting suicide!
EB TPCW Broswing Mix EB #2996commiting suicide!
EB TPCW Broswing Mix EB #669commiting suicide!
EB TPCW Broswing Mix EB #229commiting suicide!
EB TPCW Broswing Mix EB #255commiting suicide!
EB TPCW Broswing Mix EB #213commiting suicide!
EB TPCW Broswing Mix EB #30commiting suicide!
EB TPCW Broswing Mix EB #209commiting suicide!
EB TPCW Broswing Mix EB #192commiting suicide!
EB TPCW Broswing Mix EB #34commiting suicide!
EB TPCW Broswing Mix EB #15664commiting suicide!
EB TPCW Broswing Mix EB #667commiting suicide!
EB TPCW Broswing Mix EB #15801commiting suicide!
EB TPCW Broswing Mix EB #219commiting suicide!
EB TPCW Broswing Mix EB #235commiting suicide!
EB TPCW Broswing Mix EB #39commiting suicide!
EB TPCW Broswing Mix EB #488commiting suicide!
EB TPCW Broswing Mix EB #88commiting suicide!
EB TPCW Broswing Mix EB #186commiting suicide!
EB TPCW Broswing Mix EB #15806commiting suicide!
EB TPCW Broswing Mix EB #15661commiting suicide!
EB TPCW Broswing Mix EB #205commiting suicide!
EB TPCW Broswing Mix EB #15500commiting suicide!
EB TPCW Broswing Mix EB #15818commiting suicide!
EB TPCW Broswing Mix EB #284commiting suicide!
EB TPCW Broswing Mix EB #98commiting suicide!
EB TPCW Broswing Mix EB #1651commiting suicide!
EB TPCW Broswing Mix EB #199commiting suicide!
EB TPCW Broswing Mix EB #275commiting suicide!
EB TPCW Broswing Mix EB #52commiting suicide!
EB TPCW Broswing Mix EB #76commiting suicide!
EB TPCW Broswing Mix EB #132commiting suicide!
EB TPCW Broswing Mix EB #1654commiting suicide!
EB TPCW Broswing Mix EB #92commiting suicide!
EB TPCW Broswing Mix EB #108commiting suicide!
EB TPCW Broswing Mix EB #280commiting suicide!
EB TPCW Broswing Mix EB #257commiting suicide!
EB TPCW Broswing Mix EB #15808commiting suicide!
EB TPCW Broswing Mix EB #15813commiting suicide!
EB TPCW Broswing Mix EB #15504commiting suicide!
EB TPCW Broswing Mix EB #193commiting suicide!
EB TPCW Broswing Mix EB #15803commiting suicide!
EB TPCW Broswing Mix EB #15589commiting suicide!
EB TPCW Broswing Mix EB #134commiting suicide!
EB TPCW Broswing Mix EB #198commiting suicide!
EB TPCW Broswing Mix EB #499commiting suicide!
EB TPCW Broswing Mix EB #152commiting suicide!
EB TPCW Broswing Mix EB #91commiting suicide!
EB TPCW Broswing Mix EB #15810commiting suicide!
EB TPCW Broswing Mix EB #15665commiting suicide!
EB TPCW Broswing Mix EB #15812commiting suicide!
EB TPCW Broswing Mix EB #242commiting suicide!
EB TPCW Broswing Mix EB #15503commiting suicide!
EB TPCW Broswing Mix EB #15815commiting suicide!
EB TPCW Broswing Mix EB #15497commiting suicide!
EB TPCW Broswing Mix EB #688commiting suicide!
EB TPCW Broswing Mix EB #80commiting suicide!
EB TPCW Broswing Mix EB #1652commiting suicide!
EB TPCW Broswing Mix EB #90commiting suicide!
EB TPCW Broswing Mix EB #15499commiting suicide!
EB TPCW Broswing Mix EB #224commiting suicide!
EB TPCW Broswing Mix EB #248commiting suicide!
EB TPCW Broswing Mix EB #126commiting suicide!
EB TPCW Broswing Mix EB #271commiting suicide!
EB TPCW Broswing Mix EB #668commiting suicide!
EB TPCW Broswing Mix EB #15592commiting suicide!
EB TPCW Broswing Mix EB #15587commiting suicide!
EB TPCW Broswing Mix EB #15774commiting suicide!
EB TPCW Broswing Mix EB #156commiting suicide!
EB TPCW Broswing Mix EB #314commiting suicide!
EB TPCW Broswing Mix EB #15816commiting suicide!
EB TPCW Broswing Mix EB #226commiting suicide!
EB TPCW Broswing Mix EB #116commiting suicide!
EB TPCW Broswing Mix EB #15591commiting suicide!
EB TPCW Broswing Mix EB #316commiting suicide!
EB TPCW Broswing Mix EB #489commiting suicide!
EB TPCW Broswing Mix EB #1656commiting suicide!
EBs finished.
Really finishing RBE!.
