Remote Browser Emulator for TPC-W.
  ECE 902  Fall '99
  Version 1.5
System's current path is /root/loadtest
rt:0.16,through:1.47,tt:0.47,num_interact:22,Intrvl:15,num_users:1,errors:0
rt:2.69,through:6.27,tt:0.34,num_interact:94,Intrvl:15,num_users:20,errors:0
rt:8.59,through:4.27,tt:0.37,num_interact:64,Intrvl:15,num_users:80,errors:0
rt:12.94,through:6.87,tt:0.48,num_interact:103,Intrvl:15,num_users:120,errors:0
rt:16.25,through:6.87,tt:0.42,num_interact:103,Intrvl:15,num_users:180,errors:0
rt:18.27,through:6.67,tt:0.4,num_interact:100,Intrvl:15,num_users:240,errors:0
rt:25.27,through:7.13,tt:0.4,num_interact:107,Intrvl:15,num_users:280,errors:0
rt:29.17,through:6.53,tt:0.46,num_interact:98,Intrvl:15,num_users:310,errors:0
rt:41.27,through:6.47,tt:0.34,num_interact:97,Intrvl:15,num_users:370,errors:5
rt:38.59,through:6.87,tt:0.31,num_interact:103,Intrvl:15,num_users:440,errors:1
rt:44.31,through:6.73,tt:0.33,num_interact:101,Intrvl:15,num_users:484,errors:18
rt:49.98,through:5.93,tt:0.37,num_interact:89,Intrvl:15,num_users:487,errors:1
rt:57.83,through:6,tt:0.35,num_interact:90,Intrvl:15,num_users:479,errors:10
rt:61.97,through:7.2,tt:0.37,num_interact:108,Intrvl:15,num_users:574,errors:7
rt:70.42,through:5.6,tt:0.39,num_interact:84,Intrvl:15,num_users:500,errors:4
rt:73.11,through:6.07,tt:0.33,num_interact:91,Intrvl:15,num_users:458,errors:12
rt:70.35,through:5.93,tt:0.39,num_interact:89,Intrvl:15,num_users:409,errors:10
rt:79.04,through:3.4,tt:0.37,num_interact:51,Intrvl:15,num_users:426,errors:1
rt:85.98,through:3,tt:0.32,num_interact:45,Intrvl:15,num_users:494,errors:13
rt:83.9,through:4.93,tt:0.39,num_interact:74,Intrvl:15,num_users:515,errors:2
rt:82.83,through:4.53,tt:0.34,num_interact:68,Intrvl:15,num_users:489,errors:0
rt:88.74,through:5.87,tt:0.41,num_interact:88,Intrvl:15,num_users:444,errors:9
rt:92.13,through:6.73,tt:0.34,num_interact:101,Intrvl:15,num_users:454,errors:8
rt:93.11,through:4.2,tt:0.33,num_interact:63,Intrvl:15,num_users:512,errors:0
rt:87.03,through:5,tt:0.34,num_interact:75,Intrvl:15,num_users:487,errors:9
rt:79.84,through:5.4,tt:0.34,num_interact:81,Intrvl:15,num_users:462,errors:5
rt:81,through:5.87,tt:0.38,num_interact:88,Intrvl:15,num_users:448,errors:3
rt:83.62,through:5.93,tt:0.41,num_interact:89,Intrvl:15,num_users:466,errors:15
rt:83.8,through:3.93,tt:0.29,num_interact:59,Intrvl:15,num_users:479,errors:6
rt:83.79,through:4.93,tt:0.42,num_interact:74,Intrvl:15,num_users:431,errors:1
rt:78,through:6.33,tt:0.24,num_interact:95,Intrvl:15,num_users:413,errors:17
rt:75.2,through:5.2,tt:0.23,num_interact:78,Intrvl:15,num_users:435,errors:4
rt:82.88,through:5.47,tt:0.34,num_interact:82,Intrvl:15,num_users:484,errors:8
rt:77.59,through:5.87,tt:0.34,num_interact:88,Intrvl:15,num_users:483,errors:9
rt:71.76,through:5.4,tt:0.38,num_interact:81,Intrvl:15,num_users:515,errors:3
rt:82.39,through:6,tt:0.35,num_interact:90,Intrvl:15,num_users:461,errors:10
rt:73.39,through:6.2,tt:0.39,num_interact:93,Intrvl:15,num_users:470,errors:9
rt:74.15,through:3.67,tt:0.32,num_interact:55,Intrvl:15,num_users:416,errors:3
rt:83.52,through:5.8,tt:0.39,num_interact:87,Intrvl:15,num_users:454,errors:16
rt:79.12,through:5.47,tt:0.31,num_interact:82,Intrvl:15,num_users:480,errors:3
rt:81.98,through:5.4,tt:0.31,num_interact:81,Intrvl:15,num_users:487,errors:0
rt:88.51,through:5.2,tt:0.33,num_interact:78,Intrvl:15,num_users:561,errors:9
rt:78.26,through:6.07,tt:0.42,num_interact:91,Intrvl:15,num_users:455,errors:8
rt:90.08,through:4.13,tt:0.34,num_interact:62,Intrvl:15,num_users:400,errors:2
rt:81.36,through:5.27,tt:0.31,num_interact:79,Intrvl:15,num_users:381,errors:13
rt:75.08,through:4.93,tt:0.36,num_interact:74,Intrvl:15,num_users:517,errors:6
rt:82.97,through:3.53,tt:0.41,num_interact:53,Intrvl:15,num_users:536,errors:0
rt:80.68,through:4.67,tt:0.36,num_interact:70,Intrvl:15,num_users:475,errors:2
rt:91.81,through:4.73,tt:0.38,num_interact:73,Intrvl:15,num_users:500,errors:9
rt:68.13,through:9,tt:0.37,num_interact:135,Intrvl:15,num_users:472,errors:4
rt:50.75,through:13.73,tt:0.36,num_interact:206,Intrvl:15,num_users:452,errors:17
rt:45,through:8.6,tt:0.39,num_interact:129,Intrvl:15,num_users:347,errors:2
rt:23.81,through:21.53,tt:0.38,num_interact:323,Intrvl:15,num_users:426,errors:5
rt:22.27,through:18.4,tt:0.36,num_interact:276,Intrvl:15,num_users:389,errors:15
rt:20.07,through:16.27,tt:0.39,num_interact:244,Intrvl:15,num_users:385,errors:1
rt:18.76,through:21.8,tt:0.32,num_interact:327,Intrvl:15,num_users:392,errors:20
rt:20.44,through:20.67,tt:0.38,num_interact:310,Intrvl:15,num_users:553,errors:18
rt:35.89,through:8.87,tt:0.32,num_interact:133,Intrvl:15,num_users:375,errors:1
rt:22.84,through:21.67,tt:0.36,num_interact:325,Intrvl:15,num_users:391,errors:13
rt:21.93,through:18,tt:0.35,num_interact:270,Intrvl:15,num_users:379,errors:7
rt:19.75,through:16.07,tt:0.37,num_interact:241,Intrvl:15,num_users:431,errors:2
rt:21.35,through:18.87,tt:0.33,num_interact:283,Intrvl:15,num_users:356,errors:6
rt:21.94,through:20.27,tt:0.4,num_interact:304,Intrvl:15,num_users:458,errors:7
rt:23.44,through:14.6,tt:0.36,num_interact:219,Intrvl:15,num_users:407,errors:0
rt:18.45,through:19.67,tt:0.35,num_interact:295,Intrvl:15,num_users:371,errors:15
rt:17.57,through:17.33,tt:0.37,num_interact:260,Intrvl:15,num_users:342,errors:8
rt:14.57,through:14.33,tt:0.33,num_interact:215,Intrvl:15,num_users:273,errors:1
rt:17.7,through:21.6,tt:0.42,num_interact:324,Intrvl:15,num_users:554,errors:11
rt:26.07,through:16.67,tt:0.4,num_interact:250,Intrvl:15,num_users:494,errors:3
rt:24.56,through:16.67,tt:0.37,num_interact:250,Intrvl:15,num_users:487,errors:3
rt:22.29,through:19.87,tt:0.37,num_interact:298,Intrvl:15,num_users:469,errors:6
rt:22.88,through:18.27,tt:0.35,num_interact:274,Intrvl:15,num_users:440,errors:5
rt:22.47,through:15.33,tt:0.38,num_interact:230,Intrvl:15,num_users:405,errors:6
rt:21.69,through:23.07,tt:0.38,num_interact:346,Intrvl:15,num_users:588,errors:13
rt:28.76,through:15.13,tt:0.37,num_interact:227,Intrvl:15,num_users:517,errors:1
rt:27.07,through:19.6,tt:0.36,num_interact:294,Intrvl:15,num_users:480,errors:20
rt:23.56,through:20.2,tt:0.38,num_interact:303,Intrvl:15,num_users:498,errors:2
rt:23.61,through:13.47,tt:0.39,num_interact:202,Intrvl:15,num_users:444,errors:4
rt:25.1,through:19.93,tt:0.36,num_interact:299,Intrvl:15,num_users:500,errors:12
rt:24.87,through:22.4,tt:0.37,num_interact:336,Intrvl:15,num_users:472,errors:14
rt:25.1,through:14.33,tt:0.34,num_interact:215,Intrvl:15,num_users:430,errors:0
rt:20.66,through:19.47,tt:0.37,num_interact:292,Intrvl:15,num_users:512,errors:20
rt:24.12,through:22.13,tt:0.33,num_interact:332,Intrvl:15,num_users:561,errors:8
rt:33.01,through:9.53,tt:0.34,num_interact:143,Intrvl:15,num_users:412,errors:0
rt:23.58,through:21,tt:0.34,num_interact:315,Intrvl:15,num_users:512,errors:23
rt:25.28,through:19.4,tt:0.41,num_interact:291,Intrvl:15,num_users:496,errors:4
rt:24.66,through:14.93,tt:0.35,num_interact:224,Intrvl:15,num_users:515,errors:1
rt:26.72,through:20.47,tt:0.36,num_interact:307,Intrvl:15,num_users:510,errors:10
rt:29.67,through:16.53,tt:0.37,num_interact:248,Intrvl:15,num_users:504,errors:6
rt:37.61,through:11.73,tt:0.4,num_interact:176,Intrvl:15,num_users:494,errors:7
rt:28.13,through:1.87,tt:0.31,num_interact:28,Intrvl:15,num_users:455,errors:23
rt:33.65,through:6.53,tt:0.45,num_interact:98,Intrvl:15,num_users:414,errors:62
rt:51.53,through:10.53,tt:0.39,num_interact:158,Intrvl:15,num_users:384,errors:64
rt:44.33,through:12.53,tt:0.32,num_interact:188,Intrvl:15,num_users:407,errors:69
rt:43.91,through:12.33,tt:0.34,num_interact:185,Intrvl:15,num_users:458,errors:4
rt:47.75,through:12.93,tt:0.35,num_interact:194,Intrvl:15,num_users:421,errors:0
rt:36.02,through:11.13,tt:0.3,num_interact:167,Intrvl:15,num_users:445,errors:0
rt:40.06,through:12.33,tt:0.4,num_interact:185,Intrvl:15,num_users:417,errors:0
rt:35.92,through:11.8,tt:0.36,num_interact:177,Intrvl:15,num_users:433,errors:0
rt:33.94,through:12.87,tt:0.36,num_interact:193,Intrvl:15,num_users:456,errors:0
rt:33.25,through:10.8,tt:0.36,num_interact:162,Intrvl:15,num_users:405,errors:0
rt:34.73,through:11.8,tt:0.35,num_interact:177,Intrvl:15,num_users:427,errors:0
rt:35.07,through:12.53,tt:0.34,num_interact:188,Intrvl:15,num_users:424,errors:0
rt:33.51,through:11.2,tt:0.34,num_interact:168,Intrvl:15,num_users:392,errors:0
rt:32.87,through:12.13,tt:0.35,num_interact:182,Intrvl:15,num_users:475,errors:0
rt:34.07,through:10.87,tt:0.35,num_interact:163,Intrvl:15,num_users:393,errors:0
rt:36.12,through:9.67,tt:0.35,num_interact:145,Intrvl:15,num_users:424,errors:0
rt:36.38,through:12.07,tt:0.36,num_interact:181,Intrvl:15,num_users:405,errors:0
rt:34.22,through:12.33,tt:0.35,num_interact:185,Intrvl:15,num_users:500,errors:0
rt:33.14,through:12.8,tt:0.38,num_interact:192,Intrvl:15,num_users:524,errors:0
rt:37.09,through:12.93,tt:0.37,num_interact:194,Intrvl:15,num_users:525,errors:0
rt:39.33,through:11.33,tt:0.32,num_interact:170,Intrvl:15,num_users:449,errors:0
rt:38.21,through:10.93,tt:0.31,num_interact:164,Intrvl:15,num_users:475,errors:0
rt:39.3,through:11.87,tt:0.42,num_interact:178,Intrvl:15,num_users:494,errors:0
rt:40.66,through:9.67,tt:0.34,num_interact:145,Intrvl:15,num_users:392,errors:0
rt:39.05,through:10.33,tt:0.34,num_interact:155,Intrvl:15,num_users:407,errors:0
rt:37.36,through:11.4,tt:0.38,num_interact:171,Intrvl:15,num_users:482,errors:0
rt:33.64,through:12.4,tt:0.39,num_interact:186,Intrvl:15,num_users:469,errors:0
rt:36.72,through:12.87,tt:0.42,num_interact:193,Intrvl:15,num_users:532,errors:0
rt:37.51,through:12.33,tt:0.3,num_interact:185,Intrvl:15,num_users:511,errors:0
rt:38.92,through:9.73,tt:0.38,num_interact:146,Intrvl:15,num_users:417,errors:0
rt:38.34,through:10.73,tt:0.31,num_interact:161,Intrvl:15,num_users:426,errors:0
rt:38.25,through:11.13,tt:0.37,num_interact:167,Intrvl:15,num_users:407,errors:0
rt:37.97,through:12.27,tt:0.34,num_interact:184,Intrvl:15,num_users:399,errors:0
rt:33.7,through:11.53,tt:0.34,num_interact:173,Intrvl:15,num_users:368,errors:0
rt:30.27,through:11.53,tt:0.35,num_interact:173,Intrvl:15,num_users:430,errors:0
rt:32.84,through:11.2,tt:0.31,num_interact:168,Intrvl:15,num_users:367,errors:0
rt:32.65,through:10.8,tt:0.33,num_interact:162,Intrvl:15,num_users:496,errors:0
rt:32.88,through:11.93,tt:0.34,num_interact:179,Intrvl:15,num_users:462,errors:0
rt:35.68,through:11.53,tt:0.39,num_interact:173,Intrvl:15,num_users:563,errors:0
rt:37.78,through:12.4,tt:0.36,num_interact:186,Intrvl:15,num_users:503,errors:0
rt:42.03,through:10.73,tt:0.39,num_interact:161,Intrvl:15,num_users:515,errors:0
rt:40.15,through:9.87,tt:0.35,num_interact:148,Intrvl:15,num_users:391,errors:0
rt:39.91,through:9.53,tt:0.28,num_interact:143,Intrvl:15,num_users:449,errors:0
rt:40.47,through:10.87,tt:0.36,num_interact:163,Intrvl:15,num_users:440,errors:0
rt:37.44,through:12.6,tt:0.35,num_interact:189,Intrvl:15,num_users:454,errors:0
rt:37.42,through:12.67,tt:0.41,num_interact:190,Intrvl:15,num_users:466,errors:0
rt:35.31,through:10.33,tt:0.34,num_interact:155,Intrvl:15,num_users:372,errors:0
rt:34.16,through:10.27,tt:0.31,num_interact:154,Intrvl:15,num_users:440,errors:0
rt:34.33,through:12.13,tt:0.34,num_interact:182,Intrvl:15,num_users:426,errors:7
rt:31.79,through:14.87,tt:0.36,num_interact:223,Intrvl:15,num_users:454,errors:5
rt:20.77,through:27.93,tt:0.34,num_interact:419,Intrvl:15,num_users:438,errors:0
rt:16.02,through:29.93,tt:0.36,num_interact:449,Intrvl:15,num_users:412,errors:0
rt:12.56,through:31.73,tt:0.36,num_interact:476,Intrvl:15,num_users:428,errors:0
rt:12.78,through:31.53,tt:0.35,num_interact:474,Intrvl:15,num_users:449,errors:0
rt:11.93,through:32.07,tt:0.35,num_interact:481,Intrvl:15,num_users:447,errors:0
rt:10.44,through:34,tt:0.32,num_interact:510,Intrvl:15,num_users:445,errors:0
rt:13.49,through:22.6,tt:0.35,num_interact:339,Intrvl:15,num_users:370,errors:1
rt:15.09,through:24.8,tt:0.32,num_interact:372,Intrvl:15,num_users:440,errors:10
rt:16.92,through:22.27,tt:0.37,num_interact:334,Intrvl:15,num_users:409,errors:0
rt:16.43,through:25.33,tt:0.36,num_interact:380,Intrvl:15,num_users:459,errors:9
rt:18.34,through:22.53,tt:0.35,num_interact:338,Intrvl:15,num_users:508,errors:0
rt:19.22,through:25.67,tt:0.34,num_interact:385,Intrvl:15,num_users:449,errors:13
rt:19.39,through:21,tt:0.36,num_interact:315,Intrvl:15,num_users:529,errors:0
rt:18.77,through:24.6,tt:0.36,num_interact:369,Intrvl:15,num_users:498,errors:19
rt:18.57,through:20,tt:0.35,num_interact:300,Intrvl:15,num_users:384,errors:0
rt:15.66,through:23.87,tt:0.34,num_interact:358,Intrvl:15,num_users:437,errors:26
rt:18.04,through:22.47,tt:0.34,num_interact:337,Intrvl:15,num_users:493,errors:1
rt:18.47,through:24.47,tt:0.37,num_interact:367,Intrvl:15,num_users:484,errors:10
rt:19.04,through:23.4,tt:0.37,num_interact:351,Intrvl:15,num_users:438,errors:4
rt:18.05,through:24,tt:0.35,num_interact:360,Intrvl:15,num_users:449,errors:8
rt:17.15,through:25.4,tt:0.36,num_interact:381,Intrvl:15,num_users:518,errors:12
rt:22.37,through:22.4,tt:0.38,num_interact:336,Intrvl:15,num_users:475,errors:0
rt:17.87,through:24.8,tt:0.37,num_interact:372,Intrvl:15,num_users:484,errors:14
rt:18.43,through:24.67,tt:0.35,num_interact:370,Intrvl:15,num_users:477,errors:0
rt:18,through:25.67,tt:0.35,num_interact:385,Intrvl:15,num_users:476,errors:21
rt:20.75,through:23.67,tt:0.39,num_interact:355,Intrvl:15,num_users:475,errors:1
rt:18.11,through:25.13,tt:0.37,num_interact:383,Intrvl:15,num_users:483,errors:9
rt:18.35,through:23.53,tt:0.33,num_interact:353,Intrvl:15,num_users:414,errors:6
rt:16.26,through:24.4,tt:0.41,num_interact:366,Intrvl:15,num_users:449,errors:2
rt:20.13,through:23.67,tt:0.39,num_interact:355,Intrvl:15,num_users:717,errors:12
rt:23.86,through:19.53,tt:0.39,num_interact:293,Intrvl:15,num_users:994,errors:1
rt:29.09,through:19.4,tt:0.38,num_interact:291,Intrvl:15,num_users:386,errors:8
rt:23.44,through:19.13,tt:0.34,num_interact:287,Intrvl:15,num_users:386,errors:0
rt:20.42,through:20.8,tt:0.34,num_interact:312,Intrvl:15,num_users:469,errors:11
rt:23.28,through:24.73,tt:0.38,num_interact:371,Intrvl:15,num_users:431,errors:0
rt:23,through:23.33,tt:0.37,num_interact:350,Intrvl:15,num_users:487,errors:3
rt:23.71,through:23.13,tt:0.33,num_interact:347,Intrvl:15,num_users:462,errors:0
rt:24,through:24,tt:0.33,num_interact:360,Intrvl:15,num_users:440,errors:4
rt:19.94,through:24.47,tt:0.36,num_interact:367,Intrvl:15,num_users:448,errors:1
rt:22.02,through:25.13,tt:0.36,num_interact:377,Intrvl:15,num_users:521,errors:4
rt:20.12,through:22.6,tt:0.34,num_interact:339,Intrvl:15,num_users:420,errors:0
rt:20.54,through:25.47,tt:0.37,num_interact:382,Intrvl:15,num_users:512,errors:10
rt:22.03,through:23.13,tt:0.35,num_interact:347,Intrvl:15,num_users:535,errors:1
rt:22.09,through:23.93,tt:0.36,num_interact:359,Intrvl:15,num_users:484,errors:8
rt:22.21,through:21.87,tt:0.38,num_interact:328,Intrvl:15,num_users:427,errors:2
rt:22.24,through:24.2,tt:0.39,num_interact:363,Intrvl:15,num_users:589,errors:18
rt:27.64,through:20.4,tt:0.36,num_interact:306,Intrvl:15,num_users:427,errors:6
rt:23.21,through:22.4,tt:0.35,num_interact:336,Intrvl:15,num_users:420,errors:10
rt:24.75,through:22.8,tt:0.37,num_interact:342,Intrvl:15,num_users:445,errors:6
rt:25.11,through:25.13,tt:0.39,num_interact:377,Intrvl:15,num_users:458,errors:9
rt:21.2,through:24.8,tt:0.38,num_interact:372,Intrvl:15,num_users:526,errors:4
rt:27.91,through:21.93,tt:0.33,num_interact:329,Intrvl:15,num_users:428,errors:12
rt:22.79,through:24.2,tt:0.34,num_interact:363,Intrvl:15,num_users:444,errors:0
rt:23.25,through:24.33,tt:0.4,num_interact:365,Intrvl:15,num_users:438,errors:15
rt:20.92,through:25.4,tt:0.36,num_interact:381,Intrvl:15,num_users:490,errors:5
rt:27.01,through:19.33,tt:0.35,num_interact:292,Intrvl:15,num_users:510,errors:17
rt:24.82,through:26.6,tt:0.36,num_interact:399,Intrvl:15,num_users:454,errors:3
rt:25.51,through:35.6,tt:0.35,num_interact:534,Intrvl:15,num_users:493,errors:10
rt:20.45,through:31.73,tt:0.36,num_interact:476,Intrvl:15,num_users:514,errors:2
rt:20.63,through:28.47,tt:0.34,num_interact:427,Intrvl:15,num_users:510,errors:9
rt:22.45,through:21.4,tt:0.39,num_interact:321,Intrvl:15,num_users:570,errors:10
rt:30.44,through:30.73,tt:0.37,num_interact:469,Intrvl:15,num_users:479,errors:4
rt:19.59,through:30.8,tt:0.37,num_interact:462,Intrvl:15,num_users:468,errors:1
rt:20.05,through:27.87,tt:0.34,num_interact:554,Intrvl:15,num_users:442,errors:2
rt:21.85,through:29.67,tt:0.34,num_interact:445,Intrvl:15,num_users:433,errors:0
rt:16.71,through:28.6,tt:0.36,num_interact:429,Intrvl:15,num_users:483,errors:0
rt:67.52,through:43.6,tt:0.35,num_interact:654,Intrvl:15,num_users:503,errors:0
rt:371.93,through:0.07,tt:0.35,num_interact:455,Intrvl:15,num_users:431,errors:7
rt:333.52,through:2.07,tt:0.37,num_interact:31,Intrvl:15,num_users:445,errors:0
rt:308.39,through:48.47,tt:0.37,num_interact:1211,Intrvl:15,num_users:557,errors:10
rt:879.22,through:0.67,tt:0.14,num_interact:10,Intrvl:15,num_users:477,errors:0
rt:564.35,through:31.07,tt:0.37,num_interact:466,Intrvl:15,num_users:532,errors:42
rt:401.64,through:26.4,tt:0.32,num_interact:396,Intrvl:15,num_users:442,errors:28
rt:192.82,through:32.2,tt:0.33,num_interact:483,Intrvl:15,num_users:580,errors:5
rt:415.52,through:7.67,tt:0.34,num_interact:115,Intrvl:15,num_users:497,errors:0
rt:315.36,through:7.8,tt:0.34,num_interact:117,Intrvl:15,num_users:489,errors:0
rt:139.6,through:7,tt:0.44,num_interact:105,Intrvl:15,num_users:490,errors:0
rt:178.07,through:6.67,tt:0.38,num_interact:100,Intrvl:15,num_users:549,errors:10
rt:66.95,through:7.8,tt:0.35,num_interact:117,Intrvl:15,num_users:489,errors:0
rt:66.22,through:7.87,tt:0.33,num_interact:118,Intrvl:15,num_users:536,errors:1
rt:65.63,through:7.33,tt:0.39,num_interact:110,Intrvl:15,num_users:497,errors:0
rt:67.86,through:5.93,tt:0.32,num_interact:89,Intrvl:15,num_users:524,errors:23
rt:64.41,through:7.93,tt:0.38,num_interact:119,Intrvl:15,num_users:535,errors:0
rt:71.31,through:6.87,tt:0.41,num_interact:103,Intrvl:15,num_users:525,errors:8
rt:65.44,through:8.33,tt:0.34,num_interact:125,Intrvl:15,num_users:594,errors:0
rt:76.15,through:6.73,tt:0.38,num_interact:101,Intrvl:15,num_users:553,errors:22
rt:65.95,through:7.53,tt:0.38,num_interact:113,Intrvl:15,num_users:594,errors:1
rt:75.27,through:6.93,tt:0.32,num_interact:104,Intrvl:15,num_users:476,errors:20
rt:64.17,through:5.87,tt:0.42,num_interact:88,Intrvl:15,num_users:451,errors:0
rt:81.2,through:5.93,tt:0.35,num_interact:89,Intrvl:15,num_users:417,errors:24
rt:68.94,through:4.73,tt:0.36,num_interact:71,Intrvl:15,num_users:491,errors:0
rt:77.49,through:7.6,tt:0.33,num_interact:114,Intrvl:15,num_users:508,errors:12
rt:72.87,through:6.8,tt:0.45,num_interact:102,Intrvl:15,num_users:507,errors:3
rt:77.47,through:8.53,tt:0.33,num_interact:128,Intrvl:15,num_users:484,errors:9
rt:72.03,through:7.27,tt:0.37,num_interact:109,Intrvl:15,num_users:528,errors:5
rt:70.36,through:7.13,tt:0.35,num_interact:107,Intrvl:15,num_users:448,errors:1
rt:69.68,through:7.4,tt:0.39,num_interact:111,Intrvl:15,num_users:504,errors:15
rt:63.83,through:7.2,tt:0.4,num_interact:108,Intrvl:15,num_users:529,errors:0
rt:78.36,through:5.67,tt:0.36,num_interact:85,Intrvl:15,num_users:518,errors:18
rt:65.55,through:7,tt:0.35,num_interact:105,Intrvl:15,num_users:431,errors:1
rt:73.02,through:6.53,tt:0.27,num_interact:98,Intrvl:15,num_users:490,errors:11
rt:68.34,through:5.67,tt:0.32,num_interact:85,Intrvl:15,num_users:461,errors:0
rt:69.78,through:8.2,tt:0.48,num_interact:123,Intrvl:15,num_users:490,errors:11
rt:72.12,through:6.4,tt:0.31,num_interact:96,Intrvl:15,num_users:448,errors:7
rt:69.44,through:6.87,tt:0.36,num_interact:103,Intrvl:15,num_users:430,errors:2
rt:68.05,through:6.27,tt:0.32,num_interact:94,Intrvl:15,num_users:461,errors:14
rt:66.77,through:7.07,tt:0.25,num_interact:106,Intrvl:15,num_users:431,errors:0
rt:72.55,through:7.47,tt:0.31,num_interact:112,Intrvl:15,num_users:440,errors:14
rt:60.44,through:7.2,tt:0.4,num_interact:108,Intrvl:15,num_users:521,errors:0
rt:73.23,through:7.2,tt:0.37,num_interact:108,Intrvl:15,num_users:497,errors:14
rt:60.78,through:7.47,tt:0.37,num_interact:112,Intrvl:15,num_users:472,errors:1
rt:67.12,through:8.53,tt:0.34,num_interact:128,Intrvl:15,num_users:477,errors:14
rt:61.29,through:6.13,tt:0.39,num_interact:92,Intrvl:15,num_users:468,errors:0
rt:70.77,through:8,tt:0.37,num_interact:120,Intrvl:15,num_users:525,errors:11
rt:61.22,through:7.47,tt:0.37,num_interact:112,Intrvl:15,num_users:535,errors:0
rt:65.21,through:7.8,tt:0.28,num_interact:117,Intrvl:15,num_users:491,errors:17
rt:69.06,through:7,tt:0.35,num_interact:105,Intrvl:15,num_users:570,errors:3
rt:64.69,through:6.4,tt:0.38,num_interact:96,Intrvl:15,num_users:603,errors:1
rt:72,through:7.33,tt:0.35,num_interact:110,Intrvl:15,num_users:522,errors:13
rt:67.22,through:8.6,tt:0.32,num_interact:129,Intrvl:15,num_users:531,errors:0
rt:74.08,through:6.2,tt:0.37,num_interact:93,Intrvl:15,num_users:510,errors:15
rt:73.18,through:4.93,tt:0.36,num_interact:74,Intrvl:15,num_users:433,errors:3
rt:70.62,through:7.33,tt:0.36,num_interact:110,Intrvl:15,num_users:461,errors:7
rt:70.73,through:6.67,tt:0.35,num_interact:100,Intrvl:15,num_users:528,errors:0
rt:75.97,through:6.8,tt:0.33,num_interact:102,Intrvl:15,num_users:518,errors:12
rt:70.81,through:6.8,tt:0.34,num_interact:102,Intrvl:15,num_users:487,errors:3
rt:72.7,through:8.13,tt:0.39,num_interact:122,Intrvl:15,num_users:501,errors:9
rt:65.91,through:6,tt:0.35,num_interact:90,Intrvl:15,num_users:447,errors:15
rt:46.14,through:19,tt:0.37,num_interact:285,Intrvl:15,num_users:578,errors:6
rt:35.94,through:15.2,tt:0.34,num_interact:228,Intrvl:15,num_users:556,errors:10
rt:44.98,through:13,tt:0.33,num_interact:195,Intrvl:15,num_users:500,errors:2
rt:39.49,through:16.33,tt:0.35,num_interact:245,Intrvl:15,num_users:503,errors:4
rt:27.04,through:23.4,tt:0.37,num_interact:351,Intrvl:15,num_users:469,errors:0
rt:24.99,through:23.67,tt:0.36,num_interact:355,Intrvl:15,num_users:487,errors:13
rt:23.44,through:24.8,tt:0.32,num_interact:372,Intrvl:15,num_users:514,errors:0
rt:21.4,through:24.6,tt:0.33,num_interact:369,Intrvl:15,num_users:494,errors:0
rt:21.68,through:25,tt:0.36,num_interact:375,Intrvl:15,num_users:490,errors:0
rt:20.98,through:24.33,tt:0.38,num_interact:365,Intrvl:15,num_users:638,errors:0
rt:21.83,through:25,tt:0.36,num_interact:375,Intrvl:15,num_users:634,errors:0
rt:24.9,through:25.07,tt:0.4,num_interact:376,Intrvl:15,num_users:595,errors:0
rt:23.87,through:22.2,tt:0.34,num_interact:333,Intrvl:15,num_users:524,errors:0
rt:22.69,through:24.13,tt:0.34,num_interact:362,Intrvl:15,num_users:554,errors:0
rt:23.31,through:25,tt:0.37,num_interact:375,Intrvl:15,num_users:560,errors:0
rt:24.01,through:25.07,tt:0.36,num_interact:376,Intrvl:15,num_users:624,errors:0
rt:23.63,through:23.13,tt:0.33,num_interact:347,Intrvl:15,num_users:517,errors:0
rt:23.4,through:23.07,tt:0.36,num_interact:348,Intrvl:15,num_users:561,errors:0
rt:23.43,through:24.87,tt:0.36,num_interact:376,Intrvl:15,num_users:596,errors:0
rt:23.45,through:23.6,tt:0.35,num_interact:354,Intrvl:15,num_users:540,errors:0
rt:22.95,through:26.13,tt:0.34,num_interact:392,Intrvl:15,num_users:606,errors:0
rt:23.51,through:23.2,tt:0.35,num_interact:352,Intrvl:15,num_users:564,errors:1
rt:24.64,through:25.33,tt:0.36,num_interact:380,Intrvl:15,num_users:561,errors:2
rt:24.48,through:24.8,tt:0.36,num_interact:377,Intrvl:15,num_users:613,errors:1
rt:26.1,through:24.6,tt:0.38,num_interact:369,Intrvl:15,num_users:567,errors:0
rt:23.99,through:24.6,tt:0.36,num_interact:369,Intrvl:15,num_users:596,errors:0
rt:23.7,through:26.53,tt:0.32,num_interact:399,Intrvl:15,num_users:643,errors:0
rt:24.71,through:20.93,tt:0.35,num_interact:314,Intrvl:15,num_users:511,errors:0
rt:23.67,through:23.2,tt:0.38,num_interact:348,Intrvl:15,num_users:598,errors:0
rt:22.93,through:24.93,tt:0.35,num_interact:378,Intrvl:15,num_users:629,errors:0
rt:25.64,through:23.93,tt:0.35,num_interact:359,Intrvl:15,num_users:567,errors:0
rt:23.59,through:23.2,tt:0.37,num_interact:348,Intrvl:15,num_users:526,errors:0
rt:23.05,through:21.2,tt:0.35,num_interact:318,Intrvl:15,num_users:447,errors:0
rt:22.18,through:23.07,tt:0.36,num_interact:347,Intrvl:15,num_users:505,errors:1
rt:21.35,through:25.4,tt:0.37,num_interact:381,Intrvl:15,num_users:542,errors:2
rt:22.95,through:23.87,tt:0.36,num_interact:358,Intrvl:15,num_users:498,errors:0
rt:21.06,through:24.6,tt:0.34,num_interact:369,Intrvl:15,num_users:491,errors:0
rt:21.59,through:24.33,tt:0.36,num_interact:365,Intrvl:15,num_users:483,errors:0
rt:20.87,through:25.4,tt:0.37,num_interact:381,Intrvl:15,num_users:550,errors:0
rt:21.57,through:24.73,tt:0.36,num_interact:371,Intrvl:15,num_users:522,errors:0
rt:21.79,through:24.67,tt:0.37,num_interact:370,Intrvl:15,num_users:522,errors:0
rt:22.22,through:25.33,tt:0.35,num_interact:380,Intrvl:15,num_users:570,errors:0
rt:22.14,through:21.73,tt:0.38,num_interact:326,Intrvl:15,num_users:458,errors:0
rt:21.46,through:23.47,tt:0.32,num_interact:352,Intrvl:15,num_users:539,errors:0
rt:21.91,through:24.8,tt:0.35,num_interact:372,Intrvl:15,num_users:533,errors:0
rt:22.29,through:24.53,tt:0.38,num_interact:368,Intrvl:15,num_users:510,errors:0
rt:21.47,through:25,tt:0.32,num_interact:375,Intrvl:15,num_users:529,errors:0
rt:21.82,through:25.53,tt:0.34,num_interact:383,Intrvl:15,num_users:543,errors:0
rt:21.86,through:24.4,tt:0.35,num_interact:366,Intrvl:15,num_users:512,errors:0
rt:21.23,through:22.6,tt:0.37,num_interact:343,Intrvl:15,num_users:468,errors:0
rt:20.6,through:24.73,tt:0.4,num_interact:371,Intrvl:15,num_users:486,errors:0
rt:20.87,through:25.87,tt:0.37,num_interact:388,Intrvl:15,num_users:519,errors:0
rt:20.82,through:25.2,tt:0.33,num_interact:378,Intrvl:15,num_users:525,errors:0
rt:22.4,through:22.8,tt:0.32,num_interact:342,Intrvl:15,num_users:507,errors:5
rt:19.5,through:30.47,tt:0.36,num_interact:457,Intrvl:15,num_users:511,errors:0
rt:17.91,through:26.8,tt:0.39,num_interact:402,Intrvl:15,num_users:528,errors:0
rt:83.52,through:24.93,tt:0.35,num_interact:649,Intrvl:15,num_users:521,errors:2
rt:228.13,through:62.6,tt:0.36,num_interact:939,Intrvl:15,num_users:617,errors:6
rt:40.78,through:9.13,tt:0.38,num_interact:419,Intrvl:15,num_users:505,errors:0
rt:13.95,through:17.87,tt:0.36,num_interact:268,Intrvl:15,num_users:617,errors:0
rt:26.21,through:22.27,tt:0.35,num_interact:334,Intrvl:15,num_users:525,errors:0
rt:18.42,through:33.13,tt:0.36,num_interact:497,Intrvl:15,num_users:563,errors:0
rt:17.19,through:41.73,tt:0.35,num_interact:626,Intrvl:15,num_users:622,errors:0
rt:14.98,through:16.8,tt:0.39,num_interact:252,Intrvl:15,num_users:608,errors:0
rt:26.12,through:31.47,tt:0.34,num_interact:864,Intrvl:15,num_users:585,errors:0
rt:22.34,through:27.4,tt:0.34,num_interact:610,Intrvl:15,num_users:525,errors:0
rt:150.55,through:69.47,tt:0.37,num_interact:1234,Intrvl:15,num_users:554,errors:1
rt:46.21,through:44.6,tt:0.36,num_interact:669,Intrvl:15,num_users:616,errors:0
rt:24.78,through:1,tt:0.34,num_interact:15,Intrvl:15,num_users:556,errors:0
rt:48.27,through:1.47,tt:0.29,num_interact:22,Intrvl:15,num_users:517,errors:0
rt:70.18,through:1.6,tt:0.25,num_interact:24,Intrvl:15,num_users:501,errors:0
rt:104.96,through:6.6,tt:0.38,num_interact:99,Intrvl:15,num_users:547,errors:0
rt:226.01,through:1,tt:0.3,num_interact:15,Intrvl:15,num_users:543,errors:0
rt:254.96,through:2.8,tt:0.34,num_interact:43,Intrvl:15,num_users:524,errors:0
rt:145.89,through:37.07,tt:0.39,num_interact:706,Intrvl:15,num_users:622,errors:0
rt:62.28,through:0.47,tt:0.12,num_interact:7,Intrvl:15,num_users:613,errors:0
rt:45.31,through:0.87,tt:0.31,num_interact:13,Intrvl:15,num_users:458,errors:0
rt:213.94,through:76.53,tt:0.36,num_interact:1148,Intrvl:15,num_users:552,errors:6
rt:39.39,through:7.6,tt:0.37,num_interact:114,Intrvl:15,num_users:641,errors:0
rt:35.95,through:8.67,tt:0.4,num_interact:130,Intrvl:15,num_users:671,errors:0
rt:43.93,through:8.07,tt:0.43,num_interact:121,Intrvl:15,num_users:648,errors:0
rt:50.89,through:7.6,tt:0.48,num_interact:114,Intrvl:15,num_users:633,errors:89
rt:55.75,through:3.6,tt:0.39,num_interact:54,Intrvl:15,num_users:606,errors:0
rt:69.73,through:6.33,tt:0.37,num_interact:95,Intrvl:15,num_users:650,errors:0
rt:62.66,through:7.27,tt:0.39,num_interact:109,Intrvl:15,num_users:608,errors:4
rt:70.16,through:5.27,tt:0.37,num_interact:79,Intrvl:15,num_users:575,errors:30
rt:93.65,through:6.73,tt:0.33,num_interact:101,Intrvl:15,num_users:573,errors:5
rt:78.3,through:6.67,tt:0.37,num_interact:100,Intrvl:15,num_users:532,errors:7
rt:66.82,through:5.33,tt:0.35,num_interact:80,Intrvl:15,num_users:617,errors:1
rt:81.51,through:7.47,tt:0.32,num_interact:112,Intrvl:15,num_users:680,errors:12
rt:70.07,through:6.6,tt:0.35,num_interact:99,Intrvl:15,num_users:567,errors:1
rt:60.91,through:7.13,tt:0.3,num_interact:107,Intrvl:15,num_users:664,errors:0
rt:62.88,through:4.87,tt:0.39,num_interact:73,Intrvl:15,num_users:622,errors:18
rt:64.74,through:5.4,tt:0.32,num_interact:81,Intrvl:15,num_users:651,errors:0
rt:72.66,through:7.67,tt:0.29,num_interact:115,Intrvl:15,num_users:655,errors:15
rt:62.82,through:6.33,tt:0.38,num_interact:95,Intrvl:15,num_users:678,errors:1
rt:78.91,through:8.07,tt:0.31,num_interact:121,Intrvl:15,num_users:693,errors:12
rt:71.48,through:6.93,tt:0.39,num_interact:104,Intrvl:15,num_users:675,errors:1
rt:70.08,through:7.53,tt:0.34,num_interact:113,Intrvl:15,num_users:553,errors:12
rt:67.94,through:5.07,tt:0.34,num_interact:76,Intrvl:15,num_users:535,errors:4
rt:68.9,through:5.47,tt:0.31,num_interact:82,Intrvl:15,num_users:535,errors:0
rt:72.05,through:5.53,tt:0.34,num_interact:83,Intrvl:15,num_users:545,errors:11
rt:67.99,through:7.2,tt:0.33,num_interact:108,Intrvl:15,num_users:757,errors:0
rt:69.67,through:7.13,tt:0.31,num_interact:107,Intrvl:15,num_users:581,errors:13
rt:58.33,through:7.13,tt:0.36,num_interact:107,Intrvl:15,num_users:566,errors:0
rt:64.5,through:3.47,tt:0.38,num_interact:52,Intrvl:15,num_users:490,errors:19
rt:65.94,through:3.33,tt:0.28,num_interact:50,Intrvl:15,num_users:616,errors:0
rt:70.92,through:6.67,tt:0.32,num_interact:100,Intrvl:15,num_users:549,errors:0
rt:67.43,through:5.2,tt:0.35,num_interact:78,Intrvl:15,num_users:556,errors:2
rt:70.5,through:7.2,tt:0.34,num_interact:108,Intrvl:15,num_users:559,errors:3
rt:72.64,through:4.53,tt:0.39,num_interact:68,Intrvl:15,num_users:522,errors:20
rt:61.77,through:7.2,tt:0.32,num_interact:108,Intrvl:15,num_users:542,errors:0
rt:60.07,through:7.27,tt:0.39,num_interact:109,Intrvl:15,num_users:567,errors:12
rt:63.71,through:7.47,tt:0.35,num_interact:112,Intrvl:15,num_users:601,errors:1
rt:59.28,through:8.33,tt:0.35,num_interact:125,Intrvl:15,num_users:543,errors:13
rt:57.04,through:6.13,tt:0.41,num_interact:92,Intrvl:15,num_users:529,errors:2
rt:57.17,through:7.07,tt:0.29,num_interact:106,Intrvl:15,num_users:567,errors:8
rt:57.97,through:5.73,tt:0.3,num_interact:86,Intrvl:15,num_users:528,errors:5
rt:62.11,through:7.73,tt:0.38,num_interact:116,Intrvl:15,num_users:619,errors:0
rt:55.74,through:5.6,tt:0.35,num_interact:84,Intrvl:15,num_users:592,errors:20
rt:59.68,through:7.33,tt:0.41,num_interact:110,Intrvl:15,num_users:542,errors:0
rt:58.26,through:5.6,tt:0.32,num_interact:84,Intrvl:15,num_users:564,errors:15
rt:57.42,through:5.93,tt:0.34,num_interact:89,Intrvl:15,num_users:550,errors:0
rt:73.14,through:8.33,tt:0.33,num_interact:125,Intrvl:15,num_users:543,errors:5
rt:57.86,through:6.4,tt:0.36,num_interact:96,Intrvl:15,num_users:585,errors:4
rt:63.56,through:7.73,tt:0.39,num_interact:116,Intrvl:15,num_users:536,errors:4
rt:36.47,through:16.8,tt:0.37,num_interact:252,Intrvl:15,num_users:581,errors:9
rt:26.62,through:20.33,tt:0.37,num_interact:305,Intrvl:15,num_users:658,errors:0
rt:25.07,through:24.4,tt:0.3,num_interact:366,Intrvl:15,num_users:637,errors:0
rt:20.58,through:24.73,tt:0.37,num_interact:371,Intrvl:15,num_users:648,errors:0
rt:20.72,through:25.6,tt:0.37,num_interact:387,Intrvl:15,num_users:647,errors:0
rt:19.65,through:23.93,tt:0.35,num_interact:359,Intrvl:15,num_users:602,errors:0
rt:19.72,through:23.2,tt:0.37,num_interact:348,Intrvl:15,num_users:577,errors:0
rt:18.33,through:24.33,tt:0.35,num_interact:365,Intrvl:15,num_users:651,errors:0
rt:19.65,through:23.73,tt:0.35,num_interact:356,Intrvl:15,num_users:595,errors:0
rt:20.02,through:18.33,tt:0.36,num_interact:276,Intrvl:15,num_users:727,errors:0
rt:22.54,through:26.4,tt:0.31,num_interact:396,Intrvl:15,num_users:526,errors:0
rt:16.87,through:21.93,tt:0.35,num_interact:329,Intrvl:15,num_users:574,errors:0
rt:16.97,through:24.27,tt:0.34,num_interact:364,Intrvl:15,num_users:574,errors:0
rt:17.08,through:24.93,tt:0.35,num_interact:375,Intrvl:15,num_users:582,errors:0
rt:18.36,through:25.8,tt:0.37,num_interact:387,Intrvl:15,num_users:636,errors:0
rt:18.85,through:23.87,tt:0.34,num_interact:358,Intrvl:15,num_users:570,errors:0
rt:16.08,through:21.53,tt:0.36,num_interact:323,Intrvl:15,num_users:514,errors:0
rt:15.83,through:24.07,tt:0.36,num_interact:361,Intrvl:15,num_users:510,errors:0
rt:16.35,through:24.8,tt:0.4,num_interact:372,Intrvl:15,num_users:626,errors:0
rt:18.11,through:24.8,tt:0.37,num_interact:372,Intrvl:15,num_users:619,errors:0
rt:18.98,through:24.67,tt:0.38,num_interact:370,Intrvl:15,num_users:615,errors:0
rt:17.71,through:23.2,tt:0.4,num_interact:348,Intrvl:15,num_users:570,errors:0
rt:17.55,through:25.2,tt:0.33,num_interact:378,Intrvl:15,num_users:584,errors:0
rt:17.87,through:25.67,tt:0.32,num_interact:385,Intrvl:15,num_users:589,errors:0
rt:17.85,through:25.27,tt:0.37,num_interact:379,Intrvl:15,num_users:613,errors:0
rt:18.12,through:26.13,tt:0.36,num_interact:392,Intrvl:15,num_users:630,errors:0
rt:19.57,through:24.33,tt:0.36,num_interact:365,Intrvl:15,num_users:596,errors:0
rt:17.81,through:24.2,tt:0.36,num_interact:370,Intrvl:15,num_users:601,errors:1
rt:17.26,through:23.07,tt:0.35,num_interact:346,Intrvl:15,num_users:542,errors:0
rt:17.95,through:24,tt:0.39,num_interact:361,Intrvl:15,num_users:629,errors:0
rt:17.51,through:24,tt:0.38,num_interact:360,Intrvl:15,num_users:598,errors:0
rt:19.95,through:25.33,tt:0.34,num_interact:380,Intrvl:15,num_users:652,errors:0
rt:19.46,through:23,tt:0.35,num_interact:345,Intrvl:15,num_users:584,errors:0
rt:18.79,through:23.53,tt:0.38,num_interact:353,Intrvl:15,num_users:615,errors:0
rt:18.81,through:25.07,tt:0.36,num_interact:381,Intrvl:15,num_users:624,errors:0
rt:17.48,through:22.13,tt:0.34,num_interact:332,Intrvl:15,num_users:550,errors:1
rt:17.99,through:24.13,tt:0.35,num_interact:378,Intrvl:15,num_users:613,errors:0
rt:19.5,through:23.6,tt:0.34,num_interact:354,Intrvl:15,num_users:561,errors:0
rt:17.65,through:24.53,tt:0.38,num_interact:377,Intrvl:15,num_users:701,errors:0
rt:20.95,through:24.33,tt:0.35,num_interact:365,Intrvl:15,num_users:634,errors:0
rt:19.44,through:24,tt:0.38,num_interact:363,Intrvl:15,num_users:697,errors:0
rt:22.57,through:21.8,tt:0.35,num_interact:327,Intrvl:15,num_users:724,errors:0
rt:22.4,through:25.27,tt:0.34,num_interact:379,Intrvl:15,num_users:641,errors:0
rt:20.24,through:23.87,tt:0.37,num_interact:358,Intrvl:15,num_users:686,errors:0
rt:21.87,through:22.27,tt:0.35,num_interact:334,Intrvl:15,num_users:603,errors:0
rt:18.06,through:24,tt:0.38,num_interact:360,Intrvl:15,num_users:623,errors:0
rt:21.89,through:23.93,tt:0.36,num_interact:359,Intrvl:15,num_users:658,errors:0
rt:20.47,through:24.47,tt:0.36,num_interact:367,Intrvl:15,num_users:710,errors:0
rt:21.46,through:26.6,tt:0.35,num_interact:399,Intrvl:15,num_users:643,errors:0
rt:19.92,through:23.73,tt:0.38,num_interact:369,Intrvl:15,num_users:710,errors:0
rt:23.86,through:19.67,tt:0.35,num_interact:295,Intrvl:15,num_users:739,errors:0
rt:34.48,through:0.27,tt:0.15,num_interact:4,Intrvl:15,num_users:708,errors:0
rt:44.16,through:0.4,tt:0.25,num_interact:6,Intrvl:15,num_users:658,errors:0
rt:67.6,through:1.4,tt:0.31,num_interact:21,Intrvl:15,num_users:658,errors:0
rt:78.33,through:1.87,tt:0.34,num_interact:28,Intrvl:15,num_users:627,errors:0
rt:380.68,through:47.6,tt:0.33,num_interact:714,Intrvl:15,num_users:706,errors:5
rt:102.05,through:14.73,tt:0.36,num_interact:221,Intrvl:15,num_users:696,errors:0
rt:20.56,through:0.6,tt:0.48,num_interact:10,Intrvl:15,num_users:661,errors:0
rt:36.5,through:1,tt:0.37,num_interact:15,Intrvl:15,num_users:678,errors:0
rt:?,through:0,tt:0.36,num_interact:143,Intrvl:15,num_users:655,errors:0
rt:92.22,through:4.47,tt:0.32,num_interact:67,Intrvl:15,num_users:686,errors:0
rt:68.38,through:2.47,tt:0.44,num_interact:37,Intrvl:15,num_users:651,errors:0
rt:54.95,through:14.2,tt:0.34,num_interact:213,Intrvl:15,num_users:715,errors:0
rt:59.35,through:1.6,tt:0.32,num_interact:24,Intrvl:15,num_users:725,errors:0
rt:62.44,through:0.07,tt:0.2,num_interact:1,Intrvl:15,num_users:720,errors:0
rt:69.56,through:8.2,tt:0.37,num_interact:123,Intrvl:15,num_users:643,errors:0
rt:50.46,through:4,tt:0.47,num_interact:60,Intrvl:15,num_users:633,errors:0
rt:34.38,through:4.27,tt:0.34,num_interact:154,Intrvl:15,num_users:608,errors:0
rt:14.76,through:9.07,tt:0.3,num_interact:136,Intrvl:15,num_users:648,errors:0
rt:42.91,through:20.8,tt:0.37,num_interact:333,Intrvl:15,num_users:672,errors:0
rt:30.34,through:4.13,tt:0.39,num_interact:62,Intrvl:15,num_users:638,errors:0
rt:16.31,through:13.27,tt:0.37,num_interact:199,Intrvl:15,num_users:665,errors:0
rt:16.24,through:3.4,tt:0.35,num_interact:51,Intrvl:15,num_users:662,errors:0
rt:56.17,through:36.47,tt:0.36,num_interact:547,Intrvl:15,num_users:686,errors:1
rt:29.02,through:2.67,tt:0.4,num_interact:62,Intrvl:15,num_users:778,errors:0
rt:125.37,through:1.6,tt:0.48,num_interact:24,Intrvl:15,num_users:749,errors:0
rt:141.57,through:1.8,tt:0.44,num_interact:27,Intrvl:15,num_users:697,errors:0
rt:154.05,through:1.8,tt:0.34,num_interact:27,Intrvl:15,num_users:643,errors:0
rt:85.26,through:9.4,tt:0.35,num_interact:141,Intrvl:15,num_users:662,errors:0
rt:38.17,through:4,tt:0.42,num_interact:61,Intrvl:15,num_users:666,errors:0
rt:29.8,through:4.27,tt:0.42,num_interact:64,Intrvl:15,num_users:657,errors:0
rt:9.42,through:12.87,tt:0.35,num_interact:193,Intrvl:15,num_users:577,errors:0
rt:7.55,through:12.8,tt:0.37,num_interact:192,Intrvl:15,num_users:666,errors:0
rt:11.91,through:12.8,tt:0.41,num_interact:192,Intrvl:15,num_users:697,errors:0
rt:12.95,through:0.8,tt:0.32,num_interact:12,Intrvl:15,num_users:804,errors:0
rt:?,through:0,tt:0.36,num_interact:50,Intrvl:15,num_users:725,errors:0
rt:23.13,through:12.8,tt:0.32,num_interact:192,Intrvl:15,num_users:605,errors:0
rt:2.65,through:11.67,tt:0.35,num_interact:175,Intrvl:15,num_users:595,errors:0
rt:2.73,through:12.27,tt:0.33,num_interact:184,Intrvl:15,num_users:596,errors:0
rt:2.58,through:13.8,tt:0.37,num_interact:207,Intrvl:15,num_users:595,errors:0
rt:5.04,through:11.4,tt:0.4,num_interact:171,Intrvl:15,num_users:634,errors:0
rt:6.08,through:12.8,tt:0.34,num_interact:192,Intrvl:15,num_users:644,errors:0
rt:2.73,through:10.47,tt:0.33,num_interact:157,Intrvl:15,num_users:545,errors:0
rt:2.71,through:13.07,tt:0.36,num_interact:196,Intrvl:15,num_users:560,errors:0
rt:2.01,through:12.4,tt:0.37,num_interact:186,Intrvl:15,num_users:533,errors:0
rt:5.09,through:11.33,tt:0.39,num_interact:170,Intrvl:15,num_users:585,errors:0
rt:6.96,through:13.13,tt:0.38,num_interact:197,Intrvl:15,num_users:623,errors:0
rt:9.46,through:12.93,tt:0.35,num_interact:194,Intrvl:15,num_users:645,errors:0
rt:9.53,through:10.2,tt:0.36,num_interact:153,Intrvl:15,num_users:602,errors:0
rt:6.12,through:10.47,tt:0.38,num_interact:157,Intrvl:15,num_users:567,errors:0
rt:17.61,through:6.4,tt:0.44,num_interact:178,Intrvl:15,num_users:713,errors:0
rt:147.25,through:5.13,tt:0.44,num_interact:77,Intrvl:15,num_users:727,errors:0
rt:78.49,through:5.47,tt:0.33,num_interact:82,Intrvl:15,num_users:679,errors:0
rt:9.35,through:12.73,tt:0.35,num_interact:191,Intrvl:15,num_users:596,errors:0
rt:4.05,through:13,tt:0.36,num_interact:195,Intrvl:15,num_users:601,errors:0
rt:4.76,through:13,tt:0.36,num_interact:195,Intrvl:15,num_users:606,errors:0
rt:6.33,through:12.87,tt:0.4,num_interact:193,Intrvl:15,num_users:644,errors:0
rt:8.5,through:12.93,tt:0.37,num_interact:194,Intrvl:15,num_users:671,errors:0
rt:9.07,through:10.67,tt:0.32,num_interact:160,Intrvl:15,num_users:634,errors:0
rt:5.49,through:10.2,tt:0.31,num_interact:153,Intrvl:15,num_users:588,errors:0
rt:6.79,through:12.87,tt:0.4,num_interact:193,Intrvl:15,num_users:664,errors:0
rt:9.93,through:12.6,tt:0.36,num_interact:189,Intrvl:15,num_users:689,errors:0
rt:11.65,through:11.2,tt:0.33,num_interact:168,Intrvl:15,num_users:662,errors:0
rt:8.55,through:9.4,tt:0.35,num_interact:142,Intrvl:15,num_users:613,errors:0
rt:5.49,through:12.4,tt:0.34,num_interact:186,Intrvl:15,num_users:606,errors:0
rt:6.36,through:13.07,tt:0.36,num_interact:196,Intrvl:15,num_users:634,errors:0
rt:5.99,through:10.8,tt:0.34,num_interact:162,Intrvl:15,num_users:601,errors:0
rt:7.1,through:12.87,tt:0.38,num_interact:193,Intrvl:15,num_users:661,errors:0
rt:8.86,through:11.13,tt:0.3,num_interact:167,Intrvl:15,num_users:638,errors:0
rt:8.65,through:13,tt:0.35,num_interact:195,Intrvl:15,num_users:686,errors:0
rt:8.52,through:6.6,tt:0.33,num_interact:99,Intrvl:15,num_users:575,errors:0
rt:3.31,through:12.73,tt:0.35,num_interact:191,Intrvl:15,num_users:577,errors:0
rt:4.22,through:12.6,tt:0.4,num_interact:189,Intrvl:15,num_users:599,errors:0
rt:5.72,through:13.13,tt:0.32,num_interact:197,Intrvl:15,num_users:617,errors:0
rt:7.58,through:12.6,tt:0.41,num_interact:189,Intrvl:15,num_users:662,errors:0
rt:10.23,through:12.87,tt:0.36,num_interact:193,Intrvl:15,num_users:690,errors:0
rt:11.48,through:10,tt:0.41,num_interact:150,Intrvl:15,num_users:640,errors:0
rt:8.21,through:12.13,tt:0.33,num_interact:182,Intrvl:15,num_users:627,errors:0
rt:6.44,through:11.53,tt:0.32,num_interact:173,Intrvl:15,num_users:603,errors:0
rt:4.93,through:11.07,tt:0.32,num_interact:166,Intrvl:15,num_users:601,errors:9
rt:7.25,through:9.4,tt:0.37,num_interact:142,Intrvl:15,num_users:675,errors:0
rt:18.77,through:4.87,tt:0.31,num_interact:73,Intrvl:15,num_users:661,errors:0
rt:4.84,through:16.4,tt:0.32,num_interact:246,Intrvl:15,num_users:566,errors:0
rt:1.97,through:25.87,tt:0.36,num_interact:388,Intrvl:15,num_users:603,errors:0
rt:6.66,through:4.33,tt:0.35,num_interact:65,Intrvl:15,num_users:714,errors:0
rt:15.94,through:0.4,tt:0.47,num_interact:6,Intrvl:15,num_users:700,errors:0
rt:30.26,through:2.2,tt:0.42,num_interact:33,Intrvl:15,num_users:662,errors:0
rt:5.11,through:25.2,tt:0.34,num_interact:378,Intrvl:15,num_users:560,errors:0
rt:5.45,through:10,tt:0.42,num_interact:150,Intrvl:15,num_users:666,errors:0
rt:19.5,through:2.53,tt:0.51,num_interact:38,Intrvl:15,num_users:703,errors:0
rt:31.07,through:1.73,tt:0.43,num_interact:26,Intrvl:15,num_users:676,errors:0
rt:36.97,through:4.93,tt:0.42,num_interact:74,Intrvl:15,num_users:640,errors:0
rt:30.45,through:2.13,tt:0.33,num_interact:32,Intrvl:15,num_users:662,errors:0
rt:30.76,through:21.27,tt:0.35,num_interact:319,Intrvl:15,num_users:693,errors:0
rt:24.54,through:3.4,tt:0.34,num_interact:98,Intrvl:15,num_users:647,errors:0
rt:12.45,through:25.8,tt:0.34,num_interact:387,Intrvl:15,num_users:661,errors:0
rt:5.93,through:12.73,tt:0.35,num_interact:191,Intrvl:15,num_users:643,errors:0
rt:52.57,through:25.33,tt:0.36,num_interact:380,Intrvl:15,num_users:707,errors:0
rt:29.56,through:0.67,tt:0.44,num_interact:10,Intrvl:15,num_users:678,errors:0
rt:53.74,through:27.93,tt:0.36,num_interact:455,Intrvl:15,num_users:762,errors:0
rt:?,through:0,tt:?,num_interact:0,Intrvl:15,num_users:717,errors:0
rt:82.23,through:10.73,tt:0.37,num_interact:161,Intrvl:15,num_users:722,errors:0
rt:8.26,through:19.67,tt:0.34,num_interact:295,Intrvl:15,num_users:651,errors:0
rt:3.3,through:3.6,tt:0.32,num_interact:54,Intrvl:15,num_users:648,errors:0
rt:8,through:8.73,tt:0.4,num_interact:131,Intrvl:15,num_users:689,errors:22
rt:4.81,through:10.8,tt:0.33,num_interact:162,Intrvl:15,num_users:606,errors:0
rt:14.04,through:6.73,tt:0.44,num_interact:175,Intrvl:15,num_users:701,errors:0
rt:46.14,through:11.67,tt:0.38,num_interact:175,Intrvl:15,num_users:767,errors:0
rt:1.63,through:12,tt:0.37,num_interact:180,Intrvl:15,num_users:550,errors:0
rt:6.35,through:10.67,tt:0.41,num_interact:160,Intrvl:15,num_users:640,errors:0
rt:5.91,through:10.4,tt:0.31,num_interact:156,Intrvl:15,num_users:599,errors:0
rt:6.01,through:2.73,tt:0.32,num_interact:42,Intrvl:15,num_users:738,errors:0
rt:26.43,through:0.87,tt:0.5,num_interact:13,Intrvl:15,num_users:602,errors:0
rt:11.34,through:13.67,tt:0.35,num_interact:205,Intrvl:15,num_users:626,errors:0
rt:6.95,through:13,tt:0.35,num_interact:195,Intrvl:15,num_users:658,errors:0
rt:0.88,through:7.47,tt:0.32,num_interact:112,Intrvl:15,num_users:515,errors:0
rt:4.05,through:10.6,tt:0.41,num_interact:159,Intrvl:15,num_users:570,errors:0
rt:6.56,through:12.6,tt:0.37,num_interact:189,Intrvl:15,num_users:615,errors:0
rt:8.96,through:12.87,tt:0.43,num_interact:193,Intrvl:15,num_users:686,errors:0
rt:7.42,through:4.4,tt:0.42,num_interact:66,Intrvl:15,num_users:532,errors:0
rt:7,through:11.67,tt:0.45,num_interact:175,Intrvl:15,num_users:669,errors:0
rt:12.17,through:12.67,tt:0.45,num_interact:190,Intrvl:15,num_users:682,errors:0
rt:13.36,through:11.53,tt:0.36,num_interact:173,Intrvl:15,num_users:655,errors:0
rt:11.55,through:12.73,tt:0.37,num_interact:191,Intrvl:15,num_users:666,errors:0
rt:12.17,through:12.73,tt:0.38,num_interact:194,Intrvl:15,num_users:696,errors:0
rt:12.95,through:6.93,tt:0.39,num_interact:104,Intrvl:15,num_users:592,errors:0
rt:7.1,through:11.87,tt:0.37,num_interact:178,Intrvl:15,num_users:580,errors:0
rt:6.16,through:12.73,tt:0.37,num_interact:191,Intrvl:15,num_users:606,errors:0
rt:8.61,through:13.2,tt:0.41,num_interact:198,Intrvl:15,num_users:651,errors:0
rt:10.64,through:12.13,tt:0.33,num_interact:182,Intrvl:15,num_users:644,errors:0
rt:10.49,through:12.8,tt:0.36,num_interact:192,Intrvl:15,num_users:671,errors:0
rt:12.52,through:11.87,tt:0.4,num_interact:178,Intrvl:15,num_users:657,errors:0
rt:11.51,through:11.27,tt:0.39,num_interact:169,Intrvl:15,num_users:633,errors:0
rt:9.71,through:13.07,tt:0.32,num_interact:196,Intrvl:15,num_users:633,errors:0
rt:7.06,through:8.07,tt:0.29,num_interact:121,Intrvl:15,num_users:561,errors:0
rt:5.22,through:12.8,tt:0.36,num_interact:192,Intrvl:15,num_users:591,errors:0
rt:6.37,through:12.87,tt:0.34,num_interact:193,Intrvl:15,num_users:598,errors:0
rt:6.31,through:11.93,tt:0.35,num_interact:179,Intrvl:15,num_users:584,errors:0
rt:4.78,through:11.93,tt:0.34,num_interact:179,Intrvl:15,num_users:566,errors:0
rt:1.91,through:11.73,tt:0.29,num_interact:176,Intrvl:15,num_users:532,errors:0
rt:4.88,through:11.67,tt:0.37,num_interact:175,Intrvl:15,num_users:584,errors:0
rt:0.4,through:8.2,tt:0.3,num_interact:123,Intrvl:15,num_users:491,errors:0
rt:6.37,through:10.6,tt:0.44,num_interact:159,Intrvl:15,num_users:591,errors:0
rt:4.52,through:9.33,tt:0.34,num_interact:140,Intrvl:15,num_users:525,errors:0
rt:0.55,through:12.33,tt:0.36,num_interact:185,Intrvl:15,num_users:496,errors:0
rt:5.15,through:10.47,tt:0.45,num_interact:157,Intrvl:15,num_users:563,errors:0
rt:2.14,through:10.8,tt:0.31,num_interact:162,Intrvl:15,num_users:511,errors:0
rt:5.53,through:11.8,tt:0.38,num_interact:177,Intrvl:15,num_users:587,errors:0
rt:8.32,through:13.07,tt:0.36,num_interact:196,Intrvl:15,num_users:609,errors:0
rt:8.73,through:10.27,tt:0.36,num_interact:154,Intrvl:15,num_users:575,errors:0
rt:7.33,through:12.93,tt:0.34,num_interact:194,Intrvl:15,num_users:584,errors:0
rt:8.44,through:12.87,tt:0.37,num_interact:193,Intrvl:15,num_users:655,errors:0
rt:9.69,through:5.4,tt:0.26,num_interact:81,Intrvl:15,num_users:531,errors:0
rt:2.54,through:13.4,tt:0.4,num_interact:201,Intrvl:15,num_users:518,errors:0
rt:4.18,through:11,tt:0.36,num_interact:165,Intrvl:15,num_users:546,errors:0
rt:1.32,through:12.4,tt:0.35,num_interact:186,Intrvl:15,num_users:504,errors:0
rt:0.26,through:9.6,tt:0.32,num_interact:144,Intrvl:15,num_users:455,errors:0
rt:7.1,through:10.07,tt:0.42,num_interact:151,Intrvl:15,num_users:594,errors:0
rt:5.06,through:7.47,tt:0.37,num_interact:112,Intrvl:15,num_users:479,errors:0
rt:6.09,through:11.2,tt:0.4,num_interact:168,Intrvl:15,num_users:549,errors:0
rt:5.62,through:10.4,tt:0.34,num_interact:156,Intrvl:15,num_users:508,errors:0
rt:5.1,through:12.87,tt:0.37,num_interact:193,Intrvl:15,num_users:528,errors:0
rt:7.79,through:12.8,tt:0.42,num_interact:192,Intrvl:15,num_users:657,errors:0
rt:15.45,through:12.4,tt:0.4,num_interact:186,Intrvl:15,num_users:652,errors:0
rt:15.69,through:12.53,tt:0.34,num_interact:188,Intrvl:15,num_users:647,errors:0
rt:15.09,through:9.67,tt:0.34,num_interact:145,Intrvl:15,num_users:594,errors:0
rt:7.9,through:6.33,tt:0.36,num_interact:95,Intrvl:15,num_users:491,errors:0
rt:6.33,through:12.6,tt:0.42,num_interact:189,Intrvl:15,num_users:556,errors:10
rt:4.42,through:15.07,tt:0.37,num_interact:226,Intrvl:15,num_users:594,errors:12
rt:5.76,through:28.93,tt:0.36,num_interact:455,Intrvl:15,num_users:578,errors:5
rt:3.26,through:24.93,tt:0.33,num_interact:374,Intrvl:15,num_users:554,errors:0
rt:3.98,through:20,tt:0.35,num_interact:300,Intrvl:15,num_users:531,errors:0
rt:3.6,through:30.87,tt:0.38,num_interact:463,Intrvl:15,num_users:598,errors:0
rt:3.85,through:18.53,tt:0.37,num_interact:278,Intrvl:15,num_users:540,errors:0
rt:3.54,through:29.73,tt:0.36,num_interact:446,Intrvl:15,num_users:595,errors:0
rt:4.74,through:25.4,tt:0.35,num_interact:381,Intrvl:15,num_users:591,errors:0
rt:5.75,through:11.47,tt:0.34,num_interact:172,Intrvl:15,num_users:505,errors:0
rt:3.04,through:30.33,tt:0.38,num_interact:455,Intrvl:15,num_users:578,errors:0
rt:3.54,through:20.4,tt:0.34,num_interact:306,Intrvl:15,num_users:536,errors:0
rt:3.69,through:20.47,tt:0.35,num_interact:307,Intrvl:15,num_users:522,errors:0
rt:1.84,through:23.87,tt:0.34,num_interact:358,Intrvl:15,num_users:493,errors:0
rt:1.75,through:25.93,tt:0.36,num_interact:389,Intrvl:15,num_users:524,errors:0
rt:2.31,through:22.27,tt:0.35,num_interact:334,Intrvl:15,num_users:503,errors:0
rt:2.49,through:31.2,tt:0.37,num_interact:468,Intrvl:15,num_users:560,errors:0
rt:3.16,through:29,tt:0.34,num_interact:435,Intrvl:15,num_users:580,errors:0
rt:4.33,through:25.47,tt:0.38,num_interact:382,Intrvl:15,num_users:581,errors:0
rt:4.69,through:16.2,tt:0.36,num_interact:243,Intrvl:15,num_users:528,errors:0
rt:3.4,through:27,tt:0.35,num_interact:405,Intrvl:15,num_users:547,errors:0
rt:1.98,through:18.33,tt:0.34,num_interact:275,Intrvl:15,num_users:484,errors:0
rt:1.74,through:25,tt:0.36,num_interact:375,Intrvl:15,num_users:515,errors:0
rt:2.42,through:30.53,tt:0.36,num_interact:458,Intrvl:15,num_users:557,errors:0
rt:3.46,through:22.07,tt:0.34,num_interact:331,Intrvl:15,num_users:536,errors:0
rt:0.8,through:18,tt:0.36,num_interact:270,Intrvl:15,num_users:466,errors:0
rt:1.01,through:25.73,tt:0.36,num_interact:386,Intrvl:15,num_users:494,errors:0
rt:1.88,through:24.73,tt:0.35,num_interact:379,Intrvl:15,num_users:501,errors:0
rt:2.33,through:31.07,tt:0.37,num_interact:466,Intrvl:15,num_users:561,errors:0
rt:3.33,through:26.8,tt:0.35,num_interact:402,Intrvl:15,num_users:564,errors:0
rt:3.58,through:21.13,tt:0.37,num_interact:317,Intrvl:15,num_users:540,errors:0
rt:3.5,through:24,tt:0.34,num_interact:360,Intrvl:15,num_users:532,errors:0
rt:2.75,through:26.27,tt:0.37,num_interact:394,Intrvl:15,num_users:540,errors:0
rt:2.92,through:20.67,tt:0.37,num_interact:310,Intrvl:15,num_users:512,errors:0
rt:2.42,through:31.07,tt:0.36,num_interact:466,Intrvl:15,num_users:561,errors:0
rt:3.46,through:29.47,tt:0.36,num_interact:445,Intrvl:15,num_users:589,errors:0
rt:5.03,through:23,tt:0.35,num_interact:345,Intrvl:15,num_users:574,errors:0
rt:4.33,through:20.27,tt:0.33,num_interact:304,Intrvl:15,num_users:543,errors:0
rt:2.77,through:16.8,tt:0.35,num_interact:252,Intrvl:15,num_users:494,errors:0
rt:2,through:27.47,tt:0.35,num_interact:412,Intrvl:15,num_users:525,errors:0
rt:2.63,through:26.4,tt:0.36,num_interact:396,Intrvl:15,num_users:535,errors:0
rt:2.91,through:31.8,tt:0.37,num_interact:478,Intrvl:15,num_users:578,errors:0
rt:4.64,through:28.07,tt:0.37,num_interact:421,Intrvl:15,num_users:629,errors:0
rt:4.66,through:22.27,tt:0.33,num_interact:334,Intrvl:15,num_users:574,errors:0
rt:3.58,through:7.8,tt:0.4,num_interact:117,Intrvl:15,num_users:469,errors:0
rt:0.82,through:25.4,tt:0.37,num_interact:381,Intrvl:15,num_users:484,errors:0
rt:0.3,through:9.67,tt:0.38,num_interact:145,Intrvl:15,num_users:437,errors:0
rt:0.12,through:11.13,tt:0.32,num_interact:167,Intrvl:15,num_users:430,errors:0
rt:0.89,through:25.2,tt:0.35,num_interact:378,Intrvl:15,num_users:463,errors:0
rt:1.81,through:25.07,tt:0.38,num_interact:376,Intrvl:15,num_users:487,errors:0
rt:0.92,through:24.4,tt:0.36,num_interact:366,Intrvl:15,num_users:452,errors:0
rt:2.08,through:29.87,tt:0.37,num_interact:448,Intrvl:15,num_users:525,errors:0
rt:3.16,through:26.67,tt:0.3,num_interact:400,Intrvl:15,num_users:533,errors:0
rt:3.54,through:20.2,tt:0.34,num_interact:303,Intrvl:15,num_users:500,errors:0
rt:2.9,through:22.6,tt:0.33,num_interact:339,Intrvl:15,num_users:494,errors:0
rt:3.41,through:32.27,tt:0.39,num_interact:504,Intrvl:15,num_users:573,errors:0
rt:3.34,through:22.6,tt:0.33,num_interact:339,Intrvl:15,num_users:536,errors:0
rt:3.99,through:30.27,tt:0.37,num_interact:454,Intrvl:15,num_users:578,errors:0
rt:5.17,through:25.07,tt:0.36,num_interact:376,Intrvl:15,num_users:575,errors:0
rt:2.21,through:3.13,tt:0.32,num_interact:47,Intrvl:15,num_users:353,errors:0
rt:0.54,through:25.13,tt:0.35,num_interact:377,Intrvl:15,num_users:372,errors:0
rt:0.4,through:25.6,tt:0.37,num_interact:384,Intrvl:15,num_users:367,errors:0
rt:0.49,through:25.73,tt:0.37,num_interact:386,Intrvl:15,num_users:371,errors:0
rt:1.25,through:23.27,tt:0.37,num_interact:349,Intrvl:15,num_users:398,errors:0
rt:1.82,through:26.87,tt:0.35,num_interact:403,Intrvl:15,num_users:405,errors:0
rt:0.2,through:7.67,tt:0.36,num_interact:115,Intrvl:15,num_users:335,errors:0
rt:0.98,through:26.4,tt:0.39,num_interact:396,Intrvl:15,num_users:375,errors:0
rt:1.31,through:24.47,tt:0.36,num_interact:367,Intrvl:15,num_users:371,errors:0
rt:1.19,through:25.27,tt:0.37,num_interact:379,Intrvl:15,num_users:370,errors:0
rt:1.86,through:24.6,tt:0.35,num_interact:369,Intrvl:15,num_users:395,errors:0
rt:1.27,through:25.33,tt:0.33,num_interact:380,Intrvl:15,num_users:370,errors:0
rt:1.33,through:23.4,tt:0.34,num_interact:351,Intrvl:15,num_users:381,errors:0
rt:1.53,through:25.8,tt:0.34,num_interact:387,Intrvl:15,num_users:371,errors:0
rt:0.96,through:26.4,tt:0.32,num_interact:396,Intrvl:15,num_users:363,errors:0
rt:1.39,through:9.87,tt:0.33,num_interact:148,Intrvl:15,num_users:372,errors:5
rt:2.54,through:35.67,tt:0.33,num_interact:535,Intrvl:15,num_users:433,errors:0
rt:1.49,through:39.6,tt:0.35,num_interact:594,Intrvl:15,num_users:400,errors:0
rt:1.97,through:40.8,tt:0.39,num_interact:612,Intrvl:15,num_users:445,errors:0
rt:1.14,through:40.87,tt:0.34,num_interact:613,Intrvl:15,num_users:382,errors:0
rt:0.68,through:40.8,tt:0.35,num_interact:612,Intrvl:15,num_users:374,errors:0
rt:1.56,through:41.07,tt:0.38,num_interact:616,Intrvl:15,num_users:428,errors:0
rt:1.2,through:38.8,tt:0.36,num_interact:582,Intrvl:15,num_users:385,errors:0
rt:0.24,through:33.07,tt:0.35,num_interact:496,Intrvl:15,num_users:349,errors:0
rt:1.54,through:40.47,tt:0.37,num_interact:609,Intrvl:15,num_users:423,errors:0
rt:1.28,through:41.6,tt:0.34,num_interact:624,Intrvl:15,num_users:409,errors:0
rt:1.31,through:39.4,tt:0.32,num_interact:595,Intrvl:15,num_users:393,errors:0
rt:1.27,through:42.13,tt:0.34,num_interact:632,Intrvl:15,num_users:399,errors:0
rt:1.53,through:42.4,tt:0.35,num_interact:636,Intrvl:15,num_users:406,errors:0
rt:0.3,through:7.67,tt:0.37,num_interact:115,Intrvl:15,num_users:329,errors:0
rt:1.73,through:38.93,tt:0.38,num_interact:584,Intrvl:15,num_users:438,errors:0
rt:2.31,through:40.93,tt:0.34,num_interact:614,Intrvl:15,num_users:431,errors:0
rt:1.04,through:40.67,tt:0.35,num_interact:610,Intrvl:15,num_users:374,errors:0
rt:1.32,through:41.4,tt:0.35,num_interact:621,Intrvl:15,num_users:405,errors:0
rt:0.83,through:39,tt:0.34,num_interact:585,Intrvl:15,num_users:365,errors:0
rt:0.84,through:41.27,tt:0.37,num_interact:619,Intrvl:15,num_users:379,errors:0
rt:1.81,through:41.33,tt:0.37,num_interact:620,Intrvl:15,num_users:437,errors:0
rt:2.48,through:42.47,tt:0.33,num_interact:637,Intrvl:15,num_users:454,errors:0
rt:3.23,through:44.13,tt:0.35,num_interact:662,Intrvl:15,num_users:510,errors:0
rt:1.51,through:30.8,tt:0.35,num_interact:462,Intrvl:15,num_users:370,errors:0
rt:1.54,through:39.4,tt:0.38,num_interact:591,Intrvl:15,num_users:421,errors:0
rt:1.17,through:41,tt:0.34,num_interact:615,Intrvl:15,num_users:384,errors:0
rt:2.05,through:40.67,tt:0.37,num_interact:613,Intrvl:15,num_users:442,errors:0
rt:2.24,through:42.2,tt:0.35,num_interact:633,Intrvl:15,num_users:438,errors:0
rt:3.04,through:0.8,tt:0.37,num_interact:12,Intrvl:15,num_users:330,errors:0
rt:0.32,through:35.8,tt:0.37,num_interact:537,Intrvl:15,num_users:346,errors:1
Terminating EBs...
EB TPCW Broswing Mix EB #16747commiting suicide!
EB TPCW Broswing Mix EB #16736commiting suicide!
EB TPCW Broswing Mix EB #1676commiting suicide!
EB TPCW Broswing Mix EB #16338commiting suicide!
EB TPCW Broswing Mix EB #16744commiting suicide!
EB TPCW Broswing Mix EB #16734commiting suicide!
EB TPCW Broswing Mix EB #16743commiting suicide!
EB TPCW Broswing Mix EB #16742commiting suicide!
EB TPCW Broswing Mix EB #16741commiting suicide!
EBs finished.
Really finishing RBE!.
