Remote Browser Emulator for TPC-W.
  ECE 902  Fall '99
  Version 1.5
System's current path is /root/loadtest
rt:0.05,through:3.13,tt:0.27,num_interact:47,Intrvl:15,num_users:1,errors:0
rt:0.16,through:39,tt:0.34,num_interact:585,Intrvl:15,num_users:20,errors:0
rt:1.48,through:41.2,tt:0.35,num_interact:618,Intrvl:15,num_users:80,errors:0
rt:2.29,through:43.4,tt:0.34,num_interact:651,Intrvl:15,num_users:120,errors:0
rt:3.5,through:43.47,tt:0.36,num_interact:653,Intrvl:15,num_users:180,errors:0
rt:4.69,through:43.4,tt:0.35,num_interact:651,Intrvl:15,num_users:240,errors:0
rt:5.75,through:44.67,tt:0.38,num_interact:670,Intrvl:15,num_users:280,errors:0
rt:6.27,through:46.07,tt:0.33,num_interact:691,Intrvl:15,num_users:310,errors:0
rt:7.35,through:43.47,tt:0.36,num_interact:652,Intrvl:15,num_users:340,errors:0
rt:7.79,through:42.73,tt:0.35,num_interact:641,Intrvl:15,num_users:370,errors:0
rt:8.54,through:54,tt:0.37,num_interact:810,Intrvl:15,num_users:399,errors:0
rt:9.16,through:50,tt:0.34,num_interact:750,Intrvl:15,num_users:412,errors:0
rt:8.95,through:44.33,tt:0.34,num_interact:665,Intrvl:15,num_users:419,errors:0
rt:9.01,through:44.67,tt:0.36,num_interact:670,Intrvl:15,num_users:401,errors:0
rt:8.92,through:42.33,tt:0.37,num_interact:635,Intrvl:15,num_users:380,errors:0
rt:8.83,through:43.67,tt:0.34,num_interact:666,Intrvl:15,num_users:430,errors:0
rt:9.32,through:42.67,tt:0.37,num_interact:640,Intrvl:15,num_users:408,errors:0
rt:9.9,through:42.13,tt:0.37,num_interact:632,Intrvl:15,num_users:468,errors:0
rt:10.62,through:32.93,tt:0.32,num_interact:494,Intrvl:15,num_users:392,errors:0
rt:11.73,through:36.53,tt:0.34,num_interact:548,Intrvl:15,num_users:425,errors:0
rt:10.3,through:39.13,tt:0.36,num_interact:587,Intrvl:15,num_users:407,errors:0
rt:9.45,through:41.87,tt:0.36,num_interact:628,Intrvl:15,num_users:400,errors:0
rt:9.03,through:41.27,tt:0.33,num_interact:619,Intrvl:15,num_users:385,errors:0
rt:9.25,through:41.8,tt:0.35,num_interact:627,Intrvl:15,num_users:413,errors:0
rt:9.56,through:42.07,tt:0.35,num_interact:631,Intrvl:15,num_users:433,errors:0
rt:9.89,through:40.53,tt:0.34,num_interact:608,Intrvl:15,num_users:403,errors:0
rt:9.14,through:41.8,tt:0.36,num_interact:627,Intrvl:15,num_users:398,errors:0
rt:9.21,through:41.33,tt:0.35,num_interact:620,Intrvl:15,num_users:392,errors:0
rt:9.25,through:41.53,tt:0.36,num_interact:623,Intrvl:15,num_users:427,errors:0
rt:9.8,through:38.27,tt:0.35,num_interact:574,Intrvl:15,num_users:370,errors:0
rt:8.59,through:41.87,tt:0.35,num_interact:628,Intrvl:15,num_users:376,errors:0
rt:8.66,through:41.27,tt:0.33,num_interact:619,Intrvl:15,num_users:365,errors:0
rt:8.52,through:42.4,tt:0.37,num_interact:636,Intrvl:15,num_users:408,errors:0
rt:9.32,through:41.27,tt:0.38,num_interact:619,Intrvl:15,num_users:387,errors:0
rt:8.95,through:43.33,tt:0.35,num_interact:650,Intrvl:15,num_users:430,errors:0
rt:9.78,through:43.27,tt:0.36,num_interact:649,Intrvl:15,num_users:454,errors:0
rt:9.84,through:37.87,tt:0.35,num_interact:568,Intrvl:15,num_users:378,errors:0
rt:8.91,through:44.27,tt:0.37,num_interact:664,Intrvl:15,num_users:409,errors:0
rt:9.1,through:43.8,tt:0.35,num_interact:657,Intrvl:15,num_users:431,errors:0
rt:9.46,through:41.6,tt:0.33,num_interact:624,Intrvl:15,num_users:401,errors:0
rt:8.9,through:42.27,tt:0.35,num_interact:634,Intrvl:15,num_users:395,errors:0
rt:8.8,through:41.87,tt:0.35,num_interact:631,Intrvl:15,num_users:376,errors:0
rt:8,through:41.07,tt:0.35,num_interact:616,Intrvl:15,num_users:327,errors:0
rt:8.07,through:43.4,tt:0.4,num_interact:651,Intrvl:15,num_users:409,errors:0
rt:9.64,through:34.93,tt:0.33,num_interact:524,Intrvl:15,num_users:377,errors:0
rt:9.98,through:39.93,tt:0.34,num_interact:599,Intrvl:15,num_users:414,errors:0
rt:9.74,through:39.27,tt:0.39,num_interact:589,Intrvl:15,num_users:387,errors:0
rt:9.21,through:43.07,tt:0.32,num_interact:646,Intrvl:15,num_users:407,errors:0
rt:9.26,through:44.6,tt:0.35,num_interact:669,Intrvl:15,num_users:452,errors:0
rt:9.98,through:40.47,tt:0.33,num_interact:607,Intrvl:15,num_users:393,errors:0
rt:8.87,through:43.47,tt:0.37,num_interact:652,Intrvl:15,num_users:414,errors:0
rt:9.37,through:44.87,tt:0.35,num_interact:673,Intrvl:15,num_users:434,errors:0
rt:9.58,through:45.33,tt:0.34,num_interact:680,Intrvl:15,num_users:431,errors:0
rt:8.93,through:39.2,tt:0.36,num_interact:588,Intrvl:15,num_users:353,errors:0
rt:7.71,through:42.47,tt:0.37,num_interact:637,Intrvl:15,num_users:329,errors:4
rt:6.99,through:52.73,tt:0.36,num_interact:793,Intrvl:15,num_users:390,errors:0
rt:6.75,through:49.07,tt:0.34,num_interact:736,Intrvl:15,num_users:393,errors:0
rt:6.99,through:52,tt:0.34,num_interact:780,Intrvl:15,num_users:377,errors:0
rt:7.4,through:49.47,tt:0.35,num_interact:742,Intrvl:15,num_users:396,errors:0
rt:8.36,through:66.07,tt:0.36,num_interact:992,Intrvl:15,num_users:469,errors:0
rt:8.99,through:48.07,tt:0.36,num_interact:721,Intrvl:15,num_users:398,errors:0
rt:7.73,through:92.53,tt:0.35,num_interact:1388,Intrvl:15,num_users:413,errors:0
rt:8.16,through:66.27,tt:0.37,num_interact:994,Intrvl:15,num_users:426,errors:0
rt:7.46,through:47.8,tt:0.37,num_interact:717,Intrvl:15,num_users:429,errors:0
rt:8.4,through:50.8,tt:0.33,num_interact:850,Intrvl:15,num_users:425,errors:0
rt:8.21,through:83.67,tt:0.36,num_interact:1255,Intrvl:15,num_users:451,errors:0
rt:9.23,through:41.8,tt:0.36,num_interact:627,Intrvl:15,num_users:428,errors:0
rt:7.97,through:65.33,tt:0.35,num_interact:1092,Intrvl:15,num_users:436,errors:0
rt:7.74,through:54.2,tt:0.35,num_interact:813,Intrvl:15,num_users:398,errors:0
rt:7,through:53.47,tt:0.33,num_interact:802,Intrvl:15,num_users:368,errors:0
rt:6.24,through:53,tt:0.34,num_interact:795,Intrvl:15,num_users:369,errors:0
rt:8.76,through:58.47,tt:0.4,num_interact:920,Intrvl:15,num_users:615,errors:0
rt:22.67,through:19.07,tt:0.33,num_interact:361,Intrvl:15,num_users:660,errors:0
rt:152.94,through:1.07,tt:0.31,num_interact:16,Intrvl:15,num_users:466,errors:0
rt:155,through:91.33,tt:0.36,num_interact:1370,Intrvl:15,num_users:599,errors:0
rt:22.08,through:26.13,tt:0.38,num_interact:392,Intrvl:15,num_users:605,errors:0
rt:20.7,through:25.13,tt:0.32,num_interact:377,Intrvl:15,num_users:587,errors:0
rt:20.95,through:24.47,tt:0.37,num_interact:367,Intrvl:15,num_users:554,errors:0
rt:19.89,through:26.2,tt:0.34,num_interact:393,Intrvl:15,num_users:640,errors:0
rt:21.81,through:25.53,tt:0.37,num_interact:383,Intrvl:15,num_users:626,errors:0
rt:21.11,through:25.73,tt:0.34,num_interact:386,Intrvl:15,num_users:631,errors:0
rt:22.27,through:25.33,tt:0.34,num_interact:380,Intrvl:15,num_users:606,errors:0
rt:22,through:26.07,tt:0.38,num_interact:391,Intrvl:15,num_users:614,errors:0
rt:21.59,through:25.93,tt:0.37,num_interact:389,Intrvl:15,num_users:672,errors:0
rt:22.06,through:24.53,tt:0.37,num_interact:368,Intrvl:15,num_users:636,errors:0
rt:22.81,through:21.67,tt:0.33,num_interact:325,Intrvl:15,num_users:536,errors:0
rt:21.5,through:25,tt:0.37,num_interact:375,Intrvl:15,num_users:536,errors:0
rt:20.45,through:26.2,tt:0.37,num_interact:393,Intrvl:15,num_users:551,errors:0
rt:19.68,through:26.47,tt:0.37,num_interact:397,Intrvl:15,num_users:555,errors:0
rt:19.66,through:26.2,tt:0.33,num_interact:396,Intrvl:15,num_users:560,errors:3
rt:20.44,through:26.07,tt:0.35,num_interact:391,Intrvl:15,num_users:618,errors:0
rt:21.4,through:26.13,tt:0.38,num_interact:392,Intrvl:15,num_users:632,errors:1
rt:21.57,through:26.47,tt:0.34,num_interact:397,Intrvl:15,num_users:632,errors:0
rt:22.02,through:25.33,tt:0.34,num_interact:380,Intrvl:15,num_users:611,errors:1
rt:21.52,through:23.8,tt:0.36,num_interact:357,Intrvl:15,num_users:561,errors:3
rt:21.31,through:25.33,tt:0.37,num_interact:380,Intrvl:15,num_users:629,errors:1
rt:23.85,through:24.33,tt:0.38,num_interact:365,Intrvl:15,num_users:583,errors:0
rt:22.28,through:25.6,tt:0.37,num_interact:384,Intrvl:15,num_users:586,errors:0
rt:21.37,through:26.53,tt:0.37,num_interact:398,Intrvl:15,num_users:629,errors:0
rt:21.8,through:25.2,tt:0.33,num_interact:378,Intrvl:15,num_users:610,errors:0
rt:21.98,through:26.4,tt:0.36,num_interact:396,Intrvl:15,num_users:633,errors:0
rt:21.55,through:26.4,tt:0.36,num_interact:396,Intrvl:15,num_users:643,errors:0
rt:22.39,through:25.07,tt:0.35,num_interact:376,Intrvl:15,num_users:620,errors:1
rt:22.38,through:24.6,tt:0.37,num_interact:369,Intrvl:15,num_users:583,errors:0
rt:22.57,through:25.47,tt:0.35,num_interact:382,Intrvl:15,num_users:603,errors:1
rt:22.24,through:21.73,tt:0.37,num_interact:326,Intrvl:15,num_users:508,errors:1
rt:21.06,through:24.73,tt:0.37,num_interact:371,Intrvl:15,num_users:570,errors:0
rt:20.56,through:25.4,tt:0.37,num_interact:381,Intrvl:15,num_users:725,errors:0
rt:21.66,through:23.67,tt:0.38,num_interact:355,Intrvl:15,num_users:627,errors:1
rt:23.82,through:25.6,tt:0.36,num_interact:384,Intrvl:15,num_users:668,errors:0
rt:22.44,through:22.6,tt:0.37,num_interact:339,Intrvl:15,num_users:580,errors:0
rt:22.38,through:22.27,tt:0.38,num_interact:334,Intrvl:15,num_users:534,errors:0
rt:21.65,through:26.93,tt:0.36,num_interact:404,Intrvl:15,num_users:594,errors:0
rt:19.91,through:26.27,tt:0.38,num_interact:394,Intrvl:15,num_users:619,errors:0
rt:22.25,through:25.53,tt:0.34,num_interact:383,Intrvl:15,num_users:608,errors:0
rt:21.88,through:25.73,tt:0.34,num_interact:386,Intrvl:15,num_users:616,errors:1
rt:21.81,through:19.67,tt:0.34,num_interact:295,Intrvl:15,num_users:452,errors:0
rt:21.35,through:23.2,tt:0.36,num_interact:348,Intrvl:15,num_users:652,errors:0
rt:20.5,through:25.33,tt:0.38,num_interact:388,Intrvl:15,num_users:655,errors:0
rt:22.99,through:24.93,tt:0.38,num_interact:374,Intrvl:15,num_users:617,errors:2
rt:23.74,through:26,tt:0.36,num_interact:390,Intrvl:15,num_users:645,errors:0
rt:22.74,through:26.53,tt:0.36,num_interact:398,Intrvl:15,num_users:711,errors:0
rt:23.11,through:25.93,tt:0.35,num_interact:389,Intrvl:15,num_users:706,errors:0
rt:23.12,through:23.73,tt:0.34,num_interact:356,Intrvl:15,num_users:637,errors:0
rt:25.15,through:25.33,tt:0.34,num_interact:380,Intrvl:15,num_users:734,errors:0
rt:24.5,through:23.33,tt:0.36,num_interact:350,Intrvl:15,num_users:676,errors:0
rt:24.92,through:26.07,tt:0.34,num_interact:391,Intrvl:15,num_users:670,errors:0
rt:24.7,through:20.67,tt:0.37,num_interact:310,Intrvl:15,num_users:535,errors:16
rt:18.63,through:37.2,tt:0.33,num_interact:591,Intrvl:15,num_users:539,errors:0
rt:10.84,through:45.07,tt:0.33,num_interact:676,Intrvl:15,num_users:458,errors:1
rt:9.99,through:65.2,tt:0.34,num_interact:978,Intrvl:15,num_users:525,errors:1
rt:10.91,through:40.73,tt:0.36,num_interact:611,Intrvl:15,num_users:734,errors:0
rt:15.38,through:39.4,tt:0.39,num_interact:675,Intrvl:15,num_users:679,errors:1
rt:18.69,through:39.93,tt:0.36,num_interact:599,Intrvl:15,num_users:630,errors:0
rt:14.55,through:113.13,tt:0.34,num_interact:1697,Intrvl:15,num_users:745,errors:0
rt:13.49,through:41.73,tt:0.33,num_interact:626,Intrvl:15,num_users:608,errors:0
rt:13.35,through:59.13,tt:0.35,num_interact:887,Intrvl:15,num_users:702,errors:0
rt:23.07,through:27.47,tt:0.35,num_interact:642,Intrvl:15,num_users:710,errors:0
rt:29.13,through:54.87,tt:0.37,num_interact:823,Intrvl:15,num_users:761,errors:0
rt:19.34,through:33.53,tt:0.35,num_interact:846,Intrvl:15,num_users:679,errors:0
rt:12.42,through:18.87,tt:0.35,num_interact:283,Intrvl:15,num_users:664,errors:0
rt:25.01,through:1.07,tt:0.31,num_interact:16,Intrvl:15,num_users:722,errors:0
rt:?,through:0,tt:0.37,num_interact:110,Intrvl:15,num_users:671,errors:0
rt:312.36,through:109.27,tt:0.35,num_interact:1639,Intrvl:15,num_users:703,errors:35
rt:13.65,through:43.13,tt:0.36,num_interact:647,Intrvl:15,num_users:686,errors:0
rt:10.08,through:44.47,tt:0.35,num_interact:667,Intrvl:15,num_users:692,errors:0
rt:9.33,through:44.4,tt:0.34,num_interact:666,Intrvl:15,num_users:682,errors:0
rt:9.45,through:43.47,tt:0.36,num_interact:652,Intrvl:15,num_users:710,errors:0
rt:8.25,through:45.67,tt:0.35,num_interact:685,Intrvl:15,num_users:653,errors:0
rt:9.23,through:43.73,tt:0.35,num_interact:656,Intrvl:15,num_users:679,errors:0
rt:8.01,through:44.2,tt:0.35,num_interact:663,Intrvl:15,num_users:625,errors:0
rt:9.29,through:40,tt:0.36,num_interact:741,Intrvl:15,num_users:702,errors:0
rt:10.09,through:42.6,tt:0.35,num_interact:639,Intrvl:15,num_users:689,errors:0
rt:130.38,through:81.27,tt:0.35,num_interact:1219,Intrvl:15,num_users:784,errors:0
rt:16.15,through:3.6,tt:0.4,num_interact:54,Intrvl:15,num_users:760,errors:0
rt:37.96,through:4.53,tt:0.31,num_interact:68,Intrvl:15,num_users:717,errors:0
rt:32,through:2.93,tt:0.29,num_interact:44,Intrvl:15,num_users:680,errors:0
rt:44.5,through:5.13,tt:0.36,num_interact:77,Intrvl:15,num_users:643,errors:0
rt:17.16,through:60.8,tt:0.35,num_interact:912,Intrvl:15,num_users:716,errors:0
rt:6.2,through:20.2,tt:0.39,num_interact:303,Intrvl:15,num_users:773,errors:0
rt:26.44,through:7.4,tt:0.39,num_interact:111,Intrvl:15,num_users:708,errors:0
rt:55.47,through:94.33,tt:0.35,num_interact:1442,Intrvl:15,num_users:737,errors:0
rt:5.08,through:18.2,tt:0.32,num_interact:293,Intrvl:15,num_users:720,errors:0
rt:21.5,through:25.93,tt:0.35,num_interact:389,Intrvl:15,num_users:789,errors:0
rt:7.27,through:36.73,tt:0.33,num_interact:551,Intrvl:15,num_users:683,errors:0
rt:3.17,through:44.13,tt:0.34,num_interact:662,Intrvl:15,num_users:685,errors:0
rt:3.43,through:45.6,tt:0.38,num_interact:684,Intrvl:15,num_users:708,errors:0
rt:3.86,through:44.07,tt:0.36,num_interact:661,Intrvl:15,num_users:719,errors:0
rt:3.86,through:44.47,tt:0.36,num_interact:667,Intrvl:15,num_users:714,errors:0
rt:4.94,through:25.47,tt:0.35,num_interact:470,Intrvl:15,num_users:758,errors:0
rt:86.28,through:7,tt:0.37,num_interact:105,Intrvl:15,num_users:760,errors:0
rt:151,through:0.8,tt:0.38,num_interact:12,Intrvl:15,num_users:737,errors:0
rt:136.5,through:2.13,tt:0.44,num_interact:32,Intrvl:15,num_users:828,errors:0
rt:119.01,through:11.6,tt:0.35,num_interact:174,Intrvl:15,num_users:730,errors:0
rt:63.23,through:10.8,tt:0.35,num_interact:162,Intrvl:15,num_users:744,errors:0
rt:33.51,through:14.8,tt:0.35,num_interact:222,Intrvl:15,num_users:779,errors:0
rt:8.78,through:18.8,tt:0.33,num_interact:282,Intrvl:15,num_users:684,errors:0
rt:1.44,through:44.67,tt:0.34,num_interact:670,Intrvl:15,num_users:663,errors:0
rt:3.33,through:5.53,tt:0.29,num_interact:83,Intrvl:15,num_users:764,errors:0
rt:19.51,through:2.2,tt:0.52,num_interact:33,Intrvl:15,num_users:695,errors:0
rt:5.06,through:35,tt:0.39,num_interact:525,Intrvl:15,num_users:656,errors:0
rt:1.19,through:45.07,tt:0.34,num_interact:676,Intrvl:15,num_users:640,errors:0
rt:2.31,through:44.8,tt:0.35,num_interact:672,Intrvl:15,num_users:699,errors:0
rt:2.89,through:43.47,tt:0.36,num_interact:670,Intrvl:15,num_users:723,errors:0
rt:29.54,through:48.2,tt:0.34,num_interact:723,Intrvl:15,num_users:744,errors:0
rt:31.9,through:24.4,tt:0.34,num_interact:366,Intrvl:15,num_users:783,errors:0
rt:2.05,through:41.33,tt:0.33,num_interact:620,Intrvl:15,num_users:693,errors:0
rt:0.55,through:45.2,tt:0.35,num_interact:678,Intrvl:15,num_users:652,errors:0
rt:1.57,through:43.47,tt:0.37,num_interact:652,Intrvl:15,num_users:703,errors:0
rt:1.92,through:40.4,tt:0.33,num_interact:606,Intrvl:15,num_users:705,errors:0
rt:0.33,through:44.4,tt:0.34,num_interact:666,Intrvl:15,num_users:603,errors:0
rt:4.55,through:5.33,tt:0.32,num_interact:80,Intrvl:15,num_users:765,errors:0
rt:42.92,through:9.73,tt:0.49,num_interact:146,Intrvl:15,num_users:692,errors:0
rt:3.11,through:39.47,tt:0.34,num_interact:592,Intrvl:15,num_users:647,errors:0
rt:1.32,through:44.93,tt:0.35,num_interact:674,Intrvl:15,num_users:661,errors:0
rt:1.72,through:44.27,tt:0.35,num_interact:664,Intrvl:15,num_users:679,errors:0
rt:1.88,through:45.2,tt:0.34,num_interact:678,Intrvl:15,num_users:685,errors:0
rt:3.19,through:11.33,tt:0.37,num_interact:170,Intrvl:15,num_users:736,errors:0
rt:6.64,through:27.07,tt:0.35,num_interact:406,Intrvl:15,num_users:676,errors:0
rt:3.18,through:33.8,tt:0.35,num_interact:507,Intrvl:15,num_users:711,errors:0
rt:0.67,through:43.73,tt:0.35,num_interact:656,Intrvl:15,num_users:625,errors:0
rt:0.73,through:45.33,tt:0.34,num_interact:680,Intrvl:15,num_users:631,errors:0
rt:1.84,through:44.6,tt:0.33,num_interact:669,Intrvl:15,num_users:686,errors:0
rt:1.19,through:42.33,tt:0.32,num_interact:635,Intrvl:15,num_users:645,errors:0
rt:2.14,through:35.07,tt:0.38,num_interact:526,Intrvl:15,num_users:702,errors:0
rt:3.01,through:34.67,tt:0.33,num_interact:520,Intrvl:15,num_users:678,errors:0
rt:1.6,through:45.13,tt:0.36,num_interact:677,Intrvl:15,num_users:671,errors:0
rt:1.47,through:43.87,tt:0.34,num_interact:658,Intrvl:15,num_users:662,errors:0
rt:2.28,through:44.2,tt:0.36,num_interact:663,Intrvl:15,num_users:708,errors:0
rt:4.53,through:28.2,tt:0.34,num_interact:423,Intrvl:15,num_users:736,errors:0
rt:7.39,through:6.87,tt:0.33,num_interact:103,Intrvl:15,num_users:759,errors:0
rt:19.66,through:3.07,tt:0.35,num_interact:46,Intrvl:15,num_users:714,errors:0
rt:9.45,through:20.53,tt:0.34,num_interact:308,Intrvl:15,num_users:666,errors:0
rt:5.08,through:22.67,tt:0.41,num_interact:340,Intrvl:15,num_users:743,errors:0
rt:17.24,through:14.07,tt:0.37,num_interact:211,Intrvl:15,num_users:803,errors:0
rt:23.61,through:0.6,tt:0.21,num_interact:9,Intrvl:15,num_users:747,errors:0
rt:29.3,through:0.07,tt:1.15,num_interact:1,Intrvl:15,num_users:728,errors:0
rt:61.52,through:0.6,tt:0.24,num_interact:9,Intrvl:15,num_users:724,errors:0
rt:56.46,through:5.4,tt:0.37,num_interact:81,Intrvl:15,num_users:708,errors:0
rt:3.62,through:36.4,tt:0.34,num_interact:546,Intrvl:15,num_users:666,errors:0
rt:4.03,through:14.07,tt:0.44,num_interact:211,Intrvl:15,num_users:729,errors:0
rt:2.96,through:31.07,tt:0.35,num_interact:466,Intrvl:15,num_users:671,errors:0
rt:1.01,through:43.6,tt:0.33,num_interact:654,Intrvl:15,num_users:654,errors:0
rt:0.53,through:43.33,tt:0.38,num_interact:650,Intrvl:15,num_users:632,errors:0
rt:0.63,through:46.33,tt:0.35,num_interact:701,Intrvl:15,num_users:638,errors:0
rt:2.08,through:31.67,tt:0.38,num_interact:477,Intrvl:15,num_users:706,errors:0
rt:22.19,through:35.93,tt:0.35,num_interact:539,Intrvl:15,num_users:739,errors:0
rt:28.32,through:5.27,tt:0.35,num_interact:79,Intrvl:15,num_users:707,errors:0
rt:19.6,through:12.87,tt:0.34,num_interact:317,Intrvl:15,num_users:723,errors:0
rt:28.95,through:2.87,tt:0.25,num_interact:43,Intrvl:15,num_users:722,errors:0
rt:30.33,through:18.6,tt:0.36,num_interact:279,Intrvl:15,num_users:741,errors:0
rt:28.08,through:16.47,tt:0.38,num_interact:247,Intrvl:15,num_users:799,errors:0
rt:17.41,through:9.87,tt:0.41,num_interact:148,Intrvl:15,num_users:773,errors:2
rt:14.5,through:5.33,tt:0.37,num_interact:80,Intrvl:15,num_users:769,errors:0
rt:6.22,through:21.93,tt:0.32,num_interact:345,Intrvl:15,num_users:701,errors:0
rt:1.61,through:31.6,tt:0.35,num_interact:474,Intrvl:15,num_users:695,errors:0
rt:7.18,through:6.8,tt:0.38,num_interact:102,Intrvl:15,num_users:762,errors:0
rt:20.02,through:2.6,tt:0.33,num_interact:39,Intrvl:15,num_users:730,errors:0
rt:1.4,through:55.93,tt:0.35,num_interact:839,Intrvl:15,num_users:665,errors:0
rt:2.5,through:22.2,tt:0.36,num_interact:333,Intrvl:15,num_users:709,errors:0
rt:0.71,through:58.8,tt:0.34,num_interact:882,Intrvl:15,num_users:666,errors:0
rt:3.69,through:12.53,tt:0.42,num_interact:188,Intrvl:15,num_users:733,errors:0
rt:24.68,through:19.87,tt:0.37,num_interact:298,Intrvl:15,num_users:738,errors:0
rt:9.67,through:18.67,tt:0.32,num_interact:280,Intrvl:15,num_users:699,errors:0
rt:1.73,through:32.6,tt:0.38,num_interact:489,Intrvl:15,num_users:701,errors:0
rt:0.31,through:62.27,tt:0.35,num_interact:934,Intrvl:15,num_users:644,errors:0
rt:0.51,through:62.33,tt:0.37,num_interact:935,Intrvl:15,num_users:666,errors:0
rt:4.66,through:10.93,tt:0.41,num_interact:164,Intrvl:15,num_users:719,errors:0
rt:15.53,through:4.4,tt:0.43,num_interact:66,Intrvl:15,num_users:739,errors:0
rt:21.78,through:3.4,tt:0.37,num_interact:51,Intrvl:15,num_users:729,errors:0
rt:32.47,through:3.93,tt:0.41,num_interact:59,Intrvl:15,num_users:760,errors:0
rt:0.94,through:30.93,tt:0.33,num_interact:464,Intrvl:15,num_users:592,errors:0
rt:0.06,through:39.53,tt:0.34,num_interact:593,Intrvl:15,num_users:596,errors:0
rt:5.84,through:17.4,tt:0.42,num_interact:264,Intrvl:15,num_users:734,errors:0
rt:7.71,through:15.8,tt:0.32,num_interact:237,Intrvl:15,num_users:765,errors:0
rt:62.57,through:24.67,tt:0.4,num_interact:370,Intrvl:15,num_users:792,errors:0
rt:21.47,through:6,tt:0.43,num_interact:90,Intrvl:15,num_users:723,errors:0
rt:18.26,through:7.2,tt:0.37,num_interact:108,Intrvl:15,num_users:720,errors:0
rt:15.32,through:10.73,tt:0.37,num_interact:161,Intrvl:15,num_users:744,errors:0
rt:7.34,through:12.27,tt:0.32,num_interact:184,Intrvl:15,num_users:756,errors:0
rt:4.84,through:29.67,tt:0.36,num_interact:445,Intrvl:15,num_users:715,errors:0
rt:2.5,through:30.47,tt:0.36,num_interact:457,Intrvl:15,num_users:690,errors:0
rt:2.21,through:30.87,tt:0.34,num_interact:463,Intrvl:15,num_users:678,errors:0
rt:0.58,through:29.87,tt:0.34,num_interact:448,Intrvl:15,num_users:612,errors:0
rt:2.68,through:30,tt:0.37,num_interact:450,Intrvl:15,num_users:688,errors:0
rt:3.25,through:31,tt:0.35,num_interact:465,Intrvl:15,num_users:701,errors:0
rt:5.35,through:9.33,tt:0.44,num_interact:140,Intrvl:15,num_users:751,errors:0
rt:22.73,through:3.2,tt:0.34,num_interact:48,Intrvl:15,num_users:704,errors:0
rt:22.12,through:0.53,tt:0.37,num_interact:8,Intrvl:15,num_users:780,errors:0
rt:6.89,through:36.67,tt:0.36,num_interact:551,Intrvl:15,num_users:654,errors:0
rt:3.61,through:30.07,tt:0.37,num_interact:451,Intrvl:15,num_users:725,errors:0
rt:4.87,through:15.6,tt:0.36,num_interact:234,Intrvl:15,num_users:738,errors:0
rt:21.65,through:3.8,tt:0.33,num_interact:57,Intrvl:15,num_users:729,errors:0
rt:32.45,through:10.2,tt:0.38,num_interact:153,Intrvl:15,num_users:767,errors:0
rt:51.5,through:2.13,tt:0.37,num_interact:32,Intrvl:15,num_users:724,errors:0
rt:42.54,through:21.27,tt:0.35,num_interact:319,Intrvl:15,num_users:784,errors:0
rt:26.79,through:0.87,tt:0.4,num_interact:13,Intrvl:15,num_users:751,errors:0
rt:34.11,through:38.73,tt:0.36,num_interact:581,Intrvl:15,num_users:779,errors:0
rt:33,through:4.07,tt:0.33,num_interact:61,Intrvl:15,num_users:799,errors:0
rt:16.8,through:2.8,tt:0.45,num_interact:42,Intrvl:15,num_users:780,errors:0
rt:0.93,through:18.73,tt:0.35,num_interact:281,Intrvl:15,num_users:750,errors:0
rt:2.24,through:2.67,tt:0.29,num_interact:40,Intrvl:15,num_users:799,errors:0
rt:0.42,through:19.2,tt:0.35,num_interact:288,Intrvl:15,num_users:716,errors:0
rt:3.38,through:6.2,tt:0.38,num_interact:93,Intrvl:15,num_users:769,errors:0
rt:2.21,through:18.47,tt:0.34,num_interact:277,Intrvl:15,num_users:738,errors:0
rt:0.06,through:10.47,tt:0.33,num_interact:157,Intrvl:15,num_users:656,errors:0
rt:1.5,through:26.33,tt:0.37,num_interact:395,Intrvl:15,num_users:707,errors:0
rt:0.71,through:31.67,tt:0.35,num_interact:475,Intrvl:15,num_users:683,errors:0
rt:0.84,through:1,tt:0.28,num_interact:15,Intrvl:15,num_users:821,errors:0
rt:47.41,through:8.8,tt:0.41,num_interact:132,Intrvl:15,num_users:830,errors:0
rt:?,through:0,tt:?,num_interact:0,Intrvl:15,num_users:731,errors:0
rt:0.29,through:26.93,tt:0.36,num_interact:404,Intrvl:15,num_users:749,errors:0
rt:0.59,through:22.53,tt:0.35,num_interact:354,Intrvl:15,num_users:753,errors:0
rt:0.9,through:21.07,tt:0.37,num_interact:323,Intrvl:15,num_users:758,errors:0
rt:1.46,through:20,tt:0.34,num_interact:300,Intrvl:15,num_users:764,errors:0
rt:7.9,through:27.13,tt:0.35,num_interact:407,Intrvl:15,num_users:798,errors:0
rt:?,through:0,tt:?,num_interact:0,Intrvl:15,num_users:668,errors:0
rt:4.9,through:2.33,tt:0.3,num_interact:35,Intrvl:15,num_users:769,errors:0
rt:27.45,through:25.93,tt:0.36,num_interact:389,Intrvl:15,num_users:819,errors:0
rt:7.06,through:8.67,tt:0.35,num_interact:130,Intrvl:15,num_users:776,errors:0
rt:3.62,through:3.8,tt:0.4,num_interact:57,Intrvl:15,num_users:825,errors:0
rt:2.38,through:11.93,tt:0.36,num_interact:179,Intrvl:15,num_users:795,errors:0
rt:0.08,through:10.4,tt:0.31,num_interact:156,Intrvl:15,num_users:757,errors:0
rt:3.07,through:8,tt:0.38,num_interact:120,Intrvl:15,num_users:788,errors:0
rt:6.89,through:4.6,tt:0.3,num_interact:69,Intrvl:15,num_users:854,errors:0
rt:?,through:0,tt:?,num_interact:0,Intrvl:15,num_users:689,errors:0
rt:7.1,through:0.93,tt:0.38,num_interact:14,Intrvl:15,num_users:775,errors:0
rt:0.44,through:10,tt:0.36,num_interact:150,Intrvl:15,num_users:693,errors:0
rt:?,through:0,tt:?,num_interact:0,Intrvl:15,num_users:669,errors:0
rt:0.72,through:29.73,tt:0.34,num_interact:446,Intrvl:15,num_users:702,errors:0
rt:3.99,through:4.47,tt:0.41,num_interact:67,Intrvl:15,num_users:769,errors:0
rt:7.59,through:10.2,tt:0.36,num_interact:153,Intrvl:15,num_users:724,errors:0
rt:4.42,through:22.13,tt:0.35,num_interact:332,Intrvl:15,num_users:743,errors:0
rt:10.18,through:7.4,tt:0.34,num_interact:111,Intrvl:15,num_users:834,errors:0
rt:20.02,through:2.67,tt:0.41,num_interact:40,Intrvl:15,num_users:768,errors:0
rt:38.74,through:8.4,tt:0.35,num_interact:126,Intrvl:15,num_users:842,errors:0
rt:26.95,through:2.6,tt:0.43,num_interact:39,Intrvl:15,num_users:789,errors:0
rt:8.86,through:5.27,tt:0.28,num_interact:79,Intrvl:15,num_users:846,errors:0
rt:1.11,through:4.47,tt:0.35,num_interact:67,Intrvl:15,num_users:801,errors:0
rt:0.59,through:0.13,tt:0.09,num_interact:2,Intrvl:15,num_users:818,errors:0
rt:?,through:0,tt:?,num_interact:0,Intrvl:15,num_users:811,errors:0
rt:?,through:0,tt:?,num_interact:0,Intrvl:15,num_users:764,errors:0
rt:?,through:0,tt:?,num_interact:0,Intrvl:15,num_users:733,errors:0
rt:1.46,through:13.13,tt:0.35,num_interact:197,Intrvl:15,num_users:759,errors:0
rt:0.31,through:0.07,tt:0.17,num_interact:1,Intrvl:15,num_users:697,errors:0
rt:5.65,through:2.6,tt:0.37,num_interact:39,Intrvl:15,num_users:779,errors:0
rt:14.58,through:5.47,tt:0.41,num_interact:82,Intrvl:15,num_users:756,errors:0
rt:1.65,through:20.6,tt:0.32,num_interact:309,Intrvl:15,num_users:730,errors:0
rt:2.5,through:3.4,tt:0.39,num_interact:51,Intrvl:15,num_users:765,errors:0
rt:8.6,through:6.53,tt:0.36,num_interact:98,Intrvl:15,num_users:746,errors:0
rt:9.84,through:3.73,tt:0.4,num_interact:56,Intrvl:15,num_users:888,errors:0
rt:27.74,through:3.53,tt:0.35,num_interact:53,Intrvl:15,num_users:801,errors:0
rt:15.58,through:4.53,tt:0.4,num_interact:68,Intrvl:15,num_users:772,errors:0
rt:16.5,through:15.33,tt:0.34,num_interact:230,Intrvl:15,num_users:831,errors:0
rt:28.71,through:0.13,tt:0.74,num_interact:2,Intrvl:15,num_users:818,errors:0
rt:?,through:0,tt:?,num_interact:0,Intrvl:15,num_users:836,errors:0
rt:?,through:0,tt:?,num_interact:0,Intrvl:15,num_users:811,errors:0
rt:?,through:0,tt:?,num_interact:0,Intrvl:15,num_users:760,errors:0
rt:0.07,through:6.73,tt:0.36,num_interact:101,Intrvl:15,num_users:763,errors:0
rt:2.25,through:4.6,tt:0.43,num_interact:69,Intrvl:15,num_users:792,errors:0
rt:9.41,through:2.33,tt:0.36,num_interact:35,Intrvl:15,num_users:795,errors:0
rt:8.56,through:3.33,tt:0.41,num_interact:50,Intrvl:15,num_users:844,errors:0
rt:?,through:0,tt:?,num_interact:0,Intrvl:15,num_users:770,errors:0
rt:?,through:0,tt:?,num_interact:0,Intrvl:15,num_users:743,errors:0
rt:?,through:0,tt:?,num_interact:0,Intrvl:15,num_users:855,errors:0
rt:?,through:0,tt:?,num_interact:0,Intrvl:15,num_users:706,errors:0
rt:2.38,through:2.93,tt:0.39,num_interact:44,Intrvl:15,num_users:779,errors:0
rt:21.99,through:4.4,tt:0.39,num_interact:67,Intrvl:15,num_users:848,errors:0
rt:?,through:0,tt:?,num_interact:0,Intrvl:15,num_users:871,errors:0
rt:?,through:0,tt:?,num_interact:0,Intrvl:15,num_users:906,errors:0
rt:?,through:0,tt:?,num_interact:0,Intrvl:15,num_users:847,errors:0
rt:?,through:0,tt:?,num_interact:0,Intrvl:15,num_users:835,errors:0
rt:?,through:0,tt:?,num_interact:0,Intrvl:15,num_users:841,errors:0
rt:?,through:0,tt:?,num_interact:0,Intrvl:15,num_users:875,errors:0
rt:?,through:0,tt:?,num_interact:0,Intrvl:15,num_users:786,errors:0
rt:0.47,through:0.13,tt:0.08,num_interact:2,Intrvl:15,num_users:843,errors:0
rt:?,through:0,tt:?,num_interact:0,Intrvl:15,num_users:765,errors:0
rt:0.51,through:0.2,tt:0.07,num_interact:3,Intrvl:15,num_users:873,errors:0
rt:19.14,through:3,tt:0.53,num_interact:45,Intrvl:15,num_users:817,errors:0
rt:5.61,through:0.47,tt:0.29,num_interact:7,Intrvl:15,num_users:817,errors:0
rt:0.33,through:0.07,tt:0.14,num_interact:1,Intrvl:15,num_users:837,errors:0
rt:?,through:0,tt:?,num_interact:0,Intrvl:15,num_users:766,errors:0
rt:4.04,through:1.53,tt:0.37,num_interact:23,Intrvl:15,num_users:821,errors:0
rt:10.47,through:2.67,tt:0.45,num_interact:40,Intrvl:15,num_users:807,errors:0
rt:8.44,through:0.53,tt:0.31,num_interact:8,Intrvl:15,num_users:812,errors:0
rt:?,through:0,tt:?,num_interact:0,Intrvl:15,num_users:868,errors:0
rt:?,through:0,tt:?,num_interact:0,Intrvl:15,num_users:783,errors:0
rt:?,through:0,tt:?,num_interact:0,Intrvl:15,num_users:673,errors:0
rt:0.37,through:29.93,tt:0.35,num_interact:449,Intrvl:15,num_users:695,errors:0
rt:5.71,through:0.67,tt:0.24,num_interact:10,Intrvl:15,num_users:820,errors:0
rt:2.18,through:26.47,tt:0.34,num_interact:397,Intrvl:15,num_users:711,errors:0
rt:5.31,through:3.4,tt:0.41,num_interact:51,Intrvl:15,num_users:754,errors:0
rt:13.25,through:3.33,tt:0.39,num_interact:50,Intrvl:15,num_users:755,errors:0
rt:12.74,through:7.4,tt:0.36,num_interact:142,Intrvl:15,num_users:741,errors:0
rt:5.42,through:8.4,tt:0.38,num_interact:126,Intrvl:15,num_users:789,errors:0
rt:12.89,through:6.73,tt:0.37,num_interact:101,Intrvl:15,num_users:736,errors:0
rt:5.14,through:9.93,tt:0.37,num_interact:155,Intrvl:15,num_users:740,errors:0
rt:11.82,through:29.4,tt:0.34,num_interact:441,Intrvl:15,num_users:809,errors:0
rt:3.64,through:17.6,tt:0.35,num_interact:265,Intrvl:15,num_users:728,errors:0
rt:0.1,through:19.47,tt:0.34,num_interact:292,Intrvl:15,num_users:683,errors:0
rt:3.41,through:2.47,tt:0.48,num_interact:37,Intrvl:15,num_users:764,errors:0
rt:10.04,through:8.93,tt:0.41,num_interact:134,Intrvl:15,num_users:741,errors:0
rt:0.7,through:30.87,tt:0.34,num_interact:463,Intrvl:15,num_users:706,errors:0
rt:1.19,through:0.8,tt:0.47,num_interact:12,Intrvl:15,num_users:811,errors:0
rt:9.55,through:19.13,tt:0.36,num_interact:287,Intrvl:15,num_users:737,errors:0
rt:0.15,through:1.33,tt:0.73,num_interact:20,Intrvl:15,num_users:676,errors:0
rt:2.9,through:14.4,tt:0.38,num_interact:216,Intrvl:15,num_users:734,errors:0
rt:0.53,through:31.13,tt:0.34,num_interact:467,Intrvl:15,num_users:698,errors:0
rt:3.25,through:9.4,tt:0.38,num_interact:161,Intrvl:15,num_users:755,errors:0
rt:13.22,through:8.33,tt:0.33,num_interact:125,Intrvl:15,num_users:741,errors:0
rt:1.08,through:28,tt:0.35,num_interact:420,Intrvl:15,num_users:715,errors:0
rt:3.16,through:0.93,tt:0.26,num_interact:14,Intrvl:15,num_users:807,errors:0
rt:30.09,through:8.47,tt:0.4,num_interact:127,Intrvl:15,num_users:815,errors:0
rt:0.44,through:19.13,tt:0.36,num_interact:287,Intrvl:15,num_users:767,errors:0
rt:2.83,through:5.4,tt:0.43,num_interact:81,Intrvl:15,num_users:794,errors:0
rt:1.76,through:14.27,tt:0.34,num_interact:214,Intrvl:15,num_users:774,errors:0
rt:?,through:0,tt:?,num_interact:0,Intrvl:15,num_users:685,errors:0
rt:0.9,through:25.93,tt:0.39,num_interact:405,Intrvl:15,num_users:721,errors:0
rt:7.63,through:3.33,tt:0.37,num_interact:62,Intrvl:15,num_users:810,errors:0
rt:39.61,through:1.47,tt:0.36,num_interact:22,Intrvl:15,num_users:820,errors:0
rt:?,through:0,tt:?,num_interact:0,Intrvl:15,num_users:707,errors:0
rt:3.21,through:10,tt:0.39,num_interact:150,Intrvl:15,num_users:754,errors:0
rt:6.64,through:7,tt:0.34,num_interact:105,Intrvl:15,num_users:757,errors:0
rt:0.32,through:2.07,tt:0.43,num_interact:31,Intrvl:15,num_users:708,errors:0
rt:1.14,through:18.87,tt:0.36,num_interact:283,Intrvl:15,num_users:738,errors:0
rt:3.63,through:11.13,tt:0.37,num_interact:167,Intrvl:15,num_users:755,errors:0
rt:0.48,through:27,tt:0.35,num_interact:405,Intrvl:15,num_users:727,errors:0
rt:0.32,through:0.07,tt:0.1,num_interact:1,Intrvl:15,num_users:707,errors:0
rt:?,through:0,tt:?,num_interact:0,Intrvl:15,num_users:696,errors:0
rt:5.33,through:3.33,tt:0.37,num_interact:50,Intrvl:15,num_users:767,errors:0
rt:0.42,through:23.4,tt:0.34,num_interact:351,Intrvl:15,num_users:706,errors:0
rt:?,through:0,tt:?,num_interact:0,Intrvl:15,num_users:696,errors:0
rt:0.04,through:4.6,tt:0.37,num_interact:69,Intrvl:15,num_users:698,errors:0
rt:?,through:0,tt:?,num_interact:0,Intrvl:15,num_users:681,errors:0
rt:3.67,through:11.53,tt:0.4,num_interact:173,Intrvl:15,num_users:744,errors:0
rt:0.99,through:27.73,tt:0.34,num_interact:416,Intrvl:15,num_users:711,errors:0
rt:4.78,through:9.13,tt:0.41,num_interact:137,Intrvl:15,num_users:754,errors:0
rt:0.52,through:19.2,tt:0.33,num_interact:288,Intrvl:15,num_users:688,errors:0
rt:0.5,through:29.33,tt:0.37,num_interact:440,Intrvl:15,num_users:708,errors:0
rt:0.77,through:30.27,tt:0.34,num_interact:454,Intrvl:15,num_users:715,errors:0
rt:1,through:28.93,tt:0.35,num_interact:434,Intrvl:15,num_users:718,errors:0
rt:1.53,through:21.27,tt:0.37,num_interact:319,Intrvl:15,num_users:724,errors:0
rt:2.39,through:0.07,tt:0.96,num_interact:1,Intrvl:15,num_users:663,errors:0
rt:0.05,through:15.4,tt:0.33,num_interact:231,Intrvl:15,num_users:669,errors:0
rt:0.05,through:14.67,tt:0.36,num_interact:220,Intrvl:15,num_users:669,errors:0
rt:1.12,through:28.2,tt:0.37,num_interact:423,Intrvl:15,num_users:707,errors:0
rt:1.55,through:24.8,tt:0.38,num_interact:406,Intrvl:15,num_users:713,errors:0
rt:4.13,through:21.13,tt:0.37,num_interact:317,Intrvl:15,num_users:750,errors:0
rt:1.14,through:28.8,tt:0.34,num_interact:432,Intrvl:15,num_users:691,errors:0
rt:3.42,through:5.47,tt:0.46,num_interact:82,Intrvl:15,num_users:760,errors:0
rt:9.45,through:11.2,tt:0.39,num_interact:169,Intrvl:15,num_users:737,errors:0
rt:4.49,through:12.8,tt:0.37,num_interact:192,Intrvl:15,num_users:732,errors:0
rt:1.56,through:25.67,tt:0.32,num_interact:395,Intrvl:15,num_users:705,errors:0
rt:1.46,through:0.07,tt:0.72,num_interact:1,Intrvl:15,num_users:591,errors:0
rt:2.17,through:29.13,tt:0.36,num_interact:437,Intrvl:15,num_users:673,errors:0
rt:0.97,through:31.2,tt:0.35,num_interact:468,Intrvl:15,num_users:629,errors:0
rt:1.72,through:30.27,tt:0.35,num_interact:454,Intrvl:15,num_users:658,errors:0
rt:5.72,through:19.07,tt:0.39,num_interact:286,Intrvl:15,num_users:765,errors:0
rt:4.05,through:29.33,tt:0.34,num_interact:441,Intrvl:15,num_users:692,errors:0
rt:1.36,through:28.93,tt:0.32,num_interact:434,Intrvl:15,num_users:636,errors:0
rt:2.41,through:30.73,tt:0.35,num_interact:461,Intrvl:15,num_users:684,errors:0
rt:1.47,through:28.93,tt:0.31,num_interact:434,Intrvl:15,num_users:641,errors:0
rt:2.56,through:31.53,tt:0.35,num_interact:473,Intrvl:15,num_users:689,errors:0
rt:4.87,through:9,tt:0.38,num_interact:135,Intrvl:15,num_users:758,errors:0
rt:53.31,through:25.2,tt:0.34,num_interact:378,Intrvl:15,num_users:798,errors:0
rt:6.79,through:15.67,tt:0.37,num_interact:235,Intrvl:15,num_users:755,errors:0
rt:2.46,through:14.6,tt:0.35,num_interact:219,Intrvl:15,num_users:760,errors:0
rt:0.67,through:30.8,tt:0.35,num_interact:462,Intrvl:15,num_users:703,errors:0
rt:2.18,through:20,tt:0.36,num_interact:300,Intrvl:15,num_users:732,errors:0
rt:3.32,through:5.33,tt:0.37,num_interact:80,Intrvl:15,num_users:789,errors:0
rt:11.97,through:6.33,tt:0.39,num_interact:95,Intrvl:15,num_users:726,errors:0
rt:0.66,through:31.4,tt:0.38,num_interact:471,Intrvl:15,num_users:690,errors:0
rt:0.29,through:31.53,tt:0.34,num_interact:473,Intrvl:15,num_users:665,errors:0
rt:0.38,through:31.93,tt:0.37,num_interact:479,Intrvl:15,num_users:669,errors:0
rt:1.66,through:27.53,tt:0.38,num_interact:413,Intrvl:15,num_users:706,errors:0
rt:4.2,through:13.07,tt:0.42,num_interact:196,Intrvl:15,num_users:731,errors:2
rt:0.32,through:29.93,tt:0.34,num_interact:449,Intrvl:15,num_users:651,errors:28
rt:0.06,through:40.07,tt:0.34,num_interact:601,Intrvl:15,num_users:651,errors:0
rt:0.05,through:37.53,tt:0.34,num_interact:563,Intrvl:15,num_users:650,errors:0
rt:3.28,through:7.47,tt:0.38,num_interact:112,Intrvl:15,num_users:757,errors:0
rt:12.6,through:15.6,tt:0.42,num_interact:234,Intrvl:15,num_users:712,errors:0
rt:1.14,through:48.4,tt:0.36,num_interact:726,Intrvl:15,num_users:692,errors:0
rt:2.48,through:25.8,tt:0.4,num_interact:387,Intrvl:15,num_users:752,errors:0
rt:11.43,through:10.53,tt:0.34,num_interact:158,Intrvl:15,num_users:721,errors:0
rt:3.82,through:17.53,tt:0.35,num_interact:263,Intrvl:15,num_users:733,errors:0
rt:1.29,through:29.07,tt:0.32,num_interact:436,Intrvl:15,num_users:624,errors:0
rt:5.23,through:5.2,tt:0.46,num_interact:78,Intrvl:15,num_users:764,errors:0
rt:17.88,through:6,tt:0.44,num_interact:90,Intrvl:15,num_users:715,errors:0
rt:15.12,through:9.53,tt:0.34,num_interact:143,Intrvl:15,num_users:750,errors:0
rt:3.43,through:44.2,tt:0.33,num_interact:680,Intrvl:15,num_users:698,errors:0
rt:0.38,through:63.8,tt:0.34,num_interact:957,Intrvl:15,num_users:660,errors:0
rt:3.63,through:7.67,tt:0.45,num_interact:115,Intrvl:15,num_users:774,errors:0
rt:41.94,through:20.73,tt:0.37,num_interact:311,Intrvl:15,num_users:806,errors:0
rt:17.92,through:1,tt:0.34,num_interact:15,Intrvl:15,num_users:775,errors:0
rt:9.25,through:13.93,tt:0.35,num_interact:209,Intrvl:15,num_users:726,errors:0
rt:9.15,through:37.93,tt:0.38,num_interact:595,Intrvl:15,num_users:763,errors:0
rt:0.96,through:59.33,tt:0.34,num_interact:891,Intrvl:15,num_users:689,errors:0
rt:3.2,through:7.07,tt:0.39,num_interact:106,Intrvl:15,num_users:777,errors:0
rt:4.8,through:17,tt:0.34,num_interact:257,Intrvl:15,num_users:709,errors:0
rt:1.37,through:34.8,tt:0.36,num_interact:522,Intrvl:15,num_users:712,errors:0
rt:0.34,through:58.33,tt:0.34,num_interact:875,Intrvl:15,num_users:695,errors:0
rt:1.75,through:28.53,tt:0.37,num_interact:428,Intrvl:15,num_users:721,errors:0
rt:2.81,through:19.13,tt:0.35,num_interact:287,Intrvl:15,num_users:720,errors:0
rt:0.89,through:38.2,tt:0.36,num_interact:573,Intrvl:15,num_users:701,errors:0
rt:0.33,through:43,tt:0.37,num_interact:645,Intrvl:15,num_users:682,errors:0
rt:0.06,through:16.47,tt:0.3,num_interact:247,Intrvl:15,num_users:629,errors:0
rt:0.82,through:42.27,tt:0.36,num_interact:634,Intrvl:15,num_users:674,errors:0
rt:0.6,through:44.87,tt:0.35,num_interact:673,Intrvl:15,num_users:666,errors:0
rt:0.99,through:42.93,tt:0.36,num_interact:644,Intrvl:15,num_users:683,errors:0
rt:1.19,through:45,tt:0.35,num_interact:678,Intrvl:15,num_users:693,errors:0
rt:0.17,through:41.47,tt:0.33,num_interact:622,Intrvl:15,num_users:643,errors:0
rt:0.05,through:1.87,tt:0.48,num_interact:28,Intrvl:15,num_users:597,errors:0
rt:0.84,through:44.6,tt:0.35,num_interact:669,Intrvl:15,num_users:651,errors:0
rt:4.86,through:8.73,tt:0.4,num_interact:131,Intrvl:15,num_users:736,errors:0
rt:17.57,through:2.47,tt:0.43,num_interact:37,Intrvl:15,num_users:765,errors:0
rt:66.21,through:17.33,tt:0.4,num_interact:260,Intrvl:15,num_users:771,errors:0
rt:31.73,through:4.33,tt:0.36,num_interact:92,Intrvl:15,num_users:731,errors:0
rt:1.04,through:43.33,tt:0.33,num_interact:650,Intrvl:15,num_users:676,errors:0
rt:0.19,through:42.67,tt:0.35,num_interact:640,Intrvl:15,num_users:644,errors:0
rt:0.08,through:32.6,tt:0.38,num_interact:489,Intrvl:15,num_users:624,errors:0
rt:0.45,through:43.47,tt:0.34,num_interact:652,Intrvl:15,num_users:644,errors:0
rt:0.17,through:45.53,tt:0.34,num_interact:683,Intrvl:15,num_users:632,errors:0
rt:0.44,through:42.27,tt:0.36,num_interact:634,Intrvl:15,num_users:644,errors:0
rt:1.02,through:45.07,tt:0.36,num_interact:676,Intrvl:15,num_users:673,errors:0
rt:0.43,through:45.6,tt:0.34,num_interact:684,Intrvl:15,num_users:643,errors:0
rt:2.49,through:2.2,tt:0.34,num_interact:33,Intrvl:15,num_users:761,errors:0
rt:1.5,through:46.6,tt:0.35,num_interact:699,Intrvl:15,num_users:643,errors:0
rt:0.07,through:18.67,tt:0.31,num_interact:280,Intrvl:15,num_users:610,errors:0
rt:1.71,through:41.87,tt:0.35,num_interact:628,Intrvl:15,num_users:698,errors:0
rt:1.24,through:44.13,tt:0.36,num_interact:662,Intrvl:15,num_users:671,errors:0
rt:2.18,through:37.8,tt:0.36,num_interact:577,Intrvl:15,num_users:705,errors:0
rt:0.26,through:44.47,tt:0.35,num_interact:667,Intrvl:15,num_users:629,errors:0
rt:1.39,through:44.33,tt:0.37,num_interact:665,Intrvl:15,num_users:685,errors:0
rt:3.9,through:3.93,tt:0.32,num_interact:59,Intrvl:15,num_users:779,errors:0
rt:2.15,through:36.8,tt:0.35,num_interact:552,Intrvl:15,num_users:653,errors:0
rt:1.44,through:44.2,tt:0.34,num_interact:663,Intrvl:15,num_users:686,errors:0
rt:4.14,through:7.4,tt:0.4,num_interact:111,Intrvl:15,num_users:748,errors:0
rt:6.91,through:21.07,tt:0.33,num_interact:316,Intrvl:15,num_users:691,errors:0
rt:1.99,through:39.6,tt:0.34,num_interact:594,Intrvl:15,num_users:697,errors:0
rt:3.54,through:10,tt:0.37,num_interact:150,Intrvl:15,num_users:755,errors:0
rt:13.39,through:3.53,tt:0.34,num_interact:53,Intrvl:15,num_users:717,errors:0
rt:4.39,through:28.2,tt:0.38,num_interact:425,Intrvl:15,num_users:660,errors:0
rt:2.64,through:4.4,tt:0.32,num_interact:66,Intrvl:15,num_users:770,errors:0
rt:12.07,through:4.47,tt:0.4,num_interact:67,Intrvl:15,num_users:697,errors:0
rt:24.35,through:24,tt:0.41,num_interact:360,Intrvl:15,num_users:746,errors:0
rt:0.53,through:21.73,tt:0.34,num_interact:326,Intrvl:15,num_users:616,errors:0
rt:1.1,through:43.93,tt:0.36,num_interact:659,Intrvl:15,num_users:675,errors:0
rt:5.4,through:18.87,tt:0.4,num_interact:283,Intrvl:15,num_users:739,errors:0
rt:9.63,through:13.27,tt:0.38,num_interact:199,Intrvl:15,num_users:768,errors:0
rt:2.26,through:42.4,tt:0.32,num_interact:636,Intrvl:15,num_users:680,errors:0
rt:3.55,through:19.53,tt:0.41,num_interact:293,Intrvl:15,num_users:745,errors:0
rt:7.35,through:17.27,tt:0.33,num_interact:259,Intrvl:15,num_users:721,errors:0
rt:44.56,through:29.07,tt:0.36,num_interact:436,Intrvl:15,num_users:807,errors:0
rt:11.26,through:32.2,tt:0.34,num_interact:483,Intrvl:15,num_users:730,errors:1
rt:13.81,through:43,tt:0.34,num_interact:645,Intrvl:15,num_users:769,errors:0
rt:41.04,through:10.4,tt:0.39,num_interact:156,Intrvl:15,num_users:777,errors:0
rt:1.06,through:62.87,tt:0.34,num_interact:943,Intrvl:15,num_users:695,errors:0
rt:1.2,through:30.13,tt:0.37,num_interact:452,Intrvl:15,num_users:715,errors:0
rt:8.36,through:8.4,tt:0.37,num_interact:174,Intrvl:15,num_users:789,errors:0
rt:58.93,through:4.4,tt:0.46,num_interact:66,Intrvl:15,num_users:801,errors:0
rt:4.19,through:1.07,tt:0.52,num_interact:16,Intrvl:15,num_users:812,errors:0
rt:?,through:0,tt:?,num_interact:0,Intrvl:15,num_users:820,errors:0
rt:?,through:0,tt:?,num_interact:0,Intrvl:15,num_users:822,errors:0
rt:?,through:0,tt:?,num_interact:0,Intrvl:15,num_users:752,errors:0
rt:3.71,through:6.07,tt:0.33,num_interact:102,Intrvl:15,num_users:782,errors:0
rt:?,through:0,tt:?,num_interact:0,Intrvl:15,num_users:731,errors:0
rt:?,through:0,tt:?,num_interact:0,Intrvl:15,num_users:668,errors:0
rt:0.06,through:41.33,tt:0.37,num_interact:620,Intrvl:15,num_users:686,errors:0
rt:0.05,through:11.87,tt:0.38,num_interact:178,Intrvl:15,num_users:673,errors:0
rt:?,through:0,tt:?,num_interact:0,Intrvl:15,num_users:601,errors:0
rt:1.05,through:50.93,tt:0.36,num_interact:764,Intrvl:15,num_users:679,errors:0
rt:1.85,through:54.4,tt:0.36,num_interact:816,Intrvl:15,num_users:698,errors:0
rt:2.89,through:31.93,tt:0.36,num_interact:479,Intrvl:15,num_users:702,errors:0
rt:1.35,through:44.13,tt:0.37,num_interact:662,Intrvl:15,num_users:676,errors:0
rt:3.53,through:16,tt:0.35,num_interact:240,Intrvl:15,num_users:708,errors:0
rt:9.18,through:9.73,tt:0.34,num_interact:146,Intrvl:15,num_users:697,errors:0
rt:2.4,through:41.47,tt:0.31,num_interact:622,Intrvl:15,num_users:679,errors:0
rt:2.09,through:39.47,tt:0.34,num_interact:592,Intrvl:15,num_users:697,errors:0
rt:1.21,through:43.73,tt:0.35,num_interact:656,Intrvl:15,num_users:669,errors:0
rt:4.62,through:8.87,tt:0.42,num_interact:133,Intrvl:15,num_users:735,errors:0
rt:17.43,through:5.13,tt:0.49,num_interact:77,Intrvl:15,num_users:725,errors:0
rt:21.22,through:9.4,tt:0.39,num_interact:141,Intrvl:15,num_users:731,errors:0
rt:2.91,through:36.33,tt:0.34,num_interact:584,Intrvl:15,num_users:696,errors:0
rt:0.5,through:47.47,tt:0.34,num_interact:712,Intrvl:15,num_users:637,errors:0
rt:2.72,through:21.27,tt:0.39,num_interact:319,Intrvl:15,num_users:702,errors:0
rt:1.09,through:44.2,tt:0.34,num_interact:663,Intrvl:15,num_users:648,errors:0
rt:0.74,through:45.2,tt:0.36,num_interact:678,Intrvl:15,num_users:651,errors:0
rt:0.47,through:46.2,tt:0.34,num_interact:693,Intrvl:15,num_users:638,errors:0
rt:4.33,through:7.8,tt:0.35,num_interact:117,Intrvl:15,num_users:757,errors:0
rt:0.36,through:15.93,tt:0.32,num_interact:239,Intrvl:15,num_users:607,errors:0
rt:0.04,through:7.27,tt:0.36,num_interact:109,Intrvl:15,num_users:604,errors:0
rt:0.71,through:43.87,tt:0.36,num_interact:658,Intrvl:15,num_users:650,errors:0
rt:0.81,through:45.4,tt:0.36,num_interact:681,Intrvl:15,num_users:654,errors:0
rt:0.96,through:45.8,tt:0.34,num_interact:687,Intrvl:15,num_users:661,errors:0
rt:2.72,through:30.8,tt:0.36,num_interact:462,Intrvl:15,num_users:704,errors:0
rt:?,through:0,tt:?,num_interact:0,Intrvl:15,num_users:575,errors:0
rt:0.46,through:46.33,tt:0.32,num_interact:696,Intrvl:15,num_users:612,errors:0
rt:0.45,through:45.67,tt:0.38,num_interact:685,Intrvl:15,num_users:613,errors:0
rt:0.81,through:45.47,tt:0.34,num_interact:682,Intrvl:15,num_users:628,errors:0
rt:0.73,through:47.2,tt:0.34,num_interact:708,Intrvl:15,num_users:624,errors:0
rt:0.33,through:44.93,tt:0.35,num_interact:674,Intrvl:15,num_users:606,errors:0
rt:0.28,through:45.8,tt:0.36,num_interact:687,Intrvl:15,num_users:604,errors:0
rt:0.21,through:45.4,tt:0.36,num_interact:681,Intrvl:15,num_users:601,errors:0
rt:0.19,through:45.27,tt:0.35,num_interact:679,Intrvl:15,num_users:599,errors:0
rt:1.2,through:45.13,tt:0.36,num_interact:677,Intrvl:15,num_users:649,errors:0
rt:4.12,through:18.4,tt:0.42,num_interact:276,Intrvl:15,num_users:741,errors:0
rt:1.44,through:43.33,tt:0.34,num_interact:650,Intrvl:15,num_users:626,errors:0
rt:?,through:0,tt:?,num_interact:0,Intrvl:15,num_users:562,errors:0
rt:0.11,through:43.47,tt:0.34,num_interact:652,Intrvl:15,num_users:582,errors:0
rt:1.21,through:45.07,tt:0.37,num_interact:676,Intrvl:15,num_users:637,errors:0
rt:1.29,through:45.13,tt:0.34,num_interact:677,Intrvl:15,num_users:636,errors:0
rt:2.3,through:43.53,tt:0.38,num_interact:653,Intrvl:15,num_users:690,errors:0
rt:1.03,through:42.93,tt:0.35,num_interact:644,Intrvl:15,num_users:616,errors:0
rt:1.16,through:45.87,tt:0.37,num_interact:688,Intrvl:15,num_users:634,errors:0
rt:2.06,through:46.4,tt:0.33,num_interact:701,Intrvl:15,num_users:680,errors:0
rt:2.03,through:46.27,tt:0.34,num_interact:694,Intrvl:15,num_users:672,errors:0
rt:2.1,through:46.73,tt:0.38,num_interact:701,Intrvl:15,num_users:676,errors:0
rt:1.07,through:43.47,tt:0.36,num_interact:652,Intrvl:15,num_users:622,errors:0
rt:0.82,through:45,tt:0.35,num_interact:675,Intrvl:15,num_users:615,errors:0
rt:0.05,through:13.07,tt:0.34,num_interact:196,Intrvl:15,num_users:567,errors:0
rt:0.12,through:43,tt:0.38,num_interact:645,Intrvl:15,num_users:584,errors:0
rt:0.41,through:44.73,tt:0.36,num_interact:671,Intrvl:15,num_users:597,errors:0
rt:0.27,through:0.07,tt:1.26,num_interact:1,Intrvl:15,num_users:560,errors:0
rt:0.13,through:41.07,tt:0.37,num_interact:616,Intrvl:15,num_users:581,errors:0
rt:0.53,through:44,tt:0.37,num_interact:660,Intrvl:15,num_users:601,errors:0
rt:0.15,through:43.2,tt:0.35,num_interact:648,Intrvl:15,num_users:581,errors:0
rt:1.29,through:44.87,tt:0.36,num_interact:673,Intrvl:15,num_users:638,errors:0
rt:2.73,through:39.2,tt:0.35,num_interact:588,Intrvl:15,num_users:710,errors:0
rt:9,through:21.93,tt:0.32,num_interact:329,Intrvl:15,num_users:725,errors:0
rt:23.54,through:0.93,tt:0.38,num_interact:14,Intrvl:15,num_users:702,errors:0
rt:35.11,through:11.8,tt:0.36,num_interact:177,Intrvl:15,num_users:735,errors:0
rt:14.69,through:32,tt:0.32,num_interact:480,Intrvl:15,num_users:668,errors:0
rt:0.09,through:55.2,tt:0.36,num_interact:828,Intrvl:15,num_users:591,errors:0
rt:0.43,through:75.67,tt:0.36,num_interact:1135,Intrvl:15,num_users:630,errors:0
rt:0.08,through:69.93,tt:0.36,num_interact:1049,Intrvl:15,num_users:598,errors:0
rt:0.37,through:74.93,tt:0.34,num_interact:1124,Intrvl:15,num_users:622,errors:0
rt:1.86,through:47.53,tt:0.37,num_interact:713,Intrvl:15,num_users:677,errors:0
rt:3.79,through:28.47,tt:0.34,num_interact:430,Intrvl:15,num_users:687,errors:0
rt:0.59,through:75.4,tt:0.34,num_interact:1131,Intrvl:15,num_users:624,errors:0
rt:0.39,through:76.93,tt:0.35,num_interact:1172,Intrvl:15,num_users:625,errors:0
rt:0.35,through:78.27,tt:0.36,num_interact:1181,Intrvl:15,num_users:623,errors:0
rt:0.41,through:76.87,tt:0.34,num_interact:1153,Intrvl:15,num_users:626,errors:0
rt:0.53,through:73,tt:0.35,num_interact:1099,Intrvl:15,num_users:633,errors:0
rt:0.11,through:77.47,tt:0.37,num_interact:1162,Intrvl:15,num_users:605,errors:0
rt:3.4,through:18.07,tt:0.41,num_interact:271,Intrvl:15,num_users:693,errors:0
rt:1.4,through:60.47,tt:0.34,num_interact:907,Intrvl:15,num_users:644,errors:0
rt:0.49,through:74.53,tt:0.34,num_interact:1118,Intrvl:15,num_users:628,errors:0
rt:0.61,through:72.6,tt:0.37,num_interact:1089,Intrvl:15,num_users:638,errors:0
rt:0.84,through:66.87,tt:0.34,num_interact:1016,Intrvl:15,num_users:648,errors:0
rt:0.06,through:54.2,tt:0.35,num_interact:813,Intrvl:15,num_users:589,errors:0
rt:1.08,through:61.47,tt:0.35,num_interact:922,Intrvl:15,num_users:662,errors:0
rt:0.06,through:9.73,tt:0.37,num_interact:146,Intrvl:15,num_users:566,errors:0
rt:0.05,through:50,tt:0.34,num_interact:750,Intrvl:15,num_users:582,errors:0
rt:0.51,through:75.33,tt:0.34,num_interact:1130,Intrvl:15,num_users:628,errors:0
rt:0.6,through:72.87,tt:0.36,num_interact:1093,Intrvl:15,num_users:632,errors:0
rt:0.06,through:26.27,tt:0.33,num_interact:394,Intrvl:15,num_users:572,errors:0
rt:0.39,through:75.67,tt:0.38,num_interact:1141,Intrvl:15,num_users:622,errors:0
rt:0.37,through:77.6,tt:0.36,num_interact:1164,Intrvl:15,num_users:619,errors:0
rt:1,through:68.73,tt:0.34,num_interact:1031,Intrvl:15,num_users:653,errors:0
rt:0.73,through:71.13,tt:0.36,num_interact:1067,Intrvl:15,num_users:638,errors:0
rt:0.41,through:76.47,tt:0.33,num_interact:1147,Intrvl:15,num_users:618,errors:0
rt:1.12,through:59.33,tt:0.37,num_interact:890,Intrvl:15,num_users:655,errors:0
rt:0.14,through:78.8,tt:0.33,num_interact:1182,Intrvl:15,num_users:598,errors:0
rt:0.1,through:72,tt:0.34,num_interact:1080,Intrvl:15,num_users:594,errors:0
rt:1.49,through:47.73,tt:0.37,num_interact:716,Intrvl:15,num_users:658,errors:0
rt:0.17,through:40,tt:0.36,num_interact:600,Intrvl:15,num_users:582,errors:0
rt:2.32,through:43.53,tt:0.39,num_interact:653,Intrvl:15,num_users:693,errors:0
rt:4.3,through:26,tt:0.37,num_interact:390,Intrvl:15,num_users:716,errors:0
rt:0.6,through:45.33,tt:0.35,num_interact:680,Intrvl:15,num_users:596,errors:0
rt:1.56,through:44.2,tt:0.37,num_interact:663,Intrvl:15,num_users:653,errors:0
rt:1.82,through:45.93,tt:0.35,num_interact:689,Intrvl:15,num_users:664,errors:0
rt:0.25,through:42.4,tt:0.34,num_interact:636,Intrvl:15,num_users:586,errors:0
rt:0.78,through:45.33,tt:0.35,num_interact:680,Intrvl:15,num_users:614,errors:0
rt:1.14,through:44.73,tt:0.35,num_interact:671,Intrvl:15,num_users:631,errors:0
rt:0.69,through:45.07,tt:0.33,num_interact:676,Intrvl:15,num_users:608,errors:0
rt:0.34,through:45.93,tt:0.36,num_interact:689,Intrvl:15,num_users:593,errors:0
rt:1.37,through:45,tt:0.36,num_interact:675,Intrvl:15,num_users:644,errors:0
rt:0.68,through:44.33,tt:0.34,num_interact:665,Intrvl:15,num_users:607,errors:0
rt:0.41,through:46.33,tt:0.35,num_interact:695,Intrvl:15,num_users:596,errors:0
rt:0.53,through:45.93,tt:0.36,num_interact:689,Intrvl:15,num_users:603,errors:0
rt:0.49,through:0.07,tt:0.46,num_interact:1,Intrvl:15,num_users:543,errors:0
rt:1.53,through:43.87,tt:0.33,num_interact:658,Intrvl:15,num_users:631,errors:0
rt:0.93,through:44.47,tt:0.33,num_interact:667,Intrvl:15,num_users:598,errors:0
rt:0.08,through:28.33,tt:0.34,num_interact:425,Intrvl:15,num_users:555,errors:0
rt:0.09,through:38.47,tt:0.35,num_interact:577,Intrvl:15,num_users:560,errors:0
rt:0.99,through:43.93,tt:0.36,num_interact:659,Intrvl:15,num_users:605,errors:0
rt:0.45,through:45.53,tt:0.34,num_interact:683,Intrvl:15,num_users:578,errors:0
rt:1.19,through:44.73,tt:0.37,num_interact:671,Intrvl:15,num_users:616,errors:0
rt:1.62,through:45.8,tt:0.33,num_interact:687,Intrvl:15,num_users:635,errors:0
rt:1.7,through:46,tt:0.33,num_interact:690,Intrvl:15,num_users:636,errors:0
rt:1.87,through:46.67,tt:0.35,num_interact:701,Intrvl:15,num_users:648,errors:0
rt:?,through:0,tt:?,num_interact:0,Intrvl:15,num_users:418,errors:0
rt:?,through:0,tt:?,num_interact:0,Intrvl:15,num_users:417,errors:0
rt:0.04,through:12.47,tt:0.35,num_interact:187,Intrvl:15,num_users:422,errors:0
rt:0.04,through:4.8,tt:0.38,num_interact:72,Intrvl:15,num_users:419,errors:0
rt:?,through:0,tt:?,num_interact:0,Intrvl:15,num_users:380,errors:0
rt:0.04,through:15.73,tt:0.33,num_interact:236,Intrvl:15,num_users:386,errors:0
rt:?,through:0,tt:?,num_interact:0,Intrvl:15,num_users:368,errors:0
rt:0.42,through:43.93,tt:0.37,num_interact:659,Intrvl:15,num_users:404,errors:0
rt:?,through:0,tt:?,num_interact:0,Intrvl:15,num_users:363,errors:0
rt:0.06,through:31.93,tt:0.33,num_interact:479,Intrvl:15,num_users:376,errors:0
rt:?,through:0,tt:?,num_interact:0,Intrvl:15,num_users:360,errors:0
rt:0.13,through:42.07,tt:0.35,num_interact:631,Intrvl:15,num_users:381,errors:0
rt:0.37,through:46.87,tt:0.36,num_interact:703,Intrvl:15,num_users:394,errors:0
rt:0.31,through:45.13,tt:0.35,num_interact:677,Intrvl:15,num_users:390,errors:0
rt:?,through:0,tt:?,num_interact:0,Intrvl:15,num_users:343,errors:0
rt:0.76,through:44.53,tt:0.35,num_interact:668,Intrvl:15,num_users:395,errors:0
rt:0.66,through:45.33,tt:0.34,num_interact:680,Intrvl:15,num_users:388,errors:0
rt:0.67,through:45.8,tt:0.33,num_interact:687,Intrvl:15,num_users:389,errors:0
rt:1.36,through:45.53,tt:0.35,num_interact:683,Intrvl:15,num_users:424,errors:0
rt:1.19,through:44.8,tt:0.35,num_interact:672,Intrvl:15,num_users:411,errors:0
rt:0.07,through:23.4,tt:0.33,num_interact:351,Intrvl:15,num_users:352,errors:0
rt:0.35,through:45.6,tt:0.36,num_interact:684,Intrvl:15,num_users:376,errors:0
rt:0.92,through:45.13,tt:0.36,num_interact:677,Intrvl:15,num_users:403,errors:0
rt:0.49,through:46.33,tt:0.35,num_interact:695,Intrvl:15,num_users:381,errors:0
rt:0.98,through:44.93,tt:0.33,num_interact:674,Intrvl:15,num_users:403,errors:0
rt:0.71,through:45.27,tt:0.33,num_interact:679,Intrvl:15,num_users:390,errors:0
rt:0.4,through:47,tt:0.36,num_interact:705,Intrvl:15,num_users:378,errors:0
rt:0.05,through:5.13,tt:0.35,num_interact:77,Intrvl:15,num_users:345,errors:0
rt:?,through:0,tt:?,num_interact:0,Intrvl:15,num_users:342,errors:0
rt:1.06,through:44.53,tt:0.36,num_interact:668,Intrvl:15,num_users:409,errors:0
rt:1.99,through:46.4,tt:0.35,num_interact:696,Intrvl:15,num_users:456,errors:0
rt:0.19,through:38.8,tt:0.36,num_interact:582,Intrvl:15,num_users:362,errors:0
rt:1.07,through:44.13,tt:0.35,num_interact:662,Intrvl:15,num_users:408,errors:4
rt:0.19,through:50.6,tt:0.34,num_interact:759,Intrvl:15,num_users:368,errors:0
rt:1.08,through:61.87,tt:0.34,num_interact:928,Intrvl:15,num_users:435,errors:0
rt:0.62,through:57.8,tt:0.35,num_interact:867,Intrvl:15,num_users:397,errors:0
rt:0.34,through:62.53,tt:0.36,num_interact:938,Intrvl:15,num_users:385,errors:0
rt:0.04,through:2.33,tt:0.4,num_interact:35,Intrvl:15,num_users:343,errors:0
rt:0.79,through:60.53,tt:0.34,num_interact:908,Intrvl:15,num_users:415,errors:0
rt:0.91,through:62.2,tt:0.37,num_interact:936,Intrvl:15,num_users:423,errors:0
rt:0.49,through:62.27,tt:0.37,num_interact:934,Intrvl:15,num_users:394,errors:0
rt:0.07,through:49.4,tt:0.36,num_interact:741,Intrvl:15,num_users:363,errors:0
rt:0.04,through:3.73,tt:0.24,num_interact:56,Intrvl:15,num_users:343,errors:0
rt:0.06,through:48.73,tt:0.32,num_interact:731,Intrvl:15,num_users:361,errors:0
rt:0.44,through:63.27,tt:0.35,num_interact:949,Intrvl:15,num_users:394,errors:0
rt:1.4,through:67.27,tt:0.36,num_interact:1009,Intrvl:15,num_users:474,errors:0
rt:0.88,through:56.8,tt:0.34,num_interact:852,Intrvl:15,num_users:407,errors:0
rt:0.08,through:50.07,tt:0.33,num_interact:751,Intrvl:15,num_users:362,errors:0
rt:0.77,through:62.8,tt:0.33,num_interact:942,Intrvl:15,num_users:416,errors:0
rt:0.81,through:63.73,tt:0.34,num_interact:956,Intrvl:15,num_users:415,errors:0
rt:0.63,through:62.4,tt:0.33,num_interact:936,Intrvl:15,num_users:401,errors:0
rt:1.14,through:64.2,tt:0.34,num_interact:963,Intrvl:15,num_users:443,errors:0
rt:0.19,through:59.93,tt:0.35,num_interact:899,Intrvl:15,num_users:371,errors:0
rt:0.62,through:62.53,tt:0.36,num_interact:938,Intrvl:15,num_users:407,errors:0
rt:0.37,through:63.53,tt:0.35,num_interact:953,Intrvl:15,num_users:387,errors:0
rt:0.61,through:62.93,tt:0.35,num_interact:944,Intrvl:15,num_users:403,errors:0
rt:0.23,through:64.4,tt:0.37,num_interact:966,Intrvl:15,num_users:380,errors:0
rt:0.68,through:61.93,tt:0.34,num_interact:929,Intrvl:15,num_users:408,errors:0
rt:0.43,through:64.53,tt:0.36,num_interact:968,Intrvl:15,num_users:392,errors:0
rt:0.68,through:61.27,tt:0.36,num_interact:919,Intrvl:15,num_users:408,errors:0
Terminating EBs...
EB TPCW Broswing Mix EB #15810commiting suicide!
EB TPCW Broswing Mix EB #15503commiting suicide!
EB TPCW Broswing Mix EB #15627commiting suicide!
EB TPCW Broswing Mix EB #15500commiting suicide!
EB TPCW Broswing Mix EB #15505commiting suicide!
EB TPCW Broswing Mix EB #15493commiting suicide!
EB TPCW Broswing Mix EB #15776commiting suicide!
EB TPCW Broswing Mix EB #15778commiting suicide!
EB TPCW Broswing Mix EB #15719commiting suicide!
EB TPCW Broswing Mix EB #15775commiting suicide!
EB TPCW Broswing Mix EB #15623commiting suicide!
EB TPCW Broswing Mix EB #15498commiting suicide!
EB TPCW Broswing Mix EB #15715commiting suicide!
EB TPCW Broswing Mix EB #15721commiting suicide!
EB TPCW Broswing Mix EB #15772commiting suicide!
EB TPCW Broswing Mix EB #15808commiting suicide!
EB TPCW Broswing Mix EB #15494commiting suicide!
EB TPCW Broswing Mix EB #15806commiting suicide!
EB TPCW Broswing Mix EB #15767commiting suicide!
EB TPCW Broswing Mix EB #15717commiting suicide!
EB TPCW Broswing Mix EB #15492commiting suicide!
EB TPCW Broswing Mix EB #15770commiting suicide!
EB TPCW Broswing Mix EB #15803commiting suicide!
EB TPCW Broswing Mix EB #15722commiting suicide!
EB TPCW Broswing Mix EB #15723commiting suicide!
EB TPCW Broswing Mix EB #15625commiting suicide!
EB TPCW Broswing Mix EB #15773commiting suicide!
EB TPCW Broswing Mix EB #15805commiting suicide!
EB TPCW Broswing Mix EB #15807commiting suicide!
EB TPCW Broswing Mix EB #15499commiting suicide!
EB TPCW Broswing Mix EB #15800commiting suicide!
EB TPCW Broswing Mix EB #15797commiting suicide!
EB TPCW Broswing Mix EB #15718commiting suicide!
EB TPCW Broswing Mix EB #15798commiting suicide!
EB TPCW Broswing Mix EB #15802commiting suicide!
EB TPCW Broswing Mix EB #15769commiting suicide!
EB TPCW Broswing Mix EB #15771commiting suicide!
EB TPCW Broswing Mix EB #15626commiting suicide!
EB TPCW Broswing Mix EB #15502commiting suicide!
EB TPCW Broswing Mix EB #15506commiting suicide!
EB TPCW Broswing Mix EB #15504commiting suicide!
EB TPCW Broswing Mix EB #15720commiting suicide!
EB TPCW Broswing Mix EB #15622commiting suicide!
EB TPCW Broswing Mix EB #15801commiting suicide!
EB TPCW Broswing Mix EB #15620commiting suicide!
EB TPCW Broswing Mix EB #15621commiting suicide!
EB TPCW Broswing Mix EB #15774commiting suicide!
EB TPCW Broswing Mix EB #15804commiting suicide!
EB TPCW Broswing Mix EB #15496commiting suicide!
EB TPCW Broswing Mix EB #15497commiting suicide!
EB TPCW Broswing Mix EB #15491commiting suicide!
EB TPCW Broswing Mix EB #15768commiting suicide!
EB TPCW Broswing Mix EB #15624commiting suicide!
EB TPCW Broswing Mix EB #15795commiting suicide!
EB TPCW Broswing Mix EB #15809commiting suicide!
EB TPCW Broswing Mix EB #15799commiting suicide!
EB TPCW Broswing Mix EB #15501commiting suicide!
EB TPCW Broswing Mix EB #15716commiting suicide!
EB TPCW Broswing Mix EB #15777commiting suicide!
EBs finished.
Really finishing RBE!.
