Remote Browser Emulator for TPC-W.
  ECE 902  Fall '99
  Version 1.5
System's current path is /root/loadtest
rt:0.09,through:1.87,tt:0.44,num_interact:28,Intrvl:15,num_users:1,errors:0
rt:1.2,through:11.87,tt:0.38,num_interact:178,Intrvl:15,num_users:20,errors:0
rt:5.09,through:11.67,tt:0.4,num_interact:175,Intrvl:15,num_users:80,errors:0
rt:6.93,through:13.67,tt:0.39,num_interact:205,Intrvl:15,num_users:120,errors:0
rt:9.03,through:13.33,tt:0.37,num_interact:200,Intrvl:15,num_users:180,errors:0
rt:12.87,through:13.8,tt:0.4,num_interact:207,Intrvl:15,num_users:240,errors:0
rt:15.98,through:13.67,tt:0.4,num_interact:205,Intrvl:15,num_users:280,errors:0
rt:19.08,through:13.73,tt:0.37,num_interact:206,Intrvl:15,num_users:310,errors:0
rt:21.5,through:13.6,tt:0.37,num_interact:204,Intrvl:15,num_users:360,errors:0
rt:24.69,through:13.8,tt:0.39,num_interact:207,Intrvl:15,num_users:390,errors:0
rt:27.27,through:13.53,tt:0.39,num_interact:203,Intrvl:15,num_users:413,errors:0
rt:28.5,through:13.8,tt:0.37,num_interact:207,Intrvl:15,num_users:486,errors:0
rt:29.09,through:12.47,tt:0.35,num_interact:187,Intrvl:15,num_users:421,errors:0
rt:34.46,through:8.73,tt:0.4,num_interact:131,Intrvl:15,num_users:342,errors:0
rt:34.85,through:10.2,tt:0.37,num_interact:153,Intrvl:15,num_users:322,errors:0
rt:31.97,through:12,tt:0.39,num_interact:180,Intrvl:15,num_users:403,errors:0
rt:27.66,through:13.33,tt:0.36,num_interact:200,Intrvl:15,num_users:405,errors:0
rt:28.88,through:13.47,tt:0.36,num_interact:202,Intrvl:15,num_users:417,errors:0
rt:30.03,through:13.2,tt:0.38,num_interact:198,Intrvl:15,num_users:406,errors:0
rt:30.73,through:12.33,tt:0.37,num_interact:185,Intrvl:15,num_users:351,errors:0
rt:31.19,through:11.2,tt:0.36,num_interact:168,Intrvl:15,num_users:434,errors:0
rt:29.32,through:11.47,tt:0.35,num_interact:172,Intrvl:15,num_users:343,errors:0
rt:31.21,through:9.93,tt:0.34,num_interact:149,Intrvl:15,num_users:417,errors:0
rt:30.74,through:12.67,tt:0.35,num_interact:190,Intrvl:15,num_users:424,errors:0
rt:32.3,through:14,tt:0.42,num_interact:210,Intrvl:15,num_users:424,errors:0
rt:31.49,through:13.07,tt:0.32,num_interact:196,Intrvl:15,num_users:414,errors:0
rt:30.52,through:13.47,tt:0.36,num_interact:202,Intrvl:15,num_users:501,errors:0
rt:30.43,through:12.2,tt:0.35,num_interact:183,Intrvl:15,num_users:407,errors:0
rt:34.46,through:9.93,tt:0.33,num_interact:149,Intrvl:15,num_users:438,errors:0
rt:36.12,through:12.33,tt:0.34,num_interact:185,Intrvl:15,num_users:480,errors:0
rt:36.4,through:13.47,tt:0.39,num_interact:202,Intrvl:15,num_users:444,errors:0
rt:34.88,through:11.4,tt:0.38,num_interact:171,Intrvl:15,num_users:482,errors:0
rt:33.76,through:13.6,tt:0.32,num_interact:204,Intrvl:15,num_users:475,errors:0
rt:36.59,through:11.93,tt:0.33,num_interact:179,Intrvl:15,num_users:452,errors:0
rt:35.22,through:12.87,tt:0.35,num_interact:193,Intrvl:15,num_users:440,errors:0
rt:34.95,through:13.2,tt:0.32,num_interact:198,Intrvl:15,num_users:445,errors:0
rt:32.34,through:13.4,tt:0.34,num_interact:201,Intrvl:15,num_users:508,errors:0
rt:32.94,through:12.13,tt:0.33,num_interact:182,Intrvl:15,num_users:426,errors:0
rt:36.39,through:10.6,tt:0.37,num_interact:159,Intrvl:15,num_users:455,errors:0
rt:36.62,through:12.2,tt:0.37,num_interact:183,Intrvl:15,num_users:435,errors:0
rt:36.44,through:12.2,tt:0.38,num_interact:183,Intrvl:15,num_users:463,errors:0
rt:33.4,through:13.73,tt:0.36,num_interact:206,Intrvl:15,num_users:444,errors:0
rt:33.54,through:11.93,tt:0.36,num_interact:179,Intrvl:15,num_users:412,errors:0
rt:33.21,through:11.93,tt:0.4,num_interact:179,Intrvl:15,num_users:419,errors:0
rt:32.96,through:13.33,tt:0.39,num_interact:200,Intrvl:15,num_users:409,errors:0
rt:31.86,through:13.47,tt:0.34,num_interact:202,Intrvl:15,num_users:427,errors:0
rt:29.83,through:12.87,tt:0.37,num_interact:193,Intrvl:15,num_users:416,errors:0
rt:30.53,through:13.53,tt:0.37,num_interact:203,Intrvl:15,num_users:448,errors:0
rt:31.62,through:13.4,tt:0.39,num_interact:201,Intrvl:15,num_users:456,errors:0
rt:32.91,through:13.33,tt:0.38,num_interact:200,Intrvl:15,num_users:482,errors:0
rt:33.85,through:13.73,tt:0.33,num_interact:206,Intrvl:15,num_users:465,errors:0
rt:33.58,through:12.4,tt:0.39,num_interact:186,Intrvl:15,num_users:472,errors:0
rt:34.77,through:13.53,tt:0.39,num_interact:203,Intrvl:15,num_users:454,errors:0
rt:35.13,through:11.53,tt:0.37,num_interact:173,Intrvl:15,num_users:417,errors:0
rt:34.81,through:11.93,tt:0.36,num_interact:179,Intrvl:15,num_users:490,errors:0
rt:34.37,through:13.4,tt:0.34,num_interact:201,Intrvl:15,num_users:473,errors:0
rt:34.48,through:11.2,tt:0.34,num_interact:168,Intrvl:15,num_users:449,errors:0
rt:34.91,through:13.47,tt:0.37,num_interact:202,Intrvl:15,num_users:434,errors:0
rt:34.82,through:12.33,tt:0.33,num_interact:185,Intrvl:15,num_users:407,errors:0
rt:32.56,through:12.67,tt:0.33,num_interact:190,Intrvl:15,num_users:472,errors:2
rt:32.64,through:13.2,tt:0.36,num_interact:198,Intrvl:15,num_users:463,errors:0
rt:27.95,through:16.53,tt:0.34,num_interact:248,Intrvl:15,num_users:371,errors:0
rt:21.4,through:20.27,tt:0.34,num_interact:304,Intrvl:15,num_users:454,errors:0
rt:19.37,through:19.6,tt:0.37,num_interact:294,Intrvl:15,num_users:419,errors:0
rt:18.15,through:22.47,tt:0.37,num_interact:337,Intrvl:15,num_users:435,errors:0
rt:16.79,through:22.87,tt:0.36,num_interact:343,Intrvl:15,num_users:483,errors:0
rt:17.33,through:20.67,tt:0.38,num_interact:311,Intrvl:15,num_users:486,errors:0
rt:24.09,through:13.33,tt:0.36,num_interact:200,Intrvl:15,num_users:400,errors:0
rt:22.7,through:15.2,tt:0.35,num_interact:228,Intrvl:15,num_users:419,errors:13
rt:27,through:14.67,tt:0.34,num_interact:220,Intrvl:15,num_users:414,errors:0
rt:25.32,through:15.87,tt:0.32,num_interact:238,Intrvl:15,num_users:370,errors:5
rt:26.01,through:15.53,tt:0.45,num_interact:233,Intrvl:15,num_users:466,errors:0
rt:24.57,through:16.13,tt:0.33,num_interact:242,Intrvl:15,num_users:466,errors:13
rt:26.94,through:15.4,tt:0.37,num_interact:231,Intrvl:15,num_users:459,errors:1
rt:25.59,through:16,tt:0.4,num_interact:240,Intrvl:15,num_users:445,errors:15
rt:27.69,through:14.67,tt:0.34,num_interact:220,Intrvl:15,num_users:421,errors:11
rt:26.22,through:15.93,tt:0.36,num_interact:239,Intrvl:15,num_users:438,errors:1
rt:25.53,through:15.33,tt:0.34,num_interact:230,Intrvl:15,num_users:438,errors:20
rt:29.77,through:16.67,tt:0.3,num_interact:250,Intrvl:15,num_users:423,errors:0
rt:25.03,through:16.53,tt:0.35,num_interact:248,Intrvl:15,num_users:437,errors:23
rt:27.24,through:14.6,tt:0.36,num_interact:219,Intrvl:15,num_users:419,errors:0
rt:25.06,through:16.2,tt:0.38,num_interact:243,Intrvl:15,num_users:463,errors:13
rt:27.89,through:13.6,tt:0.32,num_interact:204,Intrvl:15,num_users:379,errors:3
rt:25.14,through:14.87,tt:0.35,num_interact:224,Intrvl:15,num_users:498,errors:12
rt:28.97,through:14.4,tt:0.38,num_interact:220,Intrvl:15,num_users:514,errors:4
rt:28.13,through:17.47,tt:0.37,num_interact:262,Intrvl:15,num_users:497,errors:0
rt:29.26,through:14.33,tt:0.37,num_interact:215,Intrvl:15,num_users:480,errors:17
rt:33.23,through:14.73,tt:0.35,num_interact:221,Intrvl:15,num_users:400,errors:0
rt:26.02,through:13.67,tt:0.37,num_interact:205,Intrvl:15,num_users:470,errors:11
rt:29.8,through:15.07,tt:0.35,num_interact:226,Intrvl:15,num_users:403,errors:0
rt:24.94,through:14.6,tt:0.37,num_interact:219,Intrvl:15,num_users:546,errors:15
rt:37.38,through:12.33,tt:0.35,num_interact:185,Intrvl:15,num_users:410,errors:0
rt:27.69,through:16.4,tt:0.4,num_interact:246,Intrvl:15,num_users:463,errors:7
rt:30.8,through:12.47,tt:0.3,num_interact:187,Intrvl:15,num_users:417,errors:1
rt:27.16,through:16.4,tt:0.37,num_interact:246,Intrvl:15,num_users:447,errors:8
rt:29.58,through:14.27,tt:0.35,num_interact:214,Intrvl:15,num_users:455,errors:0
rt:26.64,through:16.87,tt:0.37,num_interact:253,Intrvl:15,num_users:521,errors:8
rt:31.56,through:13.87,tt:0.36,num_interact:208,Intrvl:15,num_users:484,errors:5
rt:28.81,through:17,tt:0.36,num_interact:255,Intrvl:15,num_users:521,errors:0
rt:29.56,through:13.07,tt:0.37,num_interact:196,Intrvl:15,num_users:438,errors:18
rt:30.36,through:15.27,tt:0.34,num_interact:229,Intrvl:15,num_users:433,errors:0
rt:26.72,through:14.73,tt:0.38,num_interact:221,Intrvl:15,num_users:452,errors:15
rt:29.49,through:15.93,tt:0.37,num_interact:239,Intrvl:15,num_users:496,errors:0
rt:26.45,through:16.8,tt:0.37,num_interact:252,Intrvl:15,num_users:507,errors:24
rt:32.93,through:14.87,tt:0.36,num_interact:223,Intrvl:15,num_users:458,errors:0
rt:25.64,through:15.4,tt:0.33,num_interact:231,Intrvl:15,num_users:421,errors:16
rt:28.72,through:14,tt:0.34,num_interact:210,Intrvl:15,num_users:424,errors:0
rt:26.82,through:16.4,tt:0.32,num_interact:246,Intrvl:15,num_users:431,errors:15
rt:27.33,through:14.67,tt:0.35,num_interact:224,Intrvl:15,num_users:417,errors:4
rt:25.61,through:16.67,tt:0.36,num_interact:250,Intrvl:15,num_users:468,errors:0
rt:28.57,through:16.47,tt:0.31,num_interact:247,Intrvl:15,num_users:470,errors:17
rt:28.21,through:15.93,tt:0.36,num_interact:239,Intrvl:15,num_users:508,errors:0
rt:27.36,through:17.07,tt:0.35,num_interact:256,Intrvl:15,num_users:486,errors:18
rt:31.57,through:14.73,tt:0.35,num_interact:221,Intrvl:15,num_users:473,errors:0
rt:26.29,through:16.47,tt:0.4,num_interact:247,Intrvl:15,num_users:490,errors:19
rt:32.12,through:13.6,tt:0.33,num_interact:204,Intrvl:15,num_users:442,errors:2
rt:25.53,through:15.73,tt:0.33,num_interact:236,Intrvl:15,num_users:424,errors:14
rt:32.57,through:14.87,tt:0.38,num_interact:223,Intrvl:15,num_users:482,errors:2
rt:29.25,through:15.93,tt:0.35,num_interact:239,Intrvl:15,num_users:461,errors:3
rt:26.84,through:15.47,tt:0.36,num_interact:232,Intrvl:15,num_users:490,errors:20
rt:29.06,through:16.2,tt:0.34,num_interact:243,Intrvl:15,num_users:505,errors:0
rt:28.57,through:16.2,tt:0.28,num_interact:247,Intrvl:15,num_users:482,errors:10
rt:30.33,through:16.6,tt:0.36,num_interact:249,Intrvl:15,num_users:508,errors:0
rt:28.54,through:13.87,tt:0.35,num_interact:208,Intrvl:15,num_users:515,errors:46
rt:27.92,through:22.87,tt:0.31,num_interact:347,Intrvl:15,num_users:482,errors:0
rt:18.89,through:25.8,tt:0.34,num_interact:387,Intrvl:15,num_users:444,errors:15
rt:20.19,through:21.73,tt:0.35,num_interact:326,Intrvl:15,num_users:433,errors:0
rt:16.88,through:23.87,tt:0.31,num_interact:358,Intrvl:15,num_users:403,errors:9
rt:18.34,through:23.47,tt:0.36,num_interact:352,Intrvl:15,num_users:463,errors:2
rt:17.24,through:25.8,tt:0.36,num_interact:387,Intrvl:15,num_users:444,errors:10
rt:17.94,through:23.13,tt:0.35,num_interact:347,Intrvl:15,num_users:454,errors:1
rt:16.59,through:25.27,tt:0.35,num_interact:379,Intrvl:15,num_users:452,errors:2
rt:18.72,through:23.93,tt:0.36,num_interact:359,Intrvl:15,num_users:402,errors:12
rt:16.37,through:23.93,tt:0.36,num_interact:359,Intrvl:15,num_users:500,errors:0
rt:19.01,through:23.33,tt:0.33,num_interact:350,Intrvl:15,num_users:479,errors:16
rt:17.64,through:24.8,tt:0.35,num_interact:372,Intrvl:15,num_users:491,errors:0
rt:19.94,through:23.87,tt:0.39,num_interact:358,Intrvl:15,num_users:483,errors:25
rt:19.74,through:24.13,tt:0.36,num_interact:365,Intrvl:15,num_users:519,errors:0
rt:18.69,through:25.6,tt:0.32,num_interact:384,Intrvl:15,num_users:514,errors:21
rt:21.74,through:24.6,tt:0.35,num_interact:369,Intrvl:15,num_users:518,errors:0
rt:18.88,through:25.93,tt:0.34,num_interact:389,Intrvl:15,num_users:543,errors:19
rt:23,through:21.4,tt:0.34,num_interact:321,Intrvl:15,num_users:487,errors:2
rt:19.91,through:24.33,tt:0.34,num_interact:365,Intrvl:15,num_users:476,errors:6
rt:19.53,through:20.73,tt:0.33,num_interact:311,Intrvl:15,num_users:413,errors:6
rt:16.67,through:24.93,tt:0.35,num_interact:374,Intrvl:15,num_users:483,errors:4
rt:19.61,through:24.47,tt:0.34,num_interact:367,Intrvl:15,num_users:480,errors:10
rt:16.93,through:24.53,tt:0.35,num_interact:368,Intrvl:15,num_users:435,errors:0
rt:17.97,through:23.2,tt:0.35,num_interact:348,Intrvl:15,num_users:482,errors:14
rt:17.77,through:25.2,tt:0.36,num_interact:379,Intrvl:15,num_users:521,errors:0
rt:20.94,through:22.67,tt:0.34,num_interact:340,Intrvl:15,num_users:444,errors:31
rt:19.17,through:22.53,tt:0.37,num_interact:338,Intrvl:15,num_users:510,errors:0
rt:20.52,through:23.2,tt:0.33,num_interact:348,Intrvl:15,num_users:447,errors:12
rt:17.79,through:22.2,tt:0.35,num_interact:333,Intrvl:15,num_users:459,errors:0
rt:20.09,through:25.13,tt:0.34,num_interact:377,Intrvl:15,num_users:442,errors:25
rt:16.16,through:22.2,tt:0.33,num_interact:333,Intrvl:15,num_users:392,errors:0
rt:15.51,through:24.07,tt:0.38,num_interact:361,Intrvl:15,num_users:535,errors:20
rt:22.16,through:21.67,tt:0.36,num_interact:328,Intrvl:15,num_users:482,errors:0
rt:17.97,through:25.47,tt:0.35,num_interact:382,Intrvl:15,num_users:490,errors:16
rt:20.98,through:21.73,tt:0.38,num_interact:326,Intrvl:15,num_users:501,errors:1
rt:20.63,through:26.6,tt:0.37,num_interact:399,Intrvl:15,num_users:522,errors:3
rt:21.54,through:24.2,tt:0.35,num_interact:363,Intrvl:15,num_users:505,errors:6
rt:18.45,through:23.47,tt:0.39,num_interact:352,Intrvl:15,num_users:455,errors:0
rt:18.18,through:24.67,tt:0.35,num_interact:370,Intrvl:15,num_users:452,errors:9
rt:18.5,through:23.67,tt:0.35,num_interact:355,Intrvl:15,num_users:522,errors:0
rt:19.75,through:24.4,tt:0.34,num_interact:366,Intrvl:15,num_users:472,errors:19
rt:19.02,through:21.6,tt:0.36,num_interact:324,Intrvl:15,num_users:442,errors:0
rt:17,through:23.87,tt:0.34,num_interact:359,Intrvl:15,num_users:552,errors:14
rt:21.23,through:23.93,tt:0.32,num_interact:359,Intrvl:15,num_users:538,errors:2
rt:18.41,through:23.27,tt:0.34,num_interact:354,Intrvl:15,num_users:465,errors:21
rt:20.03,through:22.87,tt:0.36,num_interact:343,Intrvl:15,num_users:470,errors:4
rt:18.31,through:23.8,tt:0.37,num_interact:357,Intrvl:15,num_users:483,errors:13
rt:19.9,through:23.67,tt:0.33,num_interact:355,Intrvl:15,num_users:456,errors:9
rt:17.56,through:24.13,tt:0.35,num_interact:362,Intrvl:15,num_users:434,errors:10
rt:19.11,through:23.53,tt:0.4,num_interact:353,Intrvl:15,num_users:469,errors:10
rt:18.3,through:24.07,tt:0.37,num_interact:361,Intrvl:15,num_users:487,errors:0
rt:19.15,through:25.27,tt:0.37,num_interact:379,Intrvl:15,num_users:477,errors:17
rt:17.65,through:21.27,tt:0.37,num_interact:319,Intrvl:15,num_users:414,errors:0
rt:17.05,through:26.27,tt:0.35,num_interact:394,Intrvl:15,num_users:500,errors:19
rt:20.72,through:22.27,tt:0.33,num_interact:334,Intrvl:15,num_users:475,errors:0
rt:19.46,through:24.73,tt:0.37,num_interact:371,Intrvl:15,num_users:524,errors:11
rt:20.16,through:22.87,tt:0.36,num_interact:343,Intrvl:15,num_users:480,errors:3
rt:19.33,through:24.93,tt:0.32,num_interact:374,Intrvl:15,num_users:479,errors:12
rt:17.72,through:21.4,tt:0.35,num_interact:321,Intrvl:15,num_users:409,errors:0
rt:17.22,through:25.07,tt:0.38,num_interact:376,Intrvl:15,num_users:490,errors:0
rt:19.02,through:22.87,tt:0.38,num_interact:343,Intrvl:15,num_users:468,errors:13
rt:17.69,through:24.8,tt:0.35,num_interact:376,Intrvl:15,num_users:477,errors:0
rt:19.49,through:25.07,tt:0.33,num_interact:376,Intrvl:15,num_users:543,errors:16
rt:20.75,through:21.87,tt:0.34,num_interact:328,Intrvl:15,num_users:455,errors:0
rt:19.84,through:22.6,tt:0.37,num_interact:340,Intrvl:15,num_users:423,errors:15
rt:17.6,through:24.07,tt:0.36,num_interact:361,Intrvl:15,num_users:455,errors:0
rt:18.35,through:24.67,tt:0.39,num_interact:370,Intrvl:15,num_users:503,errors:10
rt:19.32,through:23.73,tt:0.37,num_interact:356,Intrvl:15,num_users:477,errors:1
rt:17.83,through:27.2,tt:0.35,num_interact:408,Intrvl:15,num_users:536,errors:17
rt:21.9,through:22.07,tt:0.33,num_interact:331,Intrvl:15,num_users:494,errors:0
rt:18.28,through:26.27,tt:0.4,num_interact:395,Intrvl:15,num_users:496,errors:20
rt:21.84,through:22,tt:0.33,num_interact:330,Intrvl:15,num_users:526,errors:1
rt:20.26,through:24.6,tt:0.38,num_interact:369,Intrvl:15,num_users:591,errors:13
rt:23.63,through:21.53,tt:0.38,num_interact:323,Intrvl:15,num_users:482,errors:7
rt:20.57,through:23.4,tt:0.36,num_interact:351,Intrvl:15,num_users:521,errors:7
rt:20.43,through:24.93,tt:0.37,num_interact:374,Intrvl:15,num_users:514,errors:6
rt:20.82,through:24.33,tt:0.35,num_interact:365,Intrvl:15,num_users:539,errors:0
rt:21.81,through:24.13,tt:0.33,num_interact:362,Intrvl:15,num_users:501,errors:11
rt:21.15,through:23.27,tt:0.34,num_interact:349,Intrvl:15,num_users:490,errors:0
rt:18.02,through:23.27,tt:0.33,num_interact:349,Intrvl:15,num_users:431,errors:13
rt:18.78,through:23.4,tt:0.36,num_interact:351,Intrvl:15,num_users:479,errors:0
rt:18.19,through:24.73,tt:0.38,num_interact:371,Intrvl:15,num_users:508,errors:14
rt:20.62,through:25.2,tt:0.39,num_interact:378,Intrvl:15,num_users:567,errors:0
rt:20.99,through:23.87,tt:0.38,num_interact:358,Intrvl:15,num_users:504,errors:18
rt:20.67,through:23.13,tt:0.36,num_interact:347,Intrvl:15,num_users:508,errors:0
rt:18.79,through:25.07,tt:0.34,num_interact:376,Intrvl:15,num_users:536,errors:22
rt:22.3,through:23.07,tt:0.32,num_interact:346,Intrvl:15,num_users:539,errors:3
rt:20.38,through:26.67,tt:0.37,num_interact:400,Intrvl:15,num_users:577,errors:9
rt:23.55,through:24.13,tt:0.37,num_interact:362,Intrvl:15,num_users:584,errors:10
rt:23.19,through:25.27,tt:0.33,num_interact:379,Intrvl:15,num_users:613,errors:0
rt:22.85,through:22.2,tt:0.35,num_interact:333,Intrvl:15,num_users:459,errors:9
rt:20.1,through:21.13,tt:0.32,num_interact:317,Intrvl:15,num_users:652,errors:0
rt:22.52,through:22.8,tt:0.38,num_interact:342,Intrvl:15,num_users:574,errors:10
rt:23.51,through:21.87,tt:0.35,num_interact:336,Intrvl:15,num_users:546,errors:0
rt:21.99,through:24.47,tt:0.36,num_interact:368,Intrvl:15,num_users:591,errors:10
rt:22.96,through:23.93,tt:0.33,num_interact:359,Intrvl:15,num_users:545,errors:0
rt:20.52,through:25.27,tt:0.35,num_interact:379,Intrvl:15,num_users:536,errors:21
rt:22.98,through:22.07,tt:0.37,num_interact:331,Intrvl:15,num_users:525,errors:0
rt:20.52,through:26.27,tt:0.34,num_interact:394,Intrvl:15,num_users:592,errors:11
rt:23.82,through:22.93,tt:0.33,num_interact:344,Intrvl:15,num_users:539,errors:0
rt:20.13,through:24.13,tt:0.38,num_interact:362,Intrvl:15,num_users:498,errors:22
rt:21.28,through:21,tt:0.38,num_interact:315,Intrvl:15,num_users:532,errors:2
rt:21.02,through:25.27,tt:0.33,num_interact:379,Intrvl:15,num_users:578,errors:9
rt:21.39,through:21.2,tt:0.36,num_interact:318,Intrvl:15,num_users:466,errors:0
rt:18.93,through:23.07,tt:0.37,num_interact:346,Intrvl:15,num_users:528,errors:16
rt:22.48,through:23.67,tt:0.37,num_interact:355,Intrvl:15,num_users:668,errors:13
rt:24.19,through:22.27,tt:0.38,num_interact:334,Intrvl:15,num_users:594,errors:0
rt:24.09,through:24.93,tt:0.36,num_interact:374,Intrvl:15,num_users:581,errors:14
rt:23.28,through:23.53,tt:0.35,num_interact:353,Intrvl:15,num_users:672,errors:0
rt:23.48,through:25.07,tt:0.37,num_interact:376,Intrvl:15,num_users:658,errors:23
rt:26.77,through:21.73,tt:0.37,num_interact:326,Intrvl:15,num_users:615,errors:0
rt:22.82,through:25.6,tt:0.31,num_interact:386,Intrvl:15,num_users:592,errors:32
rt:24.41,through:20.6,tt:0.37,num_interact:309,Intrvl:15,num_users:531,errors:1
rt:19.21,through:25,tt:0.36,num_interact:375,Intrvl:15,num_users:522,errors:14
rt:22.97,through:22.87,tt:0.36,num_interact:343,Intrvl:15,num_users:585,errors:6
rt:24.4,through:25.6,tt:0.34,num_interact:384,Intrvl:15,num_users:610,errors:12
rt:24.5,through:22.93,tt:0.35,num_interact:344,Intrvl:15,num_users:589,errors:10
rt:22.69,through:25.13,tt:0.31,num_interact:377,Intrvl:15,num_users:577,errors:1
rt:23.15,through:23.6,tt:0.35,num_interact:354,Intrvl:15,num_users:557,errors:23
rt:24.51,through:24.87,tt:0.35,num_interact:373,Intrvl:15,num_users:574,errors:1
rt:21.75,through:26.8,tt:0.35,num_interact:402,Intrvl:15,num_users:568,errors:20
rt:24.44,through:22.27,tt:0.36,num_interact:334,Intrvl:15,num_users:566,errors:3
rt:21.32,through:25.13,tt:0.33,num_interact:377,Intrvl:15,num_users:528,errors:23
rt:21.24,through:21.87,tt:0.35,num_interact:328,Intrvl:15,num_users:498,errors:2
rt:21.84,through:24.93,tt:0.34,num_interact:374,Intrvl:15,num_users:507,errors:10
rt:21.68,through:24.2,tt:0.37,num_interact:363,Intrvl:15,num_users:498,errors:8
rt:19.33,through:22.13,tt:0.37,num_interact:332,Intrvl:15,num_users:442,errors:0
rt:16.56,through:26,tt:0.34,num_interact:390,Intrvl:15,num_users:491,errors:15
rt:22.29,through:23,tt:0.35,num_interact:346,Intrvl:15,num_users:560,errors:4
rt:21.31,through:26.47,tt:0.36,num_interact:397,Intrvl:15,num_users:588,errors:11
rt:23.15,through:18.93,tt:0.39,num_interact:284,Intrvl:15,num_users:505,errors:1
rt:22.12,through:26.13,tt:0.35,num_interact:393,Intrvl:15,num_users:518,errors:15
rt:22.14,through:23.73,tt:0.34,num_interact:356,Intrvl:15,num_users:501,errors:3
rt:18.32,through:22.2,tt:0.35,num_interact:333,Intrvl:15,num_users:461,errors:11
rt:19.92,through:23.27,tt:0.37,num_interact:349,Intrvl:15,num_users:536,errors:5
rt:20.23,through:26.6,tt:0.36,num_interact:401,Intrvl:15,num_users:522,errors:6
rt:18.17,through:27.67,tt:0.34,num_interact:415,Intrvl:15,num_users:430,errors:5
rt:16.22,through:22.6,tt:0.42,num_interact:340,Intrvl:15,num_users:536,errors:0
rt:19,through:24.6,tt:0.37,num_interact:369,Intrvl:15,num_users:651,errors:15
rt:22.78,through:23,tt:0.32,num_interact:346,Intrvl:15,num_users:563,errors:0
rt:18.56,through:23.6,tt:0.37,num_interact:354,Intrvl:15,num_users:623,errors:30
rt:28.42,through:20.2,tt:0.36,num_interact:310,Intrvl:15,num_users:511,errors:0
rt:19.6,through:21.07,tt:0.33,num_interact:316,Intrvl:15,num_users:578,errors:7
rt:28.05,through:20.13,tt:0.32,num_interact:303,Intrvl:15,num_users:529,errors:1
rt:24.79,through:23.47,tt:0.34,num_interact:352,Intrvl:15,num_users:505,errors:3
rt:23.66,through:24.33,tt:0.38,num_interact:365,Intrvl:15,num_users:585,errors:2
rt:24.48,through:21,tt:0.35,num_interact:315,Intrvl:15,num_users:466,errors:0
rt:19.75,through:24.8,tt:0.37,num_interact:372,Intrvl:15,num_users:532,errors:6
rt:19.8,through:24.13,tt:0.39,num_interact:362,Intrvl:15,num_users:542,errors:0
rt:20.38,through:25.8,tt:0.39,num_interact:387,Intrvl:15,num_users:620,errors:10
rt:24.66,through:21.93,tt:0.37,num_interact:329,Intrvl:15,num_users:552,errors:0
rt:20.64,through:25.47,tt:0.34,num_interact:382,Intrvl:15,num_users:547,errors:19
rt:23.15,through:22.73,tt:0.32,num_interact:341,Intrvl:15,num_users:550,errors:1
rt:20.96,through:24,tt:0.35,num_interact:360,Intrvl:15,num_users:508,errors:13
rt:21.1,through:23.73,tt:0.37,num_interact:356,Intrvl:15,num_users:491,errors:0
rt:20.14,through:24.87,tt:0.35,num_interact:373,Intrvl:15,num_users:617,errors:20
rt:25.18,through:21.53,tt:0.37,num_interact:334,Intrvl:15,num_users:627,errors:0
rt:21.91,through:26.27,tt:0.34,num_interact:394,Intrvl:15,num_users:605,errors:15
rt:23.33,through:25.07,tt:0.36,num_interact:376,Intrvl:15,num_users:668,errors:0
rt:23.38,through:23,tt:0.34,num_interact:346,Intrvl:15,num_users:549,errors:17
rt:22.79,through:22.8,tt:0.37,num_interact:342,Intrvl:15,num_users:571,errors:0
rt:23.03,through:24.8,tt:0.35,num_interact:372,Intrvl:15,num_users:584,errors:17
rt:24.88,through:22.6,tt:0.34,num_interact:339,Intrvl:15,num_users:587,errors:1
rt:22.49,through:24.87,tt:0.36,num_interact:378,Intrvl:15,num_users:529,errors:18
rt:22.22,through:21.87,tt:0.34,num_interact:328,Intrvl:15,num_users:556,errors:6
rt:22.34,through:25.93,tt:0.39,num_interact:389,Intrvl:15,num_users:612,errors:7
rt:23.03,through:21.73,tt:0.36,num_interact:326,Intrvl:15,num_users:571,errors:25
rt:23.54,through:25.33,tt:0.38,num_interact:380,Intrvl:15,num_users:571,errors:0
rt:22.85,through:23.2,tt:0.33,num_interact:348,Intrvl:15,num_users:526,errors:23
rt:24.1,through:23.13,tt:0.36,num_interact:347,Intrvl:15,num_users:620,errors:0
rt:23.23,through:25.93,tt:0.35,num_interact:389,Intrvl:15,num_users:679,errors:17
rt:26.68,through:21.73,tt:0.34,num_interact:326,Intrvl:15,num_users:564,errors:0
rt:21.77,through:23.13,tt:0.35,num_interact:347,Intrvl:15,num_users:535,errors:11
rt:22.32,through:24,tt:0.37,num_interact:360,Intrvl:15,num_users:606,errors:1
rt:22.27,through:24.8,tt:0.35,num_interact:372,Intrvl:15,num_users:629,errors:3
rt:25.29,through:23.47,tt:0.33,num_interact:352,Intrvl:15,num_users:568,errors:13
rt:22.62,through:23.67,tt:0.4,num_interact:355,Intrvl:15,num_users:659,errors:0
rt:24.26,through:24.27,tt:0.35,num_interact:364,Intrvl:15,num_users:624,errors:15
rt:24.99,through:23.2,tt:0.4,num_interact:348,Intrvl:15,num_users:592,errors:0
rt:22.55,through:24.6,tt:0.35,num_interact:369,Intrvl:15,num_users:616,errors:18
rt:26.22,through:23.13,tt:0.36,num_interact:347,Intrvl:15,num_users:612,errors:0
rt:22.31,through:24.93,tt:0.39,num_interact:374,Intrvl:15,num_users:608,errors:19
rt:25.61,through:25.4,tt:0.35,num_interact:381,Intrvl:15,num_users:617,errors:0
rt:23.76,through:25.07,tt:0.35,num_interact:376,Intrvl:15,num_users:599,errors:17
rt:27.35,through:19.53,tt:0.34,num_interact:294,Intrvl:15,num_users:498,errors:0
rt:18.42,through:27.33,tt:0.34,num_interact:410,Intrvl:15,num_users:564,errors:17
rt:23.29,through:22.13,tt:0.38,num_interact:332,Intrvl:15,num_users:591,errors:0
rt:21.95,through:26.67,tt:0.33,num_interact:400,Intrvl:15,num_users:648,errors:17
rt:26.23,through:18.27,tt:0.35,num_interact:274,Intrvl:15,num_users:531,errors:0
rt:22.15,through:27.87,tt:0.35,num_interact:423,Intrvl:15,num_users:714,errors:20
rt:25.82,through:22.6,tt:0.36,num_interact:339,Intrvl:15,num_users:690,errors:1
rt:26.62,through:23.13,tt:0.32,num_interact:347,Intrvl:15,num_users:641,errors:13
rt:24.54,through:26.2,tt:0.37,num_interact:393,Intrvl:15,num_users:746,errors:2
rt:27.06,through:24.4,tt:0.38,num_interact:366,Intrvl:15,num_users:703,errors:10
rt:26.61,through:22.93,tt:0.38,num_interact:344,Intrvl:15,num_users:643,errors:5
rt:24.99,through:23.67,tt:0.37,num_interact:355,Intrvl:15,num_users:732,errors:11
rt:30.19,through:22.8,tt:0.36,num_interact:345,Intrvl:15,num_users:634,errors:10
rt:23.85,through:29.13,tt:0.34,num_interact:439,Intrvl:15,num_users:651,errors:7
rt:25.94,through:18.27,tt:0.37,num_interact:274,Intrvl:15,num_users:617,errors:5
rt:26.86,through:24.4,tt:0.36,num_interact:366,Intrvl:15,num_users:650,errors:3
rt:26.87,through:21.93,tt:0.34,num_interact:329,Intrvl:15,num_users:567,errors:15
rt:25.22,through:24.13,tt:0.37,num_interact:366,Intrvl:15,num_users:622,errors:6
rt:24.47,through:24.87,tt:0.36,num_interact:373,Intrvl:15,num_users:694,errors:19
rt:28.95,through:24.33,tt:0.35,num_interact:365,Intrvl:15,num_users:662,errors:0
rt:25.32,through:23,tt:0.35,num_interact:345,Intrvl:15,num_users:591,errors:19
rt:27.95,through:22.27,tt:0.36,num_interact:341,Intrvl:15,num_users:717,errors:1
rt:22.89,through:24.6,tt:0.38,num_interact:369,Intrvl:15,num_users:672,errors:16
rt:26.92,through:23.87,tt:0.34,num_interact:358,Intrvl:15,num_users:648,errors:0
rt:25.06,through:24.8,tt:0.37,num_interact:372,Intrvl:15,num_users:634,errors:20
rt:27.2,through:22.07,tt:0.35,num_interact:331,Intrvl:15,num_users:693,errors:0
rt:26.15,through:26.13,tt:0.35,num_interact:392,Intrvl:15,num_users:742,errors:18
rt:30.07,through:19.6,tt:0.37,num_interact:294,Intrvl:15,num_users:601,errors:2
rt:23.92,through:25.27,tt:0.38,num_interact:379,Intrvl:15,num_users:638,errors:21
rt:26.51,through:22.33,tt:0.34,num_interact:335,Intrvl:15,num_users:700,errors:0
rt:27.18,through:24.93,tt:0.4,num_interact:379,Intrvl:15,num_users:708,errors:11
rt:27.36,through:24.6,tt:0.35,num_interact:369,Intrvl:15,num_users:673,errors:7
rt:25.16,through:23.73,tt:0.36,num_interact:356,Intrvl:15,num_users:648,errors:13
rt:27.71,through:23.8,tt:0.34,num_interact:357,Intrvl:15,num_users:673,errors:17
rt:26.7,through:23.8,tt:0.32,num_interact:357,Intrvl:15,num_users:638,errors:2
rt:25.51,through:24.93,tt:0.38,num_interact:374,Intrvl:15,num_users:675,errors:18
rt:30.24,through:23.47,tt:0.36,num_interact:352,Intrvl:15,num_users:731,errors:0
rt:26.41,through:25.07,tt:0.35,num_interact:376,Intrvl:15,num_users:661,errors:23
rt:27.86,through:22.07,tt:0.38,num_interact:331,Intrvl:15,num_users:742,errors:2
rt:24.45,through:24.33,tt:0.35,num_interact:365,Intrvl:15,num_users:654,errors:16
rt:26.41,through:23.8,tt:0.35,num_interact:357,Intrvl:15,num_users:762,errors:1
rt:27.33,through:23.73,tt:0.36,num_interact:356,Intrvl:15,num_users:708,errors:23
rt:32.12,through:24.07,tt:0.32,num_interact:361,Intrvl:15,num_users:643,errors:0
rt:24.34,through:23.27,tt:0.34,num_interact:349,Intrvl:15,num_users:736,errors:17
rt:29.71,through:23.67,tt:0.36,num_interact:355,Intrvl:15,num_users:753,errors:1
rt:27.42,through:24.47,tt:0.33,num_interact:367,Intrvl:15,num_users:703,errors:16
rt:28.37,through:23.47,tt:0.35,num_interact:352,Intrvl:15,num_users:717,errors:0
rt:27.07,through:23.87,tt:0.35,num_interact:358,Intrvl:15,num_users:655,errors:16
rt:30.64,through:22.6,tt:0.34,num_interact:348,Intrvl:15,num_users:693,errors:3
rt:27.65,through:25.07,tt:0.36,num_interact:376,Intrvl:15,num_users:640,errors:17
rt:28.25,through:24.73,tt:0.35,num_interact:371,Intrvl:15,num_users:665,errors:2
rt:24.98,through:24.67,tt:0.33,num_interact:375,Intrvl:15,num_users:676,errors:16
rt:27.12,through:24.33,tt:0.32,num_interact:371,Intrvl:15,num_users:686,errors:8
rt:28.67,through:25.53,tt:0.31,num_interact:383,Intrvl:15,num_users:710,errors:24
rt:27.05,through:24.47,tt:0.34,num_interact:367,Intrvl:15,num_users:714,errors:4
rt:26.84,through:22.47,tt:0.34,num_interact:338,Intrvl:15,num_users:636,errors:7
rt:28.01,through:26.07,tt:0.34,num_interact:391,Intrvl:15,num_users:676,errors:11
rt:26.11,through:23.2,tt:0.36,num_interact:350,Intrvl:15,num_users:678,errors:3
rt:26.93,through:25.6,tt:0.35,num_interact:384,Intrvl:15,num_users:711,errors:16
rt:25.62,through:24.6,tt:0.36,num_interact:369,Intrvl:15,num_users:697,errors:2
rt:26.45,through:24.6,tt:0.37,num_interact:369,Intrvl:15,num_users:741,errors:24
rt:30.37,through:24.8,tt:0.36,num_interact:372,Intrvl:15,num_users:791,errors:3
rt:27.67,through:26.8,tt:0.37,num_interact:402,Intrvl:15,num_users:826,errors:17
rt:31.15,through:23.93,tt:0.39,num_interact:359,Intrvl:15,num_users:739,errors:1
rt:27.49,through:23.13,tt:0.36,num_interact:347,Intrvl:15,num_users:676,errors:15
rt:30.13,through:21.93,tt:0.35,num_interact:329,Intrvl:15,num_users:644,errors:4
rt:27.8,through:25.33,tt:0.31,num_interact:380,Intrvl:15,num_users:672,errors:14
rt:27.48,through:23.67,tt:0.35,num_interact:356,Intrvl:15,num_users:661,errors:4
rt:26.78,through:25.6,tt:0.34,num_interact:384,Intrvl:15,num_users:602,errors:17
rt:28.76,through:22.73,tt:0.36,num_interact:341,Intrvl:15,num_users:666,errors:5
rt:25.42,through:24.4,tt:0.41,num_interact:368,Intrvl:15,num_users:654,errors:23
rt:26.13,through:24,tt:0.39,num_interact:360,Intrvl:15,num_users:713,errors:2
rt:29.08,through:24.47,tt:0.37,num_interact:377,Intrvl:15,num_users:655,errors:26
rt:28.37,through:24,tt:0.35,num_interact:360,Intrvl:15,num_users:697,errors:5
rt:28.63,through:25.27,tt:0.38,num_interact:379,Intrvl:15,num_users:732,errors:25
rt:27.66,through:24.87,tt:0.36,num_interact:373,Intrvl:15,num_users:671,errors:4
rt:26.75,through:24.53,tt:0.37,num_interact:368,Intrvl:15,num_users:704,errors:18
rt:29.1,through:22.67,tt:0.34,num_interact:340,Intrvl:15,num_users:641,errors:8
rt:28.01,through:24.53,tt:0.36,num_interact:368,Intrvl:15,num_users:657,errors:3
rt:25.61,through:24.93,tt:0.39,num_interact:374,Intrvl:15,num_users:685,errors:15
rt:24.95,through:24.47,tt:0.36,num_interact:367,Intrvl:15,num_users:722,errors:1
rt:26.53,through:25,tt:0.35,num_interact:375,Intrvl:15,num_users:718,errors:25
rt:28.68,through:23.27,tt:0.38,num_interact:349,Intrvl:15,num_users:732,errors:1
rt:26.23,through:25,tt:0.34,num_interact:375,Intrvl:15,num_users:699,errors:28
rt:30.51,through:24.27,tt:0.34,num_interact:364,Intrvl:15,num_users:708,errors:2
rt:26.03,through:23.93,tt:0.35,num_interact:361,Intrvl:15,num_users:654,errors:25
rt:29.54,through:21.8,tt:0.32,num_interact:327,Intrvl:15,num_users:633,errors:3
rt:25.71,through:25,tt:0.38,num_interact:386,Intrvl:15,num_users:692,errors:17
rt:26.23,through:21.93,tt:0.37,num_interact:329,Intrvl:15,num_users:610,errors:4
rt:25.37,through:24.53,tt:0.34,num_interact:368,Intrvl:15,num_users:638,errors:10
rt:26.08,through:23.8,tt:0.34,num_interact:357,Intrvl:15,num_users:673,errors:10
rt:25.48,through:25.07,tt:0.38,num_interact:376,Intrvl:15,num_users:664,errors:3
rt:26.85,through:25.07,tt:0.36,num_interact:376,Intrvl:15,num_users:697,errors:17
rt:27.76,through:23.27,tt:0.34,num_interact:349,Intrvl:15,num_users:694,errors:8
rt:27.55,through:26.33,tt:0.36,num_interact:395,Intrvl:15,num_users:774,errors:18
rt:28.06,through:24.13,tt:0.32,num_interact:362,Intrvl:15,num_users:685,errors:0
rt:27.81,through:25.2,tt:0.35,num_interact:378,Intrvl:15,num_users:692,errors:17
rt:29.05,through:22.33,tt:0.36,num_interact:335,Intrvl:15,num_users:647,errors:1
rt:25.7,through:24.6,tt:0.34,num_interact:369,Intrvl:15,num_users:658,errors:12
rt:25.84,through:24.27,tt:0.36,num_interact:364,Intrvl:15,num_users:673,errors:6
rt:24.58,through:23.2,tt:0.36,num_interact:348,Intrvl:15,num_users:594,errors:18
rt:25.25,through:23.2,tt:0.36,num_interact:348,Intrvl:15,num_users:641,errors:3
rt:25.12,through:23.13,tt:0.36,num_interact:347,Intrvl:15,num_users:584,errors:16
rt:24.06,through:23.4,tt:0.37,num_interact:351,Intrvl:15,num_users:629,errors:1
rt:21.42,through:25.27,tt:0.38,num_interact:379,Intrvl:15,num_users:679,errors:24
rt:26.27,through:21.53,tt:0.37,num_interact:324,Intrvl:15,num_users:578,errors:7
rt:22.9,through:26.47,tt:0.33,num_interact:397,Intrvl:15,num_users:595,errors:26
rt:25.27,through:22.4,tt:0.34,num_interact:336,Intrvl:15,num_users:606,errors:2
rt:25.8,through:25.4,tt:0.37,num_interact:381,Intrvl:15,num_users:720,errors:17
rt:24.48,through:24.07,tt:0.38,num_interact:361,Intrvl:15,num_users:704,errors:1
rt:22.91,through:24.6,tt:0.36,num_interact:369,Intrvl:15,num_users:690,errors:17
rt:26.63,through:21.87,tt:0.33,num_interact:328,Intrvl:15,num_users:655,errors:12
rt:25.27,through:24.47,tt:0.34,num_interact:367,Intrvl:15,num_users:613,errors:5
rt:26.47,through:22.67,tt:0.38,num_interact:340,Intrvl:15,num_users:708,errors:21
rt:26.85,through:27.07,tt:0.35,num_interact:406,Intrvl:15,num_users:715,errors:2
rt:27.38,through:23.27,tt:0.36,num_interact:349,Intrvl:15,num_users:651,errors:24
rt:25.3,through:23.6,tt:0.36,num_interact:354,Intrvl:15,num_users:661,errors:5
rt:26.23,through:26.27,tt:0.35,num_interact:394,Intrvl:15,num_users:701,errors:20
rt:25.28,through:23.33,tt:0.37,num_interact:350,Intrvl:15,num_users:686,errors:3
rt:26,through:24.87,tt:0.37,num_interact:373,Intrvl:15,num_users:704,errors:31
rt:32.34,through:23.07,tt:0.36,num_interact:346,Intrvl:15,num_users:669,errors:11
rt:24.78,through:25,tt:0.37,num_interact:375,Intrvl:15,num_users:631,errors:20
rt:21.74,through:23.73,tt:0.34,num_interact:356,Intrvl:15,num_users:671,errors:8
rt:26.07,through:23.53,tt:0.37,num_interact:355,Intrvl:15,num_users:720,errors:23
rt:30.49,through:23.67,tt:0.35,num_interact:355,Intrvl:15,num_users:680,errors:2
rt:26.16,through:25.53,tt:0.33,num_interact:383,Intrvl:15,num_users:708,errors:13
rt:24.8,through:21.8,tt:0.36,num_interact:327,Intrvl:15,num_users:631,errors:14
rt:26.26,through:24.6,tt:0.38,num_interact:371,Intrvl:15,num_users:700,errors:2
rt:26.25,through:22.67,tt:0.36,num_interact:340,Intrvl:15,num_users:613,errors:25
rt:27.86,through:24.07,tt:0.38,num_interact:361,Intrvl:15,num_users:676,errors:4
rt:27.62,through:23.87,tt:0.37,num_interact:358,Intrvl:15,num_users:679,errors:17
rt:30.75,through:24.07,tt:0.35,num_interact:361,Intrvl:15,num_users:676,errors:7
rt:26.84,through:26.93,tt:0.36,num_interact:404,Intrvl:15,num_users:739,errors:23
rt:35.01,through:24.07,tt:0.38,num_interact:364,Intrvl:15,num_users:710,errors:5
rt:28.05,through:25.13,tt:0.36,num_interact:381,Intrvl:15,num_users:735,errors:23
rt:32.78,through:20.47,tt:0.37,num_interact:307,Intrvl:15,num_users:609,errors:1
rt:21.49,through:26.4,tt:0.42,num_interact:396,Intrvl:15,num_users:710,errors:14
rt:28.38,through:23,tt:0.37,num_interact:357,Intrvl:15,num_users:699,errors:0
rt:27.01,through:26.27,tt:0.34,num_interact:397,Intrvl:15,num_users:687,errors:18
rt:28.2,through:23.13,tt:0.35,num_interact:347,Intrvl:15,num_users:755,errors:4
rt:29.34,through:23.73,tt:0.38,num_interact:383,Intrvl:15,num_users:806,errors:22
rt:30.49,through:24.53,tt:0.36,num_interact:384,Intrvl:15,num_users:797,errors:3
rt:29.43,through:24.13,tt:0.36,num_interact:362,Intrvl:15,num_users:770,errors:22
rt:29.5,through:23.47,tt:0.35,num_interact:352,Intrvl:15,num_users:659,errors:0
rt:22.33,through:23.67,tt:0.34,num_interact:355,Intrvl:15,num_users:640,errors:20
rt:30.44,through:23.07,tt:0.39,num_interact:346,Intrvl:15,num_users:749,errors:1
rt:28.41,through:20.47,tt:0.35,num_interact:310,Intrvl:15,num_users:575,errors:10
rt:28.49,through:24.53,tt:0.36,num_interact:368,Intrvl:15,num_users:792,errors:2
rt:26.29,through:22.6,tt:0.37,num_interact:339,Intrvl:15,num_users:699,errors:9
rt:25.93,through:23.67,tt:0.4,num_interact:357,Intrvl:15,num_users:728,errors:4
rt:27.9,through:25.33,tt:0.38,num_interact:381,Intrvl:15,num_users:717,errors:9
rt:29.33,through:22.53,tt:0.3,num_interact:340,Intrvl:15,num_users:669,errors:6
rt:27.85,through:24.93,tt:0.4,num_interact:374,Intrvl:15,num_users:699,errors:19
rt:27.73,through:23.47,tt:0.32,num_interact:352,Intrvl:15,num_users:643,errors:2
rt:26.33,through:24.33,tt:0.36,num_interact:365,Intrvl:15,num_users:685,errors:9
rt:26.42,through:23.27,tt:0.38,num_interact:349,Intrvl:15,num_users:630,errors:4
rt:25.4,through:24.73,tt:0.35,num_interact:381,Intrvl:15,num_users:734,errors:20
rt:29.55,through:24.07,tt:0.34,num_interact:361,Intrvl:15,num_users:692,errors:2
rt:26.39,through:25.13,tt:0.34,num_interact:377,Intrvl:15,num_users:724,errors:18
rt:29.11,through:22.47,tt:0.33,num_interact:339,Intrvl:15,num_users:651,errors:9
rt:25.69,through:25,tt:0.35,num_interact:375,Intrvl:15,num_users:662,errors:20
rt:27.46,through:21.13,tt:0.4,num_interact:317,Intrvl:15,num_users:627,errors:5
rt:28.32,through:26.53,tt:0.35,num_interact:398,Intrvl:15,num_users:610,errors:14
rt:27.78,through:23.47,tt:0.39,num_interact:352,Intrvl:15,num_users:673,errors:1
rt:24.39,through:25.27,tt:0.35,num_interact:381,Intrvl:15,num_users:661,errors:21
rt:26.56,through:23.87,tt:0.36,num_interact:360,Intrvl:15,num_users:714,errors:2
rt:27.19,through:25.13,tt:0.37,num_interact:377,Intrvl:15,num_users:651,errors:22
rt:25.51,through:21.93,tt:0.36,num_interact:329,Intrvl:15,num_users:616,errors:4
rt:24.8,through:24.13,tt:0.37,num_interact:362,Intrvl:15,num_users:687,errors:26
rt:30.14,through:23.4,tt:0.36,num_interact:351,Intrvl:15,num_users:693,errors:8
rt:28.09,through:24.33,tt:0.34,num_interact:365,Intrvl:15,num_users:652,errors:21
rt:27.85,through:25.13,tt:0.37,num_interact:377,Intrvl:15,num_users:736,errors:9
rt:28.83,through:24.33,tt:0.35,num_interact:371,Intrvl:15,num_users:648,errors:19
rt:27.48,through:25.87,tt:0.33,num_interact:388,Intrvl:15,num_users:671,errors:4
rt:25.62,through:24.8,tt:0.41,num_interact:372,Intrvl:15,num_users:745,errors:17
rt:27.08,through:22.93,tt:0.34,num_interact:344,Intrvl:15,num_users:699,errors:9
rt:28.03,through:23.53,tt:0.34,num_interact:353,Intrvl:15,num_users:689,errors:1
rt:26.06,through:26.53,tt:0.36,num_interact:398,Intrvl:15,num_users:697,errors:16
rt:27.5,through:24.93,tt:0.31,num_interact:374,Intrvl:15,num_users:683,errors:0
rt:25.83,through:24.8,tt:0.33,num_interact:372,Intrvl:15,num_users:710,errors:25
rt:27.72,through:23.67,tt:0.33,num_interact:355,Intrvl:15,num_users:675,errors:11
rt:26.57,through:25.47,tt:0.38,num_interact:382,Intrvl:15,num_users:672,errors:23
rt:29.27,through:24.53,tt:0.33,num_interact:368,Intrvl:15,num_users:671,errors:2
rt:26.06,through:25.67,tt:0.33,num_interact:385,Intrvl:15,num_users:640,errors:23
rt:30.69,through:20.33,tt:0.33,num_interact:305,Intrvl:15,num_users:567,errors:2
rt:23.75,through:25.2,tt:0.35,num_interact:379,Intrvl:15,num_users:592,errors:17
rt:23.71,through:23.07,tt:0.36,num_interact:346,Intrvl:15,num_users:598,errors:8
rt:27.37,through:23.93,tt:0.38,num_interact:359,Intrvl:15,num_users:546,errors:16
rt:21.91,through:26.13,tt:0.35,num_interact:392,Intrvl:15,num_users:648,errors:8
rt:25.54,through:24.2,tt:0.33,num_interact:363,Intrvl:15,num_users:707,errors:7
rt:25.92,through:21.73,tt:0.38,num_interact:326,Intrvl:15,num_users:599,errors:9
rt:23.68,through:23.53,tt:0.37,num_interact:353,Intrvl:15,num_users:664,errors:4
rt:23.48,through:24.47,tt:0.38,num_interact:367,Intrvl:15,num_users:721,errors:20
rt:27.4,through:24.73,tt:0.37,num_interact:373,Intrvl:15,num_users:774,errors:0
rt:29.83,through:22.6,tt:0.37,num_interact:339,Intrvl:15,num_users:634,errors:19
rt:27.83,through:20.4,tt:0.34,num_interact:306,Intrvl:15,num_users:596,errors:2
rt:24.92,through:24.53,tt:0.38,num_interact:368,Intrvl:15,num_users:683,errors:14
rt:28.92,through:21.67,tt:0.35,num_interact:326,Intrvl:15,num_users:627,errors:1
rt:25.39,through:25.4,tt:0.35,num_interact:381,Intrvl:15,num_users:599,errors:21
rt:26.6,through:22.67,tt:0.37,num_interact:340,Intrvl:15,num_users:651,errors:6
rt:26.39,through:25.6,tt:0.38,num_interact:384,Intrvl:15,num_users:655,errors:14
rt:26.63,through:23.73,tt:0.36,num_interact:356,Intrvl:15,num_users:648,errors:1
rt:24.46,through:23.73,tt:0.35,num_interact:361,Intrvl:15,num_users:606,errors:18
rt:24.96,through:23.67,tt:0.36,num_interact:355,Intrvl:15,num_users:633,errors:10
rt:24.76,through:23.87,tt:0.35,num_interact:359,Intrvl:15,num_users:640,errors:3
rt:24.72,through:25,tt:0.4,num_interact:375,Intrvl:15,num_users:623,errors:15
rt:26.22,through:25.13,tt:0.34,num_interact:377,Intrvl:15,num_users:622,errors:4
rt:24.33,through:24.07,tt:0.34,num_interact:361,Intrvl:15,num_users:624,errors:17
rt:26.99,through:25.53,tt:0.33,num_interact:383,Intrvl:15,num_users:603,errors:0
rt:22.14,through:26.33,tt:0.35,num_interact:395,Intrvl:15,num_users:623,errors:25
rt:28.35,through:21.87,tt:0.35,num_interact:328,Intrvl:15,num_users:647,errors:1
rt:23.96,through:24.6,tt:0.36,num_interact:369,Intrvl:15,num_users:587,errors:17
rt:24.6,through:23.27,tt:0.34,num_interact:349,Intrvl:15,num_users:574,errors:3
rt:22.74,through:24.13,tt:0.33,num_interact:362,Intrvl:15,num_users:543,errors:16
rt:23.73,through:22.67,tt:0.38,num_interact:340,Intrvl:15,num_users:644,errors:3
rt:25.09,through:22.8,tt:0.37,num_interact:342,Intrvl:15,num_users:566,errors:5
rt:24.91,through:22.87,tt:0.33,num_interact:343,Intrvl:15,num_users:554,errors:14
rt:22.28,through:23.93,tt:0.37,num_interact:359,Intrvl:15,num_users:598,errors:3
rt:24.6,through:23.67,tt:0.34,num_interact:355,Intrvl:15,num_users:543,errors:21
rt:22.98,through:23.6,tt:0.37,num_interact:354,Intrvl:15,num_users:595,errors:1
rt:21.72,through:23.33,tt:0.35,num_interact:350,Intrvl:15,num_users:556,errors:18
rt:26.02,through:24.4,tt:0.35,num_interact:366,Intrvl:15,num_users:542,errors:0
rt:19.76,through:26.33,tt:0.36,num_interact:396,Intrvl:15,num_users:545,errors:20
rt:23,through:23,tt:0.39,num_interact:345,Intrvl:15,num_users:542,errors:1
rt:21.18,through:25.47,tt:0.35,num_interact:382,Intrvl:15,num_users:622,errors:14
rt:24.49,through:23.07,tt:0.37,num_interact:346,Intrvl:15,num_users:591,errors:0
rt:23.14,through:25.47,tt:0.33,num_interact:382,Intrvl:15,num_users:580,errors:18
rt:23.46,through:23.87,tt:0.36,num_interact:358,Intrvl:15,num_users:661,errors:3
rt:25.39,through:24.07,tt:0.35,num_interact:361,Intrvl:15,num_users:652,errors:1
rt:24.9,through:24.07,tt:0.36,num_interact:361,Intrvl:15,num_users:599,errors:18
rt:24.81,through:24.2,tt:0.37,num_interact:363,Intrvl:15,num_users:630,errors:0
rt:21.81,through:24.27,tt:0.37,num_interact:366,Intrvl:15,num_users:783,errors:21
rt:30.16,through:21.2,tt:0.32,num_interact:318,Intrvl:15,num_users:636,errors:0
rt:25.67,through:23.8,tt:0.35,num_interact:357,Intrvl:15,num_users:707,errors:19
rt:25.87,through:24.47,tt:0.35,num_interact:367,Intrvl:15,num_users:657,errors:0
rt:25.62,through:24.4,tt:0.35,num_interact:366,Intrvl:15,num_users:687,errors:18
rt:27.5,through:20.93,tt:0.36,num_interact:314,Intrvl:15,num_users:605,errors:1
rt:24.87,through:25.93,tt:0.38,num_interact:389,Intrvl:15,num_users:592,errors:6
rt:25.9,through:22.47,tt:0.35,num_interact:337,Intrvl:15,num_users:595,errors:0
rt:22.38,through:26.2,tt:0.34,num_interact:393,Intrvl:15,num_users:626,errors:17
rt:24.17,through:24.47,tt:0.36,num_interact:367,Intrvl:15,num_users:643,errors:0
rt:26.23,through:25.2,tt:0.35,num_interact:379,Intrvl:15,num_users:627,errors:22
rt:26.7,through:23.4,tt:0.37,num_interact:351,Intrvl:15,num_users:627,errors:0
rt:24.99,through:23.67,tt:0.36,num_interact:360,Intrvl:15,num_users:567,errors:23
rt:24.51,through:23.47,tt:0.37,num_interact:352,Intrvl:15,num_users:589,errors:4
rt:23.01,through:24.2,tt:0.35,num_interact:363,Intrvl:15,num_users:626,errors:10
rt:24.61,through:25.87,tt:0.36,num_interact:388,Intrvl:15,num_users:606,errors:19
rt:23.81,through:21.93,tt:0.35,num_interact:329,Intrvl:15,num_users:571,errors:0
rt:23.28,through:24.47,tt:0.35,num_interact:367,Intrvl:15,num_users:568,errors:26
rt:24.66,through:24.33,tt:0.34,num_interact:365,Intrvl:15,num_users:568,errors:0
rt:22.61,through:26.93,tt:0.36,num_interact:404,Intrvl:15,num_users:582,errors:16
rt:23.65,through:22.47,tt:0.33,num_interact:337,Intrvl:15,num_users:584,errors:0
rt:22.19,through:24.6,tt:0.35,num_interact:369,Intrvl:15,num_users:505,errors:14
rt:22.65,through:22.33,tt:0.34,num_interact:335,Intrvl:15,num_users:592,errors:0
rt:21.38,through:24.6,tt:0.34,num_interact:369,Intrvl:15,num_users:662,errors:16
rt:25.89,through:21.33,tt:0.36,num_interact:320,Intrvl:15,num_users:581,errors:6
rt:22.6,through:24.67,tt:0.4,num_interact:370,Intrvl:15,num_users:711,errors:0
rt:26.37,through:24.13,tt:0.38,num_interact:362,Intrvl:15,num_users:750,errors:12
rt:25.9,through:24.07,tt:0.33,num_interact:361,Intrvl:15,num_users:704,errors:1
rt:24.32,through:22.67,tt:0.33,num_interact:340,Intrvl:15,num_users:638,errors:17
rt:27.55,through:22.4,tt:0.36,num_interact:336,Intrvl:15,num_users:627,errors:1
rt:22.35,through:24.8,tt:0.33,num_interact:372,Intrvl:15,num_users:608,errors:17
rt:25.83,through:24.6,tt:0.32,num_interact:372,Intrvl:15,num_users:631,errors:2
rt:25.73,through:25.13,tt:0.35,num_interact:377,Intrvl:15,num_users:666,errors:16
rt:28.67,through:21.2,tt:0.36,num_interact:322,Intrvl:15,num_users:557,errors:0
rt:21.2,through:24.87,tt:0.37,num_interact:373,Intrvl:15,num_users:668,errors:24
rt:28.25,through:20.87,tt:0.36,num_interact:313,Intrvl:15,num_users:633,errors:0
rt:24.91,through:25.47,tt:0.33,num_interact:382,Intrvl:15,num_users:609,errors:19
rt:25.32,through:23.07,tt:0.38,num_interact:354,Intrvl:15,num_users:638,errors:3
rt:24.86,through:25.73,tt:0.35,num_interact:386,Intrvl:15,num_users:595,errors:15
rt:26.22,through:22.07,tt:0.38,num_interact:331,Intrvl:15,num_users:592,errors:2
rt:22.93,through:26.4,tt:0.35,num_interact:409,Intrvl:15,num_users:633,errors:21
rt:23.79,through:22.87,tt:0.34,num_interact:343,Intrvl:15,num_users:617,errors:3
rt:23.87,through:24.73,tt:0.33,num_interact:371,Intrvl:15,num_users:624,errors:21
rt:27.36,through:23.47,tt:0.31,num_interact:352,Intrvl:15,num_users:599,errors:7
rt:25.07,through:24.33,tt:0.37,num_interact:365,Intrvl:15,num_users:557,errors:11
rt:24.21,through:22.53,tt:0.38,num_interact:339,Intrvl:15,num_users:605,errors:9
rt:23.05,through:26.8,tt:0.37,num_interact:408,Intrvl:15,num_users:666,errors:4
rt:25.97,through:25.13,tt:0.4,num_interact:377,Intrvl:15,num_users:658,errors:18
rt:26.55,through:25.07,tt:0.36,num_interact:376,Intrvl:15,num_users:601,errors:2
rt:22.21,through:23.67,tt:0.38,num_interact:355,Intrvl:15,num_users:608,errors:19
rt:26.04,through:22.8,tt:0.34,num_interact:343,Intrvl:15,num_users:605,errors:0
rt:22.37,through:23.07,tt:0.35,num_interact:346,Intrvl:15,num_users:557,errors:15
rt:25.54,through:23.67,tt:0.36,num_interact:355,Intrvl:15,num_users:665,errors:0
rt:22.28,through:27.2,tt:0.37,num_interact:408,Intrvl:15,num_users:644,errors:23
rt:28.18,through:20.4,tt:0.36,num_interact:307,Intrvl:15,num_users:585,errors:0
rt:23.02,through:24.33,tt:0.34,num_interact:365,Intrvl:15,num_users:540,errors:12
rt:23.05,through:23.2,tt:0.38,num_interact:348,Intrvl:15,num_users:638,errors:0
rt:23.45,through:24.53,tt:0.37,num_interact:368,Intrvl:15,num_users:659,errors:11
rt:25.4,through:22.73,tt:0.36,num_interact:341,Intrvl:15,num_users:531,errors:6
rt:22.28,through:22.73,tt:0.37,num_interact:341,Intrvl:15,num_users:640,errors:2
rt:25.41,through:22,tt:0.38,num_interact:330,Intrvl:15,num_users:570,errors:18
rt:23.88,through:24.73,tt:0.39,num_interact:371,Intrvl:15,num_users:566,errors:0
rt:22.19,through:24,tt:0.34,num_interact:360,Intrvl:15,num_users:627,errors:16
rt:25.73,through:23.53,tt:0.36,num_interact:359,Intrvl:15,num_users:602,errors:0
rt:20.88,through:24,tt:0.36,num_interact:360,Intrvl:15,num_users:547,errors:19
rt:24.55,through:24,tt:0.35,num_interact:360,Intrvl:15,num_users:634,errors:0
rt:22.06,through:25.2,tt:0.36,num_interact:378,Intrvl:15,num_users:645,errors:18
rt:27.14,through:24.27,tt:0.37,num_interact:364,Intrvl:15,num_users:687,errors:0
rt:23.04,through:24.73,tt:0.36,num_interact:371,Intrvl:15,num_users:636,errors:26
rt:27.23,through:22.67,tt:0.39,num_interact:340,Intrvl:15,num_users:652,errors:3
rt:25.88,through:25.07,tt:0.34,num_interact:376,Intrvl:15,num_users:634,errors:19
rt:27.04,through:23.93,tt:0.33,num_interact:359,Intrvl:15,num_users:641,errors:1
rt:24.27,through:25.07,tt:0.32,num_interact:376,Intrvl:15,num_users:644,errors:14
rt:25.8,through:24.4,tt:0.36,num_interact:366,Intrvl:15,num_users:725,errors:10
rt:27.19,through:23.67,tt:0.39,num_interact:355,Intrvl:15,num_users:676,errors:0
rt:26.35,through:24.6,tt:0.34,num_interact:369,Intrvl:15,num_users:623,errors:15
rt:26.62,through:22.47,tt:0.32,num_interact:337,Intrvl:15,num_users:692,errors:0
rt:23.69,through:25,tt:0.36,num_interact:375,Intrvl:15,num_users:771,errors:23
rt:31.36,through:20.93,tt:0.37,num_interact:314,Intrvl:15,num_users:720,errors:1
rt:28.46,through:25,tt:0.36,num_interact:375,Intrvl:15,num_users:665,errors:22
rt:26.95,through:22.73,tt:0.38,num_interact:341,Intrvl:15,num_users:612,errors:0
rt:23.67,through:25.87,tt:0.38,num_interact:390,Intrvl:15,num_users:612,errors:13
rt:25.96,through:23.07,tt:0.34,num_interact:346,Intrvl:15,num_users:650,errors:0
rt:24.9,through:25.13,tt:0.36,num_interact:378,Intrvl:15,num_users:680,errors:21
rt:25.19,through:25.13,tt:0.4,num_interact:377,Intrvl:15,num_users:750,errors:4
rt:28.12,through:22.67,tt:0.36,num_interact:340,Intrvl:15,num_users:668,errors:23
rt:27.51,through:21.4,tt:0.38,num_interact:325,Intrvl:15,num_users:589,errors:7
rt:24.66,through:23.47,tt:0.35,num_interact:352,Intrvl:15,num_users:657,errors:1
rt:25.87,through:22.4,tt:0.34,num_interact:336,Intrvl:15,num_users:566,errors:21
rt:26.51,through:23.13,tt:0.37,num_interact:347,Intrvl:15,num_users:616,errors:2
rt:23.82,through:25.6,tt:0.37,num_interact:394,Intrvl:15,num_users:675,errors:26
rt:26.87,through:22.33,tt:0.34,num_interact:335,Intrvl:15,num_users:643,errors:0
rt:23.51,through:24.07,tt:0.34,num_interact:361,Intrvl:15,num_users:567,errors:25
rt:26.63,through:22.2,tt:0.38,num_interact:333,Intrvl:15,num_users:568,errors:3
rt:24.41,through:23.6,tt:0.35,num_interact:354,Intrvl:15,num_users:707,errors:20
rt:25.66,through:25.4,tt:0.35,num_interact:381,Intrvl:15,num_users:725,errors:2
rt:29.65,through:22.8,tt:0.37,num_interact:342,Intrvl:15,num_users:627,errors:11
rt:26.25,through:23.53,tt:0.31,num_interact:353,Intrvl:15,num_users:609,errors:15
rt:24.42,through:24.33,tt:0.33,num_interact:367,Intrvl:15,num_users:634,errors:0
rt:24.53,through:22.67,tt:0.33,num_interact:340,Intrvl:15,num_users:543,errors:13
rt:23.8,through:23.13,tt:0.37,num_interact:347,Intrvl:15,num_users:622,errors:0
rt:25.13,through:24.27,tt:0.33,num_interact:364,Intrvl:15,num_users:617,errors:20
rt:25.53,through:23.27,tt:0.34,num_interact:349,Intrvl:15,num_users:570,errors:0
rt:20.17,through:24.8,tt:0.35,num_interact:372,Intrvl:15,num_users:589,errors:15
rt:25.26,through:23.27,tt:0.36,num_interact:349,Intrvl:15,num_users:624,errors:0
rt:21.97,through:26.13,tt:0.35,num_interact:392,Intrvl:15,num_users:584,errors:25
rt:26.02,through:22.33,tt:0.36,num_interact:335,Intrvl:15,num_users:596,errors:1
rt:23.35,through:24,tt:0.35,num_interact:360,Intrvl:15,num_users:526,errors:19
rt:24.14,through:23.27,tt:0.34,num_interact:350,Intrvl:15,num_users:619,errors:5
rt:23.96,through:24.33,tt:0.37,num_interact:365,Intrvl:15,num_users:666,errors:17
rt:25.07,through:22.27,tt:0.36,num_interact:334,Intrvl:15,num_users:606,errors:6
rt:25.66,through:23.2,tt:0.37,num_interact:348,Intrvl:15,num_users:701,errors:0
rt:25.13,through:25.67,tt:0.33,num_interact:385,Intrvl:15,num_users:644,errors:9
rt:26.27,through:22.8,tt:0.37,num_interact:342,Intrvl:15,num_users:592,errors:1
rt:22.28,through:23.8,tt:0.33,num_interact:357,Intrvl:15,num_users:591,errors:17
rt:25.41,through:23.87,tt:0.34,num_interact:358,Intrvl:15,num_users:630,errors:0
rt:23.22,through:26.27,tt:0.36,num_interact:394,Intrvl:15,num_users:658,errors:12
rt:26.05,through:23.13,tt:0.34,num_interact:353,Intrvl:15,num_users:645,errors:1
rt:23.84,through:25.2,tt:0.34,num_interact:378,Intrvl:15,num_users:571,errors:20
rt:24.02,through:22.67,tt:0.35,num_interact:340,Intrvl:15,num_users:588,errors:0
rt:21.6,through:24.27,tt:0.36,num_interact:364,Intrvl:15,num_users:651,errors:19
rt:25.22,through:25.87,tt:0.34,num_interact:388,Intrvl:15,num_users:655,errors:6
rt:24.96,through:24.13,tt:0.33,num_interact:362,Intrvl:15,num_users:641,errors:33
rt:28.83,through:24.53,tt:0.33,num_interact:368,Intrvl:15,num_users:666,errors:0
rt:25.81,through:25,tt:0.35,num_interact:386,Intrvl:15,num_users:692,errors:16
rt:27.11,through:21.27,tt:0.35,num_interact:323,Intrvl:15,num_users:609,errors:4
rt:26.04,through:24.8,tt:0.33,num_interact:372,Intrvl:15,num_users:608,errors:5
rt:24.44,through:24.07,tt:0.35,num_interact:361,Intrvl:15,num_users:715,errors:9
rt:27.25,through:21.73,tt:0.35,num_interact:326,Intrvl:15,num_users:601,errors:2
rt:24.47,through:27.87,tt:0.38,num_interact:418,Intrvl:15,num_users:626,errors:15
rt:24.45,through:26.47,tt:0.37,num_interact:397,Intrvl:15,num_users:644,errors:0
rt:24.17,through:24.47,tt:0.37,num_interact:367,Intrvl:15,num_users:624,errors:14
rt:23.82,through:17.2,tt:0.38,num_interact:258,Intrvl:15,num_users:400,errors:0
rt:16.91,through:22.8,tt:0.37,num_interact:342,Intrvl:15,num_users:482,errors:18
rt:21.1,through:19.33,tt:0.34,num_interact:290,Intrvl:15,num_users:398,errors:2
rt:17.51,through:27.07,tt:0.38,num_interact:406,Intrvl:15,num_users:449,errors:15
rt:19.26,through:20.33,tt:0.35,num_interact:305,Intrvl:15,num_users:444,errors:0
rt:18.05,through:19.33,tt:0.35,num_interact:290,Intrvl:15,num_users:403,errors:2
rt:20.62,through:23.13,tt:0.4,num_interact:347,Intrvl:15,num_users:486,errors:5
rt:19.28,through:24.2,tt:0.36,num_interact:363,Intrvl:15,num_users:461,errors:0
rt:18.96,through:24.27,tt:0.35,num_interact:364,Intrvl:15,num_users:447,errors:8
rt:18.43,through:24.33,tt:0.37,num_interact:365,Intrvl:15,num_users:529,errors:0
rt:20.71,through:23.8,tt:0.36,num_interact:357,Intrvl:15,num_users:480,errors:12
rt:18.49,through:22.27,tt:0.35,num_interact:334,Intrvl:15,num_users:440,errors:2
rt:17.86,through:24,tt:0.35,num_interact:362,Intrvl:15,num_users:423,errors:13
rt:16.54,through:23.4,tt:0.36,num_interact:351,Intrvl:15,num_users:433,errors:0
rt:16.69,through:26.33,tt:0.35,num_interact:395,Intrvl:15,num_users:463,errors:8
rt:17.78,through:24.2,tt:0.35,num_interact:363,Intrvl:15,num_users:475,errors:2
rt:16.97,through:21.8,tt:0.37,num_interact:327,Intrvl:15,num_users:409,errors:15
rt:16.72,through:24.67,tt:0.38,num_interact:370,Intrvl:15,num_users:479,errors:2
rt:18.75,through:24.87,tt:0.36,num_interact:373,Intrvl:15,num_users:441,errors:19
rt:18.29,through:22.33,tt:0.36,num_interact:335,Intrvl:15,num_users:452,errors:0
rt:16.45,through:25.87,tt:0.37,num_interact:388,Intrvl:15,num_users:458,errors:14
rt:19.11,through:22.4,tt:0.35,num_interact:336,Intrvl:15,num_users:437,errors:4
rt:16.3,through:24.73,tt:0.34,num_interact:371,Intrvl:15,num_users:402,errors:6
rt:16.63,through:23.4,tt:0.36,num_interact:351,Intrvl:15,num_users:417,errors:12
rt:16.11,through:25.6,tt:0.36,num_interact:384,Intrvl:15,num_users:468,errors:0
rt:19.78,through:25.4,tt:0.38,num_interact:381,Intrvl:15,num_users:489,errors:14
rt:18.52,through:23.67,tt:0.34,num_interact:355,Intrvl:15,num_users:469,errors:0
rt:17.99,through:22.67,tt:0.33,num_interact:340,Intrvl:15,num_users:413,errors:10
rt:15.56,through:23.33,tt:0.32,num_interact:350,Intrvl:15,num_users:410,errors:0
rt:17.02,through:25.73,tt:0.34,num_interact:386,Intrvl:15,num_users:487,errors:18
rt:18.64,through:22.8,tt:0.38,num_interact:342,Intrvl:15,num_users:419,errors:0
rt:16.73,through:25.87,tt:0.34,num_interact:388,Intrvl:15,num_users:458,errors:22
rt:19.51,through:22,tt:0.32,num_interact:330,Intrvl:15,num_users:459,errors:0
rt:17.83,through:25.8,tt:0.36,num_interact:387,Intrvl:15,num_users:532,errors:11
rt:21.59,through:20.33,tt:0.36,num_interact:305,Intrvl:15,num_users:424,errors:0
rt:16.81,through:24.33,tt:0.36,num_interact:365,Intrvl:15,num_users:451,errors:14
rt:18.79,through:22.33,tt:0.34,num_interact:335,Intrvl:15,num_users:426,errors:2
rt:17.59,through:25.73,tt:0.38,num_interact:386,Intrvl:15,num_users:554,errors:1
rt:23.23,through:20.8,tt:0.37,num_interact:312,Intrvl:15,num_users:479,errors:5
rt:18.04,through:25.07,tt:0.35,num_interact:376,Intrvl:15,num_users:465,errors:0
rt:20.33,through:23,tt:0.38,num_interact:345,Intrvl:15,num_users:529,errors:15
rt:19.87,through:24.87,tt:0.39,num_interact:373,Intrvl:15,num_users:563,errors:0
rt:22.49,through:22.73,tt:0.33,num_interact:341,Intrvl:15,num_users:468,errors:9
rt:19.86,through:24.27,tt:0.33,num_interact:364,Intrvl:15,num_users:550,errors:0
rt:21.23,through:20.27,tt:0.37,num_interact:304,Intrvl:15,num_users:473,errors:12
rt:18.53,through:23.67,tt:0.32,num_interact:355,Intrvl:15,num_users:444,errors:0
Terminating EBs...
EB TPCW Broswing Mix EB #123commiting suicide!
EB TPCW Broswing Mix EB #1657commiting suicide!
EB TPCW Broswing Mix EB #262commiting suicide!
EB TPCW Broswing Mix EB #178commiting suicide!
EB TPCW Broswing Mix EB #192commiting suicide!
EB TPCW Broswing Mix EB #98commiting suicide!
EB TPCW Broswing Mix EB #77commiting suicide!
EB TPCW Broswing Mix EB #15815commiting suicide!
EB TPCW Broswing Mix EB #15811commiting suicide!
EB TPCW Broswing Mix EB #61commiting suicide!
EB TPCW Broswing Mix EB #224commiting suicide!
EB TPCW Broswing Mix EB #687commiting suicide!
EB TPCW Broswing Mix EB #146commiting suicide!
EB TPCW Broswing Mix EB #297commiting suicide!
EB TPCW Broswing Mix EB #75commiting suicide!
EB TPCW Broswing Mix EB #10commiting suicide!
EB TPCW Broswing Mix EB #15497commiting suicide!
EB TPCW Broswing Mix EB #43commiting suicide!
EB TPCW Broswing Mix EB #39commiting suicide!
EB TPCW Broswing Mix EB #234commiting suicide!
EB TPCW Broswing Mix EB #187commiting suicide!
EB TPCW Broswing Mix EB #668commiting suicide!
EB TPCW Broswing Mix EB #31commiting suicide!
EB TPCW Broswing Mix EB #210commiting suicide!
EB TPCW Broswing Mix EB #29commiting suicide!
EB TPCW Broswing Mix EB #211commiting suicide!
EB TPCW Broswing Mix EB #15143commiting suicide!
EB TPCW Broswing Mix EB #171commiting suicide!
EB TPCW Broswing Mix EB #101commiting suicide!
EB TPCW Broswing Mix EB #143commiting suicide!
EB TPCW Broswing Mix EB #292commiting suicide!
EB TPCW Broswing Mix EB #1647commiting suicide!
EB TPCW Broswing Mix EB #57commiting suicide!
EB TPCW Broswing Mix EB #186commiting suicide!
EB TPCW Broswing Mix EB #15586commiting suicide!
EB TPCW Broswing Mix EB #149commiting suicide!
EB TPCW Broswing Mix EB #36commiting suicide!
EB TPCW Broswing Mix EB #497commiting suicide!
EB TPCW Broswing Mix EB #15810commiting suicide!
EB TPCW Broswing Mix EB #228commiting suicide!
EB TPCW Broswing Mix EB #1653commiting suicide!
EB TPCW Broswing Mix EB #225commiting suicide!
EB TPCW Broswing Mix EB #283commiting suicide!
EB TPCW Broswing Mix EB #265commiting suicide!
EB TPCW Broswing Mix EB #168commiting suicide!
EB TPCW Broswing Mix EB #154commiting suicide!
EB TPCW Broswing Mix EB #257commiting suicide!
EB TPCW Broswing Mix EB #212commiting suicide!
EB TPCW Broswing Mix EB #15500commiting suicide!
EB TPCW Broswing Mix EB #288commiting suicide!
EB TPCW Broswing Mix EB #91commiting suicide!
EB TPCW Broswing Mix EB #219commiting suicide!
EB TPCW Broswing Mix EB #302commiting suicide!
EB TPCW Broswing Mix EB #83commiting suicide!
EB TPCW Broswing Mix EB #673commiting suicide!
EB TPCW Broswing Mix EB #135commiting suicide!
EB TPCW Broswing Mix EB #169commiting suicide!
EB TPCW Broswing Mix EB #15809commiting suicide!
EB TPCW Broswing Mix EB #260commiting suicide!
EB TPCW Broswing Mix EB #249commiting suicide!
EB TPCW Broswing Mix EB #1652commiting suicide!
EB TPCW Broswing Mix EB #273commiting suicide!
EB TPCW Broswing Mix EB #170commiting suicide!
EB TPCW Broswing Mix EB #157commiting suicide!
EB TPCW Broswing Mix EB #242commiting suicide!
EB TPCW Broswing Mix EB #254commiting suicide!
EB TPCW Broswing Mix EB #266commiting suicide!
EB TPCW Broswing Mix EB #674commiting suicide!
EB TPCW Broswing Mix EB #65commiting suicide!
EB TPCW Broswing Mix EB #298commiting suicide!
EB TPCW Broswing Mix EB #8commiting suicide!
EB TPCW Broswing Mix EB #4commiting suicide!
EB TPCW Broswing Mix EB #24commiting suicide!
EB TPCW Broswing Mix EB #112commiting suicide!
EB TPCW Broswing Mix EB #124commiting suicide!
EB TPCW Broswing Mix EB #193commiting suicide!
EB TPCW Broswing Mix EB #286commiting suicide!
EB TPCW Broswing Mix EB #92commiting suicide!
EB TPCW Broswing Mix EB #238commiting suicide!
EB TPCW Broswing Mix EB #14commiting suicide!
EB TPCW Broswing Mix EB #15590commiting suicide!
EB TPCW Broswing Mix EB #11commiting suicide!
EB TPCW Broswing Mix EB #278commiting suicide!
EB TPCW Broswing Mix EB #84commiting suicide!
EB TPCW Broswing Mix EB #190commiting suicide!
EB TPCW Broswing Mix EB #63commiting suicide!
EB TPCW Broswing Mix EB #496commiting suicide!
EB TPCW Broswing Mix EB #15142commiting suicide!
EB TPCW Broswing Mix EB #161commiting suicide!
EB TPCW Broswing Mix EB #284commiting suicide!
EB TPCW Broswing Mix EB #675commiting suicide!
EB TPCW Broswing Mix EB #129commiting suicide!
EB TPCW Broswing Mix EB #289commiting suicide!
EB TPCW Broswing Mix EB #236commiting suicide!
EB TPCW Broswing Mix EB #287commiting suicide!
EB TPCW Broswing Mix EB #233commiting suicide!
EB TPCW Broswing Mix EB #66commiting suicide!
EB TPCW Broswing Mix EB #79commiting suicide!
EB TPCW Broswing Mix EB #118commiting suicide!
EB TPCW Broswing Mix EB #312commiting suicide!
EB TPCW Broswing Mix EB #681commiting suicide!
EB TPCW Broswing Mix EB #199commiting suicide!
EB TPCW Broswing Mix EB #495commiting suicide!
EB TPCW Broswing Mix EB #15813commiting suicide!
EB TPCW Broswing Mix EB #15803commiting suicide!
EB TPCW Broswing Mix EB #156commiting suicide!
EB TPCW Broswing Mix EB #130commiting suicide!
EB TPCW Broswing Mix EB #47commiting suicide!
EB TPCW Broswing Mix EB #488commiting suicide!
EB TPCW Broswing Mix EB #15775commiting suicide!
EB TPCW Broswing Mix EB #139commiting suicide!
EB TPCW Broswing Mix EB #227commiting suicide!
EB TPCW Broswing Mix EB #690commiting suicide!
EB TPCW Broswing Mix EB #214commiting suicide!
EB TPCW Broswing Mix EB #255commiting suicide!
EB TPCW Broswing Mix EB #50commiting suicide!
EB TPCW Broswing Mix EB #6commiting suicide!
EB TPCW Broswing Mix EB #127commiting suicide!
EB TPCW Broswing Mix EB #676commiting suicide!
EB TPCW Broswing Mix EB #271commiting suicide!
EB TPCW Broswing Mix EB #310commiting suicide!
EB TPCW Broswing Mix EB #1654commiting suicide!
EB TPCW Broswing Mix EB #1648commiting suicide!
EB TPCW Broswing Mix EB #692commiting suicide!
EB TPCW Broswing Mix EB #217commiting suicide!
EB TPCW Broswing Mix EB #218commiting suicide!
EB TPCW Broswing Mix EB #35commiting suicide!
EB TPCW Broswing Mix EB #128commiting suicide!
EB TPCW Broswing Mix EB #33commiting suicide!
EB TPCW Broswing Mix EB #248commiting suicide!
EB TPCW Broswing Mix EB #500commiting suicide!
EB TPCW Broswing Mix EB #206commiting suicide!
EB TPCW Broswing Mix EB #100commiting suicide!
EB TPCW Broswing Mix EB #191commiting suicide!
EB TPCW Broswing Mix EB #85commiting suicide!
EB TPCW Broswing Mix EB #498commiting suicide!
EB TPCW Broswing Mix EB #15145commiting suicide!
EB TPCW Broswing Mix EB #20commiting suicide!
EB TPCW Broswing Mix EB #240commiting suicide!
EB TPCW Broswing Mix EB #508commiting suicide!
EB TPCW Broswing Mix EB #182commiting suicide!
EB TPCW Broswing Mix EB #276commiting suicide!
EB TPCW Broswing Mix EB #59commiting suicide!
EB TPCW Broswing Mix EB #243commiting suicide!
EB TPCW Broswing Mix EB #215commiting suicide!
EB TPCW Broswing Mix EB #15585commiting suicide!
EB TPCW Broswing Mix EB #88commiting suicide!
EB TPCW Broswing Mix EB #45commiting suicide!
EB TPCW Broswing Mix EB #69commiting suicide!
EB TPCW Broswing Mix EB #19commiting suicide!
EB TPCW Broswing Mix EB #140commiting suicide!
EB TPCW Broswing Mix EB #15808commiting suicide!
EB TPCW Broswing Mix EB #15589commiting suicide!
EB TPCW Broswing Mix EB #504commiting suicide!
EB TPCW Broswing Mix EB #258commiting suicide!
EB TPCW Broswing Mix EB #159commiting suicide!
EB TPCW Broswing Mix EB #141commiting suicide!
EB TPCW Broswing Mix EB #15504commiting suicide!
EB TPCW Broswing Mix EB #196commiting suicide!
EB TPCW Broswing Mix EB #285commiting suicide!
EB TPCW Broswing Mix EB #15584commiting suicide!
EB TPCW Broswing Mix EB #55commiting suicide!
EB TPCW Broswing Mix EB #25commiting suicide!
EB TPCW Broswing Mix EB #15806commiting suicide!
EB TPCW Broswing Mix EB #226commiting suicide!
EB TPCW Broswing Mix EB #213commiting suicide!
EB TPCW Broswing Mix EB #87commiting suicide!
EB TPCW Broswing Mix EB #51commiting suicide!
EB TPCW Broswing Mix EB #305commiting suicide!
EB TPCW Broswing Mix EB #148commiting suicide!
EB TPCW Broswing Mix EB #94commiting suicide!
EB TPCW Broswing Mix EB #145commiting suicide!
EB TPCW Broswing Mix EB #184commiting suicide!
EB TPCW Broswing Mix EB #53commiting suicide!
EB TPCW Broswing Mix EB #235commiting suicide!
EB TPCW Broswing Mix EB #56commiting suicide!
EB TPCW Broswing Mix EB #117commiting suicide!
EB TPCW Broswing Mix EB #279commiting suicide!
EB TPCW Broswing Mix EB #185commiting suicide!
EB TPCW Broswing Mix EB #269commiting suicide!
EB TPCW Broswing Mix EB #223commiting suicide!
EB TPCW Broswing Mix EB #294commiting suicide!
EB TPCW Broswing Mix EB #21commiting suicide!
EB TPCW Broswing Mix EB #86commiting suicide!
EB TPCW Broswing Mix EB #177commiting suicide!
EB TPCW Broswing Mix EB #67commiting suicide!
EB TPCW Broswing Mix EB #204commiting suicide!
EB TPCW Broswing Mix EB #281commiting suicide!
EB TPCW Broswing Mix EB #27commiting suicide!
EB TPCW Broswing Mix EB #200commiting suicide!
EB TPCW Broswing Mix EB #54commiting suicide!
EB TPCW Broswing Mix EB #299commiting suicide!
EB TPCW Broswing Mix EB #64commiting suicide!
EB TPCW Broswing Mix EB #97commiting suicide!
EB TPCW Broswing Mix EB #95commiting suicide!
EB TPCW Broswing Mix EB #104commiting suicide!
EB TPCW Broswing Mix EB #239commiting suicide!
EB TPCW Broswing Mix EB #15591commiting suicide!
EB TPCW Broswing Mix EB #1481commiting suicide!
EB TPCW Broswing Mix EB #691commiting suicide!
EB TPCW Broswing Mix EB #181commiting suicide!
EB TPCW Broswing Mix EB #311commiting suicide!
EB TPCW Broswing Mix EB #126commiting suicide!
EB TPCW Broswing Mix EB #179commiting suicide!
EB TPCW Broswing Mix EB #119commiting suicide!
EB TPCW Broswing Mix EB #62commiting suicide!
EB TPCW Broswing Mix EB #42commiting suicide!
EB TPCW Broswing Mix EB #247commiting suicide!
EB TPCW Broswing Mix EB #221commiting suicide!
EB TPCW Broswing Mix EB #105commiting suicide!
EB TPCW Broswing Mix EB #15805commiting suicide!
EB TPCW Broswing Mix EB #52commiting suicide!
EB TPCW Broswing Mix EB #669commiting suicide!
EB TPCW Broswing Mix EB #502commiting suicide!
EB TPCW Broswing Mix EB #293commiting suicide!
EB TPCW Broswing Mix EB #1475commiting suicide!
EB TPCW Broswing Mix EB #499commiting suicide!
EB TPCW Broswing Mix EB #172commiting suicide!
EB TPCW Broswing Mix EB #2999commiting suicide!
EB TPCW Broswing Mix EB #15816commiting suicide!
EB TPCW Broswing Mix EB #134commiting suicide!
EB TPCW Broswing Mix EB #32commiting suicide!
EB TPCW Broswing Mix EB #209commiting suicide!
EB TPCW Broswing Mix EB #15818commiting suicide!
EB TPCW Broswing Mix EB #2995commiting suicide!
EB TPCW Broswing Mix EB #133commiting suicide!
EB TPCW Broswing Mix EB #318commiting suicide!
EB TPCW Broswing Mix EB #15664commiting suicide!
EB TPCW Broswing Mix EB #81commiting suicide!
EB TPCW Broswing Mix EB #244commiting suicide!
EB TPCW Broswing Mix EB #256commiting suicide!
EB TPCW Broswing Mix EB #291commiting suicide!
EB TPCW Broswing Mix EB #142commiting suicide!
EB TPCW Broswing Mix EB #89commiting suicide!
EB TPCW Broswing Mix EB #121commiting suicide!
EB TPCW Broswing Mix EB #320commiting suicide!
EB TPCW Broswing Mix EB #2996commiting suicide!
EB TPCW Broswing Mix EB #491commiting suicide!
EB TPCW Broswing Mix EB #15588commiting suicide!
EB TPCW Broswing Mix EB #667commiting suicide!
EB TPCW Broswing Mix EB #250commiting suicide!
EB TPCW Broswing Mix EB #268commiting suicide!
EB TPCW Broswing Mix EB #147commiting suicide!
EB TPCW Broswing Mix EB #15665commiting suicide!
EB TPCW Broswing Mix EB #93commiting suicide!
EB TPCW Broswing Mix EB #9commiting suicide!
EB TPCW Broswing Mix EB #319commiting suicide!
EB TPCW Broswing Mix EB #108commiting suicide!
EB TPCW Broswing Mix EB #174commiting suicide!
EB TPCW Broswing Mix EB #321commiting suicide!
EB TPCW Broswing Mix EB #505commiting suicide!
EB TPCW Broswing Mix EB #245commiting suicide!
EB TPCW Broswing Mix EB #72commiting suicide!
EB TPCW Broswing Mix EB #195commiting suicide!
EB TPCW Broswing Mix EB #122commiting suicide!
EB TPCW Broswing Mix EB #113commiting suicide!
EB TPCW Broswing Mix EB #313commiting suicide!
EB TPCW Broswing Mix EB #503commiting suicide!
EB TPCW Broswing Mix EB #38commiting suicide!
EB TPCW Broswing Mix EB #252commiting suicide!
EB TPCW Broswing Mix EB #34commiting suicide!
EB TPCW Broswing Mix EB #125commiting suicide!
EB TPCW Broswing Mix EB #158commiting suicide!
EB TPCW Broswing Mix EB #70commiting suicide!
EB TPCW Broswing Mix EB #300commiting suicide!
EB TPCW Broswing Mix EB #494commiting suicide!
EB TPCW Broswing Mix EB #1476commiting suicide!
EB TPCW Broswing Mix EB #106commiting suicide!
EB TPCW Broswing Mix EB #15814commiting suicide!
EB TPCW Broswing Mix EB #150commiting suicide!
EB TPCW Broswing Mix EB #15807commiting suicide!
EB TPCW Broswing Mix EB #501commiting suicide!
EB TPCW Broswing Mix EB #82commiting suicide!
EB TPCW Broswing Mix EB #109commiting suicide!
EB TPCW Broswing Mix EB #670commiting suicide!
EB TPCW Broswing Mix EB #317commiting suicide!
EB TPCW Broswing Mix EB #49commiting suicide!
EB TPCW Broswing Mix EB #114commiting suicide!
EB TPCW Broswing Mix EB #165commiting suicide!
EB TPCW Broswing Mix EB #15498commiting suicide!
EB TPCW Broswing Mix EB #232commiting suicide!
EB TPCW Broswing Mix EB #99commiting suicide!
EB TPCW Broswing Mix EB #153commiting suicide!
EB TPCW Broswing Mix EB #253commiting suicide!
EB TPCW Broswing Mix EB #208commiting suicide!
EB TPCW Broswing Mix EB #7commiting suicide!
EB TPCW Broswing Mix EB #163commiting suicide!
EB TPCW Broswing Mix EB #270commiting suicide!
EB TPCW Broswing Mix EB #489commiting suicide!
EB TPCW Broswing Mix EB #15817commiting suicide!
EB TPCW Broswing Mix EB #322commiting suicide!
EB TPCW Broswing Mix EB #251commiting suicide!
EB TPCW Broswing Mix EB #264commiting suicide!
EB TPCW Broswing Mix EB #490commiting suicide!
EB TPCW Broswing Mix EB #222commiting suicide!
EB TPCW Broswing Mix EB #15587commiting suicide!
EB TPCW Broswing Mix EB #166commiting suicide!
EB TPCW Broswing Mix EB #76commiting suicide!
EB TPCW Broswing Mix EB #237commiting suicide!
EB TPCW Broswing Mix EB #197commiting suicide!
EB TPCW Broswing Mix EB #115commiting suicide!
EB TPCW Broswing Mix EB #80commiting suicide!
EB TPCW Broswing Mix EB #205commiting suicide!
EB TPCW Broswing Mix EB #28commiting suicide!
EB TPCW Broswing Mix EB #102commiting suicide!
EB TPCW Broswing Mix EB #30commiting suicide!
EB TPCW Broswing Mix EB #323commiting suicide!
EB TPCW Broswing Mix EB #220commiting suicide!
EB TPCW Broswing Mix EB #688commiting suicide!
EB TPCW Broswing Mix EB #22commiting suicide!
EB TPCW Broswing Mix EB #315commiting suicide!
EB TPCW Broswing Mix EB #203commiting suicide!
EB TPCW Broswing Mix EB #201commiting suicide!
EB TPCW Broswing Mix EB #303commiting suicide!
EB TPCW Broswing Mix EB #295commiting suicide!
EB TPCW Broswing Mix EB #1477commiting suicide!
EB TPCW Broswing Mix EB #48commiting suicide!
EB TPCW Broswing Mix EB #683commiting suicide!
EB TPCW Broswing Mix EB #1646commiting suicide!
EB TPCW Broswing Mix EB #15812commiting suicide!
EB TPCW Broswing Mix EB #131commiting suicide!
EB TPCW Broswing Mix EB #230commiting suicide!
EB TPCW Broswing Mix EB #1483commiting suicide!
EB TPCW Broswing Mix EB #144commiting suicide!
EB TPCW Broswing Mix EB #116commiting suicide!
EB TPCW Broswing Mix EB #151commiting suicide!
EB TPCW Broswing Mix EB #74commiting suicide!
EB TPCW Broswing Mix EB #507commiting suicide!
EB TPCW Broswing Mix EB #111commiting suicide!
EB TPCW Broswing Mix EB #96commiting suicide!
EB TPCW Broswing Mix EB #246commiting suicide!
EB TPCW Broswing Mix EB #15663commiting suicide!
EB TPCW Broswing Mix EB #280commiting suicide!
EB TPCW Broswing Mix EB #689commiting suicide!
EB TPCW Broswing Mix EB #686commiting suicide!
EB TPCW Broswing Mix EB #12commiting suicide!
EB TPCW Broswing Mix EB #15774commiting suicide!
EB TPCW Broswing Mix EB #17commiting suicide!
EB TPCW Broswing Mix EB #275commiting suicide!
EB TPCW Broswing Mix EB #506commiting suicide!
EB TPCW Broswing Mix EB #164commiting suicide!
EB TPCW Broswing Mix EB #15801commiting suicide!
EB TPCW Broswing Mix EB #78commiting suicide!
EB TPCW Broswing Mix EB #23commiting suicide!
EB TPCW Broswing Mix EB #2994commiting suicide!
EB TPCW Broswing Mix EB #73commiting suicide!
EB TPCW Broswing Mix EB #13commiting suicide!
EB TPCW Broswing Mix EB #198commiting suicide!
EB TPCW Broswing Mix EB #261commiting suicide!
EB TPCW Broswing Mix EB #277commiting suicide!
EB TPCW Broswing Mix EB #682commiting suicide!
EB TPCW Broswing Mix EB #241commiting suicide!
EB TPCW Broswing Mix EB #137commiting suicide!
EB TPCW Broswing Mix EB #1656commiting suicide!
EB TPCW Broswing Mix EB #40commiting suicide!
EB TPCW Broswing Mix EB #308commiting suicide!
EB TPCW Broswing Mix EB #110commiting suicide!
EB TPCW Broswing Mix EB #1478commiting suicide!
EB TPCW Broswing Mix EB #680commiting suicide!
EB TPCW Broswing Mix EB #189commiting suicide!
EB TPCW Broswing Mix EB #290commiting suicide!
EB TPCW Broswing Mix EB #1479commiting suicide!
EB TPCW Broswing Mix EB #44commiting suicide!
EB TPCW Broswing Mix EB #231commiting suicide!
EB TPCW Broswing Mix EB #1480commiting suicide!
EB TPCW Broswing Mix EB #274commiting suicide!
EB TPCW Broswing Mix EB #136commiting suicide!
EB TPCW Broswing Mix EB #188commiting suicide!
EB TPCW Broswing Mix EB #15502commiting suicide!
EB TPCW Broswing Mix EB #15662commiting suicide!
EB TPCW Broswing Mix EB #176commiting suicide!
EB TPCW Broswing Mix EB #2998commiting suicide!
EB TPCW Broswing Mix EB #160commiting suicide!
EB TPCW Broswing Mix EB #152commiting suicide!
EB TPCW Broswing Mix EB #309commiting suicide!
EB TPCW Broswing Mix EB #58commiting suicide!
EB TPCW Broswing Mix EB #41commiting suicide!
EB TPCW Broswing Mix EB #15592commiting suicide!
EB TPCW Broswing Mix EB #1649commiting suicide!
EB TPCW Broswing Mix EB #15499commiting suicide!
EB TPCW Broswing Mix EB #183commiting suicide!
EB TPCW Broswing Mix EB #15501commiting suicide!
EB TPCW Broswing Mix EB #685commiting suicide!
EB TPCW Broswing Mix EB #18commiting suicide!
EB TPCW Broswing Mix EB #15144commiting suicide!
EB TPCW Broswing Mix EB #107commiting suicide!
EB TPCW Broswing Mix EB #120commiting suicide!
EB TPCW Broswing Mix EB #194commiting suicide!
EB TPCW Broswing Mix EB #175commiting suicide!
EB TPCW Broswing Mix EB #304commiting suicide!
EB TPCW Broswing Mix EB #272commiting suicide!
EB TPCW Broswing Mix EB #314commiting suicide!
EB TPCW Broswing Mix EB #202commiting suicide!
EB TPCW Broswing Mix EB #138commiting suicide!
EB TPCW Broswing Mix EB #37commiting suicide!
EB TPCW Broswing Mix EB #155commiting suicide!
EB TPCW Broswing Mix EB #672commiting suicide!
EB TPCW Broswing Mix EB #301commiting suicide!
EB TPCW Broswing Mix EB #679commiting suicide!
EB TPCW Broswing Mix EB #492commiting suicide!
EB TPCW Broswing Mix EB #15804commiting suicide!
EB TPCW Broswing Mix EB #173commiting suicide!
EB TPCW Broswing Mix EB #60commiting suicide!
EB TPCW Broswing Mix EB #684commiting suicide!
EB TPCW Broswing Mix EB #263commiting suicide!
EB TPCW Broswing Mix EB #2997commiting suicide!
EB TPCW Broswing Mix EB #103commiting suicide!
EB TPCW Broswing Mix EB #162commiting suicide!
EB TPCW Broswing Mix EB #1658commiting suicide!
EB TPCW Broswing Mix EB #16commiting suicide!
EB TPCW Broswing Mix EB #1651commiting suicide!
EB TPCW Broswing Mix EB #15802commiting suicide!
EB TPCW Broswing Mix EB #259commiting suicide!
EB TPCW Broswing Mix EB #307commiting suicide!
EB TPCW Broswing Mix EB #267commiting suicide!
EB TPCW Broswing Mix EB #90commiting suicide!
EB TPCW Broswing Mix EB #216commiting suicide!
EB TPCW Broswing Mix EB #68commiting suicide!
EB TPCW Broswing Mix EB #15661commiting suicide!
EB TPCW Broswing Mix EB #671commiting suicide!
EB TPCW Broswing Mix EB #666commiting suicide!
EB TPCW Broswing Mix EB #167commiting suicide!
EB TPCW Broswing Mix EB #306commiting suicide!
EB TPCW Broswing Mix EB #46commiting suicide!
EB TPCW Broswing Mix EB #678commiting suicide!
EB TPCW Broswing Mix EB #1650commiting suicide!
EB TPCW Broswing Mix EB #282commiting suicide!
EB TPCW Broswing Mix EB #1655commiting suicide!
EB TPCW Broswing Mix EB #71commiting suicide!
EB TPCW Broswing Mix EB #316commiting suicide!
EB TPCW Broswing Mix EB #207commiting suicide!
EB TPCW Broswing Mix EB #180commiting suicide!
EB TPCW Broswing Mix EB #493commiting suicide!
EB TPCW Broswing Mix EB #1482commiting suicide!
EB TPCW Broswing Mix EB #229commiting suicide!
EB TPCW Broswing Mix EB #677commiting suicide!
EB TPCW Broswing Mix EB #296commiting suicide!
EBs finished.
Really finishing RBE!.
