Remote Browser Emulator for TPC-W.
  ECE 902  Fall '99
  Version 1.5
System's current path is /root/loadtest
rt:0.12,through:2.47,tt:0.28,num_interact:37,Intrvl:15,num_users:1,errors:0
rt:2.04,through:8.13,tt:0.35,num_interact:122,Intrvl:15,num_users:20,errors:0
rt:7.55,through:5.93,tt:0.4,num_interact:89,Intrvl:15,num_users:80,errors:0
rt:10.49,through:7.73,tt:0.41,num_interact:116,Intrvl:15,num_users:120,errors:0
rt:14.36,through:8.33,tt:0.42,num_interact:125,Intrvl:15,num_users:180,errors:0
rt:18.31,through:8.73,tt:0.38,num_interact:131,Intrvl:15,num_users:240,errors:0
rt:20.72,through:8.27,tt:0.43,num_interact:124,Intrvl:15,num_users:280,errors:0
rt:27.55,through:8.67,tt:0.39,num_interact:130,Intrvl:15,num_users:310,errors:0
rt:32.9,through:8.73,tt:0.35,num_interact:131,Intrvl:15,num_users:340,errors:0
rt:35.68,through:8.2,tt:0.36,num_interact:123,Intrvl:15,num_users:370,errors:2
rt:36.41,through:8.53,tt:0.36,num_interact:128,Intrvl:15,num_users:399,errors:7
rt:38.4,through:7,tt:0.39,num_interact:105,Intrvl:15,num_users:412,errors:16
rt:40.46,through:8.27,tt:0.38,num_interact:124,Intrvl:15,num_users:419,errors:0
rt:44.83,through:7.13,tt:0.38,num_interact:107,Intrvl:15,num_users:401,errors:19
rt:56.1,through:7.8,tt:0.33,num_interact:117,Intrvl:15,num_users:380,errors:0
rt:47.45,through:7,tt:0.39,num_interact:105,Intrvl:15,num_users:430,errors:24
rt:56,through:6.87,tt:0.42,num_interact:103,Intrvl:15,num_users:408,errors:0
rt:50.06,through:8.2,tt:0.32,num_interact:123,Intrvl:15,num_users:468,errors:12
rt:62.64,through:5.73,tt:0.34,num_interact:86,Intrvl:15,num_users:392,errors:1
rt:54.34,through:8.13,tt:0.32,num_interact:122,Intrvl:15,num_users:425,errors:11
rt:58.99,through:5.13,tt:0.36,num_interact:77,Intrvl:15,num_users:407,errors:0
rt:60.24,through:7.73,tt:0.36,num_interact:116,Intrvl:15,num_users:400,errors:5
rt:55.29,through:6,tt:0.33,num_interact:90,Intrvl:15,num_users:385,errors:3
rt:57.29,through:8,tt:0.37,num_interact:120,Intrvl:15,num_users:413,errors:0
rt:56.91,through:7.67,tt:0.32,num_interact:115,Intrvl:15,num_users:433,errors:7
rt:49.64,through:8,tt:0.33,num_interact:120,Intrvl:15,num_users:403,errors:0
rt:48.68,through:6.87,tt:0.28,num_interact:103,Intrvl:15,num_users:398,errors:21
rt:50.14,through:7.13,tt:0.34,num_interact:107,Intrvl:15,num_users:392,errors:0
rt:50.11,through:7.87,tt:0.31,num_interact:118,Intrvl:15,num_users:427,errors:14
rt:56.9,through:6.6,tt:0.38,num_interact:99,Intrvl:15,num_users:370,errors:2
rt:50.25,through:7.4,tt:0.39,num_interact:111,Intrvl:15,num_users:376,errors:8
rt:54.66,through:6.2,tt:0.36,num_interact:93,Intrvl:15,num_users:365,errors:6
rt:51.61,through:8.27,tt:0.4,num_interact:124,Intrvl:15,num_users:408,errors:0
rt:48.91,through:6.67,tt:0.31,num_interact:100,Intrvl:15,num_users:387,errors:11
rt:51.18,through:8.27,tt:0.44,num_interact:124,Intrvl:15,num_users:430,errors:0
rt:49.17,through:6.33,tt:0.37,num_interact:95,Intrvl:15,num_users:454,errors:15
rt:50.92,through:7.8,tt:0.39,num_interact:117,Intrvl:15,num_users:378,errors:0
rt:54.04,through:5.53,tt:0.35,num_interact:83,Intrvl:15,num_users:409,errors:21
rt:53.6,through:6.6,tt:0.33,num_interact:99,Intrvl:15,num_users:431,errors:0
rt:55.03,through:7.33,tt:0.33,num_interact:110,Intrvl:15,num_users:401,errors:27
rt:53.93,through:6.07,tt:0.36,num_interact:91,Intrvl:15,num_users:395,errors:0
rt:63.11,through:7.2,tt:0.38,num_interact:108,Intrvl:15,num_users:376,errors:11
rt:54.57,through:6.53,tt:0.44,num_interact:98,Intrvl:15,num_users:327,errors:1
rt:59.06,through:7.6,tt:0.36,num_interact:114,Intrvl:15,num_users:409,errors:7
rt:45.31,through:5.8,tt:0.29,num_interact:87,Intrvl:15,num_users:377,errors:6
rt:50.53,through:7.07,tt:0.34,num_interact:106,Intrvl:15,num_users:414,errors:0
rt:50.93,through:6.53,tt:0.41,num_interact:98,Intrvl:15,num_users:387,errors:22
rt:54.2,through:7.47,tt:0.38,num_interact:112,Intrvl:15,num_users:407,errors:0
rt:51.33,through:6.8,tt:0.34,num_interact:102,Intrvl:15,num_users:452,errors:21
rt:53.27,through:7,tt:0.31,num_interact:105,Intrvl:15,num_users:393,errors:0
rt:53.13,through:7.93,tt:0.35,num_interact:119,Intrvl:15,num_users:414,errors:18
rt:59.36,through:5.6,tt:0.38,num_interact:84,Intrvl:15,num_users:434,errors:4
rt:60.66,through:7.47,tt:0.33,num_interact:112,Intrvl:15,num_users:431,errors:5
rt:54.31,through:6.4,tt:0.4,num_interact:96,Intrvl:15,num_users:353,errors:2
rt:65.61,through:6.13,tt:0.35,num_interact:92,Intrvl:15,num_users:329,errors:0
rt:56.12,through:6.27,tt:0.41,num_interact:94,Intrvl:15,num_users:390,errors:7
rt:47.82,through:6.67,tt:0.41,num_interact:100,Intrvl:15,num_users:393,errors:0
rt:49.9,through:8.2,tt:0.37,num_interact:123,Intrvl:15,num_users:377,errors:11
rt:49.42,through:7.53,tt:0.4,num_interact:113,Intrvl:15,num_users:396,errors:2
rt:43.47,through:9.2,tt:0.33,num_interact:138,Intrvl:15,num_users:469,errors:12
rt:32.59,through:15.47,tt:0.34,num_interact:232,Intrvl:15,num_users:398,errors:0
rt:26.92,through:15.73,tt:0.32,num_interact:236,Intrvl:15,num_users:413,errors:18
rt:27.83,through:13.93,tt:0.35,num_interact:211,Intrvl:15,num_users:426,errors:4
rt:26.56,through:16.73,tt:0.38,num_interact:251,Intrvl:15,num_users:429,errors:11
rt:24.77,through:17.8,tt:0.33,num_interact:267,Intrvl:15,num_users:425,errors:10
rt:22.88,through:22,tt:0.38,num_interact:331,Intrvl:15,num_users:451,errors:7
rt:22.9,through:21.6,tt:0.33,num_interact:328,Intrvl:15,num_users:428,errors:5
rt:19.96,through:22.07,tt:0.37,num_interact:331,Intrvl:15,num_users:436,errors:0
rt:19.34,through:21.4,tt:0.36,num_interact:321,Intrvl:15,num_users:398,errors:1
rt:18.8,through:21.4,tt:0.31,num_interact:321,Intrvl:15,num_users:368,errors:0
rt:17.49,through:22.2,tt:0.37,num_interact:333,Intrvl:15,num_users:369,errors:0
rt:18.09,through:23,tt:0.39,num_interact:345,Intrvl:15,num_users:615,errors:0
rt:21.04,through:22.8,tt:0.36,num_interact:342,Intrvl:15,num_users:660,errors:0
rt:24.54,through:16.33,tt:0.38,num_interact:245,Intrvl:15,num_users:466,errors:0
rt:23.87,through:19.8,tt:0.37,num_interact:297,Intrvl:15,num_users:599,errors:0
rt:24.91,through:21.73,tt:0.37,num_interact:326,Intrvl:15,num_users:605,errors:0
rt:25.39,through:22.47,tt:0.38,num_interact:337,Intrvl:15,num_users:587,errors:0
rt:25.21,through:21.8,tt:0.35,num_interact:327,Intrvl:15,num_users:554,errors:0
rt:25.56,through:23.27,tt:0.37,num_interact:359,Intrvl:15,num_users:640,errors:0
rt:23.69,through:20.67,tt:0.34,num_interact:310,Intrvl:15,num_users:626,errors:0
rt:25.04,through:22.2,tt:0.36,num_interact:340,Intrvl:15,num_users:631,errors:4
rt:25.31,through:22.67,tt:0.35,num_interact:340,Intrvl:15,num_users:606,errors:1
rt:24.18,through:25.6,tt:0.35,num_interact:384,Intrvl:15,num_users:614,errors:8
rt:22.9,through:22.67,tt:0.34,num_interact:340,Intrvl:15,num_users:672,errors:13
rt:27.7,through:19.13,tt:0.4,num_interact:287,Intrvl:15,num_users:636,errors:7
rt:31.92,through:16.53,tt:0.33,num_interact:248,Intrvl:15,num_users:536,errors:7
rt:27.04,through:22.47,tt:0.35,num_interact:337,Intrvl:15,num_users:536,errors:7
rt:24.75,through:16.87,tt:0.33,num_interact:253,Intrvl:15,num_users:551,errors:2
rt:28.7,through:18.67,tt:0.35,num_interact:280,Intrvl:15,num_users:555,errors:9
rt:29.03,through:21.87,tt:0.33,num_interact:328,Intrvl:15,num_users:560,errors:3
rt:27.67,through:18.6,tt:0.38,num_interact:279,Intrvl:15,num_users:618,errors:6
rt:29.6,through:19.8,tt:0.35,num_interact:297,Intrvl:15,num_users:632,errors:20
rt:30.41,through:21.4,tt:0.35,num_interact:321,Intrvl:15,num_users:632,errors:11
rt:31.83,through:16.73,tt:0.39,num_interact:251,Intrvl:15,num_users:611,errors:2
rt:29.4,through:19.4,tt:0.36,num_interact:291,Intrvl:15,num_users:561,errors:23
rt:28.89,through:22.2,tt:0.35,num_interact:333,Intrvl:15,num_users:629,errors:9
rt:31.94,through:13.8,tt:0.32,num_interact:207,Intrvl:15,num_users:583,errors:1
rt:29.23,through:22.67,tt:0.34,num_interact:345,Intrvl:15,num_users:586,errors:15
rt:26.36,through:21.13,tt:0.34,num_interact:317,Intrvl:15,num_users:629,errors:4
rt:33.58,through:15.2,tt:0.33,num_interact:228,Intrvl:15,num_users:610,errors:11
rt:30.39,through:23.53,tt:0.35,num_interact:353,Intrvl:15,num_users:633,errors:10
rt:28.8,through:19.27,tt:0.37,num_interact:289,Intrvl:15,num_users:643,errors:3
rt:31.91,through:16.27,tt:0.36,num_interact:244,Intrvl:15,num_users:620,errors:12
rt:31.85,through:21.73,tt:0.33,num_interact:330,Intrvl:15,num_users:583,errors:10
rt:29.3,through:19.4,tt:0.33,num_interact:291,Intrvl:15,num_users:603,errors:5
rt:34.01,through:15.4,tt:0.35,num_interact:231,Intrvl:15,num_users:508,errors:4
rt:25.77,through:22,tt:0.34,num_interact:330,Intrvl:15,num_users:570,errors:13
rt:27.01,through:16.27,tt:0.37,num_interact:245,Intrvl:15,num_users:725,errors:3
rt:33.26,through:16.67,tt:0.37,num_interact:250,Intrvl:15,num_users:627,errors:9
rt:29.93,through:22.47,tt:0.33,num_interact:337,Intrvl:15,num_users:668,errors:5
rt:32.09,through:14.67,tt:0.41,num_interact:220,Intrvl:15,num_users:580,errors:6
rt:32.28,through:17.47,tt:0.36,num_interact:262,Intrvl:15,num_users:534,errors:7
rt:26.38,through:21.27,tt:0.32,num_interact:319,Intrvl:15,num_users:594,errors:3
rt:26.99,through:17.87,tt:0.34,num_interact:268,Intrvl:15,num_users:619,errors:1
rt:30.75,through:19.47,tt:0.37,num_interact:292,Intrvl:15,num_users:608,errors:10
rt:30.3,through:21.2,tt:0.36,num_interact:318,Intrvl:15,num_users:616,errors:7
rt:32.51,through:11.73,tt:0.41,num_interact:176,Intrvl:15,num_users:452,errors:0
rt:26.8,through:19.67,tt:0.33,num_interact:295,Intrvl:15,num_users:652,errors:11
rt:26.94,through:17.2,tt:0.37,num_interact:258,Intrvl:15,num_users:655,errors:3
rt:29.94,through:17.47,tt:0.33,num_interact:262,Intrvl:15,num_users:617,errors:4
rt:30.37,through:22.07,tt:0.33,num_interact:331,Intrvl:15,num_users:645,errors:14
rt:29.74,through:20.6,tt:0.41,num_interact:309,Intrvl:15,num_users:711,errors:7
rt:31.62,through:17.53,tt:0.37,num_interact:263,Intrvl:15,num_users:706,errors:4
rt:35.6,through:20.6,tt:0.34,num_interact:309,Intrvl:15,num_users:637,errors:6
rt:32.87,through:17.93,tt:0.35,num_interact:269,Intrvl:15,num_users:734,errors:2
rt:27.54,through:21.13,tt:0.38,num_interact:341,Intrvl:15,num_users:676,errors:20
rt:28.25,through:27.8,tt:0.37,num_interact:436,Intrvl:15,num_users:670,errors:18
rt:23.07,through:25.07,tt:0.34,num_interact:376,Intrvl:15,num_users:535,errors:0
rt:19.14,through:32.67,tt:0.37,num_interact:490,Intrvl:15,num_users:539,errors:14
rt:14.01,through:36.27,tt:0.34,num_interact:544,Intrvl:15,num_users:458,errors:2
rt:14.11,through:32.27,tt:0.37,num_interact:484,Intrvl:15,num_users:525,errors:18
rt:16.25,through:74.2,tt:0.37,num_interact:1113,Intrvl:15,num_users:734,errors:15
rt:26.27,through:30.87,tt:0.37,num_interact:475,Intrvl:15,num_users:679,errors:20
rt:20.76,through:30.53,tt:0.36,num_interact:459,Intrvl:15,num_users:630,errors:3
rt:20.99,through:48.4,tt:0.37,num_interact:726,Intrvl:15,num_users:745,errors:21
rt:21.84,through:29.53,tt:0.32,num_interact:443,Intrvl:15,num_users:608,errors:1
rt:20.73,through:48.87,tt:0.33,num_interact:733,Intrvl:15,num_users:702,errors:28
rt:23.35,through:5.8,tt:0.39,num_interact:87,Intrvl:15,num_users:710,errors:3
rt:339.48,through:41.4,tt:0.37,num_interact:828,Intrvl:15,num_users:761,errors:2
rt:562.16,through:1.4,tt:0.31,num_interact:21,Intrvl:15,num_users:679,errors:0
rt:502.09,through:1.4,tt:0.59,num_interact:21,Intrvl:15,num_users:664,errors:0
rt:473.61,through:39.13,tt:0.33,num_interact:587,Intrvl:15,num_users:722,errors:10
rt:39.61,through:11.67,tt:0.36,num_interact:175,Intrvl:15,num_users:671,errors:0
rt:49.66,through:12.4,tt:0.33,num_interact:186,Intrvl:15,num_users:703,errors:0
rt:32.83,through:12.87,tt:0.36,num_interact:193,Intrvl:15,num_users:686,errors:0
rt:30.91,through:13.13,tt:0.35,num_interact:197,Intrvl:15,num_users:692,errors:0
rt:31.3,through:12.8,tt:0.34,num_interact:192,Intrvl:15,num_users:682,errors:0
rt:30.26,through:13.53,tt:0.34,num_interact:203,Intrvl:15,num_users:710,errors:0
rt:30.09,through:12.2,tt:0.32,num_interact:183,Intrvl:15,num_users:653,errors:0
rt:29.88,through:12.33,tt:0.3,num_interact:185,Intrvl:15,num_users:679,errors:0
rt:30.7,through:11.2,tt:0.38,num_interact:168,Intrvl:15,num_users:625,errors:0
rt:30.05,through:12.2,tt:0.36,num_interact:183,Intrvl:15,num_users:702,errors:0
rt:29.75,through:13,tt:0.34,num_interact:195,Intrvl:15,num_users:689,errors:0
rt:31.52,through:13.53,tt:0.4,num_interact:203,Intrvl:15,num_users:784,errors:0
rt:30.03,through:13.13,tt:0.35,num_interact:197,Intrvl:15,num_users:760,errors:0
rt:35.88,through:11.47,tt:0.39,num_interact:172,Intrvl:15,num_users:717,errors:0
rt:36.6,through:11.27,tt:0.35,num_interact:169,Intrvl:15,num_users:680,errors:0
rt:36.98,through:10.53,tt:0.37,num_interact:158,Intrvl:15,num_users:643,errors:0
rt:33.65,through:12.33,tt:0.38,num_interact:185,Intrvl:15,num_users:716,errors:0
rt:29.77,through:13.47,tt:0.39,num_interact:202,Intrvl:15,num_users:773,errors:0
rt:33.16,through:12.6,tt:0.39,num_interact:189,Intrvl:15,num_users:708,errors:0
rt:35.59,through:10.67,tt:0.34,num_interact:160,Intrvl:15,num_users:737,errors:0
rt:36.84,through:13.2,tt:0.34,num_interact:198,Intrvl:15,num_users:720,errors:0
rt:35.7,through:12.67,tt:0.36,num_interact:190,Intrvl:15,num_users:789,errors:0
rt:34.52,through:12.33,tt:0.37,num_interact:185,Intrvl:15,num_users:683,errors:0
rt:36.47,through:9.33,tt:0.27,num_interact:140,Intrvl:15,num_users:685,errors:0
rt:36.55,through:12.13,tt:0.33,num_interact:182,Intrvl:15,num_users:708,errors:0
rt:35.81,through:13.6,tt:0.36,num_interact:204,Intrvl:15,num_users:719,errors:0
rt:32.39,through:13.73,tt:0.35,num_interact:206,Intrvl:15,num_users:714,errors:0
rt:31.74,through:13.4,tt:0.37,num_interact:201,Intrvl:15,num_users:758,errors:0
rt:32.62,through:13.6,tt:0.37,num_interact:204,Intrvl:15,num_users:760,errors:0
rt:34.77,through:13.13,tt:0.34,num_interact:197,Intrvl:15,num_users:737,errors:0
rt:36.58,through:12.73,tt:0.34,num_interact:191,Intrvl:15,num_users:828,errors:0
rt:35.69,through:12.67,tt:0.35,num_interact:190,Intrvl:15,num_users:730,errors:0
rt:37.43,through:8.73,tt:0.38,num_interact:131,Intrvl:15,num_users:744,errors:0
rt:39.72,through:13,tt:0.32,num_interact:195,Intrvl:15,num_users:779,errors:0
rt:40.18,through:11.73,tt:0.31,num_interact:176,Intrvl:15,num_users:684,errors:0
rt:38.54,through:9.73,tt:0.29,num_interact:146,Intrvl:15,num_users:663,errors:0
rt:36.67,through:11.8,tt:0.32,num_interact:177,Intrvl:15,num_users:764,errors:0
rt:32.99,through:12.27,tt:0.35,num_interact:184,Intrvl:15,num_users:695,errors:0
rt:35.78,through:9.33,tt:0.28,num_interact:140,Intrvl:15,num_users:656,errors:0
rt:35.12,through:12.07,tt:0.41,num_interact:181,Intrvl:15,num_users:640,errors:0
rt:33.02,through:12.4,tt:0.32,num_interact:186,Intrvl:15,num_users:699,errors:0
rt:29.65,through:14.07,tt:0.35,num_interact:211,Intrvl:15,num_users:723,errors:0
rt:30.99,through:13.47,tt:0.35,num_interact:202,Intrvl:15,num_users:744,errors:0
rt:31.37,through:13.8,tt:0.33,num_interact:207,Intrvl:15,num_users:783,errors:18
rt:22.8,through:23.33,tt:0.36,num_interact:351,Intrvl:15,num_users:693,errors:8
rt:12.46,through:33.4,tt:0.33,num_interact:501,Intrvl:15,num_users:652,errors:10
rt:13.55,through:81.13,tt:0.37,num_interact:1217,Intrvl:15,num_users:703,errors:0
rt:27.89,through:3.13,tt:0.35,num_interact:47,Intrvl:15,num_users:705,errors:0
rt:31.08,through:4,tt:0.37,num_interact:60,Intrvl:15,num_users:603,errors:0
rt:167.24,through:89.27,tt:0.36,num_interact:1339,Intrvl:15,num_users:765,errors:17
rt:121.99,through:20.67,tt:0.33,num_interact:310,Intrvl:15,num_users:692,errors:0
rt:280.21,through:3,tt:0.35,num_interact:45,Intrvl:15,num_users:647,errors:0
rt:156.56,through:34.27,tt:0.35,num_interact:514,Intrvl:15,num_users:661,errors:0
rt:20.79,through:12.8,tt:0.34,num_interact:192,Intrvl:15,num_users:679,errors:0
rt:24.58,through:12.53,tt:0.34,num_interact:188,Intrvl:15,num_users:685,errors:0
rt:24.13,through:12.67,tt:0.4,num_interact:190,Intrvl:15,num_users:736,errors:0
rt:25.4,through:10.53,tt:0.33,num_interact:158,Intrvl:15,num_users:676,errors:0
rt:27.14,through:11.13,tt:0.33,num_interact:167,Intrvl:15,num_users:711,errors:0
rt:25.78,through:9.13,tt:0.32,num_interact:137,Intrvl:15,num_users:625,errors:0
rt:27.04,through:11.8,tt:0.37,num_interact:177,Intrvl:15,num_users:631,errors:0
rt:23.29,through:12.27,tt:0.34,num_interact:184,Intrvl:15,num_users:686,errors:0
rt:24.31,through:10.07,tt:0.37,num_interact:151,Intrvl:15,num_users:645,errors:0
rt:24.31,through:12.53,tt:0.37,num_interact:188,Intrvl:15,num_users:702,errors:0
rt:24.84,through:11.73,tt:0.33,num_interact:176,Intrvl:15,num_users:678,errors:0
rt:26.11,through:11.93,tt:0.37,num_interact:179,Intrvl:15,num_users:671,errors:0
rt:25.92,through:12,tt:0.32,num_interact:180,Intrvl:15,num_users:662,errors:0
rt:23.7,through:12.67,tt:0.33,num_interact:190,Intrvl:15,num_users:708,errors:0
rt:25.21,through:13.07,tt:0.34,num_interact:196,Intrvl:15,num_users:736,errors:0
rt:27.59,through:12.8,tt:0.34,num_interact:192,Intrvl:15,num_users:759,errors:0
rt:29.52,through:11.6,tt:0.33,num_interact:174,Intrvl:15,num_users:714,errors:0
rt:28.91,through:10.47,tt:0.35,num_interact:157,Intrvl:15,num_users:666,errors:0
rt:29,through:10.87,tt:0.36,num_interact:163,Intrvl:15,num_users:743,errors:0
rt:29.39,through:11.93,tt:0.42,num_interact:179,Intrvl:15,num_users:803,errors:0
rt:31.87,through:11.67,tt:0.44,num_interact:175,Intrvl:15,num_users:747,errors:0
rt:32.46,through:9.33,tt:0.37,num_interact:140,Intrvl:15,num_users:728,errors:0
rt:33.68,through:12.07,tt:0.35,num_interact:181,Intrvl:15,num_users:724,errors:0
rt:31.74,through:11.93,tt:0.35,num_interact:179,Intrvl:15,num_users:708,errors:0
rt:29.79,through:11.13,tt:0.3,num_interact:167,Intrvl:15,num_users:666,errors:0
rt:26.79,through:11.6,tt:0.36,num_interact:175,Intrvl:15,num_users:729,errors:0
rt:26.85,through:9.73,tt:0.33,num_interact:146,Intrvl:15,num_users:671,errors:0
rt:29.49,through:11.53,tt:0.35,num_interact:173,Intrvl:15,num_users:654,errors:0
rt:27.2,through:10.73,tt:0.31,num_interact:161,Intrvl:15,num_users:632,errors:0
rt:24.46,through:12.2,tt:0.35,num_interact:183,Intrvl:15,num_users:638,errors:0
rt:21.97,through:12.53,tt:0.38,num_interact:188,Intrvl:15,num_users:706,errors:0
rt:22.86,through:12.73,tt:0.36,num_interact:191,Intrvl:15,num_users:739,errors:0
rt:27.96,through:11.2,tt:0.36,num_interact:168,Intrvl:15,num_users:707,errors:0
rt:29.84,through:12.27,tt:0.37,num_interact:184,Intrvl:15,num_users:723,errors:0
rt:27.67,through:12.8,tt:0.39,num_interact:192,Intrvl:15,num_users:722,errors:0
rt:28.13,through:12.87,tt:0.35,num_interact:193,Intrvl:15,num_users:741,errors:0
rt:28.5,through:12.73,tt:0.36,num_interact:191,Intrvl:15,num_users:799,errors:0
rt:31.15,through:12.2,tt:0.34,num_interact:183,Intrvl:15,num_users:773,errors:0
rt:32.04,through:11.47,tt:0.35,num_interact:172,Intrvl:15,num_users:769,errors:0
rt:33.99,through:11.27,tt:0.32,num_interact:169,Intrvl:15,num_users:701,errors:0
rt:33.34,through:10.07,tt:0.37,num_interact:151,Intrvl:15,num_users:695,errors:0
rt:30.62,through:11.8,tt:0.34,num_interact:177,Intrvl:15,num_users:762,errors:0
rt:28.82,through:11.73,tt:0.35,num_interact:176,Intrvl:15,num_users:730,errors:0
rt:30.26,through:10.73,tt:0.36,num_interact:161,Intrvl:15,num_users:665,errors:0
rt:29.2,through:10.13,tt:0.34,num_interact:152,Intrvl:15,num_users:709,errors:0
rt:29.65,through:10.27,tt:0.34,num_interact:154,Intrvl:15,num_users:666,errors:0
rt:29.02,through:11.87,tt:0.35,num_interact:178,Intrvl:15,num_users:733,errors:0
rt:25.71,through:12.47,tt:0.38,num_interact:187,Intrvl:15,num_users:738,errors:0
rt:29.53,through:12.27,tt:0.3,num_interact:184,Intrvl:15,num_users:699,errors:0
rt:30.17,through:11.4,tt:0.36,num_interact:171,Intrvl:15,num_users:701,errors:0
rt:28.53,through:10.47,tt:0.37,num_interact:157,Intrvl:15,num_users:644,errors:0
rt:25.58,through:11.13,tt:0.34,num_interact:167,Intrvl:15,num_users:666,errors:0
rt:25.5,through:12.33,tt:0.36,num_interact:185,Intrvl:15,num_users:719,errors:0
rt:26.98,through:12.6,tt:0.38,num_interact:189,Intrvl:15,num_users:739,errors:0
rt:28.02,through:12.2,tt:0.37,num_interact:183,Intrvl:15,num_users:729,errors:0
rt:28.31,through:12.67,tt:0.38,num_interact:190,Intrvl:15,num_users:760,errors:4
rt:29.57,through:8.13,tt:0.32,num_interact:122,Intrvl:15,num_users:592,errors:7
rt:11.04,through:26.4,tt:0.32,num_interact:396,Intrvl:15,num_users:596,errors:7
rt:12.27,through:27.2,tt:0.39,num_interact:408,Intrvl:15,num_users:734,errors:6
rt:10.23,through:30.13,tt:0.37,num_interact:538,Intrvl:15,num_users:765,errors:6
rt:114.78,through:59.53,tt:0.37,num_interact:893,Intrvl:15,num_users:792,errors:0
rt:377.87,through:1.8,tt:0.39,num_interact:27,Intrvl:15,num_users:723,errors:0
rt:440.07,through:1,tt:0.39,num_interact:15,Intrvl:15,num_users:720,errors:2
rt:266.9,through:21.6,tt:0.36,num_interact:324,Intrvl:15,num_users:744,errors:19
rt:128.71,through:18.8,tt:0.36,num_interact:295,Intrvl:15,num_users:756,errors:1
rt:43.4,through:20.27,tt:0.37,num_interact:304,Intrvl:15,num_users:715,errors:0
rt:69.78,through:3.93,tt:0.37,num_interact:342,Intrvl:15,num_users:690,errors:0
rt:36.92,through:32.4,tt:0.36,num_interact:486,Intrvl:15,num_users:678,errors:0
rt:6.87,through:35.27,tt:0.34,num_interact:529,Intrvl:15,num_users:612,errors:0
rt:6.93,through:35.33,tt:0.38,num_interact:530,Intrvl:15,num_users:688,errors:0
rt:9.15,through:45.53,tt:0.32,num_interact:705,Intrvl:15,num_users:701,errors:0
rt:77.16,through:16,tt:0.38,num_interact:240,Intrvl:15,num_users:751,errors:0
rt:176.91,through:3.6,tt:0.34,num_interact:54,Intrvl:15,num_users:704,errors:0
rt:107.97,through:18.87,tt:0.41,num_interact:283,Intrvl:15,num_users:780,errors:0
rt:27.71,through:8.4,tt:0.33,num_interact:126,Intrvl:15,num_users:654,errors:0
rt:26.81,through:9.67,tt:0.37,num_interact:145,Intrvl:15,num_users:725,errors:0
rt:23.66,through:12.33,tt:0.38,num_interact:185,Intrvl:15,num_users:738,errors:0
rt:26.47,through:12.47,tt:0.37,num_interact:187,Intrvl:15,num_users:729,errors:0
rt:23.66,through:13.2,tt:0.37,num_interact:198,Intrvl:15,num_users:767,errors:0
rt:26.09,through:11,tt:0.35,num_interact:165,Intrvl:15,num_users:724,errors:0
rt:27.34,through:11.73,tt:0.36,num_interact:176,Intrvl:15,num_users:784,errors:0
rt:27.59,through:11.73,tt:0.35,num_interact:176,Intrvl:15,num_users:751,errors:0
rt:27.83,through:12.33,tt:0.36,num_interact:185,Intrvl:15,num_users:779,errors:0
rt:27.55,through:12.47,tt:0.41,num_interact:187,Intrvl:15,num_users:799,errors:0
rt:29.81,through:12.13,tt:0.36,num_interact:182,Intrvl:15,num_users:780,errors:0
rt:29.78,through:11.4,tt:0.37,num_interact:171,Intrvl:15,num_users:750,errors:0
rt:28.95,through:12.47,tt:0.35,num_interact:187,Intrvl:15,num_users:799,errors:0
rt:28.24,through:9.27,tt:0.38,num_interact:139,Intrvl:15,num_users:716,errors:0
rt:30.22,through:10.8,tt:0.34,num_interact:162,Intrvl:15,num_users:769,errors:0
rt:29.13,through:11.6,tt:0.37,num_interact:174,Intrvl:15,num_users:738,errors:0
rt:26.83,through:9.6,tt:0.37,num_interact:144,Intrvl:15,num_users:656,errors:0
rt:23.62,through:10.27,tt:0.32,num_interact:154,Intrvl:15,num_users:707,errors:0
rt:24.53,through:11.07,tt:0.39,num_interact:166,Intrvl:15,num_users:683,errors:0
rt:23.16,through:12.73,tt:0.4,num_interact:191,Intrvl:15,num_users:821,errors:0
rt:25.01,through:13,tt:0.4,num_interact:195,Intrvl:15,num_users:830,errors:0
rt:29.21,through:11.07,tt:0.39,num_interact:166,Intrvl:15,num_users:731,errors:0
rt:31.52,through:8.73,tt:0.41,num_interact:131,Intrvl:15,num_users:749,errors:0
rt:31.3,through:12.07,tt:0.37,num_interact:181,Intrvl:15,num_users:753,errors:0
rt:29.54,through:13.07,tt:0.34,num_interact:196,Intrvl:15,num_users:758,errors:0
rt:25.31,through:13,tt:0.33,num_interact:195,Intrvl:15,num_users:764,errors:0
rt:27.06,through:12.8,tt:0.35,num_interact:192,Intrvl:15,num_users:798,errors:0
rt:28.36,through:8.73,tt:0.3,num_interact:131,Intrvl:15,num_users:668,errors:0
rt:29.39,through:8.8,tt:0.36,num_interact:132,Intrvl:15,num_users:769,errors:0
rt:26.67,through:12.8,tt:0.35,num_interact:192,Intrvl:15,num_users:819,errors:0
rt:28.63,through:11,tt:0.39,num_interact:165,Intrvl:15,num_users:776,errors:0
rt:32.23,through:12.2,tt:0.42,num_interact:183,Intrvl:15,num_users:825,errors:0
rt:31.75,through:11.87,tt:0.35,num_interact:178,Intrvl:15,num_users:795,errors:0
rt:30.1,through:11,tt:0.35,num_interact:165,Intrvl:15,num_users:757,errors:0
rt:31.13,through:11.47,tt:0.35,num_interact:173,Intrvl:15,num_users:788,errors:0
rt:29.49,through:12.93,tt:0.39,num_interact:194,Intrvl:15,num_users:854,errors:0
rt:31.7,through:8.53,tt:0.34,num_interact:128,Intrvl:15,num_users:689,errors:0
rt:33.55,through:7.73,tt:0.32,num_interact:116,Intrvl:15,num_users:775,errors:0
rt:31.72,through:9.67,tt:0.35,num_interact:145,Intrvl:15,num_users:693,errors:0
rt:31.37,through:8.53,tt:0.33,num_interact:128,Intrvl:15,num_users:669,errors:0
rt:26.43,through:12,tt:0.31,num_interact:180,Intrvl:15,num_users:702,errors:0
rt:23.04,through:12.87,tt:0.39,num_interact:193,Intrvl:15,num_users:769,errors:0
rt:24.07,through:10.13,tt:0.32,num_interact:152,Intrvl:15,num_users:724,errors:0
rt:26.51,through:12.8,tt:0.35,num_interact:192,Intrvl:15,num_users:743,errors:0
rt:26.11,through:12.67,tt:0.4,num_interact:190,Intrvl:15,num_users:834,errors:0
rt:27.41,through:10.8,tt:0.35,num_interact:162,Intrvl:15,num_users:768,errors:0
rt:31.19,through:11.2,tt:0.33,num_interact:168,Intrvl:15,num_users:842,errors:0
rt:30.95,through:11.73,tt:0.34,num_interact:176,Intrvl:15,num_users:789,errors:0
rt:34.03,through:11,tt:0.35,num_interact:165,Intrvl:15,num_users:846,errors:10
rt:30.29,through:13.67,tt:0.42,num_interact:205,Intrvl:15,num_users:801,errors:5
rt:21.87,through:20.73,tt:0.34,num_interact:326,Intrvl:15,num_users:818,errors:5
rt:22.53,through:1,tt:0.27,num_interact:15,Intrvl:15,num_users:811,errors:0
rt:58.33,through:0.2,tt:0.11,num_interact:3,Intrvl:15,num_users:764,errors:0
rt:58.62,through:0.8,tt:0.21,num_interact:12,Intrvl:15,num_users:733,errors:0
rt:171.52,through:47.6,tt:0.36,num_interact:714,Intrvl:15,num_users:759,errors:0
rt:97.41,through:3.6,tt:0.3,num_interact:54,Intrvl:15,num_users:697,errors:0
rt:92.72,through:13,tt:0.38,num_interact:195,Intrvl:15,num_users:779,errors:0
rt:101.17,through:1.33,tt:0.34,num_interact:20,Intrvl:15,num_users:756,errors:0
rt:114.05,through:1.8,tt:0.4,num_interact:27,Intrvl:15,num_users:730,errors:0
rt:42,through:41.07,tt:0.36,num_interact:616,Intrvl:15,num_users:765,errors:0
rt:10.91,through:4.47,tt:0.47,num_interact:67,Intrvl:15,num_users:746,errors:0
rt:127.17,through:27.2,tt:0.38,num_interact:408,Intrvl:15,num_users:888,errors:0
rt:149.37,through:14.53,tt:0.35,num_interact:218,Intrvl:15,num_users:801,errors:0
rt:20.68,through:10.53,tt:0.4,num_interact:158,Intrvl:15,num_users:772,errors:0
rt:19.41,through:11.93,tt:0.34,num_interact:179,Intrvl:15,num_users:831,errors:0
rt:22.6,through:12.47,tt:0.34,num_interact:187,Intrvl:15,num_users:818,errors:0
rt:23.68,through:12.6,tt:0.37,num_interact:189,Intrvl:15,num_users:836,errors:0
rt:21.56,through:11.33,tt:0.35,num_interact:170,Intrvl:15,num_users:811,errors:0
rt:21.77,through:10.2,tt:0.35,num_interact:153,Intrvl:15,num_users:760,errors:0
rt:20.9,through:11.93,tt:0.35,num_interact:180,Intrvl:15,num_users:763,errors:0
rt:18.29,through:12.53,tt:0.37,num_interact:188,Intrvl:15,num_users:792,errors:0
rt:19.64,through:12.33,tt:0.32,num_interact:185,Intrvl:15,num_users:795,errors:0
rt:19.83,through:13.27,tt:0.36,num_interact:199,Intrvl:15,num_users:844,errors:0
rt:23.06,through:9.27,tt:0.38,num_interact:139,Intrvl:15,num_users:770,errors:0
rt:22.25,through:10.53,tt:0.37,num_interact:158,Intrvl:15,num_users:743,errors:0
rt:18.65,through:12.13,tt:0.35,num_interact:182,Intrvl:15,num_users:855,errors:0
rt:18.65,through:6.47,tt:0.33,num_interact:97,Intrvl:15,num_users:706,errors:0
rt:22.19,through:10.33,tt:0.37,num_interact:155,Intrvl:15,num_users:779,errors:0
rt:19.71,through:12.53,tt:0.35,num_interact:188,Intrvl:15,num_users:848,errors:0
rt:20.69,through:13.53,tt:0.38,num_interact:203,Intrvl:15,num_users:871,errors:0
rt:30.87,through:4.53,tt:0.42,num_interact:68,Intrvl:15,num_users:906,errors:0
rt:?,through:0,tt:0.34,num_interact:85,Intrvl:15,num_users:847,errors:0
rt:76.98,through:11.13,tt:0.33,num_interact:167,Intrvl:15,num_users:835,errors:0
rt:7.91,through:12.87,tt:0.37,num_interact:193,Intrvl:15,num_users:841,errors:0
rt:8.73,through:12.73,tt:0.38,num_interact:191,Intrvl:15,num_users:875,errors:20
rt:7.01,through:13.93,tt:0.35,num_interact:209,Intrvl:15,num_users:786,errors:8
rt:6.27,through:19.8,tt:0.39,num_interact:382,Intrvl:15,num_users:843,errors:4
rt:2.28,through:32.33,tt:0.33,num_interact:485,Intrvl:15,num_users:765,errors:0
rt:6.27,through:6.13,tt:0.44,num_interact:92,Intrvl:15,num_users:873,errors:0
rt:23.58,through:2.2,tt:0.42,num_interact:33,Intrvl:15,num_users:817,errors:0
rt:31.37,through:4.73,tt:0.39,num_interact:134,Intrvl:15,num_users:817,errors:0
rt:20.18,through:36.13,tt:0.35,num_interact:542,Intrvl:15,num_users:837,errors:0
rt:2.46,through:37.33,tt:0.33,num_interact:560,Intrvl:15,num_users:766,errors:0
rt:2.97,through:36.93,tt:0.36,num_interact:554,Intrvl:15,num_users:821,errors:0
rt:2.41,through:37.47,tt:0.34,num_interact:562,Intrvl:15,num_users:807,errors:0
rt:3,through:35.4,tt:0.35,num_interact:531,Intrvl:15,num_users:812,errors:0
rt:6.05,through:5.93,tt:0.49,num_interact:89,Intrvl:15,num_users:868,errors:0
rt:19.46,through:8.33,tt:0.32,num_interact:125,Intrvl:15,num_users:783,errors:0
rt:1.5,through:34.2,tt:0.33,num_interact:513,Intrvl:15,num_users:673,errors:0
rt:1.4,through:36.27,tt:0.34,num_interact:544,Intrvl:15,num_users:695,errors:0
rt:6.21,through:10.13,tt:0.38,num_interact:152,Intrvl:15,num_users:820,errors:0
rt:3.17,through:36.13,tt:0.35,num_interact:543,Intrvl:15,num_users:711,errors:0
rt:2.44,through:39.6,tt:0.36,num_interact:594,Intrvl:15,num_users:754,errors:0
rt:2.73,through:37.67,tt:0.34,num_interact:565,Intrvl:15,num_users:755,errors:0
rt:3.21,through:31.67,tt:0.33,num_interact:475,Intrvl:15,num_users:741,errors:0
rt:3.83,through:36.6,tt:0.36,num_interact:549,Intrvl:15,num_users:789,errors:0
rt:2.86,through:28,tt:0.34,num_interact:420,Intrvl:15,num_users:736,errors:0
rt:3.46,through:32.33,tt:0.36,num_interact:485,Intrvl:15,num_users:740,errors:0
rt:4.87,through:32,tt:0.37,num_interact:501,Intrvl:15,num_users:809,errors:0
rt:2.43,through:30.53,tt:0.35,num_interact:458,Intrvl:15,num_users:728,errors:0
rt:2.71,through:21.93,tt:0.31,num_interact:329,Intrvl:15,num_users:683,errors:0
rt:2.8,through:38.2,tt:0.35,num_interact:590,Intrvl:15,num_users:764,errors:0
rt:2.36,through:39.47,tt:0.33,num_interact:592,Intrvl:15,num_users:741,errors:0
rt:2.58,through:26.2,tt:0.32,num_interact:398,Intrvl:15,num_users:706,errors:0
rt:5.34,through:27.93,tt:0.38,num_interact:419,Intrvl:15,num_users:811,errors:4
rt:2.65,through:34.67,tt:0.34,num_interact:520,Intrvl:15,num_users:737,errors:0
rt:2.22,through:16.6,tt:0.33,num_interact:249,Intrvl:15,num_users:676,errors:0
rt:2.26,through:40.67,tt:0.33,num_interact:610,Intrvl:15,num_users:734,errors:0
rt:1.52,through:43.07,tt:0.36,num_interact:646,Intrvl:15,num_users:698,errors:0
rt:2.24,through:40.93,tt:0.34,num_interact:614,Intrvl:15,num_users:755,errors:0
rt:2.43,through:41.33,tt:0.35,num_interact:620,Intrvl:15,num_users:741,errors:0
rt:1.7,through:43.27,tt:0.34,num_interact:649,Intrvl:15,num_users:715,errors:0
rt:5.08,through:13.33,tt:0.41,num_interact:200,Intrvl:15,num_users:807,errors:0
rt:16.28,through:4.53,tt:0.38,num_interact:68,Intrvl:15,num_users:815,errors:0
rt:28.68,through:5.13,tt:0.46,num_interact:77,Intrvl:15,num_users:767,errors:0
rt:31.64,through:4,tt:0.38,num_interact:60,Intrvl:15,num_users:794,errors:0
rt:16.98,through:18.13,tt:0.35,num_interact:272,Intrvl:15,num_users:774,errors:0
rt:1.19,through:41.07,tt:0.33,num_interact:616,Intrvl:15,num_users:685,errors:0
rt:1.56,through:43.33,tt:0.36,num_interact:650,Intrvl:15,num_users:721,errors:0
rt:5,through:10.27,tt:0.42,num_interact:154,Intrvl:15,num_users:810,errors:0
rt:19.72,through:3.87,tt:0.39,num_interact:58,Intrvl:15,num_users:820,errors:0
rt:5.64,through:30.4,tt:0.34,num_interact:456,Intrvl:15,num_users:707,errors:0
rt:2.27,through:41.67,tt:0.37,num_interact:625,Intrvl:15,num_users:754,errors:0
rt:3.1,through:39.73,tt:0.34,num_interact:596,Intrvl:15,num_users:757,errors:0
rt:1.64,through:45.33,tt:0.35,num_interact:680,Intrvl:15,num_users:708,errors:0
rt:2.03,through:39.87,tt:0.36,num_interact:598,Intrvl:15,num_users:738,errors:0
rt:2.49,through:43.67,tt:0.35,num_interact:655,Intrvl:15,num_users:755,errors:0
rt:2.45,through:39.67,tt:0.34,num_interact:608,Intrvl:15,num_users:727,errors:0
rt:1.53,through:42.73,tt:0.35,num_interact:641,Intrvl:15,num_users:707,errors:0
rt:1.33,through:42.4,tt:0.35,num_interact:636,Intrvl:15,num_users:696,errors:0
rt:2.81,through:40,tt:0.37,num_interact:627,Intrvl:15,num_users:767,errors:0
rt:1.52,through:42.07,tt:0.34,num_interact:631,Intrvl:15,num_users:706,errors:0
rt:1.26,through:41.53,tt:0.36,num_interact:623,Intrvl:15,num_users:696,errors:0
rt:1.35,through:42.87,tt:0.36,num_interact:643,Intrvl:15,num_users:698,errors:0
rt:1.02,through:41.07,tt:0.36,num_interact:616,Intrvl:15,num_users:681,errors:0
rt:1.89,through:42.27,tt:0.38,num_interact:635,Intrvl:15,num_users:744,errors:0
rt:2.03,through:40.27,tt:0.33,num_interact:604,Intrvl:15,num_users:711,errors:0
rt:2.34,through:46.2,tt:0.34,num_interact:693,Intrvl:15,num_users:754,errors:0
rt:1.22,through:39.67,tt:0.36,num_interact:595,Intrvl:15,num_users:688,errors:0
rt:1.39,through:42.13,tt:0.33,num_interact:632,Intrvl:15,num_users:708,errors:0
rt:1.76,through:44.2,tt:0.35,num_interact:663,Intrvl:15,num_users:715,errors:0
rt:1.7,through:42.67,tt:0.34,num_interact:640,Intrvl:15,num_users:718,errors:0
rt:2.04,through:43.07,tt:0.35,num_interact:648,Intrvl:15,num_users:724,errors:0
rt:0.85,through:40.53,tt:0.33,num_interact:608,Intrvl:15,num_users:663,errors:0
rt:0.8,through:44.07,tt:0.34,num_interact:661,Intrvl:15,num_users:669,errors:0
rt:0.87,through:43.67,tt:0.36,num_interact:655,Intrvl:15,num_users:669,errors:0
rt:1.53,through:40.93,tt:0.36,num_interact:617,Intrvl:15,num_users:707,errors:0
rt:1.83,through:42.27,tt:0.34,num_interact:634,Intrvl:15,num_users:713,errors:0
rt:2.36,through:42.2,tt:0.36,num_interact:633,Intrvl:15,num_users:750,errors:0
rt:1.76,through:39.67,tt:0.34,num_interact:595,Intrvl:15,num_users:691,errors:0
rt:3.01,through:37.8,tt:0.37,num_interact:571,Intrvl:15,num_users:760,errors:0
rt:2.2,through:43.33,tt:0.34,num_interact:650,Intrvl:15,num_users:737,errors:0
rt:2.39,through:41.67,tt:0.34,num_interact:625,Intrvl:15,num_users:732,errors:0
rt:1.76,through:42.47,tt:0.36,num_interact:637,Intrvl:15,num_users:705,errors:0
rt:0.62,through:41.47,tt:0.34,num_interact:622,Intrvl:15,num_users:591,errors:0
rt:2.04,through:40.6,tt:0.39,num_interact:609,Intrvl:15,num_users:673,errors:0
rt:1.36,through:41.07,tt:0.35,num_interact:616,Intrvl:15,num_users:629,errors:0
rt:1.87,through:41.33,tt:0.34,num_interact:620,Intrvl:15,num_users:658,errors:0
rt:5.81,through:18.13,tt:0.43,num_interact:275,Intrvl:15,num_users:765,errors:0
rt:4.74,through:37.2,tt:0.39,num_interact:558,Intrvl:15,num_users:692,errors:0
rt:1.63,through:43.53,tt:0.34,num_interact:653,Intrvl:15,num_users:636,errors:0
rt:2.15,through:39.33,tt:0.36,num_interact:590,Intrvl:15,num_users:684,errors:0
rt:1.95,through:41.6,tt:0.38,num_interact:624,Intrvl:15,num_users:641,errors:0
rt:2.29,through:42.27,tt:0.35,num_interact:634,Intrvl:15,num_users:689,errors:0
rt:5.25,through:31.33,tt:0.39,num_interact:470,Intrvl:15,num_users:758,errors:0
rt:15.15,through:25.8,tt:0.36,num_interact:387,Intrvl:15,num_users:798,errors:0
rt:23.2,through:2.53,tt:0.26,num_interact:38,Intrvl:15,num_users:755,errors:0
rt:51.6,through:12.8,tt:0.33,num_interact:192,Intrvl:15,num_users:760,errors:0
rt:85.16,through:3,tt:0.37,num_interact:45,Intrvl:15,num_users:703,errors:0
rt:55.87,through:6.67,tt:0.36,num_interact:100,Intrvl:15,num_users:732,errors:0
rt:49.44,through:45.13,tt:0.36,num_interact:677,Intrvl:15,num_users:789,errors:0
rt:14.44,through:8.33,tt:0.37,num_interact:125,Intrvl:15,num_users:726,errors:0
rt:6.6,through:32.33,tt:0.33,num_interact:485,Intrvl:15,num_users:690,errors:0
rt:1.78,through:50.53,tt:0.37,num_interact:856,Intrvl:15,num_users:665,errors:0
rt:1.98,through:48.6,tt:0.36,num_interact:729,Intrvl:15,num_users:669,errors:0
rt:2.63,through:47.6,tt:0.36,num_interact:714,Intrvl:15,num_users:706,errors:0
rt:3.51,through:48.47,tt:0.35,num_interact:727,Intrvl:15,num_users:731,errors:0
rt:1.55,through:53.47,tt:0.35,num_interact:856,Intrvl:15,num_users:651,errors:0
rt:1.3,through:57.47,tt:0.33,num_interact:862,Intrvl:15,num_users:651,errors:0
rt:1.21,through:56.33,tt:0.35,num_interact:845,Intrvl:15,num_users:650,errors:2
rt:3.61,through:21.2,tt:0.42,num_interact:318,Intrvl:15,num_users:757,errors:0
rt:4.35,through:45.87,tt:0.37,num_interact:688,Intrvl:15,num_users:712,errors:0
rt:2.36,through:48.13,tt:0.36,num_interact:727,Intrvl:15,num_users:692,errors:0
rt:4.12,through:39.6,tt:0.38,num_interact:594,Intrvl:15,num_users:752,errors:0
rt:3.84,through:41.67,tt:0.34,num_interact:625,Intrvl:15,num_users:721,errors:0
rt:3.88,through:49.6,tt:0.36,num_interact:744,Intrvl:15,num_users:733,errors:0
rt:1.42,through:39.07,tt:0.36,num_interact:586,Intrvl:15,num_users:624,errors:0
rt:7.04,through:12.4,tt:0.48,num_interact:186,Intrvl:15,num_users:764,errors:0
rt:5.1,through:41.53,tt:0.34,num_interact:623,Intrvl:15,num_users:715,errors:0
rt:4.44,through:41.67,tt:0.35,num_interact:625,Intrvl:15,num_users:750,errors:0
rt:2.63,through:47.47,tt:0.36,num_interact:712,Intrvl:15,num_users:698,errors:0
rt:1.41,through:48.33,tt:0.35,num_interact:725,Intrvl:15,num_users:660,errors:0
rt:5.76,through:21.93,tt:0.38,num_interact:329,Intrvl:15,num_users:774,errors:0
rt:46.45,through:40.93,tt:0.35,num_interact:651,Intrvl:15,num_users:806,errors:0
rt:9.97,through:21.87,tt:0.36,num_interact:328,Intrvl:15,num_users:775,errors:0
rt:5.37,through:38.47,tt:0.35,num_interact:577,Intrvl:15,num_users:726,errors:0
rt:4.73,through:33.67,tt:0.36,num_interact:505,Intrvl:15,num_users:763,errors:0
rt:7.47,through:26.8,tt:0.33,num_interact:402,Intrvl:15,num_users:689,errors:0
rt:4.16,through:41.07,tt:0.38,num_interact:803,Intrvl:15,num_users:777,errors:0
rt:4.39,through:39.93,tt:0.35,num_interact:599,Intrvl:15,num_users:709,errors:0
rt:2.97,through:45.53,tt:0.36,num_interact:683,Intrvl:15,num_users:712,errors:0
rt:2.69,through:46.73,tt:0.34,num_interact:701,Intrvl:15,num_users:695,errors:0
rt:2.87,through:43.2,tt:0.35,num_interact:655,Intrvl:15,num_users:721,errors:0
rt:2.88,through:40.4,tt:0.35,num_interact:606,Intrvl:15,num_users:720,errors:0
rt:3.91,through:29.73,tt:0.36,num_interact:446,Intrvl:15,num_users:701,errors:0
rt:4.45,through:29.27,tt:0.33,num_interact:439,Intrvl:15,num_users:682,errors:0
rt:3.69,through:20.73,tt:0.37,num_interact:311,Intrvl:15,num_users:629,errors:0
rt:2.07,through:40.53,tt:0.34,num_interact:608,Intrvl:15,num_users:674,errors:0
rt:3.02,through:32,tt:0.36,num_interact:480,Intrvl:15,num_users:666,errors:0
rt:2.52,through:40.13,tt:0.35,num_interact:602,Intrvl:15,num_users:683,errors:0
rt:1.89,through:35.73,tt:0.36,num_interact:536,Intrvl:15,num_users:693,errors:0
rt:1.05,through:34.73,tt:0.36,num_interact:521,Intrvl:15,num_users:643,errors:0
rt:0.23,through:33.07,tt:0.33,num_interact:496,Intrvl:15,num_users:597,errors:0
rt:3.59,through:33.47,tt:0.37,num_interact:561,Intrvl:15,num_users:651,errors:16
rt:4.73,through:26.8,tt:0.35,num_interact:554,Intrvl:15,num_users:736,errors:0
rt:5.81,through:12.07,tt:0.36,num_interact:181,Intrvl:15,num_users:765,errors:0
rt:34.49,through:8.4,tt:0.38,num_interact:126,Intrvl:15,num_users:771,errors:0
rt:43.95,through:4.4,tt:0.39,num_interact:123,Intrvl:15,num_users:731,errors:0
rt:15.96,through:17.8,tt:0.28,num_interact:267,Intrvl:15,num_users:676,errors:0
rt:2.05,through:39.73,tt:0.36,num_interact:596,Intrvl:15,num_users:644,errors:0
rt:1.4,through:36.93,tt:0.35,num_interact:554,Intrvl:15,num_users:624,errors:0
rt:1.73,through:39.27,tt:0.36,num_interact:589,Intrvl:15,num_users:644,errors:0
rt:1.63,through:38.27,tt:0.35,num_interact:574,Intrvl:15,num_users:632,errors:0
rt:1.93,through:38.07,tt:0.34,num_interact:571,Intrvl:15,num_users:644,errors:0
rt:2.51,through:38,tt:0.39,num_interact:570,Intrvl:15,num_users:673,errors:0
rt:1.91,through:38.53,tt:0.34,num_interact:578,Intrvl:15,num_users:643,errors:0
rt:4.69,through:16.4,tt:0.44,num_interact:246,Intrvl:15,num_users:761,errors:0
rt:3.32,through:37.13,tt:0.36,num_interact:563,Intrvl:15,num_users:643,errors:0
rt:1.06,through:38.2,tt:0.37,num_interact:573,Intrvl:15,num_users:610,errors:0
rt:2.99,through:35.6,tt:0.39,num_interact:534,Intrvl:15,num_users:698,errors:0
rt:2.71,through:38,tt:0.34,num_interact:570,Intrvl:15,num_users:671,errors:0
rt:3.19,through:39.93,tt:0.36,num_interact:599,Intrvl:15,num_users:705,errors:0
rt:1.75,through:35.07,tt:0.33,num_interact:526,Intrvl:15,num_users:629,errors:0
rt:2.95,through:35.53,tt:0.37,num_interact:583,Intrvl:15,num_users:685,errors:0
rt:6.28,through:19.73,tt:0.42,num_interact:296,Intrvl:15,num_users:779,errors:0
rt:3.55,through:33.8,tt:0.35,num_interact:507,Intrvl:15,num_users:653,errors:0
rt:2.73,through:40,tt:0.35,num_interact:600,Intrvl:15,num_users:686,errors:0
rt:4.4,through:34.07,tt:0.38,num_interact:511,Intrvl:15,num_users:748,errors:0
rt:3.7,through:35.2,tt:0.37,num_interact:589,Intrvl:15,num_users:691,errors:0
rt:3.42,through:37.53,tt:0.35,num_interact:563,Intrvl:15,num_users:697,errors:0
rt:5.16,through:31.33,tt:0.38,num_interact:607,Intrvl:15,num_users:755,errors:0
rt:5.5,through:32,tt:0.33,num_interact:480,Intrvl:15,num_users:717,errors:0
rt:2.52,through:38.73,tt:0.34,num_interact:581,Intrvl:15,num_users:660,errors:0
rt:5.85,through:9.4,tt:0.4,num_interact:141,Intrvl:15,num_users:770,errors:0
rt:8.95,through:25,tt:0.34,num_interact:389,Intrvl:15,num_users:697,errors:0
rt:4.19,through:34,tt:0.4,num_interact:510,Intrvl:15,num_users:746,errors:0
rt:1.6,through:38.47,tt:0.36,num_interact:577,Intrvl:15,num_users:616,errors:0
rt:2.67,through:33.73,tt:0.38,num_interact:506,Intrvl:15,num_users:675,errors:0
rt:4.74,through:31.8,tt:0.38,num_interact:481,Intrvl:15,num_users:739,errors:0
rt:5.99,through:36.13,tt:0.36,num_interact:542,Intrvl:15,num_users:768,errors:0
rt:5.65,through:28.27,tt:0.32,num_interact:424,Intrvl:15,num_users:680,errors:0
rt:4.19,through:32.47,tt:0.37,num_interact:487,Intrvl:15,num_users:745,errors:0
rt:5.33,through:36.47,tt:0.34,num_interact:547,Intrvl:15,num_users:721,errors:0
rt:5.34,through:28.07,tt:0.32,num_interact:421,Intrvl:15,num_users:807,errors:0
rt:21.06,through:3.2,tt:0.41,num_interact:48,Intrvl:15,num_users:730,errors:0
rt:36.11,through:3,tt:0.37,num_interact:45,Intrvl:15,num_users:769,errors:0
rt:57.54,through:30.53,tt:0.39,num_interact:458,Intrvl:15,num_users:777,errors:0
rt:81.12,through:3.73,tt:0.36,num_interact:56,Intrvl:15,num_users:695,errors:0
rt:13.89,through:32.87,tt:0.35,num_interact:493,Intrvl:15,num_users:715,errors:0
rt:5.9,through:8.87,tt:0.4,num_interact:133,Intrvl:15,num_users:789,errors:0
rt:20.46,through:1.4,tt:0.36,num_interact:21,Intrvl:15,num_users:801,errors:0
rt:115.08,through:36.2,tt:0.37,num_interact:661,Intrvl:15,num_users:812,errors:0
rt:157.95,through:1.6,tt:0.36,num_interact:24,Intrvl:15,num_users:820,errors:0
rt:177.5,through:1.6,tt:0.29,num_interact:57,Intrvl:15,num_users:822,errors:0
rt:165.68,through:14.13,tt:0.4,num_interact:212,Intrvl:15,num_users:752,errors:0
rt:143.31,through:1.87,tt:0.36,num_interact:28,Intrvl:15,num_users:782,errors:0
rt:129.82,through:3.47,tt:0.45,num_interact:52,Intrvl:15,num_users:731,errors:0
rt:17.49,through:28.2,tt:0.34,num_interact:423,Intrvl:15,num_users:668,errors:0
rt:2.73,through:35.07,tt:0.38,num_interact:526,Intrvl:15,num_users:686,errors:0
rt:2.52,through:37.8,tt:0.34,num_interact:567,Intrvl:15,num_users:673,errors:0
rt:0.8,through:36.8,tt:0.33,num_interact:552,Intrvl:15,num_users:601,errors:0
rt:2.58,through:37.67,tt:0.36,num_interact:565,Intrvl:15,num_users:679,errors:0
rt:3.23,through:33.87,tt:0.37,num_interact:533,Intrvl:15,num_users:698,errors:0
rt:3.62,through:37.4,tt:0.34,num_interact:561,Intrvl:15,num_users:702,errors:0
rt:2.99,through:35.27,tt:0.35,num_interact:529,Intrvl:15,num_users:676,errors:0
rt:3.47,through:33.8,tt:0.34,num_interact:509,Intrvl:15,num_users:708,errors:0
rt:3.08,through:39.53,tt:0.35,num_interact:593,Intrvl:15,num_users:697,errors:0
rt:2.77,through:37.8,tt:0.35,num_interact:567,Intrvl:15,num_users:679,errors:0
rt:3.12,through:39.2,tt:0.35,num_interact:588,Intrvl:15,num_users:697,errors:0
rt:2.55,through:36.33,tt:0.35,num_interact:545,Intrvl:15,num_users:669,errors:0
rt:4.1,through:36.13,tt:0.34,num_interact:542,Intrvl:15,num_users:735,errors:0
rt:4.74,through:31.27,tt:0.35,num_interact:469,Intrvl:15,num_users:725,errors:0
rt:4.52,through:34.87,tt:0.35,num_interact:523,Intrvl:15,num_users:731,errors:0
rt:3.29,through:38.93,tt:0.35,num_interact:584,Intrvl:15,num_users:696,errors:0
rt:1.94,through:36.4,tt:0.33,num_interact:546,Intrvl:15,num_users:637,errors:0
rt:3,through:36.27,tt:0.36,num_interact:548,Intrvl:15,num_users:702,errors:0
rt:2.72,through:27.8,tt:0.34,num_interact:417,Intrvl:15,num_users:648,errors:0
rt:3.26,through:25.93,tt:0.32,num_interact:389,Intrvl:15,num_users:651,errors:0
rt:3.38,through:19.47,tt:0.33,num_interact:292,Intrvl:15,num_users:638,errors:797
rt:8.6,through:12,tt:0.36,num_interact:180,Intrvl:15,num_users:757,errors:0
rt:13.3,through:3.87,tt:0.34,num_interact:59,Intrvl:15,num_users:607,errors:0
rt:4.05,through:12.07,tt:0.32,num_interact:181,Intrvl:15,num_users:604,errors:0
rt:5.24,through:12.6,tt:0.37,num_interact:189,Intrvl:15,num_users:650,errors:0
rt:6.8,through:12.93,tt:0.3,num_interact:195,Intrvl:15,num_users:654,errors:0
rt:6.9,through:12.73,tt:0.36,num_interact:191,Intrvl:15,num_users:661,errors:0
rt:8.4,through:12.53,tt:0.36,num_interact:188,Intrvl:15,num_users:704,errors:0
rt:5.4,through:6.47,tt:0.37,num_interact:97,Intrvl:15,num_users:575,errors:0
rt:4.1,through:12,tt:0.38,num_interact:180,Intrvl:15,num_users:612,errors:0
rt:4.57,through:12.87,tt:0.36,num_interact:193,Intrvl:15,num_users:613,errors:0
rt:5.56,through:12.93,tt:0.37,num_interact:194,Intrvl:15,num_users:628,errors:0
rt:5.76,through:12.6,tt:0.36,num_interact:189,Intrvl:15,num_users:624,errors:0
rt:4.54,through:11.93,tt:0.38,num_interact:179,Intrvl:15,num_users:606,errors:0
rt:4.22,through:12.6,tt:0.36,num_interact:189,Intrvl:15,num_users:604,errors:0
rt:3.86,through:12.6,tt:0.34,num_interact:189,Intrvl:15,num_users:601,errors:0
rt:3.67,through:12.53,tt:0.31,num_interact:188,Intrvl:15,num_users:599,errors:0
rt:6.04,through:12.4,tt:0.41,num_interact:186,Intrvl:15,num_users:649,errors:0
rt:8.62,through:12.6,tt:0.43,num_interact:189,Intrvl:15,num_users:741,errors:0
rt:14.14,through:6.13,tt:0.41,num_interact:92,Intrvl:15,num_users:626,errors:0
rt:2.83,through:10.67,tt:0.31,num_interact:160,Intrvl:15,num_users:562,errors:0
rt:3.17,through:11.8,tt:0.35,num_interact:177,Intrvl:15,num_users:582,errors:0
rt:6.21,through:11.53,tt:0.39,num_interact:173,Intrvl:15,num_users:637,errors:0
rt:7.59,through:13.07,tt:0.38,num_interact:196,Intrvl:15,num_users:636,errors:0
rt:7.94,through:12.73,tt:0.37,num_interact:191,Intrvl:15,num_users:690,errors:0
rt:11.27,through:8.13,tt:0.36,num_interact:122,Intrvl:15,num_users:616,errors:0
rt:7.31,through:12.4,tt:0.41,num_interact:186,Intrvl:15,num_users:634,errors:0
rt:8.32,through:12.87,tt:0.43,num_interact:193,Intrvl:15,num_users:680,errors:0
rt:10.52,through:12,tt:0.38,num_interact:180,Intrvl:15,num_users:672,errors:0
rt:10.92,through:12.87,tt:0.37,num_interact:193,Intrvl:15,num_users:676,errors:0
rt:9.46,through:9.4,tt:0.33,num_interact:141,Intrvl:15,num_users:622,errors:0
rt:6.49,through:12.47,tt:0.33,num_interact:187,Intrvl:15,num_users:615,errors:0
rt:2.87,through:10.8,tt:0.33,num_interact:162,Intrvl:15,num_users:567,errors:0
rt:3.4,through:11.73,tt:0.36,num_interact:176,Intrvl:15,num_users:584,errors:0
rt:3.81,through:12.8,tt:0.4,num_interact:192,Intrvl:15,num_users:597,errors:0
rt:2.13,through:12.93,tt:0.33,num_interact:194,Intrvl:15,num_users:560,errors:0
rt:3.46,through:10.4,tt:0.34,num_interact:156,Intrvl:15,num_users:581,errors:0
rt:4.33,through:12.8,tt:0.35,num_interact:192,Intrvl:15,num_users:601,errors:0
rt:3.79,through:11.47,tt:0.34,num_interact:172,Intrvl:15,num_users:581,errors:0
rt:6.21,through:12.6,tt:0.41,num_interact:189,Intrvl:15,num_users:638,errors:0
rt:8.63,through:12.6,tt:0.41,num_interact:189,Intrvl:15,num_users:710,errors:0
rt:13.37,through:12.8,tt:0.37,num_interact:192,Intrvl:15,num_users:725,errors:0
rt:14.2,through:11.6,tt:0.34,num_interact:174,Intrvl:15,num_users:702,errors:0
rt:14.12,through:12.8,tt:0.34,num_interact:192,Intrvl:15,num_users:735,errors:0
rt:14.63,through:9.07,tt:0.35,num_interact:136,Intrvl:15,num_users:668,errors:0
rt:8.99,through:7.33,tt:0.32,num_interact:110,Intrvl:15,num_users:591,errors:0
rt:6.28,through:12.53,tt:0.36,num_interact:188,Intrvl:15,num_users:630,errors:0
rt:5.88,through:11,tt:0.36,num_interact:165,Intrvl:15,num_users:598,errors:0
rt:5.43,through:12.8,tt:0.4,num_interact:192,Intrvl:15,num_users:622,errors:0
rt:8.56,through:12.8,tt:0.41,num_interact:192,Intrvl:15,num_users:677,errors:0
rt:10.4,through:12.67,tt:0.39,num_interact:190,Intrvl:15,num_users:687,errors:0
rt:11.17,through:9,tt:0.39,num_interact:135,Intrvl:15,num_users:624,errors:0
rt:7.1,through:12.73,tt:0.32,num_interact:191,Intrvl:15,num_users:625,errors:0
rt:6.81,through:12.8,tt:0.36,num_interact:192,Intrvl:15,num_users:623,errors:10
rt:4.01,through:22.13,tt:0.32,num_interact:332,Intrvl:15,num_users:626,errors:33
rt:2.38,through:38.8,tt:0.36,num_interact:582,Intrvl:15,num_users:633,errors:16
rt:1.21,through:43.27,tt:0.36,num_interact:649,Intrvl:15,num_users:605,errors:0
rt:2.92,through:47.67,tt:0.36,num_interact:716,Intrvl:15,num_users:693,errors:0
rt:1.88,through:50.27,tt:0.33,num_interact:764,Intrvl:15,num_users:644,errors:0
rt:1.45,through:52.73,tt:0.36,num_interact:791,Intrvl:15,num_users:628,errors:0
rt:1.53,through:60.93,tt:0.35,num_interact:914,Intrvl:15,num_users:638,errors:0
rt:1.91,through:49.6,tt:0.35,num_interact:744,Intrvl:15,num_users:648,errors:0
rt:0.73,through:52.53,tt:0.34,num_interact:788,Intrvl:15,num_users:589,errors:0
rt:2.07,through:49,tt:0.35,num_interact:763,Intrvl:15,num_users:662,errors:0
rt:0.32,through:51.4,tt:0.33,num_interact:771,Intrvl:15,num_users:566,errors:0
rt:0.5,through:55.53,tt:0.36,num_interact:833,Intrvl:15,num_users:582,errors:0
rt:1.41,through:49.13,tt:0.35,num_interact:737,Intrvl:15,num_users:628,errors:0
rt:1.54,through:54.73,tt:0.36,num_interact:821,Intrvl:15,num_users:632,errors:0
rt:0.43,through:51.67,tt:0.34,num_interact:775,Intrvl:15,num_users:572,errors:0
rt:1.26,through:52.27,tt:0.35,num_interact:784,Intrvl:15,num_users:622,errors:0
rt:1.26,through:53.87,tt:0.34,num_interact:808,Intrvl:15,num_users:619,errors:0
rt:1.95,through:48.87,tt:0.37,num_interact:733,Intrvl:15,num_users:653,errors:0
rt:1.66,through:52.47,tt:0.36,num_interact:787,Intrvl:15,num_users:638,errors:0
rt:1.32,through:52.2,tt:0.35,num_interact:783,Intrvl:15,num_users:618,errors:0
rt:1.81,through:55.13,tt:0.35,num_interact:827,Intrvl:15,num_users:655,errors:0
rt:0.87,through:54.6,tt:0.34,num_interact:821,Intrvl:15,num_users:598,errors:0
rt:0.83,through:51.73,tt:0.34,num_interact:776,Intrvl:15,num_users:594,errors:0
rt:1.81,through:55.6,tt:0.37,num_interact:834,Intrvl:15,num_users:658,errors:0
rt:0.61,through:54.4,tt:0.33,num_interact:816,Intrvl:15,num_users:582,errors:0
rt:2.69,through:42.27,tt:0.41,num_interact:634,Intrvl:15,num_users:693,errors:0
rt:3.64,through:54.33,tt:0.36,num_interact:815,Intrvl:15,num_users:716,errors:0
rt:1.09,through:53.6,tt:0.35,num_interact:804,Intrvl:15,num_users:596,errors:0
rt:1.98,through:50,tt:0.35,num_interact:765,Intrvl:15,num_users:653,errors:0
rt:2.03,through:57.73,tt:0.34,num_interact:866,Intrvl:15,num_users:664,errors:0
rt:0.7,through:53.87,tt:0.35,num_interact:808,Intrvl:15,num_users:586,errors:0
rt:1.11,through:55.2,tt:0.35,num_interact:833,Intrvl:15,num_users:614,errors:0
rt:1.45,through:53.73,tt:0.37,num_interact:810,Intrvl:15,num_users:631,errors:0
rt:1.09,through:51.47,tt:0.35,num_interact:772,Intrvl:15,num_users:608,errors:0
rt:0.78,through:53.47,tt:0.33,num_interact:804,Intrvl:15,num_users:593,errors:0
rt:1.75,through:50.07,tt:0.36,num_interact:751,Intrvl:15,num_users:644,errors:0
rt:1.09,through:50.87,tt:0.34,num_interact:763,Intrvl:15,num_users:607,errors:0
rt:0.83,through:53.73,tt:0.35,num_interact:806,Intrvl:15,num_users:596,errors:0
rt:0.93,through:55.87,tt:0.33,num_interact:838,Intrvl:15,num_users:603,errors:0
rt:0.22,through:47.87,tt:0.33,num_interact:718,Intrvl:15,num_users:543,errors:0
rt:1.68,through:50.93,tt:0.35,num_interact:764,Intrvl:15,num_users:631,errors:0
rt:1.2,through:54.6,tt:0.36,num_interact:819,Intrvl:15,num_users:598,errors:0
rt:0.41,through:54.67,tt:0.31,num_interact:822,Intrvl:15,num_users:555,errors:0
rt:0.43,through:54.8,tt:0.35,num_interact:822,Intrvl:15,num_users:560,errors:0
rt:1.2,through:54.07,tt:0.34,num_interact:850,Intrvl:15,num_users:605,errors:0
rt:0.77,through:55.13,tt:0.35,num_interact:827,Intrvl:15,num_users:578,errors:0
rt:1.36,through:54.87,tt:0.37,num_interact:823,Intrvl:15,num_users:616,errors:0
rt:1.77,through:53.93,tt:0.36,num_interact:809,Intrvl:15,num_users:635,errors:0
rt:2,through:50.27,tt:0.35,num_interact:754,Intrvl:15,num_users:636,errors:0
rt:2.21,through:55.13,tt:0.36,num_interact:827,Intrvl:15,num_users:648,errors:0
rt:0.21,through:42.73,tt:0.37,num_interact:641,Intrvl:15,num_users:418,errors:0
rt:0.16,through:45.2,tt:0.33,num_interact:678,Intrvl:15,num_users:417,errors:0
rt:0.21,through:48.33,tt:0.34,num_interact:725,Intrvl:15,num_users:422,errors:0
rt:0.17,through:47,tt:0.34,num_interact:705,Intrvl:15,num_users:419,errors:0
rt:0.16,through:43.33,tt:0.34,num_interact:650,Intrvl:15,num_users:380,errors:0
rt:0.2,through:50,tt:0.36,num_interact:750,Intrvl:15,num_users:386,errors:0
rt:0.16,through:42.67,tt:0.36,num_interact:640,Intrvl:15,num_users:368,errors:0
rt:0.71,through:52.27,tt:0.34,num_interact:790,Intrvl:15,num_users:404,errors:0
rt:0.18,through:42.27,tt:0.36,num_interact:634,Intrvl:15,num_users:363,errors:0
rt:0.28,through:54.73,tt:0.35,num_interact:821,Intrvl:15,num_users:376,errors:0
rt:0.17,through:45,tt:0.32,num_interact:675,Intrvl:15,num_users:360,errors:0
rt:0.43,through:54.07,tt:0.35,num_interact:811,Intrvl:15,num_users:381,errors:0
rt:0.61,through:56.8,tt:0.38,num_interact:852,Intrvl:15,num_users:394,errors:0
rt:0.62,through:55.2,tt:0.33,num_interact:828,Intrvl:15,num_users:390,errors:0
rt:0.16,through:40.07,tt:0.32,num_interact:601,Intrvl:15,num_users:343,errors:0
rt:0.95,through:52.73,tt:0.34,num_interact:828,Intrvl:15,num_users:395,errors:39
rt:0.68,through:61.13,tt:0.36,num_interact:917,Intrvl:15,num_users:388,errors:0
rt:0.68,through:64.8,tt:0.34,num_interact:980,Intrvl:15,num_users:389,errors:0
rt:1.35,through:57,tt:0.36,num_interact:855,Intrvl:15,num_users:424,errors:0
rt:1.2,through:54.6,tt:0.37,num_interact:819,Intrvl:15,num_users:411,errors:0
rt:0.2,through:57.13,tt:0.33,num_interact:857,Intrvl:15,num_users:352,errors:0
rt:0.41,through:64.93,tt:0.37,num_interact:974,Intrvl:15,num_users:376,errors:0
rt:0.89,through:62.33,tt:0.34,num_interact:935,Intrvl:15,num_users:403,errors:0
rt:0.53,through:65.8,tt:0.34,num_interact:987,Intrvl:15,num_users:381,errors:0
rt:0.87,through:61.53,tt:0.35,num_interact:923,Intrvl:15,num_users:403,errors:0
rt:0.84,through:57.6,tt:0.36,num_interact:864,Intrvl:15,num_users:390,errors:0
rt:0.51,through:65,tt:0.33,num_interact:975,Intrvl:15,num_users:378,errors:0
rt:0.15,through:44.2,tt:0.33,num_interact:663,Intrvl:15,num_users:345,errors:0
rt:0.13,through:41.53,tt:0.32,num_interact:623,Intrvl:15,num_users:342,errors:0
rt:0.98,through:60.33,tt:0.36,num_interact:905,Intrvl:15,num_users:409,errors:0
rt:2.01,through:58.87,tt:0.36,num_interact:1056,Intrvl:15,num_users:456,errors:0
rt:0.31,through:64.4,tt:0.35,num_interact:974,Intrvl:15,num_users:362,errors:0
rt:1.02,through:59.6,tt:0.36,num_interact:902,Intrvl:15,num_users:408,errors:0
rt:0.35,through:66.4,tt:0.34,num_interact:1000,Intrvl:15,num_users:368,errors:0
rt:1.42,through:58.33,tt:0.38,num_interact:896,Intrvl:15,num_users:435,errors:0
rt:0.83,through:65.47,tt:0.35,num_interact:982,Intrvl:15,num_users:397,errors:0
rt:0.57,through:67.8,tt:0.34,num_interact:1017,Intrvl:15,num_users:385,errors:0
rt:0.14,through:42.07,tt:0.34,num_interact:631,Intrvl:15,num_users:343,errors:0
rt:1.08,through:60.2,tt:0.36,num_interact:903,Intrvl:15,num_users:415,errors:0
rt:1.38,through:58,tt:0.34,num_interact:870,Intrvl:15,num_users:423,errors:0
rt:0.84,through:61.07,tt:0.34,num_interact:916,Intrvl:15,num_users:394,errors:0
rt:0.27,through:65.2,tt:0.36,num_interact:978,Intrvl:15,num_users:363,errors:0
rt:0.14,through:41.07,tt:0.35,num_interact:616,Intrvl:15,num_users:343,errors:0
rt:0.23,through:65.73,tt:0.34,num_interact:986,Intrvl:15,num_users:361,errors:0
rt:0.72,through:64.93,tt:0.34,num_interact:974,Intrvl:15,num_users:394,errors:0
rt:2.07,through:53.13,tt:0.36,num_interact:797,Intrvl:15,num_users:474,errors:0
rt:1.16,through:62.47,tt:0.36,num_interact:937,Intrvl:15,num_users:407,errors:0
rt:0.29,through:64.47,tt:0.34,num_interact:967,Intrvl:15,num_users:362,errors:0
rt:1.13,through:58.2,tt:0.36,num_interact:873,Intrvl:15,num_users:416,errors:10
rt:0.77,through:54.93,tt:0.37,num_interact:824,Intrvl:15,num_users:415,errors:3
rt:0.11,through:4.27,tt:0.38,num_interact:64,Intrvl:15,num_users:401,errors:0
rt:3.68,through:54.67,tt:0.34,num_interact:820,Intrvl:15,num_users:443,errors:0
rt:0.39,through:68.53,tt:0.34,num_interact:1033,Intrvl:15,num_users:371,errors:0
rt:0.92,through:63.33,tt:0.35,num_interact:989,Intrvl:15,num_users:407,errors:0
rt:0.61,through:67.6,tt:0.35,num_interact:1029,Intrvl:15,num_users:387,errors:0
rt:0.85,through:65.53,tt:0.39,num_interact:983,Intrvl:15,num_users:403,errors:0
rt:0.5,through:69.2,tt:0.34,num_interact:1040,Intrvl:15,num_users:380,errors:0
rt:0.97,through:65.2,tt:0.34,num_interact:1051,Intrvl:15,num_users:408,errors:0
rt:0.68,through:66,tt:0.36,num_interact:994,Intrvl:15,num_users:392,errors:0
rt:0.99,through:65.33,tt:0.35,num_interact:980,Intrvl:15,num_users:408,errors:0
Terminating EBs...
EB TPCW Broswing Mix EB #72commiting suicide!
EB TPCW Broswing Mix EB #15775commiting suicide!
EB TPCW Broswing Mix EB #15722commiting suicide!
EB TPCW Broswing Mix EB #15772commiting suicide!
EB TPCW Broswing Mix EB #290commiting suicide!
EB TPCW Broswing Mix EB #208commiting suicide!
EB TPCW Broswing Mix EB #15500commiting suicide!
EB TPCW Broswing Mix EB #15769commiting suicide!
EB TPCW Broswing Mix EB #15717commiting suicide!
EB TPCW Broswing Mix EB #15809commiting suicide!
EB TPCW Broswing Mix EB #15619commiting suicide!
EB TPCW Broswing Mix EB #248commiting suicide!
EB TPCW Broswing Mix EB #283commiting suicide!
EB TPCW Broswing Mix EB #15505commiting suicide!
EB TPCW Broswing Mix EB #15798commiting suicide!
EB TPCW Broswing Mix EB #15504commiting suicide!
EB TPCW Broswing Mix EB #15805commiting suicide!
EB TPCW Broswing Mix EB #15767commiting suicide!
EB TPCW Broswing Mix EB #15777commiting suicide!
EB TPCW Broswing Mix EB #816commiting suicide!
EB TPCW Broswing Mix EB #15501commiting suicide!
EB TPCW Broswing Mix EB #191commiting suicide!
EB TPCW Broswing Mix EB #15499commiting suicide!
EB TPCW Broswing Mix EB #15795commiting suicide!
EB TPCW Broswing Mix EB #15621commiting suicide!
EB TPCW Broswing Mix EB #15770commiting suicide!
EB TPCW Broswing Mix EB #15723commiting suicide!
EB TPCW Broswing Mix EB #15503commiting suicide!
EB TPCW Broswing Mix EB #284commiting suicide!
EB TPCW Broswing Mix EB #15627commiting suicide!
EB TPCW Broswing Mix EB #1042commiting suicide!
EB TPCW Broswing Mix EB #15797commiting suicide!
EB TPCW Broswing Mix EB #15488commiting suicide!
EB TPCW Broswing Mix EB #15715commiting suicide!
EB TPCW Broswing Mix EB #15719commiting suicide!
EB TPCW Broswing Mix EB #237commiting suicide!
EB TPCW Broswing Mix EB #15506commiting suicide!
EB TPCW Broswing Mix EB #15625commiting suicide!
EB TPCW Broswing Mix EB #143commiting suicide!
EB TPCW Broswing Mix EB #15776commiting suicide!
EB TPCW Broswing Mix EB #15626commiting suicide!
EB TPCW Broswing Mix EB #15801commiting suicide!
EB TPCW Broswing Mix EB #15720commiting suicide!
EB TPCW Broswing Mix EB #15492commiting suicide!
EB TPCW Broswing Mix EB #282commiting suicide!
EB TPCW Broswing Mix EB #15493commiting suicide!
EB TPCW Broswing Mix EB #15808commiting suicide!
EB TPCW Broswing Mix EB #15489commiting suicide!
EB TPCW Broswing Mix EB #15802commiting suicide!
EB TPCW Broswing Mix EB #15796commiting suicide!
EB TPCW Broswing Mix EB #15778commiting suicide!
EB TPCW Broswing Mix EB #15624commiting suicide!
EB TPCW Broswing Mix EB #15716commiting suicide!
EB TPCW Broswing Mix EB #15803commiting suicide!
EB TPCW Broswing Mix EB #15768commiting suicide!
EB TPCW Broswing Mix EB #15799commiting suicide!
EB TPCW Broswing Mix EB #15491commiting suicide!
EB TPCW Broswing Mix EB #251commiting suicide!
EB TPCW Broswing Mix EB #1046commiting suicide!
EB TPCW Broswing Mix EB #15496commiting suicide!
EB TPCW Broswing Mix EB #270commiting suicide!
EB TPCW Broswing Mix EB #15800commiting suicide!
EB TPCW Broswing Mix EB #15620commiting suicide!
EB TPCW Broswing Mix EB #15718commiting suicide!
EB TPCW Broswing Mix EB #15771commiting suicide!
EB TPCW Broswing Mix EB #15498commiting suicide!
EB TPCW Broswing Mix EB #15497commiting suicide!
EB TPCW Broswing Mix EB #15810commiting suicide!
EB TPCW Broswing Mix EB #15622commiting suicide!
EB TPCW Broswing Mix EB #15181commiting suicide!
EB TPCW Broswing Mix EB #15494commiting suicide!
EB TPCW Broswing Mix EB #15804commiting suicide!
EB TPCW Broswing Mix EB #15774commiting suicide!
EB TPCW Broswing Mix EB #15806commiting suicide!
EB TPCW Broswing Mix EB #15807commiting suicide!
EB TPCW Broswing Mix EB #15623commiting suicide!
EBs finished.
Really finishing RBE!.
