Remote Browser Emulator for TPC-W.
  ECE 902  Fall '99
  Version 1.5
System's current path is /root/loadtest
rt:0.11,through:2,tt:0.37,num_interact:30,Intrvl:15,num_users:1,errors:0
rt:1.36,through:10.93,tt:0.37,num_interact:164,Intrvl:15,num_users:20,errors:0
rt:5.3,through:10.67,tt:0.4,num_interact:160,Intrvl:15,num_users:80,errors:0
rt:7.49,through:12.53,tt:0.39,num_interact:188,Intrvl:15,num_users:120,errors:0
rt:9.48,through:12.6,tt:0.44,num_interact:189,Intrvl:15,num_users:180,errors:0
rt:13.62,through:12.33,tt:0.4,num_interact:185,Intrvl:15,num_users:240,errors:0
rt:17.17,through:12.6,tt:0.41,num_interact:189,Intrvl:15,num_users:280,errors:0
rt:20.47,through:12.53,tt:0.41,num_interact:188,Intrvl:15,num_users:310,errors:0
rt:24.29,through:12.6,tt:0.37,num_interact:189,Intrvl:15,num_users:370,errors:0
rt:25.5,through:12.93,tt:0.35,num_interact:194,Intrvl:15,num_users:440,errors:0
rt:28.17,through:12.8,tt:0.35,num_interact:192,Intrvl:15,num_users:484,errors:0
rt:33.69,through:12.47,tt:0.4,num_interact:187,Intrvl:15,num_users:487,errors:0
rt:36.97,through:12.53,tt:0.37,num_interact:188,Intrvl:15,num_users:479,errors:0
rt:38.26,through:12.53,tt:0.38,num_interact:188,Intrvl:15,num_users:574,errors:0
rt:36.8,through:12.73,tt:0.33,num_interact:191,Intrvl:15,num_users:500,errors:0
rt:40.44,through:8.13,tt:0.33,num_interact:122,Intrvl:15,num_users:458,errors:0
rt:43.2,through:9.93,tt:0.36,num_interact:150,Intrvl:15,num_users:409,errors:0
rt:43.26,through:10.6,tt:0.35,num_interact:159,Intrvl:15,num_users:426,errors:0
rt:37.59,through:12.27,tt:0.36,num_interact:184,Intrvl:15,num_users:494,errors:0
rt:35.77,through:12.87,tt:0.34,num_interact:193,Intrvl:15,num_users:515,errors:0
rt:37.58,through:12.47,tt:0.39,num_interact:187,Intrvl:15,num_users:489,errors:0
rt:39.17,through:10.93,tt:0.32,num_interact:164,Intrvl:15,num_users:444,errors:0
rt:39.28,through:11.2,tt:0.35,num_interact:168,Intrvl:15,num_users:454,errors:0
rt:38.56,through:12.13,tt:0.34,num_interact:182,Intrvl:15,num_users:512,errors:0
rt:38.68,through:12.8,tt:0.39,num_interact:192,Intrvl:15,num_users:487,errors:0
rt:38.45,through:9.73,tt:0.4,num_interact:146,Intrvl:15,num_users:462,errors:0
rt:38.66,through:12.6,tt:0.35,num_interact:189,Intrvl:15,num_users:448,errors:0
rt:37.51,through:12.33,tt:0.37,num_interact:185,Intrvl:15,num_users:466,errors:0
rt:38.24,through:12.53,tt:0.34,num_interact:188,Intrvl:15,num_users:479,errors:0
rt:37.09,through:11.4,tt:0.34,num_interact:171,Intrvl:15,num_users:431,errors:0
rt:36.75,through:10.73,tt:0.35,num_interact:161,Intrvl:15,num_users:413,errors:0
rt:35.32,through:12,tt:0.35,num_interact:181,Intrvl:15,num_users:435,errors:0
rt:34.94,through:12.6,tt:0.35,num_interact:189,Intrvl:15,num_users:484,errors:0
rt:35.05,through:12.93,tt:0.39,num_interact:194,Intrvl:15,num_users:483,errors:0
rt:35.29,through:12.8,tt:0.35,num_interact:192,Intrvl:15,num_users:515,errors:0
rt:36.14,through:12.8,tt:0.34,num_interact:192,Intrvl:15,num_users:461,errors:0
rt:40.25,through:10.27,tt:0.34,num_interact:154,Intrvl:15,num_users:470,errors:0
rt:39.51,through:10.87,tt:0.36,num_interact:163,Intrvl:15,num_users:416,errors:0
rt:40.84,through:10.93,tt:0.34,num_interact:164,Intrvl:15,num_users:454,errors:0
rt:35.83,through:12.2,tt:0.33,num_interact:183,Intrvl:15,num_users:480,errors:0
rt:36.68,through:12.4,tt:0.36,num_interact:186,Intrvl:15,num_users:487,errors:0
rt:38.06,through:13.07,tt:0.39,num_interact:196,Intrvl:15,num_users:561,errors:0
rt:38.23,through:12.27,tt:0.31,num_interact:184,Intrvl:15,num_users:455,errors:0
rt:38.34,through:7.13,tt:0.39,num_interact:107,Intrvl:15,num_users:400,errors:0
rt:42.49,through:9.8,tt:0.3,num_interact:147,Intrvl:15,num_users:381,errors:0
rt:41.52,through:10.27,tt:0.34,num_interact:154,Intrvl:15,num_users:517,errors:0
rt:37.01,through:12.6,tt:0.37,num_interact:189,Intrvl:15,num_users:536,errors:0
rt:36.47,through:10.53,tt:0.42,num_interact:158,Intrvl:15,num_users:475,errors:0
rt:39.94,through:11.2,tt:0.38,num_interact:168,Intrvl:15,num_users:500,errors:0
rt:43.36,through:12,tt:0.35,num_interact:180,Intrvl:15,num_users:472,errors:0
rt:40.78,through:10.6,tt:0.36,num_interact:159,Intrvl:15,num_users:452,errors:0
rt:38.06,through:10.87,tt:0.33,num_interact:163,Intrvl:15,num_users:347,errors:0
rt:38.75,through:9.07,tt:0.31,num_interact:136,Intrvl:15,num_users:426,errors:0
rt:34.87,through:10.47,tt:0.31,num_interact:157,Intrvl:15,num_users:389,errors:0
rt:36.85,through:10.67,tt:0.37,num_interact:160,Intrvl:15,num_users:385,errors:0
rt:33.94,through:12.6,tt:0.32,num_interact:189,Intrvl:15,num_users:392,errors:0
rt:31.33,through:13.13,tt:0.3,num_interact:197,Intrvl:15,num_users:553,errors:0
rt:32.12,through:10,tt:0.38,num_interact:150,Intrvl:15,num_users:375,errors:0
rt:39.83,through:4.93,tt:0.34,num_interact:74,Intrvl:15,num_users:391,errors:0
rt:41.34,through:11.87,tt:0.4,num_interact:178,Intrvl:15,num_users:379,errors:0
rt:36.03,through:11.93,tt:0.36,num_interact:179,Intrvl:15,num_users:431,errors:0
rt:35.4,through:10.8,tt:0.39,num_interact:162,Intrvl:15,num_users:356,errors:0
rt:33.98,through:10,tt:0.39,num_interact:150,Intrvl:15,num_users:458,errors:0
rt:31.89,through:12.07,tt:0.31,num_interact:181,Intrvl:15,num_users:407,errors:0
rt:34.74,through:9.2,tt:0.35,num_interact:138,Intrvl:15,num_users:371,errors:0
rt:35.67,through:10.6,tt:0.35,num_interact:159,Intrvl:15,num_users:342,errors:0
rt:32.65,through:9.07,tt:0.33,num_interact:136,Intrvl:15,num_users:273,errors:0
rt:27.99,through:10.93,tt:0.35,num_interact:164,Intrvl:15,num_users:554,errors:0
rt:26.58,through:11.67,tt:0.29,num_interact:175,Intrvl:15,num_users:494,errors:0
rt:37.2,through:10.67,tt:0.51,num_interact:160,Intrvl:15,num_users:487,errors:0
rt:42.01,through:12,tt:0.41,num_interact:180,Intrvl:15,num_users:469,errors:0
rt:40.66,through:11.13,tt:0.31,num_interact:167,Intrvl:15,num_users:440,errors:0
rt:38.23,through:10.53,tt:0.35,num_interact:158,Intrvl:15,num_users:405,errors:0
rt:37.51,through:11.87,tt:0.38,num_interact:178,Intrvl:15,num_users:588,errors:0
rt:36.61,through:11.73,tt:0.38,num_interact:176,Intrvl:15,num_users:517,errors:0
rt:39.38,through:8.67,tt:0.38,num_interact:130,Intrvl:15,num_users:480,errors:0
rt:41.83,through:11.93,tt:0.32,num_interact:179,Intrvl:15,num_users:498,errors:3
rt:37.99,through:13.6,tt:0.33,num_interact:206,Intrvl:15,num_users:444,errors:0
rt:33.84,through:17.87,tt:0.35,num_interact:268,Intrvl:15,num_users:500,errors:0
rt:27.53,through:16.73,tt:0.34,num_interact:251,Intrvl:15,num_users:472,errors:0
rt:25.17,through:17.53,tt:0.35,num_interact:263,Intrvl:15,num_users:430,errors:0
rt:20.47,through:18.8,tt:0.35,num_interact:282,Intrvl:15,num_users:512,errors:0
rt:19.98,through:21.93,tt:0.41,num_interact:329,Intrvl:15,num_users:561,errors:0
rt:27.63,through:10,tt:0.3,num_interact:150,Intrvl:15,num_users:412,errors:0
rt:30.39,through:11.27,tt:0.29,num_interact:169,Intrvl:15,num_users:512,errors:8
rt:36.01,through:10.8,tt:0.33,num_interact:162,Intrvl:15,num_users:496,errors:4
rt:34.44,through:13,tt:0.41,num_interact:195,Intrvl:15,num_users:515,errors:7
rt:38.05,through:11,tt:0.37,num_interact:165,Intrvl:15,num_users:510,errors:0
rt:38.48,through:14.13,tt:0.36,num_interact:212,Intrvl:15,num_users:504,errors:18
rt:41.03,through:13.33,tt:0.4,num_interact:200,Intrvl:15,num_users:494,errors:4
rt:38.72,through:9.73,tt:0.34,num_interact:146,Intrvl:15,num_users:455,errors:1
rt:35.28,through:11.73,tt:0.34,num_interact:176,Intrvl:15,num_users:414,errors:14
rt:38.32,through:12.8,tt:0.38,num_interact:192,Intrvl:15,num_users:384,errors:7
rt:31.08,through:9.67,tt:0.3,num_interact:145,Intrvl:15,num_users:407,errors:4
rt:30.16,through:14.13,tt:0.34,num_interact:212,Intrvl:15,num_users:458,errors:19
rt:37.94,through:10.6,tt:0.33,num_interact:159,Intrvl:15,num_users:421,errors:8
rt:35.08,through:11.8,tt:0.37,num_interact:177,Intrvl:15,num_users:445,errors:10
rt:33.76,through:13.47,tt:0.33,num_interact:202,Intrvl:15,num_users:417,errors:15
rt:31.75,through:10.6,tt:0.36,num_interact:159,Intrvl:15,num_users:433,errors:5
rt:35.91,through:11.27,tt:0.35,num_interact:169,Intrvl:15,num_users:456,errors:4
rt:35.26,through:13.27,tt:0.33,num_interact:199,Intrvl:15,num_users:405,errors:10
rt:34.18,through:12.33,tt:0.36,num_interact:185,Intrvl:15,num_users:427,errors:4
rt:35.61,through:11.87,tt:0.39,num_interact:178,Intrvl:15,num_users:424,errors:0
rt:32.59,through:12.8,tt:0.36,num_interact:192,Intrvl:15,num_users:392,errors:16
rt:30.64,through:11.87,tt:0.38,num_interact:178,Intrvl:15,num_users:475,errors:3
rt:37.03,through:9.67,tt:0.38,num_interact:145,Intrvl:15,num_users:393,errors:8
rt:31.75,through:14.93,tt:0.37,num_interact:224,Intrvl:15,num_users:424,errors:13
rt:36.1,through:9.93,tt:0.33,num_interact:149,Intrvl:15,num_users:405,errors:6
rt:33.19,through:12,tt:0.33,num_interact:180,Intrvl:15,num_users:500,errors:1
rt:35.03,through:13.93,tt:0.4,num_interact:209,Intrvl:15,num_users:524,errors:6
rt:37.01,through:12.07,tt:0.38,num_interact:181,Intrvl:15,num_users:525,errors:3
rt:40.14,through:10.13,tt:0.39,num_interact:152,Intrvl:15,num_users:449,errors:7
rt:34.16,through:12.47,tt:0.4,num_interact:187,Intrvl:15,num_users:475,errors:11
rt:36.29,through:11.33,tt:0.35,num_interact:170,Intrvl:15,num_users:494,errors:1
rt:38.76,through:11.27,tt:0.37,num_interact:169,Intrvl:15,num_users:392,errors:10
rt:35.83,through:12.33,tt:0.36,num_interact:185,Intrvl:15,num_users:407,errors:1
rt:32.61,through:10.2,tt:0.37,num_interact:153,Intrvl:15,num_users:482,errors:1
rt:33.42,through:13.27,tt:0.4,num_interact:199,Intrvl:15,num_users:469,errors:21
rt:36.71,through:12.87,tt:0.37,num_interact:193,Intrvl:15,num_users:532,errors:5
rt:37.11,through:10.87,tt:0.41,num_interact:163,Intrvl:15,num_users:511,errors:0
rt:37.76,through:11.67,tt:0.35,num_interact:175,Intrvl:15,num_users:417,errors:21
rt:35.64,through:10.67,tt:0.35,num_interact:160,Intrvl:15,num_users:426,errors:3
rt:36.47,through:10.47,tt:0.36,num_interact:157,Intrvl:15,num_users:407,errors:4
rt:32.81,through:13.93,tt:0.36,num_interact:209,Intrvl:15,num_users:399,errors:4
rt:34.96,through:11.33,tt:0.32,num_interact:170,Intrvl:15,num_users:368,errors:3
rt:32.98,through:11.53,tt:0.39,num_interact:173,Intrvl:15,num_users:430,errors:3
rt:34.2,through:12.47,tt:0.38,num_interact:187,Intrvl:15,num_users:367,errors:6
rt:30.79,through:11.93,tt:0.3,num_interact:179,Intrvl:15,num_users:496,errors:3
rt:34,through:11.27,tt:0.41,num_interact:169,Intrvl:15,num_users:462,errors:12
rt:31.33,through:13.27,tt:0.33,num_interact:199,Intrvl:15,num_users:563,errors:5
rt:40.15,through:8.67,tt:0.34,num_interact:130,Intrvl:15,num_users:503,errors:1
rt:38.27,through:13.8,tt:0.39,num_interact:207,Intrvl:15,num_users:515,errors:9
rt:38.82,through:10.6,tt:0.36,num_interact:159,Intrvl:15,num_users:391,errors:8
rt:40.3,through:10.8,tt:0.39,num_interact:162,Intrvl:15,num_users:449,errors:1
rt:31.93,through:10.73,tt:0.42,num_interact:161,Intrvl:15,num_users:440,errors:7
rt:35.43,through:13,tt:0.4,num_interact:195,Intrvl:15,num_users:454,errors:7
rt:35.57,through:10.8,tt:0.37,num_interact:162,Intrvl:15,num_users:466,errors:2
rt:36.06,through:11.47,tt:0.36,num_interact:172,Intrvl:15,num_users:372,errors:20
rt:30.72,through:11.47,tt:0.37,num_interact:172,Intrvl:15,num_users:440,errors:3
rt:34.5,through:11.2,tt:0.35,num_interact:168,Intrvl:15,num_users:426,errors:2
rt:30.56,through:14,tt:0.35,num_interact:210,Intrvl:15,num_users:454,errors:12
rt:35.74,through:10.73,tt:0.4,num_interact:161,Intrvl:15,num_users:438,errors:8
rt:37.16,through:12.07,tt:0.36,num_interact:181,Intrvl:15,num_users:412,errors:6
rt:30.78,through:13.93,tt:0.36,num_interact:209,Intrvl:15,num_users:428,errors:12
rt:35.61,through:11.67,tt:0.34,num_interact:175,Intrvl:15,num_users:449,errors:1
rt:35.2,through:12.53,tt:0.32,num_interact:188,Intrvl:15,num_users:447,errors:7
rt:32.03,through:13.73,tt:0.36,num_interact:206,Intrvl:15,num_users:445,errors:7
rt:35.2,through:9.53,tt:0.4,num_interact:143,Intrvl:15,num_users:370,errors:4
rt:30.08,through:12.6,tt:0.37,num_interact:189,Intrvl:15,num_users:440,errors:8
rt:34.07,through:12.8,tt:0.35,num_interact:192,Intrvl:15,num_users:409,errors:5
rt:32.1,through:11.07,tt:0.3,num_interact:166,Intrvl:15,num_users:459,errors:3
rt:29.12,through:14.4,tt:0.38,num_interact:216,Intrvl:15,num_users:508,errors:24
rt:37.67,through:11.27,tt:0.34,num_interact:169,Intrvl:15,num_users:449,errors:10
rt:36.44,through:10.47,tt:0.39,num_interact:157,Intrvl:15,num_users:529,errors:1
rt:38.6,through:12.67,tt:0.37,num_interact:190,Intrvl:15,num_users:498,errors:14
rt:42.68,through:9.13,tt:0.33,num_interact:137,Intrvl:15,num_users:384,errors:3
rt:38.11,through:10.33,tt:0.35,num_interact:155,Intrvl:15,num_users:437,errors:1
rt:33.13,through:12.27,tt:0.41,num_interact:184,Intrvl:15,num_users:493,errors:11
rt:40.34,through:10.87,tt:0.39,num_interact:163,Intrvl:15,num_users:484,errors:3
rt:40.81,through:11.27,tt:0.36,num_interact:169,Intrvl:15,num_users:438,errors:3
rt:34.19,through:13.6,tt:0.39,num_interact:204,Intrvl:15,num_users:449,errors:17
rt:36.83,through:10.8,tt:0.33,num_interact:162,Intrvl:15,num_users:518,errors:3
rt:39.3,through:12,tt:0.32,num_interact:180,Intrvl:15,num_users:475,errors:12
rt:35.33,through:13.93,tt:0.33,num_interact:209,Intrvl:15,num_users:484,errors:10
rt:37.57,through:10.33,tt:0.37,num_interact:155,Intrvl:15,num_users:477,errors:6
rt:37.93,through:11.13,tt:0.33,num_interact:167,Intrvl:15,num_users:476,errors:14
rt:39.65,through:16.13,tt:0.31,num_interact:242,Intrvl:15,num_users:475,errors:6
rt:36.96,through:11.33,tt:0.36,num_interact:170,Intrvl:15,num_users:483,errors:2
rt:38.35,through:12.27,tt:0.38,num_interact:184,Intrvl:15,num_users:414,errors:11
rt:33.98,through:12.2,tt:0.41,num_interact:183,Intrvl:15,num_users:449,errors:5
rt:35.93,through:11.4,tt:0.36,num_interact:171,Intrvl:15,num_users:717,errors:1
rt:35.56,through:13.73,tt:0.35,num_interact:206,Intrvl:15,num_users:994,errors:17
rt:49.91,through:9.27,tt:0.34,num_interact:139,Intrvl:15,num_users:386,errors:1
rt:45.72,through:8.8,tt:0.36,num_interact:132,Intrvl:15,num_users:386,errors:1
rt:39.27,through:10.87,tt:0.35,num_interact:163,Intrvl:15,num_users:469,errors:23
rt:44.88,through:8.8,tt:0.36,num_interact:132,Intrvl:15,num_users:431,errors:2
rt:46.75,through:10,tt:0.44,num_interact:150,Intrvl:15,num_users:487,errors:0
rt:40.41,through:12.73,tt:0.35,num_interact:191,Intrvl:15,num_users:462,errors:12
rt:48.09,through:10.73,tt:0.35,num_interact:161,Intrvl:15,num_users:440,errors:7
rt:48.55,through:12.73,tt:0.33,num_interact:191,Intrvl:15,num_users:448,errors:12
rt:42.95,through:13.6,tt:0.33,num_interact:204,Intrvl:15,num_users:521,errors:10
rt:51.02,through:8.6,tt:0.38,num_interact:129,Intrvl:15,num_users:420,errors:1
rt:46.4,through:12.47,tt:0.36,num_interact:187,Intrvl:15,num_users:512,errors:13
rt:43.19,through:13.2,tt:0.34,num_interact:198,Intrvl:15,num_users:535,errors:9
rt:44.98,through:10.2,tt:0.35,num_interact:153,Intrvl:15,num_users:484,errors:15
rt:53.22,through:12.33,tt:0.31,num_interact:185,Intrvl:15,num_users:427,errors:11
rt:44.62,through:12.93,tt:0.36,num_interact:194,Intrvl:15,num_users:589,errors:13
rt:50.66,through:7.53,tt:0.3,num_interact:113,Intrvl:15,num_users:427,errors:5
rt:49.68,through:13.53,tt:0.33,num_interact:203,Intrvl:15,num_users:420,errors:7
rt:42.16,through:12.8,tt:0.39,num_interact:192,Intrvl:15,num_users:445,errors:9
rt:48.54,through:10.27,tt:0.32,num_interact:154,Intrvl:15,num_users:458,errors:2
rt:47.74,through:13.87,tt:0.38,num_interact:208,Intrvl:15,num_users:526,errors:8
rt:48.52,through:10.13,tt:0.34,num_interact:152,Intrvl:15,num_users:428,errors:6
rt:46.42,through:11.4,tt:0.36,num_interact:171,Intrvl:15,num_users:444,errors:6
rt:41.75,through:14.2,tt:0.34,num_interact:213,Intrvl:15,num_users:438,errors:19
rt:45.81,through:10.33,tt:0.34,num_interact:155,Intrvl:15,num_users:490,errors:3
rt:49.94,through:13.4,tt:0.35,num_interact:201,Intrvl:15,num_users:510,errors:7
rt:44.43,through:12.8,tt:0.34,num_interact:192,Intrvl:15,num_users:454,errors:12
rt:45.81,through:11.73,tt:0.31,num_interact:176,Intrvl:15,num_users:493,errors:8
rt:44.54,through:12.67,tt:0.34,num_interact:190,Intrvl:15,num_users:514,errors:12
rt:44.82,through:13.4,tt:0.37,num_interact:201,Intrvl:15,num_users:510,errors:8
rt:46.29,through:11.4,tt:0.37,num_interact:171,Intrvl:15,num_users:570,errors:0
rt:46.5,through:12.07,tt:0.31,num_interact:181,Intrvl:15,num_users:479,errors:23
rt:42.53,through:12.8,tt:0.34,num_interact:192,Intrvl:15,num_users:468,errors:4
rt:47.75,through:11,tt:0.33,num_interact:165,Intrvl:15,num_users:442,errors:3
rt:42.61,through:12.2,tt:0.35,num_interact:183,Intrvl:15,num_users:433,errors:14
rt:46.04,through:12.87,tt:0.36,num_interact:193,Intrvl:15,num_users:483,errors:10
rt:44.47,through:11.4,tt:0.36,num_interact:171,Intrvl:15,num_users:503,errors:2
rt:51.27,through:12.4,tt:0.33,num_interact:186,Intrvl:15,num_users:431,errors:21
rt:47.23,through:11.67,tt:0.35,num_interact:175,Intrvl:15,num_users:445,errors:9
rt:47.97,through:12.73,tt:0.39,num_interact:191,Intrvl:15,num_users:557,errors:4
rt:46.08,through:11.6,tt:0.32,num_interact:174,Intrvl:15,num_users:477,errors:9
rt:43.44,through:12.8,tt:0.41,num_interact:192,Intrvl:15,num_users:532,errors:4
rt:49.45,through:10.53,tt:0.4,num_interact:158,Intrvl:15,num_users:442,errors:8
rt:40.3,through:13.07,tt:0.32,num_interact:196,Intrvl:15,num_users:580,errors:11
rt:46.63,through:10.73,tt:0.34,num_interact:161,Intrvl:15,num_users:497,errors:4
rt:45.07,through:12.27,tt:0.34,num_interact:184,Intrvl:15,num_users:489,errors:13
rt:48.37,through:14,tt:0.37,num_interact:210,Intrvl:15,num_users:490,errors:4
rt:46.72,through:10.8,tt:0.36,num_interact:162,Intrvl:15,num_users:549,errors:0
rt:45.54,through:12.33,tt:0.35,num_interact:185,Intrvl:15,num_users:489,errors:18
rt:46.86,through:13.13,tt:0.36,num_interact:197,Intrvl:15,num_users:536,errors:8
rt:52.32,through:10.27,tt:0.33,num_interact:154,Intrvl:15,num_users:497,errors:2
rt:46.04,through:13.73,tt:0.33,num_interact:206,Intrvl:15,num_users:524,errors:19
rt:47.46,through:12.8,tt:0.39,num_interact:192,Intrvl:15,num_users:535,errors:7
rt:51.19,through:10.87,tt:0.37,num_interact:163,Intrvl:15,num_users:525,errors:4
rt:43.46,through:14.4,tt:0.32,num_interact:216,Intrvl:15,num_users:594,errors:11
rt:50.15,through:11.87,tt:0.35,num_interact:178,Intrvl:15,num_users:553,errors:19
rt:50.78,through:12,tt:0.35,num_interact:180,Intrvl:15,num_users:594,errors:13
rt:49.52,through:12.47,tt:0.36,num_interact:187,Intrvl:15,num_users:476,errors:5
rt:45.85,through:10.2,tt:0.31,num_interact:153,Intrvl:15,num_users:451,errors:12
rt:51.06,through:11.2,tt:0.36,num_interact:168,Intrvl:15,num_users:417,errors:11
rt:38.92,through:13,tt:0.34,num_interact:195,Intrvl:15,num_users:491,errors:13
rt:45.74,through:10.13,tt:0.37,num_interact:152,Intrvl:15,num_users:508,errors:7
rt:48.26,through:13,tt:0.35,num_interact:195,Intrvl:15,num_users:507,errors:15
rt:47.19,through:14.6,tt:0.35,num_interact:219,Intrvl:15,num_users:484,errors:12
rt:47.85,through:10.33,tt:0.35,num_interact:155,Intrvl:15,num_users:528,errors:7
rt:50.68,through:11.4,tt:0.33,num_interact:171,Intrvl:15,num_users:448,errors:10
rt:48.51,through:12.8,tt:0.32,num_interact:192,Intrvl:15,num_users:504,errors:11
rt:50.96,through:11.8,tt:0.36,num_interact:177,Intrvl:15,num_users:529,errors:5
rt:48.3,through:13.67,tt:0.36,num_interact:205,Intrvl:15,num_users:518,errors:15
rt:48.62,through:12.07,tt:0.3,num_interact:181,Intrvl:15,num_users:431,errors:6
rt:45.76,through:10.2,tt:0.35,num_interact:153,Intrvl:15,num_users:490,errors:3
rt:48.65,through:12.33,tt:0.38,num_interact:185,Intrvl:15,num_users:461,errors:12
rt:47.5,through:11.4,tt:0.34,num_interact:171,Intrvl:15,num_users:490,errors:3
rt:44.67,through:13.27,tt:0.38,num_interact:199,Intrvl:15,num_users:448,errors:10
rt:41.67,through:13.2,tt:0.4,num_interact:198,Intrvl:15,num_users:430,errors:11
rt:44.12,through:11.53,tt:0.34,num_interact:173,Intrvl:15,num_users:461,errors:5
rt:43.93,through:11.33,tt:0.37,num_interact:170,Intrvl:15,num_users:431,errors:22
rt:45.25,through:12.87,tt:0.38,num_interact:193,Intrvl:15,num_users:440,errors:7
rt:43.87,through:11.93,tt:0.36,num_interact:179,Intrvl:15,num_users:521,errors:2
rt:44.72,through:12.4,tt:0.35,num_interact:186,Intrvl:15,num_users:497,errors:21
rt:49.4,through:13.27,tt:0.31,num_interact:199,Intrvl:15,num_users:472,errors:5
rt:47.51,through:11.27,tt:0.38,num_interact:169,Intrvl:15,num_users:477,errors:3
rt:44.08,through:13.53,tt:0.4,num_interact:203,Intrvl:15,num_users:468,errors:17
rt:41.92,through:12.67,tt:0.33,num_interact:190,Intrvl:15,num_users:525,errors:5
rt:48.09,through:10.8,tt:0.36,num_interact:162,Intrvl:15,num_users:535,errors:5
rt:46.65,through:13.6,tt:0.37,num_interact:204,Intrvl:15,num_users:491,errors:14
rt:49.13,through:14.27,tt:0.34,num_interact:215,Intrvl:15,num_users:570,errors:6
rt:47.38,through:10.73,tt:0.35,num_interact:161,Intrvl:15,num_users:603,errors:0
rt:48.06,through:12.33,tt:0.38,num_interact:185,Intrvl:15,num_users:522,errors:14
rt:44.7,through:12.4,tt:0.35,num_interact:186,Intrvl:15,num_users:531,errors:4
rt:50.56,through:11.07,tt:0.33,num_interact:166,Intrvl:15,num_users:510,errors:4
rt:44.36,through:12.33,tt:0.38,num_interact:185,Intrvl:15,num_users:433,errors:15
rt:43.21,through:12.47,tt:0.37,num_interact:187,Intrvl:15,num_users:461,errors:4
rt:46.58,through:11.2,tt:0.38,num_interact:168,Intrvl:15,num_users:528,errors:8
rt:41.75,through:13.13,tt:0.34,num_interact:197,Intrvl:15,num_users:518,errors:10
rt:45.97,through:12,tt:0.35,num_interact:180,Intrvl:15,num_users:487,errors:8
rt:49.95,through:13,tt:0.32,num_interact:195,Intrvl:15,num_users:501,errors:16
rt:47.47,through:11.8,tt:0.37,num_interact:177,Intrvl:15,num_users:447,errors:12
rt:46.08,through:12.13,tt:0.36,num_interact:182,Intrvl:15,num_users:578,errors:6
rt:47.15,through:11.73,tt:0.35,num_interact:176,Intrvl:15,num_users:556,errors:12
rt:46.49,through:13.4,tt:0.4,num_interact:201,Intrvl:15,num_users:500,errors:13
rt:48.25,through:11.4,tt:0.37,num_interact:171,Intrvl:15,num_users:503,errors:6
rt:44.75,through:10.6,tt:0.32,num_interact:159,Intrvl:15,num_users:469,errors:15
rt:48.58,through:14,tt:0.39,num_interact:210,Intrvl:15,num_users:487,errors:5
rt:46.19,through:11,tt:0.4,num_interact:165,Intrvl:15,num_users:514,errors:4
rt:46.53,through:13.53,tt:0.35,num_interact:203,Intrvl:15,num_users:494,errors:20
rt:47.71,through:13.53,tt:0.31,num_interact:203,Intrvl:15,num_users:490,errors:4
rt:47.62,through:11.4,tt:0.29,num_interact:171,Intrvl:15,num_users:638,errors:4
rt:42.92,through:13.67,tt:0.35,num_interact:205,Intrvl:15,num_users:634,errors:18
rt:50.97,through:13.4,tt:0.41,num_interact:201,Intrvl:15,num_users:595,errors:9
rt:49.35,through:11.13,tt:0.35,num_interact:167,Intrvl:15,num_users:524,errors:3
rt:44.65,through:13,tt:0.33,num_interact:195,Intrvl:15,num_users:554,errors:28
rt:49.83,through:10.53,tt:0.36,num_interact:158,Intrvl:15,num_users:560,errors:9
rt:55.79,through:11.87,tt:0.38,num_interact:178,Intrvl:15,num_users:624,errors:8
rt:54.15,through:12.67,tt:0.33,num_interact:190,Intrvl:15,num_users:517,errors:12
rt:50.84,through:11.6,tt:0.33,num_interact:174,Intrvl:15,num_users:561,errors:4
rt:53.09,through:10.73,tt:0.37,num_interact:161,Intrvl:15,num_users:596,errors:9
rt:46.93,through:14.07,tt:0.33,num_interact:211,Intrvl:15,num_users:540,errors:17
rt:51.54,through:10.2,tt:0.38,num_interact:153,Intrvl:15,num_users:606,errors:6
rt:51.56,through:12.4,tt:0.33,num_interact:186,Intrvl:15,num_users:564,errors:27
rt:50.4,through:13.47,tt:0.33,num_interact:202,Intrvl:15,num_users:561,errors:11
rt:52.91,through:11.13,tt:0.34,num_interact:167,Intrvl:15,num_users:613,errors:10
rt:53.27,through:12.4,tt:0.34,num_interact:186,Intrvl:15,num_users:567,errors:21
rt:55.09,through:13.8,tt:0.39,num_interact:207,Intrvl:15,num_users:596,errors:14
rt:56.01,through:11.47,tt:0.38,num_interact:172,Intrvl:15,num_users:643,errors:12
rt:55.26,through:11.33,tt:0.36,num_interact:174,Intrvl:15,num_users:511,errors:18
rt:55.8,through:13.07,tt:0.33,num_interact:196,Intrvl:15,num_users:598,errors:12
rt:51.49,through:10.4,tt:0.34,num_interact:156,Intrvl:15,num_users:629,errors:4
rt:50.72,through:12.07,tt:0.32,num_interact:181,Intrvl:15,num_users:567,errors:14
rt:57.43,through:11.2,tt:0.36,num_interact:168,Intrvl:15,num_users:526,errors:14
rt:58.33,through:10.27,tt:0.37,num_interact:154,Intrvl:15,num_users:447,errors:11
rt:49.98,through:12.87,tt:0.33,num_interact:193,Intrvl:15,num_users:505,errors:10
rt:48.48,through:11.2,tt:0.35,num_interact:168,Intrvl:15,num_users:542,errors:5
rt:52.76,through:10.8,tt:0.38,num_interact:162,Intrvl:15,num_users:498,errors:13
rt:47.64,through:15.27,tt:0.37,num_interact:229,Intrvl:15,num_users:491,errors:16
rt:50.08,through:11.67,tt:0.36,num_interact:175,Intrvl:15,num_users:483,errors:12
rt:50.48,through:11.33,tt:0.36,num_interact:170,Intrvl:15,num_users:550,errors:17
rt:47.53,through:13.6,tt:0.36,num_interact:204,Intrvl:15,num_users:522,errors:14
rt:55.03,through:11.67,tt:0.32,num_interact:175,Intrvl:15,num_users:522,errors:7
rt:47.71,through:13.47,tt:0.39,num_interact:202,Intrvl:15,num_users:570,errors:23
rt:49.43,through:11.4,tt:0.36,num_interact:171,Intrvl:15,num_users:458,errors:13
rt:56.82,through:10.4,tt:0.36,num_interact:156,Intrvl:15,num_users:539,errors:3
rt:50.22,through:12.73,tt:0.37,num_interact:191,Intrvl:15,num_users:533,errors:15
rt:44.75,through:12.4,tt:0.36,num_interact:186,Intrvl:15,num_users:510,errors:7
rt:50.66,through:10.67,tt:0.31,num_interact:160,Intrvl:15,num_users:529,errors:3
rt:49.12,through:14.07,tt:0.36,num_interact:211,Intrvl:15,num_users:543,errors:17
rt:50.74,through:13.27,tt:0.38,num_interact:199,Intrvl:15,num_users:512,errors:5
rt:52.2,through:10.2,tt:0.35,num_interact:153,Intrvl:15,num_users:468,errors:4
rt:45.65,through:13.6,tt:0.37,num_interact:204,Intrvl:15,num_users:486,errors:16
rt:46.41,through:12.33,tt:0.33,num_interact:185,Intrvl:15,num_users:519,errors:7
rt:48.85,through:10.73,tt:0.35,num_interact:161,Intrvl:15,num_users:525,errors:2
rt:45.64,through:14.33,tt:0.34,num_interact:215,Intrvl:15,num_users:507,errors:20
rt:47.25,through:12.27,tt:0.33,num_interact:184,Intrvl:15,num_users:511,errors:1
rt:48.35,through:12,tt:0.32,num_interact:180,Intrvl:15,num_users:528,errors:7
rt:47.39,through:14.4,tt:0.32,num_interact:216,Intrvl:15,num_users:521,errors:21
rt:47.51,through:11.47,tt:0.4,num_interact:172,Intrvl:15,num_users:617,errors:4
rt:52.54,through:11.47,tt:0.38,num_interact:172,Intrvl:15,num_users:505,errors:6
rt:43.47,through:13.53,tt:0.36,num_interact:203,Intrvl:15,num_users:617,errors:18
rt:53.13,through:11.27,tt:0.33,num_interact:169,Intrvl:15,num_users:525,errors:5
rt:50.89,through:11.33,tt:0.36,num_interact:170,Intrvl:15,num_users:563,errors:12
rt:47.21,through:13.53,tt:0.33,num_interact:203,Intrvl:15,num_users:622,errors:12
rt:46.72,through:9.8,tt:0.33,num_interact:147,Intrvl:15,num_users:608,errors:9
rt:52.5,through:13.13,tt:0.39,num_interact:197,Intrvl:15,num_users:585,errors:9
rt:50.77,through:12.87,tt:0.38,num_interact:193,Intrvl:15,num_users:525,errors:9
rt:50.37,through:10.2,tt:0.38,num_interact:153,Intrvl:15,num_users:554,errors:4
rt:48.51,through:13.2,tt:0.38,num_interact:198,Intrvl:15,num_users:616,errors:17
rt:48.61,through:12.93,tt:0.33,num_interact:194,Intrvl:15,num_users:556,errors:14
rt:53.04,through:10.27,tt:0.3,num_interact:154,Intrvl:15,num_users:517,errors:12
rt:52.49,through:12.73,tt:0.33,num_interact:191,Intrvl:15,num_users:501,errors:17
rt:46.3,through:13.87,tt:0.39,num_interact:208,Intrvl:15,num_users:547,errors:26
rt:50.77,through:9.47,tt:0.35,num_interact:142,Intrvl:15,num_users:543,errors:4
rt:58.08,through:13.67,tt:0.36,num_interact:205,Intrvl:15,num_users:524,errors:20
rt:50.15,through:13.33,tt:0.3,num_interact:200,Intrvl:15,num_users:622,errors:11
rt:60.49,through:11.53,tt:0.36,num_interact:173,Intrvl:15,num_users:613,errors:4
rt:50,through:11.27,tt:0.37,num_interact:169,Intrvl:15,num_users:458,errors:11
rt:55.23,through:12.47,tt:0.32,num_interact:187,Intrvl:15,num_users:552,errors:8
rt:47.54,through:10.8,tt:0.37,num_interact:162,Intrvl:15,num_users:641,errors:7
rt:47.76,through:13.13,tt:0.41,num_interact:197,Intrvl:15,num_users:671,errors:16
rt:48.93,through:11.93,tt:0.4,num_interact:179,Intrvl:15,num_users:648,errors:10
rt:54.5,through:12.2,tt:0.36,num_interact:183,Intrvl:15,num_users:633,errors:10
rt:46.22,through:13.8,tt:0.34,num_interact:207,Intrvl:15,num_users:606,errors:10
rt:52.28,through:10.47,tt:0.36,num_interact:157,Intrvl:15,num_users:650,errors:6
rt:54.4,through:11.93,tt:0.35,num_interact:179,Intrvl:15,num_users:608,errors:10
rt:55.41,through:13.27,tt:0.34,num_interact:199,Intrvl:15,num_users:575,errors:11
rt:49.34,through:12.07,tt:0.33,num_interact:181,Intrvl:15,num_users:573,errors:10
rt:58.15,through:11.8,tt:0.38,num_interact:177,Intrvl:15,num_users:532,errors:13
rt:45.38,through:13.73,tt:0.35,num_interact:208,Intrvl:15,num_users:617,errors:12
rt:49.71,through:10.93,tt:0.39,num_interact:164,Intrvl:15,num_users:680,errors:25
rt:56.23,through:12.73,tt:0.33,num_interact:191,Intrvl:15,num_users:567,errors:26
rt:51.47,through:14.07,tt:0.37,num_interact:211,Intrvl:15,num_users:664,errors:14
rt:57.83,through:10.13,tt:0.35,num_interact:152,Intrvl:15,num_users:622,errors:11
rt:55.07,through:13.07,tt:0.31,num_interact:196,Intrvl:15,num_users:651,errors:18
rt:54.2,through:13.67,tt:0.37,num_interact:205,Intrvl:15,num_users:655,errors:12
rt:55.83,through:11,tt:0.38,num_interact:165,Intrvl:15,num_users:678,errors:7
rt:58.96,through:14.33,tt:0.34,num_interact:215,Intrvl:15,num_users:693,errors:19
rt:59.78,through:12.27,tt:0.34,num_interact:184,Intrvl:15,num_users:675,errors:12
rt:49.82,through:10.07,tt:0.37,num_interact:151,Intrvl:15,num_users:553,errors:11
rt:52.14,through:13.2,tt:0.35,num_interact:198,Intrvl:15,num_users:535,errors:22
rt:55.48,through:10.47,tt:0.39,num_interact:157,Intrvl:15,num_users:535,errors:11
rt:56.62,through:11.13,tt:0.33,num_interact:167,Intrvl:15,num_users:545,errors:17
rt:56.3,through:15.47,tt:0.37,num_interact:232,Intrvl:15,num_users:757,errors:26
rt:64.48,through:9.47,tt:0.32,num_interact:142,Intrvl:15,num_users:581,errors:13
rt:59.16,through:11.2,tt:0.34,num_interact:168,Intrvl:15,num_users:566,errors:23
rt:56.24,through:12.4,tt:0.32,num_interact:186,Intrvl:15,num_users:490,errors:11
rt:50.59,through:9.53,tt:0.37,num_interact:143,Intrvl:15,num_users:616,errors:8
rt:56.37,through:11.53,tt:0.4,num_interact:173,Intrvl:15,num_users:549,errors:10
rt:47.65,through:13.53,tt:0.34,num_interact:203,Intrvl:15,num_users:556,errors:17
rt:62.1,through:10.4,tt:0.36,num_interact:156,Intrvl:15,num_users:559,errors:9
rt:50.53,through:12.47,tt:0.38,num_interact:187,Intrvl:15,num_users:522,errors:19
rt:56.69,through:14.13,tt:0.39,num_interact:212,Intrvl:15,num_users:542,errors:6
rt:54.53,through:10.93,tt:0.34,num_interact:164,Intrvl:15,num_users:567,errors:2
rt:48.71,through:15.07,tt:0.4,num_interact:226,Intrvl:15,num_users:601,errors:31
rt:51.74,through:11.27,tt:0.38,num_interact:169,Intrvl:15,num_users:543,errors:17
rt:51.72,through:9.27,tt:0.36,num_interact:139,Intrvl:15,num_users:529,errors:13
rt:58.96,through:13.73,tt:0.35,num_interact:206,Intrvl:15,num_users:567,errors:23
rt:50.97,through:12.13,tt:0.41,num_interact:182,Intrvl:15,num_users:528,errors:6
rt:55.63,through:10.4,tt:0.38,num_interact:156,Intrvl:15,num_users:619,errors:10
rt:56.93,through:14.87,tt:0.34,num_interact:223,Intrvl:15,num_users:592,errors:16
rt:54.39,through:11.33,tt:0.31,num_interact:170,Intrvl:15,num_users:542,errors:3
rt:47.35,through:12.33,tt:0.35,num_interact:185,Intrvl:15,num_users:564,errors:9
rt:53.17,through:13.53,tt:0.37,num_interact:203,Intrvl:15,num_users:550,errors:20
rt:52.9,through:11.4,tt:0.38,num_interact:171,Intrvl:15,num_users:543,errors:12
rt:49.48,through:11.07,tt:0.41,num_interact:166,Intrvl:15,num_users:585,errors:6
rt:50.03,through:13.8,tt:0.34,num_interact:207,Intrvl:15,num_users:536,errors:26
rt:58.65,through:13.13,tt:0.32,num_interact:197,Intrvl:15,num_users:581,errors:9
rt:50.38,through:11.27,tt:0.37,num_interact:169,Intrvl:15,num_users:658,errors:11
rt:49.05,through:14.13,tt:0.33,num_interact:212,Intrvl:15,num_users:637,errors:18
rt:52.51,through:11.87,tt:0.33,num_interact:178,Intrvl:15,num_users:648,errors:10
rt:55.69,through:12.6,tt:0.38,num_interact:189,Intrvl:15,num_users:647,errors:19
rt:54.17,through:13.47,tt:0.36,num_interact:202,Intrvl:15,num_users:602,errors:11
rt:49.69,through:12.47,tt:0.31,num_interact:187,Intrvl:15,num_users:577,errors:3
rt:54.9,through:11.93,tt:0.35,num_interact:179,Intrvl:15,num_users:651,errors:15
rt:52.63,through:13,tt:0.31,num_interact:195,Intrvl:15,num_users:595,errors:16
rt:52.94,through:11.33,tt:0.33,num_interact:175,Intrvl:15,num_users:727,errors:5
rt:57.23,through:11.73,tt:0.37,num_interact:176,Intrvl:15,num_users:526,errors:20
rt:53.18,through:12.27,tt:0.38,num_interact:184,Intrvl:15,num_users:574,errors:7
rt:48.77,through:9.93,tt:0.35,num_interact:149,Intrvl:15,num_users:574,errors:7
rt:50.86,through:13.47,tt:0.36,num_interact:202,Intrvl:15,num_users:582,errors:25
rt:52.83,through:12.87,tt:0.37,num_interact:193,Intrvl:15,num_users:636,errors:7
rt:58.64,through:9.93,tt:0.41,num_interact:149,Intrvl:15,num_users:570,errors:9
rt:54.89,through:13.2,tt:0.37,num_interact:198,Intrvl:15,num_users:514,errors:21
rt:58.18,through:12.47,tt:0.39,num_interact:187,Intrvl:15,num_users:510,errors:5
rt:47.45,through:11,tt:0.32,num_interact:165,Intrvl:15,num_users:626,errors:4
rt:51.26,through:13.27,tt:0.34,num_interact:199,Intrvl:15,num_users:619,errors:20
rt:52.43,through:12.33,tt:0.39,num_interact:185,Intrvl:15,num_users:615,errors:12
rt:50.19,through:12.4,tt:0.35,num_interact:186,Intrvl:15,num_users:570,errors:18
rt:49.39,through:14.47,tt:0.34,num_interact:217,Intrvl:15,num_users:584,errors:13
rt:48.92,through:12,tt:0.34,num_interact:180,Intrvl:15,num_users:589,errors:14
rt:55.69,through:12.93,tt:0.37,num_interact:194,Intrvl:15,num_users:613,errors:21
rt:57.09,through:14.27,tt:0.35,num_interact:214,Intrvl:15,num_users:630,errors:11
rt:56.34,through:10.53,tt:0.35,num_interact:158,Intrvl:15,num_users:596,errors:6
rt:56.88,through:13.07,tt:0.37,num_interact:196,Intrvl:15,num_users:601,errors:16
rt:57.96,through:12.47,tt:0.35,num_interact:187,Intrvl:15,num_users:542,errors:4
rt:47.49,through:10.73,tt:0.34,num_interact:161,Intrvl:15,num_users:629,errors:4
rt:51.67,through:13,tt:0.36,num_interact:195,Intrvl:15,num_users:598,errors:34
rt:55.26,through:13.8,tt:0.33,num_interact:207,Intrvl:15,num_users:652,errors:9
rt:50.15,through:10.6,tt:0.35,num_interact:159,Intrvl:15,num_users:584,errors:7
rt:50.53,through:13.4,tt:0.35,num_interact:201,Intrvl:15,num_users:615,errors:25
rt:55.14,through:13.4,tt:0.39,num_interact:201,Intrvl:15,num_users:624,errors:10
rt:55.37,through:10.4,tt:0.38,num_interact:156,Intrvl:15,num_users:550,errors:4
rt:54.12,through:13.2,tt:0.35,num_interact:201,Intrvl:15,num_users:613,errors:13
rt:53.77,through:12.27,tt:0.34,num_interact:184,Intrvl:15,num_users:561,errors:16
rt:56.31,through:10.47,tt:0.31,num_interact:157,Intrvl:15,num_users:701,errors:1
rt:53.12,through:13.13,tt:0.36,num_interact:197,Intrvl:15,num_users:634,errors:17
rt:54.41,through:13,tt:0.35,num_interact:195,Intrvl:15,num_users:697,errors:17
rt:50.57,through:11.4,tt:0.33,num_interact:171,Intrvl:15,num_users:724,errors:8
rt:56.01,through:13.47,tt:0.32,num_interact:202,Intrvl:15,num_users:641,errors:26
rt:53.19,through:12.2,tt:0.36,num_interact:183,Intrvl:15,num_users:686,errors:16
rt:53.81,through:10.13,tt:0.29,num_interact:152,Intrvl:15,num_users:603,errors:9
rt:50.32,through:14.47,tt:0.34,num_interact:217,Intrvl:15,num_users:623,errors:21
rt:63.15,through:10.27,tt:0.35,num_interact:154,Intrvl:15,num_users:658,errors:14
rt:60.65,through:12.8,tt:0.38,num_interact:192,Intrvl:15,num_users:710,errors:13
rt:58.56,through:12.4,tt:0.34,num_interact:186,Intrvl:15,num_users:643,errors:13
rt:54.98,through:12,tt:0.35,num_interact:180,Intrvl:15,num_users:710,errors:11
rt:60.04,through:13,tt:0.34,num_interact:195,Intrvl:15,num_users:739,errors:30
rt:54.89,through:13.47,tt:0.39,num_interact:202,Intrvl:15,num_users:708,errors:18
rt:60.8,through:11,tt:0.35,num_interact:165,Intrvl:15,num_users:658,errors:6
rt:59.04,through:12.8,tt:0.38,num_interact:192,Intrvl:15,num_users:658,errors:25
rt:57.09,through:12.8,tt:0.37,num_interact:192,Intrvl:15,num_users:627,errors:16
rt:62.65,through:11.07,tt:0.34,num_interact:166,Intrvl:15,num_users:706,errors:12
rt:64.53,through:14.47,tt:0.4,num_interact:218,Intrvl:15,num_users:696,errors:31
rt:52.34,through:12.07,tt:0.37,num_interact:181,Intrvl:15,num_users:661,errors:8
rt:68.92,through:11.07,tt:0.36,num_interact:166,Intrvl:15,num_users:678,errors:11
rt:62.03,through:13.8,tt:0.36,num_interact:207,Intrvl:15,num_users:655,errors:22
rt:59.49,through:12.53,tt:0.31,num_interact:188,Intrvl:15,num_users:686,errors:11
rt:61.54,through:11.33,tt:0.32,num_interact:170,Intrvl:15,num_users:651,errors:27
rt:61.25,through:13.93,tt:0.36,num_interact:209,Intrvl:15,num_users:715,errors:15
rt:61.65,through:13.8,tt:0.35,num_interact:207,Intrvl:15,num_users:725,errors:17
rt:57.6,through:10.67,tt:0.3,num_interact:160,Intrvl:15,num_users:720,errors:14
rt:55.98,through:13.93,tt:0.34,num_interact:209,Intrvl:15,num_users:643,errors:21
rt:63.31,through:10.47,tt:0.32,num_interact:157,Intrvl:15,num_users:633,errors:11
rt:67.28,through:12.53,tt:0.36,num_interact:188,Intrvl:15,num_users:608,errors:23
rt:58.89,through:13.87,tt:0.36,num_interact:208,Intrvl:15,num_users:648,errors:12
rt:61.68,through:11.47,tt:0.37,num_interact:172,Intrvl:15,num_users:672,errors:14
rt:62.86,through:11.6,tt:0.38,num_interact:174,Intrvl:15,num_users:638,errors:24
rt:56.32,through:14.27,tt:0.33,num_interact:214,Intrvl:15,num_users:665,errors:10
rt:59.15,through:11.67,tt:0.4,num_interact:175,Intrvl:15,num_users:662,errors:10
rt:60.32,through:13.07,tt:0.4,num_interact:196,Intrvl:15,num_users:686,errors:18
rt:57.49,through:14.2,tt:0.39,num_interact:213,Intrvl:15,num_users:778,errors:18
rt:61.35,through:11.33,tt:0.38,num_interact:170,Intrvl:15,num_users:749,errors:16
rt:53.86,through:13.4,tt:0.34,num_interact:201,Intrvl:15,num_users:697,errors:24
rt:63.6,through:11.2,tt:0.32,num_interact:168,Intrvl:15,num_users:643,errors:7
rt:57.9,through:11.13,tt:0.35,num_interact:167,Intrvl:15,num_users:662,errors:10
rt:52.89,through:14.13,tt:0.32,num_interact:212,Intrvl:15,num_users:666,errors:17
rt:64.9,through:11.8,tt:0.32,num_interact:177,Intrvl:15,num_users:657,errors:9
rt:65.68,through:10.87,tt:0.37,num_interact:163,Intrvl:15,num_users:577,errors:26
rt:51.65,through:13.4,tt:0.34,num_interact:201,Intrvl:15,num_users:666,errors:15
rt:49.64,through:11.8,tt:0.34,num_interact:177,Intrvl:15,num_users:697,errors:11
rt:59.19,through:12.67,tt:0.38,num_interact:190,Intrvl:15,num_users:804,errors:25
rt:58.67,through:12.4,tt:0.37,num_interact:186,Intrvl:15,num_users:725,errors:13
rt:67.39,through:10,tt:0.44,num_interact:150,Intrvl:15,num_users:605,errors:12
rt:62.99,through:12.07,tt:0.36,num_interact:181,Intrvl:15,num_users:595,errors:25
rt:63.69,through:11.8,tt:0.35,num_interact:177,Intrvl:15,num_users:596,errors:14
rt:58.21,through:10.13,tt:0.35,num_interact:152,Intrvl:15,num_users:595,errors:10
rt:60.98,through:13.6,tt:0.38,num_interact:204,Intrvl:15,num_users:634,errors:22
rt:58.86,through:13.87,tt:0.35,num_interact:208,Intrvl:15,num_users:644,errors:12
rt:62.92,through:9.93,tt:0.34,num_interact:149,Intrvl:15,num_users:545,errors:8
rt:61.59,through:13.87,tt:0.34,num_interact:208,Intrvl:15,num_users:560,errors:22
rt:56.68,through:11.13,tt:0.34,num_interact:167,Intrvl:15,num_users:533,errors:12
rt:52,through:10.87,tt:0.35,num_interact:163,Intrvl:15,num_users:585,errors:11
rt:55.79,through:14.13,tt:0.37,num_interact:212,Intrvl:15,num_users:623,errors:26
rt:55.02,through:12.4,tt:0.37,num_interact:186,Intrvl:15,num_users:645,errors:14
rt:59.67,through:10.67,tt:0.38,num_interact:160,Intrvl:15,num_users:602,errors:13
rt:56.91,through:14,tt:0.42,num_interact:210,Intrvl:15,num_users:567,errors:15
rt:56.42,through:10.93,tt:0.35,num_interact:164,Intrvl:15,num_users:713,errors:2
rt:51.61,through:13.2,tt:0.36,num_interact:198,Intrvl:15,num_users:727,errors:13
rt:53.69,through:12.73,tt:0.39,num_interact:191,Intrvl:15,num_users:679,errors:18
rt:57.44,through:12.6,tt:0.38,num_interact:189,Intrvl:15,num_users:596,errors:10
rt:51.5,through:11.87,tt:0.33,num_interact:178,Intrvl:15,num_users:601,errors:33
rt:51.4,through:13.33,tt:0.38,num_interact:200,Intrvl:15,num_users:606,errors:10
rt:54.57,through:9.07,tt:0.39,num_interact:136,Intrvl:15,num_users:644,errors:5
rt:53.74,through:13.73,tt:0.36,num_interact:206,Intrvl:15,num_users:671,errors:26
rt:62.68,through:14.47,tt:0.34,num_interact:217,Intrvl:15,num_users:634,errors:7
rt:62.39,through:9.87,tt:0.34,num_interact:148,Intrvl:15,num_users:588,errors:14
rt:50.14,through:13.27,tt:0.34,num_interact:199,Intrvl:15,num_users:664,errors:31
rt:50.7,through:12.53,tt:0.37,num_interact:188,Intrvl:15,num_users:689,errors:7
rt:57.44,through:10.2,tt:0.36,num_interact:153,Intrvl:15,num_users:662,errors:20
rt:56.02,through:13.93,tt:0.35,num_interact:209,Intrvl:15,num_users:613,errors:31
rt:59.61,through:12.07,tt:0.33,num_interact:181,Intrvl:15,num_users:606,errors:11
rt:58.4,through:11.73,tt:0.36,num_interact:176,Intrvl:15,num_users:634,errors:16
rt:52.83,through:13.8,tt:0.39,num_interact:207,Intrvl:15,num_users:601,errors:34
rt:58.86,through:11.6,tt:0.34,num_interact:174,Intrvl:15,num_users:661,errors:12
rt:71.35,through:11.33,tt:0.42,num_interact:170,Intrvl:15,num_users:638,errors:11
rt:49.16,through:14.33,tt:0.33,num_interact:215,Intrvl:15,num_users:686,errors:27
rt:65.58,through:11.27,tt:0.31,num_interact:169,Intrvl:15,num_users:575,errors:9
rt:67.63,through:9.93,tt:0.32,num_interact:149,Intrvl:15,num_users:577,errors:14
rt:55.25,through:14.27,tt:0.35,num_interact:214,Intrvl:15,num_users:599,errors:30
rt:58.81,through:11.67,tt:0.37,num_interact:175,Intrvl:15,num_users:617,errors:8
rt:57.21,through:11.53,tt:0.39,num_interact:173,Intrvl:15,num_users:662,errors:16
rt:49,through:15.07,tt:0.37,num_interact:226,Intrvl:15,num_users:690,errors:19
rt:55.42,through:10.47,tt:0.37,num_interact:157,Intrvl:15,num_users:640,errors:12
rt:58.98,through:12.4,tt:0.34,num_interact:186,Intrvl:15,num_users:627,errors:17
rt:57.42,through:13.13,tt:0.34,num_interact:197,Intrvl:15,num_users:603,errors:19
rt:52.55,through:11.33,tt:0.35,num_interact:170,Intrvl:15,num_users:601,errors:10
rt:60.48,through:12.67,tt:0.31,num_interact:190,Intrvl:15,num_users:675,errors:15
rt:55.77,through:13.8,tt:0.37,num_interact:207,Intrvl:15,num_users:661,errors:20
rt:58.96,through:10,tt:0.37,num_interact:150,Intrvl:15,num_users:566,errors:9
rt:59.8,through:13.87,tt:0.37,num_interact:208,Intrvl:15,num_users:603,errors:27
rt:59.67,through:14.07,tt:0.35,num_interact:211,Intrvl:15,num_users:714,errors:10
rt:59.22,through:9.47,tt:0.34,num_interact:142,Intrvl:15,num_users:700,errors:10
rt:53.47,through:13.6,tt:0.35,num_interact:204,Intrvl:15,num_users:662,errors:20
rt:68.12,through:11.13,tt:0.32,num_interact:167,Intrvl:15,num_users:560,errors:15
rt:54.33,through:10.87,tt:0.36,num_interact:163,Intrvl:15,num_users:666,errors:13
rt:56.46,through:13.73,tt:0.35,num_interact:206,Intrvl:15,num_users:703,errors:16
rt:57.2,through:11.67,tt:0.38,num_interact:175,Intrvl:15,num_users:676,errors:9
rt:58.45,through:11.07,tt:0.39,num_interact:166,Intrvl:15,num_users:640,errors:15
rt:58.15,through:14.33,tt:0.37,num_interact:215,Intrvl:15,num_users:662,errors:21
rt:57.02,through:10.93,tt:0.39,num_interact:164,Intrvl:15,num_users:693,errors:7
rt:63.28,through:11.53,tt:0.37,num_interact:173,Intrvl:15,num_users:647,errors:17
rt:55.84,through:14.07,tt:0.34,num_interact:211,Intrvl:15,num_users:661,errors:10
rt:62.77,through:11,tt:0.32,num_interact:165,Intrvl:15,num_users:643,errors:23
rt:58.03,through:14.8,tt:0.39,num_interact:222,Intrvl:15,num_users:707,errors:26
rt:58.2,through:11.6,tt:0.37,num_interact:177,Intrvl:15,num_users:678,errors:14
rt:56.34,through:12.33,tt:0.33,num_interact:185,Intrvl:15,num_users:762,errors:13
rt:58.62,through:13.47,tt:0.36,num_interact:202,Intrvl:15,num_users:717,errors:27
rt:52.24,through:12.8,tt:0.36,num_interact:192,Intrvl:15,num_users:722,errors:7
rt:61.41,through:10.67,tt:0.36,num_interact:160,Intrvl:15,num_users:651,errors:15
rt:58.95,through:13.27,tt:0.35,num_interact:199,Intrvl:15,num_users:648,errors:31
rt:64.14,through:12.13,tt:0.31,num_interact:182,Intrvl:15,num_users:689,errors:11
rt:65.86,through:10.47,tt:0.34,num_interact:157,Intrvl:15,num_users:606,errors:17
rt:64.75,through:14.53,tt:0.37,num_interact:218,Intrvl:15,num_users:701,errors:21
rt:61.21,through:11.87,tt:0.38,num_interact:178,Intrvl:15,num_users:767,errors:12
rt:67.58,through:8.2,tt:0.38,num_interact:123,Intrvl:15,num_users:550,errors:19
rt:55.73,through:12.6,tt:0.38,num_interact:189,Intrvl:15,num_users:640,errors:24
rt:55.26,through:9.6,tt:0.37,num_interact:144,Intrvl:15,num_users:599,errors:19
rt:59.3,through:11.53,tt:0.37,num_interact:173,Intrvl:15,num_users:738,errors:21
rt:67.64,through:11,tt:0.36,num_interact:165,Intrvl:15,num_users:602,errors:16
rt:66.97,through:10.73,tt:0.39,num_interact:161,Intrvl:15,num_users:626,errors:12
rt:66.64,through:12.87,tt:0.35,num_interact:193,Intrvl:15,num_users:658,errors:19
rt:56.3,through:10.27,tt:0.35,num_interact:154,Intrvl:15,num_users:515,errors:10
rt:58.72,through:11.27,tt:0.36,num_interact:170,Intrvl:15,num_users:570,errors:6
rt:52.04,through:12.4,tt:0.35,num_interact:186,Intrvl:15,num_users:615,errors:29
rt:53.45,through:11.53,tt:0.4,num_interact:173,Intrvl:15,num_users:686,errors:20
rt:60.28,through:8.33,tt:0.35,num_interact:125,Intrvl:15,num_users:532,errors:16
rt:59.07,through:13.2,tt:0.36,num_interact:200,Intrvl:15,num_users:669,errors:23
rt:56.73,through:12.73,tt:0.32,num_interact:191,Intrvl:15,num_users:682,errors:13
rt:60.93,through:9.27,tt:0.43,num_interact:139,Intrvl:15,num_users:655,errors:15
rt:59.37,through:14.2,tt:0.33,num_interact:213,Intrvl:15,num_users:666,errors:17
rt:67.63,through:12.13,tt:0.36,num_interact:182,Intrvl:15,num_users:696,errors:6
rt:61.12,through:11.2,tt:0.35,num_interact:168,Intrvl:15,num_users:592,errors:14
rt:60.15,through:13.47,tt:0.33,num_interact:202,Intrvl:15,num_users:580,errors:11
rt:59.49,through:11.8,tt:0.38,num_interact:177,Intrvl:15,num_users:606,errors:11
rt:50.29,through:11.2,tt:0.36,num_interact:169,Intrvl:15,num_users:651,errors:9
rt:50.93,through:15.07,tt:0.34,num_interact:226,Intrvl:15,num_users:644,errors:19
rt:58.63,through:11.27,tt:0.35,num_interact:169,Intrvl:15,num_users:671,errors:11
rt:60.13,through:14.13,tt:0.36,num_interact:212,Intrvl:15,num_users:657,errors:21
rt:52.23,through:13.67,tt:0.37,num_interact:205,Intrvl:15,num_users:633,errors:19
rt:58.88,through:10.27,tt:0.34,num_interact:154,Intrvl:15,num_users:633,errors:14
rt:57.56,through:13.13,tt:0.34,num_interact:197,Intrvl:15,num_users:561,errors:24
rt:53.55,through:11.33,tt:0.35,num_interact:170,Intrvl:15,num_users:591,errors:9
rt:61.02,through:11.73,tt:0.36,num_interact:176,Intrvl:15,num_users:598,errors:9
rt:54.48,through:13.93,tt:0.34,num_interact:209,Intrvl:15,num_users:584,errors:17
rt:60.98,through:12.47,tt:0.38,num_interact:187,Intrvl:15,num_users:566,errors:6
rt:59.52,through:12,tt:0.34,num_interact:180,Intrvl:15,num_users:532,errors:24
rt:60.5,through:14.2,tt:0.32,num_interact:213,Intrvl:15,num_users:584,errors:16
rt:54.79,through:8.8,tt:0.37,num_interact:132,Intrvl:15,num_users:491,errors:1
rt:50.33,through:12.53,tt:0.35,num_interact:189,Intrvl:15,num_users:591,errors:24
rt:51.67,through:12.2,tt:0.33,num_interact:183,Intrvl:15,num_users:525,errors:10
rt:50.31,through:9.73,tt:0.34,num_interact:146,Intrvl:15,num_users:496,errors:6
rt:49.23,through:14,tt:0.3,num_interact:210,Intrvl:15,num_users:563,errors:23
rt:48.28,through:11.6,tt:0.32,num_interact:174,Intrvl:15,num_users:511,errors:9
rt:58.11,through:11.07,tt:0.36,num_interact:166,Intrvl:15,num_users:587,errors:9
rt:48.42,through:13.73,tt:0.37,num_interact:206,Intrvl:15,num_users:609,errors:22
rt:55.94,through:11.13,tt:0.36,num_interact:167,Intrvl:15,num_users:575,errors:8
rt:55.73,through:12.8,tt:0.39,num_interact:192,Intrvl:15,num_users:584,errors:16
rt:50.68,through:13.93,tt:0.35,num_interact:209,Intrvl:15,num_users:655,errors:16
rt:56.54,through:9.4,tt:0.4,num_interact:141,Intrvl:15,num_users:531,errors:5
rt:53.89,through:12.47,tt:0.36,num_interact:187,Intrvl:15,num_users:518,errors:14
rt:47.92,through:13.53,tt:0.33,num_interact:203,Intrvl:15,num_users:546,errors:13
rt:58.74,through:10.13,tt:0.37,num_interact:152,Intrvl:15,num_users:504,errors:6
rt:46.21,through:12.53,tt:0.39,num_interact:188,Intrvl:15,num_users:455,errors:20
rt:47.4,through:12.53,tt:0.34,num_interact:188,Intrvl:15,num_users:594,errors:15
rt:50.79,through:7.47,tt:0.34,num_interact:112,Intrvl:15,num_users:479,errors:4
rt:51.91,through:12.87,tt:0.36,num_interact:193,Intrvl:15,num_users:549,errors:14
rt:50.14,through:12.47,tt:0.34,num_interact:187,Intrvl:15,num_users:508,errors:15
rt:55.43,through:10.47,tt:0.34,num_interact:157,Intrvl:15,num_users:528,errors:9
rt:47.72,through:13.93,tt:0.39,num_interact:209,Intrvl:15,num_users:657,errors:17
rt:46.61,through:12,tt:0.36,num_interact:180,Intrvl:15,num_users:652,errors:10
rt:51.35,through:11.47,tt:0.38,num_interact:172,Intrvl:15,num_users:647,errors:3
rt:56.56,through:13.93,tt:0.36,num_interact:209,Intrvl:15,num_users:594,errors:22
rt:48.68,through:10.8,tt:0.39,num_interact:162,Intrvl:15,num_users:491,errors:11
rt:59.41,through:9.67,tt:0.33,num_interact:145,Intrvl:15,num_users:556,errors:7
rt:50.69,through:13.07,tt:0.41,num_interact:196,Intrvl:15,num_users:594,errors:9
rt:53.62,through:11.2,tt:0.39,num_interact:168,Intrvl:15,num_users:578,errors:14
rt:57.35,through:11.27,tt:0.35,num_interact:169,Intrvl:15,num_users:554,errors:18
rt:50.57,through:14.33,tt:0.39,num_interact:215,Intrvl:15,num_users:531,errors:14
rt:51.57,through:12.13,tt:0.33,num_interact:182,Intrvl:15,num_users:598,errors:9
rt:53.1,through:9.8,tt:0.34,num_interact:147,Intrvl:15,num_users:540,errors:10
rt:56.39,through:13.07,tt:0.38,num_interact:196,Intrvl:15,num_users:595,errors:12
rt:54.43,through:13.73,tt:0.36,num_interact:206,Intrvl:15,num_users:591,errors:6
rt:55.99,through:10.47,tt:0.3,num_interact:157,Intrvl:15,num_users:505,errors:21
rt:50.32,through:13.4,tt:0.33,num_interact:201,Intrvl:15,num_users:578,errors:16
rt:50.8,through:9.13,tt:0.36,num_interact:137,Intrvl:15,num_users:536,errors:5
rt:53.98,through:12.4,tt:0.34,num_interact:186,Intrvl:15,num_users:522,errors:18
rt:60.89,through:12.73,tt:0.31,num_interact:191,Intrvl:15,num_users:493,errors:7
rt:47.07,through:10.13,tt:0.37,num_interact:152,Intrvl:15,num_users:524,errors:7
rt:48.38,through:13.27,tt:0.3,num_interact:199,Intrvl:15,num_users:503,errors:16
rt:51.17,through:14.2,tt:0.35,num_interact:213,Intrvl:15,num_users:560,errors:9
rt:50.85,through:10.67,tt:0.41,num_interact:160,Intrvl:15,num_users:580,errors:15
rt:52.21,through:13.73,tt:0.34,num_interact:206,Intrvl:15,num_users:581,errors:19
rt:54.37,through:12.93,tt:0.36,num_interact:194,Intrvl:15,num_users:528,errors:10
rt:47.17,through:10.2,tt:0.39,num_interact:153,Intrvl:15,num_users:547,errors:6
rt:53.96,through:13.13,tt:0.37,num_interact:197,Intrvl:15,num_users:484,errors:9
rt:51.35,through:13.27,tt:0.36,num_interact:199,Intrvl:15,num_users:515,errors:13
rt:46.6,through:11.2,tt:0.36,num_interact:168,Intrvl:15,num_users:557,errors:2
rt:44.57,through:13.2,tt:0.36,num_interact:198,Intrvl:15,num_users:536,errors:22
rt:52.44,through:11.8,tt:0.39,num_interact:177,Intrvl:15,num_users:466,errors:5
rt:50.23,through:10.4,tt:0.34,num_interact:156,Intrvl:15,num_users:494,errors:4
rt:45.58,through:13.67,tt:0.35,num_interact:205,Intrvl:15,num_users:501,errors:22
rt:47.69,through:12.4,tt:0.36,num_interact:186,Intrvl:15,num_users:561,errors:2
rt:51.36,through:10.67,tt:0.33,num_interact:160,Intrvl:15,num_users:564,errors:15
rt:46.69,through:14.33,tt:0.36,num_interact:215,Intrvl:15,num_users:540,errors:15
rt:50.16,through:12.47,tt:0.31,num_interact:187,Intrvl:15,num_users:532,errors:10
rt:55.43,through:10.27,tt:0.41,num_interact:154,Intrvl:15,num_users:540,errors:10
rt:45.89,through:13.93,tt:0.37,num_interact:209,Intrvl:15,num_users:512,errors:10
rt:50.72,through:12.07,tt:0.34,num_interact:181,Intrvl:15,num_users:561,errors:16
rt:50.65,through:12.2,tt:0.36,num_interact:183,Intrvl:15,num_users:589,errors:13
rt:50.11,through:13.67,tt:0.38,num_interact:205,Intrvl:15,num_users:574,errors:10
rt:49.19,through:12.13,tt:0.3,num_interact:182,Intrvl:15,num_users:543,errors:5
rt:52.98,through:12.2,tt:0.35,num_interact:183,Intrvl:15,num_users:494,errors:13
rt:46.21,through:12.6,tt:0.32,num_interact:189,Intrvl:15,num_users:525,errors:7
rt:51.96,through:12.33,tt:0.39,num_interact:185,Intrvl:15,num_users:535,errors:4
rt:51.47,through:13.13,tt:0.36,num_interact:197,Intrvl:15,num_users:578,errors:12
rt:47.26,through:13.73,tt:0.37,num_interact:206,Intrvl:15,num_users:629,errors:11
rt:52.9,through:10.8,tt:0.32,num_interact:162,Intrvl:15,num_users:574,errors:4
rt:52.26,through:11.6,tt:0.32,num_interact:174,Intrvl:15,num_users:469,errors:12
rt:43.13,through:12.53,tt:0.44,num_interact:188,Intrvl:15,num_users:484,errors:8
rt:49.68,through:10.07,tt:0.35,num_interact:151,Intrvl:15,num_users:437,errors:1
rt:43.4,through:12.67,tt:0.35,num_interact:190,Intrvl:15,num_users:430,errors:23
rt:46.95,through:12.2,tt:0.32,num_interact:183,Intrvl:15,num_users:463,errors:7
rt:50.14,through:11,tt:0.38,num_interact:165,Intrvl:15,num_users:487,errors:8
rt:46.45,through:13.27,tt:0.35,num_interact:199,Intrvl:15,num_users:452,errors:18
rt:53.72,through:13.27,tt:0.34,num_interact:199,Intrvl:15,num_users:525,errors:9
rt:46.57,through:11.8,tt:0.38,num_interact:177,Intrvl:15,num_users:533,errors:8
rt:49.51,through:12.27,tt:0.36,num_interact:184,Intrvl:15,num_users:500,errors:9
rt:46.22,through:13.2,tt:0.36,num_interact:198,Intrvl:15,num_users:494,errors:8
rt:46.22,through:12.33,tt:0.37,num_interact:185,Intrvl:15,num_users:573,errors:17
rt:45.34,through:13.93,tt:0.34,num_interact:209,Intrvl:15,num_users:536,errors:7
rt:44.51,through:12,tt:0.36,num_interact:180,Intrvl:15,num_users:578,errors:2
rt:48.64,through:12.6,tt:0.37,num_interact:189,Intrvl:15,num_users:575,errors:12
rt:47.95,through:10,tt:0.33,num_interact:150,Intrvl:15,num_users:353,errors:3
rt:43.96,through:10.53,tt:0.4,num_interact:158,Intrvl:15,num_users:372,errors:3
rt:44.69,through:10.8,tt:0.36,num_interact:162,Intrvl:15,num_users:367,errors:7
rt:42.22,through:12.2,tt:0.34,num_interact:183,Intrvl:15,num_users:371,errors:4
rt:42.31,through:11.13,tt:0.32,num_interact:167,Intrvl:15,num_users:398,errors:5
rt:37.19,through:14.4,tt:0.37,num_interact:216,Intrvl:15,num_users:405,errors:20
rt:44.84,through:11.53,tt:0.31,num_interact:173,Intrvl:15,num_users:335,errors:6
rt:38.36,through:10.07,tt:0.36,num_interact:151,Intrvl:15,num_users:375,errors:1
rt:35.2,through:13.67,tt:0.39,num_interact:205,Intrvl:15,num_users:371,errors:19
rt:41.63,through:12.13,tt:0.38,num_interact:182,Intrvl:15,num_users:370,errors:2
rt:41.94,through:11.87,tt:0.35,num_interact:178,Intrvl:15,num_users:395,errors:2
rt:39.26,through:13.33,tt:0.41,num_interact:200,Intrvl:15,num_users:370,errors:15
rt:38.94,through:12.8,tt:0.34,num_interact:192,Intrvl:15,num_users:381,errors:7
rt:39.19,through:11.8,tt:0.34,num_interact:177,Intrvl:15,num_users:371,errors:3
rt:35.13,through:14.2,tt:0.36,num_interact:213,Intrvl:15,num_users:363,errors:14
rt:39.04,through:13.13,tt:0.34,num_interact:202,Intrvl:15,num_users:372,errors:3
rt:30.92,through:16.47,tt:0.38,num_interact:247,Intrvl:15,num_users:433,errors:8
rt:36.72,through:13.67,tt:0.33,num_interact:205,Intrvl:15,num_users:400,errors:8
rt:38.18,through:11.2,tt:0.35,num_interact:168,Intrvl:15,num_users:445,errors:3
rt:35.97,through:11.93,tt:0.38,num_interact:179,Intrvl:15,num_users:382,errors:21
rt:34.42,through:13.73,tt:0.34,num_interact:206,Intrvl:15,num_users:374,errors:19
rt:41.01,through:6.2,tt:0.37,num_interact:93,Intrvl:15,num_users:428,errors:3
rt:51.23,through:9,tt:0.37,num_interact:135,Intrvl:15,num_users:385,errors:13
rt:43.69,through:12.33,tt:0.36,num_interact:185,Intrvl:15,num_users:349,errors:8
rt:41.28,through:12.27,tt:0.32,num_interact:184,Intrvl:15,num_users:423,errors:14
rt:44.56,through:10.33,tt:0.41,num_interact:155,Intrvl:15,num_users:409,errors:12
rt:42.8,through:13.33,tt:0.36,num_interact:200,Intrvl:15,num_users:393,errors:4
rt:42.6,through:12.27,tt:0.36,num_interact:184,Intrvl:15,num_users:399,errors:0
rt:42.31,through:12.27,tt:0.37,num_interact:184,Intrvl:15,num_users:406,errors:5
rt:38.32,through:11.8,tt:0.29,num_interact:177,Intrvl:15,num_users:329,errors:5
rt:36.79,through:12.27,tt:0.32,num_interact:184,Intrvl:15,num_users:438,errors:2
rt:38.67,through:11.8,tt:0.43,num_interact:177,Intrvl:15,num_users:431,errors:2
rt:35.14,through:13.87,tt:0.35,num_interact:208,Intrvl:15,num_users:374,errors:20
rt:39.27,through:11.27,tt:0.37,num_interact:169,Intrvl:15,num_users:405,errors:1
rt:39.01,through:9.87,tt:0.37,num_interact:148,Intrvl:15,num_users:365,errors:12
rt:38.49,through:13.27,tt:0.36,num_interact:199,Intrvl:15,num_users:379,errors:13
rt:41.53,through:11.33,tt:0.35,num_interact:170,Intrvl:15,num_users:437,errors:2
rt:42.43,through:11.6,tt:0.36,num_interact:174,Intrvl:15,num_users:454,errors:11
rt:40.52,through:14.53,tt:0.34,num_interact:218,Intrvl:15,num_users:510,errors:8
rt:45.09,through:9.53,tt:0.36,num_interact:143,Intrvl:15,num_users:370,errors:0
rt:37.96,through:12.53,tt:0.36,num_interact:188,Intrvl:15,num_users:421,errors:17
rt:43.24,through:11.4,tt:0.35,num_interact:171,Intrvl:15,num_users:384,errors:5
rt:39.4,through:9.73,tt:0.33,num_interact:146,Intrvl:15,num_users:442,errors:4
rt:42.75,through:13.87,tt:0.4,num_interact:208,Intrvl:15,num_users:438,errors:12
rt:45.06,through:9.87,tt:0.37,num_interact:148,Intrvl:15,num_users:330,errors:10
rt:39.81,through:10.87,tt:0.35,num_interact:163,Intrvl:15,num_users:346,errors:1
Terminating EBs...
EB TPCW Broswing Mix EB #102commiting suicide!
EB TPCW Broswing Mix EB #113commiting suicide!
EB TPCW Broswing Mix EB #120commiting suicide!
EB TPCW Broswing Mix EB #159commiting suicide!
EB TPCW Broswing Mix EB #208commiting suicide!
EB TPCW Broswing Mix EB #3555commiting suicide!
EB TPCW Broswing Mix EB #1646commiting suicide!
EB TPCW Broswing Mix EB #242commiting suicide!
EB TPCW Broswing Mix EB #61commiting suicide!
EB TPCW Broswing Mix EB #3818commiting suicide!
EB TPCW Broswing Mix EB #94commiting suicide!
EB TPCW Broswing Mix EB #1676commiting suicide!
EB TPCW Broswing Mix EB #3806commiting suicide!
EB TPCW Broswing Mix EB #194commiting suicide!
EB TPCW Broswing Mix EB #3814commiting suicide!
EB TPCW Broswing Mix EB #37commiting suicide!
EB TPCW Broswing Mix EB #1686commiting suicide!
EB TPCW Broswing Mix EB #136commiting suicide!
EB TPCW Broswing Mix EB #3093commiting suicide!
EB TPCW Broswing Mix EB #16735commiting suicide!
EB TPCW Broswing Mix EB #16741commiting suicide!
EB TPCW Broswing Mix EB #16743commiting suicide!
EB TPCW Broswing Mix EB #249commiting suicide!
EB TPCW Broswing Mix EB #127commiting suicide!
EB TPCW Broswing Mix EB #3809commiting suicide!
EB TPCW Broswing Mix EB #3813commiting suicide!
EB TPCW Broswing Mix EB #183commiting suicide!
EB TPCW Broswing Mix EB #16745commiting suicide!
EB TPCW Broswing Mix EB #1666commiting suicide!
EB TPCW Broswing Mix EB #203commiting suicide!
EB TPCW Broswing Mix EB #1651commiting suicide!
EB TPCW Broswing Mix EB #4024commiting suicide!
EB TPCW Broswing Mix EB #76commiting suicide!
EB TPCW Broswing Mix EB #3808commiting suicide!
EB TPCW Broswing Mix EB #3095commiting suicide!
EB TPCW Broswing Mix EB #4018commiting suicide!
EB TPCW Broswing Mix EB #157commiting suicide!
EB TPCW Broswing Mix EB #156commiting suicide!
EB TPCW Broswing Mix EB #117commiting suicide!
EB TPCW Broswing Mix EB #4commiting suicide!
EB TPCW Broswing Mix EB #4032commiting suicide!
EB TPCW Broswing Mix EB #184commiting suicide!
EB TPCW Broswing Mix EB #201commiting suicide!
EB TPCW Broswing Mix EB #1733commiting suicide!
EB TPCW Broswing Mix EB #224commiting suicide!
EB TPCW Broswing Mix EB #83commiting suicide!
EB TPCW Broswing Mix EB #4023commiting suicide!
EB TPCW Broswing Mix EB #16736commiting suicide!
EB TPCW Broswing Mix EB #1684commiting suicide!
EB TPCW Broswing Mix EB #79commiting suicide!
EB TPCW Broswing Mix EB #1667commiting suicide!
EB TPCW Broswing Mix EB #4013commiting suicide!
EB TPCW Broswing Mix EB #56commiting suicide!
EB TPCW Broswing Mix EB #16740commiting suicide!
EB TPCW Broswing Mix EB #226commiting suicide!
EB TPCW Broswing Mix EB #73commiting suicide!
EB TPCW Broswing Mix EB #178commiting suicide!
EB TPCW Broswing Mix EB #111commiting suicide!
EB TPCW Broswing Mix EB #196commiting suicide!
EB TPCW Broswing Mix EB #1710commiting suicide!
EB TPCW Broswing Mix EB #163commiting suicide!
EB TPCW Broswing Mix EB #16732commiting suicide!
EB TPCW Broswing Mix EB #1708commiting suicide!
EB TPCW Broswing Mix EB #176commiting suicide!
EB TPCW Broswing Mix EB #189commiting suicide!
EB TPCW Broswing Mix EB #16738commiting suicide!
EB TPCW Broswing Mix EB #174commiting suicide!
EB TPCW Broswing Mix EB #118commiting suicide!
EB TPCW Broswing Mix EB #237commiting suicide!
EB TPCW Broswing Mix EB #3829commiting suicide!
EB TPCW Broswing Mix EB #1702commiting suicide!
EB TPCW Broswing Mix EB #3802commiting suicide!
EB TPCW Broswing Mix EB #3557commiting suicide!
EB TPCW Broswing Mix EB #1732commiting suicide!
EB TPCW Broswing Mix EB #16338commiting suicide!
EB TPCW Broswing Mix EB #1700commiting suicide!
EB TPCW Broswing Mix EB #155commiting suicide!
EB TPCW Broswing Mix EB #1699commiting suicide!
EB TPCW Broswing Mix EB #232commiting suicide!
EB TPCW Broswing Mix EB #132commiting suicide!
EB TPCW Broswing Mix EB #230commiting suicide!
EB TPCW Broswing Mix EB #107commiting suicide!
EB TPCW Broswing Mix EB #51commiting suicide!
EB TPCW Broswing Mix EB #3558commiting suicide!
EB TPCW Broswing Mix EB #1672commiting suicide!
EB TPCW Broswing Mix EB #9commiting suicide!
EB TPCW Broswing Mix EB #244commiting suicide!
EB TPCW Broswing Mix EB #23commiting suicide!
EB TPCW Broswing Mix EB #138commiting suicide!
EB TPCW Broswing Mix EB #1670commiting suicide!
EB TPCW Broswing Mix EB #119commiting suicide!
EB TPCW Broswing Mix EB #122commiting suicide!
EB TPCW Broswing Mix EB #257commiting suicide!
EB TPCW Broswing Mix EB #1704commiting suicide!
EB TPCW Broswing Mix EB #271commiting suicide!
EB TPCW Broswing Mix EB #264commiting suicide!
EB TPCW Broswing Mix EB #133commiting suicide!
EB TPCW Broswing Mix EB #4031commiting suicide!
EB TPCW Broswing Mix EB #1648commiting suicide!
EB TPCW Broswing Mix EB #46commiting suicide!
EB TPCW Broswing Mix EB #206commiting suicide!
EB TPCW Broswing Mix EB #186commiting suicide!
EB TPCW Broswing Mix EB #1723commiting suicide!
EB TPCW Broswing Mix EB #3803commiting suicide!
EB TPCW Broswing Mix EB #26commiting suicide!
EB TPCW Broswing Mix EB #12commiting suicide!
EB TPCW Broswing Mix EB #1652commiting suicide!
EB TPCW Broswing Mix EB #185commiting suicide!
EB TPCW Broswing Mix EB #3commiting suicide!
EB TPCW Broswing Mix EB #80commiting suicide!
EB TPCW Broswing Mix EB #1658commiting suicide!
EB TPCW Broswing Mix EB #190commiting suicide!
EB TPCW Broswing Mix EB #1645commiting suicide!
EB TPCW Broswing Mix EB #1678commiting suicide!
EB TPCW Broswing Mix EB #3552commiting suicide!
EB TPCW Broswing Mix EB #1669commiting suicide!
EB TPCW Broswing Mix EB #4029commiting suicide!
EB TPCW Broswing Mix EB #149commiting suicide!
EB TPCW Broswing Mix EB #1736commiting suicide!
EB TPCW Broswing Mix EB #3801commiting suicide!
EB TPCW Broswing Mix EB #204commiting suicide!
EB TPCW Broswing Mix EB #128commiting suicide!
EB TPCW Broswing Mix EB #212commiting suicide!
EB TPCW Broswing Mix EB #4025commiting suicide!
EB TPCW Broswing Mix EB #245commiting suicide!
EB TPCW Broswing Mix EB #165commiting suicide!
EB TPCW Broswing Mix EB #1682commiting suicide!
EB TPCW Broswing Mix EB #210commiting suicide!
EB TPCW Broswing Mix EB #261commiting suicide!
EB TPCW Broswing Mix EB #1654commiting suicide!
EB TPCW Broswing Mix EB #103commiting suicide!
EB TPCW Broswing Mix EB #180commiting suicide!
EB TPCW Broswing Mix EB #1726commiting suicide!
EB TPCW Broswing Mix EB #1695commiting suicide!
EB TPCW Broswing Mix EB #1693commiting suicide!
EB TPCW Broswing Mix EB #164commiting suicide!
EB TPCW Broswing Mix EB #10commiting suicide!
EB TPCW Broswing Mix EB #109commiting suicide!
EB TPCW Broswing Mix EB #221commiting suicide!
EB TPCW Broswing Mix EB #3554commiting suicide!
EB TPCW Broswing Mix EB #3819commiting suicide!
EB TPCW Broswing Mix EB #1662commiting suicide!
EB TPCW Broswing Mix EB #96commiting suicide!
EB TPCW Broswing Mix EB #137commiting suicide!
EB TPCW Broswing Mix EB #104commiting suicide!
EB TPCW Broswing Mix EB #263commiting suicide!
EB TPCW Broswing Mix EB #1696commiting suicide!
EB TPCW Broswing Mix EB #43commiting suicide!
EB TPCW Broswing Mix EB #152commiting suicide!
EB TPCW Broswing Mix EB #1660commiting suicide!
EB TPCW Broswing Mix EB #3812commiting suicide!
EB TPCW Broswing Mix EB #36commiting suicide!
EB TPCW Broswing Mix EB #50commiting suicide!
EB TPCW Broswing Mix EB #151commiting suicide!
EB TPCW Broswing Mix EB #35commiting suicide!
EB TPCW Broswing Mix EB #1728commiting suicide!
EB TPCW Broswing Mix EB #1679commiting suicide!
EB TPCW Broswing Mix EB #172commiting suicide!
EB TPCW Broswing Mix EB #270commiting suicide!
EB TPCW Broswing Mix EB #238commiting suicide!
EB TPCW Broswing Mix EB #216commiting suicide!
EB TPCW Broswing Mix EB #272commiting suicide!
EB TPCW Broswing Mix EB #88commiting suicide!
EB TPCW Broswing Mix EB #91commiting suicide!
EB TPCW Broswing Mix EB #1663commiting suicide!
EB TPCW Broswing Mix EB #168commiting suicide!
EB TPCW Broswing Mix EB #1734commiting suicide!
EB TPCW Broswing Mix EB #1731commiting suicide!
EB TPCW Broswing Mix EB #124commiting suicide!
EB TPCW Broswing Mix EB #98commiting suicide!
EB TPCW Broswing Mix EB #71commiting suicide!
EB TPCW Broswing Mix EB #222commiting suicide!
EB TPCW Broswing Mix EB #140commiting suicide!
EB TPCW Broswing Mix EB #1659commiting suicide!
EB TPCW Broswing Mix EB #200commiting suicide!
EB TPCW Broswing Mix EB #1644commiting suicide!
EB TPCW Broswing Mix EB #130commiting suicide!
EB TPCW Broswing Mix EB #235commiting suicide!
EB TPCW Broswing Mix EB #99commiting suicide!
EB TPCW Broswing Mix EB #268commiting suicide!
EB TPCW Broswing Mix EB #90commiting suicide!
EB TPCW Broswing Mix EB #3559commiting suicide!
EB TPCW Broswing Mix EB #49commiting suicide!
EB TPCW Broswing Mix EB #1715commiting suicide!
EB TPCW Broswing Mix EB #1698commiting suicide!
EB TPCW Broswing Mix EB #142commiting suicide!
EB TPCW Broswing Mix EB #18commiting suicide!
EB TPCW Broswing Mix EB #48commiting suicide!
EB TPCW Broswing Mix EB #175commiting suicide!
EB TPCW Broswing Mix EB #55commiting suicide!
EB TPCW Broswing Mix EB #27commiting suicide!
EB TPCW Broswing Mix EB #260commiting suicide!
EB TPCW Broswing Mix EB #266commiting suicide!
EB TPCW Broswing Mix EB #16commiting suicide!
EB TPCW Broswing Mix EB #153commiting suicide!
EB TPCW Broswing Mix EB #1711commiting suicide!
EB TPCW Broswing Mix EB #198commiting suicide!
EB TPCW Broswing Mix EB #19commiting suicide!
EB TPCW Broswing Mix EB #1671commiting suicide!
EB TPCW Broswing Mix EB #273commiting suicide!
EB TPCW Broswing Mix EB #3811commiting suicide!
EB TPCW Broswing Mix EB #67commiting suicide!
EB TPCW Broswing Mix EB #131commiting suicide!
EB TPCW Broswing Mix EB #154commiting suicide!
EB TPCW Broswing Mix EB #171commiting suicide!
EB TPCW Broswing Mix EB #252commiting suicide!
EB TPCW Broswing Mix EB #3824commiting suicide!
EB TPCW Broswing Mix EB #115commiting suicide!
EB TPCW Broswing Mix EB #1725commiting suicide!
EB TPCW Broswing Mix EB #213commiting suicide!
EB TPCW Broswing Mix EB #70commiting suicide!
EB TPCW Broswing Mix EB #1701commiting suicide!
EB TPCW Broswing Mix EB #29commiting suicide!
EB TPCW Broswing Mix EB #193commiting suicide!
EB TPCW Broswing Mix EB #148commiting suicide!
EB TPCW Broswing Mix EB #58commiting suicide!
EB TPCW Broswing Mix EB #236commiting suicide!
EB TPCW Broswing Mix EB #181commiting suicide!
EB TPCW Broswing Mix EB #1691commiting suicide!
EB TPCW Broswing Mix EB #269commiting suicide!
EB TPCW Broswing Mix EB #4019commiting suicide!
EB TPCW Broswing Mix EB #47commiting suicide!
EB TPCW Broswing Mix EB #78commiting suicide!
EB TPCW Broswing Mix EB #3826commiting suicide!
EB TPCW Broswing Mix EB #225commiting suicide!
EB TPCW Broswing Mix EB #3805commiting suicide!
EB TPCW Broswing Mix EB #3565commiting suicide!
EB TPCW Broswing Mix EB #66commiting suicide!
EB TPCW Broswing Mix EB #1683commiting suicide!
EB TPCW Broswing Mix EB #1675commiting suicide!
EB TPCW Broswing Mix EB #258commiting suicide!
EB TPCW Broswing Mix EB #4015commiting suicide!
EB TPCW Broswing Mix EB #233commiting suicide!
EB TPCW Broswing Mix EB #13commiting suicide!
EB TPCW Broswing Mix EB #239commiting suicide!
EB TPCW Broswing Mix EB #1664commiting suicide!
EB TPCW Broswing Mix EB #170commiting suicide!
EB TPCW Broswing Mix EB #3821commiting suicide!
EB TPCW Broswing Mix EB #1712commiting suicide!
EB TPCW Broswing Mix EB #3563commiting suicide!
EB TPCW Broswing Mix EB #254commiting suicide!
EB TPCW Broswing Mix EB #218commiting suicide!
EB TPCW Broswing Mix EB #3827commiting suicide!
EB TPCW Broswing Mix EB #182commiting suicide!
EB TPCW Broswing Mix EB #41commiting suicide!
EB TPCW Broswing Mix EB #116commiting suicide!
EB TPCW Broswing Mix EB #1650commiting suicide!
EB TPCW Broswing Mix EB #250commiting suicide!
EB TPCW Broswing Mix EB #259commiting suicide!
EB TPCW Broswing Mix EB #126commiting suicide!
EB TPCW Broswing Mix EB #179commiting suicide!
EB TPCW Broswing Mix EB #227commiting suicide!
EB TPCW Broswing Mix EB #243commiting suicide!
EB TPCW Broswing Mix EB #1697commiting suicide!
EB TPCW Broswing Mix EB #1716commiting suicide!
EB TPCW Broswing Mix EB #4010commiting suicide!
EB TPCW Broswing Mix EB #11commiting suicide!
EB TPCW Broswing Mix EB #251commiting suicide!
EB TPCW Broswing Mix EB #59commiting suicide!
EB TPCW Broswing Mix EB #3820commiting suicide!
EB TPCW Broswing Mix EB #93commiting suicide!
EB TPCW Broswing Mix EB #145commiting suicide!
EB TPCW Broswing Mix EB #1655commiting suicide!
EB TPCW Broswing Mix EB #3822commiting suicide!
EB TPCW Broswing Mix EB #4007commiting suicide!
EB TPCW Broswing Mix EB #3560commiting suicide!
EB TPCW Broswing Mix EB #187commiting suicide!
EB TPCW Broswing Mix EB #7commiting suicide!
EB TPCW Broswing Mix EB #24commiting suicide!
EB TPCW Broswing Mix EB #45commiting suicide!
EB TPCW Broswing Mix EB #160commiting suicide!
EB TPCW Broswing Mix EB #144commiting suicide!
EB TPCW Broswing Mix EB #3825commiting suicide!
EB TPCW Broswing Mix EB #68commiting suicide!
EB TPCW Broswing Mix EB #255commiting suicide!
EB TPCW Broswing Mix EB #82commiting suicide!
EB TPCW Broswing Mix EB #1722commiting suicide!
EB TPCW Broswing Mix EB #3830commiting suicide!
EB TPCW Broswing Mix EB #129commiting suicide!
EB TPCW Broswing Mix EB #4009commiting suicide!
EB TPCW Broswing Mix EB #247commiting suicide!
EB TPCW Broswing Mix EB #112commiting suicide!
EB TPCW Broswing Mix EB #69commiting suicide!
EB TPCW Broswing Mix EB #17commiting suicide!
EB TPCW Broswing Mix EB #141commiting suicide!
EB TPCW Broswing Mix EB #1707commiting suicide!
EB TPCW Broswing Mix EB #228commiting suicide!
EB TPCW Broswing Mix EB #1735commiting suicide!
EB TPCW Broswing Mix EB #4022commiting suicide!
EB TPCW Broswing Mix EB #106commiting suicide!
EB TPCW Broswing Mix EB #75commiting suicide!
EB TPCW Broswing Mix EB #143commiting suicide!
EB TPCW Broswing Mix EB #6commiting suicide!
EB TPCW Broswing Mix EB #241commiting suicide!
EB TPCW Broswing Mix EB #167commiting suicide!
EB TPCW Broswing Mix EB #3815commiting suicide!
EB TPCW Broswing Mix EB #1724commiting suicide!
EB TPCW Broswing Mix EB #3553commiting suicide!
EB TPCW Broswing Mix EB #188commiting suicide!
EB TPCW Broswing Mix EB #16737commiting suicide!
EB TPCW Broswing Mix EB #5commiting suicide!
EB TPCW Broswing Mix EB #3810commiting suicide!
EB TPCW Broswing Mix EB #4008commiting suicide!
EB TPCW Broswing Mix EB #4011commiting suicide!
EB TPCW Broswing Mix EB #8commiting suicide!
EB TPCW Broswing Mix EB #217commiting suicide!
EB TPCW Broswing Mix EB #166commiting suicide!
EB TPCW Broswing Mix EB #1674commiting suicide!
EB TPCW Broswing Mix EB #139commiting suicide!
EB TPCW Broswing Mix EB #211commiting suicide!
EB TPCW Broswing Mix EB #1680commiting suicide!
EB TPCW Broswing Mix EB #161commiting suicide!
EB TPCW Broswing Mix EB #95commiting suicide!
EB TPCW Broswing Mix EB #57commiting suicide!
EB TPCW Broswing Mix EB #240commiting suicide!
EB TPCW Broswing Mix EB #146commiting suicide!
EB TPCW Broswing Mix EB #89commiting suicide!
EB TPCW Broswing Mix EB #39commiting suicide!
EB TPCW Broswing Mix EB #1727commiting suicide!
EB TPCW Broswing Mix EB #209commiting suicide!
EB TPCW Broswing Mix EB #267commiting suicide!
EB TPCW Broswing Mix EB #199commiting suicide!
EB TPCW Broswing Mix EB #1719commiting suicide!
EB TPCW Broswing Mix EB #207commiting suicide!
EB TPCW Broswing Mix EB #1703commiting suicide!
EB TPCW Broswing Mix EB #3556commiting suicide!
EB TPCW Broswing Mix EB #192commiting suicide!
EB TPCW Broswing Mix EB #1668commiting suicide!
EB TPCW Broswing Mix EB #1653commiting suicide!
EB TPCW Broswing Mix EB #62commiting suicide!
EB TPCW Broswing Mix EB #101commiting suicide!
EB TPCW Broswing Mix EB #248commiting suicide!
EB TPCW Broswing Mix EB #33commiting suicide!
EB TPCW Broswing Mix EB #1714commiting suicide!
EB TPCW Broswing Mix EB #195commiting suicide!
EB TPCW Broswing Mix EB #229commiting suicide!
EB TPCW Broswing Mix EB #108commiting suicide!
EB TPCW Broswing Mix EB #60commiting suicide!
EB TPCW Broswing Mix EB #1692commiting suicide!
EB TPCW Broswing Mix EB #231commiting suicide!
EB TPCW Broswing Mix EB #1643commiting suicide!
EB TPCW Broswing Mix EB #3823commiting suicide!
EB TPCW Broswing Mix EB #125commiting suicide!
EB TPCW Broswing Mix EB #84commiting suicide!
EB TPCW Broswing Mix EB #28commiting suicide!
EB TPCW Broswing Mix EB #3817commiting suicide!
EB TPCW Broswing Mix EB #121commiting suicide!
EB TPCW Broswing Mix EB #16734commiting suicide!
EB TPCW Broswing Mix EB #16742commiting suicide!
EB TPCW Broswing Mix EB #54commiting suicide!
EB TPCW Broswing Mix EB #4027commiting suicide!
EB TPCW Broswing Mix EB #246commiting suicide!
EB TPCW Broswing Mix EB #77commiting suicide!
EB TPCW Broswing Mix EB #87commiting suicide!
EB TPCW Broswing Mix EB #177commiting suicide!
EB TPCW Broswing Mix EB #4017commiting suicide!
EB TPCW Broswing Mix EB #173commiting suicide!
EB TPCW Broswing Mix EB #92commiting suicide!
EB TPCW Broswing Mix EB #74commiting suicide!
EB TPCW Broswing Mix EB #44commiting suicide!
EB TPCW Broswing Mix EB #1705commiting suicide!
EB TPCW Broswing Mix EB #21commiting suicide!
EB TPCW Broswing Mix EB #31commiting suicide!
EB TPCW Broswing Mix EB #1730commiting suicide!
EB TPCW Broswing Mix EB #3094commiting suicide!
EB TPCW Broswing Mix EB #16739commiting suicide!
EB TPCW Broswing Mix EB #100commiting suicide!
EB TPCW Broswing Mix EB #1661commiting suicide!
EB TPCW Broswing Mix EB #16733commiting suicide!
EB TPCW Broswing Mix EB #1673commiting suicide!
EB TPCW Broswing Mix EB #219commiting suicide!
EB TPCW Broswing Mix EB #274commiting suicide!
EB TPCW Broswing Mix EB #1689commiting suicide!
EB TPCW Broswing Mix EB #22commiting suicide!
EB TPCW Broswing Mix EB #3816commiting suicide!
EB TPCW Broswing Mix EB #3561commiting suicide!
EB TPCW Broswing Mix EB #4012commiting suicide!
EB TPCW Broswing Mix EB #105commiting suicide!
EB TPCW Broswing Mix EB #40commiting suicide!
EB TPCW Broswing Mix EB #86commiting suicide!
EB TPCW Broswing Mix EB #1685commiting suicide!
EB TPCW Broswing Mix EB #1656commiting suicide!
EB TPCW Broswing Mix EB #1720commiting suicide!
EB TPCW Broswing Mix EB #85commiting suicide!
EB TPCW Broswing Mix EB #1694commiting suicide!
EB TPCW Broswing Mix EB #256commiting suicide!
EB TPCW Broswing Mix EB #32commiting suicide!
EB TPCW Broswing Mix EB #30commiting suicide!
EB TPCW Broswing Mix EB #4026commiting suicide!
EB TPCW Broswing Mix EB #123commiting suicide!
EB TPCW Broswing Mix EB #1677commiting suicide!
EB TPCW Broswing Mix EB #16744commiting suicide!
EB TPCW Broswing Mix EB #4016commiting suicide!
EB TPCW Broswing Mix EB #135commiting suicide!
EB TPCW Broswing Mix EB #205commiting suicide!
EB TPCW Broswing Mix EB #134commiting suicide!
EB TPCW Broswing Mix EB #3562commiting suicide!
EB TPCW Broswing Mix EB #265commiting suicide!
EB TPCW Broswing Mix EB #65commiting suicide!
EB TPCW Broswing Mix EB #38commiting suicide!
EB TPCW Broswing Mix EB #25commiting suicide!
EB TPCW Broswing Mix EB #214commiting suicide!
EB TPCW Broswing Mix EB #1647commiting suicide!
EB TPCW Broswing Mix EB #63commiting suicide!
EB TPCW Broswing Mix EB #16747commiting suicide!
EB TPCW Broswing Mix EB #4030commiting suicide!
EB TPCW Broswing Mix EB #1717commiting suicide!
EB TPCW Broswing Mix EB #3828commiting suicide!
EB TPCW Broswing Mix EB #42commiting suicide!
EB TPCW Broswing Mix EB #72commiting suicide!
EB TPCW Broswing Mix EB #1721commiting suicide!
EB TPCW Broswing Mix EB #97commiting suicide!
EB TPCW Broswing Mix EB #1665commiting suicide!
EB TPCW Broswing Mix EB #4014commiting suicide!
EB TPCW Broswing Mix EB #3804commiting suicide!
EB TPCW Broswing Mix EB #3564commiting suicide!
EB TPCW Broswing Mix EB #1681commiting suicide!
EB TPCW Broswing Mix EB #191commiting suicide!
EB TPCW Broswing Mix EB #169commiting suicide!
EB TPCW Broswing Mix EB #1688commiting suicide!
EB TPCW Broswing Mix EB #64commiting suicide!
EB TPCW Broswing Mix EB #162commiting suicide!
EB TPCW Broswing Mix EB #110commiting suicide!
EB TPCW Broswing Mix EB #1709commiting suicide!
EB TPCW Broswing Mix EB #158commiting suicide!
EB TPCW Broswing Mix EB #114commiting suicide!
EB TPCW Broswing Mix EB #1713commiting suicide!
EB TPCW Broswing Mix EB #147commiting suicide!
EB TPCW Broswing Mix EB #215commiting suicide!
EB TPCW Broswing Mix EB #253commiting suicide!
EB TPCW Broswing Mix EB #53commiting suicide!
EB TPCW Broswing Mix EB #4028commiting suicide!
EB TPCW Broswing Mix EB #1649commiting suicide!
EB TPCW Broswing Mix EB #262commiting suicide!
EB TPCW Broswing Mix EB #220commiting suicide!
EB TPCW Broswing Mix EB #81commiting suicide!
EB TPCW Broswing Mix EB #16746commiting suicide!
EB TPCW Broswing Mix EB #1687commiting suicide!
EB TPCW Broswing Mix EB #197commiting suicide!
EB TPCW Broswing Mix EB #1706commiting suicide!
EB TPCW Broswing Mix EB #234commiting suicide!
EB TPCW Broswing Mix EB #4020commiting suicide!
EB TPCW Broswing Mix EB #1729commiting suicide!
EB TPCW Broswing Mix EB #202commiting suicide!
EB TPCW Broswing Mix EB #3807commiting suicide!
EB TPCW Broswing Mix EB #1657commiting suicide!
EB TPCW Broswing Mix EB #1690commiting suicide!
EB TPCW Broswing Mix EB #1718commiting suicide!
EB TPCW Broswing Mix EB #4021commiting suicide!
EBs finished.
Really finishing RBE!.
