Remote Browser Emulator for TPC-W.
  ECE 902  Fall '99
  Version 1.5
System's current path is /root/loadtest
rt:0.13,through:1.93,tt:0.37,num_interact:29,Intrvl:15,num_users:1,errors:0
rt:1.96,through:7.6,tt:0.38,num_interact:114,Intrvl:15,num_users:20,errors:0
rt:7.2,through:6.67,tt:0.46,num_interact:100,Intrvl:15,num_users:80,errors:0
rt:10.1,through:8.33,tt:0.38,num_interact:125,Intrvl:15,num_users:120,errors:0
rt:13.41,through:7.93,tt:0.44,num_interact:119,Intrvl:15,num_users:180,errors:0
rt:19.09,through:9,tt:0.42,num_interact:135,Intrvl:15,num_users:240,errors:0
rt:19.5,through:8.67,tt:0.38,num_interact:130,Intrvl:15,num_users:280,errors:0
rt:26.79,through:8.13,tt:0.39,num_interact:122,Intrvl:15,num_users:310,errors:0
rt:33.84,through:8.73,tt:0.39,num_interact:131,Intrvl:15,num_users:360,errors:0
rt:36.02,through:8.53,tt:0.39,num_interact:128,Intrvl:15,num_users:390,errors:2
rt:38.3,through:8.2,tt:0.42,num_interact:123,Intrvl:15,num_users:413,errors:0
rt:41.88,through:8.2,tt:0.4,num_interact:123,Intrvl:15,num_users:486,errors:12
rt:45.4,through:7.53,tt:0.45,num_interact:113,Intrvl:15,num_users:421,errors:5
rt:45.31,through:5.93,tt:0.32,num_interact:89,Intrvl:15,num_users:342,errors:0
rt:54.97,through:3.13,tt:0.31,num_interact:47,Intrvl:15,num_users:322,errors:23
rt:62.89,through:6.4,tt:0.39,num_interact:98,Intrvl:15,num_users:403,errors:0
rt:54.98,through:6.8,tt:0.3,num_interact:102,Intrvl:15,num_users:405,errors:2
rt:57.39,through:7.53,tt:0.38,num_interact:113,Intrvl:15,num_users:417,errors:1
rt:54.16,through:7.47,tt:0.49,num_interact:112,Intrvl:15,num_users:406,errors:14
rt:48.98,through:7.27,tt:0.29,num_interact:109,Intrvl:15,num_users:351,errors:0
rt:53.01,through:7.8,tt:0.35,num_interact:117,Intrvl:15,num_users:434,errors:19
rt:57.25,through:5.07,tt:0.38,num_interact:76,Intrvl:15,num_users:343,errors:0
rt:51.65,through:6.6,tt:0.3,num_interact:99,Intrvl:15,num_users:417,errors:13
rt:44.94,through:4,tt:0.38,num_interact:61,Intrvl:15,num_users:424,errors:1
rt:65.43,through:7.53,tt:0.35,num_interact:113,Intrvl:15,num_users:424,errors:5
rt:57.37,through:6.93,tt:0.36,num_interact:104,Intrvl:15,num_users:414,errors:2
rt:60.8,through:8.6,tt:0.4,num_interact:129,Intrvl:15,num_users:501,errors:0
rt:56.43,through:6.8,tt:0.34,num_interact:102,Intrvl:15,num_users:407,errors:18
rt:51.25,through:7.4,tt:0.34,num_interact:111,Intrvl:15,num_users:438,errors:0
rt:54,through:4.2,tt:0.34,num_interact:63,Intrvl:15,num_users:480,errors:20
rt:59.71,through:7.07,tt:0.32,num_interact:106,Intrvl:15,num_users:444,errors:0
rt:67.41,through:8.33,tt:0.35,num_interact:125,Intrvl:15,num_users:482,errors:10
rt:61.44,through:6.47,tt:0.38,num_interact:97,Intrvl:15,num_users:475,errors:1
rt:63.68,through:7.4,tt:0.34,num_interact:111,Intrvl:15,num_users:452,errors:11
rt:65.24,through:6.27,tt:0.34,num_interact:94,Intrvl:15,num_users:440,errors:6
rt:59.34,through:7.47,tt:0.32,num_interact:112,Intrvl:15,num_users:445,errors:5
rt:62.54,through:7.27,tt:0.34,num_interact:109,Intrvl:15,num_users:508,errors:7
rt:60.18,through:7.8,tt:0.36,num_interact:117,Intrvl:15,num_users:426,errors:0
rt:60.37,through:6.67,tt:0.37,num_interact:100,Intrvl:15,num_users:455,errors:22
rt:57.3,through:6.07,tt:0.3,num_interact:91,Intrvl:15,num_users:435,errors:0
rt:58.46,through:6.07,tt:0.32,num_interact:91,Intrvl:15,num_users:463,errors:19
rt:64.09,through:6.27,tt:0.3,num_interact:94,Intrvl:15,num_users:444,errors:2
rt:64.17,through:7.67,tt:0.29,num_interact:115,Intrvl:15,num_users:412,errors:21
rt:62.69,through:6.07,tt:0.36,num_interact:91,Intrvl:15,num_users:419,errors:2
rt:65.16,through:6.6,tt:0.31,num_interact:99,Intrvl:15,num_users:409,errors:10
rt:59.55,through:7.13,tt:0.33,num_interact:107,Intrvl:15,num_users:427,errors:5
rt:59.77,through:8.33,tt:0.31,num_interact:125,Intrvl:15,num_users:416,errors:0
rt:60.14,through:7.47,tt:0.33,num_interact:112,Intrvl:15,num_users:448,errors:17
rt:52.56,through:7.47,tt:0.32,num_interact:112,Intrvl:15,num_users:456,errors:0
rt:56.03,through:8.13,tt:0.38,num_interact:122,Intrvl:15,num_users:482,errors:17
rt:54.62,through:7.47,tt:0.41,num_interact:112,Intrvl:15,num_users:465,errors:0
rt:59.15,through:7.67,tt:0.39,num_interact:115,Intrvl:15,num_users:472,errors:15
rt:55.87,through:7.53,tt:0.48,num_interact:113,Intrvl:15,num_users:454,errors:5
rt:58.1,through:6.67,tt:0.36,num_interact:100,Intrvl:15,num_users:417,errors:3
rt:64.13,through:6.2,tt:0.35,num_interact:93,Intrvl:15,num_users:490,errors:19
rt:53.18,through:7.2,tt:0.32,num_interact:108,Intrvl:15,num_users:473,errors:0
rt:63.26,through:7.4,tt:0.31,num_interact:111,Intrvl:15,num_users:449,errors:24
rt:62.93,through:5.93,tt:0.29,num_interact:89,Intrvl:15,num_users:434,errors:0
rt:64.14,through:7.6,tt:0.37,num_interact:114,Intrvl:15,num_users:407,errors:5
rt:59.21,through:6.27,tt:0.39,num_interact:94,Intrvl:15,num_users:472,errors:1
rt:64.36,through:8.2,tt:0.35,num_interact:123,Intrvl:15,num_users:463,errors:8
rt:64.77,through:6,tt:0.31,num_interact:90,Intrvl:15,num_users:371,errors:6
rt:53.31,through:6.2,tt:0.36,num_interact:93,Intrvl:15,num_users:454,errors:0
rt:61.24,through:5.27,tt:0.35,num_interact:79,Intrvl:15,num_users:419,errors:14
rt:60.57,through:7.47,tt:0.34,num_interact:112,Intrvl:15,num_users:435,errors:1
rt:60.52,through:7.53,tt:0.4,num_interact:113,Intrvl:15,num_users:483,errors:15
rt:55.12,through:6.8,tt:0.34,num_interact:102,Intrvl:15,num_users:486,errors:1
rt:63.53,through:7.4,tt:0.37,num_interact:111,Intrvl:15,num_users:400,errors:14
rt:56.37,through:6.27,tt:0.38,num_interact:94,Intrvl:15,num_users:419,errors:2
rt:59.03,through:6.27,tt:0.35,num_interact:94,Intrvl:15,num_users:414,errors:8
rt:58.46,through:7.8,tt:0.4,num_interact:117,Intrvl:15,num_users:370,errors:1
rt:28.45,through:18.67,tt:0.38,num_interact:280,Intrvl:15,num_users:466,errors:5
rt:28.85,through:15.47,tt:0.35,num_interact:233,Intrvl:15,num_users:466,errors:5
rt:27.08,through:16.6,tt:0.34,num_interact:249,Intrvl:15,num_users:459,errors:0
rt:28.7,through:15.93,tt:0.36,num_interact:239,Intrvl:15,num_users:445,errors:9
rt:28.02,through:15.47,tt:0.35,num_interact:232,Intrvl:15,num_users:421,errors:0
rt:25.67,through:15.47,tt:0.35,num_interact:232,Intrvl:15,num_users:438,errors:16
rt:26.16,through:16.53,tt:0.36,num_interact:248,Intrvl:15,num_users:438,errors:0
rt:24.84,through:15.87,tt:0.36,num_interact:238,Intrvl:15,num_users:423,errors:22
rt:27.5,through:16.13,tt:0.34,num_interact:242,Intrvl:15,num_users:437,errors:0
rt:24.34,through:15.6,tt:0.34,num_interact:234,Intrvl:15,num_users:419,errors:23
rt:26.76,through:15.4,tt:0.4,num_interact:231,Intrvl:15,num_users:463,errors:0
rt:27.95,through:15.8,tt:0.33,num_interact:237,Intrvl:15,num_users:379,errors:23
rt:30.71,through:11.73,tt:0.38,num_interact:176,Intrvl:15,num_users:498,errors:0
rt:27.55,through:16.47,tt:0.4,num_interact:247,Intrvl:15,num_users:514,errors:13
rt:29.87,through:15.2,tt:0.31,num_interact:228,Intrvl:15,num_users:497,errors:1
rt:30.23,through:16.4,tt:0.36,num_interact:246,Intrvl:15,num_users:480,errors:0
rt:25.92,through:14.53,tt:0.33,num_interact:218,Intrvl:15,num_users:400,errors:14
rt:29.3,through:13.8,tt:0.36,num_interact:207,Intrvl:15,num_users:470,errors:0
rt:28.71,through:14,tt:0.39,num_interact:210,Intrvl:15,num_users:403,errors:16
rt:28,through:15,tt:0.36,num_interact:225,Intrvl:15,num_users:546,errors:0
rt:29.24,through:14.47,tt:0.37,num_interact:217,Intrvl:15,num_users:410,errors:23
rt:28.8,through:13.2,tt:0.39,num_interact:198,Intrvl:15,num_users:463,errors:0
rt:26.23,through:13.47,tt:0.38,num_interact:202,Intrvl:15,num_users:417,errors:16
rt:29.81,through:12.93,tt:0.37,num_interact:194,Intrvl:15,num_users:447,errors:5
rt:29.01,through:16.53,tt:0.35,num_interact:248,Intrvl:15,num_users:455,errors:5
rt:29.41,through:16.8,tt:0.39,num_interact:252,Intrvl:15,num_users:521,errors:10
rt:30.82,through:15.07,tt:0.38,num_interact:226,Intrvl:15,num_users:484,errors:0
rt:29.95,through:16.47,tt:0.4,num_interact:247,Intrvl:15,num_users:521,errors:15
rt:31.09,through:12.8,tt:0.37,num_interact:192,Intrvl:15,num_users:438,errors:0
rt:27.73,through:16.47,tt:0.37,num_interact:247,Intrvl:15,num_users:433,errors:11
rt:29.2,through:14.73,tt:0.34,num_interact:221,Intrvl:15,num_users:452,errors:0
rt:27.85,through:16.73,tt:0.37,num_interact:251,Intrvl:15,num_users:496,errors:10
rt:28.35,through:15.4,tt:0.35,num_interact:231,Intrvl:15,num_users:507,errors:3
rt:30.56,through:14.8,tt:0.37,num_interact:222,Intrvl:15,num_users:458,errors:8
rt:26.54,through:14.87,tt:0.31,num_interact:223,Intrvl:15,num_users:421,errors:9
rt:27.9,through:15.53,tt:0.34,num_interact:233,Intrvl:15,num_users:424,errors:0
rt:25.99,through:15.67,tt:0.36,num_interact:235,Intrvl:15,num_users:431,errors:12
rt:28.16,through:15.73,tt:0.37,num_interact:236,Intrvl:15,num_users:417,errors:0
rt:26.54,through:16.8,tt:0.4,num_interact:252,Intrvl:15,num_users:468,errors:16
rt:27.36,through:15.6,tt:0.32,num_interact:234,Intrvl:15,num_users:470,errors:0
rt:25.73,through:17.47,tt:0.37,num_interact:262,Intrvl:15,num_users:508,errors:16
rt:32.19,through:15.2,tt:0.42,num_interact:228,Intrvl:15,num_users:486,errors:0
rt:27.07,through:16.87,tt:0.39,num_interact:253,Intrvl:15,num_users:473,errors:20
rt:30.37,through:14,tt:0.38,num_interact:210,Intrvl:15,num_users:490,errors:0
rt:29.7,through:16.33,tt:0.35,num_interact:245,Intrvl:15,num_users:442,errors:4
rt:28.04,through:14,tt:0.34,num_interact:210,Intrvl:15,num_users:424,errors:10
rt:29.44,through:15,tt:0.38,num_interact:225,Intrvl:15,num_users:482,errors:0
rt:28.23,through:16.47,tt:0.39,num_interact:247,Intrvl:15,num_users:461,errors:13
rt:28.17,through:15.4,tt:0.37,num_interact:231,Intrvl:15,num_users:490,errors:0
rt:27.64,through:18,tt:0.32,num_interact:270,Intrvl:15,num_users:505,errors:19
rt:32.13,through:13.73,tt:0.36,num_interact:206,Intrvl:15,num_users:482,errors:0
rt:28.32,through:17.53,tt:0.35,num_interact:264,Intrvl:15,num_users:508,errors:13
rt:31.42,through:14.53,tt:0.37,num_interact:218,Intrvl:15,num_users:515,errors:4
rt:30.4,through:15.6,tt:0.3,num_interact:234,Intrvl:15,num_users:482,errors:5
rt:31.51,through:15.07,tt:0.35,num_interact:226,Intrvl:15,num_users:444,errors:11
rt:28.86,through:15.13,tt:0.37,num_interact:227,Intrvl:15,num_users:433,errors:0
rt:27.75,through:14.67,tt:0.36,num_interact:220,Intrvl:15,num_users:403,errors:16
rt:25.91,through:14.73,tt:0.41,num_interact:221,Intrvl:15,num_users:463,errors:0
rt:25.86,through:17,tt:0.39,num_interact:255,Intrvl:15,num_users:444,errors:14
rt:28.69,through:14.47,tt:0.37,num_interact:217,Intrvl:15,num_users:454,errors:0
rt:26.01,through:17.4,tt:0.31,num_interact:261,Intrvl:15,num_users:452,errors:16
rt:31.8,through:13.13,tt:0.34,num_interact:197,Intrvl:15,num_users:402,errors:5
rt:24.4,through:16.6,tt:0.38,num_interact:249,Intrvl:15,num_users:500,errors:17
rt:30.31,through:13.8,tt:0.38,num_interact:207,Intrvl:15,num_users:479,errors:3
rt:28.53,through:16.27,tt:0.33,num_interact:244,Intrvl:15,num_users:491,errors:10
rt:28.82,through:15.8,tt:0.33,num_interact:237,Intrvl:15,num_users:483,errors:9
rt:30.31,through:16.07,tt:0.36,num_interact:241,Intrvl:15,num_users:519,errors:0
rt:29.51,through:16.4,tt:0.38,num_interact:246,Intrvl:15,num_users:514,errors:15
rt:33.28,through:16.2,tt:0.34,num_interact:243,Intrvl:15,num_users:518,errors:0
rt:28.66,through:17.93,tt:0.36,num_interact:269,Intrvl:15,num_users:543,errors:16
rt:33.14,through:13.13,tt:0.34,num_interact:197,Intrvl:15,num_users:487,errors:4
rt:30.92,through:15.53,tt:0.31,num_interact:233,Intrvl:15,num_users:476,errors:12
rt:33.92,through:13.4,tt:0.33,num_interact:201,Intrvl:15,num_users:413,errors:0
rt:28.57,through:15.87,tt:0.35,num_interact:238,Intrvl:15,num_users:483,errors:4
rt:28.59,through:14.4,tt:0.37,num_interact:216,Intrvl:15,num_users:480,errors:11
rt:28.16,through:15.4,tt:0.33,num_interact:231,Intrvl:15,num_users:435,errors:0
rt:25.32,through:14.33,tt:0.39,num_interact:215,Intrvl:15,num_users:482,errors:21
rt:31.86,through:16.13,tt:0.37,num_interact:242,Intrvl:15,num_users:521,errors:0
rt:29.97,through:14.73,tt:0.34,num_interact:221,Intrvl:15,num_users:444,errors:18
rt:32.65,through:14.6,tt:0.33,num_interact:219,Intrvl:15,num_users:510,errors:0
rt:27.83,through:14.27,tt:0.35,num_interact:214,Intrvl:15,num_users:447,errors:14
rt:32.33,through:14.73,tt:0.37,num_interact:221,Intrvl:15,num_users:459,errors:1
rt:27.5,through:13.93,tt:0.35,num_interact:209,Intrvl:15,num_users:442,errors:32
rt:30.48,through:14.73,tt:0.32,num_interact:221,Intrvl:15,num_users:392,errors:4
rt:16.38,through:26.93,tt:0.38,num_interact:404,Intrvl:15,num_users:535,errors:8
rt:23.42,through:22.8,tt:0.35,num_interact:344,Intrvl:15,num_users:482,errors:5
rt:17.49,through:25.27,tt:0.35,num_interact:379,Intrvl:15,num_users:490,errors:0
rt:20.46,through:23.87,tt:0.35,num_interact:358,Intrvl:15,num_users:501,errors:19
rt:19.83,through:25.2,tt:0.33,num_interact:378,Intrvl:15,num_users:522,errors:0
rt:20.88,through:25.53,tt:0.32,num_interact:383,Intrvl:15,num_users:505,errors:13
rt:17.93,through:25.93,tt:0.36,num_interact:390,Intrvl:15,num_users:455,errors:0
rt:16.6,through:25.53,tt:0.33,num_interact:383,Intrvl:15,num_users:452,errors:15
rt:16.69,through:25.07,tt:0.35,num_interact:376,Intrvl:15,num_users:522,errors:0
rt:18.88,through:25.6,tt:0.33,num_interact:384,Intrvl:15,num_users:472,errors:21
rt:20.2,through:20.07,tt:0.36,num_interact:301,Intrvl:15,num_users:442,errors:0
rt:18.78,through:24.07,tt:0.34,num_interact:361,Intrvl:15,num_users:552,errors:12
rt:21.32,through:23.2,tt:0.39,num_interact:348,Intrvl:15,num_users:538,errors:6
rt:21.82,through:23.07,tt:0.36,num_interact:346,Intrvl:15,num_users:465,errors:0
rt:18.58,through:24.4,tt:0.33,num_interact:366,Intrvl:15,num_users:470,errors:8
rt:19.05,through:23.47,tt:0.38,num_interact:352,Intrvl:15,num_users:483,errors:0
rt:18.73,through:25.13,tt:0.36,num_interact:377,Intrvl:15,num_users:456,errors:6
rt:17.98,through:22.07,tt:0.33,num_interact:331,Intrvl:15,num_users:434,errors:0
rt:17.36,through:25.2,tt:0.32,num_interact:378,Intrvl:15,num_users:469,errors:1
rt:18.42,through:24.27,tt:0.37,num_interact:364,Intrvl:15,num_users:487,errors:21
rt:18.77,through:24.67,tt:0.37,num_interact:370,Intrvl:15,num_users:477,errors:0
rt:18.26,through:24.07,tt:0.38,num_interact:361,Intrvl:15,num_users:414,errors:11
rt:18.49,through:21,tt:0.39,num_interact:315,Intrvl:15,num_users:500,errors:3
rt:19.32,through:24.2,tt:0.39,num_interact:363,Intrvl:15,num_users:475,errors:3
rt:19.74,through:25.2,tt:0.39,num_interact:378,Intrvl:15,num_users:524,errors:3
rt:20.17,through:23.6,tt:0.34,num_interact:354,Intrvl:15,num_users:480,errors:0
rt:18.29,through:25.27,tt:0.36,num_interact:379,Intrvl:15,num_users:479,errors:7
rt:18.26,through:19.93,tt:0.37,num_interact:299,Intrvl:15,num_users:409,errors:1
rt:19.64,through:18.4,tt:0.37,num_interact:276,Intrvl:15,num_users:490,errors:8
rt:20.56,through:24,tt:0.36,num_interact:360,Intrvl:15,num_users:468,errors:4
rt:19.38,through:24.8,tt:0.37,num_interact:372,Intrvl:15,num_users:477,errors:0
rt:19.07,through:25.2,tt:0.4,num_interact:378,Intrvl:15,num_users:543,errors:11
rt:22.58,through:20.53,tt:0.33,num_interact:308,Intrvl:15,num_users:455,errors:0
rt:16.28,through:24.07,tt:0.34,num_interact:361,Intrvl:15,num_users:423,errors:13
rt:18.48,through:22.4,tt:0.38,num_interact:336,Intrvl:15,num_users:455,errors:2
rt:18.68,through:24.8,tt:0.35,num_interact:372,Intrvl:15,num_users:503,errors:10
rt:19.28,through:23.33,tt:0.37,num_interact:350,Intrvl:15,num_users:477,errors:2
rt:18.41,through:25.53,tt:0.38,num_interact:383,Intrvl:15,num_users:536,errors:11
rt:22.02,through:22.27,tt:0.34,num_interact:334,Intrvl:15,num_users:494,errors:11
rt:19.21,through:24.2,tt:0.36,num_interact:363,Intrvl:15,num_users:496,errors:1
rt:21.25,through:22.87,tt:0.34,num_interact:343,Intrvl:15,num_users:526,errors:16
rt:20.6,through:28.87,tt:0.36,num_interact:434,Intrvl:15,num_users:591,errors:0
rt:22.33,through:22,tt:0.32,num_interact:330,Intrvl:15,num_users:482,errors:10
rt:21.45,through:22.67,tt:0.36,num_interact:340,Intrvl:15,num_users:521,errors:0
rt:19.24,through:23.33,tt:0.37,num_interact:350,Intrvl:15,num_users:514,errors:16
rt:20.76,through:24.07,tt:0.37,num_interact:361,Intrvl:15,num_users:539,errors:0
rt:24.16,through:19.33,tt:0.36,num_interact:290,Intrvl:15,num_users:501,errors:17
rt:20.98,through:27,tt:0.37,num_interact:405,Intrvl:15,num_users:490,errors:0
rt:17.13,through:24.27,tt:0.35,num_interact:364,Intrvl:15,num_users:431,errors:17
rt:17.35,through:22.13,tt:0.38,num_interact:334,Intrvl:15,num_users:479,errors:0
rt:18.42,through:24.2,tt:0.33,num_interact:363,Intrvl:15,num_users:508,errors:10
rt:20.87,through:26,tt:0.34,num_interact:390,Intrvl:15,num_users:567,errors:0
rt:20.38,through:24.2,tt:0.36,num_interact:363,Intrvl:15,num_users:504,errors:20
rt:21.26,through:22.93,tt:0.35,num_interact:344,Intrvl:15,num_users:508,errors:0
rt:19.61,through:24.13,tt:0.34,num_interact:362,Intrvl:15,num_users:536,errors:18
rt:22.63,through:24.4,tt:0.35,num_interact:366,Intrvl:15,num_users:539,errors:4
rt:20.98,through:24.8,tt:0.38,num_interact:372,Intrvl:15,num_users:577,errors:10
rt:20.43,through:31.13,tt:0.35,num_interact:467,Intrvl:15,num_users:584,errors:6
rt:18.51,through:30.8,tt:0.37,num_interact:462,Intrvl:15,num_users:613,errors:2
rt:18.84,through:24.47,tt:0.34,num_interact:369,Intrvl:15,num_users:459,errors:11
rt:16.17,through:26.93,tt:0.38,num_interact:404,Intrvl:15,num_users:652,errors:0
rt:17.63,through:30.2,tt:0.34,num_interact:453,Intrvl:15,num_users:574,errors:12
rt:16.65,through:31.13,tt:0.35,num_interact:470,Intrvl:15,num_users:546,errors:0
rt:18.15,through:33.2,tt:0.36,num_interact:502,Intrvl:15,num_users:591,errors:11
rt:18.68,through:30.8,tt:0.36,num_interact:514,Intrvl:15,num_users:545,errors:1
rt:16.05,through:32.47,tt:0.34,num_interact:487,Intrvl:15,num_users:536,errors:0
rt:17.58,through:34.2,tt:0.35,num_interact:523,Intrvl:15,num_users:525,errors:4
rt:16.08,through:37.27,tt:0.33,num_interact:559,Intrvl:15,num_users:592,errors:0
rt:16.64,through:32.27,tt:0.35,num_interact:484,Intrvl:15,num_users:539,errors:2
rt:14.73,through:34.27,tt:0.36,num_interact:514,Intrvl:15,num_users:498,errors:1
rt:14.75,through:46.6,tt:0.34,num_interact:699,Intrvl:15,num_users:532,errors:7
rt:16.26,through:42.53,tt:0.36,num_interact:638,Intrvl:15,num_users:578,errors:5
rt:15.4,through:34.73,tt:0.38,num_interact:540,Intrvl:15,num_users:466,errors:0
rt:14.61,through:36.33,tt:0.36,num_interact:545,Intrvl:15,num_users:528,errors:0
rt:17.35,through:42.6,tt:0.36,num_interact:639,Intrvl:15,num_users:668,errors:0
rt:18.67,through:31.67,tt:0.36,num_interact:475,Intrvl:15,num_users:594,errors:0
rt:19.44,through:31.73,tt:0.34,num_interact:476,Intrvl:15,num_users:581,errors:1
rt:17.61,through:31.13,tt:0.35,num_interact:507,Intrvl:15,num_users:672,errors:0
rt:23.09,through:25.8,tt:0.36,num_interact:387,Intrvl:15,num_users:658,errors:1
rt:23.68,through:29.6,tt:0.38,num_interact:444,Intrvl:15,num_users:615,errors:0
rt:19.76,through:30.13,tt:0.37,num_interact:453,Intrvl:15,num_users:592,errors:0
rt:19.56,through:34.6,tt:0.34,num_interact:519,Intrvl:15,num_users:531,errors:0
rt:15.68,through:33.53,tt:0.36,num_interact:503,Intrvl:15,num_users:522,errors:0
rt:16.4,through:32.33,tt:0.37,num_interact:583,Intrvl:15,num_users:585,errors:1
rt:137.01,through:150.2,tt:0.35,num_interact:2253,Intrvl:15,num_users:610,errors:4
rt:27.35,through:25.6,tt:0.33,num_interact:384,Intrvl:15,num_users:589,errors:0
rt:23.23,through:25.87,tt:0.34,num_interact:388,Intrvl:15,num_users:577,errors:0
rt:20.48,through:25.8,tt:0.33,num_interact:387,Intrvl:15,num_users:557,errors:0
rt:20.12,through:25.87,tt:0.38,num_interact:388,Intrvl:15,num_users:574,errors:0
rt:20.02,through:26.33,tt:0.35,num_interact:395,Intrvl:15,num_users:568,errors:0
rt:19.87,through:26.4,tt:0.35,num_interact:396,Intrvl:15,num_users:566,errors:0
rt:19.74,through:25.87,tt:0.35,num_interact:388,Intrvl:15,num_users:528,errors:0
rt:19.51,through:24.8,tt:0.38,num_interact:372,Intrvl:15,num_users:498,errors:0
rt:18.06,through:26.13,tt:0.35,num_interact:392,Intrvl:15,num_users:507,errors:0
rt:17.97,through:26.13,tt:0.34,num_interact:392,Intrvl:15,num_users:498,errors:0
rt:17.23,through:23.8,tt:0.37,num_interact:357,Intrvl:15,num_users:442,errors:0
rt:16.86,through:26.8,tt:0.38,num_interact:406,Intrvl:15,num_users:491,errors:0
rt:17.13,through:27.2,tt:0.36,num_interact:408,Intrvl:15,num_users:560,errors:0
rt:18.8,through:26.47,tt:0.38,num_interact:397,Intrvl:15,num_users:588,errors:0
rt:19.86,through:23.2,tt:0.34,num_interact:348,Intrvl:15,num_users:505,errors:0
rt:19.43,through:25.13,tt:0.38,num_interact:377,Intrvl:15,num_users:518,errors:0
rt:19.05,through:25.67,tt:0.34,num_interact:385,Intrvl:15,num_users:501,errors:0
rt:17.8,through:24.47,tt:0.35,num_interact:367,Intrvl:15,num_users:461,errors:0
rt:17.06,through:26.4,tt:0.36,num_interact:396,Intrvl:15,num_users:536,errors:0
rt:18.25,through:26.33,tt:0.33,num_interact:395,Intrvl:15,num_users:522,errors:0
rt:17.87,through:22.33,tt:0.39,num_interact:335,Intrvl:15,num_users:430,errors:0
rt:16.81,through:25.07,tt:0.37,num_interact:376,Intrvl:15,num_users:536,errors:0
rt:18.76,through:26.47,tt:0.37,num_interact:404,Intrvl:15,num_users:651,errors:0
rt:20.29,through:24.2,tt:0.36,num_interact:363,Intrvl:15,num_users:563,errors:0
rt:20.93,through:25.2,tt:0.36,num_interact:378,Intrvl:15,num_users:623,errors:0
rt:20.98,through:21.67,tt:0.39,num_interact:325,Intrvl:15,num_users:511,errors:0
rt:20.84,through:26.87,tt:0.37,num_interact:403,Intrvl:15,num_users:578,errors:0
rt:20.67,through:23.93,tt:0.36,num_interact:364,Intrvl:15,num_users:529,errors:0
rt:19.81,through:25.73,tt:0.35,num_interact:386,Intrvl:15,num_users:505,errors:0
rt:18.48,through:26.33,tt:0.36,num_interact:395,Intrvl:15,num_users:585,errors:0
rt:19.31,through:23.6,tt:0.35,num_interact:354,Intrvl:15,num_users:466,errors:0
rt:17.6,through:23.6,tt:0.37,num_interact:354,Intrvl:15,num_users:532,errors:0
rt:18.83,through:27.13,tt:0.36,num_interact:407,Intrvl:15,num_users:542,errors:0
rt:19.35,through:28.73,tt:0.37,num_interact:431,Intrvl:15,num_users:620,errors:0
rt:20.56,through:23.8,tt:0.36,num_interact:357,Intrvl:15,num_users:552,errors:0
rt:20.89,through:24.07,tt:0.35,num_interact:361,Intrvl:15,num_users:547,errors:0
rt:20.84,through:26.53,tt:0.35,num_interact:398,Intrvl:15,num_users:550,errors:0
rt:19.72,through:25.13,tt:0.35,num_interact:377,Intrvl:15,num_users:508,errors:0
rt:18.16,through:24.8,tt:0.36,num_interact:372,Intrvl:15,num_users:491,errors:0
rt:19.09,through:25.13,tt:0.36,num_interact:377,Intrvl:15,num_users:617,errors:0
rt:20.88,through:25.8,tt:0.35,num_interact:387,Intrvl:15,num_users:627,errors:0
rt:21.94,through:26.13,tt:0.39,num_interact:392,Intrvl:15,num_users:605,errors:0
rt:22.83,through:26.33,tt:0.35,num_interact:395,Intrvl:15,num_users:668,errors:0
rt:22.04,through:23.2,tt:0.34,num_interact:352,Intrvl:15,num_users:549,errors:0
rt:20.57,through:24.27,tt:0.35,num_interact:364,Intrvl:15,num_users:571,errors:0
rt:21.24,through:25.4,tt:0.36,num_interact:381,Intrvl:15,num_users:584,errors:0
rt:21.82,through:26.4,tt:0.34,num_interact:396,Intrvl:15,num_users:587,errors:0
rt:21.11,through:24,tt:0.35,num_interact:360,Intrvl:15,num_users:529,errors:0
rt:19.94,through:24.73,tt:0.34,num_interact:371,Intrvl:15,num_users:556,errors:0
rt:20.69,through:26.13,tt:0.36,num_interact:392,Intrvl:15,num_users:612,errors:0
rt:21.05,through:25.27,tt:0.35,num_interact:379,Intrvl:15,num_users:571,errors:0
rt:20.58,through:25.73,tt:0.36,num_interact:387,Intrvl:15,num_users:571,errors:0
rt:20.43,through:25.13,tt:0.34,num_interact:378,Intrvl:15,num_users:526,errors:0
rt:20.72,through:24.47,tt:0.34,num_interact:367,Intrvl:15,num_users:620,errors:2
rt:22.04,through:26.6,tt:0.37,num_interact:399,Intrvl:15,num_users:679,errors:0
rt:22.9,through:22.2,tt:0.35,num_interact:333,Intrvl:15,num_users:564,errors:16
rt:22.82,through:22.13,tt:0.37,num_interact:332,Intrvl:15,num_users:535,errors:0
rt:19.72,through:28.2,tt:0.33,num_interact:423,Intrvl:15,num_users:606,errors:0
rt:15.71,through:30.53,tt:0.36,num_interact:481,Intrvl:15,num_users:629,errors:0
rt:17.13,through:32.87,tt:0.37,num_interact:493,Intrvl:15,num_users:568,errors:0
rt:22.12,through:29.13,tt:0.35,num_interact:525,Intrvl:15,num_users:659,errors:1
rt:23.99,through:31.8,tt:0.37,num_interact:477,Intrvl:15,num_users:624,errors:0
rt:18.11,through:27.53,tt:0.35,num_interact:531,Intrvl:15,num_users:592,errors:0
rt:47.49,through:57.07,tt:0.36,num_interact:1281,Intrvl:15,num_users:616,errors:0
rt:121.72,through:33.2,tt:0.36,num_interact:498,Intrvl:15,num_users:612,errors:0
rt:29.26,through:27.87,tt:0.34,num_interact:418,Intrvl:15,num_users:608,errors:0
rt:21.99,through:32.93,tt:0.35,num_interact:494,Intrvl:15,num_users:617,errors:0
rt:15.49,through:19.67,tt:0.38,num_interact:295,Intrvl:15,num_users:599,errors:0
rt:29.15,through:1.8,tt:0.41,num_interact:27,Intrvl:15,num_users:498,errors:0
rt:65.93,through:9.07,tt:0.31,num_interact:136,Intrvl:15,num_users:564,errors:0
rt:342.52,through:82.93,tt:0.35,num_interact:1244,Intrvl:15,num_users:591,errors:58
rt:287.27,through:56.67,tt:0.35,num_interact:850,Intrvl:15,num_users:648,errors:42
rt:95.87,through:6.93,tt:0.31,num_interact:104,Intrvl:15,num_users:531,errors:53
rt:84.15,through:7.13,tt:0.32,num_interact:107,Intrvl:15,num_users:714,errors:0
rt:232.46,through:7.73,tt:0.35,num_interact:116,Intrvl:15,num_users:690,errors:4
rt:492.65,through:6.87,tt:0.31,num_interact:103,Intrvl:15,num_users:641,errors:0
rt:126.79,through:7.13,tt:0.37,num_interact:107,Intrvl:15,num_users:746,errors:3
rt:62.43,through:7.33,tt:0.36,num_interact:110,Intrvl:15,num_users:703,errors:0
rt:70.52,through:7.47,tt:0.38,num_interact:112,Intrvl:15,num_users:643,errors:6
rt:67.18,through:7.47,tt:0.36,num_interact:112,Intrvl:15,num_users:732,errors:0
rt:72.31,through:6.4,tt:0.33,num_interact:96,Intrvl:15,num_users:634,errors:13
rt:64.19,through:7.67,tt:0.36,num_interact:115,Intrvl:15,num_users:651,errors:0
rt:72.72,through:6.6,tt:0.32,num_interact:99,Intrvl:15,num_users:617,errors:5
rt:64.19,through:5.93,tt:0.3,num_interact:89,Intrvl:15,num_users:650,errors:0
rt:79.08,through:6.4,tt:0.34,num_interact:96,Intrvl:15,num_users:567,errors:18
rt:61.69,through:7.07,tt:0.35,num_interact:106,Intrvl:15,num_users:622,errors:15
rt:76.45,through:6.53,tt:0.36,num_interact:98,Intrvl:15,num_users:694,errors:18
rt:67.08,through:6.47,tt:0.34,num_interact:97,Intrvl:15,num_users:662,errors:0
rt:78.65,through:7.4,tt:0.3,num_interact:111,Intrvl:15,num_users:591,errors:10
rt:75.55,through:6.87,tt:0.36,num_interact:103,Intrvl:15,num_users:717,errors:1
rt:88.22,through:5.53,tt:0.38,num_interact:83,Intrvl:15,num_users:672,errors:27
rt:74.71,through:7.6,tt:0.34,num_interact:114,Intrvl:15,num_users:648,errors:0
rt:75.2,through:8,tt:0.34,num_interact:120,Intrvl:15,num_users:634,errors:12
rt:71.08,through:6.53,tt:0.35,num_interact:98,Intrvl:15,num_users:693,errors:5
rt:85.3,through:8.2,tt:0.31,num_interact:123,Intrvl:15,num_users:742,errors:13
rt:69.5,through:7,tt:0.33,num_interact:105,Intrvl:15,num_users:601,errors:3
rt:69.92,through:7.47,tt:0.33,num_interact:112,Intrvl:15,num_users:638,errors:8
rt:72.23,through:6.07,tt:0.35,num_interact:91,Intrvl:15,num_users:700,errors:11
rt:71.99,through:6.07,tt:0.35,num_interact:91,Intrvl:15,num_users:708,errors:1
rt:76.44,through:6.93,tt:0.36,num_interact:104,Intrvl:15,num_users:673,errors:13
rt:68.97,through:8.33,tt:0.34,num_interact:125,Intrvl:15,num_users:648,errors:0
rt:78.47,through:7,tt:0.36,num_interact:105,Intrvl:15,num_users:673,errors:25
rt:75.22,through:7.33,tt:0.47,num_interact:110,Intrvl:15,num_users:638,errors:0
rt:81.62,through:7.67,tt:0.4,num_interact:115,Intrvl:15,num_users:675,errors:22
rt:72.35,through:7.6,tt:0.33,num_interact:114,Intrvl:15,num_users:731,errors:0
rt:79.09,through:7.07,tt:0.31,num_interact:106,Intrvl:15,num_users:661,errors:17
rt:72.85,through:7.33,tt:0.38,num_interact:110,Intrvl:15,num_users:742,errors:5
rt:79.08,through:7.8,tt:0.36,num_interact:117,Intrvl:15,num_users:654,errors:13
rt:75.03,through:6.07,tt:0.3,num_interact:91,Intrvl:15,num_users:762,errors:10
rt:70.91,through:7.8,tt:0.28,num_interact:117,Intrvl:15,num_users:708,errors:2
rt:85.7,through:6.07,tt:0.4,num_interact:91,Intrvl:15,num_users:643,errors:13
rt:76.58,through:7.2,tt:0.32,num_interact:108,Intrvl:15,num_users:736,errors:2
rt:76.49,through:5.8,tt:0.3,num_interact:87,Intrvl:15,num_users:753,errors:18
rt:79.58,through:6.73,tt:0.34,num_interact:101,Intrvl:15,num_users:703,errors:2
rt:86.87,through:8.53,tt:0.35,num_interact:128,Intrvl:15,num_users:717,errors:12
rt:79.01,through:6.47,tt:0.34,num_interact:97,Intrvl:15,num_users:655,errors:7
rt:83.38,through:7.07,tt:0.37,num_interact:106,Intrvl:15,num_users:693,errors:18
rt:78.58,through:7.07,tt:0.34,num_interact:106,Intrvl:15,num_users:640,errors:2
rt:77.38,through:7.47,tt:0.38,num_interact:112,Intrvl:15,num_users:665,errors:17
rt:76.59,through:7,tt:0.33,num_interact:105,Intrvl:15,num_users:676,errors:7
rt:82.69,through:7.13,tt:0.31,num_interact:108,Intrvl:15,num_users:686,errors:13
rt:78.07,through:7.53,tt:0.39,num_interact:113,Intrvl:15,num_users:710,errors:17
rt:68.43,through:11.07,tt:0.38,num_interact:166,Intrvl:15,num_users:714,errors:3
rt:55.1,through:15.27,tt:0.3,num_interact:229,Intrvl:15,num_users:636,errors:18
rt:52.08,through:15.33,tt:0.32,num_interact:231,Intrvl:15,num_users:676,errors:3
rt:46.53,through:16.47,tt:0.37,num_interact:247,Intrvl:15,num_users:678,errors:5
rt:37,through:16.6,tt:0.34,num_interact:250,Intrvl:15,num_users:711,errors:3
rt:38.94,through:16.6,tt:0.35,num_interact:249,Intrvl:15,num_users:697,errors:4
rt:35.57,through:16.53,tt:0.4,num_interact:248,Intrvl:15,num_users:741,errors:1
rt:35.68,through:16.8,tt:0.37,num_interact:252,Intrvl:15,num_users:791,errors:13
rt:38.51,through:16.87,tt:0.36,num_interact:253,Intrvl:15,num_users:826,errors:3
rt:39.34,through:14.13,tt:0.35,num_interact:212,Intrvl:15,num_users:739,errors:17
rt:41.45,through:14.13,tt:0.33,num_interact:212,Intrvl:15,num_users:676,errors:1
rt:36.14,through:14.13,tt:0.33,num_interact:212,Intrvl:15,num_users:644,errors:11
rt:39.94,through:15.73,tt:0.36,num_interact:236,Intrvl:15,num_users:672,errors:1
rt:36.21,through:15.4,tt:0.35,num_interact:231,Intrvl:15,num_users:661,errors:9
rt:37.14,through:14.73,tt:0.36,num_interact:221,Intrvl:15,num_users:602,errors:3
rt:38.52,through:15.8,tt:0.37,num_interact:237,Intrvl:15,num_users:666,errors:8
rt:34.91,through:15.8,tt:0.34,num_interact:237,Intrvl:15,num_users:654,errors:3
rt:32.94,through:16.13,tt:0.33,num_interact:242,Intrvl:15,num_users:713,errors:11
rt:38.63,through:15.33,tt:0.36,num_interact:230,Intrvl:15,num_users:655,errors:7
rt:36.48,through:16,tt:0.38,num_interact:240,Intrvl:15,num_users:697,errors:6
rt:33.88,through:16.27,tt:0.35,num_interact:244,Intrvl:15,num_users:732,errors:3
rt:36.44,through:15,tt:0.37,num_interact:225,Intrvl:15,num_users:671,errors:16
rt:36.54,through:16.47,tt:0.32,num_interact:247,Intrvl:15,num_users:704,errors:3
rt:32.75,through:13.53,tt:0.32,num_interact:204,Intrvl:15,num_users:641,errors:14
rt:37.1,through:16.73,tt:0.32,num_interact:251,Intrvl:15,num_users:657,errors:2
rt:31.52,through:14.47,tt:0.39,num_interact:217,Intrvl:15,num_users:685,errors:12
rt:38.45,through:17.67,tt:0.37,num_interact:265,Intrvl:15,num_users:722,errors:0
rt:33.76,through:15.53,tt:0.33,num_interact:233,Intrvl:15,num_users:718,errors:20
rt:40.46,through:16.93,tt:0.35,num_interact:254,Intrvl:15,num_users:732,errors:0
rt:32.22,through:15.33,tt:0.38,num_interact:230,Intrvl:15,num_users:699,errors:29
rt:41.77,through:15.8,tt:0.38,num_interact:237,Intrvl:15,num_users:708,errors:3
rt:37.03,through:15.4,tt:0.34,num_interact:231,Intrvl:15,num_users:654,errors:28
rt:41.68,through:14.27,tt:0.38,num_interact:214,Intrvl:15,num_users:633,errors:5
rt:35.64,through:15.53,tt:0.35,num_interact:233,Intrvl:15,num_users:692,errors:18
rt:39.24,through:14.13,tt:0.34,num_interact:212,Intrvl:15,num_users:610,errors:8
rt:39.46,through:16.27,tt:0.32,num_interact:244,Intrvl:15,num_users:638,errors:17
rt:36.56,through:14.47,tt:0.38,num_interact:217,Intrvl:15,num_users:673,errors:5
rt:36.96,through:16.47,tt:0.39,num_interact:247,Intrvl:15,num_users:664,errors:2
rt:36.94,through:15.53,tt:0.35,num_interact:233,Intrvl:15,num_users:697,errors:11
rt:38.34,through:17.33,tt:0.37,num_interact:260,Intrvl:15,num_users:694,errors:2
rt:35.22,through:16.2,tt:0.34,num_interact:243,Intrvl:15,num_users:774,errors:15
rt:40.25,through:14.4,tt:0.36,num_interact:216,Intrvl:15,num_users:685,errors:2
rt:36.53,through:14.87,tt:0.37,num_interact:223,Intrvl:15,num_users:692,errors:36
rt:41.94,through:14.6,tt:0.38,num_interact:219,Intrvl:15,num_users:647,errors:1
rt:34.93,through:15.13,tt:0.38,num_interact:227,Intrvl:15,num_users:658,errors:21
rt:42.07,through:16,tt:0.36,num_interact:240,Intrvl:15,num_users:673,errors:0
rt:33.66,through:14.47,tt:0.33,num_interact:218,Intrvl:15,num_users:594,errors:25
rt:41.95,through:13.93,tt:0.36,num_interact:209,Intrvl:15,num_users:641,errors:0
rt:37.95,through:14.73,tt:0.34,num_interact:221,Intrvl:15,num_users:584,errors:10
rt:37.16,through:15.47,tt:0.36,num_interact:232,Intrvl:15,num_users:629,errors:1
rt:32.08,through:15.67,tt:0.36,num_interact:235,Intrvl:15,num_users:679,errors:12
rt:33.82,through:15.6,tt:0.34,num_interact:234,Intrvl:15,num_users:578,errors:1
rt:32.59,through:14.93,tt:0.34,num_interact:224,Intrvl:15,num_users:595,errors:1
rt:31.26,through:15.4,tt:0.39,num_interact:231,Intrvl:15,num_users:606,errors:14
rt:33.88,through:16.07,tt:0.35,num_interact:241,Intrvl:15,num_users:720,errors:1
rt:32.34,through:16.33,tt:0.38,num_interact:245,Intrvl:15,num_users:704,errors:16
rt:36.43,through:15.73,tt:0.37,num_interact:236,Intrvl:15,num_users:690,errors:0
rt:32.73,through:15.47,tt:0.37,num_interact:232,Intrvl:15,num_users:655,errors:21
rt:37.57,through:15.13,tt:0.33,num_interact:227,Intrvl:15,num_users:613,errors:0
rt:33.28,through:15.73,tt:0.33,num_interact:236,Intrvl:15,num_users:708,errors:19
rt:35.18,through:15.2,tt:0.36,num_interact:228,Intrvl:15,num_users:715,errors:0
rt:37.83,through:15.27,tt:0.35,num_interact:229,Intrvl:15,num_users:651,errors:21
rt:34.02,through:14.93,tt:0.32,num_interact:224,Intrvl:15,num_users:661,errors:0
rt:33.85,through:17.07,tt:0.38,num_interact:256,Intrvl:15,num_users:701,errors:27
rt:37.14,through:14.27,tt:0.35,num_interact:214,Intrvl:15,num_users:686,errors:0
rt:39.52,through:17.2,tt:0.34,num_interact:264,Intrvl:15,num_users:704,errors:18
rt:35.52,through:13.8,tt:0.35,num_interact:207,Intrvl:15,num_users:669,errors:5
rt:40.79,through:15.47,tt:0.33,num_interact:232,Intrvl:15,num_users:631,errors:7
rt:35.73,through:15.27,tt:0.34,num_interact:229,Intrvl:15,num_users:671,errors:5
rt:36.4,through:16.87,tt:0.34,num_interact:253,Intrvl:15,num_users:720,errors:1
rt:35.5,through:15.13,tt:0.35,num_interact:227,Intrvl:15,num_users:680,errors:17
rt:36.85,through:16.27,tt:0.31,num_interact:244,Intrvl:15,num_users:708,errors:1
rt:34.19,through:14.53,tt:0.32,num_interact:218,Intrvl:15,num_users:631,errors:19
rt:40.87,through:15,tt:0.35,num_interact:225,Intrvl:15,num_users:700,errors:3
rt:38.05,through:14.27,tt:0.39,num_interact:214,Intrvl:15,num_users:613,errors:10
rt:38.48,through:15.4,tt:0.34,num_interact:231,Intrvl:15,num_users:676,errors:2
rt:32.16,through:15.67,tt:0.33,num_interact:236,Intrvl:15,num_users:679,errors:11
rt:33.69,through:15.6,tt:0.32,num_interact:234,Intrvl:15,num_users:676,errors:7
rt:36.18,through:16.4,tt:0.34,num_interact:246,Intrvl:15,num_users:739,errors:4
rt:36.49,through:16.4,tt:0.33,num_interact:246,Intrvl:15,num_users:710,errors:13
rt:37.2,through:16.47,tt:0.36,num_interact:247,Intrvl:15,num_users:735,errors:0
rt:38.25,through:13.07,tt:0.34,num_interact:196,Intrvl:15,num_users:609,errors:10
rt:38.61,through:14.73,tt:0.36,num_interact:221,Intrvl:15,num_users:710,errors:6
rt:35.2,through:14.87,tt:0.34,num_interact:223,Intrvl:15,num_users:699,errors:15
rt:39.11,through:16.67,tt:0.39,num_interact:250,Intrvl:15,num_users:687,errors:1
rt:34.5,through:16.4,tt:0.36,num_interact:246,Intrvl:15,num_users:755,errors:13
rt:39.65,through:16.67,tt:0.38,num_interact:250,Intrvl:15,num_users:806,errors:0
rt:35.49,through:16.6,tt:0.39,num_interact:249,Intrvl:15,num_users:797,errors:24
rt:37.45,through:14.73,tt:0.35,num_interact:221,Intrvl:15,num_users:770,errors:0
rt:37.79,through:14.47,tt:0.36,num_interact:217,Intrvl:15,num_users:659,errors:20
rt:40.68,through:13.13,tt:0.33,num_interact:197,Intrvl:15,num_users:640,errors:1
rt:38.64,through:15.47,tt:0.35,num_interact:232,Intrvl:15,num_users:749,errors:16
rt:39.96,through:12.27,tt:0.37,num_interact:184,Intrvl:15,num_users:575,errors:3
rt:37.29,through:15.47,tt:0.36,num_interact:232,Intrvl:15,num_users:792,errors:3
rt:33.71,through:12.6,tt:0.32,num_interact:189,Intrvl:15,num_users:699,errors:17
rt:40.87,through:16.33,tt:0.41,num_interact:245,Intrvl:15,num_users:728,errors:1
rt:36.35,through:13.8,tt:0.33,num_interact:210,Intrvl:15,num_users:717,errors:12
rt:38.49,through:16.6,tt:0.39,num_interact:249,Intrvl:15,num_users:669,errors:4
rt:35.68,through:15.47,tt:0.39,num_interact:232,Intrvl:15,num_users:699,errors:18
rt:41.02,through:13.53,tt:0.35,num_interact:203,Intrvl:15,num_users:643,errors:0
rt:36.63,through:17.33,tt:0.38,num_interact:260,Intrvl:15,num_users:685,errors:27
rt:40.85,through:13.27,tt:0.33,num_interact:199,Intrvl:15,num_users:630,errors:2
rt:39.46,through:17.2,tt:0.38,num_interact:258,Intrvl:15,num_users:734,errors:18
rt:37.21,through:13.33,tt:0.35,num_interact:200,Intrvl:15,num_users:692,errors:2
rt:38.1,through:16.13,tt:0.41,num_interact:242,Intrvl:15,num_users:724,errors:13
rt:36.3,through:13.67,tt:0.37,num_interact:206,Intrvl:15,num_users:651,errors:1
rt:37.21,through:16.2,tt:0.37,num_interact:243,Intrvl:15,num_users:662,errors:3
rt:35.66,through:14.73,tt:0.39,num_interact:221,Intrvl:15,num_users:627,errors:12
rt:38.15,through:15.4,tt:0.36,num_interact:231,Intrvl:15,num_users:610,errors:0
rt:32.05,through:17.07,tt:0.3,num_interact:256,Intrvl:15,num_users:673,errors:19
rt:39.71,through:14.2,tt:0.39,num_interact:213,Intrvl:15,num_users:661,errors:0
rt:32.22,through:18.07,tt:0.36,num_interact:271,Intrvl:15,num_users:714,errors:15
rt:39.2,through:14.07,tt:0.34,num_interact:211,Intrvl:15,num_users:651,errors:0
rt:37.17,through:15.4,tt:0.36,num_interact:231,Intrvl:15,num_users:616,errors:15
rt:34.64,through:13.2,tt:0.39,num_interact:198,Intrvl:15,num_users:687,errors:1
rt:34.69,through:16.13,tt:0.36,num_interact:242,Intrvl:15,num_users:693,errors:17
rt:35.69,through:14.6,tt:0.33,num_interact:219,Intrvl:15,num_users:652,errors:7
rt:37.62,through:15.87,tt:0.37,num_interact:238,Intrvl:15,num_users:736,errors:2
rt:40.58,through:14.13,tt:0.35,num_interact:212,Intrvl:15,num_users:648,errors:11
rt:38.54,through:15.6,tt:0.37,num_interact:234,Intrvl:15,num_users:671,errors:0
rt:34.01,through:17.07,tt:0.35,num_interact:256,Intrvl:15,num_users:745,errors:14
rt:38.7,through:13.13,tt:0.33,num_interact:197,Intrvl:15,num_users:699,errors:0
rt:35.64,through:16.87,tt:0.38,num_interact:253,Intrvl:15,num_users:689,errors:9
rt:34.84,through:15.27,tt:0.39,num_interact:229,Intrvl:15,num_users:697,errors:4
rt:38.83,through:16.2,tt:0.32,num_interact:244,Intrvl:15,num_users:683,errors:14
rt:36.43,through:15.93,tt:0.34,num_interact:239,Intrvl:15,num_users:710,errors:1
rt:39.84,through:15,tt:0.34,num_interact:225,Intrvl:15,num_users:675,errors:6
rt:37.43,through:15.73,tt:0.36,num_interact:236,Intrvl:15,num_users:672,errors:21
rt:38.65,through:15.13,tt:0.38,num_interact:227,Intrvl:15,num_users:671,errors:0
rt:34.4,through:14.93,tt:0.34,num_interact:224,Intrvl:15,num_users:640,errors:19
rt:43.06,through:13.33,tt:0.37,num_interact:200,Intrvl:15,num_users:567,errors:4
rt:33.8,through:16.93,tt:0.33,num_interact:254,Intrvl:15,num_users:592,errors:16
rt:35.36,through:14.07,tt:0.38,num_interact:213,Intrvl:15,num_users:598,errors:2
rt:33.4,through:15.87,tt:0.34,num_interact:238,Intrvl:15,num_users:546,errors:13
rt:33.81,through:14.93,tt:0.36,num_interact:224,Intrvl:15,num_users:648,errors:0
rt:31.82,through:15.8,tt:0.35,num_interact:237,Intrvl:15,num_users:707,errors:14
rt:33.47,through:12.4,tt:0.37,num_interact:186,Intrvl:15,num_users:599,errors:14
rt:36.04,through:15.2,tt:0.36,num_interact:228,Intrvl:15,num_users:664,errors:0
rt:30.62,through:15.13,tt:0.34,num_interact:227,Intrvl:15,num_users:721,errors:23
rt:39.5,through:15.47,tt:0.37,num_interact:232,Intrvl:15,num_users:774,errors:0
rt:37.44,through:14.53,tt:0.31,num_interact:218,Intrvl:15,num_users:634,errors:15
rt:42.09,through:12,tt:0.4,num_interact:180,Intrvl:15,num_users:596,errors:0
rt:31.93,through:15.8,tt:0.35,num_interact:237,Intrvl:15,num_users:683,errors:20
rt:35.89,through:13.47,tt:0.38,num_interact:202,Intrvl:15,num_users:627,errors:1
rt:37.88,through:14.67,tt:0.34,num_interact:220,Intrvl:15,num_users:599,errors:14
rt:34.32,through:15.2,tt:0.32,num_interact:228,Intrvl:15,num_users:651,errors:5
rt:35.57,through:15.8,tt:0.34,num_interact:237,Intrvl:15,num_users:655,errors:4
rt:32.64,through:15.67,tt:0.33,num_interact:235,Intrvl:15,num_users:648,errors:20
rt:42.34,through:14.6,tt:0.34,num_interact:219,Intrvl:15,num_users:606,errors:1
rt:30.19,through:15.73,tt:0.35,num_interact:236,Intrvl:15,num_users:633,errors:20
rt:38.15,through:15.27,tt:0.37,num_interact:229,Intrvl:15,num_users:640,errors:1
rt:33.6,through:17.67,tt:0.35,num_interact:265,Intrvl:15,num_users:623,errors:12
rt:35.01,through:14.67,tt:0.36,num_interact:220,Intrvl:15,num_users:622,errors:8
rt:35.1,through:16.07,tt:0.35,num_interact:241,Intrvl:15,num_users:624,errors:2
rt:32.74,through:15.33,tt:0.36,num_interact:230,Intrvl:15,num_users:603,errors:16
rt:35.95,through:16.07,tt:0.32,num_interact:241,Intrvl:15,num_users:623,errors:0
rt:30.97,through:16.73,tt:0.36,num_interact:251,Intrvl:15,num_users:647,errors:12
rt:35.49,through:14.6,tt:0.34,num_interact:219,Intrvl:15,num_users:587,errors:2
rt:33.37,through:16.2,tt:0.35,num_interact:243,Intrvl:15,num_users:574,errors:19
rt:33.16,through:13.67,tt:0.37,num_interact:205,Intrvl:15,num_users:543,errors:0
rt:28.17,through:15.93,tt:0.34,num_interact:239,Intrvl:15,num_users:644,errors:15
rt:38.51,through:11.73,tt:0.35,num_interact:176,Intrvl:15,num_users:566,errors:1
rt:30.54,through:17.07,tt:0.35,num_interact:256,Intrvl:15,num_users:554,errors:18
rt:31.65,through:14.2,tt:0.29,num_interact:213,Intrvl:15,num_users:598,errors:3
rt:35.43,through:14.27,tt:0.33,num_interact:214,Intrvl:15,num_users:543,errors:3
rt:30.43,through:15.73,tt:0.36,num_interact:236,Intrvl:15,num_users:595,errors:7
rt:32.83,through:15.2,tt:0.35,num_interact:228,Intrvl:15,num_users:556,errors:0
rt:29.77,through:16.13,tt:0.34,num_interact:242,Intrvl:15,num_users:542,errors:11
rt:31.31,through:14.4,tt:0.37,num_interact:216,Intrvl:15,num_users:545,errors:0
rt:26.96,through:16.4,tt:0.34,num_interact:246,Intrvl:15,num_users:542,errors:15
rt:31.26,through:15.93,tt:0.36,num_interact:239,Intrvl:15,num_users:622,errors:1
rt:29.53,through:15.93,tt:0.34,num_interact:240,Intrvl:15,num_users:591,errors:13
rt:30.73,through:15.53,tt:0.39,num_interact:233,Intrvl:15,num_users:580,errors:1
rt:29.42,through:15.47,tt:0.35,num_interact:232,Intrvl:15,num_users:661,errors:18
rt:30.65,through:15.53,tt:0.34,num_interact:233,Intrvl:15,num_users:652,errors:3
rt:35.55,through:15.07,tt:0.39,num_interact:226,Intrvl:15,num_users:599,errors:6
rt:30.45,through:15.4,tt:0.38,num_interact:231,Intrvl:15,num_users:630,errors:13
rt:36.57,through:15.53,tt:0.36,num_interact:233,Intrvl:15,num_users:783,errors:0
rt:35.47,through:14.6,tt:0.36,num_interact:219,Intrvl:15,num_users:636,errors:18
rt:38.8,through:15.53,tt:0.35,num_interact:233,Intrvl:15,num_users:707,errors:0
rt:32.68,through:14.27,tt:0.34,num_interact:214,Intrvl:15,num_users:657,errors:18
rt:39.23,through:14.27,tt:0.32,num_interact:214,Intrvl:15,num_users:687,errors:1
rt:36.38,through:15.33,tt:0.4,num_interact:230,Intrvl:15,num_users:605,errors:15
rt:32.52,through:13.47,tt:0.37,num_interact:202,Intrvl:15,num_users:592,errors:1
rt:32.56,through:16.27,tt:0.37,num_interact:244,Intrvl:15,num_users:595,errors:23
rt:33.82,through:14.4,tt:0.36,num_interact:216,Intrvl:15,num_users:626,errors:6
rt:33.96,through:16.8,tt:0.37,num_interact:252,Intrvl:15,num_users:643,errors:9
rt:33.35,through:16.13,tt:0.35,num_interact:242,Intrvl:15,num_users:627,errors:10
rt:34.85,through:16.13,tt:0.38,num_interact:242,Intrvl:15,num_users:627,errors:0
rt:34.06,through:14.73,tt:0.37,num_interact:221,Intrvl:15,num_users:567,errors:12
rt:32.39,through:15.47,tt:0.33,num_interact:232,Intrvl:15,num_users:589,errors:0
rt:30.44,through:16.93,tt:0.37,num_interact:254,Intrvl:15,num_users:626,errors:21
rt:35.3,through:14.93,tt:0.35,num_interact:224,Intrvl:15,num_users:606,errors:0
rt:32.59,through:16.13,tt:0.34,num_interact:242,Intrvl:15,num_users:571,errors:16
rt:31.51,through:13.87,tt:0.36,num_interact:208,Intrvl:15,num_users:568,errors:0
rt:31.62,through:17.07,tt:0.35,num_interact:256,Intrvl:15,num_users:568,errors:14
rt:29.73,through:16.13,tt:0.35,num_interact:242,Intrvl:15,num_users:582,errors:6
rt:31.08,through:17,tt:0.35,num_interact:255,Intrvl:15,num_users:584,errors:1
rt:31.88,through:14.4,tt:0.4,num_interact:216,Intrvl:15,num_users:505,errors:13
rt:31.74,through:14.8,tt:0.37,num_interact:222,Intrvl:15,num_users:592,errors:0
rt:26.76,through:16.4,tt:0.36,num_interact:246,Intrvl:15,num_users:662,errors:14
rt:35.12,through:14.33,tt:0.35,num_interact:215,Intrvl:15,num_users:581,errors:0
rt:30.18,through:16.2,tt:0.35,num_interact:243,Intrvl:15,num_users:711,errors:15
rt:35.84,through:14.87,tt:0.4,num_interact:223,Intrvl:15,num_users:750,errors:2
rt:35.42,through:15.87,tt:0.37,num_interact:239,Intrvl:15,num_users:704,errors:8
rt:34.24,through:14.2,tt:0.36,num_interact:213,Intrvl:15,num_users:638,errors:0
rt:35.99,through:14.73,tt:0.35,num_interact:221,Intrvl:15,num_users:627,errors:14
rt:33.77,through:14.73,tt:0.33,num_interact:221,Intrvl:15,num_users:608,errors:1
rt:36.31,through:16.47,tt:0.36,num_interact:247,Intrvl:15,num_users:631,errors:15
rt:33.4,through:15.53,tt:0.36,num_interact:233,Intrvl:15,num_users:666,errors:5
rt:37.5,through:13.47,tt:0.35,num_interact:202,Intrvl:15,num_users:557,errors:0
rt:30.91,through:15.73,tt:0.37,num_interact:236,Intrvl:15,num_users:668,errors:19
rt:35.25,through:13.07,tt:0.37,num_interact:196,Intrvl:15,num_users:633,errors:0
rt:32.06,through:16.67,tt:0.44,num_interact:250,Intrvl:15,num_users:609,errors:16
rt:34.2,through:14.67,tt:0.37,num_interact:220,Intrvl:15,num_users:638,errors:0
rt:34.71,through:15.67,tt:0.33,num_interact:235,Intrvl:15,num_users:595,errors:16
rt:34.88,through:15.47,tt:0.36,num_interact:232,Intrvl:15,num_users:592,errors:3
rt:32.92,through:16,tt:0.37,num_interact:240,Intrvl:15,num_users:633,errors:6
rt:34.99,through:15.13,tt:0.35,num_interact:227,Intrvl:15,num_users:617,errors:8
rt:32.84,through:17,tt:0.36,num_interact:255,Intrvl:15,num_users:624,errors:0
rt:28.7,through:14.8,tt:0.38,num_interact:222,Intrvl:15,num_users:599,errors:14
rt:33.48,through:15.67,tt:0.36,num_interact:235,Intrvl:15,num_users:557,errors:3
rt:31.08,through:15.53,tt:0.35,num_interact:233,Intrvl:15,num_users:605,errors:12
rt:32.72,through:16,tt:0.36,num_interact:240,Intrvl:15,num_users:666,errors:2
rt:32.16,through:16.13,tt:0.4,num_interact:242,Intrvl:15,num_users:658,errors:19
rt:38.19,through:14.33,tt:0.33,num_interact:215,Intrvl:15,num_users:601,errors:1
rt:31.17,through:16.2,tt:0.36,num_interact:243,Intrvl:15,num_users:608,errors:21
rt:35.26,through:16.07,tt:0.29,num_interact:241,Intrvl:15,num_users:605,errors:1
rt:31.1,through:15.6,tt:0.38,num_interact:234,Intrvl:15,num_users:557,errors:16
rt:33.04,through:14.67,tt:0.35,num_interact:220,Intrvl:15,num_users:665,errors:1
rt:33.16,through:16.33,tt:0.38,num_interact:245,Intrvl:15,num_users:644,errors:18
rt:33.46,through:13.73,tt:0.3,num_interact:206,Intrvl:15,num_users:585,errors:3
rt:31.07,through:14.07,tt:0.34,num_interact:211,Intrvl:15,num_users:540,errors:14
rt:28.74,through:14.93,tt:0.35,num_interact:224,Intrvl:15,num_users:638,errors:11
rt:35.29,through:16.13,tt:0.36,num_interact:242,Intrvl:15,num_users:659,errors:0
rt:34.38,through:12,tt:0.36,num_interact:180,Intrvl:15,num_users:531,errors:16
rt:36.07,through:15.47,tt:0.35,num_interact:232,Intrvl:15,num_users:640,errors:0
rt:30.31,through:13.2,tt:0.35,num_interact:198,Intrvl:15,num_users:570,errors:18
rt:34.15,through:15.2,tt:0.36,num_interact:228,Intrvl:15,num_users:566,errors:0
rt:29.65,through:15.67,tt:0.33,num_interact:235,Intrvl:15,num_users:627,errors:17
rt:36.39,through:15,tt:0.37,num_interact:225,Intrvl:15,num_users:602,errors:0
rt:31.26,through:17,tt:0.36,num_interact:255,Intrvl:15,num_users:547,errors:18
rt:31.55,through:13.67,tt:0.35,num_interact:205,Intrvl:15,num_users:634,errors:2
rt:33.07,through:15.53,tt:0.37,num_interact:233,Intrvl:15,num_users:645,errors:2
rt:31.39,through:15.93,tt:0.35,num_interact:239,Intrvl:15,num_users:687,errors:5
rt:37.9,through:15.27,tt:0.38,num_interact:229,Intrvl:15,num_users:636,errors:0
rt:33.67,through:16.2,tt:0.38,num_interact:243,Intrvl:15,num_users:652,errors:17
rt:36.15,through:14.53,tt:0.37,num_interact:218,Intrvl:15,num_users:634,errors:0
rt:31.46,through:15.67,tt:0.41,num_interact:235,Intrvl:15,num_users:641,errors:18
rt:36.69,through:16.33,tt:0.36,num_interact:245,Intrvl:15,num_users:644,errors:0
rt:31.24,through:16.67,tt:0.34,num_interact:250,Intrvl:15,num_users:725,errors:27
rt:39.05,through:14.27,tt:0.33,num_interact:214,Intrvl:15,num_users:676,errors:2
rt:36.78,through:16,tt:0.38,num_interact:240,Intrvl:15,num_users:623,errors:13
rt:36.83,through:13.73,tt:0.34,num_interact:206,Intrvl:15,num_users:692,errors:3
rt:36.49,through:15.93,tt:0.35,num_interact:240,Intrvl:15,num_users:771,errors:14
rt:36.38,through:14.4,tt:0.35,num_interact:216,Intrvl:15,num_users:720,errors:4
rt:40.74,through:15.87,tt:0.34,num_interact:238,Intrvl:15,num_users:665,errors:1
rt:33.03,through:13,tt:0.34,num_interact:195,Intrvl:15,num_users:612,errors:23
rt:39.99,through:15.4,tt:0.35,num_interact:231,Intrvl:15,num_users:612,errors:0
rt:35.7,through:15.67,tt:0.33,num_interact:235,Intrvl:15,num_users:650,errors:12
rt:37.84,through:16.53,tt:0.34,num_interact:248,Intrvl:15,num_users:680,errors:0
rt:34.12,through:16.67,tt:0.34,num_interact:250,Intrvl:15,num_users:750,errors:11
rt:38.05,through:14.4,tt:0.36,num_interact:216,Intrvl:15,num_users:668,errors:3
rt:33.32,through:15.07,tt:0.36,num_interact:226,Intrvl:15,num_users:589,errors:29
rt:36,through:13.2,tt:0.35,num_interact:198,Intrvl:15,num_users:657,errors:0
rt:34.98,through:14.13,tt:0.28,num_interact:212,Intrvl:15,num_users:566,errors:13
rt:34.63,through:14.6,tt:0.34,num_interact:219,Intrvl:15,num_users:616,errors:2
rt:35.43,through:16.2,tt:0.37,num_interact:243,Intrvl:15,num_users:675,errors:15
rt:33.08,through:13.93,tt:0.35,num_interact:209,Intrvl:15,num_users:643,errors:9
rt:40.66,through:14.33,tt:0.35,num_interact:215,Intrvl:15,num_users:567,errors:0
rt:31.05,through:14.73,tt:0.36,num_interact:221,Intrvl:15,num_users:568,errors:14
rt:34.49,through:16.2,tt:0.37,num_interact:243,Intrvl:15,num_users:707,errors:0
rt:32.21,through:17.13,tt:0.38,num_interact:257,Intrvl:15,num_users:725,errors:17
rt:37.86,through:14.07,tt:0.33,num_interact:211,Intrvl:15,num_users:627,errors:1
rt:32.42,through:14.4,tt:0.43,num_interact:216,Intrvl:15,num_users:609,errors:20
rt:37.32,through:14.33,tt:0.34,num_interact:215,Intrvl:15,num_users:634,errors:0
rt:36.93,through:13.67,tt:0.32,num_interact:205,Intrvl:15,num_users:543,errors:9
rt:31.44,through:15.07,tt:0.32,num_interact:226,Intrvl:15,num_users:622,errors:0
rt:34.11,through:15.33,tt:0.38,num_interact:230,Intrvl:15,num_users:617,errors:10
rt:33.1,through:14.67,tt:0.37,num_interact:220,Intrvl:15,num_users:570,errors:8
rt:31.62,through:15.47,tt:0.39,num_interact:232,Intrvl:15,num_users:589,errors:1
rt:32.31,through:15.67,tt:0.37,num_interact:235,Intrvl:15,num_users:624,errors:19
rt:35.9,through:16.13,tt:0.32,num_interact:242,Intrvl:15,num_users:584,errors:0
rt:30.18,through:16.13,tt:0.32,num_interact:242,Intrvl:15,num_users:596,errors:18
rt:34.35,through:13,tt:0.33,num_interact:195,Intrvl:15,num_users:526,errors:1
rt:30.28,through:16.73,tt:0.36,num_interact:251,Intrvl:15,num_users:619,errors:13
rt:33.93,through:13.8,tt:0.38,num_interact:207,Intrvl:15,num_users:666,errors:0
rt:33,through:15.87,tt:0.33,num_interact:241,Intrvl:15,num_users:606,errors:12
rt:32.8,through:15.13,tt:0.34,num_interact:227,Intrvl:15,num_users:701,errors:2
rt:34.63,through:13.93,tt:0.37,num_interact:209,Intrvl:15,num_users:644,errors:12
rt:33.72,through:14.2,tt:0.34,num_interact:213,Intrvl:15,num_users:592,errors:4
rt:34.3,through:15.33,tt:0.33,num_interact:230,Intrvl:15,num_users:591,errors:2
rt:32.75,through:15.4,tt:0.36,num_interact:231,Intrvl:15,num_users:630,errors:14
rt:33.45,through:15.87,tt:0.36,num_interact:238,Intrvl:15,num_users:658,errors:0
rt:30.9,through:16.13,tt:0.36,num_interact:242,Intrvl:15,num_users:645,errors:23
rt:36.66,through:13.33,tt:0.32,num_interact:200,Intrvl:15,num_users:571,errors:0
rt:32.2,through:14.07,tt:0.33,num_interact:211,Intrvl:15,num_users:588,errors:13
rt:34.97,through:14.4,tt:0.38,num_interact:216,Intrvl:15,num_users:651,errors:1
rt:33.81,through:16.73,tt:0.34,num_interact:251,Intrvl:15,num_users:655,errors:20
rt:37.86,through:14.67,tt:0.35,num_interact:220,Intrvl:15,num_users:641,errors:2
rt:33.52,through:15.87,tt:0.32,num_interact:238,Intrvl:15,num_users:666,errors:6
rt:32.86,through:16.6,tt:0.36,num_interact:249,Intrvl:15,num_users:692,errors:18
rt:37.53,through:14.33,tt:0.36,num_interact:215,Intrvl:15,num_users:609,errors:0
rt:33.24,through:16,tt:0.37,num_interact:240,Intrvl:15,num_users:608,errors:12
rt:32.17,through:15.13,tt:0.32,num_interact:227,Intrvl:15,num_users:715,errors:2
rt:37.7,through:13.27,tt:0.32,num_interact:199,Intrvl:15,num_users:601,errors:24
rt:38.71,through:15.33,tt:0.36,num_interact:230,Intrvl:15,num_users:626,errors:2
rt:32.89,through:16.33,tt:0.38,num_interact:245,Intrvl:15,num_users:644,errors:23
rt:39.06,through:14.53,tt:0.37,num_interact:218,Intrvl:15,num_users:624,errors:0
rt:38.38,through:9.73,tt:0.33,num_interact:146,Intrvl:15,num_users:400,errors:13
rt:27.45,through:12.6,tt:0.38,num_interact:189,Intrvl:15,num_users:482,errors:0
rt:30.12,through:11.53,tt:0.35,num_interact:173,Intrvl:15,num_users:398,errors:18
rt:27.44,through:14.93,tt:0.37,num_interact:224,Intrvl:15,num_users:449,errors:1
rt:23.33,through:14.47,tt:0.34,num_interact:217,Intrvl:15,num_users:444,errors:6
rt:24.78,through:14.4,tt:0.33,num_interact:216,Intrvl:15,num_users:403,errors:10
rt:22.8,through:15.93,tt:0.38,num_interact:239,Intrvl:15,num_users:486,errors:0
rt:24.71,through:14.6,tt:0.37,num_interact:219,Intrvl:15,num_users:461,errors:24
rt:22.42,through:15.53,tt:0.36,num_interact:233,Intrvl:15,num_users:447,errors:0
rt:24.82,through:16.07,tt:0.39,num_interact:241,Intrvl:15,num_users:529,errors:15
rt:27.78,through:15.07,tt:0.33,num_interact:226,Intrvl:15,num_users:480,errors:0
rt:24.38,through:15.53,tt:0.38,num_interact:233,Intrvl:15,num_users:440,errors:12
rt:25.09,through:13.33,tt:0.31,num_interact:200,Intrvl:15,num_users:423,errors:0
rt:22.37,through:16.67,tt:0.37,num_interact:250,Intrvl:15,num_users:433,errors:13
rt:22.8,through:16.13,tt:0.34,num_interact:242,Intrvl:15,num_users:463,errors:1
rt:23.25,through:16.8,tt:0.34,num_interact:252,Intrvl:15,num_users:475,errors:8
rt:26.78,through:13.87,tt:0.34,num_interact:208,Intrvl:15,num_users:409,errors:10
rt:21.48,through:14.87,tt:0.38,num_interact:223,Intrvl:15,num_users:479,errors:2
rt:26.2,through:14.8,tt:0.37,num_interact:222,Intrvl:15,num_users:441,errors:12
rt:21.09,through:15.73,tt:0.37,num_interact:236,Intrvl:15,num_users:452,errors:0
rt:25.77,through:15.07,tt:0.39,num_interact:226,Intrvl:15,num_users:458,errors:17
rt:21.03,through:16.6,tt:0.34,num_interact:249,Intrvl:15,num_users:437,errors:0
rt:22.57,through:15,tt:0.3,num_interact:225,Intrvl:15,num_users:402,errors:22
rt:21.51,through:14.4,tt:0.37,num_interact:216,Intrvl:15,num_users:417,errors:0
rt:22.72,through:17.33,tt:0.37,num_interact:260,Intrvl:15,num_users:468,errors:19
rt:25.51,through:15.27,tt:0.31,num_interact:229,Intrvl:15,num_users:489,errors:0
rt:23.02,through:17.53,tt:0.36,num_interact:263,Intrvl:15,num_users:469,errors:18
rt:25.69,through:13.27,tt:0.34,num_interact:199,Intrvl:15,num_users:413,errors:2
rt:21.04,through:15.47,tt:0.34,num_interact:232,Intrvl:15,num_users:410,errors:0
rt:22.89,through:15.27,tt:0.34,num_interact:229,Intrvl:15,num_users:487,errors:10
rt:24.79,through:15.87,tt:0.35,num_interact:238,Intrvl:15,num_users:419,errors:0
rt:23.45,through:14.6,tt:0.37,num_interact:219,Intrvl:15,num_users:458,errors:13
rt:22.64,through:16.07,tt:0.34,num_interact:241,Intrvl:15,num_users:459,errors:1
rt:24.19,through:17.07,tt:0.34,num_interact:256,Intrvl:15,num_users:532,errors:9
rt:30.95,through:13.2,tt:0.38,num_interact:198,Intrvl:15,num_users:424,errors:0
rt:22.04,through:15,tt:0.39,num_interact:225,Intrvl:15,num_users:451,errors:5
rt:24.11,through:13.33,tt:0.32,num_interact:200,Intrvl:15,num_users:426,errors:3
rt:22.95,through:17,tt:0.37,num_interact:255,Intrvl:15,num_users:554,errors:14
rt:31.28,through:13.27,tt:0.37,num_interact:199,Intrvl:15,num_users:479,errors:0
rt:23.02,through:14.93,tt:0.35,num_interact:224,Intrvl:15,num_users:465,errors:16
rt:26.31,through:14.93,tt:0.33,num_interact:224,Intrvl:15,num_users:529,errors:2
rt:27.19,through:16.8,tt:0.4,num_interact:252,Intrvl:15,num_users:563,errors:9
rt:30.33,through:13.2,tt:0.39,num_interact:198,Intrvl:15,num_users:468,errors:11
rt:27.1,through:13.87,tt:0.4,num_interact:208,Intrvl:15,num_users:550,errors:0
rt:30.23,through:13.4,tt:0.38,num_interact:201,Intrvl:15,num_users:473,errors:21
rt:27.85,through:14.8,tt:0.33,num_interact:222,Intrvl:15,num_users:444,errors:0
Terminating EBs...
EB TPCW Broswing Mix EB #15815commiting suicide!
EB TPCW Broswing Mix EB #497commiting suicide!
EB TPCW Broswing Mix EB #23commiting suicide!
EB TPCW Broswing Mix EB #210commiting suicide!
EB TPCW Broswing Mix EB #238commiting suicide!
EB TPCW Broswing Mix EB #490commiting suicide!
EB TPCW Broswing Mix EB #671commiting suicide!
EB TPCW Broswing Mix EB #55commiting suicide!
EB TPCW Broswing Mix EB #191commiting suicide!
EB TPCW Broswing Mix EB #171commiting suicide!
EB TPCW Broswing Mix EB #15592commiting suicide!
EB TPCW Broswing Mix EB #268commiting suicide!
EB TPCW Broswing Mix EB #15589commiting suicide!
EB TPCW Broswing Mix EB #100commiting suicide!
EB TPCW Broswing Mix EB #495commiting suicide!
EB TPCW Broswing Mix EB #70commiting suicide!
EB TPCW Broswing Mix EB #488commiting suicide!
EB TPCW Broswing Mix EB #1475commiting suicide!
EB TPCW Broswing Mix EB #149commiting suicide!
EB TPCW Broswing Mix EB #249commiting suicide!
EB TPCW Broswing Mix EB #1479commiting suicide!
EB TPCW Broswing Mix EB #15142commiting suicide!
EB TPCW Broswing Mix EB #310commiting suicide!
EB TPCW Broswing Mix EB #176commiting suicide!
EB TPCW Broswing Mix EB #263commiting suicide!
EB TPCW Broswing Mix EB #687commiting suicide!
EB TPCW Broswing Mix EB #260commiting suicide!
EB TPCW Broswing Mix EB #15504commiting suicide!
EB TPCW Broswing Mix EB #183commiting suicide!
EB TPCW Broswing Mix EB #108commiting suicide!
EB TPCW Broswing Mix EB #185commiting suicide!
EB TPCW Broswing Mix EB #107commiting suicide!
EB TPCW Broswing Mix EB #233commiting suicide!
EB TPCW Broswing Mix EB #15499commiting suicide!
EB TPCW Broswing Mix EB #181commiting suicide!
EB TPCW Broswing Mix EB #285commiting suicide!
EB TPCW Broswing Mix EB #97commiting suicide!
EB TPCW Broswing Mix EB #505commiting suicide!
EB TPCW Broswing Mix EB #24commiting suicide!
EB TPCW Broswing Mix EB #507commiting suicide!
EB TPCW Broswing Mix EB #76commiting suicide!
EB TPCW Broswing Mix EB #289commiting suicide!
EB TPCW Broswing Mix EB #11commiting suicide!
EB TPCW Broswing Mix EB #274commiting suicide!
EB TPCW Broswing Mix EB #278commiting suicide!
EB TPCW Broswing Mix EB #44commiting suicide!
EB TPCW Broswing Mix EB #49commiting suicide!
EB TPCW Broswing Mix EB #1646commiting suicide!
EB TPCW Broswing Mix EB #308commiting suicide!
EB TPCW Broswing Mix EB #91commiting suicide!
EB TPCW Broswing Mix EB #132commiting suicide!
EB TPCW Broswing Mix EB #15812commiting suicide!
EB TPCW Broswing Mix EB #81commiting suicide!
EB TPCW Broswing Mix EB #38commiting suicide!
EB TPCW Broswing Mix EB #277commiting suicide!
EB TPCW Broswing Mix EB #121commiting suicide!
EB TPCW Broswing Mix EB #30commiting suicide!
EB TPCW Broswing Mix EB #2998commiting suicide!
EB TPCW Broswing Mix EB #208commiting suicide!
EB TPCW Broswing Mix EB #261commiting suicide!
EB TPCW Broswing Mix EB #508commiting suicide!
EB TPCW Broswing Mix EB #153commiting suicide!
EB TPCW Broswing Mix EB #188commiting suicide!
EB TPCW Broswing Mix EB #156commiting suicide!
EB TPCW Broswing Mix EB #189commiting suicide!
EB TPCW Broswing Mix EB #86commiting suicide!
EB TPCW Broswing Mix EB #217commiting suicide!
EB TPCW Broswing Mix EB #72commiting suicide!
EB TPCW Broswing Mix EB #299commiting suicide!
EB TPCW Broswing Mix EB #199commiting suicide!
EB TPCW Broswing Mix EB #54commiting suicide!
EB TPCW Broswing Mix EB #154commiting suicide!
EB TPCW Broswing Mix EB #228commiting suicide!
EB TPCW Broswing Mix EB #1477commiting suicide!
EB TPCW Broswing Mix EB #15814commiting suicide!
EB TPCW Broswing Mix EB #29commiting suicide!
EB TPCW Broswing Mix EB #255commiting suicide!
EB TPCW Broswing Mix EB #180commiting suicide!
EB TPCW Broswing Mix EB #291commiting suicide!
EB TPCW Broswing Mix EB #139commiting suicide!
EB TPCW Broswing Mix EB #493commiting suicide!
EB TPCW Broswing Mix EB #177commiting suicide!
EB TPCW Broswing Mix EB #243commiting suicide!
EB TPCW Broswing Mix EB #120commiting suicide!
EB TPCW Broswing Mix EB #275commiting suicide!
EB TPCW Broswing Mix EB #207commiting suicide!
EB TPCW Broswing Mix EB #136commiting suicide!
EB TPCW Broswing Mix EB #125commiting suicide!
EB TPCW Broswing Mix EB #247commiting suicide!
EB TPCW Broswing Mix EB #670commiting suicide!
EB TPCW Broswing Mix EB #305commiting suicide!
EB TPCW Broswing Mix EB #71commiting suicide!
EB TPCW Broswing Mix EB #218commiting suicide!
EB TPCW Broswing Mix EB #214commiting suicide!
EB TPCW Broswing Mix EB #93commiting suicide!
EB TPCW Broswing Mix EB #161commiting suicide!
EB TPCW Broswing Mix EB #259commiting suicide!
EB TPCW Broswing Mix EB #98commiting suicide!
EB TPCW Broswing Mix EB #57commiting suicide!
EB TPCW Broswing Mix EB #33commiting suicide!
EB TPCW Broswing Mix EB #15810commiting suicide!
EB TPCW Broswing Mix EB #187commiting suicide!
EB TPCW Broswing Mix EB #304commiting suicide!
EB TPCW Broswing Mix EB #104commiting suicide!
EB TPCW Broswing Mix EB #128commiting suicide!
EB TPCW Broswing Mix EB #257commiting suicide!
EB TPCW Broswing Mix EB #102commiting suicide!
EB TPCW Broswing Mix EB #130commiting suicide!
EB TPCW Broswing Mix EB #195commiting suicide!
EB TPCW Broswing Mix EB #111commiting suicide!
EB TPCW Broswing Mix EB #36commiting suicide!
EB TPCW Broswing Mix EB #211commiting suicide!
EB TPCW Broswing Mix EB #302commiting suicide!
EB TPCW Broswing Mix EB #94commiting suicide!
EB TPCW Broswing Mix EB #244commiting suicide!
EB TPCW Broswing Mix EB #286commiting suicide!
EB TPCW Broswing Mix EB #146commiting suicide!
EB TPCW Broswing Mix EB #12commiting suicide!
EB TPCW Broswing Mix EB #248commiting suicide!
EB TPCW Broswing Mix EB #63commiting suicide!
EB TPCW Broswing Mix EB #172commiting suicide!
EB TPCW Broswing Mix EB #182commiting suicide!
EB TPCW Broswing Mix EB #15807commiting suicide!
EB TPCW Broswing Mix EB #95commiting suicide!
EB TPCW Broswing Mix EB #8commiting suicide!
EB TPCW Broswing Mix EB #90commiting suicide!
EB TPCW Broswing Mix EB #500commiting suicide!
EB TPCW Broswing Mix EB #123commiting suicide!
EB TPCW Broswing Mix EB #15774commiting suicide!
EB TPCW Broswing Mix EB #35commiting suicide!
EB TPCW Broswing Mix EB #27commiting suicide!
EB TPCW Broswing Mix EB #15664commiting suicide!
EB TPCW Broswing Mix EB #676commiting suicide!
EB TPCW Broswing Mix EB #236commiting suicide!
EB TPCW Broswing Mix EB #502commiting suicide!
EB TPCW Broswing Mix EB #1653commiting suicide!
EB TPCW Broswing Mix EB #15801commiting suicide!
EB TPCW Broswing Mix EB #201commiting suicide!
EB TPCW Broswing Mix EB #16commiting suicide!
EB TPCW Broswing Mix EB #89commiting suicide!
EB TPCW Broswing Mix EB #318commiting suicide!
EB TPCW Broswing Mix EB #115commiting suicide!
EB TPCW Broswing Mix EB #290commiting suicide!
EB TPCW Broswing Mix EB #300commiting suicide!
EB TPCW Broswing Mix EB #99commiting suicide!
EB TPCW Broswing Mix EB #60commiting suicide!
EB TPCW Broswing Mix EB #250commiting suicide!
EB TPCW Broswing Mix EB #281commiting suicide!
EB TPCW Broswing Mix EB #253commiting suicide!
EB TPCW Broswing Mix EB #56commiting suicide!
EB TPCW Broswing Mix EB #686commiting suicide!
EB TPCW Broswing Mix EB #77commiting suicide!
EB TPCW Broswing Mix EB #15585commiting suicide!
EB TPCW Broswing Mix EB #155commiting suicide!
EB TPCW Broswing Mix EB #59commiting suicide!
EB TPCW Broswing Mix EB #499commiting suicide!
EB TPCW Broswing Mix EB #674commiting suicide!
EB TPCW Broswing Mix EB #222commiting suicide!
EB TPCW Broswing Mix EB #129commiting suicide!
EB TPCW Broswing Mix EB #15144commiting suicide!
EB TPCW Broswing Mix EB #668commiting suicide!
EB TPCW Broswing Mix EB #294commiting suicide!
EB TPCW Broswing Mix EB #205commiting suicide!
EB TPCW Broswing Mix EB #223commiting suicide!
EB TPCW Broswing Mix EB #31commiting suicide!
EB TPCW Broswing Mix EB #283commiting suicide!
EB TPCW Broswing Mix EB #64commiting suicide!
EB TPCW Broswing Mix EB #235commiting suicide!
EB TPCW Broswing Mix EB #166commiting suicide!
EB TPCW Broswing Mix EB #137commiting suicide!
EB TPCW Broswing Mix EB #117commiting suicide!
EB TPCW Broswing Mix EB #10commiting suicide!
EB TPCW Broswing Mix EB #501commiting suicide!
EB TPCW Broswing Mix EB #245commiting suicide!
EB TPCW Broswing Mix EB #15commiting suicide!
EB TPCW Broswing Mix EB #169commiting suicide!
EB TPCW Broswing Mix EB #15586commiting suicide!
EB TPCW Broswing Mix EB #41commiting suicide!
EB TPCW Broswing Mix EB #667commiting suicide!
EB TPCW Broswing Mix EB #15587commiting suicide!
EB TPCW Broswing Mix EB #193commiting suicide!
EB TPCW Broswing Mix EB #119commiting suicide!
EB TPCW Broswing Mix EB #15498commiting suicide!
EB TPCW Broswing Mix EB #677commiting suicide!
EB TPCW Broswing Mix EB #219commiting suicide!
EB TPCW Broswing Mix EB #271commiting suicide!
EB TPCW Broswing Mix EB #79commiting suicide!
EB TPCW Broswing Mix EB #2996commiting suicide!
EB TPCW Broswing Mix EB #147commiting suicide!
EB TPCW Broswing Mix EB #196commiting suicide!
EB TPCW Broswing Mix EB #53commiting suicide!
EB TPCW Broswing Mix EB #287commiting suicide!
EB TPCW Broswing Mix EB #22commiting suicide!
EB TPCW Broswing Mix EB #39commiting suicide!
EB TPCW Broswing Mix EB #323commiting suicide!
EB TPCW Broswing Mix EB #200commiting suicide!
EB TPCW Broswing Mix EB #1478commiting suicide!
EB TPCW Broswing Mix EB #101commiting suicide!
EB TPCW Broswing Mix EB #15502commiting suicide!
EB TPCW Broswing Mix EB #1657commiting suicide!
EB TPCW Broswing Mix EB #138commiting suicide!
EB TPCW Broswing Mix EB #252commiting suicide!
EB TPCW Broswing Mix EB #127commiting suicide!
EB TPCW Broswing Mix EB #15665commiting suicide!
EB TPCW Broswing Mix EB #167commiting suicide!
EB TPCW Broswing Mix EB #21commiting suicide!
EB TPCW Broswing Mix EB #1656commiting suicide!
EB TPCW Broswing Mix EB #292commiting suicide!
EB TPCW Broswing Mix EB #168commiting suicide!
EB TPCW Broswing Mix EB #164commiting suicide!
EB TPCW Broswing Mix EB #1482commiting suicide!
EB TPCW Broswing Mix EB #221commiting suicide!
EB TPCW Broswing Mix EB #152commiting suicide!
EB TPCW Broswing Mix EB #240commiting suicide!
EB TPCW Broswing Mix EB #220commiting suicide!
EB TPCW Broswing Mix EB #48commiting suicide!
EB TPCW Broswing Mix EB #15591commiting suicide!
EB TPCW Broswing Mix EB #203commiting suicide!
EB TPCW Broswing Mix EB #301commiting suicide!
EB TPCW Broswing Mix EB #2994commiting suicide!
EB TPCW Broswing Mix EB #309commiting suicide!
EB TPCW Broswing Mix EB #690commiting suicide!
EB TPCW Broswing Mix EB #15500commiting suicide!
EB TPCW Broswing Mix EB #213commiting suicide!
EB TPCW Broswing Mix EB #144commiting suicide!
EB TPCW Broswing Mix EB #46commiting suicide!
EB TPCW Broswing Mix EB #61commiting suicide!
EB TPCW Broswing Mix EB #82commiting suicide!
EB TPCW Broswing Mix EB #34commiting suicide!
EB TPCW Broswing Mix EB #43commiting suicide!
EB TPCW Broswing Mix EB #15145commiting suicide!
EB TPCW Broswing Mix EB #679commiting suicide!
EB TPCW Broswing Mix EB #126commiting suicide!
EB TPCW Broswing Mix EB #683commiting suicide!
EB TPCW Broswing Mix EB #666commiting suicide!
EB TPCW Broswing Mix EB #262commiting suicide!
EB TPCW Broswing Mix EB #504commiting suicide!
EB TPCW Broswing Mix EB #672commiting suicide!
EB TPCW Broswing Mix EB #15590commiting suicide!
EB TPCW Broswing Mix EB #212commiting suicide!
EB TPCW Broswing Mix EB #492commiting suicide!
EB TPCW Broswing Mix EB #143commiting suicide!
EB TPCW Broswing Mix EB #178commiting suicide!
EB TPCW Broswing Mix EB #15804commiting suicide!
EB TPCW Broswing Mix EB #225commiting suicide!
EB TPCW Broswing Mix EB #319commiting suicide!
EB TPCW Broswing Mix EB #68commiting suicide!
EB TPCW Broswing Mix EB #320commiting suicide!
EB TPCW Broswing Mix EB #105commiting suicide!
EB TPCW Broswing Mix EB #58commiting suicide!
EB TPCW Broswing Mix EB #165commiting suicide!
EB TPCW Broswing Mix EB #74commiting suicide!
EB TPCW Broswing Mix EB #246commiting suicide!
EB TPCW Broswing Mix EB #15813commiting suicide!
EB TPCW Broswing Mix EB #312commiting suicide!
EB TPCW Broswing Mix EB #15501commiting suicide!
EB TPCW Broswing Mix EB #186commiting suicide!
EB TPCW Broswing Mix EB #270commiting suicide!
EB TPCW Broswing Mix EB #226commiting suicide!
EB TPCW Broswing Mix EB #162commiting suicide!
EB TPCW Broswing Mix EB #272commiting suicide!
EB TPCW Broswing Mix EB #685commiting suicide!
EB TPCW Broswing Mix EB #150commiting suicide!
EB TPCW Broswing Mix EB #1658commiting suicide!
EB TPCW Broswing Mix EB #684commiting suicide!
EB TPCW Broswing Mix EB #241commiting suicide!
EB TPCW Broswing Mix EB #689commiting suicide!
EB TPCW Broswing Mix EB #204commiting suicide!
EB TPCW Broswing Mix EB #87commiting suicide!
EB TPCW Broswing Mix EB #65commiting suicide!
EB TPCW Broswing Mix EB #1481commiting suicide!
EB TPCW Broswing Mix EB #15143commiting suicide!
EB TPCW Broswing Mix EB #1647commiting suicide!
EB TPCW Broswing Mix EB #237commiting suicide!
EB TPCW Broswing Mix EB #322commiting suicide!
EB TPCW Broswing Mix EB #15811commiting suicide!
EB TPCW Broswing Mix EB #15817commiting suicide!
EB TPCW Broswing Mix EB #103commiting suicide!
EB TPCW Broswing Mix EB #1654commiting suicide!
EB TPCW Broswing Mix EB #69commiting suicide!
EB TPCW Broswing Mix EB #276commiting suicide!
EB TPCW Broswing Mix EB #158commiting suicide!
EB TPCW Broswing Mix EB #224commiting suicide!
EB TPCW Broswing Mix EB #42commiting suicide!
EB TPCW Broswing Mix EB #88commiting suicide!
EB TPCW Broswing Mix EB #15663commiting suicide!
EB TPCW Broswing Mix EB #159commiting suicide!
EB TPCW Broswing Mix EB #67commiting suicide!
EB TPCW Broswing Mix EB #1483commiting suicide!
EB TPCW Broswing Mix EB #15503commiting suicide!
EB TPCW Broswing Mix EB #15584commiting suicide!
EB TPCW Broswing Mix EB #160commiting suicide!
EB TPCW Broswing Mix EB #134commiting suicide!
EB TPCW Broswing Mix EB #293commiting suicide!
EB TPCW Broswing Mix EB #280commiting suicide!
EB TPCW Broswing Mix EB #47commiting suicide!
EB TPCW Broswing Mix EB #112commiting suicide!
EB TPCW Broswing Mix EB #145commiting suicide!
EB TPCW Broswing Mix EB #28commiting suicide!
EB TPCW Broswing Mix EB #15816commiting suicide!
EB TPCW Broswing Mix EB #680commiting suicide!
EB TPCW Broswing Mix EB #9commiting suicide!
EB TPCW Broswing Mix EB #15818commiting suicide!
EB TPCW Broswing Mix EB #15803commiting suicide!
EB TPCW Broswing Mix EB #15809commiting suicide!
EB TPCW Broswing Mix EB #109commiting suicide!
EB TPCW Broswing Mix EB #45commiting suicide!
EB TPCW Broswing Mix EB #265commiting suicide!
EB TPCW Broswing Mix EB #273commiting suicide!
EB TPCW Broswing Mix EB #313commiting suicide!
EB TPCW Broswing Mix EB #317commiting suicide!
EB TPCW Broswing Mix EB #1480commiting suicide!
EB TPCW Broswing Mix EB #15661commiting suicide!
EB TPCW Broswing Mix EB #184commiting suicide!
EB TPCW Broswing Mix EB #267commiting suicide!
EB TPCW Broswing Mix EB #306commiting suicide!
EB TPCW Broswing Mix EB #202commiting suicide!
EB TPCW Broswing Mix EB #96commiting suicide!
EB TPCW Broswing Mix EB #282commiting suicide!
EB TPCW Broswing Mix EB #197commiting suicide!
EB TPCW Broswing Mix EB #669commiting suicide!
EB TPCW Broswing Mix EB #506commiting suicide!
EB TPCW Broswing Mix EB #84commiting suicide!
EB TPCW Broswing Mix EB #1649commiting suicide!
EB TPCW Broswing Mix EB #314commiting suicide!
EB TPCW Broswing Mix EB #297commiting suicide!
EB TPCW Broswing Mix EB #311commiting suicide!
EB TPCW Broswing Mix EB #15497commiting suicide!
EB TPCW Broswing Mix EB #673commiting suicide!
EB TPCW Broswing Mix EB #15662commiting suicide!
EB TPCW Broswing Mix EB #206commiting suicide!
EB TPCW Broswing Mix EB #234commiting suicide!
EB TPCW Broswing Mix EB #15775commiting suicide!
EB TPCW Broswing Mix EB #15808commiting suicide!
EB TPCW Broswing Mix EB #491commiting suicide!
EB TPCW Broswing Mix EB #26commiting suicide!
EB TPCW Broswing Mix EB #2997commiting suicide!
EB TPCW Broswing Mix EB #216commiting suicide!
EB TPCW Broswing Mix EB #52commiting suicide!
EB TPCW Broswing Mix EB #114commiting suicide!
EB TPCW Broswing Mix EB #15805commiting suicide!
EB TPCW Broswing Mix EB #80commiting suicide!
EB TPCW Broswing Mix EB #141commiting suicide!
EB TPCW Broswing Mix EB #85commiting suicide!
EB TPCW Broswing Mix EB #15806commiting suicide!
EB TPCW Broswing Mix EB #116commiting suicide!
EB TPCW Broswing Mix EB #198commiting suicide!
EB TPCW Broswing Mix EB #62commiting suicide!
EB TPCW Broswing Mix EB #256commiting suicide!
EB TPCW Broswing Mix EB #174commiting suicide!
EB TPCW Broswing Mix EB #15802commiting suicide!
EB TPCW Broswing Mix EB #316commiting suicide!
EB TPCW Broswing Mix EB #25commiting suicide!
EB TPCW Broswing Mix EB #92commiting suicide!
EB TPCW Broswing Mix EB #78commiting suicide!
EB TPCW Broswing Mix EB #192commiting suicide!
EB TPCW Broswing Mix EB #232commiting suicide!
EB TPCW Broswing Mix EB #229commiting suicide!
EB TPCW Broswing Mix EB #498commiting suicide!
EB TPCW Broswing Mix EB #209commiting suicide!
EB TPCW Broswing Mix EB #264commiting suicide!
EB TPCW Broswing Mix EB #15588commiting suicide!
EB TPCW Broswing Mix EB #1655commiting suicide!
EB TPCW Broswing Mix EB #2995commiting suicide!
EB TPCW Broswing Mix EB #194commiting suicide!
EB TPCW Broswing Mix EB #675commiting suicide!
EB TPCW Broswing Mix EB #688commiting suicide!
EB TPCW Broswing Mix EB #239commiting suicide!
EB TPCW Broswing Mix EB #691commiting suicide!
EB TPCW Broswing Mix EB #175commiting suicide!
EB TPCW Broswing Mix EB #83commiting suicide!
EBs finished.
Really finishing RBE!.
