Remote Browser Emulator for TPC-W.
  ECE 902  Fall '99
  Version 1.5
System's current path is /root/loadtest
rt:0.05,through:3.07,tt:0.28,num_interact:46,Intrvl:15,num_users:1,errors:0
rt:0.4,through:27.67,tt:0.33,num_interact:415,Intrvl:15,num_users:20,errors:0
rt:2.3,through:27.2,tt:0.38,num_interact:408,Intrvl:15,num_users:80,errors:0
rt:3.23,through:34.53,tt:0.34,num_interact:518,Intrvl:15,num_users:120,errors:0
rt:4.92,through:32.4,tt:0.37,num_interact:486,Intrvl:15,num_users:180,errors:0
rt:7.82,through:44.6,tt:0.36,num_interact:677,Intrvl:15,num_users:240,errors:0
rt:7.9,through:47.53,tt:0.34,num_interact:713,Intrvl:15,num_users:280,errors:0
rt:9.15,through:30.6,tt:0.33,num_interact:459,Intrvl:15,num_users:310,errors:0
rt:9.48,through:45.8,tt:0.34,num_interact:692,Intrvl:15,num_users:340,errors:0
rt:11.07,through:33.47,tt:0.37,num_interact:502,Intrvl:15,num_users:370,errors:0
rt:10.89,through:33.07,tt:0.38,num_interact:496,Intrvl:15,num_users:399,errors:0
rt:12.67,through:34.53,tt:0.38,num_interact:518,Intrvl:15,num_users:412,errors:0
rt:13.14,through:33.87,tt:0.35,num_interact:514,Intrvl:15,num_users:419,errors:0
rt:12.28,through:30.93,tt:0.35,num_interact:464,Intrvl:15,num_users:401,errors:0
rt:12.27,through:31.07,tt:0.36,num_interact:466,Intrvl:15,num_users:380,errors:0
rt:12.23,through:31,tt:0.35,num_interact:465,Intrvl:15,num_users:430,errors:0
rt:13.01,through:30.8,tt:0.35,num_interact:462,Intrvl:15,num_users:408,errors:0
rt:13.3,through:33.33,tt:0.37,num_interact:500,Intrvl:15,num_users:468,errors:0
rt:13.48,through:29.93,tt:0.35,num_interact:449,Intrvl:15,num_users:392,errors:0
rt:12.58,through:32.67,tt:0.37,num_interact:490,Intrvl:15,num_users:425,errors:0
rt:13.11,through:30.27,tt:0.35,num_interact:454,Intrvl:15,num_users:407,errors:0
rt:12.44,through:31.47,tt:0.34,num_interact:472,Intrvl:15,num_users:400,errors:0
rt:12.48,through:30.53,tt:0.34,num_interact:458,Intrvl:15,num_users:385,errors:0
rt:11.95,through:32.73,tt:0.35,num_interact:502,Intrvl:15,num_users:413,errors:0
rt:12.71,through:37.53,tt:0.38,num_interact:563,Intrvl:15,num_users:433,errors:0
rt:13.19,through:30.27,tt:0.35,num_interact:454,Intrvl:15,num_users:403,errors:0
rt:12.62,through:31.67,tt:0.36,num_interact:475,Intrvl:15,num_users:398,errors:0
rt:12.4,through:31.2,tt:0.37,num_interact:468,Intrvl:15,num_users:392,errors:0
rt:12.45,through:30.93,tt:0.34,num_interact:464,Intrvl:15,num_users:427,errors:0
rt:12.83,through:29.47,tt:0.39,num_interact:442,Intrvl:15,num_users:370,errors:0
rt:12.01,through:31.6,tt:0.36,num_interact:474,Intrvl:15,num_users:376,errors:0
rt:11.12,through:31.2,tt:0.36,num_interact:468,Intrvl:15,num_users:365,errors:0
rt:11.31,through:31.13,tt:0.37,num_interact:467,Intrvl:15,num_users:408,errors:0
rt:12.59,through:31.07,tt:0.34,num_interact:466,Intrvl:15,num_users:387,errors:0
rt:12.22,through:31.8,tt:0.34,num_interact:477,Intrvl:15,num_users:430,errors:0
rt:13.32,through:31.47,tt:0.38,num_interact:476,Intrvl:15,num_users:454,errors:0
rt:13.84,through:26.73,tt:0.37,num_interact:401,Intrvl:15,num_users:378,errors:0
rt:12.8,through:31.2,tt:0.37,num_interact:468,Intrvl:15,num_users:409,errors:0
rt:12.7,through:31.67,tt:0.34,num_interact:475,Intrvl:15,num_users:431,errors:0
rt:13.71,through:29.93,tt:0.35,num_interact:451,Intrvl:15,num_users:401,errors:0
rt:12.33,through:29.8,tt:0.35,num_interact:447,Intrvl:15,num_users:395,errors:0
rt:12.21,through:31,tt:0.34,num_interact:465,Intrvl:15,num_users:376,errors:0
rt:11.52,through:28.47,tt:0.38,num_interact:427,Intrvl:15,num_users:327,errors:0
rt:11.05,through:31.4,tt:0.38,num_interact:475,Intrvl:15,num_users:409,errors:0
rt:12.5,through:30.27,tt:0.35,num_interact:454,Intrvl:15,num_users:377,errors:21
rt:11.37,through:33.33,tt:0.34,num_interact:604,Intrvl:15,num_users:414,errors:0
rt:10.65,through:40.93,tt:0.33,num_interact:614,Intrvl:15,num_users:387,errors:0
rt:9.3,through:30.53,tt:0.35,num_interact:458,Intrvl:15,num_users:407,errors:0
rt:8.5,through:33.13,tt:0.37,num_interact:497,Intrvl:15,num_users:452,errors:0
rt:13.84,through:42.67,tt:0.35,num_interact:640,Intrvl:15,num_users:393,errors:0
rt:9.72,through:38.53,tt:0.35,num_interact:578,Intrvl:15,num_users:414,errors:0
rt:10.05,through:31.6,tt:0.35,num_interact:474,Intrvl:15,num_users:434,errors:0
rt:12.71,through:33.27,tt:0.35,num_interact:499,Intrvl:15,num_users:431,errors:0
rt:9.93,through:42.93,tt:0.34,num_interact:644,Intrvl:15,num_users:353,errors:0
rt:7.58,through:41.33,tt:0.36,num_interact:620,Intrvl:15,num_users:329,errors:0
rt:9.13,through:39.6,tt:0.37,num_interact:594,Intrvl:15,num_users:390,errors:0
rt:8.86,through:38.53,tt:0.34,num_interact:578,Intrvl:15,num_users:393,errors:0
rt:9.25,through:41.47,tt:0.33,num_interact:622,Intrvl:15,num_users:377,errors:0
rt:9.39,through:40.27,tt:0.34,num_interact:956,Intrvl:15,num_users:396,errors:0
rt:9.67,through:53.93,tt:0.34,num_interact:809,Intrvl:15,num_users:469,errors:0
rt:10.04,through:41.93,tt:0.35,num_interact:629,Intrvl:15,num_users:398,errors:0
rt:9.16,through:42.8,tt:0.35,num_interact:797,Intrvl:15,num_users:413,errors:0
rt:9.86,through:55.47,tt:0.36,num_interact:832,Intrvl:15,num_users:426,errors:0
rt:11.11,through:34.47,tt:0.36,num_interact:616,Intrvl:15,num_users:429,errors:0
rt:11.32,through:40.07,tt:0.35,num_interact:601,Intrvl:15,num_users:425,errors:0
rt:10,through:54.87,tt:0.35,num_interact:823,Intrvl:15,num_users:451,errors:0
rt:14.23,through:38.4,tt:0.36,num_interact:576,Intrvl:15,num_users:428,errors:0
rt:9.7,through:35.27,tt:0.33,num_interact:529,Intrvl:15,num_users:436,errors:0
rt:10.59,through:40.93,tt:0.37,num_interact:614,Intrvl:15,num_users:398,errors:0
rt:9.56,through:41.27,tt:0.34,num_interact:619,Intrvl:15,num_users:368,errors:0
rt:7.83,through:41.27,tt:0.35,num_interact:619,Intrvl:15,num_users:369,errors:0
rt:10.49,through:143.47,tt:0.39,num_interact:2152,Intrvl:15,num_users:615,errors:0
rt:14.63,through:34.73,tt:0.38,num_interact:521,Intrvl:15,num_users:660,errors:0
rt:16.59,through:35.33,tt:0.37,num_interact:530,Intrvl:15,num_users:466,errors:0
rt:13.29,through:95.2,tt:0.37,num_interact:1428,Intrvl:15,num_users:599,errors:0
rt:16.78,through:30.8,tt:0.35,num_interact:462,Intrvl:15,num_users:605,errors:0
rt:17.16,through:36.47,tt:0.34,num_interact:547,Intrvl:15,num_users:587,errors:0
rt:18.04,through:28.47,tt:0.36,num_interact:427,Intrvl:15,num_users:554,errors:0
rt:331.98,through:132.87,tt:0.37,num_interact:1993,Intrvl:15,num_users:640,errors:121
rt:431,through:1.33,tt:0.2,num_interact:20,Intrvl:15,num_users:626,errors:2
rt:317.89,through:63.13,tt:0.34,num_interact:947,Intrvl:15,num_users:631,errors:44
rt:233.56,through:33,tt:0.38,num_interact:495,Intrvl:15,num_users:606,errors:0
rt:391.6,through:13.27,tt:0.33,num_interact:199,Intrvl:15,num_users:614,errors:0
rt:387.87,through:0.87,tt:0.32,num_interact:13,Intrvl:15,num_users:672,errors:0
rt:412.94,through:0.67,tt:0.46,num_interact:10,Intrvl:15,num_users:636,errors:0
rt:567.31,through:2.13,tt:0.31,num_interact:32,Intrvl:15,num_users:536,errors:0
rt:346.91,through:1.53,tt:0.19,num_interact:23,Intrvl:15,num_users:536,errors:0
rt:103.31,through:0.93,tt:0.29,num_interact:14,Intrvl:15,num_users:551,errors:0
rt:114.89,through:0.73,tt:0.25,num_interact:11,Intrvl:15,num_users:555,errors:0
rt:288.92,through:33.33,tt:0.36,num_interact:500,Intrvl:15,num_users:560,errors:0
rt:141.06,through:25.87,tt:0.36,num_interact:388,Intrvl:15,num_users:618,errors:0
rt:24.25,through:27.27,tt:0.35,num_interact:409,Intrvl:15,num_users:632,errors:0
rt:25.32,through:10.47,tt:0.39,num_interact:157,Intrvl:15,num_users:632,errors:0
rt:37.3,through:1.53,tt:0.31,num_interact:23,Intrvl:15,num_users:611,errors:0
rt:54.5,through:1,tt:0.18,num_interact:15,Intrvl:15,num_users:561,errors:0
rt:114.99,through:63.67,tt:0.36,num_interact:955,Intrvl:15,num_users:629,errors:0
rt:25,through:24.93,tt:0.33,num_interact:374,Intrvl:15,num_users:583,errors:0
rt:17.06,through:37.87,tt:0.33,num_interact:568,Intrvl:15,num_users:586,errors:0
rt:14.56,through:48.93,tt:0.33,num_interact:734,Intrvl:15,num_users:629,errors:0
rt:16.41,through:32.4,tt:0.36,num_interact:486,Intrvl:15,num_users:610,errors:0
rt:18.64,through:43,tt:0.33,num_interact:838,Intrvl:15,num_users:633,errors:0
rt:290.54,through:77.2,tt:0.34,num_interact:1158,Intrvl:15,num_users:643,errors:14
rt:34.7,through:28.67,tt:0.34,num_interact:430,Intrvl:15,num_users:620,errors:0
rt:21.28,through:35.13,tt:0.35,num_interact:527,Intrvl:15,num_users:583,errors:0
rt:16.43,through:44,tt:0.33,num_interact:660,Intrvl:15,num_users:603,errors:0
rt:12.8,through:33.73,tt:0.32,num_interact:506,Intrvl:15,num_users:508,errors:0
rt:13.64,through:88.47,tt:0.35,num_interact:1327,Intrvl:15,num_users:570,errors:0
rt:14.82,through:66.33,tt:0.39,num_interact:995,Intrvl:15,num_users:725,errors:0
rt:19.31,through:27.93,tt:0.37,num_interact:419,Intrvl:15,num_users:627,errors:0
rt:18.8,through:50.47,tt:0.37,num_interact:757,Intrvl:15,num_users:668,errors:0
rt:16.67,through:37.27,tt:0.36,num_interact:724,Intrvl:15,num_users:580,errors:0
rt:12.91,through:35.4,tt:0.34,num_interact:531,Intrvl:15,num_users:534,errors:0
rt:11.69,through:51.93,tt:0.36,num_interact:796,Intrvl:15,num_users:594,errors:0
rt:167.11,through:79.8,tt:0.35,num_interact:1197,Intrvl:15,num_users:619,errors:4
rt:283.02,through:1,tt:0.23,num_interact:15,Intrvl:15,num_users:608,errors:0
rt:337.88,through:1.07,tt:0.45,num_interact:16,Intrvl:15,num_users:616,errors:0
rt:439.37,through:9.6,tt:0.29,num_interact:144,Intrvl:15,num_users:452,errors:24
rt:109.53,through:41.87,tt:0.39,num_interact:628,Intrvl:15,num_users:652,errors:3
rt:20.06,through:32.93,tt:0.38,num_interact:569,Intrvl:15,num_users:655,errors:0
rt:19.93,through:29.93,tt:0.36,num_interact:449,Intrvl:15,num_users:617,errors:0
rt:14.85,through:42.53,tt:0.35,num_interact:669,Intrvl:15,num_users:645,errors:0
rt:19.45,through:26.93,tt:0.39,num_interact:729,Intrvl:15,num_users:711,errors:0
rt:19.31,through:34.4,tt:0.36,num_interact:516,Intrvl:15,num_users:706,errors:0
rt:18.86,through:32,tt:0.33,num_interact:480,Intrvl:15,num_users:637,errors:0
rt:291.85,through:114.73,tt:0.35,num_interact:1721,Intrvl:15,num_users:734,errors:37
rt:37.5,through:29.67,tt:0.36,num_interact:445,Intrvl:15,num_users:676,errors:0
rt:12.98,through:32.73,tt:0.34,num_interact:491,Intrvl:15,num_users:670,errors:0
rt:13.43,through:35.47,tt:0.37,num_interact:532,Intrvl:15,num_users:535,errors:0
rt:9.43,through:37.2,tt:0.35,num_interact:558,Intrvl:15,num_users:539,errors:0
rt:7.41,through:42.47,tt:0.36,num_interact:637,Intrvl:15,num_users:458,errors:0
rt:8.52,through:38.13,tt:0.37,num_interact:643,Intrvl:15,num_users:525,errors:0
rt:9.23,through:40.53,tt:0.35,num_interact:608,Intrvl:15,num_users:734,errors:0
rt:15.42,through:8.07,tt:0.35,num_interact:121,Intrvl:15,num_users:679,errors:0
rt:34.07,through:1.93,tt:0.28,num_interact:29,Intrvl:15,num_users:630,errors:0
rt:371.83,through:113.67,tt:0.37,num_interact:1705,Intrvl:15,num_users:745,errors:86
rt:133.35,through:38.13,tt:0.33,num_interact:597,Intrvl:15,num_users:608,errors:0
rt:13.72,through:35.4,tt:0.38,num_interact:531,Intrvl:15,num_users:702,errors:0
rt:12.3,through:20.8,tt:0.34,num_interact:312,Intrvl:15,num_users:710,errors:0
rt:19.55,through:27,tt:0.36,num_interact:411,Intrvl:15,num_users:761,errors:0
rt:13.91,through:28.8,tt:0.31,num_interact:432,Intrvl:15,num_users:679,errors:0
rt:18.09,through:3.53,tt:0.31,num_interact:53,Intrvl:15,num_users:664,errors:0
rt:175.05,through:61.4,tt:0.34,num_interact:921,Intrvl:15,num_users:722,errors:1
rt:39.69,through:1.2,tt:0.34,num_interact:18,Intrvl:15,num_users:671,errors:0
rt:118.93,through:118.8,tt:0.35,num_interact:1782,Intrvl:15,num_users:703,errors:0
rt:23.36,through:3.4,tt:0.38,num_interact:51,Intrvl:15,num_users:686,errors:0
rt:28.91,through:2.47,tt:0.43,num_interact:37,Intrvl:15,num_users:692,errors:0
rt:20.37,through:20.93,tt:0.33,num_interact:314,Intrvl:15,num_users:682,errors:0
rt:13.55,through:30.6,tt:0.37,num_interact:459,Intrvl:15,num_users:710,errors:0
rt:22.96,through:4.53,tt:0.39,num_interact:68,Intrvl:15,num_users:653,errors:0
rt:32.45,through:3.2,tt:0.38,num_interact:48,Intrvl:15,num_users:679,errors:0
rt:32.23,through:6.67,tt:0.35,num_interact:100,Intrvl:15,num_users:625,errors:0
rt:35.89,through:2.67,tt:0.4,num_interact:40,Intrvl:15,num_users:702,errors:0
rt:35.45,through:3.13,tt:0.37,num_interact:47,Intrvl:15,num_users:689,errors:0
rt:81.86,through:50.87,tt:0.34,num_interact:763,Intrvl:15,num_users:784,errors:0
rt:29.94,through:0.07,tt:0.52,num_interact:1,Intrvl:15,num_users:760,errors:0
rt:22.74,through:0.67,tt:0.22,num_interact:10,Intrvl:15,num_users:717,errors:0
rt:22.54,through:3,tt:0.35,num_interact:45,Intrvl:15,num_users:680,errors:0
rt:27.19,through:5.07,tt:0.37,num_interact:76,Intrvl:15,num_users:643,errors:0
rt:84.41,through:32.33,tt:0.4,num_interact:485,Intrvl:15,num_users:716,errors:0
rt:100.07,through:7.4,tt:0.39,num_interact:111,Intrvl:15,num_users:773,errors:0
rt:116.52,through:0.93,tt:0.47,num_interact:14,Intrvl:15,num_users:708,errors:0
rt:118.47,through:3.07,tt:0.37,num_interact:46,Intrvl:15,num_users:737,errors:0
rt:108.7,through:1.8,tt:0.34,num_interact:27,Intrvl:15,num_users:720,errors:0
rt:145.97,through:11.2,tt:0.4,num_interact:168,Intrvl:15,num_users:789,errors:0
rt:126.36,through:10.33,tt:0.31,num_interact:155,Intrvl:15,num_users:683,errors:0
rt:5.52,through:21.67,tt:0.36,num_interact:325,Intrvl:15,num_users:685,errors:0
rt:6.95,through:7.53,tt:0.36,num_interact:113,Intrvl:15,num_users:708,errors:0
rt:23.65,through:3.8,tt:0.37,num_interact:57,Intrvl:15,num_users:719,errors:0
rt:16.26,through:13.8,tt:0.38,num_interact:207,Intrvl:15,num_users:714,errors:0
rt:60.96,through:48.2,tt:0.33,num_interact:723,Intrvl:15,num_users:758,errors:0
rt:24.36,through:0.07,tt:0.47,num_interact:57,Intrvl:15,num_users:760,errors:0
rt:36.56,through:7.8,tt:0.35,num_interact:117,Intrvl:15,num_users:737,errors:0
rt:50.19,through:11.6,tt:0.4,num_interact:174,Intrvl:15,num_users:828,errors:0
rt:17.29,through:5.6,tt:0.32,num_interact:84,Intrvl:15,num_users:730,errors:0
rt:12.36,through:7.67,tt:0.36,num_interact:115,Intrvl:15,num_users:744,errors:0
rt:13.86,through:3.2,tt:0.41,num_interact:48,Intrvl:15,num_users:779,errors:0
rt:0.91,through:33.67,tt:0.33,num_interact:505,Intrvl:15,num_users:684,errors:0
rt:0.13,through:39.67,tt:0.37,num_interact:595,Intrvl:15,num_users:663,errors:0
rt:5.94,through:3.27,tt:0.36,num_interact:49,Intrvl:15,num_users:764,errors:0
rt:10.56,through:7.6,tt:0.45,num_interact:114,Intrvl:15,num_users:695,errors:0
rt:0.26,through:40.67,tt:0.32,num_interact:615,Intrvl:15,num_users:656,errors:0
rt:0.09,through:38.33,tt:0.36,num_interact:575,Intrvl:15,num_users:640,errors:0
rt:3.74,through:15.27,tt:0.37,num_interact:229,Intrvl:15,num_users:699,errors:0
rt:4.65,through:20.33,tt:0.35,num_interact:305,Intrvl:15,num_users:723,errors:0
rt:35.62,through:12.47,tt:0.38,num_interact:187,Intrvl:15,num_users:744,errors:0
rt:32.04,through:7.2,tt:0.38,num_interact:108,Intrvl:15,num_users:783,errors:0
rt:16.2,through:14.2,tt:0.34,num_interact:213,Intrvl:15,num_users:693,errors:0
rt:0.31,through:42.87,tt:0.34,num_interact:643,Intrvl:15,num_users:652,errors:0
rt:4.03,through:12.47,tt:0.39,num_interact:187,Intrvl:15,num_users:703,errors:0
rt:8.2,through:7.27,tt:0.36,num_interact:109,Intrvl:15,num_users:705,errors:0
rt:0.3,through:25,tt:0.33,num_interact:375,Intrvl:15,num_users:603,errors:0
rt:3.24,through:1.73,tt:0.3,num_interact:26,Intrvl:15,num_users:765,errors:0
rt:22.34,through:2.53,tt:0.6,num_interact:38,Intrvl:15,num_users:692,errors:0
rt:3.15,through:33.4,tt:0.37,num_interact:501,Intrvl:15,num_users:647,errors:0
rt:1.44,through:39.33,tt:0.37,num_interact:590,Intrvl:15,num_users:661,errors:0
rt:2.92,through:23.47,tt:0.36,num_interact:352,Intrvl:15,num_users:679,errors:0
rt:6,through:27.2,tt:0.35,num_interact:408,Intrvl:15,num_users:685,errors:0
rt:5.72,through:2.93,tt:0.36,num_interact:44,Intrvl:15,num_users:736,errors:0
rt:21.54,through:4.8,tt:0.37,num_interact:72,Intrvl:15,num_users:676,errors:0
rt:16.63,through:4,tt:0.33,num_interact:60,Intrvl:15,num_users:711,errors:0
rt:1.67,through:30.53,tt:0.35,num_interact:458,Intrvl:15,num_users:625,errors:0
rt:0.74,through:34.67,tt:0.34,num_interact:528,Intrvl:15,num_users:631,errors:0
rt:3.91,through:11.6,tt:0.41,num_interact:174,Intrvl:15,num_users:686,errors:0
rt:1.66,through:36.73,tt:0.37,num_interact:551,Intrvl:15,num_users:645,errors:0
rt:5.55,through:6.6,tt:0.4,num_interact:99,Intrvl:15,num_users:702,errors:0
rt:12.82,through:6.93,tt:0.4,num_interact:104,Intrvl:15,num_users:678,errors:0
rt:8.8,through:10.2,tt:0.34,num_interact:153,Intrvl:15,num_users:671,errors:0
rt:3.13,through:25.4,tt:0.36,num_interact:381,Intrvl:15,num_users:662,errors:0
rt:6.63,through:13.6,tt:0.36,num_interact:275,Intrvl:15,num_users:708,errors:0
rt:29.35,through:39.27,tt:0.36,num_interact:698,Intrvl:15,num_users:736,errors:0
rt:82.39,through:2.67,tt:0.42,num_interact:40,Intrvl:15,num_users:759,errors:0
rt:64.14,through:2.67,tt:0.35,num_interact:40,Intrvl:15,num_users:714,errors:0
rt:3.43,through:34.07,tt:0.35,num_interact:511,Intrvl:15,num_users:666,errors:0
rt:1.87,through:6.73,tt:0.33,num_interact:101,Intrvl:15,num_users:743,errors:0
rt:44.54,through:21.27,tt:0.41,num_interact:319,Intrvl:15,num_users:803,errors:0
rt:?,through:0,tt:?,num_interact:0,Intrvl:15,num_users:747,errors:0
rt:?,through:0,tt:?,num_interact:0,Intrvl:15,num_users:728,errors:0
rt:?,through:0,tt:?,num_interact:0,Intrvl:15,num_users:724,errors:0
rt:?,through:0,tt:?,num_interact:0,Intrvl:15,num_users:708,errors:0
rt:?,through:0,tt:?,num_interact:0,Intrvl:15,num_users:666,errors:0
rt:4.74,through:6.6,tt:0.45,num_interact:99,Intrvl:15,num_users:729,errors:0
rt:0.2,through:11.73,tt:0.38,num_interact:176,Intrvl:15,num_users:671,errors:0
rt:?,through:0,tt:?,num_interact:0,Intrvl:15,num_users:654,errors:0
rt:?,through:0,tt:?,num_interact:0,Intrvl:15,num_users:632,errors:0
rt:0.04,through:16.8,tt:0.32,num_interact:252,Intrvl:15,num_users:638,errors:0
rt:3.94,through:14.2,tt:0.37,num_interact:260,Intrvl:15,num_users:706,errors:0
rt:14.92,through:8.4,tt:0.34,num_interact:126,Intrvl:15,num_users:739,errors:0
rt:22.73,through:2.93,tt:0.34,num_interact:44,Intrvl:15,num_users:707,errors:0
rt:13.21,through:10.93,tt:0.37,num_interact:164,Intrvl:15,num_users:723,errors:0
rt:9.36,through:4.07,tt:0.35,num_interact:61,Intrvl:15,num_users:722,errors:0
rt:18.73,through:2.4,tt:0.3,num_interact:36,Intrvl:15,num_users:741,errors:0
rt:61.67,through:7.2,tt:0.39,num_interact:108,Intrvl:15,num_users:799,errors:0
rt:?,through:0,tt:?,num_interact:0,Intrvl:15,num_users:773,errors:0
rt:?,through:0,tt:?,num_interact:0,Intrvl:15,num_users:769,errors:0
rt:?,through:0,tt:?,num_interact:0,Intrvl:15,num_users:701,errors:0
rt:?,through:0,tt:?,num_interact:0,Intrvl:15,num_users:695,errors:0
rt:4.86,through:8.27,tt:0.42,num_interact:124,Intrvl:15,num_users:762,errors:0
rt:3.68,through:10.73,tt:0.35,num_interact:161,Intrvl:15,num_users:730,errors:0
rt:?,through:0,tt:?,num_interact:0,Intrvl:15,num_users:665,errors:0
rt:1.82,through:18.67,tt:0.39,num_interact:319,Intrvl:15,num_users:709,errors:0
rt:0.08,through:2.87,tt:0.31,num_interact:43,Intrvl:15,num_users:666,errors:0
rt:4.52,through:7,tt:0.42,num_interact:105,Intrvl:15,num_users:733,errors:0
rt:13.62,through:3.07,tt:0.34,num_interact:46,Intrvl:15,num_users:738,errors:0
rt:2.87,through:20.07,tt:0.32,num_interact:301,Intrvl:15,num_users:699,errors:0
rt:1.29,through:20.8,tt:0.37,num_interact:312,Intrvl:15,num_users:701,errors:0
rt:1.63,through:0.2,tt:0.19,num_interact:3,Intrvl:15,num_users:644,errors:0
rt:0.2,through:39.47,tt:0.34,num_interact:592,Intrvl:15,num_users:666,errors:0
rt:3.51,through:8.8,tt:0.42,num_interact:132,Intrvl:15,num_users:719,errors:0
rt:23.42,through:33.93,tt:0.37,num_interact:509,Intrvl:15,num_users:739,errors:0
rt:32.01,through:3.4,tt:0.41,num_interact:51,Intrvl:15,num_users:729,errors:0
rt:26.97,through:14.47,tt:0.39,num_interact:217,Intrvl:15,num_users:760,errors:0
rt:?,through:0,tt:?,num_interact:0,Intrvl:15,num_users:592,errors:0
rt:0.04,through:11.2,tt:0.31,num_interact:168,Intrvl:15,num_users:596,errors:0
rt:3.98,through:5.6,tt:0.31,num_interact:84,Intrvl:15,num_users:734,errors:0
rt:74.75,through:15.27,tt:0.45,num_interact:229,Intrvl:15,num_users:765,errors:0
rt:22.31,through:12.33,tt:0.36,num_interact:185,Intrvl:15,num_users:792,errors:0
rt:23.11,through:12.8,tt:0.33,num_interact:192,Intrvl:15,num_users:723,errors:0
rt:2.06,through:15.53,tt:0.34,num_interact:233,Intrvl:15,num_users:720,errors:0
rt:3.65,through:16.67,tt:0.4,num_interact:250,Intrvl:15,num_users:744,errors:0
rt:14.8,through:3.4,tt:0.44,num_interact:53,Intrvl:15,num_users:756,errors:0
rt:6.06,through:8.8,tt:0.26,num_interact:137,Intrvl:15,num_users:715,errors:0
rt:0.76,through:32.8,tt:0.33,num_interact:492,Intrvl:15,num_users:690,errors:0
rt:0.28,through:40.53,tt:0.34,num_interact:608,Intrvl:15,num_users:678,errors:0
rt:0.04,through:13,tt:0.35,num_interact:195,Intrvl:15,num_users:612,errors:0
rt:2.39,through:18.2,tt:0.41,num_interact:273,Intrvl:15,num_users:688,errors:0
rt:7.68,through:10,tt:0.36,num_interact:150,Intrvl:15,num_users:701,errors:0
rt:12.16,through:13.73,tt:0.36,num_interact:206,Intrvl:15,num_users:751,errors:0
rt:25.19,through:2.07,tt:0.42,num_interact:31,Intrvl:15,num_users:704,errors:0
rt:30.6,through:30.4,tt:0.34,num_interact:456,Intrvl:15,num_users:780,errors:0
rt:5.4,through:29.53,tt:0.31,num_interact:443,Intrvl:15,num_users:654,errors:0
rt:4.99,through:4.8,tt:0.49,num_interact:72,Intrvl:15,num_users:725,errors:0
rt:17.81,through:1.8,tt:0.43,num_interact:92,Intrvl:15,num_users:738,errors:0
rt:39.55,through:3.13,tt:0.44,num_interact:47,Intrvl:15,num_users:729,errors:0
rt:33.88,through:12.67,tt:0.35,num_interact:190,Intrvl:15,num_users:767,errors:0
rt:?,through:0,tt:?,num_interact:0,Intrvl:15,num_users:724,errors:0
rt:37.48,through:12.67,tt:0.38,num_interact:263,Intrvl:15,num_users:784,errors:0
rt:23.78,through:8.33,tt:0.32,num_interact:125,Intrvl:15,num_users:751,errors:0
rt:38.29,through:10.93,tt:0.36,num_interact:164,Intrvl:15,num_users:779,errors:0
rt:43.14,through:2.33,tt:0.36,num_interact:35,Intrvl:15,num_users:799,errors:0
rt:?,through:0,tt:?,num_interact:0,Intrvl:15,num_users:780,errors:0
rt:?,through:0,tt:?,num_interact:0,Intrvl:15,num_users:750,errors:0
rt:2.81,through:1.07,tt:0.31,num_interact:16,Intrvl:15,num_users:799,errors:0
rt:?,through:0,tt:?,num_interact:0,Intrvl:15,num_users:716,errors:0
rt:2.8,through:2.4,tt:0.51,num_interact:36,Intrvl:15,num_users:769,errors:0
rt:3.3,through:11.07,tt:0.39,num_interact:166,Intrvl:15,num_users:738,errors:0
rt:1.27,through:0.07,tt:0.31,num_interact:1,Intrvl:15,num_users:656,errors:0
rt:2.33,through:15.4,tt:0.39,num_interact:231,Intrvl:15,num_users:707,errors:0
rt:0.61,through:34.2,tt:0.32,num_interact:513,Intrvl:15,num_users:683,errors:0
rt:2.34,through:17.67,tt:0.37,num_interact:265,Intrvl:15,num_users:821,errors:0
rt:82.25,through:1.6,tt:0.33,num_interact:24,Intrvl:15,num_users:830,errors:0
rt:8.1,through:16.13,tt:0.36,num_interact:242,Intrvl:15,num_users:731,errors:0
rt:3.47,through:6.27,tt:0.34,num_interact:94,Intrvl:15,num_users:749,errors:0
rt:5.77,through:7,tt:0.35,num_interact:131,Intrvl:15,num_users:753,errors:0
rt:4.75,through:7.73,tt:0.35,num_interact:116,Intrvl:15,num_users:758,errors:0
rt:10.5,through:3.73,tt:0.3,num_interact:56,Intrvl:15,num_users:764,errors:0
rt:21.14,through:1.73,tt:0.27,num_interact:26,Intrvl:15,num_users:798,errors:0
rt:11.77,through:6.73,tt:0.37,num_interact:101,Intrvl:15,num_users:668,errors:0
rt:3.33,through:2.2,tt:0.32,num_interact:33,Intrvl:15,num_users:769,errors:0
rt:35.1,through:12.53,tt:0.41,num_interact:188,Intrvl:15,num_users:819,errors:0
rt:12.91,through:2.6,tt:0.38,num_interact:39,Intrvl:15,num_users:776,errors:0
rt:31.45,through:6.87,tt:0.39,num_interact:103,Intrvl:15,num_users:825,errors:0
rt:?,through:0,tt:?,num_interact:0,Intrvl:15,num_users:795,errors:0
rt:?,through:0,tt:?,num_interact:0,Intrvl:15,num_users:757,errors:0
rt:4.09,through:2.93,tt:0.41,num_interact:44,Intrvl:15,num_users:788,errors:0
rt:13.7,through:0.2,tt:0.23,num_interact:3,Intrvl:15,num_users:854,errors:0
rt:?,through:0,tt:?,num_interact:0,Intrvl:15,num_users:689,errors:0
rt:4.09,through:5.33,tt:0.42,num_interact:80,Intrvl:15,num_users:775,errors:0
rt:0.36,through:10,tt:0.36,num_interact:150,Intrvl:15,num_users:693,errors:0
rt:?,through:0,tt:?,num_interact:0,Intrvl:15,num_users:669,errors:0
rt:0.82,through:26.8,tt:0.36,num_interact:413,Intrvl:15,num_users:702,errors:0
rt:8.8,through:34.8,tt:0.34,num_interact:522,Intrvl:15,num_users:769,errors:0
rt:13.48,through:5,tt:0.28,num_interact:75,Intrvl:15,num_users:724,errors:0
rt:11.1,through:3.93,tt:0.38,num_interact:59,Intrvl:15,num_users:743,errors:0
rt:28.55,through:22.2,tt:0.37,num_interact:333,Intrvl:15,num_users:834,errors:0
rt:?,through:0,tt:?,num_interact:0,Intrvl:15,num_users:768,errors:0
rt:2.25,through:0.33,tt:0.04,num_interact:5,Intrvl:15,num_users:842,errors:0
rt:2.61,through:6.53,tt:0.33,num_interact:98,Intrvl:15,num_users:789,errors:0
rt:5.79,through:0.87,tt:0.2,num_interact:13,Intrvl:15,num_users:846,errors:0
rt:?,through:0,tt:?,num_interact:0,Intrvl:15,num_users:801,errors:0
rt:2.59,through:0.93,tt:0.43,num_interact:14,Intrvl:15,num_users:818,errors:0
rt:1.07,through:1.4,tt:0.32,num_interact:21,Intrvl:15,num_users:811,errors:0
rt:?,through:0,tt:?,num_interact:0,Intrvl:15,num_users:764,errors:0
rt:?,through:0,tt:?,num_interact:0,Intrvl:15,num_users:733,errors:0
rt:2.58,through:7.53,tt:0.36,num_interact:113,Intrvl:15,num_users:759,errors:0
rt:0.23,through:0.07,tt:0.03,num_interact:1,Intrvl:15,num_users:697,errors:0
rt:2.27,through:1.47,tt:0.32,num_interact:22,Intrvl:15,num_users:779,errors:0
rt:22.81,through:4.8,tt:0.38,num_interact:72,Intrvl:15,num_users:756,errors:0
rt:1.89,through:12.67,tt:0.37,num_interact:190,Intrvl:15,num_users:730,errors:0
rt:5.58,through:3.33,tt:0.43,num_interact:50,Intrvl:15,num_users:765,errors:0
rt:10.03,through:5.4,tt:0.32,num_interact:81,Intrvl:15,num_users:746,errors:0
rt:23.57,through:4.6,tt:0.44,num_interact:69,Intrvl:15,num_users:888,errors:0
rt:?,through:0,tt:?,num_interact:0,Intrvl:15,num_users:801,errors:0
rt:?,through:0,tt:?,num_interact:0,Intrvl:15,num_users:772,errors:0
rt:0.11,through:0.07,tt:0.03,num_interact:1,Intrvl:15,num_users:831,errors:0
rt:?,through:0,tt:?,num_interact:0,Intrvl:15,num_users:818,errors:0
rt:?,through:0,tt:?,num_interact:0,Intrvl:15,num_users:836,errors:0
rt:?,through:0,tt:?,num_interact:0,Intrvl:15,num_users:811,errors:0
rt:?,through:0,tt:?,num_interact:0,Intrvl:15,num_users:760,errors:0
rt:0.14,through:5.93,tt:0.36,num_interact:89,Intrvl:15,num_users:763,errors:0
rt:2.5,through:0.87,tt:0.39,num_interact:17,Intrvl:15,num_users:792,errors:0
rt:?,through:0,tt:?,num_interact:0,Intrvl:15,num_users:795,errors:0
rt:?,through:0,tt:?,num_interact:0,Intrvl:15,num_users:844,errors:0
rt:?,through:0,tt:?,num_interact:0,Intrvl:15,num_users:770,errors:0
rt:?,through:0,tt:?,num_interact:0,Intrvl:15,num_users:743,errors:0
rt:2.31,through:0.6,tt:0.2,num_interact:9,Intrvl:15,num_users:855,errors:0
rt:?,through:0,tt:?,num_interact:0,Intrvl:15,num_users:706,errors:0
rt:2.01,through:2.07,tt:0.32,num_interact:31,Intrvl:15,num_users:779,errors:0
