Remote Browser Emulator for TPC-W.
  ECE 902  Fall '99
  Version 1.5
System's current path is /root/loadtest
rt:0.07,through:2.13,tt:0.4,num_interact:32,Intrvl:15,num_users:1,errors:0
rt:0.37,through:26.67,tt:0.35,num_interact:400,Intrvl:15,num_users:20,errors:0
rt:2.22,through:28.53,tt:0.36,num_interact:428,Intrvl:15,num_users:80,errors:0
rt:3.3,through:30.27,tt:0.36,num_interact:456,Intrvl:15,num_users:120,errors:0
rt:4.64,through:32.13,tt:0.38,num_interact:482,Intrvl:15,num_users:180,errors:0
rt:6.31,through:32.6,tt:0.35,num_interact:489,Intrvl:15,num_users:240,errors:0
rt:8.13,through:34.93,tt:0.36,num_interact:524,Intrvl:15,num_users:280,errors:0
rt:9,through:29.13,tt:0.37,num_interact:437,Intrvl:15,num_users:310,errors:0
rt:9.29,through:40.4,tt:0.35,num_interact:606,Intrvl:15,num_users:340,errors:0
rt:11.73,through:30.2,tt:0.35,num_interact:455,Intrvl:15,num_users:370,errors:0
rt:11.46,through:33.13,tt:0.36,num_interact:497,Intrvl:15,num_users:399,errors:0
rt:12.03,through:38.07,tt:0.37,num_interact:571,Intrvl:15,num_users:412,errors:0
rt:12.63,through:32.73,tt:0.36,num_interact:491,Intrvl:15,num_users:419,errors:0
rt:12.93,through:31.27,tt:0.36,num_interact:469,Intrvl:15,num_users:401,errors:0
rt:12.4,through:30.4,tt:0.33,num_interact:456,Intrvl:15,num_users:380,errors:0
rt:12.09,through:33.07,tt:0.38,num_interact:501,Intrvl:15,num_users:430,errors:0
rt:13.14,through:30.4,tt:0.35,num_interact:456,Intrvl:15,num_users:408,errors:0
rt:13.07,through:32.27,tt:0.37,num_interact:484,Intrvl:15,num_users:468,errors:0
rt:13.78,through:28.2,tt:0.36,num_interact:423,Intrvl:15,num_users:392,errors:0
rt:13.36,through:31.67,tt:0.34,num_interact:475,Intrvl:15,num_users:425,errors:0
rt:12.92,through:30.67,tt:0.33,num_interact:460,Intrvl:15,num_users:407,errors:0
rt:12.87,through:31.6,tt:0.35,num_interact:474,Intrvl:15,num_users:400,errors:0
rt:11.91,through:29.8,tt:0.37,num_interact:447,Intrvl:15,num_users:385,errors:0
rt:12.72,through:31.2,tt:0.35,num_interact:469,Intrvl:15,num_users:413,errors:0
rt:12.45,through:37.6,tt:0.35,num_interact:564,Intrvl:15,num_users:433,errors:0
rt:13.34,through:29.87,tt:0.36,num_interact:449,Intrvl:15,num_users:403,errors:0
rt:12.63,through:30.73,tt:0.35,num_interact:461,Intrvl:15,num_users:398,errors:0
rt:12.26,through:32.33,tt:0.32,num_interact:485,Intrvl:15,num_users:392,errors:0
rt:12.13,through:31.53,tt:0.36,num_interact:473,Intrvl:15,num_users:427,errors:0
rt:12.85,through:28.47,tt:0.37,num_interact:428,Intrvl:15,num_users:370,errors:0
rt:11.81,through:32.13,tt:0.33,num_interact:482,Intrvl:15,num_users:376,errors:0
rt:11.48,through:30.47,tt:0.32,num_interact:457,Intrvl:15,num_users:365,errors:0
rt:11.75,through:31.07,tt:0.36,num_interact:466,Intrvl:15,num_users:408,errors:0
rt:12.64,through:31.47,tt:0.34,num_interact:474,Intrvl:15,num_users:387,errors:0
rt:12.2,through:30.67,tt:0.35,num_interact:476,Intrvl:15,num_users:430,errors:0
rt:13.95,through:30.67,tt:0.38,num_interact:460,Intrvl:15,num_users:454,errors:0
rt:12.94,through:30.47,tt:0.34,num_interact:457,Intrvl:15,num_users:378,errors:0
rt:12.47,through:32.27,tt:0.34,num_interact:484,Intrvl:15,num_users:409,errors:0
rt:12.77,through:31.93,tt:0.35,num_interact:479,Intrvl:15,num_users:431,errors:0
rt:13.07,through:29.4,tt:0.36,num_interact:441,Intrvl:15,num_users:401,errors:0
rt:12.34,through:31.13,tt:0.35,num_interact:467,Intrvl:15,num_users:395,errors:0
rt:12.36,through:30.67,tt:0.34,num_interact:460,Intrvl:15,num_users:376,errors:0
rt:11.39,through:29,tt:0.34,num_interact:435,Intrvl:15,num_users:327,errors:0
rt:10.95,through:31.73,tt:0.39,num_interact:476,Intrvl:15,num_users:409,errors:0
rt:12.32,through:29.27,tt:0.37,num_interact:439,Intrvl:15,num_users:377,errors:0
rt:12.23,through:31.07,tt:0.36,num_interact:503,Intrvl:15,num_users:414,errors:0
rt:12.56,through:32.33,tt:0.37,num_interact:485,Intrvl:15,num_users:387,errors:23
rt:10.59,through:31.93,tt:0.36,num_interact:479,Intrvl:15,num_users:407,errors:16
rt:10.72,through:77.53,tt:0.35,num_interact:1163,Intrvl:15,num_users:452,errors:0
rt:9.41,through:40.33,tt:0.35,num_interact:749,Intrvl:15,num_users:393,errors:0
rt:9.26,through:45.27,tt:0.36,num_interact:679,Intrvl:15,num_users:414,errors:0
rt:9.99,through:70.13,tt:0.35,num_interact:1052,Intrvl:15,num_users:434,errors:0
rt:11.35,through:30.33,tt:0.35,num_interact:455,Intrvl:15,num_users:431,errors:0
rt:9.52,through:49.47,tt:0.35,num_interact:742,Intrvl:15,num_users:353,errors:0
rt:6.99,through:44.6,tt:0.38,num_interact:669,Intrvl:15,num_users:329,errors:0
rt:7.72,through:55.33,tt:0.37,num_interact:830,Intrvl:15,num_users:390,errors:0
rt:7.76,through:41.4,tt:0.34,num_interact:621,Intrvl:15,num_users:393,errors:0
rt:8.73,through:41.6,tt:0.35,num_interact:624,Intrvl:15,num_users:377,errors:0
rt:8.6,through:44.6,tt:0.35,num_interact:795,Intrvl:15,num_users:396,errors:0
rt:8.79,through:41.53,tt:0.37,num_interact:623,Intrvl:15,num_users:469,errors:0
rt:11.13,through:38.27,tt:0.36,num_interact:574,Intrvl:15,num_users:398,errors:0
rt:10.17,through:48.67,tt:0.36,num_interact:730,Intrvl:15,num_users:413,errors:0
rt:10.86,through:39.2,tt:0.34,num_interact:588,Intrvl:15,num_users:426,errors:0
rt:9.86,through:41.47,tt:0.34,num_interact:622,Intrvl:15,num_users:429,errors:0
rt:10.97,through:40.4,tt:0.35,num_interact:606,Intrvl:15,num_users:425,errors:0
rt:10.43,through:56.8,tt:0.35,num_interact:956,Intrvl:15,num_users:451,errors:0
rt:10.36,through:39.73,tt:0.37,num_interact:596,Intrvl:15,num_users:428,errors:0
rt:11.1,through:40.93,tt:0.36,num_interact:726,Intrvl:15,num_users:436,errors:0
rt:8.34,through:39.07,tt:0.35,num_interact:586,Intrvl:15,num_users:398,errors:0
rt:9.07,through:42.73,tt:0.36,num_interact:972,Intrvl:15,num_users:368,errors:0
rt:6.38,through:40.27,tt:0.34,num_interact:604,Intrvl:15,num_users:369,errors:0
rt:11.73,through:55.6,tt:0.39,num_interact:834,Intrvl:15,num_users:615,errors:0
rt:14.39,through:41.07,tt:0.38,num_interact:616,Intrvl:15,num_users:660,errors:0
rt:16.16,through:34.8,tt:0.33,num_interact:522,Intrvl:15,num_users:466,errors:0
rt:14.39,through:54.8,tt:0.37,num_interact:822,Intrvl:15,num_users:599,errors:0
rt:14.65,through:44.33,tt:0.37,num_interact:665,Intrvl:15,num_users:605,errors:0
rt:17.97,through:30.67,tt:0.34,num_interact:460,Intrvl:15,num_users:587,errors:0
rt:19.35,through:38.6,tt:0.35,num_interact:579,Intrvl:15,num_users:554,errors:0
rt:14.59,through:19.8,tt:0.38,num_interact:297,Intrvl:15,num_users:640,errors:0
rt:21.43,through:35,tt:0.37,num_interact:525,Intrvl:15,num_users:626,errors:0
rt:16.59,through:28.2,tt:0.34,num_interact:423,Intrvl:15,num_users:631,errors:0
rt:18.18,through:20.87,tt:0.35,num_interact:313,Intrvl:15,num_users:606,errors:0
rt:32.83,through:2.67,tt:0.33,num_interact:120,Intrvl:15,num_users:614,errors:0
rt:274.88,through:136.4,tt:0.36,num_interact:2048,Intrvl:15,num_users:672,errors:93
rt:108.64,through:38.33,tt:0.35,num_interact:679,Intrvl:15,num_users:636,errors:0
rt:9.29,through:42,tt:0.35,num_interact:630,Intrvl:15,num_users:536,errors:0
rt:8.65,through:39.07,tt:0.35,num_interact:586,Intrvl:15,num_users:536,errors:0
rt:8.89,through:55.53,tt:0.34,num_interact:833,Intrvl:15,num_users:551,errors:0
rt:8.53,through:40.93,tt:0.35,num_interact:614,Intrvl:15,num_users:555,errors:0
rt:9.9,through:36.87,tt:0.38,num_interact:553,Intrvl:15,num_users:560,errors:0
rt:10.09,through:56.33,tt:0.36,num_interact:845,Intrvl:15,num_users:618,errors:0
rt:11.09,through:38.67,tt:0.36,num_interact:580,Intrvl:15,num_users:632,errors:0
rt:13.35,through:33.73,tt:0.36,num_interact:582,Intrvl:15,num_users:632,errors:0
rt:12.24,through:36.73,tt:0.33,num_interact:551,Intrvl:15,num_users:611,errors:0
rt:10.71,through:38.33,tt:0.35,num_interact:687,Intrvl:15,num_users:561,errors:0
rt:10.15,through:39.13,tt:0.34,num_interact:652,Intrvl:15,num_users:629,errors:0
rt:11.11,through:38.33,tt:0.32,num_interact:575,Intrvl:15,num_users:583,errors:0
rt:11.32,through:43.33,tt:0.36,num_interact:650,Intrvl:15,num_users:586,errors:0
rt:10.71,through:34.4,tt:0.35,num_interact:566,Intrvl:15,num_users:629,errors:0
rt:14.12,through:21.13,tt:0.36,num_interact:317,Intrvl:15,num_users:610,errors:0
rt:17.28,through:63.67,tt:0.34,num_interact:955,Intrvl:15,num_users:633,errors:0
rt:11.77,through:42.67,tt:0.34,num_interact:640,Intrvl:15,num_users:643,errors:0
rt:12.44,through:38.13,tt:0.35,num_interact:572,Intrvl:15,num_users:620,errors:0
rt:11.9,through:36.87,tt:0.34,num_interact:553,Intrvl:15,num_users:583,errors:0
rt:10.15,through:36.13,tt:0.36,num_interact:542,Intrvl:15,num_users:603,errors:0
rt:9.54,through:42.47,tt:0.37,num_interact:637,Intrvl:15,num_users:508,errors:0
rt:8.8,through:36.33,tt:0.38,num_interact:545,Intrvl:15,num_users:570,errors:0
rt:15.06,through:69.67,tt:0.36,num_interact:1045,Intrvl:15,num_users:725,errors:0
rt:21.42,through:3.93,tt:0.33,num_interact:59,Intrvl:15,num_users:627,errors:0
rt:118.02,through:85.4,tt:0.34,num_interact:1281,Intrvl:15,num_users:668,errors:0
rt:9.9,through:43.2,tt:0.35,num_interact:648,Intrvl:15,num_users:580,errors:0
rt:8.74,through:47.2,tt:0.37,num_interact:1039,Intrvl:15,num_users:534,errors:0
rt:7.64,through:61.8,tt:0.35,num_interact:927,Intrvl:15,num_users:594,errors:0
rt:9.41,through:41.27,tt:0.36,num_interact:619,Intrvl:15,num_users:619,errors:0
rt:9.83,through:39.87,tt:0.34,num_interact:598,Intrvl:15,num_users:608,errors:0
rt:8.57,through:41.33,tt:0.34,num_interact:620,Intrvl:15,num_users:616,errors:0
rt:7.48,through:42.2,tt:0.35,num_interact:633,Intrvl:15,num_users:452,errors:0
rt:10.6,through:71.2,tt:0.36,num_interact:1069,Intrvl:15,num_users:652,errors:0
rt:11.2,through:39.33,tt:0.37,num_interact:590,Intrvl:15,num_users:655,errors:0
rt:12.24,through:40.93,tt:0.33,num_interact:614,Intrvl:15,num_users:617,errors:0
rt:9.03,through:18.6,tt:0.4,num_interact:279,Intrvl:15,num_users:645,errors:0
rt:25.53,through:2.8,tt:0.36,num_interact:42,Intrvl:15,num_users:711,errors:0
rt:40.22,through:1.4,tt:0.28,num_interact:21,Intrvl:15,num_users:706,errors:0
rt:55.76,through:0.93,tt:0.41,num_interact:14,Intrvl:15,num_users:637,errors:0
rt:249.08,through:27.4,tt:0.4,num_interact:411,Intrvl:15,num_users:734,errors:0
rt:261.38,through:1,tt:0.48,num_interact:15,Intrvl:15,num_users:676,errors:0
rt:269.16,through:0.53,tt:0.43,num_interact:8,Intrvl:15,num_users:670,errors:0
rt:285.76,through:7.33,tt:0.42,num_interact:110,Intrvl:15,num_users:535,errors:3
rt:234.97,through:1.6,tt:0.32,num_interact:24,Intrvl:15,num_users:539,errors:0
rt:204.35,through:15.2,tt:0.31,num_interact:228,Intrvl:15,num_users:458,errors:0
rt:26.85,through:42.07,tt:0.36,num_interact:631,Intrvl:15,num_users:525,errors:1
rt:8.27,through:28.53,tt:0.36,num_interact:428,Intrvl:15,num_users:734,errors:0
rt:23.89,through:1.53,tt:0.36,num_interact:23,Intrvl:15,num_users:679,errors:0
rt:41.55,through:2.8,tt:0.37,num_interact:42,Intrvl:15,num_users:630,errors:0
rt:390.46,through:39.4,tt:0.41,num_interact:591,Intrvl:15,num_users:745,errors:30
rt:435.31,through:2.07,tt:0.32,num_interact:31,Intrvl:15,num_users:608,errors:3
rt:167.84,through:113.6,tt:0.35,num_interact:1712,Intrvl:15,num_users:702,errors:13
rt:71.73,through:40.73,tt:0.35,num_interact:611,Intrvl:15,num_users:710,errors:0
rt:13.93,through:17.4,tt:0.33,num_interact:261,Intrvl:15,num_users:761,errors:0
rt:29.73,through:1.27,tt:0.34,num_interact:19,Intrvl:15,num_users:679,errors:0
rt:75.92,through:2,tt:0.32,num_interact:30,Intrvl:15,num_users:664,errors:0
rt:36.69,through:58.93,tt:0.36,num_interact:956,Intrvl:15,num_users:722,errors:0
rt:12.82,through:36.67,tt:0.35,num_interact:550,Intrvl:15,num_users:671,errors:0
rt:10.13,through:21.27,tt:0.34,num_interact:319,Intrvl:15,num_users:703,errors:0
rt:22.61,through:1.87,tt:0.33,num_interact:28,Intrvl:15,num_users:686,errors:0
rt:39.52,through:1.67,tt:0.43,num_interact:25,Intrvl:15,num_users:692,errors:0
rt:44.24,through:2.33,tt:0.38,num_interact:35,Intrvl:15,num_users:682,errors:0
rt:340.27,through:0.33,tt:0.34,num_interact:188,Intrvl:15,num_users:710,errors:0
rt:138.08,through:33,tt:0.35,num_interact:533,Intrvl:15,num_users:653,errors:0
rt:6.92,through:44,tt:0.37,num_interact:660,Intrvl:15,num_users:679,errors:0
rt:5.66,through:40.4,tt:0.32,num_interact:609,Intrvl:15,num_users:625,errors:0
rt:7.24,through:38.47,tt:0.36,num_interact:577,Intrvl:15,num_users:702,errors:0
rt:7.61,through:29.27,tt:0.36,num_interact:439,Intrvl:15,num_users:689,errors:0
rt:137.99,through:53.13,tt:0.36,num_interact:797,Intrvl:15,num_users:784,errors:0
rt:44.62,through:1.87,tt:0.38,num_interact:144,Intrvl:15,num_users:760,errors:0
rt:386.33,through:0.73,tt:0.19,num_interact:11,Intrvl:15,num_users:717,errors:0
rt:367.61,through:1.87,tt:0.41,num_interact:28,Intrvl:15,num_users:680,errors:0
rt:128.74,through:5.73,tt:0.35,num_interact:169,Intrvl:15,num_users:643,errors:0
rt:9.93,through:38,tt:0.36,num_interact:570,Intrvl:15,num_users:716,errors:0
rt:30.65,through:40.2,tt:0.34,num_interact:663,Intrvl:15,num_users:773,errors:0
rt:60.75,through:5.4,tt:0.37,num_interact:81,Intrvl:15,num_users:708,errors:0
rt:24.01,through:24.47,tt:0.4,num_interact:367,Intrvl:15,num_users:737,errors:0
rt:14.01,through:2.13,tt:0.34,num_interact:32,Intrvl:15,num_users:720,errors:0
rt:56.17,through:45.73,tt:0.35,num_interact:686,Intrvl:15,num_users:789,errors:0
rt:8.19,through:41.93,tt:0.37,num_interact:641,Intrvl:15,num_users:683,errors:0
rt:4.19,through:38.93,tt:0.35,num_interact:584,Intrvl:15,num_users:685,errors:0
rt:4.97,through:38.67,tt:0.38,num_interact:580,Intrvl:15,num_users:708,errors:0
rt:48.51,through:70.33,tt:0.35,num_interact:1055,Intrvl:15,num_users:719,errors:0
rt:6.19,through:35,tt:0.36,num_interact:525,Intrvl:15,num_users:714,errors:0
rt:5.41,through:15.53,tt:0.32,num_interact:233,Intrvl:15,num_users:758,errors:0
rt:19.33,through:2.07,tt:0.38,num_interact:31,Intrvl:15,num_users:760,errors:0
rt:37.62,through:1.13,tt:0.39,num_interact:17,Intrvl:15,num_users:737,errors:0
rt:112.17,through:18.73,tt:0.36,num_interact:281,Intrvl:15,num_users:828,errors:0
rt:125.82,through:2.07,tt:0.5,num_interact:31,Intrvl:15,num_users:730,errors:0
rt:59.73,through:61,tt:0.35,num_interact:1013,Intrvl:15,num_users:744,errors:0
rt:5.56,through:7.27,tt:0.34,num_interact:109,Intrvl:15,num_users:779,errors:0
rt:21.25,through:12.93,tt:0.39,num_interact:194,Intrvl:15,num_users:684,errors:0
rt:3.47,through:43.6,tt:0.35,num_interact:654,Intrvl:15,num_users:663,errors:0
rt:3.83,through:27.07,tt:0.36,num_interact:406,Intrvl:15,num_users:764,errors:0
rt:19.4,through:3.13,tt:0.41,num_interact:47,Intrvl:15,num_users:695,errors:0
rt:31.78,through:5.73,tt:0.39,num_interact:190,Intrvl:15,num_users:656,errors:0
rt:2.92,through:45.4,tt:0.35,num_interact:684,Intrvl:15,num_users:640,errors:0
rt:3.63,through:37.33,tt:0.37,num_interact:560,Intrvl:15,num_users:699,errors:0
rt:10.64,through:13.93,tt:0.39,num_interact:209,Intrvl:15,num_users:723,errors:0
rt:6.48,through:41.27,tt:0.35,num_interact:628,Intrvl:15,num_users:744,errors:0
rt:16.27,through:32.67,tt:0.33,num_interact:490,Intrvl:15,num_users:783,errors:0
rt:22.82,through:2.67,tt:0.28,num_interact:40,Intrvl:15,num_users:693,errors:0
rt:23.42,through:5.8,tt:0.34,num_interact:220,Intrvl:15,num_users:652,errors:0
rt:4.5,through:42.13,tt:0.33,num_interact:699,Intrvl:15,num_users:703,errors:0
rt:4.51,through:39.13,tt:0.37,num_interact:587,Intrvl:15,num_users:705,errors:0
rt:2.28,through:44.2,tt:0.36,num_interact:663,Intrvl:15,num_users:603,errors:0
rt:4.5,through:7.87,tt:0.39,num_interact:118,Intrvl:15,num_users:765,errors:0
rt:17.92,through:3.6,tt:0.38,num_interact:54,Intrvl:15,num_users:692,errors:0
rt:31.33,through:3.4,tt:0.51,num_interact:51,Intrvl:15,num_users:647,errors:0
rt:10.22,through:68,tt:0.34,num_interact:1024,Intrvl:15,num_users:661,errors:0
rt:4.17,through:36.27,tt:0.36,num_interact:544,Intrvl:15,num_users:679,errors:0
rt:4.52,through:57.33,tt:0.35,num_interact:989,Intrvl:15,num_users:685,errors:0
rt:5.2,through:32.33,tt:0.36,num_interact:485,Intrvl:15,num_users:736,errors:0
rt:16.24,through:3.6,tt:0.36,num_interact:54,Intrvl:15,num_users:676,errors:0
rt:32.22,through:4.67,tt:0.35,num_interact:70,Intrvl:15,num_users:711,errors:0
rt:12.72,through:24,tt:0.33,num_interact:364,Intrvl:15,num_users:625,errors:0
rt:2.79,through:43.8,tt:0.38,num_interact:657,Intrvl:15,num_users:631,errors:0
rt:3.86,through:37.8,tt:0.39,num_interact:567,Intrvl:15,num_users:686,errors:0
rt:3.4,through:44.73,tt:0.32,num_interact:671,Intrvl:15,num_users:645,errors:0
rt:5.7,through:37.33,tt:0.39,num_interact:706,Intrvl:15,num_users:702,errors:0
rt:6.53,through:44.4,tt:0.35,num_interact:666,Intrvl:15,num_users:678,errors:0
rt:3.99,through:41.87,tt:0.36,num_interact:838,Intrvl:15,num_users:671,errors:0
rt:5.56,through:36.4,tt:0.36,num_interact:546,Intrvl:15,num_users:662,errors:0
rt:4.63,through:37.6,tt:0.37,num_interact:564,Intrvl:15,num_users:708,errors:0
rt:6.36,through:31.53,tt:0.37,num_interact:473,Intrvl:15,num_users:736,errors:0
rt:9.08,through:22.13,tt:0.38,num_interact:332,Intrvl:15,num_users:759,errors:0
rt:20.63,through:4.27,tt:0.41,num_interact:64,Intrvl:15,num_users:714,errors:0
rt:14.15,through:29.33,tt:0.33,num_interact:440,Intrvl:15,num_users:666,errors:0
rt:5.06,through:17.2,tt:0.39,num_interact:258,Intrvl:15,num_users:743,errors:0
rt:42.74,through:28,tt:0.37,num_interact:420,Intrvl:15,num_users:803,errors:0
rt:26.51,through:52.07,tt:0.33,num_interact:781,Intrvl:15,num_users:747,errors:0
rt:6.08,through:30.8,tt:0.34,num_interact:462,Intrvl:15,num_users:728,errors:0
rt:10.56,through:4.87,tt:0.37,num_interact:73,Intrvl:15,num_users:724,errors:0
rt:26.26,through:1.93,tt:0.27,num_interact:29,Intrvl:15,num_users:708,errors:0
rt:23.23,through:19.47,tt:0.38,num_interact:293,Intrvl:15,num_users:666,errors:0
rt:5.3,through:33.93,tt:0.37,num_interact:509,Intrvl:15,num_users:729,errors:0
rt:4.62,through:41.07,tt:0.34,num_interact:616,Intrvl:15,num_users:671,errors:30
rt:3.38,through:41.2,tt:0.37,num_interact:632,Intrvl:15,num_users:654,errors:0
rt:2.59,through:48.4,tt:0.35,num_interact:726,Intrvl:15,num_users:632,errors:40
rt:2.55,through:49.27,tt:0.35,num_interact:849,Intrvl:15,num_users:638,errors:0
rt:3.19,through:32.87,tt:0.36,num_interact:493,Intrvl:15,num_users:706,errors:0
rt:20.67,through:3.93,tt:0.36,num_interact:59,Intrvl:15,num_users:739,errors:0
rt:32.58,through:2.47,tt:0.4,num_interact:37,Intrvl:15,num_users:707,errors:0
rt:77.07,through:69.67,tt:0.37,num_interact:1045,Intrvl:15,num_users:723,errors:0
rt:49.51,through:2.73,tt:0.39,num_interact:41,Intrvl:15,num_users:722,errors:0
rt:84.3,through:44.33,tt:0.34,num_interact:665,Intrvl:15,num_users:741,errors:0
rt:95.75,through:14.13,tt:0.39,num_interact:212,Intrvl:15,num_users:799,errors:0
rt:92.31,through:1.67,tt:0.52,num_interact:25,Intrvl:15,num_users:773,errors:0
rt:130.83,through:2.13,tt:0.38,num_interact:32,Intrvl:15,num_users:769,errors:0
rt:116.59,through:2.53,tt:0.3,num_interact:38,Intrvl:15,num_users:701,errors:0
rt:82.06,through:6.6,tt:0.35,num_interact:113,Intrvl:15,num_users:695,errors:0
rt:10.15,through:29.93,tt:0.35,num_interact:449,Intrvl:15,num_users:762,errors:0
rt:5.9,through:31.13,tt:0.33,num_interact:467,Intrvl:15,num_users:730,errors:0
rt:4.1,through:28.53,tt:0.37,num_interact:428,Intrvl:15,num_users:665,errors:0
rt:4.43,through:32.53,tt:0.35,num_interact:488,Intrvl:15,num_users:709,errors:0
rt:4.04,through:29.07,tt:0.34,num_interact:436,Intrvl:15,num_users:666,errors:0
rt:5.18,through:29.8,tt:0.39,num_interact:450,Intrvl:15,num_users:733,errors:0
rt:5.63,through:26.47,tt:0.36,num_interact:397,Intrvl:15,num_users:738,errors:0
rt:15.24,through:8.13,tt:0.38,num_interact:122,Intrvl:15,num_users:699,errors:0
rt:7.02,through:32,tt:0.35,num_interact:480,Intrvl:15,num_users:701,errors:0
rt:3.61,through:28.2,tt:0.34,num_interact:423,Intrvl:15,num_users:644,errors:0
rt:3.53,through:32.2,tt:0.35,num_interact:483,Intrvl:15,num_users:666,errors:0
rt:4.81,through:31.47,tt:0.36,num_interact:472,Intrvl:15,num_users:719,errors:0
rt:5.77,through:22.33,tt:0.38,num_interact:335,Intrvl:15,num_users:739,errors:0
rt:15.86,through:2.67,tt:0.4,num_interact:40,Intrvl:15,num_users:729,errors:0
rt:67.9,through:36.93,tt:0.35,num_interact:554,Intrvl:15,num_users:760,errors:0
rt:8.36,through:39.27,tt:0.37,num_interact:589,Intrvl:15,num_users:592,errors:0
rt:1.81,through:32.13,tt:0.36,num_interact:482,Intrvl:15,num_users:596,errors:0
rt:4.51,through:19.33,tt:0.43,num_interact:290,Intrvl:15,num_users:734,errors:0
rt:13.52,through:22.93,tt:0.37,num_interact:345,Intrvl:15,num_users:765,errors:0
rt:18.68,through:22.13,tt:0.36,num_interact:332,Intrvl:15,num_users:792,errors:0
rt:58.87,through:9.6,tt:0.31,num_interact:144,Intrvl:15,num_users:723,errors:0
rt:103.88,through:1.33,tt:0.3,num_interact:20,Intrvl:15,num_users:720,errors:0
rt:105.08,through:12.07,tt:0.31,num_interact:181,Intrvl:15,num_users:744,errors:0
rt:90.83,through:0.6,tt:0.31,num_interact:133,Intrvl:15,num_users:756,errors:0
rt:100.43,through:3.6,tt:0.39,num_interact:54,Intrvl:15,num_users:715,errors:0
rt:74.8,through:5.13,tt:0.39,num_interact:77,Intrvl:15,num_users:690,errors:0
rt:37.32,through:7.73,tt:0.33,num_interact:116,Intrvl:15,num_users:678,errors:0
rt:4.24,through:39.47,tt:0.37,num_interact:592,Intrvl:15,num_users:612,errors:0
rt:3.61,through:31.6,tt:0.37,num_interact:475,Intrvl:15,num_users:688,errors:0
rt:4.32,through:31.93,tt:0.35,num_interact:479,Intrvl:15,num_users:701,errors:0
rt:5.91,through:18.87,tt:0.38,num_interact:284,Intrvl:15,num_users:751,errors:0
rt:10.1,through:35.13,tt:0.33,num_interact:533,Intrvl:15,num_users:704,errors:0
rt:6.6,through:14.73,tt:0.41,num_interact:221,Intrvl:15,num_users:780,errors:0
rt:29.64,through:32.33,tt:0.35,num_interact:485,Intrvl:15,num_users:654,errors:0
rt:4.51,through:29.33,tt:0.36,num_interact:440,Intrvl:15,num_users:725,errors:0
rt:37.37,through:67.13,tt:0.35,num_interact:1007,Intrvl:15,num_users:738,errors:0
rt:8.7,through:7.47,tt:0.33,num_interact:112,Intrvl:15,num_users:729,errors:0
rt:32.39,through:26.33,tt:0.37,num_interact:395,Intrvl:15,num_users:767,errors:0
rt:6.98,through:28.93,tt:0.34,num_interact:459,Intrvl:15,num_users:724,errors:0
rt:11.27,through:12.67,tt:0.34,num_interact:239,Intrvl:15,num_users:784,errors:0
rt:49.65,through:1.67,tt:0.39,num_interact:25,Intrvl:15,num_users:751,errors:0
rt:72.64,through:39.93,tt:0.35,num_interact:599,Intrvl:15,num_users:779,errors:0
rt:96.71,through:17.27,tt:0.36,num_interact:259,Intrvl:15,num_users:799,errors:0
rt:69.11,through:7.4,tt:0.33,num_interact:111,Intrvl:15,num_users:780,errors:0
rt:21.55,through:5.4,tt:0.4,num_interact:81,Intrvl:15,num_users:750,errors:0
rt:32.81,through:13.13,tt:0.36,num_interact:197,Intrvl:15,num_users:799,errors:0
rt:8.77,through:14.4,tt:0.35,num_interact:216,Intrvl:15,num_users:716,errors:0
rt:10.73,through:23.33,tt:0.38,num_interact:350,Intrvl:15,num_users:769,errors:0
rt:14.77,through:9.33,tt:0.35,num_interact:140,Intrvl:15,num_users:738,errors:0
rt:1.04,through:27.53,tt:0.32,num_interact:413,Intrvl:15,num_users:656,errors:0
rt:2.19,through:30.73,tt:0.36,num_interact:461,Intrvl:15,num_users:707,errors:0
rt:1.71,through:30.53,tt:0.33,num_interact:458,Intrvl:15,num_users:683,errors:0
rt:2.56,through:2.6,tt:0.26,num_interact:39,Intrvl:15,num_users:821,errors:0
