Remote Browser Emulator for TPC-W.
  ECE 902  Fall '99
  Version 1.5
System's current path is /root/loadtest
rt:0.13,through:2.07,tt:0.36,num_interact:31,Intrvl:15,num_users:1,errors:0
rt:2.17,through:7.13,tt:0.35,num_interact:107,Intrvl:15,num_users:20,errors:0
rt:6.86,through:6.67,tt:0.38,num_interact:100,Intrvl:15,num_users:80,errors:0
rt:11.11,through:8.4,tt:0.39,num_interact:126,Intrvl:15,num_users:120,errors:0
rt:13.08,through:8.13,tt:0.42,num_interact:122,Intrvl:15,num_users:180,errors:0
rt:14.82,through:8,tt:0.4,num_interact:120,Intrvl:15,num_users:240,errors:0
rt:24.26,through:8.87,tt:0.4,num_interact:133,Intrvl:15,num_users:280,errors:0
rt:25.01,through:8.4,tt:0.4,num_interact:126,Intrvl:15,num_users:310,errors:0
rt:35.31,through:8.13,tt:0.4,num_interact:122,Intrvl:15,num_users:370,errors:1
rt:35.28,through:8.4,tt:0.38,num_interact:126,Intrvl:15,num_users:346,errors:1
rt:39.35,through:6.93,tt:0.43,num_interact:104,Intrvl:15,num_users:348,errors:16
rt:42.84,through:7.27,tt:0.34,num_interact:109,Intrvl:15,num_users:342,errors:0
rt:43.52,through:8.27,tt:0.35,num_interact:124,Intrvl:15,num_users:410,errors:8
rt:39.51,through:8.4,tt:0.39,num_interact:126,Intrvl:15,num_users:357,errors:0
rt:45.5,through:4.87,tt:0.28,num_interact:73,Intrvl:15,num_users:327,errors:25
rt:48.06,through:6.07,tt:0.35,num_interact:91,Intrvl:15,num_users:292,errors:0
rt:47.24,through:6.67,tt:0.36,num_interact:100,Intrvl:15,num_users:304,errors:3
rt:52.1,through:6.73,tt:0.32,num_interact:101,Intrvl:15,num_users:353,errors:0
rt:41.6,through:8.4,tt:0.36,num_interact:126,Intrvl:15,num_users:368,errors:23
rt:36.14,through:6.33,tt:0.35,num_interact:95,Intrvl:15,num_users:349,errors:1
rt:41.73,through:6.87,tt:0.39,num_interact:103,Intrvl:15,num_users:317,errors:23
rt:46.84,through:6.2,tt:0.29,num_interact:93,Intrvl:15,num_users:324,errors:8
rt:44.45,through:7.27,tt:0.34,num_interact:109,Intrvl:15,num_users:366,errors:0
rt:53.01,through:8.2,tt:0.33,num_interact:123,Intrvl:15,num_users:348,errors:16
rt:44.04,through:6.4,tt:0.38,num_interact:96,Intrvl:15,num_users:330,errors:0
rt:45.81,through:6.8,tt:0.41,num_interact:102,Intrvl:15,num_users:320,errors:15
rt:50.02,through:7.73,tt:0.3,num_interact:116,Intrvl:15,num_users:333,errors:1
rt:43.34,through:8.33,tt:0.36,num_interact:125,Intrvl:15,num_users:342,errors:7
rt:42.99,through:6.67,tt:0.39,num_interact:100,Intrvl:15,num_users:308,errors:5
rt:38.43,through:7.8,tt:0.37,num_interact:117,Intrvl:15,num_users:295,errors:0
rt:44.24,through:6.93,tt:0.35,num_interact:104,Intrvl:15,num_users:311,errors:9
rt:35.57,through:8.2,tt:0.34,num_interact:123,Intrvl:15,num_users:346,errors:0
rt:37.51,through:8.07,tt:0.38,num_interact:121,Intrvl:15,num_users:345,errors:14
rt:41.28,through:7.67,tt:0.44,num_interact:115,Intrvl:15,num_users:368,errors:0
rt:42.84,through:7.93,tt:0.38,num_interact:119,Intrvl:15,num_users:329,errors:18
rt:41.19,through:6.13,tt:0.33,num_interact:92,Intrvl:15,num_users:336,errors:0
rt:43.68,through:7,tt:0.41,num_interact:105,Intrvl:15,num_users:297,errors:17
rt:49.88,through:6.53,tt:0.31,num_interact:98,Intrvl:15,num_users:324,errors:1
rt:41.78,through:7.8,tt:0.34,num_interact:117,Intrvl:15,num_users:343,errors:10
rt:41.07,through:7.2,tt:0.33,num_interact:108,Intrvl:15,num_users:348,errors:5
rt:40.22,through:8.33,tt:0.36,num_interact:125,Intrvl:15,num_users:401,errors:2
rt:45.4,through:6.33,tt:0.35,num_interact:95,Intrvl:15,num_users:325,errors:22
rt:44.88,through:5.73,tt:0.34,num_interact:86,Intrvl:15,num_users:286,errors:0
rt:49.95,through:4.2,tt:0.3,num_interact:63,Intrvl:15,num_users:272,errors:18
rt:48.83,through:7,tt:0.31,num_interact:105,Intrvl:15,num_users:369,errors:0
rt:46.02,through:8.07,tt:0.4,num_interact:121,Intrvl:15,num_users:383,errors:8
rt:44.54,through:6.53,tt:0.39,num_interact:98,Intrvl:15,num_users:339,errors:0
rt:43.67,through:7.4,tt:0.33,num_interact:111,Intrvl:15,num_users:357,errors:13
rt:45.16,through:7.47,tt:0.34,num_interact:112,Intrvl:15,num_users:337,errors:1
rt:44.21,through:6.47,tt:0.34,num_interact:97,Intrvl:15,num_users:323,errors:15
rt:48.61,through:5.67,tt:0.37,num_interact:85,Intrvl:15,num_users:248,errors:2
rt:38.43,through:6.4,tt:0.36,num_interact:96,Intrvl:15,num_users:304,errors:11
rt:51.62,through:6.07,tt:0.31,num_interact:91,Intrvl:15,num_users:278,errors:3
rt:36.39,through:7.53,tt:0.35,num_interact:113,Intrvl:15,num_users:275,errors:1
rt:40.5,through:6.4,tt:0.37,num_interact:96,Intrvl:15,num_users:280,errors:14
rt:39.37,through:8.53,tt:0.35,num_interact:128,Intrvl:15,num_users:395,errors:0
rt:40.64,through:6.67,tt:0.37,num_interact:100,Intrvl:15,num_users:268,errors:16
rt:35.55,through:3.27,tt:0.35,num_interact:49,Intrvl:15,num_users:279,errors:0
rt:44.9,through:5.67,tt:0.35,num_interact:85,Intrvl:15,num_users:271,errors:11
rt:51.28,through:7.73,tt:0.38,num_interact:116,Intrvl:15,num_users:308,errors:0
rt:40.05,through:7.33,tt:0.35,num_interact:110,Intrvl:15,num_users:254,errors:13
rt:37.19,through:6,tt:0.4,num_interact:90,Intrvl:15,num_users:327,errors:0
rt:36.99,through:7.4,tt:0.39,num_interact:111,Intrvl:15,num_users:291,errors:15
rt:40.43,through:5.2,tt:0.32,num_interact:78,Intrvl:15,num_users:265,errors:0
rt:39.48,through:7.07,tt:0.39,num_interact:106,Intrvl:15,num_users:244,errors:15
rt:40.94,through:4.93,tt:0.47,num_interact:74,Intrvl:15,num_users:195,errors:0
rt:31.57,through:7.13,tt:0.38,num_interact:107,Intrvl:15,num_users:396,errors:5
rt:32.39,through:6.8,tt:0.41,num_interact:102,Intrvl:15,num_users:353,errors:4
rt:37,through:7.2,tt:0.41,num_interact:108,Intrvl:15,num_users:348,errors:2
rt:23.45,through:15.6,tt:0.41,num_interact:234,Intrvl:15,num_users:335,errors:7
rt:24.94,through:15.53,tt:0.37,num_interact:233,Intrvl:15,num_users:314,errors:3
rt:21.4,through:15.93,tt:0.33,num_interact:239,Intrvl:15,num_users:289,errors:7
rt:19.06,through:15.33,tt:0.39,num_interact:230,Intrvl:15,num_users:420,errors:0
rt:21.98,through:16.73,tt:0.35,num_interact:251,Intrvl:15,num_users:369,errors:17
rt:21.14,through:12.2,tt:0.37,num_interact:183,Intrvl:15,num_users:343,errors:0
rt:19.69,through:16.33,tt:0.37,num_interact:245,Intrvl:15,num_users:356,errors:16
rt:23.31,through:14.67,tt:0.36,num_interact:220,Intrvl:15,num_users:317,errors:1
rt:19.31,through:15,tt:0.4,num_interact:225,Intrvl:15,num_users:357,errors:16
rt:21.4,through:16.13,tt:0.37,num_interact:242,Intrvl:15,num_users:337,errors:2
rt:20.81,through:13.2,tt:0.3,num_interact:198,Intrvl:15,num_users:307,errors:7
rt:19.04,through:16.8,tt:0.34,num_interact:252,Intrvl:15,num_users:366,errors:9
rt:20.55,through:16.73,tt:0.34,num_interact:251,Intrvl:15,num_users:401,errors:0
rt:22.71,through:13.8,tt:0.33,num_interact:207,Intrvl:15,num_users:294,errors:13
rt:19.54,through:14.2,tt:0.39,num_interact:213,Intrvl:15,num_users:366,errors:0
rt:22.17,through:15.27,tt:0.37,num_interact:229,Intrvl:15,num_users:354,errors:6
rt:21.76,through:15.67,tt:0.35,num_interact:235,Intrvl:15,num_users:368,errors:0
rt:22.26,through:17.2,tt:0.33,num_interact:258,Intrvl:15,num_users:364,errors:24
rt:21.32,through:14.8,tt:0.35,num_interact:222,Intrvl:15,num_users:360,errors:0
rt:22.41,through:17.33,tt:0.33,num_interact:260,Intrvl:15,num_users:353,errors:17
rt:19.4,through:14.33,tt:0.32,num_interact:215,Intrvl:15,num_users:325,errors:2
rt:20.48,through:15.4,tt:0.32,num_interact:231,Intrvl:15,num_users:296,errors:13
rt:16.06,through:13.87,tt:0.3,num_interact:208,Intrvl:15,num_users:274,errors:1
rt:16.88,through:15.8,tt:0.37,num_interact:237,Intrvl:15,num_users:291,errors:1
rt:20.06,through:16.93,tt:0.4,num_interact:254,Intrvl:15,num_users:327,errors:14
rt:17.15,through:16,tt:0.36,num_interact:240,Intrvl:15,num_users:301,errors:0
rt:20.34,through:18.93,tt:0.34,num_interact:284,Intrvl:15,num_users:318,errors:7
rt:15.67,through:16.93,tt:0.33,num_interact:254,Intrvl:15,num_users:298,errors:0
rt:18.03,through:13.73,tt:0.35,num_interact:206,Intrvl:15,num_users:309,errors:18
rt:18.24,through:14.47,tt:0.36,num_interact:217,Intrvl:15,num_users:326,errors:0
rt:20.56,through:15.87,tt:0.36,num_interact:238,Intrvl:15,num_users:289,errors:11
rt:18.38,through:14.87,tt:0.32,num_interact:223,Intrvl:15,num_users:305,errors:10
rt:16.63,through:16.27,tt:0.32,num_interact:244,Intrvl:15,num_users:303,errors:0
rt:20.87,through:14.93,tt:0.35,num_interact:224,Intrvl:15,num_users:280,errors:16
rt:15.9,through:16.67,tt:0.37,num_interact:250,Intrvl:15,num_users:339,errors:0
rt:20.6,through:16.87,tt:0.39,num_interact:253,Intrvl:15,num_users:281,errors:13
rt:14.21,through:12.87,tt:0.36,num_interact:193,Intrvl:15,num_users:303,errors:1
rt:19.23,through:17.2,tt:0.34,num_interact:258,Intrvl:15,num_users:289,errors:19
rt:18.09,through:14.4,tt:0.41,num_interact:216,Intrvl:15,num_users:357,errors:1
rt:19.15,through:16.8,tt:0.32,num_interact:252,Intrvl:15,num_users:374,errors:10
rt:22.99,through:16,tt:0.37,num_interact:240,Intrvl:15,num_users:375,errors:4
rt:19.21,through:14.47,tt:0.33,num_interact:217,Intrvl:15,num_users:321,errors:0
rt:20.53,through:15.6,tt:0.31,num_interact:234,Intrvl:15,num_users:339,errors:17
rt:19.72,through:16.33,tt:0.37,num_interact:245,Intrvl:15,num_users:353,errors:0
rt:20.83,through:14.87,tt:0.37,num_interact:223,Intrvl:15,num_users:280,errors:16
rt:18.7,through:12.47,tt:0.35,num_interact:187,Intrvl:15,num_users:291,errors:0
rt:18.6,through:18.13,tt:0.38,num_interact:272,Intrvl:15,num_users:344,errors:6
rt:17.95,through:15.6,tt:0.37,num_interact:234,Intrvl:15,num_users:335,errors:0
rt:20.24,through:17.4,tt:0.37,num_interact:261,Intrvl:15,num_users:380,errors:20
rt:22.76,through:15,tt:0.34,num_interact:225,Intrvl:15,num_users:365,errors:0
rt:18.57,through:13.53,tt:0.34,num_interact:203,Intrvl:15,num_users:298,errors:10
rt:17.78,through:14.07,tt:0.33,num_interact:211,Intrvl:15,num_users:304,errors:6
rt:18.66,through:17.27,tt:0.33,num_interact:259,Intrvl:15,num_users:291,errors:11
rt:18.82,through:14.6,tt:0.33,num_interact:219,Intrvl:15,num_users:285,errors:7
rt:16.55,through:14.47,tt:0.36,num_interact:217,Intrvl:15,num_users:263,errors:3
rt:16.09,through:19.67,tt:0.34,num_interact:295,Intrvl:15,num_users:307,errors:19
rt:13.15,through:23.6,tt:0.34,num_interact:354,Intrvl:15,num_users:262,errors:0
rt:14.4,through:20.73,tt:0.37,num_interact:311,Intrvl:15,num_users:354,errors:15
rt:11.59,through:25.27,tt:0.34,num_interact:379,Intrvl:15,num_users:330,errors:0
rt:15.55,through:24.53,tt:0.37,num_interact:368,Intrvl:15,num_users:402,errors:6
rt:13.33,through:23.73,tt:0.35,num_interact:356,Intrvl:15,num_users:359,errors:0
rt:15.02,through:24.13,tt:0.36,num_interact:362,Intrvl:15,num_users:368,errors:6
rt:11.91,through:21.4,tt:0.34,num_interact:321,Intrvl:15,num_users:279,errors:0
rt:12.93,through:23.47,tt:0.34,num_interact:352,Intrvl:15,num_users:321,errors:2
rt:12.32,through:24.33,tt:0.37,num_interact:365,Intrvl:15,num_users:314,errors:0
rt:12.52,through:25.27,tt:0.36,num_interact:379,Intrvl:15,num_users:324,errors:1
rt:13.28,through:23.93,tt:0.35,num_interact:359,Intrvl:15,num_users:333,errors:0
rt:10.66,through:23.93,tt:0.32,num_interact:359,Intrvl:15,num_users:266,errors:1
rt:12.35,through:23.13,tt:0.35,num_interact:347,Intrvl:15,num_users:314,errors:0
rt:11.48,through:24.93,tt:0.36,num_interact:374,Intrvl:15,num_users:304,errors:0
rt:12.47,through:24,tt:0.36,num_interact:360,Intrvl:15,num_users:324,errors:0
rt:12.78,through:24.8,tt:0.33,num_interact:372,Intrvl:15,num_users:313,errors:0
rt:10.71,through:25.07,tt:0.36,num_interact:376,Intrvl:15,num_users:294,errors:0
rt:11.82,through:23.6,tt:0.35,num_interact:354,Intrvl:15,num_users:306,errors:0
rt:11.74,through:27.73,tt:0.36,num_interact:416,Intrvl:15,num_users:321,errors:1
rt:13.23,through:24.2,tt:0.33,num_interact:363,Intrvl:15,num_users:319,errors:0
rt:11.64,through:25.2,tt:0.4,num_interact:378,Intrvl:15,num_users:318,errors:0
rt:10.02,through:24.93,tt:0.37,num_interact:374,Intrvl:15,num_users:264,errors:0
rt:12.77,through:22.8,tt:0.36,num_interact:342,Intrvl:15,num_users:314,errors:0
rt:10.31,through:25.07,tt:0.35,num_interact:376,Intrvl:15,num_users:292,errors:0
rt:12.89,through:24.2,tt:0.36,num_interact:363,Intrvl:15,num_users:328,errors:0
rt:12.6,through:25.6,tt:0.38,num_interact:384,Intrvl:15,num_users:363,errors:0
rt:12.6,through:23.27,tt:0.37,num_interact:349,Intrvl:15,num_users:321,errors:5
rt:13.91,through:25.33,tt:0.39,num_interact:380,Intrvl:15,num_users:378,errors:0
rt:13.71,through:23.67,tt:0.37,num_interact:355,Intrvl:15,num_users:356,errors:0
rt:12.77,through:21.6,tt:0.34,num_interact:324,Intrvl:15,num_users:274,errors:0
rt:11.06,through:23.87,tt:0.32,num_interact:358,Intrvl:15,num_users:312,errors:0
rt:12.31,through:25.47,tt:0.35,num_interact:384,Intrvl:15,num_users:352,errors:0
rt:13.06,through:24.93,tt:0.35,num_interact:374,Intrvl:15,num_users:346,errors:0
rt:12.66,through:24.33,tt:0.37,num_interact:365,Intrvl:15,num_users:313,errors:0
rt:12.46,through:25.2,tt:0.34,num_interact:378,Intrvl:15,num_users:321,errors:0
rt:13.52,through:25.67,tt:0.39,num_interact:385,Intrvl:15,num_users:370,errors:0
rt:12.3,through:24.53,tt:0.34,num_interact:368,Intrvl:15,num_users:339,errors:0
rt:13.97,through:25,tt:0.36,num_interact:375,Intrvl:15,num_users:346,errors:0
rt:13.21,through:25.2,tt:0.36,num_interact:378,Intrvl:15,num_users:341,errors:0
rt:12.17,through:25.07,tt:0.36,num_interact:376,Intrvl:15,num_users:340,errors:0
rt:14.24,through:25.2,tt:0.36,num_interact:378,Intrvl:15,num_users:339,errors:0
rt:12.26,through:25.4,tt:0.36,num_interact:381,Intrvl:15,num_users:345,errors:0
rt:12.4,through:23.33,tt:0.33,num_interact:350,Intrvl:15,num_users:296,errors:0
rt:11.91,through:25.4,tt:0.37,num_interact:381,Intrvl:15,num_users:321,errors:0
rt:14.34,through:24.67,tt:0.4,num_interact:370,Intrvl:15,num_users:512,errors:0
rt:18.93,through:26.93,tt:0.36,num_interact:404,Intrvl:15,num_users:710,errors:0
rt:21.71,through:16.07,tt:0.37,num_interact:241,Intrvl:15,num_users:276,errors:0
rt:17.74,through:20.8,tt:0.37,num_interact:312,Intrvl:15,num_users:276,errors:0
rt:15.73,through:21.2,tt:0.4,num_interact:318,Intrvl:15,num_users:335,errors:0
rt:16.32,through:23.47,tt:0.35,num_interact:352,Intrvl:15,num_users:308,errors:0
rt:16.74,through:24.07,tt:0.36,num_interact:361,Intrvl:15,num_users:348,errors:0
rt:16.28,through:25.67,tt:0.33,num_interact:385,Intrvl:15,num_users:330,errors:0
rt:15.45,through:24.27,tt:0.32,num_interact:364,Intrvl:15,num_users:314,errors:1
rt:15.7,through:24.53,tt:0.33,num_interact:368,Intrvl:15,num_users:320,errors:0
rt:15.3,through:25.87,tt:0.32,num_interact:388,Intrvl:15,num_users:372,errors:0
rt:16.93,through:22.47,tt:0.32,num_interact:337,Intrvl:15,num_users:300,errors:2
rt:16.4,through:24.13,tt:0.37,num_interact:362,Intrvl:15,num_users:366,errors:0
rt:16.86,through:25.27,tt:0.37,num_interact:379,Intrvl:15,num_users:382,errors:0
rt:17.68,through:23.87,tt:0.32,num_interact:358,Intrvl:15,num_users:346,errors:0
rt:16.07,through:23.93,tt:0.32,num_interact:359,Intrvl:15,num_users:305,errors:0
rt:16.88,through:24.13,tt:0.37,num_interact:362,Intrvl:15,num_users:421,errors:0
rt:18.48,through:20.2,tt:0.37,num_interact:303,Intrvl:15,num_users:305,errors:0
rt:15.77,through:22.87,tt:0.34,num_interact:343,Intrvl:15,num_users:300,errors:0
rt:15.82,through:23.73,tt:0.34,num_interact:356,Intrvl:15,num_users:318,errors:0
rt:15.88,through:26.53,tt:0.39,num_interact:398,Intrvl:15,num_users:327,errors:0
rt:16.05,through:25.2,tt:0.37,num_interact:378,Intrvl:15,num_users:376,errors:0
rt:17.34,through:23.13,tt:0.36,num_interact:347,Intrvl:15,num_users:306,errors:0
rt:14.35,through:23.27,tt:0.37,num_interact:349,Intrvl:15,num_users:317,errors:11
rt:15.55,through:26.27,tt:0.36,num_interact:394,Intrvl:15,num_users:313,errors:0
rt:12.33,through:34.87,tt:0.34,num_interact:523,Intrvl:15,num_users:350,errors:0
rt:12.05,through:33.8,tt:0.33,num_interact:511,Intrvl:15,num_users:364,errors:0
rt:12.14,through:33.4,tt:0.35,num_interact:501,Intrvl:15,num_users:324,errors:0
rt:11.88,through:32.73,tt:0.34,num_interact:491,Intrvl:15,num_users:352,errors:0
rt:12.22,through:34.6,tt:0.37,num_interact:519,Intrvl:15,num_users:367,errors:0
rt:12.95,through:32.73,tt:0.34,num_interact:491,Intrvl:15,num_users:364,errors:0
rt:13.45,through:36.87,tt:0.34,num_interact:553,Intrvl:15,num_users:407,errors:0
rt:12.52,through:31.6,tt:0.35,num_interact:483,Intrvl:15,num_users:342,errors:0
rt:12.51,through:32.67,tt:0.33,num_interact:490,Intrvl:15,num_users:334,errors:0
rt:11.45,through:33.13,tt:0.37,num_interact:497,Intrvl:15,num_users:316,errors:0
rt:10.93,through:33.53,tt:0.37,num_interact:503,Intrvl:15,num_users:309,errors:0
rt:12.11,through:33.87,tt:0.36,num_interact:508,Intrvl:15,num_users:345,errors:0
rt:11.53,through:33.73,tt:0.34,num_interact:506,Intrvl:15,num_users:359,errors:0
rt:12.31,through:32.67,tt:0.35,num_interact:490,Intrvl:15,num_users:308,errors:1
rt:11.12,through:32.33,tt:0.35,num_interact:489,Intrvl:15,num_users:318,errors:0
rt:12.38,through:34.27,tt:0.36,num_interact:514,Intrvl:15,num_users:398,errors:0
rt:13.16,through:32.33,tt:0.33,num_interact:485,Intrvl:15,num_users:341,errors:0
rt:12.67,through:32.2,tt:0.35,num_interact:483,Intrvl:15,num_users:380,errors:0
rt:11.93,through:31.33,tt:0.36,num_interact:470,Intrvl:15,num_users:316,errors:0
rt:13.3,through:33.2,tt:0.36,num_interact:498,Intrvl:15,num_users:414,errors:0
rt:13.69,through:32.27,tt:0.35,num_interact:484,Intrvl:15,num_users:355,errors:0
rt:12.25,through:32.4,tt:0.31,num_interact:486,Intrvl:15,num_users:349,errors:0
rt:12.38,through:33.07,tt:0.37,num_interact:496,Intrvl:15,num_users:350,errors:0
rt:12.76,through:33.47,tt:0.36,num_interact:502,Intrvl:15,num_users:392,errors:0
rt:13.01,through:32.8,tt:0.34,num_interact:492,Intrvl:15,num_users:349,errors:0
rt:12.92,through:34.47,tt:0.34,num_interact:517,Intrvl:15,num_users:383,errors:0
rt:12.84,through:33,tt:0.35,num_interact:495,Intrvl:15,num_users:355,errors:0
rt:12.76,through:32.93,tt:0.35,num_interact:494,Intrvl:15,num_users:374,errors:0
rt:13.31,through:33.07,tt:0.37,num_interact:499,Intrvl:15,num_users:382,errors:0
rt:12.71,through:35.27,tt:0.35,num_interact:529,Intrvl:15,num_users:375,errors:0
rt:13.58,through:33.67,tt:0.36,num_interact:505,Intrvl:15,num_users:424,errors:0
rt:14.46,through:33.13,tt:0.37,num_interact:498,Intrvl:15,num_users:395,errors:0
rt:14.01,through:33,tt:0.38,num_interact:495,Intrvl:15,num_users:424,errors:0
rt:13.77,through:31.2,tt:0.34,num_interact:468,Intrvl:15,num_users:340,errors:0
rt:12.09,through:31.67,tt:0.36,num_interact:475,Intrvl:15,num_users:322,errors:0
rt:11.13,through:32.33,tt:0.36,num_interact:485,Intrvl:15,num_users:298,errors:0
rt:11.81,through:33.87,tt:0.38,num_interact:508,Intrvl:15,num_users:351,errors:0
rt:12.4,through:34.07,tt:0.37,num_interact:511,Intrvl:15,num_users:363,errors:0
rt:12.69,through:34.4,tt:0.35,num_interact:516,Intrvl:15,num_users:362,errors:0
rt:12.16,through:33.33,tt:0.34,num_interact:500,Intrvl:15,num_users:346,errors:0
rt:12.52,through:34,tt:0.36,num_interact:510,Intrvl:15,num_users:377,errors:0
rt:12.2,through:29.27,tt:0.3,num_interact:439,Intrvl:15,num_users:320,errors:0
rt:12.12,through:34.2,tt:0.36,num_interact:513,Intrvl:15,num_users:360,errors:0
rt:13.08,through:34.27,tt:0.34,num_interact:514,Intrvl:15,num_users:378,errors:0
rt:12.66,through:32.73,tt:0.33,num_interact:491,Intrvl:15,num_users:370,errors:0
rt:12.32,through:31.07,tt:0.33,num_interact:466,Intrvl:15,num_users:308,errors:0
rt:12.18,through:34.53,tt:0.37,num_interact:518,Intrvl:15,num_users:350,errors:0
rt:11.85,through:32.67,tt:0.35,num_interact:490,Intrvl:15,num_users:329,errors:0
rt:11.71,through:33.33,tt:0.37,num_interact:500,Intrvl:15,num_users:350,errors:0
rt:12.28,through:33.33,tt:0.38,num_interact:503,Intrvl:15,num_users:320,errors:0
rt:10.82,through:33.13,tt:0.35,num_interact:497,Intrvl:15,num_users:307,errors:0
rt:11.25,through:33.07,tt:0.38,num_interact:496,Intrvl:15,num_users:329,errors:0
rt:11.99,through:33.67,tt:0.37,num_interact:505,Intrvl:15,num_users:308,errors:0
rt:11.18,through:32.73,tt:0.38,num_interact:491,Intrvl:15,num_users:314,errors:0
rt:11.66,through:34.93,tt:0.37,num_interact:525,Intrvl:15,num_users:372,errors:0
rt:12.48,through:30.93,tt:0.35,num_interact:464,Intrvl:15,num_users:355,errors:0
rt:13.06,through:32.33,tt:0.37,num_interact:485,Intrvl:15,num_users:337,errors:0
rt:11.86,through:35.2,tt:0.34,num_interact:528,Intrvl:15,num_users:341,errors:0
rt:12.09,through:33.53,tt:0.34,num_interact:503,Intrvl:15,num_users:334,errors:0
rt:12.9,through:32.93,tt:0.38,num_interact:504,Intrvl:15,num_users:375,errors:0
rt:12.71,through:35.07,tt:0.34,num_interact:526,Intrvl:15,num_users:382,errors:0
rt:12.45,through:33.27,tt:0.36,num_interact:500,Intrvl:15,num_users:351,errors:0
rt:13.13,through:33.4,tt:0.37,num_interact:502,Intrvl:15,num_users:407,errors:0
rt:13.93,through:32.73,tt:0.37,num_interact:491,Intrvl:15,num_users:431,errors:0
rt:13.91,through:32.8,tt:0.36,num_interact:492,Intrvl:15,num_users:373,errors:1
rt:13.45,through:32.87,tt:0.33,num_interact:493,Intrvl:15,num_users:379,errors:0
rt:13.33,through:32.93,tt:0.35,num_interact:494,Intrvl:15,num_users:364,errors:0
rt:11.7,through:31.53,tt:0.35,num_interact:473,Intrvl:15,num_users:309,errors:0
rt:11.45,through:33.07,tt:0.38,num_interact:496,Intrvl:15,num_users:329,errors:0
rt:12.48,through:33.13,tt:0.38,num_interact:497,Intrvl:15,num_users:377,errors:0
rt:13.1,through:33.73,tt:0.36,num_interact:506,Intrvl:15,num_users:370,errors:0
rt:12.47,through:32.4,tt:0.34,num_interact:486,Intrvl:15,num_users:348,errors:0
rt:12.29,through:36.67,tt:0.37,num_interact:550,Intrvl:15,num_users:358,errors:0
rt:12.01,through:32.07,tt:0.34,num_interact:481,Intrvl:15,num_users:319,errors:0
rt:13.05,through:33.53,tt:0.37,num_interact:503,Intrvl:15,num_users:413,errors:0
rt:13.14,through:33.6,tt:0.36,num_interact:504,Intrvl:15,num_users:397,errors:0
rt:13.02,through:32.27,tt:0.38,num_interact:484,Intrvl:15,num_users:357,errors:0
rt:13.11,through:32.2,tt:0.35,num_interact:483,Intrvl:15,num_users:359,errors:0
rt:12.56,through:33,tt:0.34,num_interact:495,Intrvl:15,num_users:335,errors:0
rt:11.86,through:33.53,tt:0.33,num_interact:503,Intrvl:15,num_users:348,errors:0
rt:12.66,through:34.67,tt:0.36,num_interact:520,Intrvl:15,num_users:367,errors:0
rt:12.64,through:33.33,tt:0.34,num_interact:500,Intrvl:15,num_users:353,errors:0
rt:12.36,through:34.47,tt:0.35,num_interact:517,Intrvl:15,num_users:350,errors:0
rt:13.25,through:33.47,tt:0.34,num_interact:502,Intrvl:15,num_users:456,errors:0
rt:15.12,through:34.13,tt:0.35,num_interact:512,Intrvl:15,num_users:453,errors:0
rt:14.65,through:33.67,tt:0.36,num_interact:505,Intrvl:15,num_users:425,errors:0
rt:13.78,through:31.67,tt:0.33,num_interact:475,Intrvl:15,num_users:374,errors:0
rt:13.64,through:31.8,tt:0.35,num_interact:477,Intrvl:15,num_users:396,errors:0
rt:13.92,through:35.33,tt:0.33,num_interact:530,Intrvl:15,num_users:400,errors:0
rt:14.97,through:32.87,tt:0.35,num_interact:493,Intrvl:15,num_users:446,errors:0
rt:13.65,through:33.07,tt:0.34,num_interact:496,Intrvl:15,num_users:369,errors:0
rt:13.08,through:33.2,tt:0.36,num_interact:498,Intrvl:15,num_users:401,errors:0
rt:14.32,through:33.53,tt:0.33,num_interact:503,Intrvl:15,num_users:426,errors:0
rt:14.54,through:31.87,tt:0.37,num_interact:478,Intrvl:15,num_users:386,errors:0
rt:13.82,through:32.33,tt:0.37,num_interact:485,Intrvl:15,num_users:433,errors:0
rt:14.29,through:33.47,tt:0.34,num_interact:502,Intrvl:15,num_users:403,errors:0
rt:14.07,through:34.07,tt:0.34,num_interact:511,Intrvl:15,num_users:401,errors:0
rt:14.33,through:34.67,tt:0.36,num_interact:521,Intrvl:15,num_users:438,errors:0
rt:13.93,through:32.67,tt:0.33,num_interact:490,Intrvl:15,num_users:405,errors:0
rt:14.29,through:32.87,tt:0.36,num_interact:493,Intrvl:15,num_users:426,errors:0
rt:14.98,through:34.13,tt:0.37,num_interact:518,Intrvl:15,num_users:459,errors:0
rt:14.53,through:30.93,tt:0.35,num_interact:464,Intrvl:15,num_users:365,errors:0
rt:13.38,through:31.67,tt:0.37,num_interact:475,Intrvl:15,num_users:427,errors:0
rt:14.76,through:33.27,tt:0.35,num_interact:499,Intrvl:15,num_users:449,errors:0
rt:14.31,through:33.6,tt:0.33,num_interact:504,Intrvl:15,num_users:405,errors:0
rt:13.86,through:31.87,tt:0.36,num_interact:478,Intrvl:15,num_users:376,errors:0
rt:13.22,through:29.4,tt:0.33,num_interact:441,Intrvl:15,num_users:319,errors:0
rt:12.18,through:34.13,tt:0.35,num_interact:512,Intrvl:15,num_users:361,errors:0
rt:12.8,through:34.27,tt:0.33,num_interact:514,Intrvl:15,num_users:387,errors:0
rt:13.01,through:32.47,tt:0.35,num_interact:487,Intrvl:15,num_users:356,errors:0
rt:12.18,through:34.2,tt:0.33,num_interact:513,Intrvl:15,num_users:351,errors:0
rt:12.7,through:34.13,tt:0.31,num_interact:518,Intrvl:15,num_users:345,errors:0
rt:12.93,through:33.8,tt:0.36,num_interact:507,Intrvl:15,num_users:393,errors:0
rt:12.91,through:31.73,tt:0.34,num_interact:476,Intrvl:15,num_users:373,errors:0
rt:13.19,through:34.67,tt:0.35,num_interact:520,Intrvl:15,num_users:373,errors:0
rt:13.02,through:33.8,tt:0.36,num_interact:507,Intrvl:15,num_users:407,errors:0
rt:12.89,through:30.53,tt:0.34,num_interact:458,Intrvl:15,num_users:327,errors:0
rt:12.6,through:33,tt:0.35,num_interact:495,Intrvl:15,num_users:385,errors:0
rt:13.29,through:34.27,tt:0.35,num_interact:514,Intrvl:15,num_users:381,errors:0
rt:13.19,through:32.4,tt:0.36,num_interact:486,Intrvl:15,num_users:364,errors:0
rt:12.5,through:33.6,tt:0.36,num_interact:504,Intrvl:15,num_users:378,errors:0
rt:13.44,through:34.67,tt:0.37,num_interact:520,Intrvl:15,num_users:388,errors:0
rt:13.23,through:33.27,tt:0.33,num_interact:499,Intrvl:15,num_users:366,errors:0
rt:12.36,through:31.73,tt:0.35,num_interact:476,Intrvl:15,num_users:334,errors:0
rt:12.2,through:33.73,tt:0.35,num_interact:506,Intrvl:15,num_users:347,errors:0
rt:12.54,through:33.87,tt:0.38,num_interact:508,Intrvl:15,num_users:371,errors:0
rt:13.01,through:33.93,tt:0.34,num_interact:509,Intrvl:15,num_users:375,errors:0
rt:12.64,through:33.07,tt:0.35,num_interact:511,Intrvl:15,num_users:362,errors:0
rt:12.45,through:33.8,tt:0.36,num_interact:507,Intrvl:15,num_users:365,errors:0
rt:12.73,through:34.8,tt:0.34,num_interact:522,Intrvl:15,num_users:377,errors:0
rt:12.67,through:34.13,tt:0.36,num_interact:512,Intrvl:15,num_users:372,errors:0
rt:13.94,through:33.73,tt:0.35,num_interact:510,Intrvl:15,num_users:441,errors:0
rt:14.03,through:30.2,tt:0.33,num_interact:453,Intrvl:15,num_users:361,errors:0
rt:13.74,through:33.67,tt:0.35,num_interact:505,Intrvl:15,num_users:441,errors:0
rt:14.26,through:30.93,tt:0.35,num_interact:464,Intrvl:15,num_users:375,errors:0
rt:13.78,through:33.4,tt:0.36,num_interact:501,Intrvl:15,num_users:402,errors:0
rt:14.42,through:33.47,tt:0.37,num_interact:503,Intrvl:15,num_users:444,errors:0
rt:14.9,through:33.53,tt:0.33,num_interact:503,Intrvl:15,num_users:434,errors:0
rt:14.36,through:33.07,tt:0.33,num_interact:496,Intrvl:15,num_users:418,errors:0
rt:14.19,through:31.2,tt:0.34,num_interact:468,Intrvl:15,num_users:375,errors:0
rt:13.22,through:35.53,tt:0.34,num_interact:533,Intrvl:15,num_users:396,errors:0
rt:14.7,through:34,tt:0.35,num_interact:511,Intrvl:15,num_users:440,errors:0
rt:13.9,through:31.4,tt:0.37,num_interact:471,Intrvl:15,num_users:397,errors:0
rt:14.1,through:32.67,tt:0.39,num_interact:490,Intrvl:15,num_users:369,errors:0
rt:12.72,through:33.07,tt:0.34,num_interact:496,Intrvl:15,num_users:358,errors:0
rt:12.68,through:33.8,tt:0.34,num_interact:507,Intrvl:15,num_users:391,errors:0
rt:13.43,through:34.13,tt:0.37,num_interact:512,Intrvl:15,num_users:388,errors:0
rt:13.3,through:33.27,tt:0.36,num_interact:499,Intrvl:15,num_users:374,errors:0
rt:13.65,through:34.47,tt:0.38,num_interact:517,Intrvl:15,num_users:444,errors:0
rt:14.51,through:33.13,tt:0.38,num_interact:497,Intrvl:15,num_users:438,errors:0
rt:13.65,through:28.6,tt:0.32,num_interact:429,Intrvl:15,num_users:327,errors:0
rt:13.25,through:33,tt:0.37,num_interact:495,Intrvl:15,num_users:394,errors:0
rt:14.3,through:33.67,tt:0.36,num_interact:505,Intrvl:15,num_users:458,errors:0
rt:14.86,through:32.33,tt:0.4,num_interact:485,Intrvl:15,num_users:479,errors:0
rt:16.43,through:33.27,tt:0.37,num_interact:499,Intrvl:15,num_users:463,errors:0
rt:15.71,through:33.33,tt:0.36,num_interact:500,Intrvl:15,num_users:452,errors:0
rt:15.08,through:34.93,tt:0.35,num_interact:524,Intrvl:15,num_users:433,errors:0
rt:14.88,through:36.47,tt:0.37,num_interact:552,Intrvl:15,num_users:464,errors:0
rt:15.19,through:34.07,tt:0.34,num_interact:511,Intrvl:15,num_users:434,errors:0
rt:14.26,through:33.67,tt:0.35,num_interact:505,Intrvl:15,num_users:411,errors:0
rt:14.28,through:32.93,tt:0.35,num_interact:494,Intrvl:15,num_users:409,errors:0
rt:13.91,through:33.87,tt:0.34,num_interact:508,Intrvl:15,num_users:380,errors:0
rt:13.71,through:32.67,tt:0.35,num_interact:490,Intrvl:15,num_users:441,errors:0
rt:15.69,through:33.27,tt:0.34,num_interact:499,Intrvl:15,num_users:486,errors:0
rt:14.82,through:32.27,tt:0.36,num_interact:486,Intrvl:15,num_users:405,errors:0
rt:14.99,through:32.07,tt:0.37,num_interact:495,Intrvl:15,num_users:474,errors:0
rt:15.18,through:33.93,tt:0.34,num_interact:509,Intrvl:15,num_users:444,errors:0
rt:15.19,through:33.6,tt:0.34,num_interact:504,Intrvl:15,num_users:465,errors:0
rt:15.89,through:33.4,tt:0.36,num_interact:501,Intrvl:15,num_users:468,errors:0
rt:16.33,through:31.67,tt:0.37,num_interact:475,Intrvl:15,num_users:484,errors:0
rt:18.13,through:30.13,tt:0.35,num_interact:452,Intrvl:15,num_users:495,errors:0
rt:17.48,through:31.73,tt:0.35,num_interact:476,Intrvl:15,num_users:482,errors:0
rt:14.9,through:35.4,tt:0.34,num_interact:531,Intrvl:15,num_users:395,errors:0
rt:12.86,through:36.27,tt:0.33,num_interact:544,Intrvl:15,num_users:382,errors:0
rt:12.6,through:33.33,tt:0.34,num_interact:500,Intrvl:15,num_users:382,errors:0
rt:13.68,through:33.87,tt:0.35,num_interact:508,Intrvl:15,num_users:389,errors:0
rt:15.14,through:31.07,tt:0.37,num_interact:466,Intrvl:15,num_users:541,errors:0
rt:16.3,through:31.93,tt:0.33,num_interact:479,Intrvl:15,num_users:415,errors:0
rt:14.51,through:32.67,tt:0.35,num_interact:490,Intrvl:15,num_users:404,errors:0
rt:13.6,through:30.73,tt:0.33,num_interact:461,Intrvl:15,num_users:350,errors:0
rt:13.76,through:32.6,tt:0.38,num_interact:489,Intrvl:15,num_users:440,errors:0
rt:14.43,through:31.73,tt:0.37,num_interact:481,Intrvl:15,num_users:392,errors:0
rt:13.65,through:34.4,tt:0.34,num_interact:518,Intrvl:15,num_users:397,errors:0
rt:13.83,through:35.73,tt:0.35,num_interact:536,Intrvl:15,num_users:399,errors:0
rt:13.33,through:32.53,tt:0.36,num_interact:488,Intrvl:15,num_users:373,errors:0
rt:13.55,through:32.93,tt:0.35,num_interact:494,Intrvl:15,num_users:387,errors:0
rt:13.75,through:34.33,tt:0.38,num_interact:517,Intrvl:15,num_users:405,errors:0
rt:13.89,through:35.07,tt:0.34,num_interact:528,Intrvl:15,num_users:429,errors:0
rt:14.4,through:33.87,tt:0.33,num_interact:508,Intrvl:15,num_users:388,errors:0
rt:13.66,through:32.53,tt:0.36,num_interact:488,Intrvl:15,num_users:378,errors:0
rt:13.39,through:33.73,tt:0.33,num_interact:511,Intrvl:15,num_users:405,errors:0
rt:13.53,through:34.13,tt:0.36,num_interact:512,Intrvl:15,num_users:377,errors:0
rt:13.76,through:33.27,tt:0.35,num_interact:499,Intrvl:15,num_users:442,errors:0
rt:14.68,through:33.27,tt:0.34,num_interact:499,Intrvl:15,num_users:423,errors:0
rt:14.05,through:31.4,tt:0.32,num_interact:471,Intrvl:15,num_users:387,errors:0
rt:13.91,through:35.47,tt:0.36,num_interact:532,Intrvl:15,num_users:403,errors:0
rt:13.87,through:33.87,tt:0.35,num_interact:508,Intrvl:15,num_users:393,errors:0
rt:13.16,through:32.53,tt:0.32,num_interact:488,Intrvl:15,num_users:388,errors:0
rt:13.84,through:37.93,tt:0.36,num_interact:569,Intrvl:15,num_users:418,errors:0
rt:13.81,through:31.67,tt:0.36,num_interact:475,Intrvl:15,num_users:383,errors:0
rt:13.71,through:36.07,tt:0.34,num_interact:541,Intrvl:15,num_users:415,errors:0
rt:14.73,through:31.93,tt:0.37,num_interact:487,Intrvl:15,num_users:470,errors:0
rt:16.05,through:33.47,tt:0.34,num_interact:502,Intrvl:15,num_users:455,errors:0
rt:15.93,through:39,tt:0.35,num_interact:585,Intrvl:15,num_users:463,errors:0
rt:15.56,through:33.4,tt:0.36,num_interact:533,Intrvl:15,num_users:462,errors:0
rt:14.88,through:34.13,tt:0.34,num_interact:513,Intrvl:15,num_users:430,errors:0
rt:14.16,through:34.8,tt:0.33,num_interact:522,Intrvl:15,num_users:412,errors:0
rt:14.57,through:33.2,tt:0.36,num_interact:498,Intrvl:15,num_users:465,errors:0
rt:14.66,through:33.27,tt:0.36,num_interact:499,Intrvl:15,num_users:425,errors:0
rt:16.51,through:31.47,tt:0.36,num_interact:472,Intrvl:15,num_users:519,errors:0
rt:15.26,through:31.93,tt:0.35,num_interact:479,Intrvl:15,num_users:376,errors:0
rt:13.64,through:33.33,tt:0.35,num_interact:500,Intrvl:15,num_users:410,errors:0
rt:14.44,through:33.07,tt:0.36,num_interact:496,Intrvl:15,num_users:410,errors:0
rt:13.77,through:34.33,tt:0.37,num_interact:515,Intrvl:15,num_users:416,errors:0
rt:14.26,through:34.07,tt:0.36,num_interact:512,Intrvl:15,num_users:454,errors:0
rt:14.23,through:32.47,tt:0.37,num_interact:487,Intrvl:15,num_users:407,errors:0
rt:14.19,through:30.93,tt:0.36,num_interact:464,Intrvl:15,num_users:367,errors:0
rt:13.01,through:34.07,tt:0.37,num_interact:511,Intrvl:15,num_users:364,errors:0
rt:14.13,through:32.2,tt:0.4,num_interact:492,Intrvl:15,num_users:447,errors:0
rt:14.57,through:33.2,tt:0.37,num_interact:498,Intrvl:15,num_users:442,errors:0
rt:14.31,through:34.33,tt:0.36,num_interact:516,Intrvl:15,num_users:439,errors:0
rt:14.39,through:33.53,tt:0.36,num_interact:503,Intrvl:15,num_users:407,errors:0
rt:13.17,through:35.8,tt:0.36,num_interact:537,Intrvl:15,num_users:417,errors:0
rt:14.45,through:33.07,tt:0.35,num_interact:496,Intrvl:15,num_users:421,errors:0
rt:13.52,through:34.07,tt:0.36,num_interact:511,Intrvl:15,num_users:438,errors:0
rt:14.56,through:34.07,tt:0.35,num_interact:511,Intrvl:15,num_users:450,errors:0
rt:14.51,through:33.33,tt:0.35,num_interact:500,Intrvl:15,num_users:426,errors:0
rt:15.03,through:33.07,tt:0.35,num_interact:496,Intrvl:15,num_users:429,errors:0
rt:14.25,through:31.33,tt:0.34,num_interact:470,Intrvl:15,num_users:387,errors:0
rt:14.19,through:34.2,tt:0.34,num_interact:513,Intrvl:15,num_users:449,errors:0
rt:14.66,through:34.2,tt:0.36,num_interact:513,Intrvl:15,num_users:427,errors:0
rt:14.05,through:33.33,tt:0.33,num_interact:506,Intrvl:15,num_users:466,errors:0
rt:15.05,through:33,tt:0.33,num_interact:495,Intrvl:15,num_users:417,errors:3
rt:15.42,through:33.4,tt:0.33,num_interact:501,Intrvl:15,num_users:439,errors:0
rt:14.66,through:33.73,tt:0.35,num_interact:508,Intrvl:15,num_users:446,errors:0
rt:14.87,through:32.73,tt:0.36,num_interact:491,Intrvl:15,num_users:393,errors:0
rt:14.14,through:33.33,tt:0.36,num_interact:505,Intrvl:15,num_users:438,errors:0
rt:13.91,through:32.93,tt:0.38,num_interact:494,Intrvl:15,num_users:401,errors:0
rt:15.26,through:30.6,tt:0.37,num_interact:459,Intrvl:15,num_users:501,errors:0
rt:16.16,through:33,tt:0.34,num_interact:531,Intrvl:15,num_users:453,errors:2
rt:17.39,through:34.07,tt:0.38,num_interact:511,Intrvl:15,num_users:498,errors:2
rt:18.23,through:31.6,tt:0.36,num_interact:607,Intrvl:15,num_users:517,errors:0
rt:17.95,through:31.8,tt:0.35,num_interact:548,Intrvl:15,num_users:458,errors:2
rt:16.2,through:37.93,tt:0.37,num_interact:569,Intrvl:15,num_users:490,errors:1
rt:17.73,through:33.8,tt:0.31,num_interact:507,Intrvl:15,num_users:431,errors:0
rt:13.73,through:38.87,tt:0.33,num_interact:583,Intrvl:15,num_users:445,errors:0
rt:15.97,through:33.47,tt:0.33,num_interact:502,Intrvl:15,num_users:470,errors:0
rt:16.13,through:31.53,tt:0.35,num_interact:473,Intrvl:15,num_users:507,errors:0
rt:16.81,through:40.93,tt:0.34,num_interact:614,Intrvl:15,num_users:459,errors:1
rt:16.73,through:83,tt:0.35,num_interact:1245,Intrvl:15,num_users:507,errors:0
rt:20.04,through:71.67,tt:0.37,num_interact:1075,Intrvl:15,num_users:528,errors:0
rt:20.8,through:31.13,tt:0.33,num_interact:665,Intrvl:15,num_users:506,errors:0
rt:16.05,through:27.93,tt:0.34,num_interact:458,Intrvl:15,num_users:470,errors:0
rt:16.86,through:31.73,tt:0.38,num_interact:476,Intrvl:15,num_users:470,errors:0
rt:16.33,through:29.93,tt:0.34,num_interact:478,Intrvl:15,num_users:448,errors:0
rt:17.4,through:100.87,tt:0.36,num_interact:2009,Intrvl:15,num_users:504,errors:0
rt:17.88,through:30.6,tt:0.38,num_interact:543,Intrvl:15,num_users:497,errors:0
rt:19.28,through:29.47,tt:0.37,num_interact:442,Intrvl:15,num_users:472,errors:0
rt:18.13,through:32.6,tt:0.38,num_interact:550,Intrvl:15,num_users:484,errors:0
rt:17.96,through:32.53,tt:0.36,num_interact:488,Intrvl:15,num_users:468,errors:0
rt:16.04,through:40.87,tt:0.35,num_interact:613,Intrvl:15,num_users:490,errors:0
rt:19.25,through:30,tt:0.38,num_interact:450,Intrvl:15,num_users:465,errors:0
rt:16.92,through:32.13,tt:0.4,num_interact:482,Intrvl:15,num_users:511,errors:0
rt:99.68,through:26.13,tt:0.37,num_interact:898,Intrvl:15,num_users:518,errors:0
rt:307.87,through:1.27,tt:0.28,num_interact:19,Intrvl:15,num_users:514,errors:0
rt:163.22,through:1.87,tt:0.25,num_interact:28,Intrvl:15,num_users:459,errors:0
rt:176.01,through:1.6,tt:0.4,num_interact:24,Intrvl:15,num_users:452,errors:0
rt:211.82,through:1.47,tt:0.4,num_interact:22,Intrvl:15,num_users:434,errors:0
rt:233.77,through:1.8,tt:0.32,num_interact:27,Intrvl:15,num_users:463,errors:0
rt:197.59,through:54.73,tt:0.35,num_interact:821,Intrvl:15,num_users:480,errors:0
rt:18.89,through:29.73,tt:0.36,num_interact:446,Intrvl:15,num_users:456,errors:0
rt:18.22,through:50.6,tt:0.36,num_interact:759,Intrvl:15,num_users:475,errors:0
rt:18,through:33.73,tt:0.36,num_interact:506,Intrvl:15,num_users:473,errors:0
rt:15.32,through:30,tt:0.36,num_interact:690,Intrvl:15,num_users:490,errors:0
rt:172.3,through:40.6,tt:0.35,num_interact:1143,Intrvl:15,num_users:556,errors:0
rt:229.77,through:0.87,tt:0.25,num_interact:13,Intrvl:15,num_users:535,errors:0
rt:270.38,through:0.93,tt:0.42,num_interact:14,Intrvl:15,num_users:498,errors:0
rt:447.68,through:1.07,tt:0.52,num_interact:16,Intrvl:15,num_users:459,errors:0
rt:260.46,through:75.73,tt:0.35,num_interact:1136,Intrvl:15,num_users:473,errors:35
rt:31.96,through:29,tt:0.36,num_interact:435,Intrvl:15,num_users:476,errors:0
rt:16.43,through:36.33,tt:0.33,num_interact:545,Intrvl:15,num_users:469,errors:0
rt:12.29,through:31.6,tt:0.34,num_interact:474,Intrvl:15,num_users:412,errors:0
rt:12.05,through:72.27,tt:0.34,num_interact:1293,Intrvl:15,num_users:476,errors:0
rt:15.98,through:51,tt:0.36,num_interact:765,Intrvl:15,num_users:498,errors:0
rt:17.75,through:65.8,tt:0.36,num_interact:987,Intrvl:15,num_users:574,errors:0
rt:24.49,through:30.67,tt:0.36,num_interact:460,Intrvl:15,num_users:518,errors:0
rt:12.8,through:31.4,tt:0.32,num_interact:471,Intrvl:15,num_users:432,errors:0
rt:12.47,through:35.73,tt:0.36,num_interact:536,Intrvl:15,num_users:425,errors:0
rt:11.52,through:37.8,tt:0.37,num_interact:567,Intrvl:15,num_users:426,errors:0
rt:12.28,through:31.8,tt:0.36,num_interact:480,Intrvl:15,num_users:425,errors:0
rt:10.59,through:37.73,tt:0.36,num_interact:566,Intrvl:15,num_users:453,errors:0
rt:10.29,through:37.6,tt:0.36,num_interact:564,Intrvl:15,num_users:460,errors:0
rt:12.48,through:25.87,tt:0.34,num_interact:388,Intrvl:15,num_users:389,errors:0
rt:14.58,through:24.27,tt:0.35,num_interact:364,Intrvl:15,num_users:400,errors:0
rt:15.21,through:24,tt:0.37,num_interact:360,Intrvl:15,num_users:381,errors:12
rt:16.4,through:24.4,tt:0.35,num_interact:366,Intrvl:15,num_users:418,errors:1
rt:16.22,through:25.87,tt:0.34,num_interact:388,Intrvl:15,num_users:445,errors:14
rt:18.36,through:23.6,tt:0.34,num_interact:354,Intrvl:15,num_users:461,errors:0
rt:17.47,through:24.93,tt:0.37,num_interact:378,Intrvl:15,num_users:430,errors:12
rt:18.02,through:22.73,tt:0.35,num_interact:341,Intrvl:15,num_users:405,errors:7
rt:17.36,through:25.33,tt:0.37,num_interact:380,Intrvl:15,num_users:509,errors:5
rt:19.37,through:23.67,tt:0.35,num_interact:355,Intrvl:15,num_users:519,errors:18
rt:19.07,through:23.73,tt:0.36,num_interact:356,Intrvl:15,num_users:485,errors:0
rt:20.72,through:22.6,tt:0.32,num_interact:339,Intrvl:15,num_users:426,errors:19
rt:18.65,through:23.27,tt:0.36,num_interact:349,Intrvl:15,num_users:429,errors:0
rt:17.44,through:24.4,tt:0.36,num_interact:366,Intrvl:15,num_users:433,errors:20
rt:18.32,through:24.93,tt:0.37,num_interact:374,Intrvl:15,num_users:460,errors:0
rt:18.36,through:25.87,tt:0.35,num_interact:388,Intrvl:15,num_users:479,errors:22
rt:19.56,through:22.73,tt:0.33,num_interact:341,Intrvl:15,num_users:453,errors:1
rt:17.45,through:24.8,tt:0.33,num_interact:372,Intrvl:15,num_users:420,errors:17
rt:19.46,through:22.27,tt:0.39,num_interact:334,Intrvl:15,num_users:474,errors:2
rt:19.13,through:23.07,tt:0.32,num_interact:346,Intrvl:15,num_users:492,errors:2
rt:20.2,through:25.27,tt:0.34,num_interact:380,Intrvl:15,num_users:473,errors:8
rt:18.32,through:23,tt:0.37,num_interact:345,Intrvl:15,num_users:438,errors:0
rt:17.3,through:24.07,tt:0.3,num_interact:361,Intrvl:15,num_users:433,errors:14
rt:17.56,through:25.93,tt:0.35,num_interact:389,Intrvl:15,num_users:453,errors:0
rt:18.17,through:24.13,tt:0.33,num_interact:362,Intrvl:15,num_users:429,errors:18
rt:19.3,through:22.93,tt:0.36,num_interact:344,Intrvl:15,num_users:472,errors:0
rt:18.06,through:25,tt:0.35,num_interact:375,Intrvl:15,num_users:456,errors:18
rt:19.34,through:23.27,tt:0.37,num_interact:349,Intrvl:15,num_users:490,errors:1
rt:18.85,through:24.93,tt:0.34,num_interact:374,Intrvl:15,num_users:411,errors:18
rt:18.6,through:21.33,tt:0.33,num_interact:320,Intrvl:15,num_users:412,errors:2
rt:16.13,through:25.13,tt:0.35,num_interact:377,Intrvl:15,num_users:428,errors:13
rt:18.28,through:23.53,tt:0.4,num_interact:353,Intrvl:15,num_users:441,errors:6
rt:18.51,through:24.67,tt:0.37,num_interact:370,Intrvl:15,num_users:473,errors:4
rt:19.61,through:25.6,tt:0.32,num_interact:384,Intrvl:15,num_users:493,errors:10
rt:19.53,through:23.8,tt:0.34,num_interact:357,Intrvl:15,num_users:457,errors:0
rt:19.09,through:25.13,tt:0.34,num_interact:377,Intrvl:15,num_users:448,errors:12
rt:17.45,through:23.13,tt:0.36,num_interact:347,Intrvl:15,num_users:431,errors:0
rt:18.53,through:25.87,tt:0.33,num_interact:388,Intrvl:15,num_users:429,errors:15
rt:17.36,through:23.8,tt:0.38,num_interact:357,Intrvl:15,num_users:482,errors:1
rt:18.55,through:25.2,tt:0.33,num_interact:378,Intrvl:15,num_users:472,errors:12
rt:18.23,through:20.33,tt:0.35,num_interact:305,Intrvl:15,num_users:404,errors:0
rt:15.89,through:24.47,tt:0.37,num_interact:367,Intrvl:15,num_users:431,errors:13
rt:19.49,through:23.53,tt:0.32,num_interact:353,Intrvl:15,num_users:510,errors:2
rt:19.19,through:25.6,tt:0.32,num_interact:384,Intrvl:15,num_users:500,errors:4
rt:19.93,through:24.13,tt:0.34,num_interact:362,Intrvl:15,num_users:473,errors:13
rt:17.27,through:21.93,tt:0.35,num_interact:329,Intrvl:15,num_users:400,errors:2
rt:18.25,through:23.13,tt:0.35,num_interact:347,Intrvl:15,num_users:476,errors:14
rt:18.72,through:25.4,tt:0.35,num_interact:381,Intrvl:15,num_users:502,errors:9
rt:23.96,through:17.73,tt:0.36,num_interact:266,Intrvl:15,num_users:483,errors:22
rt:28.26,through:14.8,tt:0.32,num_interact:222,Intrvl:15,num_users:457,errors:0
rt:28.18,through:20.87,tt:0.35,num_interact:313,Intrvl:15,num_users:473,errors:16
rt:21.95,through:31.07,tt:0.37,num_interact:466,Intrvl:15,num_users:495,errors:0
rt:16.14,through:30.13,tt:0.35,num_interact:808,Intrvl:15,num_users:462,errors:0
rt:15.66,through:50.2,tt:0.35,num_interact:753,Intrvl:15,num_users:472,errors:0
rt:13.67,through:28.73,tt:0.36,num_interact:431,Intrvl:15,num_users:459,errors:0
rt:15.74,through:78,tt:0.35,num_interact:1170,Intrvl:15,num_users:505,errors:0
rt:22.35,through:5.8,tt:0.32,num_interact:87,Intrvl:15,num_users:484,errors:0
rt:44.55,through:0.93,tt:0.27,num_interact:14,Intrvl:15,num_users:544,errors:0
rt:58.35,through:1,tt:0.33,num_interact:15,Intrvl:15,num_users:512,errors:0
rt:108.55,through:58.93,tt:0.35,num_interact:884,Intrvl:15,num_users:516,errors:0
rt:23.67,through:24.6,tt:0.33,num_interact:369,Intrvl:15,num_users:465,errors:0
rt:16.76,through:33.8,tt:0.33,num_interact:507,Intrvl:15,num_users:463,errors:0
rt:14.82,through:69.67,tt:0.33,num_interact:1045,Intrvl:15,num_users:492,errors:0
rt:15.01,through:33.67,tt:0.34,num_interact:510,Intrvl:15,num_users:433,errors:0
rt:14.5,through:31.87,tt:0.37,num_interact:478,Intrvl:15,num_users:501,errors:0
rt:14,through:35.33,tt:0.33,num_interact:530,Intrvl:15,num_users:548,errors:0
rt:15.06,through:34.07,tt:0.35,num_interact:511,Intrvl:15,num_users:393,errors:0
rt:11.66,through:41.2,tt:0.36,num_interact:618,Intrvl:15,num_users:457,errors:0
rt:13.8,through:38.93,tt:0.34,num_interact:584,Intrvl:15,num_users:428,errors:0
rt:14.86,through:30.67,tt:0.36,num_interact:819,Intrvl:15,num_users:527,errors:0
rt:15,through:32.53,tt:0.36,num_interact:488,Intrvl:15,num_users:430,errors:0
rt:12.41,through:87.4,tt:0.37,num_interact:1311,Intrvl:15,num_users:447,errors:0
rt:13.5,through:67.67,tt:0.35,num_interact:1015,Intrvl:15,num_users:470,errors:1
rt:9.61,through:32.47,tt:0.32,num_interact:503,Intrvl:15,num_users:368,errors:0
rt:8.37,through:33,tt:0.37,num_interact:550,Intrvl:15,num_users:407,errors:0
rt:14.32,through:74.47,tt:0.34,num_interact:1128,Intrvl:15,num_users:439,errors:67
rt:12.94,through:43.73,tt:0.37,num_interact:656,Intrvl:15,num_users:490,errors:0
rt:13.35,through:35.6,tt:0.37,num_interact:534,Intrvl:15,num_users:380,errors:0
rt:14.33,through:33.47,tt:0.36,num_interact:502,Intrvl:15,num_users:478,errors:0
rt:58.06,through:82.07,tt:0.36,num_interact:1231,Intrvl:15,num_users:487,errors:0
rt:15.72,through:33.2,tt:0.34,num_interact:499,Intrvl:15,num_users:468,errors:0
rt:15.41,through:30.13,tt:0.35,num_interact:452,Intrvl:15,num_users:476,errors:0
rt:15.47,through:33.67,tt:0.37,num_interact:505,Intrvl:15,num_users:497,errors:0
rt:13.94,through:33.47,tt:0.37,num_interact:502,Intrvl:15,num_users:423,errors:0
rt:12.14,through:35.93,tt:0.36,num_interact:540,Intrvl:15,num_users:414,errors:0
rt:10.77,through:55.73,tt:0.34,num_interact:847,Intrvl:15,num_users:433,errors:0
rt:14.37,through:38.2,tt:0.36,num_interact:573,Intrvl:15,num_users:465,errors:0
rt:12.18,through:35,tt:0.34,num_interact:525,Intrvl:15,num_users:460,errors:0
rt:15.33,through:33.93,tt:0.34,num_interact:509,Intrvl:15,num_users:479,errors:0
rt:12.96,through:33.33,tt:0.35,num_interact:500,Intrvl:15,num_users:469,errors:0
rt:15.29,through:31.67,tt:0.38,num_interact:475,Intrvl:15,num_users:452,errors:0
rt:12.96,through:37.27,tt:0.33,num_interact:559,Intrvl:15,num_users:452,errors:0
rt:13.63,through:32.33,tt:0.39,num_interact:485,Intrvl:15,num_users:401,errors:0
rt:11.4,through:41.53,tt:0.34,num_interact:623,Intrvl:15,num_users:422,errors:0
rt:12.25,through:49.47,tt:0.36,num_interact:808,Intrvl:15,num_users:427,errors:0
rt:11.64,through:36.87,tt:0.37,num_interact:572,Intrvl:15,num_users:417,errors:0
rt:12.41,through:38.87,tt:0.34,num_interact:583,Intrvl:15,num_users:404,errors:0
rt:11.46,through:34.13,tt:0.31,num_interact:512,Intrvl:15,num_users:380,errors:0
rt:10.8,through:42.2,tt:0.38,num_interact:637,Intrvl:15,num_users:417,errors:0
rt:11,through:31.27,tt:0.37,num_interact:469,Intrvl:15,num_users:351,errors:0
rt:10.24,through:35.27,tt:0.38,num_interact:529,Intrvl:15,num_users:422,errors:0
rt:10.38,through:42.27,tt:0.36,num_interact:634,Intrvl:15,num_users:375,errors:0
rt:10.39,through:32.07,tt:0.36,num_interact:492,Intrvl:15,num_users:354,errors:0
rt:10.27,through:40.07,tt:0.35,num_interact:601,Intrvl:15,num_users:402,errors:0
rt:10.67,through:32.93,tt:0.34,num_interact:494,Intrvl:15,num_users:365,errors:0
rt:10.83,through:37.87,tt:0.35,num_interact:568,Intrvl:15,num_users:419,errors:0
rt:12.9,through:37,tt:0.35,num_interact:555,Intrvl:15,num_users:435,errors:0
rt:12.54,through:31,tt:0.38,num_interact:465,Intrvl:15,num_users:411,errors:0
rt:11.49,through:38,tt:0.34,num_interact:570,Intrvl:15,num_users:417,errors:0
rt:12.16,through:51.8,tt:0.36,num_interact:795,Intrvl:15,num_users:468,errors:0
rt:11.7,through:37.87,tt:0.34,num_interact:568,Intrvl:15,num_users:379,errors:0
rt:11.2,through:34.07,tt:0.37,num_interact:517,Intrvl:15,num_users:370,errors:0
rt:10,through:67.13,tt:0.35,num_interact:1007,Intrvl:15,num_users:390,errors:0
rt:8.91,through:39,tt:0.36,num_interact:685,Intrvl:15,num_users:360,errors:0
rt:8.3,through:40.2,tt:0.33,num_interact:603,Intrvl:15,num_users:325,errors:0
rt:9.2,through:59.4,tt:0.38,num_interact:891,Intrvl:15,num_users:424,errors:0
rt:8.63,through:36.87,tt:0.34,num_interact:553,Intrvl:15,num_users:342,errors:0
rt:9.23,through:41.27,tt:0.34,num_interact:619,Intrvl:15,num_users:392,errors:0
rt:9.17,through:38.8,tt:0.34,num_interact:671,Intrvl:15,num_users:363,errors:0
rt:8.06,through:53.13,tt:0.36,num_interact:799,Intrvl:15,num_users:377,errors:0
rt:10.99,through:35.87,tt:0.36,num_interact:538,Intrvl:15,num_users:469,errors:1
rt:12.87,through:33.87,tt:0.32,num_interact:509,Intrvl:15,num_users:466,errors:0
rt:12.79,through:34.93,tt:0.34,num_interact:524,Intrvl:15,num_users:462,errors:0
rt:13.18,through:31.93,tt:0.34,num_interact:479,Intrvl:15,num_users:424,errors:17
rt:13.5,through:25.73,tt:0.33,num_interact:386,Intrvl:15,num_users:351,errors:1
rt:10.73,through:36,tt:0.37,num_interact:543,Intrvl:15,num_users:397,errors:10
rt:12.71,through:31.6,tt:0.36,num_interact:474,Intrvl:15,num_users:424,errors:0
rt:13.35,through:33.53,tt:0.35,num_interact:505,Intrvl:15,num_users:413,errors:10
rt:11.63,through:31.8,tt:0.37,num_interact:477,Intrvl:15,num_users:396,errors:0
rt:11.23,through:32.87,tt:0.38,num_interact:495,Intrvl:15,num_users:379,errors:12
rt:11.5,through:33.33,tt:0.34,num_interact:500,Intrvl:15,num_users:427,errors:2
rt:13.18,through:33.93,tt:0.35,num_interact:509,Intrvl:15,num_users:386,errors:10
rt:12.77,through:30.53,tt:0.37,num_interact:458,Intrvl:15,num_users:425,errors:10
rt:11.89,through:33.93,tt:0.32,num_interact:509,Intrvl:15,num_users:422,errors:5
rt:12.27,through:31.07,tt:0.34,num_interact:466,Intrvl:15,num_users:361,errors:7
rt:11.34,through:32.2,tt:0.35,num_interact:483,Intrvl:15,num_users:413,errors:3
rt:12.6,through:32.27,tt:0.31,num_interact:484,Intrvl:15,num_users:383,errors:8
rt:10.72,through:32.6,tt:0.36,num_interact:489,Intrvl:15,num_users:373,errors:1
rt:12.31,through:32,tt:0.35,num_interact:480,Intrvl:15,num_users:352,errors:18
rt:9.92,through:33.2,tt:0.37,num_interact:498,Intrvl:15,num_users:374,errors:0
rt:12.31,through:32.67,tt:0.31,num_interact:490,Intrvl:15,num_users:359,errors:16
rt:10.88,through:32.33,tt:0.36,num_interact:485,Intrvl:15,num_users:400,errors:3
rt:12.99,through:35.13,tt:0.33,num_interact:527,Intrvl:15,num_users:414,errors:20
rt:13.07,through:29.33,tt:0.36,num_interact:440,Intrvl:15,num_users:415,errors:1
rt:13.06,through:38.2,tt:0.34,num_interact:573,Intrvl:15,num_users:377,errors:15
rt:10.46,through:46.47,tt:0.37,num_interact:697,Intrvl:15,num_users:391,errors:0
rt:9.15,through:38.07,tt:0.35,num_interact:571,Intrvl:15,num_users:346,errors:4
rt:9.59,through:46.87,tt:0.37,num_interact:791,Intrvl:15,num_users:368,errors:0
rt:10.95,through:56.87,tt:0.37,num_interact:853,Intrvl:15,num_users:398,errors:0
rt:10.78,through:36.47,tt:0.31,num_interact:547,Intrvl:15,num_users:383,errors:0
rt:10.1,through:40.33,tt:0.36,num_interact:605,Intrvl:15,num_users:333,errors:0
rt:8.39,through:39.27,tt:0.35,num_interact:589,Intrvl:15,num_users:353,errors:0
rt:9.55,through:39.8,tt:0.35,num_interact:597,Intrvl:15,num_users:358,errors:0
rt:10.4,through:53.6,tt:0.36,num_interact:804,Intrvl:15,num_users:401,errors:0
rt:11.49,through:36.4,tt:0.33,num_interact:546,Intrvl:15,num_users:403,errors:0
rt:11.35,through:37.2,tt:0.35,num_interact:558,Intrvl:15,num_users:386,errors:0
rt:10.2,through:37.93,tt:0.35,num_interact:569,Intrvl:15,num_users:380,errors:0
rt:10.63,through:37.07,tt:0.36,num_interact:556,Intrvl:15,num_users:386,errors:0
rt:10.32,through:38.07,tt:0.35,num_interact:571,Intrvl:15,num_users:366,errors:0
rt:10.88,through:75.73,tt:0.35,num_interact:1136,Intrvl:15,num_users:401,errors:0
rt:12.78,through:35.53,tt:0.36,num_interact:533,Intrvl:15,num_users:421,errors:0
rt:12.47,through:38.67,tt:0.33,num_interact:586,Intrvl:15,num_users:410,errors:0
rt:10.42,through:35.87,tt:0.35,num_interact:538,Intrvl:15,num_users:388,errors:0
rt:9.43,through:37.2,tt:0.35,num_interact:616,Intrvl:15,num_users:353,errors:0
rt:10.03,through:58.93,tt:0.35,num_interact:916,Intrvl:15,num_users:375,errors:0
rt:9.2,through:34.07,tt:0.33,num_interact:511,Intrvl:15,num_users:382,errors:0
rt:11.88,through:40.53,tt:0.37,num_interact:608,Intrvl:15,num_users:413,errors:0
rt:12.62,through:28.53,tt:0.37,num_interact:428,Intrvl:15,num_users:449,errors:0
rt:14.81,through:35.2,tt:0.34,num_interact:529,Intrvl:15,num_users:410,errors:0
rt:9.93,through:35.47,tt:0.35,num_interact:532,Intrvl:15,num_users:335,errors:0
rt:9.42,through:41,tt:0.35,num_interact:839,Intrvl:15,num_users:346,errors:0
rt:8.09,through:36.2,tt:0.32,num_interact:546,Intrvl:15,num_users:312,errors:0
rt:7.7,through:43.53,tt:0.34,num_interact:672,Intrvl:15,num_users:307,errors:0
rt:7.89,through:42.8,tt:0.38,num_interact:645,Intrvl:15,num_users:331,errors:0
rt:8.98,through:42.07,tt:0.37,num_interact:631,Intrvl:15,num_users:348,errors:0
rt:8.89,through:34.13,tt:0.37,num_interact:512,Intrvl:15,num_users:323,errors:0
rt:9.3,through:70.13,tt:0.36,num_interact:1230,Intrvl:15,num_users:375,errors:0
rt:10.18,through:44.07,tt:0.34,num_interact:751,Intrvl:15,num_users:381,errors:0
rt:10.26,through:65.07,tt:0.34,num_interact:976,Intrvl:15,num_users:357,errors:0
rt:9.4,through:39.07,tt:0.33,num_interact:586,Intrvl:15,num_users:353,errors:0
rt:10.93,through:39.6,tt:0.38,num_interact:594,Intrvl:15,num_users:409,errors:0
rt:12.08,through:35.53,tt:0.33,num_interact:533,Intrvl:15,num_users:383,errors:0
rt:9.64,through:32.8,tt:0.38,num_interact:492,Intrvl:15,num_users:413,errors:0
rt:12.1,through:35.33,tt:0.34,num_interact:546,Intrvl:15,num_users:411,errors:0
rt:8.34,through:40.8,tt:0.33,num_interact:612,Intrvl:15,num_users:252,errors:0
rt:6.44,through:45.53,tt:0.34,num_interact:683,Intrvl:15,num_users:266,errors:0
rt:6.77,through:40.4,tt:0.36,num_interact:606,Intrvl:15,num_users:262,errors:0
rt:6.31,through:44.47,tt:0.38,num_interact:667,Intrvl:15,num_users:265,errors:0
rt:7.14,through:48.47,tt:0.35,num_interact:727,Intrvl:15,num_users:284,errors:0
rt:7.44,through:47.73,tt:0.35,num_interact:716,Intrvl:15,num_users:289,errors:0
rt:6.52,through:43.93,tt:0.35,num_interact:659,Intrvl:15,num_users:239,errors:0
rt:6.34,through:71.93,tt:0.36,num_interact:1079,Intrvl:15,num_users:268,errors:0
rt:7.06,through:40.73,tt:0.34,num_interact:611,Intrvl:15,num_users:265,errors:0
rt:6.34,through:45.13,tt:0.36,num_interact:747,Intrvl:15,num_users:264,errors:0
rt:6.83,through:64.93,tt:0.35,num_interact:974,Intrvl:15,num_users:282,errors:0
rt:6.77,through:44.33,tt:0.34,num_interact:665,Intrvl:15,num_users:264,errors:0
rt:6.8,through:39.53,tt:0.36,num_interact:680,Intrvl:15,num_users:272,errors:0
rt:6.87,through:45.2,tt:0.35,num_interact:678,Intrvl:15,num_users:265,errors:0
rt:6.44,through:44.47,tt:0.36,num_interact:718,Intrvl:15,num_users:259,errors:0
rt:6.7,through:40.67,tt:0.36,num_interact:610,Intrvl:15,num_users:266,errors:0
rt:7.14,through:57.93,tt:0.37,num_interact:869,Intrvl:15,num_users:309,errors:0
rt:7.9,through:41.33,tt:0.38,num_interact:620,Intrvl:15,num_users:286,errors:0
rt:7.42,through:57.67,tt:0.35,num_interact:865,Intrvl:15,num_users:318,errors:0
rt:7.84,through:41.93,tt:0.35,num_interact:629,Intrvl:15,num_users:273,errors:0
rt:6.78,through:48.47,tt:0.36,num_interact:763,Intrvl:15,num_users:267,errors:0
rt:7.5,through:75.8,tt:0.33,num_interact:1137,Intrvl:15,num_users:306,errors:0
rt:7.55,through:37.6,tt:0.35,num_interact:564,Intrvl:15,num_users:275,errors:0
rt:6.72,through:45.4,tt:0.34,num_interact:681,Intrvl:15,num_users:249,errors:0
rt:6.82,through:40.53,tt:0.35,num_interact:608,Intrvl:15,num_users:302,errors:0
rt:8.05,through:44.67,tt:0.35,num_interact:670,Intrvl:15,num_users:292,errors:9
rt:6.99,through:39.2,tt:0.37,num_interact:802,Intrvl:15,num_users:281,errors:0
rt:8.04,through:43.93,tt:0.35,num_interact:659,Intrvl:15,num_users:285,errors:0
rt:7.97,through:40.6,tt:0.34,num_interact:690,Intrvl:15,num_users:290,errors:0
rt:5.73,through:44,tt:0.35,num_interact:671,Intrvl:15,num_users:235,errors:0
rt:7.13,through:50.6,tt:0.37,num_interact:766,Intrvl:15,num_users:313,errors:0
rt:8.1,through:40.53,tt:0.36,num_interact:608,Intrvl:15,num_users:308,errors:0
rt:7.17,through:42.6,tt:0.36,num_interact:639,Intrvl:15,num_users:267,errors:0
rt:7.36,through:41.87,tt:0.36,num_interact:628,Intrvl:15,num_users:289,errors:0
rt:6.14,through:43,tt:0.37,num_interact:674,Intrvl:15,num_users:261,errors:0
rt:7.4,through:62,tt:0.36,num_interact:930,Intrvl:15,num_users:271,errors:0
rt:7.14,through:60.47,tt:0.37,num_interact:907,Intrvl:15,num_users:312,errors:0
rt:8.51,through:38.8,tt:0.36,num_interact:582,Intrvl:15,num_users:324,errors:0
rt:9.34,through:67.93,tt:0.35,num_interact:1056,Intrvl:15,num_users:364,errors:0
rt:7.04,through:44.2,tt:0.35,num_interact:663,Intrvl:15,num_users:264,errors:0
rt:7.54,through:42.07,tt:0.35,num_interact:668,Intrvl:15,num_users:301,errors:0
rt:6.89,through:41.87,tt:0.35,num_interact:707,Intrvl:15,num_users:274,errors:0
rt:7.65,through:56.07,tt:0.37,num_interact:842,Intrvl:15,num_users:316,errors:0
rt:8.76,through:39.13,tt:0.35,num_interact:587,Intrvl:15,num_users:313,errors:0
rt:6.27,through:46.53,tt:0.35,num_interact:753,Intrvl:15,num_users:236,errors:0
rt:6.32,through:52.33,tt:0.35,num_interact:785,Intrvl:15,num_users:247,errors:0
rt:7.15,through:37.4,tt:0.35,num_interact:561,Intrvl:15,num_users:284,errors:0
rt:7.91,through:50.8,tt:0.36,num_interact:783,Intrvl:15,num_users:292,errors:0
rt:7.73,through:41.4,tt:0.33,num_interact:621,Intrvl:15,num_users:297,errors:0
rt:7.81,through:56.8,tt:0.35,num_interact:866,Intrvl:15,num_users:303,errors:0
rt:8.05,through:64.13,tt:0.37,num_interact:962,Intrvl:15,num_users:327,errors:0
rt:7.86,through:37.53,tt:0.33,num_interact:563,Intrvl:15,num_users:326,errors:0
rt:8.33,through:41.13,tt:0.36,num_interact:617,Intrvl:15,num_users:285,errors:0
rt:7.83,through:65.93,tt:0.34,num_interact:989,Intrvl:15,num_users:317,errors:0
rt:8.1,through:39.2,tt:0.35,num_interact:588,Intrvl:15,num_users:297,errors:0
rt:8.6,through:84.07,tt:0.36,num_interact:1324,Intrvl:15,num_users:325,errors:0
rt:6.97,through:39.47,tt:0.35,num_interact:592,Intrvl:15,num_users:246,errors:0
rt:6.75,through:62.8,tt:0.35,num_interact:942,Intrvl:15,num_users:281,errors:0
rt:8.32,through:40.87,tt:0.36,num_interact:613,Intrvl:15,num_users:281,errors:0
rt:5.87,through:42.07,tt:0.35,num_interact:631,Intrvl:15,num_users:229,errors:0
Terminating EBs...
EB TPCW Broswing Mix EB #191commiting suicide!
EB TPCW Broswing Mix EB #183commiting suicide!
EB TPCW Broswing Mix EB #40commiting suicide!
EB TPCW Broswing Mix EB #176commiting suicide!
EB TPCW Broswing Mix EB #2569commiting suicide!
EB TPCW Broswing Mix EB #30commiting suicide!
EB TPCW Broswing Mix EB #2902commiting suicide!
EB TPCW Broswing Mix EB #81commiting suicide!
EB TPCW Broswing Mix EB #1248commiting suicide!
EB TPCW Broswing Mix EB #194commiting suicide!
EB TPCW Broswing Mix EB #151commiting suicide!
EB TPCW Broswing Mix EB #42commiting suicide!
EB TPCW Broswing Mix EB #156commiting suicide!
EB TPCW Broswing Mix EB #1264commiting suicide!
EB TPCW Broswing Mix EB #145commiting suicide!
EB TPCW Broswing Mix EB #2747commiting suicide!
EB TPCW Broswing Mix EB #187commiting suicide!
EB TPCW Broswing Mix EB #102commiting suicide!
EB TPCW Broswing Mix EB #12commiting suicide!
EB TPCW Broswing Mix EB #2566commiting suicide!
EB TPCW Broswing Mix EB #100commiting suicide!
EB TPCW Broswing Mix EB #93commiting suicide!
EB TPCW Broswing Mix EB #1258commiting suicide!
EB TPCW Broswing Mix EB #98commiting suicide!
EB TPCW Broswing Mix EB #181commiting suicide!
EB TPCW Broswing Mix EB #1259commiting suicide!
EB TPCW Broswing Mix EB #71commiting suicide!
EB TPCW Broswing Mix EB #149commiting suicide!
EB TPCW Broswing Mix EB #150commiting suicide!
EB TPCW Broswing Mix EB #2753commiting suicide!
EB TPCW Broswing Mix EB #180commiting suicide!
EB TPCW Broswing Mix EB #48commiting suicide!
EB TPCW Broswing Mix EB #133commiting suicide!
EB TPCW Broswing Mix EB #1260commiting suicide!
EB TPCW Broswing Mix EB #2754commiting suicide!
EB TPCW Broswing Mix EB #188commiting suicide!
EB TPCW Broswing Mix EB #15commiting suicide!
EB TPCW Broswing Mix EB #23commiting suicide!
EB TPCW Broswing Mix EB #2755commiting suicide!
EB TPCW Broswing Mix EB #1253commiting suicide!
EB TPCW Broswing Mix EB #72commiting suicide!
EB TPCW Broswing Mix EB #92commiting suicide!
EB TPCW Broswing Mix EB #127commiting suicide!
EB TPCW Broswing Mix EB #1214commiting suicide!
EB TPCW Broswing Mix EB #132commiting suicide!
EB TPCW Broswing Mix EB #67commiting suicide!
EB TPCW Broswing Mix EB #129commiting suicide!
EB TPCW Broswing Mix EB #1201commiting suicide!
EB TPCW Broswing Mix EB #2574commiting suicide!
EB TPCW Broswing Mix EB #24commiting suicide!
EB TPCW Broswing Mix EB #2903commiting suicide!
EB TPCW Broswing Mix EB #35commiting suicide!
EB TPCW Broswing Mix EB #79commiting suicide!
EB TPCW Broswing Mix EB #118commiting suicide!
EB TPCW Broswing Mix EB #11commiting suicide!
EB TPCW Broswing Mix EB #172commiting suicide!
EB TPCW Broswing Mix EB #166commiting suicide!
EB TPCW Broswing Mix EB #2570commiting suicide!
EB TPCW Broswing Mix EB #36commiting suicide!
EB TPCW Broswing Mix EB #111commiting suicide!
EB TPCW Broswing Mix EB #123commiting suicide!
EB TPCW Broswing Mix EB #2898commiting suicide!
EB TPCW Broswing Mix EB #2568commiting suicide!
EB TPCW Broswing Mix EB #29commiting suicide!
EB TPCW Broswing Mix EB #154commiting suicide!
EB TPCW Broswing Mix EB #22commiting suicide!
EB TPCW Broswing Mix EB #2745commiting suicide!
EB TPCW Broswing Mix EB #1207commiting suicide!
EB TPCW Broswing Mix EB #1225commiting suicide!
EB TPCW Broswing Mix EB #124commiting suicide!
EB TPCW Broswing Mix EB #140commiting suicide!
EB TPCW Broswing Mix EB #1255commiting suicide!
EB TPCW Broswing Mix EB #85commiting suicide!
EB TPCW Broswing Mix EB #1256commiting suicide!
EB TPCW Broswing Mix EB #136commiting suicide!
EB TPCW Broswing Mix EB #163commiting suicide!
EB TPCW Broswing Mix EB #96commiting suicide!
EB TPCW Broswing Mix EB #139commiting suicide!
EB TPCW Broswing Mix EB #2762commiting suicide!
EB TPCW Broswing Mix EB #1235commiting suicide!
EB TPCW Broswing Mix EB #63commiting suicide!
EB TPCW Broswing Mix EB #64commiting suicide!
EB TPCW Broswing Mix EB #1266commiting suicide!
EB TPCW Broswing Mix EB #1229commiting suicide!
EB TPCW Broswing Mix EB #61commiting suicide!
EB TPCW Broswing Mix EB #21commiting suicide!
EB TPCW Broswing Mix EB #170commiting suicide!
EB TPCW Broswing Mix EB #1262commiting suicide!
EB TPCW Broswing Mix EB #62commiting suicide!
EB TPCW Broswing Mix EB #1227commiting suicide!
EB TPCW Broswing Mix EB #165commiting suicide!
EB TPCW Broswing Mix EB #108commiting suicide!
EB TPCW Broswing Mix EB #159commiting suicide!
EB TPCW Broswing Mix EB #2757commiting suicide!
EB TPCW Broswing Mix EB #1221commiting suicide!
EB TPCW Broswing Mix EB #2761commiting suicide!
EB TPCW Broswing Mix EB #178commiting suicide!
EB TPCW Broswing Mix EB #1265commiting suicide!
EB TPCW Broswing Mix EB #2749commiting suicide!
EB TPCW Broswing Mix EB #65commiting suicide!
EB TPCW Broswing Mix EB #33commiting suicide!
EB TPCW Broswing Mix EB #104commiting suicide!
EB TPCW Broswing Mix EB #2751commiting suicide!
EB TPCW Broswing Mix EB #1224commiting suicide!
EB TPCW Broswing Mix EB #28commiting suicide!
EB TPCW Broswing Mix EB #46commiting suicide!
EB TPCW Broswing Mix EB #130commiting suicide!
EB TPCW Broswing Mix EB #2892commiting suicide!
EB TPCW Broswing Mix EB #2575commiting suicide!
EB TPCW Broswing Mix EB #117commiting suicide!
EB TPCW Broswing Mix EB #1205commiting suicide!
EB TPCW Broswing Mix EB #19commiting suicide!
EB TPCW Broswing Mix EB #1220commiting suicide!
EB TPCW Broswing Mix EB #1232commiting suicide!
EB TPCW Broswing Mix EB #168commiting suicide!
EB TPCW Broswing Mix EB #52commiting suicide!
EB TPCW Broswing Mix EB #45commiting suicide!
EB TPCW Broswing Mix EB #167commiting suicide!
EB TPCW Broswing Mix EB #142commiting suicide!
EB TPCW Broswing Mix EB #1240commiting suicide!
EB TPCW Broswing Mix EB #2572commiting suicide!
EB TPCW Broswing Mix EB #103commiting suicide!
EB TPCW Broswing Mix EB #193commiting suicide!
EB TPCW Broswing Mix EB #74commiting suicide!
EB TPCW Broswing Mix EB #49commiting suicide!
EB TPCW Broswing Mix EB #190commiting suicide!
EB TPCW Broswing Mix EB #14commiting suicide!
EB TPCW Broswing Mix EB #1226commiting suicide!
EB TPCW Broswing Mix EB #141commiting suicide!
EB TPCW Broswing Mix EB #87commiting suicide!
EB TPCW Broswing Mix EB #101commiting suicide!
EB TPCW Broswing Mix EB #182commiting suicide!
EB TPCW Broswing Mix EB #2896commiting suicide!
EB TPCW Broswing Mix EB #110commiting suicide!
EB TPCW Broswing Mix EB #88commiting suicide!
EB TPCW Broswing Mix EB #54commiting suicide!
EB TPCW Broswing Mix EB #18commiting suicide!
EB TPCW Broswing Mix EB #189commiting suicide!
EB TPCW Broswing Mix EB #1261commiting suicide!
EB TPCW Broswing Mix EB #90commiting suicide!
EB TPCW Broswing Mix EB #2237commiting suicide!
EB TPCW Broswing Mix EB #1215commiting suicide!
EB TPCW Broswing Mix EB #144commiting suicide!
EB TPCW Broswing Mix EB #152commiting suicide!
EB TPCW Broswing Mix EB #20commiting suicide!
EB TPCW Broswing Mix EB #68commiting suicide!
EB TPCW Broswing Mix EB #1263commiting suicide!
EB TPCW Broswing Mix EB #147commiting suicide!
EB TPCW Broswing Mix EB #91commiting suicide!
EB TPCW Broswing Mix EB #1209commiting suicide!
EB TPCW Broswing Mix EB #9commiting suicide!
EB TPCW Broswing Mix EB #16commiting suicide!
EB TPCW Broswing Mix EB #137commiting suicide!
EB TPCW Broswing Mix EB #2759commiting suicide!
EB TPCW Broswing Mix EB #2571commiting suicide!
EB TPCW Broswing Mix EB #55commiting suicide!
EB TPCW Broswing Mix EB #2567commiting suicide!
EB TPCW Broswing Mix EB #174commiting suicide!
EB TPCW Broswing Mix EB #1213commiting suicide!
EB TPCW Broswing Mix EB #107commiting suicide!
EB TPCW Broswing Mix EB #7commiting suicide!
EB TPCW Broswing Mix EB #138commiting suicide!
EB TPCW Broswing Mix EB #105commiting suicide!
EB TPCW Broswing Mix EB #1257commiting suicide!
EB TPCW Broswing Mix EB #73commiting suicide!
EB TPCW Broswing Mix EB #1250commiting suicide!
EB TPCW Broswing Mix EB #99commiting suicide!
EB TPCW Broswing Mix EB #153commiting suicide!
EB TPCW Broswing Mix EB #122commiting suicide!
EB TPCW Broswing Mix EB #60commiting suicide!
EB TPCW Broswing Mix EB #94commiting suicide!
EB TPCW Broswing Mix EB #2901commiting suicide!
EB TPCW Broswing Mix EB #119commiting suicide!
EB TPCW Broswing Mix EB #97commiting suicide!
EB TPCW Broswing Mix EB #1218commiting suicide!
EB TPCW Broswing Mix EB #13commiting suicide!
EB TPCW Broswing Mix EB #1216commiting suicide!
EB TPCW Broswing Mix EB #86commiting suicide!
EB TPCW Broswing Mix EB #157commiting suicide!
EB TPCW Broswing Mix EB #113commiting suicide!
EB TPCW Broswing Mix EB #1228commiting suicide!
EB TPCW Broswing Mix EB #51commiting suicide!
EB TPCW Broswing Mix EB #162commiting suicide!
EB TPCW Broswing Mix EB #37commiting suicide!
EB TPCW Broswing Mix EB #17commiting suicide!
EB TPCW Broswing Mix EB #77commiting suicide!
EB TPCW Broswing Mix EB #128commiting suicide!
EB TPCW Broswing Mix EB #1223commiting suicide!
EB TPCW Broswing Mix EB #1212commiting suicide!
EB TPCW Broswing Mix EB #158commiting suicide!
EB TPCW Broswing Mix EB #1245commiting suicide!
EB TPCW Broswing Mix EB #164commiting suicide!
EB TPCW Broswing Mix EB #31commiting suicide!
EB TPCW Broswing Mix EB #1251commiting suicide!
EB TPCW Broswing Mix EB #143commiting suicide!
EB TPCW Broswing Mix EB #44commiting suicide!
EB TPCW Broswing Mix EB #2765commiting suicide!
EB TPCW Broswing Mix EB #1234commiting suicide!
EB TPCW Broswing Mix EB #169commiting suicide!
EB TPCW Broswing Mix EB #1231commiting suicide!
EB TPCW Broswing Mix EB #186commiting suicide!
EB TPCW Broswing Mix EB #89commiting suicide!
EB TPCW Broswing Mix EB #120commiting suicide!
EB TPCW Broswing Mix EB #2763commiting suicide!
EB TPCW Broswing Mix EB #1236commiting suicide!
EB TPCW Broswing Mix EB #47commiting suicide!
EB TPCW Broswing Mix EB #56commiting suicide!
EB TPCW Broswing Mix EB #6commiting suicide!
EB TPCW Broswing Mix EB #75commiting suicide!
EB TPCW Broswing Mix EB #41commiting suicide!
EB TPCW Broswing Mix EB #2899commiting suicide!
EB TPCW Broswing Mix EB #196commiting suicide!
EB TPCW Broswing Mix EB #1233commiting suicide!
EB TPCW Broswing Mix EB #76commiting suicide!
EB TPCW Broswing Mix EB #83commiting suicide!
EB TPCW Broswing Mix EB #121commiting suicide!
EB TPCW Broswing Mix EB #27commiting suicide!
EB TPCW Broswing Mix EB #126commiting suicide!
EB TPCW Broswing Mix EB #116commiting suicide!
EB TPCW Broswing Mix EB #114commiting suicide!
EB TPCW Broswing Mix EB #1202commiting suicide!
EB TPCW Broswing Mix EB #1243commiting suicide!
EB TPCW Broswing Mix EB #70commiting suicide!
EB TPCW Broswing Mix EB #173commiting suicide!
EB TPCW Broswing Mix EB #2238commiting suicide!
EB TPCW Broswing Mix EB #50commiting suicide!
EB TPCW Broswing Mix EB #148commiting suicide!
EB TPCW Broswing Mix EB #43commiting suicide!
EB TPCW Broswing Mix EB #80commiting suicide!
EB TPCW Broswing Mix EB #106commiting suicide!
EB TPCW Broswing Mix EB #134commiting suicide!
EB TPCW Broswing Mix EB #2895commiting suicide!
EB TPCW Broswing Mix EB #2897commiting suicide!
EB TPCW Broswing Mix EB #2894commiting suicide!
EB TPCW Broswing Mix EB #109commiting suicide!
EB TPCW Broswing Mix EB #1252commiting suicide!
EB TPCW Broswing Mix EB #1222commiting suicide!
EB TPCW Broswing Mix EB #1246commiting suicide!
EB TPCW Broswing Mix EB #1244commiting suicide!
EB TPCW Broswing Mix EB #32commiting suicide!
EB TPCW Broswing Mix EB #25commiting suicide!
EB TPCW Broswing Mix EB #84commiting suicide!
EB TPCW Broswing Mix EB #184commiting suicide!
EB TPCW Broswing Mix EB #10commiting suicide!
EB TPCW Broswing Mix EB #78commiting suicide!
EB TPCW Broswing Mix EB #58commiting suicide!
EB TPCW Broswing Mix EB #171commiting suicide!
EB TPCW Broswing Mix EB #2893commiting suicide!
EB TPCW Broswing Mix EB #195commiting suicide!
EB TPCW Broswing Mix EB #2760commiting suicide!
EB TPCW Broswing Mix EB #1247commiting suicide!
EB TPCW Broswing Mix EB #39commiting suicide!
EB TPCW Broswing Mix EB #1204commiting suicide!
EB TPCW Broswing Mix EB #125commiting suicide!
EB TPCW Broswing Mix EB #2748commiting suicide!
EB TPCW Broswing Mix EB #2750commiting suicide!
EB TPCW Broswing Mix EB #1217commiting suicide!
EB TPCW Broswing Mix EB #2573commiting suicide!
EB TPCW Broswing Mix EB #1203commiting suicide!
EB TPCW Broswing Mix EB #2744commiting suicide!
EB TPCW Broswing Mix EB #2746commiting suicide!
EB TPCW Broswing Mix EB #1210commiting suicide!
EB TPCW Broswing Mix EB #1241commiting suicide!
EBs finished.
Really finishing RBE!.
