Remote Browser Emulator for TPC-W.
  ECE 902  Fall '99
  Version 1.5
System's current path is /root/loadtest
rt:0.12,through:2.47,tt:0.29,num_interact:37,Intrvl:15,num_users:1,errors:0
rt:1.35,through:10.53,tt:0.39,num_interact:158,Intrvl:15,num_users:20,errors:0
rt:5.25,through:10.87,tt:0.41,num_interact:163,Intrvl:15,num_users:80,errors:0
rt:7.59,through:12.47,tt:0.37,num_interact:187,Intrvl:15,num_users:120,errors:0
rt:9.94,through:12.33,tt:0.36,num_interact:185,Intrvl:15,num_users:180,errors:0
rt:13.22,through:12.33,tt:0.45,num_interact:185,Intrvl:15,num_users:240,errors:0
rt:17.34,through:12.33,tt:0.33,num_interact:185,Intrvl:15,num_users:280,errors:0
rt:19.98,through:13,tt:0.35,num_interact:195,Intrvl:15,num_users:310,errors:0
rt:23.84,through:12.67,tt:0.34,num_interact:190,Intrvl:15,num_users:360,errors:0
rt:26.25,through:12.47,tt:0.34,num_interact:187,Intrvl:15,num_users:390,errors:0
rt:27.37,through:12.53,tt:0.39,num_interact:188,Intrvl:15,num_users:413,errors:0
rt:31.03,through:12.67,tt:0.36,num_interact:190,Intrvl:15,num_users:486,errors:0
rt:33.03,through:12.07,tt:0.35,num_interact:181,Intrvl:15,num_users:421,errors:0
rt:37.82,through:7.47,tt:0.37,num_interact:112,Intrvl:15,num_users:342,errors:0
rt:36.14,through:9.27,tt:0.34,num_interact:139,Intrvl:15,num_users:322,errors:0
rt:34.29,through:11.4,tt:0.35,num_interact:171,Intrvl:15,num_users:403,errors:0
rt:30.38,through:12.47,tt:0.35,num_interact:187,Intrvl:15,num_users:405,errors:0
rt:31.51,through:12.67,tt:0.44,num_interact:190,Intrvl:15,num_users:417,errors:0
rt:30.77,through:12.13,tt:0.37,num_interact:182,Intrvl:15,num_users:406,errors:0
rt:33.19,through:11.07,tt:0.35,num_interact:166,Intrvl:15,num_users:351,errors:0
rt:32.75,through:11.47,tt:0.36,num_interact:172,Intrvl:15,num_users:434,errors:0
rt:29.47,through:10.33,tt:0.38,num_interact:155,Intrvl:15,num_users:343,errors:0
rt:33.35,through:9.67,tt:0.39,num_interact:145,Intrvl:15,num_users:417,errors:0
rt:34.33,through:11.33,tt:0.36,num_interact:170,Intrvl:15,num_users:424,errors:0
rt:34.46,through:12.6,tt:0.37,num_interact:189,Intrvl:15,num_users:424,errors:0
rt:34.63,through:12.27,tt:0.37,num_interact:184,Intrvl:15,num_users:414,errors:0
rt:31.49,through:12.73,tt:0.34,num_interact:191,Intrvl:15,num_users:501,errors:0
rt:34.09,through:11.87,tt:0.36,num_interact:178,Intrvl:15,num_users:407,errors:0
rt:38.56,through:7.8,tt:0.31,num_interact:118,Intrvl:15,num_users:438,errors:0
rt:38.32,through:12.47,tt:0.35,num_interact:187,Intrvl:15,num_users:480,errors:0
rt:36.31,through:12,tt:0.35,num_interact:180,Intrvl:15,num_users:444,errors:0
rt:38.07,through:11.47,tt:0.35,num_interact:172,Intrvl:15,num_users:482,errors:0
rt:37.32,through:12.13,tt:0.34,num_interact:182,Intrvl:15,num_users:475,errors:0
rt:38.14,through:10.8,tt:0.33,num_interact:162,Intrvl:15,num_users:452,errors:0
rt:37.24,through:12.6,tt:0.34,num_interact:189,Intrvl:15,num_users:440,errors:0
rt:37.12,through:12.27,tt:0.33,num_interact:184,Intrvl:15,num_users:445,errors:0
rt:37.6,through:12.4,tt:0.33,num_interact:186,Intrvl:15,num_users:508,errors:0
rt:34.52,through:11.93,tt:0.31,num_interact:179,Intrvl:15,num_users:426,errors:0
rt:37.85,through:8.87,tt:0.34,num_interact:133,Intrvl:15,num_users:455,errors:0
rt:38.98,through:12.13,tt:0.31,num_interact:182,Intrvl:15,num_users:435,errors:0
rt:39.61,through:11.67,tt:0.38,num_interact:175,Intrvl:15,num_users:463,errors:0
rt:37.16,through:12.33,tt:0.33,num_interact:185,Intrvl:15,num_users:444,errors:0
rt:34.28,through:10.73,tt:0.33,num_interact:161,Intrvl:15,num_users:412,errors:0
rt:37.15,through:11.93,tt:0.36,num_interact:179,Intrvl:15,num_users:419,errors:0
rt:35.38,through:12,tt:0.4,num_interact:180,Intrvl:15,num_users:409,errors:0
rt:34.21,through:12.53,tt:0.35,num_interact:188,Intrvl:15,num_users:427,errors:0
rt:31.4,through:12.4,tt:0.33,num_interact:186,Intrvl:15,num_users:416,errors:0
rt:33.39,through:12.47,tt:0.35,num_interact:187,Intrvl:15,num_users:448,errors:0
rt:33.71,through:12.6,tt:0.38,num_interact:191,Intrvl:15,num_users:456,errors:0
rt:34.56,through:12.47,tt:0.39,num_interact:187,Intrvl:15,num_users:482,errors:0
rt:34.38,through:12.87,tt:0.38,num_interact:193,Intrvl:15,num_users:465,errors:0
rt:36.69,through:11.87,tt:0.36,num_interact:178,Intrvl:15,num_users:472,errors:0
rt:38.21,through:12.2,tt:0.34,num_interact:183,Intrvl:15,num_users:454,errors:0
rt:36.95,through:11.33,tt:0.35,num_interact:170,Intrvl:15,num_users:417,errors:0
rt:35.43,through:11.33,tt:0.33,num_interact:170,Intrvl:15,num_users:490,errors:0
rt:37.5,through:12.07,tt:0.36,num_interact:181,Intrvl:15,num_users:473,errors:0
rt:38.23,through:11.2,tt:0.33,num_interact:168,Intrvl:15,num_users:449,errors:0
rt:38.23,through:11.67,tt:0.33,num_interact:175,Intrvl:15,num_users:434,errors:0
rt:36.77,through:11.2,tt:0.35,num_interact:168,Intrvl:15,num_users:407,errors:0
rt:35.67,through:11.87,tt:0.32,num_interact:178,Intrvl:15,num_users:472,errors:0
rt:35.92,through:12.2,tt:0.36,num_interact:183,Intrvl:15,num_users:463,errors:0
rt:35.32,through:8.67,tt:0.35,num_interact:130,Intrvl:15,num_users:371,errors:0
rt:36.31,through:11.4,tt:0.39,num_interact:172,Intrvl:15,num_users:454,errors:0
rt:35.93,through:10.87,tt:0.35,num_interact:163,Intrvl:15,num_users:419,errors:0
rt:37.04,through:11.67,tt:0.37,num_interact:175,Intrvl:15,num_users:435,errors:1
rt:34.2,through:14.47,tt:0.34,num_interact:217,Intrvl:15,num_users:483,errors:0
rt:28.53,through:21.27,tt:0.37,num_interact:320,Intrvl:15,num_users:486,errors:0
rt:23.69,through:18.07,tt:0.35,num_interact:271,Intrvl:15,num_users:400,errors:0
rt:20.51,through:18.6,tt:0.4,num_interact:279,Intrvl:15,num_users:419,errors:0
rt:18.39,through:20.93,tt:0.33,num_interact:314,Intrvl:15,num_users:414,errors:0
rt:16.31,through:19.73,tt:0.35,num_interact:297,Intrvl:15,num_users:370,errors:0
rt:15.47,through:20.87,tt:0.37,num_interact:313,Intrvl:15,num_users:466,errors:0
rt:22.34,through:16.47,tt:0.38,num_interact:247,Intrvl:15,num_users:466,errors:0
rt:24.68,through:15.87,tt:0.36,num_interact:238,Intrvl:15,num_users:459,errors:6
rt:26.94,through:16.47,tt:0.41,num_interact:247,Intrvl:15,num_users:445,errors:1
rt:27.19,through:16,tt:0.33,num_interact:240,Intrvl:15,num_users:421,errors:4
rt:24.15,through:15.73,tt:0.35,num_interact:236,Intrvl:15,num_users:438,errors:0
rt:24.55,through:16.87,tt:0.35,num_interact:253,Intrvl:15,num_users:438,errors:16
rt:27.86,through:15.4,tt:0.31,num_interact:231,Intrvl:15,num_users:423,errors:3
rt:23.44,through:15.4,tt:0.34,num_interact:231,Intrvl:15,num_users:437,errors:14
rt:25.98,through:16.53,tt:0.35,num_interact:248,Intrvl:15,num_users:419,errors:3
rt:24.35,through:16.73,tt:0.36,num_interact:251,Intrvl:15,num_users:463,errors:14
rt:30.86,through:13.6,tt:0.36,num_interact:204,Intrvl:15,num_users:379,errors:7
rt:23.64,through:14.93,tt:0.36,num_interact:224,Intrvl:15,num_users:498,errors:0
rt:27.36,through:14.8,tt:0.36,num_interact:222,Intrvl:15,num_users:514,errors:22
rt:31.95,through:14.87,tt:0.36,num_interact:223,Intrvl:15,num_users:497,errors:0
rt:28.79,through:17.8,tt:0.36,num_interact:267,Intrvl:15,num_users:480,errors:12
rt:32.48,through:13.6,tt:0.37,num_interact:204,Intrvl:15,num_users:400,errors:0
rt:26.81,through:15.2,tt:0.36,num_interact:228,Intrvl:15,num_users:470,errors:11
rt:30.19,through:12.73,tt:0.35,num_interact:191,Intrvl:15,num_users:403,errors:0
rt:25.01,through:17,tt:0.38,num_interact:255,Intrvl:15,num_users:546,errors:16
rt:35.62,through:10.87,tt:0.34,num_interact:163,Intrvl:15,num_users:410,errors:0
rt:28.36,through:15.73,tt:0.35,num_interact:236,Intrvl:15,num_users:463,errors:15
rt:31.25,through:12.8,tt:0.34,num_interact:192,Intrvl:15,num_users:417,errors:0
rt:26.71,through:15.47,tt:0.33,num_interact:232,Intrvl:15,num_users:447,errors:4
rt:25.11,through:14.13,tt:0.35,num_interact:212,Intrvl:15,num_users:455,errors:4
rt:30.65,through:17.6,tt:0.37,num_interact:264,Intrvl:15,num_users:521,errors:12
rt:29.21,through:15.33,tt:0.37,num_interact:230,Intrvl:15,num_users:484,errors:11
rt:29.38,through:15.87,tt:0.37,num_interact:238,Intrvl:15,num_users:521,errors:4
rt:30.03,through:12.8,tt:0.39,num_interact:192,Intrvl:15,num_users:438,errors:17
rt:32.75,through:15.4,tt:0.31,num_interact:231,Intrvl:15,num_users:433,errors:0
rt:26.14,through:16.2,tt:0.35,num_interact:243,Intrvl:15,num_users:452,errors:12
rt:29.95,through:15.73,tt:0.38,num_interact:236,Intrvl:15,num_users:496,errors:0
rt:28.25,through:16.4,tt:0.34,num_interact:250,Intrvl:15,num_users:507,errors:9
rt:32.11,through:15.07,tt:0.33,num_interact:226,Intrvl:15,num_users:458,errors:2
rt:26.57,through:15.2,tt:0.37,num_interact:228,Intrvl:15,num_users:421,errors:14
rt:25.35,through:14.8,tt:0.35,num_interact:222,Intrvl:15,num_users:424,errors:3
rt:26.82,through:16.53,tt:0.34,num_interact:248,Intrvl:15,num_users:431,errors:7
rt:27.88,through:15.07,tt:0.35,num_interact:226,Intrvl:15,num_users:417,errors:12
rt:24.46,through:16.67,tt:0.36,num_interact:250,Intrvl:15,num_users:468,errors:0
rt:27.86,through:16.4,tt:0.34,num_interact:246,Intrvl:15,num_users:470,errors:18
rt:25.5,through:16.4,tt:0.39,num_interact:246,Intrvl:15,num_users:508,errors:0
rt:32.04,through:15.2,tt:0.34,num_interact:228,Intrvl:15,num_users:486,errors:26
rt:31.05,through:15.87,tt:0.34,num_interact:238,Intrvl:15,num_users:473,errors:0
rt:25.73,through:16.27,tt:0.38,num_interact:244,Intrvl:15,num_users:490,errors:15
rt:31.22,through:14.73,tt:0.33,num_interact:221,Intrvl:15,num_users:442,errors:0
rt:28.54,through:17.2,tt:0.34,num_interact:258,Intrvl:15,num_users:424,errors:10
rt:25.91,through:14.6,tt:0.37,num_interact:219,Intrvl:15,num_users:482,errors:1
rt:28.8,through:16.4,tt:0.33,num_interact:246,Intrvl:15,num_users:461,errors:6
rt:29.02,through:15.07,tt:0.36,num_interact:226,Intrvl:15,num_users:490,errors:3
rt:27.25,through:17.2,tt:0.36,num_interact:258,Intrvl:15,num_users:505,errors:20
rt:26.9,through:17.2,tt:0.35,num_interact:258,Intrvl:15,num_users:482,errors:4
rt:21.65,through:24.27,tt:0.37,num_interact:364,Intrvl:15,num_users:508,errors:5
rt:22.22,through:23.33,tt:0.34,num_interact:350,Intrvl:15,num_users:515,errors:14
rt:20.9,through:24,tt:0.38,num_interact:360,Intrvl:15,num_users:482,errors:2
rt:20.67,through:23.4,tt:0.35,num_interact:351,Intrvl:15,num_users:444,errors:7
rt:16.98,through:24.73,tt:0.33,num_interact:371,Intrvl:15,num_users:433,errors:0
rt:19.63,through:22.27,tt:0.34,num_interact:334,Intrvl:15,num_users:403,errors:3
rt:16.21,through:24,tt:0.38,num_interact:360,Intrvl:15,num_users:463,errors:0
rt:18.7,through:24.93,tt:0.37,num_interact:374,Intrvl:15,num_users:444,errors:2
rt:17.81,through:25.4,tt:0.34,num_interact:381,Intrvl:15,num_users:454,errors:1
rt:17.97,through:23.67,tt:0.33,num_interact:355,Intrvl:15,num_users:452,errors:1
rt:17.43,through:23.53,tt:0.31,num_interact:353,Intrvl:15,num_users:402,errors:0
rt:17.49,through:23.93,tt:0.36,num_interact:359,Intrvl:15,num_users:500,errors:4
rt:18.89,through:24.67,tt:0.32,num_interact:372,Intrvl:15,num_users:479,errors:0
rt:17.46,through:25,tt:0.38,num_interact:375,Intrvl:15,num_users:491,errors:0
rt:20.55,through:24.8,tt:0.36,num_interact:372,Intrvl:15,num_users:483,errors:0
rt:19.52,through:25.13,tt:0.34,num_interact:377,Intrvl:15,num_users:519,errors:0
rt:19.18,through:24.27,tt:0.32,num_interact:364,Intrvl:15,num_users:514,errors:0
rt:20.72,through:26.47,tt:0.36,num_interact:397,Intrvl:15,num_users:518,errors:0
rt:19.9,through:25.53,tt:0.35,num_interact:383,Intrvl:15,num_users:543,errors:0
rt:20.11,through:23.2,tt:0.3,num_interact:348,Intrvl:15,num_users:487,errors:0
rt:19.94,through:24.07,tt:0.37,num_interact:361,Intrvl:15,num_users:476,errors:0
rt:18.12,through:22.2,tt:0.34,num_interact:333,Intrvl:15,num_users:413,errors:0
rt:18.27,through:24.33,tt:0.38,num_interact:365,Intrvl:15,num_users:483,errors:0
rt:18.59,through:25.6,tt:0.31,num_interact:384,Intrvl:15,num_users:480,errors:0
rt:17.09,through:23.33,tt:0.35,num_interact:350,Intrvl:15,num_users:435,errors:1
rt:18.6,through:23.93,tt:0.32,num_interact:359,Intrvl:15,num_users:482,errors:0
rt:19.1,through:25.4,tt:0.37,num_interact:381,Intrvl:15,num_users:521,errors:0
rt:18.71,through:23.2,tt:0.4,num_interact:348,Intrvl:15,num_users:444,errors:0
rt:18.81,through:23.73,tt:0.36,num_interact:356,Intrvl:15,num_users:510,errors:0
rt:19.3,through:22.93,tt:0.32,num_interact:344,Intrvl:15,num_users:447,errors:0
rt:17.79,through:24.53,tt:0.34,num_interact:368,Intrvl:15,num_users:459,errors:0
rt:18.5,through:24.87,tt:0.36,num_interact:373,Intrvl:15,num_users:442,errors:0
rt:17.26,through:22.2,tt:0.36,num_interact:333,Intrvl:15,num_users:392,errors:0
rt:17.01,through:24.73,tt:0.36,num_interact:371,Intrvl:15,num_users:535,errors:0
rt:19.23,through:23.8,tt:0.36,num_interact:357,Intrvl:15,num_users:482,errors:0
rt:19.29,through:24.8,tt:0.38,num_interact:372,Intrvl:15,num_users:490,errors:0
rt:18.84,through:24.6,tt:0.36,num_interact:369,Intrvl:15,num_users:501,errors:0
rt:19.58,through:25.93,tt:0.33,num_interact:389,Intrvl:15,num_users:522,errors:0
rt:20.28,through:25,tt:0.35,num_interact:375,Intrvl:15,num_users:505,errors:11
rt:18.8,through:23.33,tt:0.36,num_interact:350,Intrvl:15,num_users:455,errors:0
rt:15.33,through:32.8,tt:0.33,num_interact:492,Intrvl:15,num_users:452,errors:0
rt:14.91,through:32.33,tt:0.37,num_interact:485,Intrvl:15,num_users:522,errors:0
rt:14.32,through:34.2,tt:0.35,num_interact:513,Intrvl:15,num_users:472,errors:0
rt:13.94,through:30.6,tt:0.35,num_interact:459,Intrvl:15,num_users:442,errors:0
rt:14.54,through:33.8,tt:0.35,num_interact:513,Intrvl:15,num_users:552,errors:0
rt:15.86,through:32.33,tt:0.34,num_interact:485,Intrvl:15,num_users:538,errors:0
rt:14.68,through:32.53,tt:0.37,num_interact:488,Intrvl:15,num_users:465,errors:0
rt:13.8,through:32.8,tt:0.35,num_interact:495,Intrvl:15,num_users:470,errors:0
rt:13.52,through:33.67,tt:0.36,num_interact:505,Intrvl:15,num_users:483,errors:0
rt:14.04,through:32.13,tt:0.34,num_interact:487,Intrvl:15,num_users:456,errors:0
rt:13,through:32.6,tt:0.36,num_interact:489,Intrvl:15,num_users:434,errors:0
rt:12.93,through:34.47,tt:0.37,num_interact:517,Intrvl:15,num_users:469,errors:0
rt:13.75,through:33.73,tt:0.33,num_interact:506,Intrvl:15,num_users:487,errors:0
rt:13.73,through:33.6,tt:0.36,num_interact:504,Intrvl:15,num_users:477,errors:0
rt:13.37,through:30.33,tt:0.35,num_interact:455,Intrvl:15,num_users:414,errors:0
rt:12.98,through:34,tt:0.39,num_interact:510,Intrvl:15,num_users:500,errors:0
rt:14.17,through:32.47,tt:0.35,num_interact:490,Intrvl:15,num_users:475,errors:0
rt:14.23,through:33.73,tt:0.34,num_interact:527,Intrvl:15,num_users:524,errors:0
rt:14.6,through:32.6,tt:0.34,num_interact:492,Intrvl:15,num_users:480,errors:0
rt:14.35,through:35.13,tt:0.34,num_interact:527,Intrvl:15,num_users:479,errors:0
rt:13.11,through:30.6,tt:0.36,num_interact:459,Intrvl:15,num_users:409,errors:0
rt:13.22,through:32.73,tt:0.37,num_interact:491,Intrvl:15,num_users:490,errors:0
rt:13.5,through:33.2,tt:0.34,num_interact:498,Intrvl:15,num_users:468,errors:0
rt:13.7,through:34.13,tt:0.34,num_interact:512,Intrvl:15,num_users:477,errors:0
rt:14.79,through:31.47,tt:0.36,num_interact:472,Intrvl:15,num_users:543,errors:0
rt:14.68,through:31.4,tt:0.35,num_interact:471,Intrvl:15,num_users:455,errors:0
rt:13.08,through:32.73,tt:0.34,num_interact:491,Intrvl:15,num_users:423,errors:0
rt:12.66,through:33.33,tt:0.37,num_interact:500,Intrvl:15,num_users:455,errors:0
rt:13.53,through:33.4,tt:0.37,num_interact:501,Intrvl:15,num_users:503,errors:0
rt:14.2,through:33.33,tt:0.35,num_interact:500,Intrvl:15,num_users:477,errors:0
rt:14.55,through:33.27,tt:0.38,num_interact:499,Intrvl:15,num_users:536,errors:0
rt:14.78,through:32.6,tt:0.37,num_interact:493,Intrvl:15,num_users:494,errors:0
rt:14.75,through:33.33,tt:0.38,num_interact:500,Intrvl:15,num_users:496,errors:0
rt:14.54,through:33.47,tt:0.35,num_interact:502,Intrvl:15,num_users:526,errors:0
rt:15.97,through:29.67,tt:0.38,num_interact:445,Intrvl:15,num_users:591,errors:0
rt:16.48,through:33.53,tt:0.35,num_interact:503,Intrvl:15,num_users:482,errors:0
rt:14.12,through:35.33,tt:0.34,num_interact:530,Intrvl:15,num_users:521,errors:0
rt:15.47,through:33.4,tt:0.35,num_interact:501,Intrvl:15,num_users:514,errors:0
rt:15.55,through:37.13,tt:0.38,num_interact:564,Intrvl:15,num_users:539,errors:0
rt:14.64,through:34.93,tt:0.33,num_interact:524,Intrvl:15,num_users:501,errors:0
rt:14.54,through:33.2,tt:0.37,num_interact:498,Intrvl:15,num_users:490,errors:0
rt:13.47,through:30.73,tt:0.35,num_interact:461,Intrvl:15,num_users:431,errors:0
rt:13.74,through:33.47,tt:0.35,num_interact:502,Intrvl:15,num_users:479,errors:0
rt:13.85,through:33.4,tt:0.36,num_interact:501,Intrvl:15,num_users:508,errors:0
rt:15.69,through:30.47,tt:0.36,num_interact:457,Intrvl:15,num_users:567,errors:0
rt:15.65,through:34.4,tt:0.35,num_interact:516,Intrvl:15,num_users:504,errors:0
rt:14.31,through:33.2,tt:0.34,num_interact:498,Intrvl:15,num_users:508,errors:0
rt:15.19,through:33.2,tt:0.36,num_interact:498,Intrvl:15,num_users:536,errors:0
rt:15.34,through:37.4,tt:0.34,num_interact:561,Intrvl:15,num_users:539,errors:0
rt:17.34,through:32.47,tt:0.36,num_interact:513,Intrvl:15,num_users:577,errors:0
rt:18.54,through:55.2,tt:0.36,num_interact:833,Intrvl:15,num_users:584,errors:0
rt:17.86,through:29,tt:0.32,num_interact:435,Intrvl:15,num_users:613,errors:11
rt:16.79,through:33.67,tt:0.33,num_interact:540,Intrvl:15,num_users:459,errors:0
rt:14.45,through:53.07,tt:0.37,num_interact:953,Intrvl:15,num_users:652,errors:0
rt:21.88,through:10.67,tt:0.38,num_interact:160,Intrvl:15,num_users:574,errors:0
rt:37.44,through:5.87,tt:0.36,num_interact:88,Intrvl:15,num_users:546,errors:0
rt:167.99,through:47.47,tt:0.37,num_interact:712,Intrvl:15,num_users:591,errors:0
rt:57.7,through:28.67,tt:0.33,num_interact:467,Intrvl:15,num_users:545,errors:0
rt:15.55,through:31.07,tt:0.35,num_interact:599,Intrvl:15,num_users:536,errors:0
rt:16.78,through:31.53,tt:0.36,num_interact:473,Intrvl:15,num_users:525,errors:0
rt:16.12,through:32.73,tt:0.36,num_interact:491,Intrvl:15,num_users:592,errors:0
rt:17.81,through:27.2,tt:0.36,num_interact:408,Intrvl:15,num_users:539,errors:0
rt:17.67,through:37.4,tt:0.36,num_interact:561,Intrvl:15,num_users:498,errors:0
rt:13.15,through:25.4,tt:0.35,num_interact:381,Intrvl:15,num_users:532,errors:0
rt:14.79,through:32.4,tt:0.35,num_interact:486,Intrvl:15,num_users:578,errors:0
rt:16.15,through:36.33,tt:0.37,num_interact:545,Intrvl:15,num_users:466,errors:0
rt:11.87,through:50,tt:0.34,num_interact:750,Intrvl:15,num_users:528,errors:0
rt:130.96,through:102.2,tt:0.36,num_interact:1533,Intrvl:15,num_users:668,errors:1
rt:34.73,through:26.2,tt:0.37,num_interact:505,Intrvl:15,num_users:594,errors:0
rt:20.75,through:32.13,tt:0.37,num_interact:482,Intrvl:15,num_users:581,errors:0
rt:15.12,through:24.33,tt:0.38,num_interact:392,Intrvl:15,num_users:672,errors:0
rt:25.09,through:22.2,tt:0.34,num_interact:483,Intrvl:15,num_users:658,errors:0
rt:173.19,through:1.33,tt:0.44,num_interact:20,Intrvl:15,num_users:615,errors:0
rt:183.85,through:1.53,tt:0.23,num_interact:23,Intrvl:15,num_users:592,errors:0
rt:194.17,through:1.13,tt:0.32,num_interact:17,Intrvl:15,num_users:531,errors:0
rt:211.88,through:0.8,tt:0.3,num_interact:12,Intrvl:15,num_users:522,errors:0
rt:284.72,through:206.93,tt:0.35,num_interact:3104,Intrvl:15,num_users:585,errors:90
rt:71.55,through:8.13,tt:0.35,num_interact:122,Intrvl:15,num_users:610,errors:0
rt:201.96,through:8.87,tt:0.34,num_interact:133,Intrvl:15,num_users:589,errors:0
rt:401.82,through:7.53,tt:0.35,num_interact:113,Intrvl:15,num_users:577,errors:1
rt:213.46,through:6,tt:0.34,num_interact:90,Intrvl:15,num_users:557,errors:23
rt:63.54,through:8.07,tt:0.29,num_interact:121,Intrvl:15,num_users:574,errors:0
rt:66.11,through:6.93,tt:0.32,num_interact:104,Intrvl:15,num_users:568,errors:14
rt:63.29,through:7.67,tt:0.37,num_interact:115,Intrvl:15,num_users:566,errors:0
rt:78.22,through:7.4,tt:0.38,num_interact:111,Intrvl:15,num_users:528,errors:15
rt:71.88,through:6.07,tt:0.35,num_interact:91,Intrvl:15,num_users:498,errors:0
rt:70.95,through:7.4,tt:0.37,num_interact:111,Intrvl:15,num_users:507,errors:10
rt:63.22,through:6.8,tt:0.37,num_interact:102,Intrvl:15,num_users:498,errors:0
rt:70.99,through:7.2,tt:0.33,num_interact:108,Intrvl:15,num_users:442,errors:11
rt:59.61,through:6.07,tt:0.4,num_interact:91,Intrvl:15,num_users:491,errors:5
rt:58.75,through:6.87,tt:0.31,num_interact:103,Intrvl:15,num_users:560,errors:8
rt:57.58,through:7.13,tt:0.33,num_interact:107,Intrvl:15,num_users:588,errors:13
rt:64.58,through:8.07,tt:0.38,num_interact:121,Intrvl:15,num_users:505,errors:2
rt:62.71,through:6.47,tt:0.37,num_interact:97,Intrvl:15,num_users:518,errors:17
rt:64.87,through:6.2,tt:0.37,num_interact:93,Intrvl:15,num_users:501,errors:0
rt:71.28,through:5.53,tt:0.34,num_interact:83,Intrvl:15,num_users:461,errors:10
rt:66.72,through:6.47,tt:0.37,num_interact:97,Intrvl:15,num_users:536,errors:0
rt:78.61,through:6.6,tt:0.37,num_interact:99,Intrvl:15,num_users:522,errors:18
rt:71.15,through:6.33,tt:0.35,num_interact:95,Intrvl:15,num_users:430,errors:0
rt:64.78,through:6.13,tt:0.38,num_interact:92,Intrvl:15,num_users:536,errors:4
rt:64.43,through:5.33,tt:0.41,num_interact:80,Intrvl:15,num_users:651,errors:6
rt:66.51,through:6.27,tt:0.39,num_interact:94,Intrvl:15,num_users:563,errors:0
rt:67.95,through:7.8,tt:0.33,num_interact:117,Intrvl:15,num_users:623,errors:12
rt:63.2,through:7.33,tt:0.39,num_interact:110,Intrvl:15,num_users:511,errors:0
rt:70.72,through:4.73,tt:0.35,num_interact:71,Intrvl:15,num_users:578,errors:25
rt:64.92,through:6.53,tt:0.36,num_interact:98,Intrvl:15,num_users:529,errors:0
rt:73.94,through:5.33,tt:0.33,num_interact:80,Intrvl:15,num_users:505,errors:15
rt:68.21,through:6.93,tt:0.35,num_interact:104,Intrvl:15,num_users:585,errors:0
rt:76.9,through:5.67,tt:0.4,num_interact:85,Intrvl:15,num_users:466,errors:24
rt:67.58,through:5.13,tt:0.31,num_interact:77,Intrvl:15,num_users:532,errors:0
rt:76.25,through:7.93,tt:0.38,num_interact:119,Intrvl:15,num_users:542,errors:15
rt:70.36,through:4.67,tt:0.37,num_interact:70,Intrvl:15,num_users:620,errors:5
rt:79.01,through:7.4,tt:0.32,num_interact:111,Intrvl:15,num_users:552,errors:2
rt:75.27,through:7.2,tt:0.33,num_interact:108,Intrvl:15,num_users:547,errors:6
rt:69.97,through:7.8,tt:0.33,num_interact:117,Intrvl:15,num_users:550,errors:4
rt:82.05,through:6.67,tt:0.39,num_interact:100,Intrvl:15,num_users:508,errors:10
rt:64.31,through:6,tt:0.36,num_interact:90,Intrvl:15,num_users:491,errors:2
rt:69.78,through:7.6,tt:0.29,num_interact:114,Intrvl:15,num_users:617,errors:12
rt:68.87,through:6.47,tt:0.38,num_interact:97,Intrvl:15,num_users:627,errors:5
rt:74.46,through:8.27,tt:0.4,num_interact:124,Intrvl:15,num_users:605,errors:7
rt:58.54,through:8.2,tt:0.35,num_interact:123,Intrvl:15,num_users:668,errors:13
rt:49.72,through:13.4,tt:0.39,num_interact:201,Intrvl:15,num_users:549,errors:10
rt:32.61,through:21.33,tt:0.4,num_interact:320,Intrvl:15,num_users:571,errors:16
rt:29.3,through:22.73,tt:0.35,num_interact:341,Intrvl:15,num_users:584,errors:0
rt:24.58,through:26.4,tt:0.34,num_interact:396,Intrvl:15,num_users:587,errors:15
rt:22.82,through:21.33,tt:0.34,num_interact:320,Intrvl:15,num_users:529,errors:0
rt:18.55,through:25.2,tt:0.35,num_interact:378,Intrvl:15,num_users:556,errors:19
rt:23.58,through:22,tt:0.38,num_interact:330,Intrvl:15,num_users:612,errors:0
rt:22.05,through:23.33,tt:0.37,num_interact:350,Intrvl:15,num_users:571,errors:19
rt:21.63,through:23.2,tt:0.36,num_interact:348,Intrvl:15,num_users:571,errors:9
rt:22.58,through:23.33,tt:0.31,num_interact:350,Intrvl:15,num_users:526,errors:18
rt:21.47,through:23.8,tt:0.38,num_interact:357,Intrvl:15,num_users:620,errors:9
rt:23.43,through:23.53,tt:0.36,num_interact:353,Intrvl:15,num_users:679,errors:1
rt:26.51,through:20.67,tt:0.32,num_interact:310,Intrvl:15,num_users:564,errors:20
rt:22.96,through:22.07,tt:0.34,num_interact:331,Intrvl:15,num_users:535,errors:0
rt:20.16,through:24.53,tt:0.33,num_interact:368,Intrvl:15,num_users:606,errors:16
rt:22.57,through:24.67,tt:0.37,num_interact:370,Intrvl:15,num_users:629,errors:0
rt:21.37,through:25.4,tt:0.38,num_interact:381,Intrvl:15,num_users:568,errors:19
rt:24.07,through:20.67,tt:0.36,num_interact:310,Intrvl:15,num_users:659,errors:1
rt:23.92,through:22.07,tt:0.36,num_interact:332,Intrvl:15,num_users:624,errors:10
rt:24.86,through:24.4,tt:0.35,num_interact:366,Intrvl:15,num_users:592,errors:4
rt:22.23,through:23.27,tt:0.38,num_interact:349,Intrvl:15,num_users:616,errors:13
rt:22.92,through:24.93,tt:0.35,num_interact:374,Intrvl:15,num_users:612,errors:8
rt:23.01,through:22.93,tt:0.37,num_interact:344,Intrvl:15,num_users:608,errors:0
rt:22.67,through:25.8,tt:0.36,num_interact:387,Intrvl:15,num_users:617,errors:25
rt:25.21,through:23.8,tt:0.35,num_interact:360,Intrvl:15,num_users:599,errors:2
rt:22.95,through:22.67,tt:0.32,num_interact:340,Intrvl:15,num_users:498,errors:11
rt:21.72,through:21.8,tt:0.33,num_interact:327,Intrvl:15,num_users:564,errors:0
rt:20.5,through:24.93,tt:0.37,num_interact:376,Intrvl:15,num_users:591,errors:8
rt:22.06,through:23.67,tt:0.38,num_interact:355,Intrvl:15,num_users:648,errors:1
rt:23.74,through:22.4,tt:0.36,num_interact:336,Intrvl:15,num_users:531,errors:5
rt:20.12,through:24.4,tt:0.36,num_interact:366,Intrvl:15,num_users:714,errors:11
rt:23.63,through:22.73,tt:0.39,num_interact:341,Intrvl:15,num_users:690,errors:0
rt:23.61,through:23.87,tt:0.37,num_interact:360,Intrvl:15,num_users:641,errors:13
rt:25.03,through:23.93,tt:0.38,num_interact:359,Intrvl:15,num_users:746,errors:0
rt:24.29,through:23.6,tt:0.36,num_interact:354,Intrvl:15,num_users:703,errors:24
rt:28.97,through:22.53,tt:0.36,num_interact:338,Intrvl:15,num_users:643,errors:0
rt:23.11,through:24.33,tt:0.34,num_interact:365,Intrvl:15,num_users:732,errors:21
rt:28.52,through:19.6,tt:0.37,num_interact:294,Intrvl:15,num_users:634,errors:0
rt:23.9,through:28,tt:0.34,num_interact:420,Intrvl:15,num_users:651,errors:10
rt:25.87,through:22.07,tt:0.35,num_interact:331,Intrvl:15,num_users:617,errors:0
rt:22.74,through:25.33,tt:0.33,num_interact:380,Intrvl:15,num_users:650,errors:18
rt:29.38,through:20.2,tt:0.36,num_interact:303,Intrvl:15,num_users:567,errors:0
rt:21.88,through:25.6,tt:0.35,num_interact:384,Intrvl:15,num_users:622,errors:20
rt:24.58,through:22.27,tt:0.32,num_interact:334,Intrvl:15,num_users:694,errors:1
rt:25.54,through:24.93,tt:0.36,num_interact:374,Intrvl:15,num_users:662,errors:18
rt:26.55,through:20.8,tt:0.37,num_interact:315,Intrvl:15,num_users:591,errors:3
rt:22.9,through:24.13,tt:0.35,num_interact:362,Intrvl:15,num_users:717,errors:8
rt:25.6,through:22.53,tt:0.35,num_interact:338,Intrvl:15,num_users:672,errors:11
rt:26.64,through:23.47,tt:0.36,num_interact:352,Intrvl:15,num_users:648,errors:0
rt:23.16,through:23.73,tt:0.35,num_interact:356,Intrvl:15,num_users:634,errors:16
rt:25.46,through:22.6,tt:0.32,num_interact:339,Intrvl:15,num_users:693,errors:0
rt:24.31,through:25.07,tt:0.36,num_interact:394,Intrvl:15,num_users:742,errors:15
rt:28.45,through:21.33,tt:0.36,num_interact:320,Intrvl:15,num_users:601,errors:2
rt:22.29,through:24.67,tt:0.35,num_interact:370,Intrvl:15,num_users:638,errors:15
rt:24.49,through:20.6,tt:0.35,num_interact:309,Intrvl:15,num_users:700,errors:1
rt:25.03,through:26.33,tt:0.37,num_interact:395,Intrvl:15,num_users:708,errors:16
rt:26.77,through:22,tt:0.33,num_interact:330,Intrvl:15,num_users:673,errors:8
rt:26.97,through:24.13,tt:0.33,num_interact:362,Intrvl:15,num_users:648,errors:5
rt:25.15,through:24.4,tt:0.38,num_interact:366,Intrvl:15,num_users:673,errors:20
rt:28.18,through:22.8,tt:0.34,num_interact:342,Intrvl:15,num_users:638,errors:1
rt:27.86,through:25.13,tt:0.39,num_interact:377,Intrvl:15,num_users:675,errors:15
rt:25.43,through:22.8,tt:0.35,num_interact:345,Intrvl:15,num_users:731,errors:1
rt:25.09,through:23.73,tt:0.34,num_interact:356,Intrvl:15,num_users:661,errors:23
rt:27.86,through:21.8,tt:0.36,num_interact:328,Intrvl:15,num_users:742,errors:1
rt:24.1,through:23,tt:0.34,num_interact:345,Intrvl:15,num_users:654,errors:19
rt:26.45,through:23.53,tt:0.38,num_interact:353,Intrvl:15,num_users:762,errors:3
rt:28.46,through:21.8,tt:0.34,num_interact:327,Intrvl:15,num_users:708,errors:11
rt:29.56,through:22.27,tt:0.33,num_interact:334,Intrvl:15,num_users:643,errors:10
rt:23.79,through:23.2,tt:0.35,num_interact:348,Intrvl:15,num_users:736,errors:0
rt:25.92,through:25.2,tt:0.33,num_interact:378,Intrvl:15,num_users:753,errors:11
rt:29.15,through:22.93,tt:0.38,num_interact:344,Intrvl:15,num_users:703,errors:0
rt:24.79,through:26.13,tt:0.38,num_interact:392,Intrvl:15,num_users:717,errors:19
rt:27.24,through:21.07,tt:0.37,num_interact:319,Intrvl:15,num_users:655,errors:4
rt:25.62,through:24.53,tt:0.35,num_interact:368,Intrvl:15,num_users:693,errors:42
rt:27.52,through:24.8,tt:0.35,num_interact:372,Intrvl:15,num_users:640,errors:1
rt:22.84,through:47.93,tt:0.36,num_interact:843,Intrvl:15,num_users:665,errors:29
rt:319.66,through:86.93,tt:0.34,num_interact:1304,Intrvl:15,num_users:676,errors:30
rt:32.31,through:63.6,tt:0.34,num_interact:954,Intrvl:15,num_users:686,errors:0
rt:277.14,through:83.07,tt:0.35,num_interact:1246,Intrvl:15,num_users:710,errors:10
rt:61.7,through:12.6,tt:0.34,num_interact:189,Intrvl:15,num_users:714,errors:0
rt:40.07,through:11.87,tt:0.33,num_interact:178,Intrvl:15,num_users:636,errors:0
rt:33.92,through:11.2,tt:0.38,num_interact:168,Intrvl:15,num_users:676,errors:0
rt:32.54,through:11.93,tt:0.37,num_interact:179,Intrvl:15,num_users:678,errors:0
rt:33.99,through:12.87,tt:0.41,num_interact:193,Intrvl:15,num_users:711,errors:0
rt:30.67,through:12.53,tt:0.37,num_interact:188,Intrvl:15,num_users:697,errors:0
rt:34.56,through:12.67,tt:0.35,num_interact:190,Intrvl:15,num_users:741,errors:0
rt:35,through:12.47,tt:0.4,num_interact:187,Intrvl:15,num_users:791,errors:0
rt:36.44,through:12.73,tt:0.37,num_interact:191,Intrvl:15,num_users:826,errors:0
rt:39.07,through:9.8,tt:0.34,num_interact:147,Intrvl:15,num_users:739,errors:0
rt:41.64,through:9.07,tt:0.32,num_interact:136,Intrvl:15,num_users:676,errors:0
rt:42.68,through:9.6,tt:0.33,num_interact:144,Intrvl:15,num_users:644,errors:0
rt:41.25,through:10.4,tt:0.33,num_interact:156,Intrvl:15,num_users:672,errors:0
rt:36.1,through:10.73,tt:0.36,num_interact:161,Intrvl:15,num_users:661,errors:0
rt:38.25,through:10.47,tt:0.35,num_interact:157,Intrvl:15,num_users:602,errors:0
rt:32.83,through:11.53,tt:0.32,num_interact:173,Intrvl:15,num_users:666,errors:0
rt:30.64,through:12.4,tt:0.34,num_interact:186,Intrvl:15,num_users:654,errors:0
rt:31.31,through:13.13,tt:0.42,num_interact:197,Intrvl:15,num_users:713,errors:0
rt:33.24,through:11.87,tt:0.4,num_interact:178,Intrvl:15,num_users:655,errors:0
rt:35.39,through:10.07,tt:0.32,num_interact:151,Intrvl:15,num_users:697,errors:0
rt:35.47,through:13.13,tt:0.34,num_interact:197,Intrvl:15,num_users:732,errors:0
rt:33.57,through:11.53,tt:0.35,num_interact:173,Intrvl:15,num_users:671,errors:0
rt:36.87,through:11.4,tt:0.33,num_interact:171,Intrvl:15,num_users:704,errors:0
rt:35.84,through:11.07,tt:0.36,num_interact:167,Intrvl:15,num_users:641,errors:0
rt:35.87,through:10.13,tt:0.35,num_interact:152,Intrvl:15,num_users:657,errors:0
rt:34.36,through:12.6,tt:0.36,num_interact:189,Intrvl:15,num_users:685,errors:0
rt:33.69,through:13.13,tt:0.36,num_interact:201,Intrvl:15,num_users:722,errors:0
rt:33.69,through:12.8,tt:0.37,num_interact:192,Intrvl:15,num_users:718,errors:0
rt:35.62,through:12.87,tt:0.4,num_interact:193,Intrvl:15,num_users:732,errors:0
rt:35.14,through:13.07,tt:0.31,num_interact:196,Intrvl:15,num_users:699,errors:0
rt:37.43,through:10.73,tt:0.38,num_interact:161,Intrvl:15,num_users:708,errors:0
rt:37.74,through:11.2,tt:0.35,num_interact:168,Intrvl:15,num_users:654,errors:0
rt:37.3,through:10.47,tt:0.32,num_interact:157,Intrvl:15,num_users:633,errors:0
rt:34.88,through:12.2,tt:0.32,num_interact:183,Intrvl:15,num_users:692,errors:0
rt:31.23,through:10.53,tt:0.36,num_interact:158,Intrvl:15,num_users:610,errors:0
rt:34.46,through:10.4,tt:0.42,num_interact:156,Intrvl:15,num_users:638,errors:0
rt:33.44,through:12.4,tt:0.33,num_interact:186,Intrvl:15,num_users:673,errors:0
rt:31.79,through:12.87,tt:0.31,num_interact:193,Intrvl:15,num_users:664,errors:0
rt:31.43,through:12.4,tt:0.35,num_interact:186,Intrvl:15,num_users:697,errors:0
rt:32.35,through:13.13,tt:0.37,num_interact:197,Intrvl:15,num_users:694,errors:0
rt:34.87,through:12.73,tt:0.43,num_interact:191,Intrvl:15,num_users:774,errors:0
rt:34.81,through:12.2,tt:0.29,num_interact:183,Intrvl:15,num_users:685,errors:0
rt:37.74,through:7.93,tt:0.35,num_interact:119,Intrvl:15,num_users:692,errors:0
rt:38.58,through:12.33,tt:0.37,num_interact:185,Intrvl:15,num_users:647,errors:0
rt:39.77,through:11.27,tt:0.35,num_interact:169,Intrvl:15,num_users:658,errors:0
rt:35.1,through:12.13,tt:0.38,num_interact:182,Intrvl:15,num_users:673,errors:0
rt:33.17,through:10.73,tt:0.4,num_interact:161,Intrvl:15,num_users:594,errors:0
rt:32.1,through:10.87,tt:0.39,num_interact:163,Intrvl:15,num_users:641,errors:0
rt:32.34,through:10.6,tt:0.37,num_interact:159,Intrvl:15,num_users:584,errors:0
rt:32.14,through:10.93,tt:0.37,num_interact:164,Intrvl:15,num_users:629,errors:0
rt:31.08,through:13.07,tt:0.36,num_interact:196,Intrvl:15,num_users:679,errors:0
rt:29.36,through:10.33,tt:0.31,num_interact:155,Intrvl:15,num_users:578,errors:0
rt:31.95,through:9.67,tt:0.34,num_interact:145,Intrvl:15,num_users:595,errors:0
rt:31.32,through:12.2,tt:0.37,num_interact:183,Intrvl:15,num_users:606,errors:0
rt:30.53,through:12.93,tt:0.32,num_interact:194,Intrvl:15,num_users:720,errors:2
rt:27.02,through:15.27,tt:0.36,num_interact:229,Intrvl:15,num_users:704,errors:8
rt:26.5,through:20.93,tt:0.39,num_interact:314,Intrvl:15,num_users:690,errors:0
rt:19.3,through:27.07,tt:0.35,num_interact:406,Intrvl:15,num_users:655,errors:0
rt:14.56,through:26.33,tt:0.36,num_interact:395,Intrvl:15,num_users:613,errors:0
rt:12.88,through:28.73,tt:0.36,num_interact:465,Intrvl:15,num_users:708,errors:0
rt:14.36,through:32.47,tt:0.35,num_interact:487,Intrvl:15,num_users:715,errors:0
rt:17.03,through:22.8,tt:0.33,num_interact:342,Intrvl:15,num_users:651,errors:0
rt:17.59,through:24.07,tt:0.36,num_interact:361,Intrvl:15,num_users:661,errors:0
rt:17.05,through:25.07,tt:0.37,num_interact:376,Intrvl:15,num_users:701,errors:0
rt:17.78,through:24.13,tt:0.36,num_interact:362,Intrvl:15,num_users:686,errors:0
rt:17.66,through:24.73,tt:0.36,num_interact:371,Intrvl:15,num_users:704,errors:0
rt:17.89,through:23.8,tt:0.34,num_interact:357,Intrvl:15,num_users:669,errors:0
rt:17.23,through:22.4,tt:0.34,num_interact:340,Intrvl:15,num_users:631,errors:0
rt:16.07,through:24.87,tt:0.34,num_interact:373,Intrvl:15,num_users:671,errors:0
rt:17.01,through:25.47,tt:0.4,num_interact:382,Intrvl:15,num_users:720,errors:0
rt:17.84,through:23.53,tt:0.38,num_interact:353,Intrvl:15,num_users:680,errors:0
rt:17.75,through:24.27,tt:0.35,num_interact:364,Intrvl:15,num_users:708,errors:0
rt:18.74,through:21.13,tt:0.37,num_interact:317,Intrvl:15,num_users:631,errors:0
rt:16.95,through:24.6,tt:0.37,num_interact:369,Intrvl:15,num_users:700,errors:0
rt:17.1,through:21.07,tt:0.32,num_interact:316,Intrvl:15,num_users:613,errors:0
rt:15.89,through:23.4,tt:0.38,num_interact:354,Intrvl:15,num_users:676,errors:0
rt:17.25,through:25.4,tt:0.35,num_interact:381,Intrvl:15,num_users:679,errors:0
rt:16.66,through:25.47,tt:0.32,num_interact:382,Intrvl:15,num_users:676,errors:0
rt:17.81,through:25.07,tt:0.38,num_interact:384,Intrvl:15,num_users:739,errors:0
rt:18.09,through:24.13,tt:0.38,num_interact:362,Intrvl:15,num_users:710,errors:0
rt:19.08,through:25.13,tt:0.36,num_interact:377,Intrvl:15,num_users:735,errors:0
rt:17.98,through:19.73,tt:0.37,num_interact:296,Intrvl:15,num_users:609,errors:0
rt:16.89,through:23.4,tt:0.34,num_interact:351,Intrvl:15,num_users:710,errors:0
rt:17.49,through:24.6,tt:0.38,num_interact:369,Intrvl:15,num_users:699,errors:0
rt:18.01,through:24.87,tt:0.33,num_interact:373,Intrvl:15,num_users:687,errors:0
rt:18.19,through:24.93,tt:0.38,num_interact:374,Intrvl:15,num_users:755,errors:0
rt:19.03,through:25.4,tt:0.39,num_interact:381,Intrvl:15,num_users:806,errors:0
rt:20.95,through:25.47,tt:0.32,num_interact:382,Intrvl:15,num_users:797,errors:0
rt:21.37,through:24.27,tt:0.35,num_interact:364,Intrvl:15,num_users:770,errors:0
rt:20.16,through:19.87,tt:0.36,num_interact:298,Intrvl:15,num_users:659,errors:0
rt:17.87,through:22.13,tt:0.33,num_interact:332,Intrvl:15,num_users:640,errors:0
rt:17.74,through:24.93,tt:0.34,num_interact:376,Intrvl:15,num_users:749,errors:0
rt:19.16,through:18.53,tt:0.34,num_interact:278,Intrvl:15,num_users:575,errors:0
rt:16.92,through:21.67,tt:0.36,num_interact:330,Intrvl:15,num_users:792,errors:0
rt:19.82,through:20.53,tt:0.36,num_interact:308,Intrvl:15,num_users:699,errors:0
rt:19.83,through:24.47,tt:0.37,num_interact:367,Intrvl:15,num_users:728,errors:0
rt:19.34,through:24.93,tt:0.35,num_interact:374,Intrvl:15,num_users:717,errors:0
rt:19.02,through:22.4,tt:0.34,num_interact:336,Intrvl:15,num_users:669,errors:0
rt:16.79,through:25.13,tt:0.37,num_interact:377,Intrvl:15,num_users:699,errors:0
rt:18.07,through:23,tt:0.34,num_interact:345,Intrvl:15,num_users:643,errors:0
rt:16.51,through:23.53,tt:0.34,num_interact:353,Intrvl:15,num_users:685,errors:0
rt:17.01,through:24.73,tt:0.36,num_interact:371,Intrvl:15,num_users:630,errors:0
rt:16.38,through:23.4,tt:0.37,num_interact:351,Intrvl:15,num_users:734,errors:0
rt:18.94,through:23.6,tt:0.35,num_interact:354,Intrvl:15,num_users:692,errors:0
rt:18.41,through:24.67,tt:0.35,num_interact:370,Intrvl:15,num_users:724,errors:0
rt:18.32,through:21.67,tt:0.31,num_interact:325,Intrvl:15,num_users:651,errors:0
rt:16.58,through:24.87,tt:0.33,num_interact:373,Intrvl:15,num_users:662,errors:0
rt:16.29,through:24.6,tt:0.34,num_interact:369,Intrvl:15,num_users:627,errors:0
rt:15.47,through:23.47,tt:0.34,num_interact:352,Intrvl:15,num_users:610,errors:0
rt:15.72,through:25.4,tt:0.39,num_interact:381,Intrvl:15,num_users:673,errors:0
rt:15.58,through:23.13,tt:0.36,num_interact:347,Intrvl:15,num_users:661,errors:0
rt:17.41,through:27.07,tt:0.37,num_interact:406,Intrvl:15,num_users:714,errors:0
rt:17.1,through:23.8,tt:0.34,num_interact:357,Intrvl:15,num_users:651,errors:0
rt:15.6,through:22,tt:0.35,num_interact:330,Intrvl:15,num_users:616,errors:0
rt:16.48,through:24.4,tt:0.37,num_interact:366,Intrvl:15,num_users:687,errors:0
rt:15.43,through:26.2,tt:0.34,num_interact:393,Intrvl:15,num_users:693,errors:0
rt:17.68,through:23.27,tt:0.38,num_interact:349,Intrvl:15,num_users:652,errors:0
rt:15.75,through:26,tt:0.38,num_interact:390,Intrvl:15,num_users:736,errors:0
rt:18.72,through:22.67,tt:0.34,num_interact:340,Intrvl:15,num_users:648,errors:0
rt:15.52,through:23.87,tt:0.35,num_interact:358,Intrvl:15,num_users:671,errors:0
rt:16.91,through:24.6,tt:0.36,num_interact:369,Intrvl:15,num_users:745,errors:3
rt:18.91,through:24.2,tt:0.36,num_interact:363,Intrvl:15,num_users:699,errors:2
rt:18.13,through:23.67,tt:0.35,num_interact:355,Intrvl:15,num_users:689,errors:1
rt:18.55,through:24.93,tt:0.34,num_interact:374,Intrvl:15,num_users:697,errors:1
rt:16.86,through:24.47,tt:0.36,num_interact:367,Intrvl:15,num_users:683,errors:1
rt:17.96,through:24.13,tt:0.36,num_interact:362,Intrvl:15,num_users:710,errors:7
rt:19.51,through:23.4,tt:0.35,num_interact:352,Intrvl:15,num_users:675,errors:2
rt:16.64,through:24.73,tt:0.34,num_interact:371,Intrvl:15,num_users:672,errors:7
rt:17.3,through:24.27,tt:0.39,num_interact:364,Intrvl:15,num_users:671,errors:1
rt:15.8,through:23.53,tt:0.34,num_interact:353,Intrvl:15,num_users:640,errors:10
rt:15.01,through:22.07,tt:0.35,num_interact:331,Intrvl:15,num_users:567,errors:1
rt:14.85,through:21.87,tt:0.34,num_interact:328,Intrvl:15,num_users:592,errors:18
rt:9.21,through:36.73,tt:0.35,num_interact:561,Intrvl:15,num_users:598,errors:3
rt:8.04,through:40.07,tt:0.37,num_interact:601,Intrvl:15,num_users:546,errors:8
rt:10.17,through:35.2,tt:0.37,num_interact:528,Intrvl:15,num_users:648,errors:5
rt:12.96,through:71.67,tt:0.38,num_interact:1075,Intrvl:15,num_users:707,errors:5
rt:13.39,through:34.2,tt:0.35,num_interact:513,Intrvl:15,num_users:599,errors:0
rt:11.19,through:46.07,tt:0.37,num_interact:691,Intrvl:15,num_users:664,errors:0
rt:13.86,through:48.87,tt:0.35,num_interact:733,Intrvl:15,num_users:721,errors:0
rt:20.19,through:29.07,tt:0.37,num_interact:436,Intrvl:15,num_users:774,errors:0
rt:13.26,through:29.6,tt:0.35,num_interact:501,Intrvl:15,num_users:634,errors:0
rt:11.08,through:33.4,tt:0.35,num_interact:562,Intrvl:15,num_users:596,errors:0
rt:10.65,through:47.07,tt:0.34,num_interact:706,Intrvl:15,num_users:683,errors:0
rt:13.41,through:30.27,tt:0.35,num_interact:454,Intrvl:15,num_users:627,errors:0
rt:11.89,through:33.93,tt:0.35,num_interact:509,Intrvl:15,num_users:599,errors:0
rt:10.63,through:42.13,tt:0.35,num_interact:632,Intrvl:15,num_users:651,errors:0
rt:13.05,through:36.87,tt:0.36,num_interact:553,Intrvl:15,num_users:655,errors:0
rt:13.68,through:25.53,tt:0.36,num_interact:700,Intrvl:15,num_users:648,errors:0
rt:15.34,through:35.47,tt:0.38,num_interact:532,Intrvl:15,num_users:606,errors:0
rt:10.58,through:29,tt:0.36,num_interact:435,Intrvl:15,num_users:633,errors:0
rt:13.08,through:32.67,tt:0.32,num_interact:490,Intrvl:15,num_users:640,errors:0
rt:11.19,through:34.4,tt:0.36,num_interact:545,Intrvl:15,num_users:623,errors:0
rt:12.25,through:34.93,tt:0.36,num_interact:524,Intrvl:15,num_users:622,errors:0
rt:10.55,through:33.33,tt:0.33,num_interact:538,Intrvl:15,num_users:624,errors:0
rt:11.45,through:32.53,tt:0.37,num_interact:488,Intrvl:15,num_users:603,errors:0
rt:10.94,through:58.73,tt:0.35,num_interact:881,Intrvl:15,num_users:623,errors:0
rt:10.99,through:32.87,tt:0.36,num_interact:694,Intrvl:15,num_users:647,errors:0
rt:10.73,through:32.73,tt:0.32,num_interact:491,Intrvl:15,num_users:587,errors:0
rt:9.57,through:36,tt:0.34,num_interact:540,Intrvl:15,num_users:574,errors:0
rt:8.67,through:40.93,tt:0.35,num_interact:614,Intrvl:15,num_users:543,errors:8
rt:9.69,through:32.4,tt:0.38,num_interact:486,Intrvl:15,num_users:644,errors:0
rt:9.21,through:37.07,tt:0.36,num_interact:803,Intrvl:15,num_users:566,errors:0
rt:8.22,through:40.27,tt:0.35,num_interact:604,Intrvl:15,num_users:554,errors:0
rt:8.38,through:38.4,tt:0.37,num_interact:638,Intrvl:15,num_users:598,errors:0
rt:7.47,through:36.8,tt:0.34,num_interact:552,Intrvl:15,num_users:543,errors:0
rt:8.28,through:39.53,tt:0.36,num_interact:593,Intrvl:15,num_users:595,errors:0
rt:8.35,through:35.07,tt:0.38,num_interact:526,Intrvl:15,num_users:556,errors:0
rt:9.7,through:38.87,tt:0.34,num_interact:583,Intrvl:15,num_users:542,errors:0
rt:7.47,through:49.4,tt:0.35,num_interact:741,Intrvl:15,num_users:545,errors:0
rt:8.21,through:36.8,tt:0.36,num_interact:552,Intrvl:15,num_users:542,errors:0
rt:9.14,through:66.73,tt:0.35,num_interact:1001,Intrvl:15,num_users:622,errors:0
rt:7.95,through:33.13,tt:0.34,num_interact:497,Intrvl:15,num_users:591,errors:0
rt:11.22,through:36.2,tt:0.32,num_interact:543,Intrvl:15,num_users:580,errors:0
rt:9.62,through:23.87,tt:0.36,num_interact:358,Intrvl:15,num_users:661,errors:0
rt:16.05,through:33.53,tt:0.35,num_interact:503,Intrvl:15,num_users:652,errors:0
rt:9.78,through:33,tt:0.37,num_interact:722,Intrvl:15,num_users:599,errors:0
rt:11.33,through:40.4,tt:0.34,num_interact:606,Intrvl:15,num_users:630,errors:0
rt:12.77,through:34.47,tt:0.37,num_interact:517,Intrvl:15,num_users:783,errors:0
rt:16.26,through:34.47,tt:0.37,num_interact:517,Intrvl:15,num_users:636,errors:0
rt:9.59,through:18.93,tt:0.34,num_interact:284,Intrvl:15,num_users:707,errors:0
rt:24.96,through:2.2,tt:0.34,num_interact:33,Intrvl:15,num_users:657,errors:0
rt:235.71,through:95.2,tt:0.34,num_interact:1428,Intrvl:15,num_users:687,errors:19
rt:27.44,through:27.07,tt:0.35,num_interact:406,Intrvl:15,num_users:605,errors:0
rt:8.25,through:33,tt:0.34,num_interact:495,Intrvl:15,num_users:592,errors:0
rt:7.41,through:33.07,tt:0.38,num_interact:496,Intrvl:15,num_users:595,errors:0
rt:9.89,through:44.4,tt:0.34,num_interact:679,Intrvl:15,num_users:626,errors:0
rt:11.45,through:47.47,tt:0.34,num_interact:712,Intrvl:15,num_users:643,errors:0
rt:9.94,through:27.67,tt:0.32,num_interact:415,Intrvl:15,num_users:627,errors:0
rt:9.59,through:33.4,tt:0.34,num_interact:501,Intrvl:15,num_users:627,errors:0
rt:8,through:39.47,tt:0.37,num_interact:592,Intrvl:15,num_users:567,errors:0
rt:8.11,through:40,tt:0.35,num_interact:600,Intrvl:15,num_users:589,errors:0
rt:9.31,through:34.07,tt:0.39,num_interact:513,Intrvl:15,num_users:626,errors:0
rt:9.87,through:32.53,tt:0.36,num_interact:488,Intrvl:15,num_users:606,errors:0
rt:8.93,through:31.8,tt:0.35,num_interact:477,Intrvl:15,num_users:571,errors:0
rt:8.37,through:33.67,tt:0.38,num_interact:505,Intrvl:15,num_users:568,errors:0
rt:8.32,through:33.87,tt:0.35,num_interact:508,Intrvl:15,num_users:568,errors:0
rt:8.44,through:35.07,tt:0.33,num_interact:526,Intrvl:15,num_users:582,errors:0
rt:8.5,through:29.73,tt:0.36,num_interact:446,Intrvl:15,num_users:584,errors:0
rt:6.22,through:25,tt:0.37,num_interact:375,Intrvl:15,num_users:505,errors:0
rt:10.2,through:22.13,tt:0.37,num_interact:332,Intrvl:15,num_users:592,errors:0
rt:11.45,through:25.4,tt:0.38,num_interact:387,Intrvl:15,num_users:662,errors:11
rt:16.95,through:20.87,tt:0.35,num_interact:313,Intrvl:15,num_users:581,errors:43
rt:17.63,through:24.47,tt:0.34,num_interact:367,Intrvl:15,num_users:711,errors:0
rt:17.58,through:26,tt:0.39,num_interact:390,Intrvl:15,num_users:750,errors:0
rt:18.25,through:23.53,tt:0.35,num_interact:353,Intrvl:15,num_users:704,errors:0
rt:20.65,through:22.47,tt:0.35,num_interact:337,Intrvl:15,num_users:638,errors:0
rt:15.53,through:24,tt:0.34,num_interact:360,Intrvl:15,num_users:627,errors:0
rt:14.92,through:24.53,tt:0.36,num_interact:368,Intrvl:15,num_users:608,errors:0
rt:13.92,through:25.07,tt:0.36,num_interact:376,Intrvl:15,num_users:631,errors:0
rt:14.28,through:25.8,tt:0.38,num_interact:387,Intrvl:15,num_users:666,errors:0
rt:15.41,through:19.07,tt:0.33,num_interact:286,Intrvl:15,num_users:557,errors:0
rt:14.03,through:24.53,tt:0.35,num_interact:368,Intrvl:15,num_users:668,errors:0
rt:14.85,through:23.6,tt:0.36,num_interact:354,Intrvl:15,num_users:633,errors:0
rt:15.55,through:23.27,tt:0.36,num_interact:349,Intrvl:15,num_users:609,errors:0
rt:13.81,through:26.93,tt:0.34,num_interact:404,Intrvl:15,num_users:638,errors:0
rt:14.5,through:23,tt:0.32,num_interact:345,Intrvl:15,num_users:595,errors:0
rt:13.73,through:24.27,tt:0.35,num_interact:364,Intrvl:15,num_users:592,errors:0
rt:13.29,through:25.93,tt:0.35,num_interact:389,Intrvl:15,num_users:633,errors:0
rt:13.74,through:23.93,tt:0.34,num_interact:359,Intrvl:15,num_users:617,errors:0
rt:14.56,through:25.8,tt:0.32,num_interact:387,Intrvl:15,num_users:624,errors:0
rt:13.88,through:24.87,tt:0.36,num_interact:373,Intrvl:15,num_users:599,errors:0
rt:13.39,through:22.53,tt:0.32,num_interact:338,Intrvl:15,num_users:557,errors:0
rt:12.47,through:25.4,tt:0.36,num_interact:381,Intrvl:15,num_users:605,errors:0
rt:13.25,through:25.13,tt:0.38,num_interact:377,Intrvl:15,num_users:666,errors:0
rt:15.28,through:25.27,tt:0.37,num_interact:379,Intrvl:15,num_users:658,errors:0
rt:15.05,through:22.4,tt:0.38,num_interact:336,Intrvl:15,num_users:601,errors:0
rt:14.11,through:24.73,tt:0.35,num_interact:371,Intrvl:15,num_users:608,errors:0
rt:13.68,through:25.13,tt:0.36,num_interact:377,Intrvl:15,num_users:605,errors:0
rt:11.9,through:24.33,tt:0.34,num_interact:365,Intrvl:15,num_users:557,errors:0
rt:13.11,through:24,tt:0.35,num_interact:360,Intrvl:15,num_users:665,errors:0
rt:14.77,through:25.47,tt:0.37,num_interact:382,Intrvl:15,num_users:644,errors:0
rt:14.67,through:22.27,tt:0.36,num_interact:334,Intrvl:15,num_users:585,errors:0
rt:11.71,through:23.33,tt:0.35,num_interact:350,Intrvl:15,num_users:540,errors:0
rt:12.57,through:24.73,tt:0.37,num_interact:371,Intrvl:15,num_users:638,errors:0
rt:14.15,through:25.47,tt:0.35,num_interact:382,Intrvl:15,num_users:659,errors:0
rt:13.29,through:18.93,tt:0.35,num_interact:284,Intrvl:15,num_users:531,errors:0
rt:13.21,through:23.93,tt:0.37,num_interact:359,Intrvl:15,num_users:640,errors:0
rt:13.19,through:21,tt:0.33,num_interact:315,Intrvl:15,num_users:570,errors:0
rt:12.8,through:24.4,tt:0.34,num_interact:370,Intrvl:15,num_users:566,errors:0
rt:13.11,through:25.2,tt:0.36,num_interact:378,Intrvl:15,num_users:627,errors:0
rt:13.83,through:24.13,tt:0.37,num_interact:362,Intrvl:15,num_users:602,errors:0
rt:12.43,through:22.53,tt:0.33,num_interact:338,Intrvl:15,num_users:547,errors:0
rt:13.04,through:23.93,tt:0.37,num_interact:359,Intrvl:15,num_users:634,errors:0
rt:14.36,through:25.4,tt:0.35,num_interact:381,Intrvl:15,num_users:645,errors:0
rt:15.22,through:25.2,tt:0.36,num_interact:378,Intrvl:15,num_users:687,errors:0
rt:15.01,through:22.13,tt:0.35,num_interact:332,Intrvl:15,num_users:636,errors:0
rt:16.23,through:24.93,tt:0.37,num_interact:374,Intrvl:15,num_users:652,errors:0
rt:15.09,through:23.73,tt:0.35,num_interact:356,Intrvl:15,num_users:634,errors:0
rt:15.76,through:24.8,tt:0.36,num_interact:372,Intrvl:15,num_users:641,errors:14
rt:12.71,through:31.4,tt:0.34,num_interact:471,Intrvl:15,num_users:644,errors:0
rt:11.73,through:21.67,tt:0.35,num_interact:325,Intrvl:15,num_users:725,errors:0
rt:19.14,through:2.27,tt:0.35,num_interact:34,Intrvl:15,num_users:676,errors:0
rt:39.89,through:1.93,tt:0.6,num_interact:29,Intrvl:15,num_users:623,errors:0
rt:228.1,through:31.2,tt:0.36,num_interact:468,Intrvl:15,num_users:692,errors:3
rt:170.25,through:37.53,tt:0.39,num_interact:563,Intrvl:15,num_users:771,errors:11
rt:33.18,through:2.27,tt:0.41,num_interact:34,Intrvl:15,num_users:720,errors:0
rt:115.84,through:1.87,tt:0.35,num_interact:330,Intrvl:15,num_users:665,errors:0
rt:45.35,through:37.67,tt:0.33,num_interact:600,Intrvl:15,num_users:612,errors:0
rt:8.74,through:34.67,tt:0.35,num_interact:875,Intrvl:15,num_users:612,errors:0
rt:8.79,through:36.2,tt:0.37,num_interact:543,Intrvl:15,num_users:650,errors:0
rt:12.31,through:42.07,tt:0.36,num_interact:832,Intrvl:15,num_users:680,errors:0
rt:10.15,through:15.07,tt:0.31,num_interact:226,Intrvl:15,num_users:750,errors:0
rt:22.48,through:1.73,tt:0.32,num_interact:26,Intrvl:15,num_users:668,errors:0
rt:36.64,through:1.47,tt:0.29,num_interact:22,Intrvl:15,num_users:589,errors:0
rt:55.15,through:61.07,tt:0.37,num_interact:947,Intrvl:15,num_users:657,errors:0
rt:19.39,through:16.4,tt:0.31,num_interact:246,Intrvl:15,num_users:566,errors:0
rt:8.45,through:35.2,tt:0.38,num_interact:715,Intrvl:15,num_users:616,errors:0
rt:9.84,through:38.93,tt:0.37,num_interact:584,Intrvl:15,num_users:675,errors:0
rt:10.67,through:32.47,tt:0.34,num_interact:555,Intrvl:15,num_users:643,errors:0
rt:7.38,through:40.2,tt:0.33,num_interact:603,Intrvl:15,num_users:567,errors:0
rt:5.76,through:40.33,tt:0.35,num_interact:605,Intrvl:15,num_users:568,errors:0
rt:9.7,through:34.2,tt:0.39,num_interact:513,Intrvl:15,num_users:707,errors:0
rt:10.74,through:18.4,tt:0.35,num_interact:276,Intrvl:15,num_users:725,errors:0
rt:24.11,through:5.33,tt:0.37,num_interact:80,Intrvl:15,num_users:627,errors:0
rt:23.11,through:27,tt:0.32,num_interact:405,Intrvl:15,num_users:609,errors:0
rt:8.52,through:32,tt:0.33,num_interact:480,Intrvl:15,num_users:634,errors:0
rt:6.7,through:40.13,tt:0.35,num_interact:602,Intrvl:15,num_users:543,errors:0
rt:7.67,through:38.8,tt:0.37,num_interact:582,Intrvl:15,num_users:622,errors:0
rt:7.97,through:32.13,tt:0.37,num_interact:482,Intrvl:15,num_users:617,errors:1
rt:7.52,through:25.67,tt:0.34,num_interact:385,Intrvl:15,num_users:570,errors:4
rt:10.3,through:25.47,tt:0.34,num_interact:382,Intrvl:15,num_users:589,errors:0
rt:11.17,through:26.13,tt:0.38,num_interact:392,Intrvl:15,num_users:624,errors:0
rt:11.77,through:22.27,tt:0.35,num_interact:334,Intrvl:15,num_users:584,errors:0
rt:11.31,through:25.8,tt:0.35,num_interact:387,Intrvl:15,num_users:596,errors:0
rt:10.61,through:20,tt:0.35,num_interact:300,Intrvl:15,num_users:526,errors:0
rt:9.86,through:26.07,tt:0.39,num_interact:391,Intrvl:15,num_users:619,errors:0
rt:12.08,through:26.87,tt:0.36,num_interact:403,Intrvl:15,num_users:666,errors:0
rt:12.58,through:21.73,tt:0.33,num_interact:326,Intrvl:15,num_users:606,errors:0
rt:13.34,through:24.47,tt:0.37,num_interact:367,Intrvl:15,num_users:701,errors:0
rt:14.2,through:22.47,tt:0.37,num_interact:337,Intrvl:15,num_users:644,errors:0
rt:12.73,through:22.2,tt:0.34,num_interact:333,Intrvl:15,num_users:592,errors:0
rt:12.46,through:24.47,tt:0.39,num_interact:367,Intrvl:15,num_users:591,errors:0
rt:11.13,through:25.67,tt:0.39,num_interact:385,Intrvl:15,num_users:630,errors:0
rt:13.25,through:25.2,tt:0.33,num_interact:378,Intrvl:15,num_users:658,errors:0
rt:12.88,through:25.4,tt:0.34,num_interact:381,Intrvl:15,num_users:645,errors:0
rt:12.41,through:20.47,tt:0.34,num_interact:307,Intrvl:15,num_users:571,errors:0
rt:11.37,through:25.27,tt:0.34,num_interact:379,Intrvl:15,num_users:588,errors:0
rt:11.24,through:26,tt:0.35,num_interact:390,Intrvl:15,num_users:651,errors:0
rt:13.07,through:24.87,tt:0.37,num_interact:373,Intrvl:15,num_users:655,errors:0
rt:13.41,through:25.53,tt:0.37,num_interact:383,Intrvl:15,num_users:641,errors:0
rt:13.43,through:24.73,tt:0.36,num_interact:371,Intrvl:15,num_users:666,errors:0
rt:14.11,through:25.8,tt:0.37,num_interact:387,Intrvl:15,num_users:692,errors:0
rt:13.6,through:21.47,tt:0.34,num_interact:322,Intrvl:15,num_users:609,errors:0
rt:13.23,through:23.4,tt:0.35,num_interact:351,Intrvl:15,num_users:608,errors:0
rt:12.58,through:24.73,tt:0.35,num_interact:371,Intrvl:15,num_users:715,errors:0
rt:14.24,through:20.33,tt:0.35,num_interact:305,Intrvl:15,num_users:601,errors:0
rt:13.43,through:23.6,tt:0.38,num_interact:357,Intrvl:15,num_users:626,errors:0
rt:12.75,through:25.8,tt:0.36,num_interact:387,Intrvl:15,num_users:644,errors:0
rt:12.5,through:24.4,tt:0.33,num_interact:366,Intrvl:15,num_users:624,errors:0
rt:12.22,through:14.87,tt:0.36,num_interact:223,Intrvl:15,num_users:400,errors:0
rt:8.29,through:23.73,tt:0.37,num_interact:356,Intrvl:15,num_users:482,errors:0
rt:8.7,through:18.47,tt:0.36,num_interact:277,Intrvl:15,num_users:398,errors:0
rt:7.01,through:26.07,tt:0.38,num_interact:391,Intrvl:15,num_users:449,errors:0
rt:7.74,through:25.2,tt:0.35,num_interact:378,Intrvl:15,num_users:444,errors:0
rt:7.54,through:21.6,tt:0.35,num_interact:324,Intrvl:15,num_users:403,errors:0
rt:6.77,through:28.07,tt:0.39,num_interact:421,Intrvl:15,num_users:486,errors:0
rt:8.71,through:23.13,tt:0.32,num_interact:347,Intrvl:15,num_users:461,errors:0
rt:8.61,through:24.13,tt:0.36,num_interact:362,Intrvl:15,num_users:447,errors:0
rt:7.88,through:27.53,tt:0.36,num_interact:413,Intrvl:15,num_users:529,errors:0
rt:9.91,through:22.13,tt:0.35,num_interact:332,Intrvl:15,num_users:480,errors:0
rt:9.87,through:20.93,tt:0.38,num_interact:314,Intrvl:15,num_users:440,errors:0
rt:8.36,through:22.53,tt:0.35,num_interact:338,Intrvl:15,num_users:423,errors:0
rt:7.13,through:25.87,tt:0.35,num_interact:388,Intrvl:15,num_users:433,errors:0
rt:7.71,through:26.33,tt:0.35,num_interact:395,Intrvl:15,num_users:463,errors:0
rt:7.95,through:26.13,tt:0.38,num_interact:392,Intrvl:15,num_users:475,errors:0
rt:8.51,through:19.67,tt:0.35,num_interact:295,Intrvl:15,num_users:409,errors:0
rt:7.25,through:27.4,tt:0.36,num_interact:411,Intrvl:15,num_users:479,errors:0
rt:8.53,through:22.13,tt:0.34,num_interact:332,Intrvl:15,num_users:441,errors:0
rt:8.32,through:24.8,tt:0.34,num_interact:372,Intrvl:15,num_users:452,errors:0
rt:7.65,through:25.47,tt:0.36,num_interact:382,Intrvl:15,num_users:458,errors:0
rt:8.3,through:23.93,tt:0.35,num_interact:359,Intrvl:15,num_users:437,errors:0
rt:7.74,through:22.47,tt:0.35,num_interact:337,Intrvl:15,num_users:402,errors:0
rt:6.29,through:25.8,tt:0.35,num_interact:387,Intrvl:15,num_users:417,errors:0
rt:6.78,through:26.6,tt:0.38,num_interact:399,Intrvl:15,num_users:468,errors:0
rt:8.38,through:26.73,tt:0.37,num_interact:401,Intrvl:15,num_users:489,errors:0
rt:9.16,through:23.4,tt:0.36,num_interact:351,Intrvl:15,num_users:469,errors:0
rt:8.5,through:21.07,tt:0.34,num_interact:316,Intrvl:15,num_users:413,errors:0
rt:7.47,through:24.53,tt:0.34,num_interact:368,Intrvl:15,num_users:410,errors:0
rt:6.82,through:27.93,tt:0.38,num_interact:419,Intrvl:15,num_users:487,errors:0
rt:9.18,through:18.33,tt:0.37,num_interact:275,Intrvl:15,num_users:419,errors:12
rt:5.8,through:35.47,tt:0.32,num_interact:532,Intrvl:15,num_users:458,errors:0
rt:5.1,through:39.73,tt:0.34,num_interact:596,Intrvl:15,num_users:459,errors:0
rt:6.04,through:41.8,tt:0.37,num_interact:627,Intrvl:15,num_users:532,errors:0
rt:4.83,through:37.33,tt:0.35,num_interact:560,Intrvl:15,num_users:424,errors:0
rt:4.44,through:42,tt:0.36,num_interact:630,Intrvl:15,num_users:451,errors:0
rt:4.46,through:40.6,tt:0.35,num_interact:609,Intrvl:15,num_users:426,errors:0
rt:6.37,through:37.8,tt:0.4,num_interact:567,Intrvl:15,num_users:554,errors:0
rt:5.57,through:42.07,tt:0.35,num_interact:631,Intrvl:15,num_users:479,errors:0
rt:5.44,through:39.73,tt:0.34,num_interact:599,Intrvl:15,num_users:465,errors:0
rt:5.98,through:41.53,tt:0.35,num_interact:623,Intrvl:15,num_users:529,errors:0
rt:7.92,through:40.8,tt:0.37,num_interact:612,Intrvl:15,num_users:563,errors:0
rt:5.23,through:38.33,tt:0.34,num_interact:575,Intrvl:15,num_users:468,errors:0
rt:6.39,through:41.53,tt:0.36,num_interact:623,Intrvl:15,num_users:550,errors:0
rt:5.53,through:41.07,tt:0.35,num_interact:616,Intrvl:15,num_users:473,errors:0
rt:4.76,through:38.53,tt:0.33,num_interact:580,Intrvl:15,num_users:444,errors:0
Terminating EBs...
EB TPCW Broswing Mix EB #128commiting suicide!
EB TPCW Broswing Mix EB #15662commiting suicide!
EB TPCW Broswing Mix EB #683commiting suicide!
EB TPCW Broswing Mix EB #112commiting suicide!
EB TPCW Broswing Mix EB #1650commiting suicide!
EB TPCW Broswing Mix EB #15807commiting suicide!
EB TPCW Broswing Mix EB #91commiting suicide!
EB TPCW Broswing Mix EB #1655commiting suicide!
EB TPCW Broswing Mix EB #15816commiting suicide!
EB TPCW Broswing Mix EB #278commiting suicide!
EB TPCW Broswing Mix EB #83commiting suicide!
EB TPCW Broswing Mix EB #75commiting suicide!
EB TPCW Broswing Mix EB #28commiting suicide!
EB TPCW Broswing Mix EB #131commiting suicide!
EB TPCW Broswing Mix EB #137commiting suicide!
EB TPCW Broswing Mix EB #253commiting suicide!
EB TPCW Broswing Mix EB #216commiting suicide!
EB TPCW Broswing Mix EB #15503commiting suicide!
EB TPCW Broswing Mix EB #1482commiting suicide!
EB TPCW Broswing Mix EB #252commiting suicide!
EB TPCW Broswing Mix EB #15803commiting suicide!
EB TPCW Broswing Mix EB #15590commiting suicide!
EB TPCW Broswing Mix EB #195commiting suicide!
EB TPCW Broswing Mix EB #70commiting suicide!
EB TPCW Broswing Mix EB #15812commiting suicide!
EB TPCW Broswing Mix EB #156commiting suicide!
EB TPCW Broswing Mix EB #101commiting suicide!
EB TPCW Broswing Mix EB #1475commiting suicide!
EB TPCW Broswing Mix EB #677commiting suicide!
EB TPCW Broswing Mix EB #2995commiting suicide!
EB TPCW Broswing Mix EB #287commiting suicide!
EB TPCW Broswing Mix EB #49commiting suicide!
EB TPCW Broswing Mix EB #142commiting suicide!
EB TPCW Broswing Mix EB #57commiting suicide!
EB TPCW Broswing Mix EB #15584commiting suicide!
EB TPCW Broswing Mix EB #84commiting suicide!
EB TPCW Broswing Mix EB #243commiting suicide!
EB TPCW Broswing Mix EB #15588commiting suicide!
EB TPCW Broswing Mix EB #1479commiting suicide!
EB TPCW Broswing Mix EB #316commiting suicide!
EB TPCW Broswing Mix EB #187commiting suicide!
EB TPCW Broswing Mix EB #226commiting suicide!
EB TPCW Broswing Mix EB #11commiting suicide!
EB TPCW Broswing Mix EB #1481commiting suicide!
EB TPCW Broswing Mix EB #71commiting suicide!
EB TPCW Broswing Mix EB #317commiting suicide!
EB TPCW Broswing Mix EB #255commiting suicide!
EB TPCW Broswing Mix EB #99commiting suicide!
EB TPCW Broswing Mix EB #307commiting suicide!
EB TPCW Broswing Mix EB #15802commiting suicide!
EB TPCW Broswing Mix EB #274commiting suicide!
EB TPCW Broswing Mix EB #72commiting suicide!
EB TPCW Broswing Mix EB #15815commiting suicide!
EB TPCW Broswing Mix EB #322commiting suicide!
EB TPCW Broswing Mix EB #143commiting suicide!
EB TPCW Broswing Mix EB #66commiting suicide!
EB TPCW Broswing Mix EB #15502commiting suicide!
EB TPCW Broswing Mix EB #15775commiting suicide!
EB TPCW Broswing Mix EB #81commiting suicide!
EB TPCW Broswing Mix EB #323commiting suicide!
EB TPCW Broswing Mix EB #153commiting suicide!
EB TPCW Broswing Mix EB #185commiting suicide!
EB TPCW Broswing Mix EB #173commiting suicide!
EB TPCW Broswing Mix EB #494commiting suicide!
EB TPCW Broswing Mix EB #293commiting suicide!
EB TPCW Broswing Mix EB #273commiting suicide!
EB TPCW Broswing Mix EB #164commiting suicide!
EB TPCW Broswing Mix EB #15501commiting suicide!
EB TPCW Broswing Mix EB #257commiting suicide!
EB TPCW Broswing Mix EB #15143commiting suicide!
EB TPCW Broswing Mix EB #15500commiting suicide!
EB TPCW Broswing Mix EB #15144commiting suicide!
EB TPCW Broswing Mix EB #281commiting suicide!
EB TPCW Broswing Mix EB #198commiting suicide!
EB TPCW Broswing Mix EB #114commiting suicide!
EB TPCW Broswing Mix EB #126commiting suicide!
EB TPCW Broswing Mix EB #15589commiting suicide!
EB TPCW Broswing Mix EB #15commiting suicide!
EB TPCW Broswing Mix EB #202commiting suicide!
EB TPCW Broswing Mix EB #251commiting suicide!
EB TPCW Broswing Mix EB #1477commiting suicide!
EB TPCW Broswing Mix EB #76commiting suicide!
EB TPCW Broswing Mix EB #15587commiting suicide!
EB TPCW Broswing Mix EB #52commiting suicide!
EB TPCW Broswing Mix EB #304commiting suicide!
EB TPCW Broswing Mix EB #15813commiting suicide!
EB TPCW Broswing Mix EB #261commiting suicide!
EB TPCW Broswing Mix EB #15817commiting suicide!
EB TPCW Broswing Mix EB #184commiting suicide!
EB TPCW Broswing Mix EB #116commiting suicide!
EB TPCW Broswing Mix EB #29commiting suicide!
EB TPCW Broswing Mix EB #15804commiting suicide!
EB TPCW Broswing Mix EB #296commiting suicide!
EB TPCW Broswing Mix EB #508commiting suicide!
EB TPCW Broswing Mix EB #1657commiting suicide!
EB TPCW Broswing Mix EB #15498commiting suicide!
EB TPCW Broswing Mix EB #499commiting suicide!
EB TPCW Broswing Mix EB #172commiting suicide!
EB TPCW Broswing Mix EB #27commiting suicide!
EB TPCW Broswing Mix EB #235commiting suicide!
EB TPCW Broswing Mix EB #169commiting suicide!
EB TPCW Broswing Mix EB #671commiting suicide!
EB TPCW Broswing Mix EB #491commiting suicide!
EB TPCW Broswing Mix EB #15805commiting suicide!
EB TPCW Broswing Mix EB #15499commiting suicide!
EB TPCW Broswing Mix EB #686commiting suicide!
EB TPCW Broswing Mix EB #15504commiting suicide!
EB TPCW Broswing Mix EB #15665commiting suicide!
EB TPCW Broswing Mix EB #2994commiting suicide!
EB TPCW Broswing Mix EB #15814commiting suicide!
EB TPCW Broswing Mix EB #1647commiting suicide!
EB TPCW Broswing Mix EB #688commiting suicide!
EB TPCW Broswing Mix EB #45commiting suicide!
EB TPCW Broswing Mix EB #134commiting suicide!
EB TPCW Broswing Mix EB #63commiting suicide!
EB TPCW Broswing Mix EB #119commiting suicide!
EB TPCW Broswing Mix EB #15810commiting suicide!
EB TPCW Broswing Mix EB #691commiting suicide!
EB TPCW Broswing Mix EB #8commiting suicide!
EB TPCW Broswing Mix EB #15497commiting suicide!
EB TPCW Broswing Mix EB #199commiting suicide!
EB TPCW Broswing Mix EB #179commiting suicide!
EB TPCW Broswing Mix EB #210commiting suicide!
EB TPCW Broswing Mix EB #15806commiting suicide!
EB TPCW Broswing Mix EB #203commiting suicide!
EB TPCW Broswing Mix EB #288commiting suicide!
EB TPCW Broswing Mix EB #15801commiting suicide!
EB TPCW Broswing Mix EB #15661commiting suicide!
EB TPCW Broswing Mix EB #238commiting suicide!
EB TPCW Broswing Mix EB #168commiting suicide!
EB TPCW Broswing Mix EB #15592commiting suicide!
EB TPCW Broswing Mix EB #120commiting suicide!
EB TPCW Broswing Mix EB #118commiting suicide!
EB TPCW Broswing Mix EB #16commiting suicide!
EB TPCW Broswing Mix EB #26commiting suicide!
EB TPCW Broswing Mix EB #15142commiting suicide!
EB TPCW Broswing Mix EB #674commiting suicide!
EB TPCW Broswing Mix EB #15809commiting suicide!
EB TPCW Broswing Mix EB #155commiting suicide!
EB TPCW Broswing Mix EB #219commiting suicide!
EB TPCW Broswing Mix EB #673commiting suicide!
EB TPCW Broswing Mix EB #54commiting suicide!
EB TPCW Broswing Mix EB #80commiting suicide!
EB TPCW Broswing Mix EB #117commiting suicide!
EB TPCW Broswing Mix EB #206commiting suicide!
EB TPCW Broswing Mix EB #22commiting suicide!
EB TPCW Broswing Mix EB #15664commiting suicide!
EB TPCW Broswing Mix EB #59commiting suicide!
EB TPCW Broswing Mix EB #15663commiting suicide!
EB TPCW Broswing Mix EB #170commiting suicide!
EB TPCW Broswing Mix EB #182commiting suicide!
EB TPCW Broswing Mix EB #676commiting suicide!
EB TPCW Broswing Mix EB #37commiting suicide!
EB TPCW Broswing Mix EB #149commiting suicide!
EB TPCW Broswing Mix EB #15591commiting suicide!
EB TPCW Broswing Mix EB #130commiting suicide!
EB TPCW Broswing Mix EB #229commiting suicide!
EB TPCW Broswing Mix EB #141commiting suicide!
EB TPCW Broswing Mix EB #136commiting suicide!
EB TPCW Broswing Mix EB #15585commiting suicide!
EB TPCW Broswing Mix EB #320commiting suicide!
EB TPCW Broswing Mix EB #679commiting suicide!
EB TPCW Broswing Mix EB #87commiting suicide!
EB TPCW Broswing Mix EB #502commiting suicide!
EB TPCW Broswing Mix EB #306commiting suicide!
EB TPCW Broswing Mix EB #675commiting suicide!
EB TPCW Broswing Mix EB #290commiting suicide!
EB TPCW Broswing Mix EB #17commiting suicide!
EB TPCW Broswing Mix EB #297commiting suicide!
EB TPCW Broswing Mix EB #225commiting suicide!
EB TPCW Broswing Mix EB #62commiting suicide!
EB TPCW Broswing Mix EB #208commiting suicide!
EB TPCW Broswing Mix EB #111commiting suicide!
EB TPCW Broswing Mix EB #492commiting suicide!
EB TPCW Broswing Mix EB #236commiting suicide!
EB TPCW Broswing Mix EB #115commiting suicide!
EB TPCW Broswing Mix EB #670commiting suicide!
EB TPCW Broswing Mix EB #48commiting suicide!
EB TPCW Broswing Mix EB #218commiting suicide!
EB TPCW Broswing Mix EB #15145commiting suicide!
EB TPCW Broswing Mix EB #15774commiting suicide!
EB TPCW Broswing Mix EB #15586commiting suicide!
EB TPCW Broswing Mix EB #241commiting suicide!
EB TPCW Broswing Mix EB #205commiting suicide!
EB TPCW Broswing Mix EB #5commiting suicide!
EB TPCW Broswing Mix EB #211commiting suicide!
EB TPCW Broswing Mix EB #15811commiting suicide!
EB TPCW Broswing Mix EB #7commiting suicide!
EB TPCW Broswing Mix EB #15808commiting suicide!
EB TPCW Broswing Mix EB #277commiting suicide!
EB TPCW Broswing Mix EB #300commiting suicide!
EB TPCW Broswing Mix EB #15818commiting suicide!
EB TPCW Broswing Mix EB #68commiting suicide!
EB TPCW Broswing Mix EB #43commiting suicide!
EB TPCW Broswing Mix EB #222commiting suicide!
EB TPCW Broswing Mix EB #298commiting suicide!
EB TPCW Broswing Mix EB #97commiting suicide!
EBs finished.
Really finishing RBE!.
