Remote Browser Emulator for TPC-W.
  ECE 902  Fall '99
  Version 1.5
System's current path is /root/loadtest
rt:0.11,through:2.53,tt:0.28,num_interact:39,Intrvl:15,num_users:1,errors:0
rt:1.36,through:10.67,tt:0.36,num_interact:160,Intrvl:15,num_users:20,errors:0
rt:4.94,through:11,tt:0.4,num_interact:165,Intrvl:15,num_users:80,errors:0
rt:7.79,through:12.8,tt:0.35,num_interact:192,Intrvl:15,num_users:120,errors:0
rt:9.02,through:12.67,tt:0.36,num_interact:190,Intrvl:15,num_users:180,errors:0
rt:13.75,through:12.73,tt:0.37,num_interact:191,Intrvl:15,num_users:240,errors:0
rt:16.7,through:12.8,tt:0.42,num_interact:192,Intrvl:15,num_users:280,errors:0
rt:19.88,through:12.67,tt:0.33,num_interact:190,Intrvl:15,num_users:310,errors:0
rt:23.84,through:13,tt:0.36,num_interact:195,Intrvl:15,num_users:360,errors:0
rt:25.19,through:12.8,tt:0.4,num_interact:192,Intrvl:15,num_users:390,errors:0
rt:28.94,through:12.93,tt:0.34,num_interact:194,Intrvl:15,num_users:413,errors:0
rt:28.75,through:12.53,tt:0.39,num_interact:188,Intrvl:15,num_users:486,errors:0
rt:31.92,through:12,tt:0.39,num_interact:180,Intrvl:15,num_users:421,errors:0
rt:37.63,through:8.07,tt:0.36,num_interact:122,Intrvl:15,num_users:342,errors:0
rt:37.08,through:9.47,tt:0.35,num_interact:142,Intrvl:15,num_users:322,errors:0
rt:32.37,through:11.6,tt:0.31,num_interact:174,Intrvl:15,num_users:403,errors:0
rt:29.15,through:12.53,tt:0.37,num_interact:188,Intrvl:15,num_users:405,errors:0
rt:31.61,through:12.67,tt:0.4,num_interact:190,Intrvl:15,num_users:417,errors:0
rt:32.06,through:12.93,tt:0.32,num_interact:194,Intrvl:15,num_users:406,errors:0
rt:30.84,through:11,tt:0.38,num_interact:165,Intrvl:15,num_users:351,errors:0
rt:30.91,through:11.13,tt:0.35,num_interact:167,Intrvl:15,num_users:434,errors:0
rt:31.95,through:9.8,tt:0.34,num_interact:147,Intrvl:15,num_users:343,errors:0
rt:33.75,through:9.8,tt:0.39,num_interact:147,Intrvl:15,num_users:417,errors:0
rt:33.1,through:12.73,tt:0.33,num_interact:191,Intrvl:15,num_users:424,errors:0
rt:32.35,through:13.07,tt:0.38,num_interact:196,Intrvl:15,num_users:424,errors:0
rt:33.22,through:12.2,tt:0.39,num_interact:183,Intrvl:15,num_users:414,errors:0
rt:32.76,through:12.87,tt:0.42,num_interact:193,Intrvl:15,num_users:501,errors:0
rt:32.03,through:11.53,tt:0.32,num_interact:173,Intrvl:15,num_users:407,errors:0
rt:37.4,through:9,tt:0.35,num_interact:135,Intrvl:15,num_users:438,errors:0
rt:37.28,through:11.8,tt:0.38,num_interact:177,Intrvl:15,num_users:480,errors:0
rt:38.74,through:12.47,tt:0.43,num_interact:187,Intrvl:15,num_users:444,errors:0
rt:38.06,through:10.67,tt:0.39,num_interact:160,Intrvl:15,num_users:482,errors:0
rt:36.69,through:12.87,tt:0.37,num_interact:193,Intrvl:15,num_users:475,errors:0
rt:36.82,through:11.53,tt:0.37,num_interact:173,Intrvl:15,num_users:452,errors:0
rt:37.55,through:12.07,tt:0.34,num_interact:181,Intrvl:15,num_users:440,errors:0
rt:36.54,through:12.4,tt:0.36,num_interact:186,Intrvl:15,num_users:445,errors:0
rt:34.65,through:13.07,tt:0.37,num_interact:196,Intrvl:15,num_users:508,errors:0
rt:34.86,through:11.47,tt:0.32,num_interact:172,Intrvl:15,num_users:426,errors:0
rt:38.61,through:9.4,tt:0.4,num_interact:141,Intrvl:15,num_users:455,errors:0
rt:38.37,through:12.2,tt:0.32,num_interact:183,Intrvl:15,num_users:435,errors:0
rt:37.34,through:11.73,tt:0.4,num_interact:176,Intrvl:15,num_users:463,errors:0
rt:35.45,through:12.33,tt:0.37,num_interact:185,Intrvl:15,num_users:444,errors:0
rt:37.64,through:11.27,tt:0.36,num_interact:169,Intrvl:15,num_users:412,errors:0
rt:36.17,through:12.07,tt:0.36,num_interact:181,Intrvl:15,num_users:419,errors:0
rt:34.81,through:12.33,tt:0.32,num_interact:185,Intrvl:15,num_users:409,errors:0
rt:30.97,through:12.33,tt:0.35,num_interact:185,Intrvl:15,num_users:427,errors:0
rt:33.59,through:12.93,tt:0.35,num_interact:194,Intrvl:15,num_users:416,errors:0
rt:32.71,through:12.47,tt:0.32,num_interact:187,Intrvl:15,num_users:448,errors:0
rt:33.59,through:13,tt:0.36,num_interact:195,Intrvl:15,num_users:456,errors:0
rt:32.45,through:12.87,tt:0.37,num_interact:193,Intrvl:15,num_users:482,errors:0
rt:35.66,through:12.73,tt:0.35,num_interact:191,Intrvl:15,num_users:465,errors:0
rt:35.81,through:12.13,tt:0.39,num_interact:182,Intrvl:15,num_users:472,errors:0
rt:37.57,through:12.4,tt:0.34,num_interact:186,Intrvl:15,num_users:454,errors:0
rt:35.69,through:11.4,tt:0.37,num_interact:171,Intrvl:15,num_users:417,errors:0
rt:36.1,through:11.47,tt:0.34,num_interact:172,Intrvl:15,num_users:490,errors:0
rt:36.43,through:12.2,tt:0.39,num_interact:183,Intrvl:15,num_users:473,errors:0
rt:37.68,through:11.4,tt:0.32,num_interact:171,Intrvl:15,num_users:449,errors:0
rt:36.29,through:12.33,tt:0.33,num_interact:185,Intrvl:15,num_users:434,errors:0
rt:35.71,through:11.33,tt:0.35,num_interact:170,Intrvl:15,num_users:407,errors:0
rt:36.1,through:11.73,tt:0.34,num_interact:176,Intrvl:15,num_users:472,errors:0
rt:34.27,through:12.67,tt:0.37,num_interact:190,Intrvl:15,num_users:463,errors:0
rt:33.63,through:9.4,tt:0.33,num_interact:141,Intrvl:15,num_users:371,errors:0
rt:36.88,through:10.8,tt:0.3,num_interact:162,Intrvl:15,num_users:454,errors:0
rt:35.6,through:11.27,tt:0.33,num_interact:169,Intrvl:15,num_users:419,errors:0
rt:35.85,through:11.73,tt:0.41,num_interact:176,Intrvl:15,num_users:435,errors:0
rt:36.05,through:12.67,tt:0.32,num_interact:190,Intrvl:15,num_users:483,errors:0
rt:32.86,through:12.8,tt:0.37,num_interact:192,Intrvl:15,num_users:486,errors:0
rt:37.23,through:10,tt:0.33,num_interact:150,Intrvl:15,num_users:400,errors:0
rt:37.43,through:11.67,tt:0.35,num_interact:175,Intrvl:15,num_users:419,errors:0
rt:36.43,through:11.13,tt:0.34,num_interact:167,Intrvl:15,num_users:414,errors:0
rt:33.36,through:11.27,tt:0.29,num_interact:169,Intrvl:15,num_users:370,errors:0
rt:33.37,through:11.8,tt:0.36,num_interact:177,Intrvl:15,num_users:466,errors:0
rt:32.31,through:12.47,tt:0.37,num_interact:187,Intrvl:15,num_users:466,errors:0
rt:35.24,through:12.93,tt:0.4,num_interact:194,Intrvl:15,num_users:459,errors:0
rt:35.56,through:12.4,tt:0.36,num_interact:186,Intrvl:15,num_users:445,errors:0
rt:32.29,through:13,tt:0.36,num_interact:195,Intrvl:15,num_users:421,errors:1
rt:28.97,through:18.53,tt:0.35,num_interact:278,Intrvl:15,num_users:438,errors:0
rt:24.42,through:21.4,tt:0.37,num_interact:321,Intrvl:15,num_users:438,errors:0
rt:20.63,through:20.13,tt:0.36,num_interact:302,Intrvl:15,num_users:423,errors:0
rt:20.14,through:20.8,tt:0.34,num_interact:312,Intrvl:15,num_users:437,errors:0
rt:18.78,through:21,tt:0.36,num_interact:315,Intrvl:15,num_users:419,errors:0
rt:17.73,through:20.93,tt:0.32,num_interact:314,Intrvl:15,num_users:463,errors:0
rt:16.94,through:20.47,tt:0.34,num_interact:307,Intrvl:15,num_users:379,errors:0
rt:17.9,through:15.47,tt:0.37,num_interact:232,Intrvl:15,num_users:498,errors:0
rt:25.11,through:16.93,tt:0.38,num_interact:254,Intrvl:15,num_users:514,errors:0
rt:25.34,through:16.93,tt:0.38,num_interact:254,Intrvl:15,num_users:497,errors:17
rt:28.92,through:14.4,tt:0.39,num_interact:216,Intrvl:15,num_users:480,errors:0
rt:28.13,through:14.4,tt:0.33,num_interact:216,Intrvl:15,num_users:400,errors:4
rt:27.29,through:13.8,tt:0.39,num_interact:207,Intrvl:15,num_users:470,errors:0
rt:29.23,through:14.33,tt:0.32,num_interact:215,Intrvl:15,num_users:403,errors:22
rt:27.29,through:14.93,tt:0.33,num_interact:224,Intrvl:15,num_users:546,errors:0
rt:32.24,through:11.6,tt:0.35,num_interact:174,Intrvl:15,num_users:410,errors:13
rt:29.76,through:14.47,tt:0.36,num_interact:217,Intrvl:15,num_users:463,errors:4
rt:29.82,through:12.4,tt:0.36,num_interact:186,Intrvl:15,num_users:417,errors:0
rt:28.87,through:15.33,tt:0.36,num_interact:230,Intrvl:15,num_users:447,errors:20
rt:27.68,through:15.13,tt:0.38,num_interact:227,Intrvl:15,num_users:455,errors:0
rt:26.81,through:18.13,tt:0.37,num_interact:272,Intrvl:15,num_users:521,errors:17
rt:35.78,through:14,tt:0.36,num_interact:210,Intrvl:15,num_users:484,errors:0
rt:26.92,through:17.93,tt:0.34,num_interact:269,Intrvl:15,num_users:521,errors:16
rt:37.28,through:11.87,tt:0.37,num_interact:178,Intrvl:15,num_users:438,errors:1
rt:28.81,through:15.33,tt:0.34,num_interact:233,Intrvl:15,num_users:433,errors:14
rt:26.88,through:14.93,tt:0.34,num_interact:224,Intrvl:15,num_users:452,errors:4
rt:27.65,through:15.8,tt:0.35,num_interact:237,Intrvl:15,num_users:496,errors:0
rt:29.71,through:17.27,tt:0.36,num_interact:259,Intrvl:15,num_users:507,errors:17
rt:31.18,through:14.47,tt:0.34,num_interact:217,Intrvl:15,num_users:458,errors:0
rt:27.45,through:14.73,tt:0.33,num_interact:221,Intrvl:15,num_users:421,errors:16
rt:28.66,through:15.07,tt:0.38,num_interact:226,Intrvl:15,num_users:424,errors:0
rt:25.43,through:16.33,tt:0.37,num_interact:245,Intrvl:15,num_users:431,errors:11
rt:30,through:15.53,tt:0.31,num_interact:233,Intrvl:15,num_users:417,errors:0
rt:24.56,through:16.73,tt:0.34,num_interact:251,Intrvl:15,num_users:468,errors:12
rt:28.29,through:15.4,tt:0.36,num_interact:231,Intrvl:15,num_users:470,errors:3
rt:25.67,through:16.13,tt:0.39,num_interact:242,Intrvl:15,num_users:508,errors:9
rt:29.89,through:16.33,tt:0.35,num_interact:245,Intrvl:15,num_users:486,errors:6
rt:27.58,through:16.6,tt:0.34,num_interact:249,Intrvl:15,num_users:473,errors:0
rt:29.68,through:15.27,tt:0.38,num_interact:229,Intrvl:15,num_users:490,errors:15
rt:30.54,through:13.6,tt:0.31,num_interact:204,Intrvl:15,num_users:442,errors:0
rt:26.36,through:16.8,tt:0.32,num_interact:252,Intrvl:15,num_users:424,errors:19
rt:27.59,through:14.73,tt:0.37,num_interact:221,Intrvl:15,num_users:482,errors:0
rt:27.74,through:16.67,tt:0.39,num_interact:250,Intrvl:15,num_users:461,errors:17
rt:27.19,through:14.67,tt:0.34,num_interact:220,Intrvl:15,num_users:490,errors:0
rt:28.14,through:17.27,tt:0.37,num_interact:259,Intrvl:15,num_users:505,errors:23
rt:32.7,through:14.93,tt:0.36,num_interact:225,Intrvl:15,num_users:482,errors:0
rt:27.29,through:16.73,tt:0.35,num_interact:251,Intrvl:15,num_users:508,errors:21
rt:31.21,through:15,tt:0.34,num_interact:228,Intrvl:15,num_users:515,errors:2
rt:29.25,through:16.73,tt:0.36,num_interact:251,Intrvl:15,num_users:482,errors:8
rt:31.31,through:13.8,tt:0.31,num_interact:207,Intrvl:15,num_users:444,errors:6
rt:29.26,through:15.67,tt:0.35,num_interact:236,Intrvl:15,num_users:433,errors:0
rt:26.82,through:14.87,tt:0.31,num_interact:223,Intrvl:15,num_users:403,errors:13
rt:27.13,through:15.67,tt:0.33,num_interact:236,Intrvl:15,num_users:463,errors:0
rt:26.99,through:16.27,tt:0.32,num_interact:244,Intrvl:15,num_users:444,errors:13
rt:28.57,through:16.33,tt:0.32,num_interact:245,Intrvl:15,num_users:454,errors:0
rt:23.84,through:16.33,tt:0.34,num_interact:245,Intrvl:15,num_users:452,errors:9
rt:27.55,through:14.07,tt:0.34,num_interact:211,Intrvl:15,num_users:402,errors:3
rt:25.67,through:16.4,tt:0.41,num_interact:246,Intrvl:15,num_users:500,errors:12
rt:29.59,through:15,tt:0.37,num_interact:225,Intrvl:15,num_users:479,errors:3
rt:28.42,through:16.73,tt:0.37,num_interact:251,Intrvl:15,num_users:491,errors:1
rt:27.63,through:16.47,tt:0.38,num_interact:247,Intrvl:15,num_users:483,errors:10
rt:29.36,through:16,tt:0.35,num_interact:240,Intrvl:15,num_users:519,errors:0
rt:28.32,through:16.13,tt:0.38,num_interact:242,Intrvl:15,num_users:514,errors:14
rt:27.62,through:16.53,tt:0.4,num_interact:248,Intrvl:15,num_users:518,errors:0
rt:29.05,through:16.07,tt:0.34,num_interact:241,Intrvl:15,num_users:543,errors:20
rt:29.74,through:15.27,tt:0.3,num_interact:229,Intrvl:15,num_users:487,errors:0
rt:27.5,through:15.93,tt:0.35,num_interact:239,Intrvl:15,num_users:476,errors:18
rt:29.98,through:14.07,tt:0.35,num_interact:211,Intrvl:15,num_users:413,errors:0
rt:28.45,through:16.67,tt:0.35,num_interact:250,Intrvl:15,num_users:483,errors:16
rt:27.73,through:13.93,tt:0.39,num_interact:209,Intrvl:15,num_users:480,errors:2
rt:28.62,through:15.4,tt:0.37,num_interact:231,Intrvl:15,num_users:435,errors:15
rt:28.35,through:15,tt:0.4,num_interact:225,Intrvl:15,num_users:482,errors:1
rt:27.67,through:16.47,tt:0.34,num_interact:247,Intrvl:15,num_users:521,errors:20
rt:29.04,through:14.73,tt:0.36,num_interact:221,Intrvl:15,num_users:444,errors:6
rt:29.83,through:15.73,tt:0.36,num_interact:236,Intrvl:15,num_users:510,errors:2
rt:27.9,through:13.33,tt:0.32,num_interact:200,Intrvl:15,num_users:447,errors:19
rt:29.71,through:15.13,tt:0.35,num_interact:227,Intrvl:15,num_users:459,errors:2
rt:27.43,through:15.67,tt:0.36,num_interact:235,Intrvl:15,num_users:442,errors:21
rt:29.75,through:14.2,tt:0.35,num_interact:213,Intrvl:15,num_users:392,errors:0
rt:28.52,through:16.33,tt:0.36,num_interact:245,Intrvl:15,num_users:535,errors:20
rt:28.61,through:13.87,tt:0.34,num_interact:208,Intrvl:15,num_users:482,errors:0
rt:26.96,through:16.47,tt:0.36,num_interact:247,Intrvl:15,num_users:490,errors:13
rt:30.32,through:15.07,tt:0.36,num_interact:226,Intrvl:15,num_users:501,errors:1
rt:29.17,through:17,tt:0.36,num_interact:255,Intrvl:15,num_users:522,errors:12
rt:29.46,through:15.47,tt:0.36,num_interact:232,Intrvl:15,num_users:505,errors:2
rt:30.51,through:15.2,tt:0.36,num_interact:228,Intrvl:15,num_users:455,errors:0
rt:28.5,through:16.27,tt:0.33,num_interact:244,Intrvl:15,num_users:452,errors:16
rt:30.76,through:15.53,tt:0.37,num_interact:233,Intrvl:15,num_users:522,errors:0
rt:32.32,through:16.07,tt:0.35,num_interact:241,Intrvl:15,num_users:472,errors:10
rt:30.65,through:14.47,tt:0.37,num_interact:217,Intrvl:15,num_users:442,errors:0
rt:24.89,through:15.6,tt:0.38,num_interact:234,Intrvl:15,num_users:552,errors:16
rt:30.14,through:15.53,tt:0.35,num_interact:233,Intrvl:15,num_users:538,errors:3
rt:27.89,through:15.4,tt:0.34,num_interact:231,Intrvl:15,num_users:465,errors:13
rt:30.93,through:13.8,tt:0.36,num_interact:207,Intrvl:15,num_users:470,errors:2
rt:28.36,through:17.27,tt:0.37,num_interact:264,Intrvl:15,num_users:483,errors:21
rt:28.45,through:14.47,tt:0.35,num_interact:217,Intrvl:15,num_users:456,errors:0
rt:31.02,through:15.93,tt:0.37,num_interact:239,Intrvl:15,num_users:434,errors:16
rt:29.16,through:14.73,tt:0.37,num_interact:221,Intrvl:15,num_users:469,errors:4
rt:29.42,through:17.2,tt:0.32,num_interact:258,Intrvl:15,num_users:487,errors:13
rt:29.98,through:15.27,tt:0.35,num_interact:229,Intrvl:15,num_users:477,errors:12
rt:27.16,through:13.8,tt:0.36,num_interact:207,Intrvl:15,num_users:414,errors:0
rt:28.11,through:15.8,tt:0.38,num_interact:237,Intrvl:15,num_users:500,errors:15
rt:30.66,through:15.13,tt:0.38,num_interact:227,Intrvl:15,num_users:475,errors:1
rt:27.66,through:16.67,tt:0.41,num_interact:250,Intrvl:15,num_users:524,errors:16
rt:33.19,through:14.8,tt:0.37,num_interact:222,Intrvl:15,num_users:480,errors:1
rt:28.45,through:16.47,tt:0.38,num_interact:247,Intrvl:15,num_users:479,errors:10
rt:32.6,through:13.47,tt:0.36,num_interact:202,Intrvl:15,num_users:409,errors:1
rt:25.87,through:15.67,tt:0.36,num_interact:235,Intrvl:15,num_users:490,errors:7
rt:29.09,through:14.93,tt:0.38,num_interact:225,Intrvl:15,num_users:468,errors:10
rt:27.95,through:16.87,tt:0.37,num_interact:253,Intrvl:15,num_users:477,errors:0
rt:28.01,through:15,tt:0.37,num_interact:225,Intrvl:15,num_users:543,errors:18
rt:32.18,through:15,tt:0.34,num_interact:225,Intrvl:15,num_users:455,errors:1
rt:28.26,through:13.93,tt:0.33,num_interact:209,Intrvl:15,num_users:423,errors:32
rt:21.24,through:23,tt:0.36,num_interact:345,Intrvl:15,num_users:455,errors:0
rt:18.76,through:25.27,tt:0.33,num_interact:379,Intrvl:15,num_users:503,errors:12
rt:22.13,through:22.73,tt:0.35,num_interact:341,Intrvl:15,num_users:477,errors:0
rt:19.66,through:27,tt:0.36,num_interact:406,Intrvl:15,num_users:536,errors:12
rt:20.76,through:23.13,tt:0.36,num_interact:347,Intrvl:15,num_users:494,errors:4
rt:19.12,through:24.6,tt:0.38,num_interact:371,Intrvl:15,num_users:496,errors:10
rt:20.12,through:24.07,tt:0.37,num_interact:361,Intrvl:15,num_users:526,errors:7
rt:20.92,through:24.53,tt:0.33,num_interact:368,Intrvl:15,num_users:591,errors:1
rt:23.16,through:22.47,tt:0.33,num_interact:337,Intrvl:15,num_users:482,errors:8
rt:19.48,through:23.33,tt:0.35,num_interact:350,Intrvl:15,num_users:521,errors:0
rt:20.35,through:23.73,tt:0.38,num_interact:356,Intrvl:15,num_users:514,errors:19
rt:20.12,through:25.87,tt:0.34,num_interact:388,Intrvl:15,num_users:539,errors:0
rt:21.12,through:22.53,tt:0.33,num_interact:338,Intrvl:15,num_users:501,errors:17
rt:21.86,through:23.33,tt:0.36,num_interact:353,Intrvl:15,num_users:490,errors:0
rt:20.6,through:23.8,tt:0.39,num_interact:357,Intrvl:15,num_users:431,errors:22
rt:17.67,through:22.4,tt:0.36,num_interact:336,Intrvl:15,num_users:479,errors:1
rt:17.31,through:26.07,tt:0.35,num_interact:391,Intrvl:15,num_users:508,errors:15
rt:21.72,through:23.73,tt:0.35,num_interact:359,Intrvl:15,num_users:567,errors:0
rt:20.6,through:23.87,tt:0.36,num_interact:358,Intrvl:15,num_users:504,errors:23
rt:21,through:24.07,tt:0.37,num_interact:361,Intrvl:15,num_users:508,errors:0
rt:19.28,through:24.2,tt:0.35,num_interact:363,Intrvl:15,num_users:536,errors:13
rt:21,through:24.53,tt:0.34,num_interact:368,Intrvl:15,num_users:539,errors:3
rt:21.27,through:24.2,tt:0.34,num_interact:363,Intrvl:15,num_users:577,errors:9
rt:22.34,through:26.13,tt:0.35,num_interact:392,Intrvl:15,num_users:584,errors:10
rt:21.69,through:25.2,tt:0.36,num_interact:378,Intrvl:15,num_users:613,errors:5
rt:23.91,through:19.2,tt:0.32,num_interact:288,Intrvl:15,num_users:459,errors:18
rt:20.05,through:23.93,tt:0.35,num_interact:359,Intrvl:15,num_users:652,errors:0
rt:24.04,through:20.87,tt:0.37,num_interact:313,Intrvl:15,num_users:574,errors:12
rt:22.67,through:23.13,tt:0.33,num_interact:347,Intrvl:15,num_users:546,errors:0
rt:19.95,through:24.6,tt:0.38,num_interact:369,Intrvl:15,num_users:591,errors:20
rt:25.09,through:22.53,tt:0.34,num_interact:338,Intrvl:15,num_users:545,errors:0
rt:20.46,through:24.73,tt:0.34,num_interact:371,Intrvl:15,num_users:536,errors:12
rt:22.9,through:23.13,tt:0.35,num_interact:347,Intrvl:15,num_users:525,errors:0
rt:21.15,through:25,tt:0.37,num_interact:375,Intrvl:15,num_users:592,errors:20
rt:25.29,through:22.2,tt:0.4,num_interact:333,Intrvl:15,num_users:539,errors:0
rt:21.12,through:24.07,tt:0.34,num_interact:361,Intrvl:15,num_users:498,errors:7
rt:22.08,through:23.73,tt:0.36,num_interact:356,Intrvl:15,num_users:532,errors:5
rt:20.01,through:25.53,tt:0.37,num_interact:383,Intrvl:15,num_users:578,errors:0
rt:21.24,through:21.33,tt:0.34,num_interact:320,Intrvl:15,num_users:466,errors:14
rt:20.59,through:24.13,tt:0.38,num_interact:362,Intrvl:15,num_users:528,errors:2
rt:20.2,through:23.67,tt:0.36,num_interact:355,Intrvl:15,num_users:668,errors:17
rt:25.09,through:20.73,tt:0.37,num_interact:311,Intrvl:15,num_users:594,errors:0
rt:22.5,through:25.13,tt:0.37,num_interact:377,Intrvl:15,num_users:581,errors:17
rt:24.82,through:22.53,tt:0.37,num_interact:338,Intrvl:15,num_users:672,errors:0
rt:22.55,through:25.87,tt:0.39,num_interact:388,Intrvl:15,num_users:658,errors:38
rt:25.65,through:23.67,tt:0.36,num_interact:355,Intrvl:15,num_users:615,errors:3
rt:22.22,through:29,tt:0.37,num_interact:435,Intrvl:15,num_users:592,errors:19
rt:21.22,through:31.73,tt:0.35,num_interact:476,Intrvl:15,num_users:531,errors:2
rt:16.64,through:32.87,tt:0.35,num_interact:493,Intrvl:15,num_users:522,errors:5
rt:17.27,through:32.93,tt:0.36,num_interact:494,Intrvl:15,num_users:585,errors:2
rt:18.92,through:34.07,tt:0.35,num_interact:511,Intrvl:15,num_users:610,errors:2
rt:17.68,through:31.4,tt:0.33,num_interact:514,Intrvl:15,num_users:589,errors:0
rt:18.52,through:31.6,tt:0.37,num_interact:474,Intrvl:15,num_users:577,errors:2
rt:17.74,through:32.6,tt:0.37,num_interact:489,Intrvl:15,num_users:557,errors:0
rt:17.95,through:31.07,tt:0.34,num_interact:601,Intrvl:15,num_users:574,errors:0
rt:18.04,through:33.67,tt:0.37,num_interact:505,Intrvl:15,num_users:568,errors:0
rt:18.33,through:33.4,tt:0.34,num_interact:548,Intrvl:15,num_users:566,errors:0
rt:14.68,through:33.4,tt:0.35,num_interact:501,Intrvl:15,num_users:528,errors:0
rt:14.28,through:32.4,tt:0.38,num_interact:486,Intrvl:15,num_users:498,errors:0
rt:14.4,through:44.13,tt:0.35,num_interact:662,Intrvl:15,num_users:507,errors:0
rt:14.15,through:35.27,tt:0.36,num_interact:597,Intrvl:15,num_users:498,errors:0
rt:11.36,through:36.87,tt:0.35,num_interact:553,Intrvl:15,num_users:442,errors:0
rt:12.03,through:40.67,tt:0.34,num_interact:660,Intrvl:15,num_users:491,errors:0
rt:14.33,through:37,tt:0.35,num_interact:555,Intrvl:15,num_users:560,errors:0
rt:16.52,through:30.73,tt:0.37,num_interact:461,Intrvl:15,num_users:588,errors:1
rt:16.29,through:39.27,tt:0.34,num_interact:589,Intrvl:15,num_users:505,errors:1
rt:13.82,through:33.93,tt:0.33,num_interact:509,Intrvl:15,num_users:518,errors:0
rt:13.75,through:36,tt:0.35,num_interact:549,Intrvl:15,num_users:501,errors:1
rt:12.21,through:36.4,tt:0.34,num_interact:546,Intrvl:15,num_users:461,errors:0
rt:13.12,through:33.27,tt:0.37,num_interact:499,Intrvl:15,num_users:536,errors:3
rt:14.58,through:33.6,tt:0.36,num_interact:504,Intrvl:15,num_users:522,errors:1
rt:13.84,through:30.67,tt:0.33,num_interact:460,Intrvl:15,num_users:430,errors:1
rt:12.66,through:31.33,tt:0.36,num_interact:470,Intrvl:15,num_users:536,errors:16
rt:17.13,through:37.4,tt:0.34,num_interact:566,Intrvl:15,num_users:651,errors:0
rt:18.12,through:29.73,tt:0.35,num_interact:474,Intrvl:15,num_users:563,errors:17
rt:18.14,through:39.2,tt:0.37,num_interact:588,Intrvl:15,num_users:623,errors:0
rt:16.91,through:32.6,tt:0.34,num_interact:489,Intrvl:15,num_users:511,errors:10
rt:16.73,through:30.6,tt:0.35,num_interact:459,Intrvl:15,num_users:578,errors:0
rt:17.34,through:33.27,tt:0.39,num_interact:516,Intrvl:15,num_users:529,errors:5
rt:14.47,through:34.8,tt:0.34,num_interact:522,Intrvl:15,num_users:505,errors:0
rt:16.14,through:40.87,tt:0.39,num_interact:613,Intrvl:15,num_users:585,errors:1
rt:15.13,through:34.53,tt:0.36,num_interact:518,Intrvl:15,num_users:466,errors:0
rt:12.7,through:37.2,tt:0.34,num_interact:558,Intrvl:15,num_users:532,errors:0
rt:14.98,through:33.6,tt:0.34,num_interact:504,Intrvl:15,num_users:542,errors:3
rt:16.3,through:30.13,tt:0.35,num_interact:452,Intrvl:15,num_users:620,errors:0
rt:19.53,through:33.07,tt:0.37,num_interact:496,Intrvl:15,num_users:552,errors:5
rt:14.73,through:32.4,tt:0.37,num_interact:486,Intrvl:15,num_users:547,errors:0
rt:16.75,through:33.33,tt:0.37,num_interact:515,Intrvl:15,num_users:550,errors:6
rt:14.96,through:33.87,tt:0.38,num_interact:508,Intrvl:15,num_users:508,errors:0
rt:14.19,through:34.87,tt:0.38,num_interact:523,Intrvl:15,num_users:491,errors:3
rt:16.35,through:34.87,tt:0.37,num_interact:523,Intrvl:15,num_users:617,errors:1
rt:19.14,through:39.8,tt:0.35,num_interact:680,Intrvl:15,num_users:627,errors:3
rt:19.18,through:33.07,tt:0.33,num_interact:496,Intrvl:15,num_users:605,errors:2
rt:18.92,through:25.4,tt:0.37,num_interact:381,Intrvl:15,num_users:668,errors:2
rt:24.8,through:30.53,tt:0.38,num_interact:458,Intrvl:15,num_users:549,errors:1
rt:17.73,through:65.87,tt:0.34,num_interact:988,Intrvl:15,num_users:571,errors:0
rt:20.47,through:6.67,tt:0.4,num_interact:100,Intrvl:15,num_users:584,errors:0
rt:37.63,through:27.67,tt:0.4,num_interact:415,Intrvl:15,num_users:587,errors:0
rt:21.27,through:28.87,tt:0.37,num_interact:433,Intrvl:15,num_users:529,errors:0
rt:17.31,through:30.8,tt:0.35,num_interact:520,Intrvl:15,num_users:556,errors:0
rt:15.9,through:45.67,tt:0.35,num_interact:733,Intrvl:15,num_users:612,errors:0
rt:19.21,through:17.93,tt:0.31,num_interact:269,Intrvl:15,num_users:571,errors:0
rt:29.19,through:32.4,tt:0.36,num_interact:486,Intrvl:15,num_users:571,errors:0
rt:17.6,through:25.2,tt:0.36,num_interact:692,Intrvl:15,num_users:526,errors:0
rt:16.87,through:34.33,tt:0.34,num_interact:515,Intrvl:15,num_users:620,errors:0
rt:27.38,through:61.93,tt:0.37,num_interact:930,Intrvl:15,num_users:679,errors:0
rt:27.06,through:31.73,tt:0.35,num_interact:476,Intrvl:15,num_users:564,errors:0
rt:14.22,through:28.93,tt:0.34,num_interact:537,Intrvl:15,num_users:535,errors:0
rt:21.26,through:66.6,tt:0.35,num_interact:999,Intrvl:15,num_users:606,errors:0
rt:21.93,through:6.47,tt:0.39,num_interact:97,Intrvl:15,num_users:629,errors:0
rt:33.97,through:3.67,tt:0.39,num_interact:55,Intrvl:15,num_users:568,errors:0
rt:354.63,through:83.6,tt:0.35,num_interact:1254,Intrvl:15,num_users:659,errors:6
rt:24.26,through:0.2,tt:0.41,num_interact:3,Intrvl:15,num_users:624,errors:0
rt:51.07,through:0.13,tt:0.33,num_interact:2,Intrvl:15,num_users:592,errors:0
rt:459.39,through:29.67,tt:0.35,num_interact:445,Intrvl:15,num_users:616,errors:3
rt:640.59,through:0.13,tt:0.3,num_interact:2,Intrvl:15,num_users:612,errors:0
rt:379.23,through:1,tt:0.28,num_interact:15,Intrvl:15,num_users:608,errors:0
rt:348.65,through:1.07,tt:0.24,num_interact:16,Intrvl:15,num_users:617,errors:0
rt:294.93,through:1.13,tt:0.38,num_interact:17,Intrvl:15,num_users:599,errors:0
rt:388.63,through:1.67,tt:0.31,num_interact:25,Intrvl:15,num_users:498,errors:0
rt:294.63,through:24.27,tt:0.42,num_interact:364,Intrvl:15,num_users:564,errors:11
rt:181.54,through:52.47,tt:0.36,num_interact:787,Intrvl:15,num_users:591,errors:8
rt:24.1,through:25.53,tt:0.35,num_interact:383,Intrvl:15,num_users:648,errors:0
rt:17.54,through:18.93,tt:0.38,num_interact:284,Intrvl:15,num_users:531,errors:0
rt:16.97,through:24.8,tt:0.32,num_interact:372,Intrvl:15,num_users:714,errors:0
rt:19.6,through:24.87,tt:0.41,num_interact:373,Intrvl:15,num_users:690,errors:0
rt:20.77,through:21.6,tt:0.39,num_interact:324,Intrvl:15,num_users:641,errors:0
rt:19.86,through:26.93,tt:0.32,num_interact:404,Intrvl:15,num_users:746,errors:0
rt:20.11,through:24.2,tt:0.38,num_interact:363,Intrvl:15,num_users:703,errors:0
rt:21.96,through:21.8,tt:0.36,num_interact:327,Intrvl:15,num_users:643,errors:0
rt:20.39,through:24.73,tt:0.34,num_interact:372,Intrvl:15,num_users:732,errors:0
rt:21.07,through:18.87,tt:0.34,num_interact:283,Intrvl:15,num_users:634,errors:0
rt:20.57,through:26.2,tt:0.35,num_interact:395,Intrvl:15,num_users:651,errors:0
rt:18.51,through:24.33,tt:0.34,num_interact:365,Intrvl:15,num_users:617,errors:0
rt:17.65,through:24.93,tt:0.34,num_interact:374,Intrvl:15,num_users:650,errors:0
rt:18.54,through:21.27,tt:0.36,num_interact:319,Intrvl:15,num_users:567,errors:0
rt:16.75,through:19.93,tt:0.37,num_interact:299,Intrvl:15,num_users:622,errors:0
rt:14.77,through:13.47,tt:0.34,num_interact:202,Intrvl:15,num_users:694,errors:0
rt:24.59,through:10.27,tt:0.41,num_interact:154,Intrvl:15,num_users:662,errors:0
rt:27.9,through:10.13,tt:0.39,num_interact:152,Intrvl:15,num_users:591,errors:50
rt:26.6,through:11.33,tt:0.33,num_interact:170,Intrvl:15,num_users:717,errors:102
rt:44.1,through:11.93,tt:0.41,num_interact:179,Intrvl:15,num_users:672,errors:0
rt:58.84,through:10.6,tt:0.37,num_interact:159,Intrvl:15,num_users:648,errors:0
rt:52,through:11.93,tt:0.32,num_interact:179,Intrvl:15,num_users:634,errors:0
rt:47.66,through:12.87,tt:0.37,num_interact:193,Intrvl:15,num_users:693,errors:0
rt:37,through:12.67,tt:0.36,num_interact:190,Intrvl:15,num_users:742,errors:0
rt:40.79,through:9.53,tt:0.35,num_interact:143,Intrvl:15,num_users:601,errors:0
rt:41.65,through:9.33,tt:0.35,num_interact:140,Intrvl:15,num_users:638,errors:0
rt:40.93,through:11.13,tt:0.33,num_interact:167,Intrvl:15,num_users:700,errors:0
rt:40.92,through:12.87,tt:0.4,num_interact:193,Intrvl:15,num_users:708,errors:0
rt:41.04,through:12,tt:0.35,num_interact:180,Intrvl:15,num_users:673,errors:0
rt:40.92,through:11.67,tt:0.32,num_interact:175,Intrvl:15,num_users:648,errors:0
rt:40.7,through:12.47,tt:0.37,num_interact:187,Intrvl:15,num_users:673,errors:1
rt:37.95,through:12,tt:0.39,num_interact:180,Intrvl:15,num_users:638,errors:0
rt:40.7,through:11.2,tt:0.33,num_interact:168,Intrvl:15,num_users:675,errors:0
rt:39.96,through:12.67,tt:0.39,num_interact:190,Intrvl:15,num_users:731,errors:0
rt:40.24,through:11.93,tt:0.31,num_interact:179,Intrvl:15,num_users:661,errors:0
rt:39.15,through:9.8,tt:0.38,num_interact:147,Intrvl:15,num_users:742,errors:0
rt:43.18,through:12.07,tt:0.37,num_interact:181,Intrvl:15,num_users:654,errors:0
rt:43.67,through:11.6,tt:0.32,num_interact:174,Intrvl:15,num_users:762,errors:0
rt:43.43,through:10.8,tt:0.35,num_interact:163,Intrvl:15,num_users:708,errors:0
rt:41.4,through:10.8,tt:0.35,num_interact:162,Intrvl:15,num_users:643,errors:0
rt:43.22,through:10.13,tt:0.33,num_interact:152,Intrvl:15,num_users:736,errors:0
rt:44.18,through:11.87,tt:0.39,num_interact:178,Intrvl:15,num_users:753,errors:0
rt:44.56,through:12.47,tt:0.34,num_interact:187,Intrvl:15,num_users:703,errors:0
rt:42.88,through:10.8,tt:0.32,num_interact:162,Intrvl:15,num_users:717,errors:0
rt:42.13,through:11.4,tt:0.35,num_interact:171,Intrvl:15,num_users:655,errors:0
rt:44.51,through:11.4,tt:0.38,num_interact:171,Intrvl:15,num_users:693,errors:0
rt:42.42,through:11.6,tt:0.35,num_interact:174,Intrvl:15,num_users:640,errors:0
rt:41.78,through:10.67,tt:0.35,num_interact:160,Intrvl:15,num_users:665,errors:0
rt:40.93,through:12.2,tt:0.34,num_interact:183,Intrvl:15,num_users:676,errors:0
rt:40.8,through:12.8,tt:0.3,num_interact:192,Intrvl:15,num_users:686,errors:0
rt:40.88,through:13.2,tt:0.35,num_interact:198,Intrvl:15,num_users:710,errors:0
rt:38.98,through:12.73,tt:0.33,num_interact:191,Intrvl:15,num_users:714,errors:0
rt:39.64,through:10.6,tt:0.34,num_interact:159,Intrvl:15,num_users:636,errors:0
rt:42.03,through:10.87,tt:0.32,num_interact:163,Intrvl:15,num_users:676,errors:0
rt:42.45,through:12.2,tt:0.33,num_interact:183,Intrvl:15,num_users:678,errors:0
rt:41.46,through:12.87,tt:0.36,num_interact:193,Intrvl:15,num_users:711,errors:0
rt:39.18,through:12.93,tt:0.35,num_interact:194,Intrvl:15,num_users:697,errors:0
rt:40.51,through:12.4,tt:0.37,num_interact:186,Intrvl:15,num_users:741,errors:0
rt:41.29,through:12.4,tt:0.33,num_interact:186,Intrvl:15,num_users:791,errors:0
rt:42.56,through:13.07,tt:0.39,num_interact:196,Intrvl:15,num_users:826,errors:0
rt:43.29,through:11.33,tt:0.32,num_interact:170,Intrvl:15,num_users:739,errors:0
rt:45.83,through:10.53,tt:0.32,num_interact:158,Intrvl:15,num_users:676,errors:0
rt:46.15,through:10.27,tt:0.4,num_interact:154,Intrvl:15,num_users:644,errors:0
rt:47.89,through:10.4,tt:0.37,num_interact:156,Intrvl:15,num_users:672,errors:0
rt:44.01,through:12.47,tt:0.39,num_interact:187,Intrvl:15,num_users:661,errors:0
rt:43.51,through:10.33,tt:0.36,num_interact:155,Intrvl:15,num_users:602,errors:0
rt:42.98,through:11.53,tt:0.32,num_interact:173,Intrvl:15,num_users:666,errors:0
rt:38.91,through:12.27,tt:0.38,num_interact:184,Intrvl:15,num_users:654,errors:0
rt:38.28,through:12,tt:0.4,num_interact:180,Intrvl:15,num_users:713,errors:0
rt:37.58,through:13.4,tt:0.34,num_interact:201,Intrvl:15,num_users:655,errors:9
rt:40.28,through:10.13,tt:0.32,num_interact:152,Intrvl:15,num_users:697,errors:0
rt:34.64,through:20.13,tt:0.37,num_interact:302,Intrvl:15,num_users:732,errors:0
rt:30.38,through:18.27,tt:0.33,num_interact:274,Intrvl:15,num_users:671,errors:0
rt:26.09,through:20.6,tt:0.35,num_interact:309,Intrvl:15,num_users:704,errors:0
rt:24.05,through:18.47,tt:0.32,num_interact:278,Intrvl:15,num_users:641,errors:0
rt:22.9,through:21.07,tt:0.35,num_interact:316,Intrvl:15,num_users:657,errors:0
rt:20.86,through:20.4,tt:0.33,num_interact:306,Intrvl:15,num_users:685,errors:0
rt:18.74,through:22.47,tt:0.4,num_interact:337,Intrvl:15,num_users:722,errors:0
rt:26.85,through:16.93,tt:0.37,num_interact:254,Intrvl:15,num_users:718,errors:1
rt:29.42,through:17.33,tt:0.34,num_interact:260,Intrvl:15,num_users:732,errors:0
rt:30.14,through:16,tt:0.36,num_interact:240,Intrvl:15,num_users:699,errors:8
rt:31.07,through:16.07,tt:0.37,num_interact:241,Intrvl:15,num_users:708,errors:0
rt:30.13,through:14.4,tt:0.39,num_interact:216,Intrvl:15,num_users:654,errors:17
rt:31.07,through:14,tt:0.38,num_interact:210,Intrvl:15,num_users:633,errors:0
rt:29.46,through:16.13,tt:0.33,num_interact:242,Intrvl:15,num_users:692,errors:11
rt:33.79,through:13.8,tt:0.4,num_interact:207,Intrvl:15,num_users:610,errors:0
rt:27.34,through:16,tt:0.38,num_interact:240,Intrvl:15,num_users:638,errors:19
rt:30.21,through:13.73,tt:0.38,num_interact:206,Intrvl:15,num_users:673,errors:0
rt:27.13,through:17.67,tt:0.35,num_interact:265,Intrvl:15,num_users:664,errors:15
rt:33.78,through:14.73,tt:0.41,num_interact:221,Intrvl:15,num_users:697,errors:0
rt:28.84,through:17.87,tt:0.35,num_interact:268,Intrvl:15,num_users:694,errors:17
rt:32.74,through:14.27,tt:0.33,num_interact:214,Intrvl:15,num_users:774,errors:4
rt:35.21,through:16.33,tt:0.39,num_interact:245,Intrvl:15,num_users:685,errors:11
rt:30.78,through:15.2,tt:0.35,num_interact:228,Intrvl:15,num_users:692,errors:8
rt:32.58,through:14.87,tt:0.3,num_interact:223,Intrvl:15,num_users:647,errors:1
rt:29.05,through:15.47,tt:0.39,num_interact:232,Intrvl:15,num_users:658,errors:15
rt:31.62,through:16.47,tt:0.34,num_interact:247,Intrvl:15,num_users:673,errors:0
rt:29.89,through:14.87,tt:0.33,num_interact:223,Intrvl:15,num_users:594,errors:19
rt:30,through:13.73,tt:0.33,num_interact:207,Intrvl:15,num_users:641,errors:0
rt:27.66,through:15.53,tt:0.36,num_interact:233,Intrvl:15,num_users:584,errors:10
rt:30.63,through:15,tt:0.35,num_interact:225,Intrvl:15,num_users:629,errors:0
rt:27.42,through:15.73,tt:0.38,num_interact:236,Intrvl:15,num_users:679,errors:7
rt:30.23,through:14.13,tt:0.33,num_interact:212,Intrvl:15,num_users:578,errors:7
rt:25.95,through:14.53,tt:0.34,num_interact:218,Intrvl:15,num_users:595,errors:2
rt:25.3,through:14.67,tt:0.36,num_interact:220,Intrvl:15,num_users:606,errors:16
rt:28.95,through:17,tt:0.38,num_interact:255,Intrvl:15,num_users:720,errors:0
rt:27.76,through:15.67,tt:0.35,num_interact:235,Intrvl:15,num_users:704,errors:17
rt:32,through:15.93,tt:0.39,num_interact:239,Intrvl:15,num_users:690,errors:0
rt:26.41,through:15.67,tt:0.38,num_interact:235,Intrvl:15,num_users:655,errors:24
rt:33.74,through:13.6,tt:0.3,num_interact:204,Intrvl:15,num_users:613,errors:0
rt:27.78,through:16.6,tt:0.35,num_interact:249,Intrvl:15,num_users:708,errors:16
rt:30.18,through:14.8,tt:0.39,num_interact:222,Intrvl:15,num_users:715,errors:1
rt:29.53,through:16,tt:0.33,num_interact:240,Intrvl:15,num_users:651,errors:23
rt:29.28,through:13.93,tt:0.35,num_interact:209,Intrvl:15,num_users:661,errors:0
rt:30.98,through:16.53,tt:0.36,num_interact:248,Intrvl:15,num_users:701,errors:7
rt:31.48,through:15.6,tt:0.34,num_interact:234,Intrvl:15,num_users:686,errors:15
rt:35.81,through:16,tt:0.35,num_interact:244,Intrvl:15,num_users:704,errors:0
rt:30.9,through:15.27,tt:0.34,num_interact:229,Intrvl:15,num_users:669,errors:14
rt:32.1,through:15.07,tt:0.36,num_interact:226,Intrvl:15,num_users:631,errors:0
rt:27.63,through:16.73,tt:0.37,num_interact:251,Intrvl:15,num_users:671,errors:19
rt:32.97,through:15.2,tt:0.38,num_interact:228,Intrvl:15,num_users:720,errors:0
rt:29.86,through:16.13,tt:0.33,num_interact:242,Intrvl:15,num_users:680,errors:17
rt:32.8,through:14.67,tt:0.35,num_interact:220,Intrvl:15,num_users:708,errors:3
rt:30.93,through:14.47,tt:0.36,num_interact:217,Intrvl:15,num_users:631,errors:4
rt:31.01,through:15.2,tt:0.37,num_interact:228,Intrvl:15,num_users:700,errors:4
rt:35.53,through:13.87,tt:0.34,num_interact:208,Intrvl:15,num_users:613,errors:0
rt:29.35,through:14.67,tt:0.35,num_interact:220,Intrvl:15,num_users:676,errors:17
rt:29.97,through:16,tt:0.38,num_interact:240,Intrvl:15,num_users:679,errors:0
rt:27.75,through:16.13,tt:0.33,num_interact:242,Intrvl:15,num_users:676,errors:16
rt:33.68,through:15.87,tt:0.38,num_interact:238,Intrvl:15,num_users:739,errors:0
rt:30.78,through:16.67,tt:0.37,num_interact:250,Intrvl:15,num_users:710,errors:24
rt:34.47,through:15.8,tt:0.39,num_interact:237,Intrvl:15,num_users:735,errors:1
rt:33.15,through:13.2,tt:0.35,num_interact:198,Intrvl:15,num_users:609,errors:16
rt:31.06,through:13.73,tt:0.27,num_interact:206,Intrvl:15,num_users:710,errors:0
rt:30.26,through:15.6,tt:0.38,num_interact:234,Intrvl:15,num_users:699,errors:10
rt:32.22,through:15.27,tt:0.36,num_interact:229,Intrvl:15,num_users:687,errors:5
rt:31.74,through:16.33,tt:0.4,num_interact:245,Intrvl:15,num_users:755,errors:0
rt:31.81,through:15.27,tt:0.34,num_interact:229,Intrvl:15,num_users:806,errors:21
rt:35.93,through:17.07,tt:0.3,num_interact:256,Intrvl:15,num_users:797,errors:0
rt:37.05,through:14.87,tt:0.39,num_interact:223,Intrvl:15,num_users:770,errors:23
rt:32.7,through:19.4,tt:0.35,num_interact:291,Intrvl:15,num_users:659,errors:0
rt:20.94,through:25.87,tt:0.32,num_interact:388,Intrvl:15,num_users:640,errors:10
rt:20.84,through:23,tt:0.38,num_interact:345,Intrvl:15,num_users:749,errors:0
rt:23.73,through:20.6,tt:0.36,num_interact:309,Intrvl:15,num_users:575,errors:10
rt:18.84,through:22.13,tt:0.38,num_interact:332,Intrvl:15,num_users:792,errors:0
rt:22.41,through:21,tt:0.33,num_interact:315,Intrvl:15,num_users:699,errors:7
rt:19.89,through:24.27,tt:0.36,num_interact:364,Intrvl:15,num_users:728,errors:1
rt:22.95,through:24.47,tt:0.33,num_interact:367,Intrvl:15,num_users:717,errors:5
rt:20.94,through:22.27,tt:0.34,num_interact:334,Intrvl:15,num_users:669,errors:0
rt:20.03,through:24.07,tt:0.38,num_interact:361,Intrvl:15,num_users:699,errors:8
rt:20.52,through:24.53,tt:0.33,num_interact:368,Intrvl:15,num_users:643,errors:0
rt:20.16,through:25.07,tt:0.36,num_interact:376,Intrvl:15,num_users:685,errors:11
rt:18.86,through:23.53,tt:0.36,num_interact:353,Intrvl:15,num_users:630,errors:0
rt:19.81,through:24.6,tt:0.38,num_interact:369,Intrvl:15,num_users:734,errors:5
rt:20.25,through:23.93,tt:0.36,num_interact:359,Intrvl:15,num_users:692,errors:0
rt:21.41,through:23.73,tt:0.35,num_interact:356,Intrvl:15,num_users:724,errors:13
rt:19.85,through:22.47,tt:0.32,num_interact:337,Intrvl:15,num_users:651,errors:0
rt:18.42,through:24.67,tt:0.39,num_interact:370,Intrvl:15,num_users:662,errors:10
rt:19.06,through:23.4,tt:0.35,num_interact:351,Intrvl:15,num_users:627,errors:0
rt:19.61,through:23.33,tt:0.35,num_interact:350,Intrvl:15,num_users:610,errors:10
rt:19.42,through:27.67,tt:0.35,num_interact:415,Intrvl:15,num_users:673,errors:0
rt:19.07,through:23.07,tt:0.37,num_interact:346,Intrvl:15,num_users:661,errors:12
rt:20.11,through:25.87,tt:0.38,num_interact:388,Intrvl:15,num_users:714,errors:0
rt:20.37,through:22.07,tt:0.37,num_interact:331,Intrvl:15,num_users:651,errors:18
rt:19.54,through:21.33,tt:0.36,num_interact:326,Intrvl:15,num_users:616,errors:0
rt:17.95,through:25.8,tt:0.38,num_interact:387,Intrvl:15,num_users:687,errors:13
rt:19.66,through:24.4,tt:0.36,num_interact:366,Intrvl:15,num_users:693,errors:1
rt:20.44,through:25.27,tt:0.36,num_interact:379,Intrvl:15,num_users:652,errors:15
rt:20.57,through:23.67,tt:0.36,num_interact:355,Intrvl:15,num_users:736,errors:1
rt:20.02,through:24,tt:0.34,num_interact:360,Intrvl:15,num_users:648,errors:17
rt:20.99,through:22.93,tt:0.35,num_interact:344,Intrvl:15,num_users:671,errors:1
rt:19.78,through:24.87,tt:0.33,num_interact:376,Intrvl:15,num_users:745,errors:16
rt:21.92,through:23.6,tt:0.35,num_interact:354,Intrvl:15,num_users:699,errors:0
rt:19.92,through:25.2,tt:0.35,num_interact:378,Intrvl:15,num_users:689,errors:17
rt:21.57,through:22.6,tt:0.38,num_interact:339,Intrvl:15,num_users:697,errors:2
rt:20.77,through:23.87,tt:0.33,num_interact:358,Intrvl:15,num_users:683,errors:19
rt:20.17,through:28,tt:0.39,num_interact:420,Intrvl:15,num_users:710,errors:8
rt:17.48,through:32.33,tt:0.36,num_interact:485,Intrvl:15,num_users:675,errors:3
rt:16.11,through:31.6,tt:0.37,num_interact:480,Intrvl:15,num_users:672,errors:12
rt:15.4,through:31.6,tt:0.34,num_interact:474,Intrvl:15,num_users:671,errors:0
rt:16.82,through:32.93,tt:0.31,num_interact:494,Intrvl:15,num_users:640,errors:11
rt:10.61,through:36.67,tt:0.35,num_interact:550,Intrvl:15,num_users:567,errors:0
rt:11.19,through:39.07,tt:0.35,num_interact:590,Intrvl:15,num_users:592,errors:4
rt:11.67,through:33.13,tt:0.35,num_interact:497,Intrvl:15,num_users:598,errors:0
rt:11.7,through:32,tt:0.36,num_interact:480,Intrvl:15,num_users:546,errors:11
rt:11.71,through:34.33,tt:0.37,num_interact:515,Intrvl:15,num_users:648,errors:5
rt:14.36,through:29.27,tt:0.38,num_interact:439,Intrvl:15,num_users:707,errors:3
rt:14.2,through:33.13,tt:0.36,num_interact:497,Intrvl:15,num_users:599,errors:8
rt:12.43,through:44.07,tt:0.37,num_interact:661,Intrvl:15,num_users:664,errors:2
rt:17.4,through:28.33,tt:0.36,num_interact:425,Intrvl:15,num_users:721,errors:10
rt:19.21,through:31.2,tt:0.36,num_interact:468,Intrvl:15,num_users:774,errors:0
rt:16.01,through:29.67,tt:0.37,num_interact:530,Intrvl:15,num_users:634,errors:3
rt:13.73,through:33.4,tt:0.34,num_interact:586,Intrvl:15,num_users:596,errors:1
rt:13.34,through:32.2,tt:0.36,num_interact:483,Intrvl:15,num_users:683,errors:0
rt:14.77,through:32.27,tt:0.34,num_interact:484,Intrvl:15,num_users:627,errors:0
rt:12.47,through:34.2,tt:0.38,num_interact:513,Intrvl:15,num_users:599,errors:0
rt:12.72,through:53.27,tt:0.36,num_interact:870,Intrvl:15,num_users:651,errors:0
rt:13.47,through:34.6,tt:0.36,num_interact:573,Intrvl:15,num_users:655,errors:0
rt:14.33,through:33.73,tt:0.37,num_interact:506,Intrvl:15,num_users:648,errors:0
rt:12.49,through:36.47,tt:0.36,num_interact:547,Intrvl:15,num_users:606,errors:0
rt:13.73,through:34.27,tt:0.34,num_interact:514,Intrvl:15,num_users:633,errors:0
rt:12.94,through:33.53,tt:0.35,num_interact:593,Intrvl:15,num_users:640,errors:0
rt:14.1,through:33.8,tt:0.35,num_interact:521,Intrvl:15,num_users:623,errors:0
rt:13.11,through:33.2,tt:0.36,num_interact:498,Intrvl:15,num_users:622,errors:0
rt:13.57,through:33,tt:0.36,num_interact:495,Intrvl:15,num_users:624,errors:0
rt:12.93,through:43.33,tt:0.35,num_interact:650,Intrvl:15,num_users:603,errors:0
rt:12.62,through:38.2,tt:0.34,num_interact:573,Intrvl:15,num_users:623,errors:0
rt:13.65,through:33.07,tt:0.37,num_interact:517,Intrvl:15,num_users:647,errors:0
rt:13.2,through:40.33,tt:0.36,num_interact:605,Intrvl:15,num_users:587,errors:0
rt:10.45,through:35.8,tt:0.37,num_interact:537,Intrvl:15,num_users:574,errors:0
rt:9.02,through:36.67,tt:0.35,num_interact:593,Intrvl:15,num_users:543,errors:0
rt:11.93,through:35.6,tt:0.38,num_interact:534,Intrvl:15,num_users:644,errors:0
rt:11.18,through:35,tt:0.34,num_interact:575,Intrvl:15,num_users:566,errors:0
rt:8.99,through:37.87,tt:0.34,num_interact:568,Intrvl:15,num_users:554,errors:0
rt:10.71,through:39.27,tt:0.39,num_interact:589,Intrvl:15,num_users:598,errors:1
rt:11.36,through:31,tt:0.34,num_interact:465,Intrvl:15,num_users:543,errors:0
rt:11.62,through:33.67,tt:0.37,num_interact:505,Intrvl:15,num_users:595,errors:9
rt:10.75,through:33.07,tt:0.35,num_interact:496,Intrvl:15,num_users:556,errors:0
rt:11.46,through:32.87,tt:0.36,num_interact:493,Intrvl:15,num_users:542,errors:10
rt:9.9,through:31.73,tt:0.38,num_interact:476,Intrvl:15,num_users:545,errors:0
rt:10.88,through:35.07,tt:0.34,num_interact:526,Intrvl:15,num_users:542,errors:11
rt:11.93,through:32.47,tt:0.38,num_interact:487,Intrvl:15,num_users:622,errors:0
rt:12.35,through:33.93,tt:0.34,num_interact:509,Intrvl:15,num_users:591,errors:16
rt:11.25,through:31.73,tt:0.34,num_interact:476,Intrvl:15,num_users:580,errors:0
rt:13.37,through:32.87,tt:0.38,num_interact:493,Intrvl:15,num_users:661,errors:15
rt:14.2,through:33.13,tt:0.34,num_interact:497,Intrvl:15,num_users:652,errors:0
rt:13.03,through:33.4,tt:0.32,num_interact:509,Intrvl:15,num_users:599,errors:17
rt:12.36,through:31.8,tt:0.35,num_interact:477,Intrvl:15,num_users:630,errors:0
rt:16.64,through:26.53,tt:0.39,num_interact:408,Intrvl:15,num_users:783,errors:11
rt:18.17,through:35.6,tt:0.34,num_interact:534,Intrvl:15,num_users:636,errors:2
rt:17.6,through:30.33,tt:0.35,num_interact:455,Intrvl:15,num_users:707,errors:7
rt:16.29,through:31.53,tt:0.37,num_interact:473,Intrvl:15,num_users:657,errors:0
rt:15.83,through:34.47,tt:0.36,num_interact:605,Intrvl:15,num_users:687,errors:1
rt:15.14,through:32.8,tt:0.37,num_interact:510,Intrvl:15,num_users:605,errors:0
rt:11.64,through:36.07,tt:0.33,num_interact:556,Intrvl:15,num_users:592,errors:13
rt:11.57,through:34.8,tt:0.35,num_interact:636,Intrvl:15,num_users:595,errors:0
rt:13.83,through:36.73,tt:0.39,num_interact:551,Intrvl:15,num_users:626,errors:0
rt:14.24,through:32.73,tt:0.36,num_interact:554,Intrvl:15,num_users:643,errors:0
rt:13.86,through:30.8,tt:0.35,num_interact:594,Intrvl:15,num_users:627,errors:0
rt:17.77,through:35.6,tt:0.37,num_interact:534,Intrvl:15,num_users:627,errors:0
rt:12.16,through:28.67,tt:0.38,num_interact:430,Intrvl:15,num_users:567,errors:0
rt:12.99,through:130.13,tt:0.36,num_interact:1952,Intrvl:15,num_users:589,errors:0
rt:12.36,through:29.27,tt:0.37,num_interact:439,Intrvl:15,num_users:626,errors:0
rt:14.44,through:33.2,tt:0.31,num_interact:498,Intrvl:15,num_users:606,errors:0
rt:12.19,through:37.93,tt:0.34,num_interact:569,Intrvl:15,num_users:571,errors:0
rt:10.62,through:30.93,tt:0.35,num_interact:464,Intrvl:15,num_users:568,errors:0
rt:12.18,through:31.93,tt:0.36,num_interact:479,Intrvl:15,num_users:568,errors:0
rt:11.28,through:33.47,tt:0.37,num_interact:643,Intrvl:15,num_users:582,errors:0
rt:12.52,through:32.2,tt:0.34,num_interact:483,Intrvl:15,num_users:584,errors:0
rt:11.35,through:33.4,tt:0.35,num_interact:501,Intrvl:15,num_users:505,errors:0
rt:9.98,through:54.53,tt:0.37,num_interact:818,Intrvl:15,num_users:592,errors:0
rt:13.67,through:38.13,tt:0.35,num_interact:572,Intrvl:15,num_users:662,errors:0
rt:15.06,through:31.4,tt:0.35,num_interact:471,Intrvl:15,num_users:581,errors:0
rt:12.55,through:27.13,tt:0.36,num_interact:407,Intrvl:15,num_users:711,errors:0
rt:34,through:48.47,tt:0.39,num_interact:765,Intrvl:15,num_users:750,errors:0
rt:30.64,through:31,tt:0.36,num_interact:465,Intrvl:15,num_users:704,errors:0
rt:15,through:22.27,tt:0.36,num_interact:335,Intrvl:15,num_users:638,errors:0
rt:26.11,through:8.6,tt:0.37,num_interact:129,Intrvl:15,num_users:627,errors:0
rt:29.73,through:3.73,tt:0.31,num_interact:56,Intrvl:15,num_users:608,errors:0
rt:48.45,through:1.4,tt:0.31,num_interact:21,Intrvl:15,num_users:631,errors:0
rt:216.77,through:28.27,tt:0.37,num_interact:425,Intrvl:15,num_users:666,errors:0
rt:321.56,through:16.73,tt:0.37,num_interact:251,Intrvl:15,num_users:557,errors:12
rt:170.57,through:34.47,tt:0.38,num_interact:641,Intrvl:15,num_users:668,errors:13
rt:30.32,through:28,tt:0.35,num_interact:420,Intrvl:15,num_users:633,errors:0
rt:18.1,through:26.13,tt:0.33,num_interact:695,Intrvl:15,num_users:609,errors:0
rt:21.93,through:31.27,tt:0.38,num_interact:628,Intrvl:15,num_users:638,errors:0
rt:84.39,through:3.07,tt:0.33,num_interact:46,Intrvl:15,num_users:595,errors:0
rt:95.38,through:2.33,tt:0.38,num_interact:35,Intrvl:15,num_users:592,errors:0
rt:133.17,through:5.47,tt:0.36,num_interact:82,Intrvl:15,num_users:633,errors:0
rt:218.06,through:2.47,tt:0.33,num_interact:198,Intrvl:15,num_users:617,errors:0
rt:216.11,through:102,tt:0.33,num_interact:1530,Intrvl:15,num_users:624,errors:30
rt:17.83,through:26.27,tt:0.39,num_interact:394,Intrvl:15,num_users:599,errors:0
rt:12.65,through:24.73,tt:0.34,num_interact:371,Intrvl:15,num_users:557,errors:0
rt:12.46,through:27.27,tt:0.41,num_interact:412,Intrvl:15,num_users:605,errors:0
rt:13.55,through:27.13,tt:0.35,num_interact:407,Intrvl:15,num_users:666,errors:0
rt:15.38,through:26.4,tt:0.36,num_interact:396,Intrvl:15,num_users:658,errors:0
rt:15.32,through:24,tt:0.31,num_interact:360,Intrvl:15,num_users:601,errors:0
rt:14.11,through:26.27,tt:0.34,num_interact:394,Intrvl:15,num_users:608,errors:0
rt:12.67,through:14.8,tt:0.34,num_interact:227,Intrvl:15,num_users:605,errors:0
rt:13,through:11.67,tt:0.31,num_interact:175,Intrvl:15,num_users:557,errors:0
rt:15.88,through:13,tt:0.33,num_interact:195,Intrvl:15,num_users:665,errors:2
rt:20.63,through:12.6,tt:0.39,num_interact:189,Intrvl:15,num_users:644,errors:123
rt:38.14,through:11.2,tt:0.36,num_interact:168,Intrvl:15,num_users:585,errors:6
rt:47.27,through:10.47,tt:0.38,num_interact:157,Intrvl:15,num_users:540,errors:0
rt:33.96,through:12.4,tt:0.35,num_interact:186,Intrvl:15,num_users:638,errors:0
rt:29.64,through:14.2,tt:0.4,num_interact:213,Intrvl:15,num_users:659,errors:0
rt:30.8,through:11.47,tt:0.38,num_interact:172,Intrvl:15,num_users:531,errors:0
rt:29.1,through:9,tt:0.29,num_interact:135,Intrvl:15,num_users:640,errors:0
rt:30.25,through:10.4,tt:0.35,num_interact:156,Intrvl:15,num_users:570,errors:0
rt:31.03,through:11.07,tt:0.32,num_interact:166,Intrvl:15,num_users:566,errors:0
rt:30.41,through:13.27,tt:0.37,num_interact:199,Intrvl:15,num_users:627,errors:0
rt:26.04,through:12.6,tt:0.35,num_interact:189,Intrvl:15,num_users:602,errors:0
rt:27.91,through:11.07,tt:0.34,num_interact:166,Intrvl:15,num_users:547,errors:0
rt:26.55,through:12.2,tt:0.33,num_interact:183,Intrvl:15,num_users:634,errors:0
rt:27.59,through:13.07,tt:0.37,num_interact:196,Intrvl:15,num_users:645,errors:0
rt:29.4,through:13.87,tt:0.44,num_interact:208,Intrvl:15,num_users:687,errors:0
rt:31.53,through:12.13,tt:0.34,num_interact:182,Intrvl:15,num_users:636,errors:0
rt:30.28,through:12,tt:0.36,num_interact:180,Intrvl:15,num_users:652,errors:0
rt:32.87,through:12.53,tt:0.33,num_interact:190,Intrvl:15,num_users:634,errors:0
rt:31.35,through:13.4,tt:0.38,num_interact:201,Intrvl:15,num_users:641,errors:0
rt:31.18,through:13.33,tt:0.34,num_interact:200,Intrvl:15,num_users:644,errors:0
rt:30.4,through:13.8,tt:0.39,num_interact:207,Intrvl:15,num_users:725,errors:0
rt:30.85,through:11.8,tt:0.35,num_interact:177,Intrvl:15,num_users:676,errors:0
rt:32.74,through:11.73,tt:0.35,num_interact:176,Intrvl:15,num_users:623,errors:0
rt:34.55,through:11.8,tt:0.32,num_interact:177,Intrvl:15,num_users:692,errors:0
rt:33.85,through:12.93,tt:0.37,num_interact:194,Intrvl:15,num_users:771,errors:0
rt:35.32,through:12.87,tt:0.42,num_interact:193,Intrvl:15,num_users:720,errors:0
rt:36.66,through:11,tt:0.36,num_interact:165,Intrvl:15,num_users:665,errors:0
rt:36.29,through:10.4,tt:0.37,num_interact:156,Intrvl:15,num_users:612,errors:0
rt:35.48,through:11.4,tt:0.34,num_interact:171,Intrvl:15,num_users:612,errors:0
rt:33.88,through:13.2,tt:0.34,num_interact:198,Intrvl:15,num_users:650,errors:0
rt:30.36,through:13.8,tt:0.34,num_interact:207,Intrvl:15,num_users:680,errors:0
rt:31.71,through:13.27,tt:0.44,num_interact:201,Intrvl:15,num_users:750,errors:0
rt:32.1,through:12.13,tt:0.39,num_interact:182,Intrvl:15,num_users:668,errors:0
rt:35.48,through:9.53,tt:0.39,num_interact:143,Intrvl:15,num_users:589,errors:0
rt:35.89,through:10.6,tt:0.37,num_interact:159,Intrvl:15,num_users:657,errors:0
rt:35,through:10.4,tt:0.34,num_interact:156,Intrvl:15,num_users:566,errors:0
rt:32.32,through:10,tt:0.32,num_interact:150,Intrvl:15,num_users:616,errors:0
rt:30.39,through:13.27,tt:0.37,num_interact:199,Intrvl:15,num_users:675,errors:0
rt:30.2,through:12.8,tt:0.36,num_interact:192,Intrvl:15,num_users:643,errors:0
rt:32.15,through:9.87,tt:0.31,num_interact:148,Intrvl:15,num_users:567,errors:0
rt:30.37,through:11.2,tt:0.34,num_interact:168,Intrvl:15,num_users:568,errors:0
rt:28.84,through:13.53,tt:0.33,num_interact:203,Intrvl:15,num_users:707,errors:0
rt:28.28,through:13.47,tt:0.33,num_interact:202,Intrvl:15,num_users:725,errors:0
rt:32.26,through:10.53,tt:0.41,num_interact:158,Intrvl:15,num_users:627,errors:0
rt:34.32,through:11.13,tt:0.31,num_interact:167,Intrvl:15,num_users:609,errors:0
rt:33.31,through:12.8,tt:0.31,num_interact:192,Intrvl:15,num_users:634,errors:0
rt:32.64,through:10,tt:0.38,num_interact:150,Intrvl:15,num_users:543,errors:0
rt:29.87,through:10.67,tt:0.35,num_interact:160,Intrvl:15,num_users:622,errors:0
rt:28.24,through:13.27,tt:0.35,num_interact:199,Intrvl:15,num_users:617,errors:0
rt:28.42,through:11.4,tt:0.32,num_interact:171,Intrvl:15,num_users:570,errors:0
rt:28.99,through:12.2,tt:0.35,num_interact:183,Intrvl:15,num_users:589,errors:0
rt:26.28,through:13.67,tt:0.42,num_interact:205,Intrvl:15,num_users:624,errors:0
rt:28.6,through:12.13,tt:0.32,num_interact:182,Intrvl:15,num_users:584,errors:0
rt:28.98,through:12.67,tt:0.33,num_interact:190,Intrvl:15,num_users:596,errors:0
rt:27.77,through:10.53,tt:0.36,num_interact:158,Intrvl:15,num_users:526,errors:0
rt:26.21,through:12.07,tt:0.4,num_interact:181,Intrvl:15,num_users:619,errors:0
rt:24.32,through:13.6,tt:0.4,num_interact:204,Intrvl:15,num_users:666,errors:0
rt:30.42,through:11.2,tt:0.36,num_interact:168,Intrvl:15,num_users:606,errors:3
rt:25.9,through:18,tt:0.37,num_interact:270,Intrvl:15,num_users:701,errors:0
rt:20.9,through:23.13,tt:0.37,num_interact:354,Intrvl:15,num_users:644,errors:0
rt:17.16,through:22.6,tt:0.35,num_interact:339,Intrvl:15,num_users:592,errors:0
rt:15.01,through:25,tt:0.37,num_interact:384,Intrvl:15,num_users:591,errors:0
rt:14.05,through:26.6,tt:0.35,num_interact:399,Intrvl:15,num_users:630,errors:0
rt:14.95,through:26.27,tt:0.36,num_interact:394,Intrvl:15,num_users:658,errors:0
rt:16.1,through:25.93,tt:0.34,num_interact:389,Intrvl:15,num_users:645,errors:0
rt:15.15,through:21.8,tt:0.33,num_interact:327,Intrvl:15,num_users:571,errors:0
rt:14.32,through:25.93,tt:0.37,num_interact:389,Intrvl:15,num_users:588,errors:0
rt:13.37,through:26.53,tt:0.36,num_interact:398,Intrvl:15,num_users:651,errors:0
rt:15.63,through:26.4,tt:0.38,num_interact:396,Intrvl:15,num_users:655,errors:0
rt:15.08,through:25.33,tt:0.35,num_interact:380,Intrvl:15,num_users:641,errors:0
rt:15.85,through:26.4,tt:0.38,num_interact:396,Intrvl:15,num_users:666,errors:0
rt:16.03,through:26.4,tt:0.36,num_interact:396,Intrvl:15,num_users:692,errors:0
rt:16.35,through:22.47,tt:0.38,num_interact:337,Intrvl:15,num_users:609,errors:0
rt:15.53,through:24.33,tt:0.37,num_interact:365,Intrvl:15,num_users:608,errors:0
rt:14.6,through:27.67,tt:0.35,num_interact:415,Intrvl:15,num_users:715,errors:0
rt:16.45,through:20.4,tt:0.3,num_interact:306,Intrvl:15,num_users:601,errors:0
rt:15.99,through:25.67,tt:0.35,num_interact:385,Intrvl:15,num_users:626,errors:0
rt:15.22,through:26.07,tt:0.34,num_interact:391,Intrvl:15,num_users:644,errors:0
rt:15.22,through:25.47,tt:0.36,num_interact:382,Intrvl:15,num_users:624,errors:0
rt:13.84,through:17.33,tt:0.38,num_interact:260,Intrvl:15,num_users:400,errors:0
rt:10.45,through:24.33,tt:0.36,num_interact:365,Intrvl:15,num_users:482,errors:0
rt:10.19,through:23.73,tt:0.35,num_interact:356,Intrvl:15,num_users:398,errors:0
rt:9.97,through:23.8,tt:0.35,num_interact:357,Intrvl:15,num_users:449,errors:0
rt:10.25,through:26.13,tt:0.32,num_interact:392,Intrvl:15,num_users:444,errors:0
rt:8.5,through:25.4,tt:0.33,num_interact:381,Intrvl:15,num_users:403,errors:0
rt:10.39,through:24,tt:0.35,num_interact:360,Intrvl:15,num_users:486,errors:0
rt:10.48,through:25.47,tt:0.37,num_interact:401,Intrvl:15,num_users:461,errors:0
rt:10.14,through:25.6,tt:0.36,num_interact:384,Intrvl:15,num_users:447,errors:0
rt:12.16,through:25.6,tt:0.37,num_interact:384,Intrvl:15,num_users:529,errors:0
rt:11.34,through:24.73,tt:0.37,num_interact:371,Intrvl:15,num_users:480,errors:0
rt:10.46,through:24.2,tt:0.34,num_interact:363,Intrvl:15,num_users:440,errors:0
rt:10.96,through:21.8,tt:0.34,num_interact:327,Intrvl:15,num_users:423,errors:0
rt:10.74,through:25.13,tt:0.34,num_interact:377,Intrvl:15,num_users:433,errors:0
rt:11.22,through:24.73,tt:0.34,num_interact:371,Intrvl:15,num_users:463,errors:0
rt:11.32,through:25.73,tt:0.32,num_interact:386,Intrvl:15,num_users:475,errors:0
rt:9.26,through:22.67,tt:0.35,num_interact:340,Intrvl:15,num_users:409,errors:0
rt:11.52,through:24.87,tt:0.37,num_interact:373,Intrvl:15,num_users:479,errors:0
rt:9.96,through:24.2,tt:0.35,num_interact:364,Intrvl:15,num_users:441,errors:0
rt:10.72,through:25.13,tt:0.39,num_interact:377,Intrvl:15,num_users:452,errors:0
rt:10.59,through:25.6,tt:0.36,num_interact:384,Intrvl:15,num_users:458,errors:0
rt:10.27,through:23.73,tt:0.36,num_interact:356,Intrvl:15,num_users:437,errors:0
rt:10.67,through:21.53,tt:0.36,num_interact:323,Intrvl:15,num_users:402,errors:0
rt:10.57,through:25.07,tt:0.35,num_interact:376,Intrvl:15,num_users:417,errors:0
rt:10.85,through:24.33,tt:0.39,num_interact:365,Intrvl:15,num_users:468,errors:0
rt:11.05,through:27,tt:0.35,num_interact:405,Intrvl:15,num_users:489,errors:0
rt:10.5,through:26.87,tt:0.33,num_interact:403,Intrvl:15,num_users:469,errors:0
rt:9.77,through:22.4,tt:0.35,num_interact:336,Intrvl:15,num_users:413,errors:0
rt:10.39,through:22.4,tt:0.37,num_interact:336,Intrvl:15,num_users:410,errors:0
rt:12.07,through:24.33,tt:0.35,num_interact:366,Intrvl:15,num_users:487,errors:0
rt:9.12,through:25.6,tt:0.35,num_interact:384,Intrvl:15,num_users:419,errors:0
rt:10.02,through:24.87,tt:0.37,num_interact:373,Intrvl:15,num_users:458,errors:0
rt:10.15,through:26.33,tt:0.34,num_interact:395,Intrvl:15,num_users:459,errors:0
rt:12.16,through:25.73,tt:0.35,num_interact:386,Intrvl:15,num_users:532,errors:0
rt:10.54,through:21.93,tt:0.31,num_interact:329,Intrvl:15,num_users:424,errors:0
rt:11.03,through:22.4,tt:0.35,num_interact:336,Intrvl:15,num_users:451,errors:0
rt:11.49,through:22,tt:0.34,num_interact:330,Intrvl:15,num_users:426,errors:0
rt:13.1,through:25.07,tt:0.36,num_interact:376,Intrvl:15,num_users:554,errors:0
rt:11.95,through:22.93,tt:0.36,num_interact:344,Intrvl:15,num_users:479,errors:0
rt:10.93,through:25.27,tt:0.34,num_interact:379,Intrvl:15,num_users:465,errors:0
rt:12.26,through:25.8,tt:0.37,num_interact:387,Intrvl:15,num_users:529,errors:0
rt:13.25,through:26.33,tt:0.36,num_interact:395,Intrvl:15,num_users:563,errors:0
rt:13.08,through:21.87,tt:0.34,num_interact:328,Intrvl:15,num_users:468,errors:0
rt:12.94,through:23.07,tt:0.36,num_interact:346,Intrvl:15,num_users:550,errors:0
rt:13.35,through:21.8,tt:0.31,num_interact:327,Intrvl:15,num_users:473,errors:0
rt:12.97,through:21.2,tt:0.33,num_interact:318,Intrvl:15,num_users:444,errors:0
Terminating EBs...
EB TPCW Broswing Mix EB #15589commiting suicide!
EB TPCW Broswing Mix EB #13commiting suicide!
EB TPCW Broswing Mix EB #216commiting suicide!
EB TPCW Broswing Mix EB #15801commiting suicide!
EB TPCW Broswing Mix EB #685commiting suicide!
EB TPCW Broswing Mix EB #103commiting suicide!
EB TPCW Broswing Mix EB #272commiting suicide!
EB TPCW Broswing Mix EB #159commiting suicide!
EB TPCW Broswing Mix EB #507commiting suicide!
EB TPCW Broswing Mix EB #121commiting suicide!
EB TPCW Broswing Mix EB #190commiting suicide!
EB TPCW Broswing Mix EB #313commiting suicide!
EB TPCW Broswing Mix EB #100commiting suicide!
EB TPCW Broswing Mix EB #304commiting suicide!
EB TPCW Broswing Mix EB #113commiting suicide!
EB TPCW Broswing Mix EB #67commiting suicide!
EB TPCW Broswing Mix EB #179commiting suicide!
EB TPCW Broswing Mix EB #1652commiting suicide!
EB TPCW Broswing Mix EB #681commiting suicide!
EB TPCW Broswing Mix EB #686commiting suicide!
EB TPCW Broswing Mix EB #95commiting suicide!
EB TPCW Broswing Mix EB #234commiting suicide!
EB TPCW Broswing Mix EB #309commiting suicide!
EB TPCW Broswing Mix EB #232commiting suicide!
EB TPCW Broswing Mix EB #197commiting suicide!
EB TPCW Broswing Mix EB #91commiting suicide!
EB TPCW Broswing Mix EB #32commiting suicide!
EB TPCW Broswing Mix EB #285commiting suicide!
EB TPCW Broswing Mix EB #675commiting suicide!
EB TPCW Broswing Mix EB #15813commiting suicide!
EB TPCW Broswing Mix EB #36commiting suicide!
EB TPCW Broswing Mix EB #302commiting suicide!
EB TPCW Broswing Mix EB #35commiting suicide!
EB TPCW Broswing Mix EB #24commiting suicide!
EB TPCW Broswing Mix EB #1656commiting suicide!
EB TPCW Broswing Mix EB #1653commiting suicide!
EB TPCW Broswing Mix EB #490commiting suicide!
EB TPCW Broswing Mix EB #72commiting suicide!
EB TPCW Broswing Mix EB #235commiting suicide!
EB TPCW Broswing Mix EB #306commiting suicide!
EB TPCW Broswing Mix EB #176commiting suicide!
EB TPCW Broswing Mix EB #231commiting suicide!
EB TPCW Broswing Mix EB #178commiting suicide!
EB TPCW Broswing Mix EB #47commiting suicide!
EB TPCW Broswing Mix EB #78commiting suicide!
EB TPCW Broswing Mix EB #310commiting suicide!
EB TPCW Broswing Mix EB #52commiting suicide!
EB TPCW Broswing Mix EB #15815commiting suicide!
EB TPCW Broswing Mix EB #670commiting suicide!
EB TPCW Broswing Mix EB #15142commiting suicide!
EB TPCW Broswing Mix EB #28commiting suicide!
EB TPCW Broswing Mix EB #211commiting suicide!
EB TPCW Broswing Mix EB #181commiting suicide!
EB TPCW Broswing Mix EB #169commiting suicide!
EB TPCW Broswing Mix EB #166commiting suicide!
EB TPCW Broswing Mix EB #44commiting suicide!
EB TPCW Broswing Mix EB #99commiting suicide!
EB TPCW Broswing Mix EB #97commiting suicide!
EB TPCW Broswing Mix EB #198commiting suicide!
EB TPCW Broswing Mix EB #692commiting suicide!
EB TPCW Broswing Mix EB #15807commiting suicide!
EB TPCW Broswing Mix EB #267commiting suicide!
EB TPCW Broswing Mix EB #502commiting suicide!
EB TPCW Broswing Mix EB #252commiting suicide!
EB TPCW Broswing Mix EB #226commiting suicide!
EB TPCW Broswing Mix EB #305commiting suicide!
EB TPCW Broswing Mix EB #669commiting suicide!
EB TPCW Broswing Mix EB #236commiting suicide!
EB TPCW Broswing Mix EB #9commiting suicide!
EB TPCW Broswing Mix EB #15144commiting suicide!
EB TPCW Broswing Mix EB #20commiting suicide!
EB TPCW Broswing Mix EB #1479commiting suicide!
EB TPCW Broswing Mix EB #238commiting suicide!
EB TPCW Broswing Mix EB #14commiting suicide!
EB TPCW Broswing Mix EB #34commiting suicide!
EB TPCW Broswing Mix EB #15806commiting suicide!
EB TPCW Broswing Mix EB #218commiting suicide!
EB TPCW Broswing Mix EB #7commiting suicide!
EB TPCW Broswing Mix EB #112commiting suicide!
EB TPCW Broswing Mix EB #1478commiting suicide!
EB TPCW Broswing Mix EB #92commiting suicide!
EB TPCW Broswing Mix EB #259commiting suicide!
EB TPCW Broswing Mix EB #15662commiting suicide!
EB TPCW Broswing Mix EB #195commiting suicide!
EB TPCW Broswing Mix EB #11commiting suicide!
EB TPCW Broswing Mix EB #208commiting suicide!
EB TPCW Broswing Mix EB #15586commiting suicide!
EB TPCW Broswing Mix EB #15591commiting suicide!
EB TPCW Broswing Mix EB #213commiting suicide!
EB TPCW Broswing Mix EB #94commiting suicide!
EB TPCW Broswing Mix EB #120commiting suicide!
EB TPCW Broswing Mix EB #679commiting suicide!
EB TPCW Broswing Mix EB #185commiting suicide!
EB TPCW Broswing Mix EB #45commiting suicide!
EB TPCW Broswing Mix EB #270commiting suicide!
EB TPCW Broswing Mix EB #88commiting suicide!
EB TPCW Broswing Mix EB #136commiting suicide!
EB TPCW Broswing Mix EB #119commiting suicide!
EB TPCW Broswing Mix EB #57commiting suicide!
EB TPCW Broswing Mix EB #118commiting suicide!
EB TPCW Broswing Mix EB #15503commiting suicide!
EB TPCW Broswing Mix EB #6commiting suicide!
EB TPCW Broswing Mix EB #2996commiting suicide!
EB TPCW Broswing Mix EB #140commiting suicide!
EB TPCW Broswing Mix EB #15587commiting suicide!
EB TPCW Broswing Mix EB #125commiting suicide!
EB TPCW Broswing Mix EB #269commiting suicide!
EB TPCW Broswing Mix EB #504commiting suicide!
EB TPCW Broswing Mix EB #691commiting suicide!
EB TPCW Broswing Mix EB #89commiting suicide!
EB TPCW Broswing Mix EB #289commiting suicide!
EB TPCW Broswing Mix EB #15816commiting suicide!
EB TPCW Broswing Mix EB #84commiting suicide!
EB TPCW Broswing Mix EB #15802commiting suicide!
EB TPCW Broswing Mix EB #133commiting suicide!
EB TPCW Broswing Mix EB #263commiting suicide!
EB TPCW Broswing Mix EB #489commiting suicide!
EB TPCW Broswing Mix EB #678commiting suicide!
EB TPCW Broswing Mix EB #172commiting suicide!
EB TPCW Broswing Mix EB #146commiting suicide!
EB TPCW Broswing Mix EB #126commiting suicide!
EB TPCW Broswing Mix EB #15804commiting suicide!
EB TPCW Broswing Mix EB #1648commiting suicide!
EB TPCW Broswing Mix EB #202commiting suicide!
EB TPCW Broswing Mix EB #177commiting suicide!
EB TPCW Broswing Mix EB #15775commiting suicide!
EB TPCW Broswing Mix EB #297commiting suicide!
EB TPCW Broswing Mix EB #155commiting suicide!
EB TPCW Broswing Mix EB #161commiting suicide!
EB TPCW Broswing Mix EB #137commiting suicide!
EB TPCW Broswing Mix EB #69commiting suicide!
EB TPCW Broswing Mix EB #494commiting suicide!
EB TPCW Broswing Mix EB #15817commiting suicide!
EB TPCW Broswing Mix EB #127commiting suicide!
EB TPCW Broswing Mix EB #55commiting suicide!
EB TPCW Broswing Mix EB #15497commiting suicide!
EB TPCW Broswing Mix EB #18commiting suicide!
EB TPCW Broswing Mix EB #296commiting suicide!
EB TPCW Broswing Mix EB #191commiting suicide!
EB TPCW Broswing Mix EB #15143commiting suicide!
EB TPCW Broswing Mix EB #266commiting suicide!
EB TPCW Broswing Mix EB #130commiting suicide!
EB TPCW Broswing Mix EB #46commiting suicide!
EB TPCW Broswing Mix EB #160commiting suicide!
EB TPCW Broswing Mix EB #680commiting suicide!
EB TPCW Broswing Mix EB #15585commiting suicide!
EB TPCW Broswing Mix EB #273commiting suicide!
EB TPCW Broswing Mix EB #495commiting suicide!
EB TPCW Broswing Mix EB #262commiting suicide!
EB TPCW Broswing Mix EB #15590commiting suicide!
EB TPCW Broswing Mix EB #184commiting suicide!
EB TPCW Broswing Mix EB #150commiting suicide!
EB TPCW Broswing Mix EB #668commiting suicide!
EB TPCW Broswing Mix EB #291commiting suicide!
EB TPCW Broswing Mix EB #110commiting suicide!
EB TPCW Broswing Mix EB #15498commiting suicide!
EB TPCW Broswing Mix EB #149commiting suicide!
EB TPCW Broswing Mix EB #128commiting suicide!
EB TPCW Broswing Mix EB #15499commiting suicide!
EB TPCW Broswing Mix EB #21commiting suicide!
EB TPCW Broswing Mix EB #228commiting suicide!
EB TPCW Broswing Mix EB #15501commiting suicide!
EB TPCW Broswing Mix EB #230commiting suicide!
EB TPCW Broswing Mix EB #17commiting suicide!
EB TPCW Broswing Mix EB #64commiting suicide!
EB TPCW Broswing Mix EB #15808commiting suicide!
EB TPCW Broswing Mix EB #174commiting suicide!
EB TPCW Broswing Mix EB #15812commiting suicide!
EB TPCW Broswing Mix EB #116commiting suicide!
EB TPCW Broswing Mix EB #15588commiting suicide!
EB TPCW Broswing Mix EB #688commiting suicide!
EB TPCW Broswing Mix EB #129commiting suicide!
EB TPCW Broswing Mix EB #684commiting suicide!
EB TPCW Broswing Mix EB #288commiting suicide!
EB TPCW Broswing Mix EB #314commiting suicide!
EB TPCW Broswing Mix EB #15665commiting suicide!
EB TPCW Broswing Mix EB #68commiting suicide!
EB TPCW Broswing Mix EB #295commiting suicide!
EB TPCW Broswing Mix EB #135commiting suicide!
EB TPCW Broswing Mix EB #1482commiting suicide!
EB TPCW Broswing Mix EB #152commiting suicide!
EB TPCW Broswing Mix EB #111commiting suicide!
EB TPCW Broswing Mix EB #239commiting suicide!
EB TPCW Broswing Mix EB #15810commiting suicide!
EB TPCW Broswing Mix EB #123commiting suicide!
EB TPCW Broswing Mix EB #15commiting suicide!
EB TPCW Broswing Mix EB #49commiting suicide!
EB TPCW Broswing Mix EB #162commiting suicide!
EB TPCW Broswing Mix EB #60commiting suicide!
EB TPCW Broswing Mix EB #214commiting suicide!
EB TPCW Broswing Mix EB #66commiting suicide!
EB TPCW Broswing Mix EB #80commiting suicide!
EB TPCW Broswing Mix EB #147commiting suicide!
EB TPCW Broswing Mix EB #15803commiting suicide!
EB TPCW Broswing Mix EB #506commiting suicide!
EB TPCW Broswing Mix EB #15592commiting suicide!
EB TPCW Broswing Mix EB #15500commiting suicide!
EB TPCW Broswing Mix EB #62commiting suicide!
EB TPCW Broswing Mix EB #212commiting suicide!
EB TPCW Broswing Mix EB #671commiting suicide!
EB TPCW Broswing Mix EB #209commiting suicide!
EB TPCW Broswing Mix EB #2999commiting suicide!
EB TPCW Broswing Mix EB #132commiting suicide!
EB TPCW Broswing Mix EB #15661commiting suicide!
EB TPCW Broswing Mix EB #290commiting suicide!
EB TPCW Broswing Mix EB #71commiting suicide!
EB TPCW Broswing Mix EB #15809commiting suicide!
EB TPCW Broswing Mix EB #15774commiting suicide!
EB TPCW Broswing Mix EB #73commiting suicide!
EB TPCW Broswing Mix EB #15805commiting suicide!
EB TPCW Broswing Mix EB #61commiting suicide!
EB TPCW Broswing Mix EB #2998commiting suicide!
EB TPCW Broswing Mix EB #690commiting suicide!
EB TPCW Broswing Mix EB #153commiting suicide!
EB TPCW Broswing Mix EB #1480commiting suicide!
EB TPCW Broswing Mix EB #497commiting suicide!
EB TPCW Broswing Mix EB #15145commiting suicide!
EB TPCW Broswing Mix EB #138commiting suicide!
EB TPCW Broswing Mix EB #294commiting suicide!
EB TPCW Broswing Mix EB #194commiting suicide!
EB TPCW Broswing Mix EB #15663commiting suicide!
EB TPCW Broswing Mix EB #200commiting suicide!
EB TPCW Broswing Mix EB #287commiting suicide!
EB TPCW Broswing Mix EB #687commiting suicide!
EB TPCW Broswing Mix EB #244commiting suicide!
EB TPCW Broswing Mix EB #210commiting suicide!
EB TPCW Broswing Mix EB #104commiting suicide!
EB TPCW Broswing Mix EB #233commiting suicide!
EB TPCW Broswing Mix EB #143commiting suicide!
EB TPCW Broswing Mix EB #193commiting suicide!
EB TPCW Broswing Mix EB #312commiting suicide!
EB TPCW Broswing Mix EB #1649commiting suicide!
EB TPCW Broswing Mix EB #86commiting suicide!
EB TPCW Broswing Mix EB #101commiting suicide!
EB TPCW Broswing Mix EB #667commiting suicide!
EB TPCW Broswing Mix EB #42commiting suicide!
EB TPCW Broswing Mix EB #243commiting suicide!
EB TPCW Broswing Mix EB #1476commiting suicide!
EB TPCW Broswing Mix EB #492commiting suicide!
EB TPCW Broswing Mix EB #677commiting suicide!
EB TPCW Broswing Mix EB #225commiting suicide!
EB TPCW Broswing Mix EB #254commiting suicide!
EB TPCW Broswing Mix EB #15504commiting suicide!
EB TPCW Broswing Mix EB #182commiting suicide!
EB TPCW Broswing Mix EB #319commiting suicide!
EB TPCW Broswing Mix EB #59commiting suicide!
EB TPCW Broswing Mix EB #279commiting suicide!
EB TPCW Broswing Mix EB #15814commiting suicide!
EB TPCW Broswing Mix EB #156commiting suicide!
EB TPCW Broswing Mix EB #122commiting suicide!
EB TPCW Broswing Mix EB #15818commiting suicide!
EB TPCW Broswing Mix EB #187commiting suicide!
EB TPCW Broswing Mix EB #503commiting suicide!
EB TPCW Broswing Mix EB #257commiting suicide!
EB TPCW Broswing Mix EB #15811commiting suicide!
EB TPCW Broswing Mix EB #15502commiting suicide!
EB TPCW Broswing Mix EB #139commiting suicide!
EB TPCW Broswing Mix EB #115commiting suicide!
EB TPCW Broswing Mix EB #498commiting suicide!
EB TPCW Broswing Mix EB #15664commiting suicide!
EB TPCW Broswing Mix EB #157commiting suicide!
EB TPCW Broswing Mix EB #245commiting suicide!
EB TPCW Broswing Mix EB #666commiting suicide!
EB TPCW Broswing Mix EB #142commiting suicide!
EB TPCW Broswing Mix EB #96commiting suicide!
EB TPCW Broswing Mix EB #500commiting suicide!
EB TPCW Broswing Mix EB #206commiting suicide!
EB TPCW Broswing Mix EB #298commiting suicide!
EB TPCW Broswing Mix EB #75commiting suicide!
EB TPCW Broswing Mix EB #15584commiting suicide!
EB TPCW Broswing Mix EB #107commiting suicide!
EB TPCW Broswing Mix EB #203commiting suicide!
EBs finished.
Really finishing RBE!.
