Remote Browser Emulator for TPC-W.
  ECE 902  Fall '99
  Version 1.5
System's current path is /root/loadtest
rt:0.1,through:2.4,tt:0.31,num_interact:36,Intrvl:15,num_users:1,errors:0
rt:1.38,through:10.93,tt:0.34,num_interact:164,Intrvl:15,num_users:20,errors:0
rt:5.2,through:10.8,tt:0.44,num_interact:162,Intrvl:15,num_users:80,errors:0
rt:7.3,through:12.93,tt:0.41,num_interact:194,Intrvl:15,num_users:120,errors:0
rt:9.03,through:12.93,tt:0.41,num_interact:194,Intrvl:15,num_users:180,errors:0
rt:13.37,through:13.2,tt:0.39,num_interact:198,Intrvl:15,num_users:240,errors:0
rt:17.63,through:13,tt:0.35,num_interact:195,Intrvl:15,num_users:280,errors:0
rt:19.3,through:12.67,tt:0.36,num_interact:190,Intrvl:15,num_users:310,errors:0
rt:22.37,through:13.27,tt:0.35,num_interact:199,Intrvl:15,num_users:370,errors:0
rt:26.01,through:12.93,tt:0.33,num_interact:194,Intrvl:15,num_users:440,errors:0
rt:28.19,through:12.87,tt:0.34,num_interact:193,Intrvl:15,num_users:484,errors:0
rt:31.45,through:13.27,tt:0.4,num_interact:199,Intrvl:15,num_users:487,errors:0
rt:36.49,through:12.73,tt:0.37,num_interact:191,Intrvl:15,num_users:479,errors:0
rt:37.37,through:12.93,tt:0.33,num_interact:194,Intrvl:15,num_users:574,errors:0
rt:37.76,through:12.53,tt:0.35,num_interact:188,Intrvl:15,num_users:500,errors:0
rt:38.95,through:7.47,tt:0.36,num_interact:112,Intrvl:15,num_users:458,errors:0
rt:43.81,through:10,tt:0.3,num_interact:150,Intrvl:15,num_users:409,errors:0
rt:44.15,through:10.93,tt:0.39,num_interact:164,Intrvl:15,num_users:426,errors:0
rt:38.78,through:12.27,tt:0.38,num_interact:184,Intrvl:15,num_users:494,errors:0
rt:33.61,through:12.87,tt:0.39,num_interact:193,Intrvl:15,num_users:515,errors:0
rt:36.69,through:12.93,tt:0.42,num_interact:194,Intrvl:15,num_users:489,errors:0
rt:37.94,through:10.73,tt:0.38,num_interact:161,Intrvl:15,num_users:444,errors:0
rt:39.57,through:11.53,tt:0.37,num_interact:173,Intrvl:15,num_users:454,errors:0
rt:37.5,through:12.2,tt:0.32,num_interact:183,Intrvl:15,num_users:512,errors:0
rt:37,through:12.67,tt:0.35,num_interact:190,Intrvl:15,num_users:487,errors:0
rt:39.1,through:10.73,tt:0.34,num_interact:161,Intrvl:15,num_users:462,errors:0
rt:38.61,through:12,tt:0.36,num_interact:180,Intrvl:15,num_users:448,errors:0
rt:38.28,through:12.33,tt:0.32,num_interact:185,Intrvl:15,num_users:466,errors:0
rt:35.82,through:12.67,tt:0.39,num_interact:190,Intrvl:15,num_users:479,errors:0
rt:37.24,through:11.33,tt:0.35,num_interact:170,Intrvl:15,num_users:431,errors:0
rt:36.24,through:11.33,tt:0.31,num_interact:170,Intrvl:15,num_users:413,errors:0
rt:35.33,through:12,tt:0.36,num_interact:180,Intrvl:15,num_users:435,errors:0
rt:33.74,through:12.87,tt:0.38,num_interact:193,Intrvl:15,num_users:484,errors:0
rt:34.34,through:13,tt:0.34,num_interact:195,Intrvl:15,num_users:483,errors:0
rt:36.61,through:12.8,tt:0.39,num_interact:192,Intrvl:15,num_users:515,errors:0
rt:36.37,through:12.87,tt:0.35,num_interact:193,Intrvl:15,num_users:461,errors:0
rt:38.03,through:10,tt:0.32,num_interact:150,Intrvl:15,num_users:470,errors:0
rt:38.96,through:11.53,tt:0.36,num_interact:173,Intrvl:15,num_users:416,errors:0
rt:40.51,through:11.47,tt:0.41,num_interact:172,Intrvl:15,num_users:454,errors:0
rt:36.36,through:11.87,tt:0.36,num_interact:178,Intrvl:15,num_users:480,errors:0
rt:35.06,through:13,tt:0.35,num_interact:195,Intrvl:15,num_users:487,errors:0
rt:36.5,through:13.07,tt:0.36,num_interact:196,Intrvl:15,num_users:561,errors:0
rt:37.38,through:11.93,tt:0.33,num_interact:179,Intrvl:15,num_users:455,errors:0
rt:40.01,through:8.13,tt:0.37,num_interact:122,Intrvl:15,num_users:400,errors:0
rt:41.44,through:9.67,tt:0.33,num_interact:145,Intrvl:15,num_users:381,errors:0
rt:38.92,through:10.27,tt:0.38,num_interact:154,Intrvl:15,num_users:517,errors:0
rt:37.59,through:12.33,tt:0.38,num_interact:185,Intrvl:15,num_users:536,errors:0
rt:39.14,through:11.2,tt:0.42,num_interact:168,Intrvl:15,num_users:475,errors:0
rt:40.99,through:10.6,tt:0.37,num_interact:159,Intrvl:15,num_users:500,errors:0
rt:41.51,through:12.4,tt:0.39,num_interact:186,Intrvl:15,num_users:472,errors:0
rt:40.72,through:11,tt:0.37,num_interact:165,Intrvl:15,num_users:452,errors:0
rt:39.21,through:9.47,tt:0.37,num_interact:142,Intrvl:15,num_users:347,errors:0
rt:36.78,through:9.53,tt:0.37,num_interact:143,Intrvl:15,num_users:426,errors:0
rt:34.49,through:12.07,tt:0.33,num_interact:181,Intrvl:15,num_users:389,errors:0
rt:34.31,through:10.87,tt:0.38,num_interact:163,Intrvl:15,num_users:385,errors:0
rt:33.33,through:12.2,tt:0.41,num_interact:183,Intrvl:15,num_users:392,errors:0
rt:31.97,through:12.87,tt:0.34,num_interact:193,Intrvl:15,num_users:553,errors:0
rt:29.79,through:11.07,tt:0.36,num_interact:166,Intrvl:15,num_users:375,errors:0
rt:39.84,through:5.8,tt:0.36,num_interact:87,Intrvl:15,num_users:391,errors:0
rt:40.93,through:10,tt:0.36,num_interact:150,Intrvl:15,num_users:379,errors:0
rt:40.81,through:12.2,tt:0.36,num_interact:183,Intrvl:15,num_users:431,errors:0
rt:31.9,through:11.2,tt:0.37,num_interact:168,Intrvl:15,num_users:356,errors:0
rt:33.18,through:9.8,tt:0.33,num_interact:147,Intrvl:15,num_users:458,errors:0
rt:33.12,through:11.53,tt:0.36,num_interact:173,Intrvl:15,num_users:407,errors:0
rt:37.2,through:8.07,tt:0.43,num_interact:121,Intrvl:15,num_users:371,errors:0
rt:35.42,through:12.33,tt:0.34,num_interact:185,Intrvl:15,num_users:342,errors:0
rt:30.29,through:9.4,tt:0.37,num_interact:141,Intrvl:15,num_users:273,errors:0
rt:27.99,through:10.73,tt:0.4,num_interact:161,Intrvl:15,num_users:554,errors:2
rt:24.58,through:18.53,tt:0.38,num_interact:278,Intrvl:15,num_users:494,errors:0
rt:22.06,through:23.93,tt:0.43,num_interact:359,Intrvl:15,num_users:487,errors:0
rt:21.55,through:24.33,tt:0.38,num_interact:365,Intrvl:15,num_users:469,errors:0
rt:18.67,through:23.27,tt:0.37,num_interact:349,Intrvl:15,num_users:440,errors:0
rt:18.06,through:22.53,tt:0.33,num_interact:338,Intrvl:15,num_users:405,errors:0
rt:17.6,through:25.2,tt:0.4,num_interact:378,Intrvl:15,num_users:588,errors:0
rt:19.93,through:22.13,tt:0.35,num_interact:332,Intrvl:15,num_users:517,errors:0
rt:20.9,through:24,tt:0.33,num_interact:360,Intrvl:15,num_users:480,errors:0
rt:20.03,through:24.53,tt:0.36,num_interact:368,Intrvl:15,num_users:498,errors:0
rt:19.71,through:23.13,tt:0.32,num_interact:347,Intrvl:15,num_users:444,errors:0
rt:18.56,through:25.07,tt:0.38,num_interact:379,Intrvl:15,num_users:500,errors:0
rt:19.02,through:24.47,tt:0.32,num_interact:367,Intrvl:15,num_users:472,errors:0
rt:18.04,through:23.13,tt:0.36,num_interact:347,Intrvl:15,num_users:430,errors:0
rt:18,through:24.67,tt:0.35,num_interact:370,Intrvl:15,num_users:512,errors:0
rt:19.06,through:26.33,tt:0.34,num_interact:395,Intrvl:15,num_users:561,errors:0
rt:20.7,through:19.67,tt:0.34,num_interact:295,Intrvl:15,num_users:412,errors:0
rt:19.24,through:22.67,tt:0.34,num_interact:340,Intrvl:15,num_users:512,errors:0
rt:19.88,through:24.8,tt:0.36,num_interact:372,Intrvl:15,num_users:496,errors:0
rt:19.54,through:25.2,tt:0.34,num_interact:378,Intrvl:15,num_users:515,errors:0
rt:19.74,through:25.67,tt:0.35,num_interact:385,Intrvl:15,num_users:510,errors:0
rt:19.53,through:25,tt:0.35,num_interact:375,Intrvl:15,num_users:504,errors:0
rt:19.55,through:25.33,tt:0.34,num_interact:380,Intrvl:15,num_users:494,errors:0
rt:19.32,through:23.53,tt:0.37,num_interact:353,Intrvl:15,num_users:455,errors:0
rt:17.97,through:23.07,tt:0.34,num_interact:346,Intrvl:15,num_users:414,errors:0
rt:16.49,through:23.4,tt:0.32,num_interact:351,Intrvl:15,num_users:384,errors:0
rt:15.62,through:25.33,tt:0.35,num_interact:380,Intrvl:15,num_users:407,errors:0
rt:15.96,through:24.8,tt:0.37,num_interact:379,Intrvl:15,num_users:458,errors:0
rt:16.86,through:25.13,tt:0.34,num_interact:377,Intrvl:15,num_users:421,errors:0
rt:16.7,through:24.67,tt:0.33,num_interact:370,Intrvl:15,num_users:445,errors:0
rt:16.78,through:24.87,tt:0.33,num_interact:373,Intrvl:15,num_users:417,errors:0
rt:16.52,through:24.4,tt:0.36,num_interact:366,Intrvl:15,num_users:433,errors:0
rt:16.81,through:25.93,tt:0.35,num_interact:389,Intrvl:15,num_users:456,errors:0
rt:16.96,through:23.6,tt:0.35,num_interact:354,Intrvl:15,num_users:405,errors:0
rt:16.06,through:24.67,tt:0.35,num_interact:370,Intrvl:15,num_users:427,errors:0
rt:16.62,through:24.8,tt:0.37,num_interact:372,Intrvl:15,num_users:424,errors:0
rt:16.03,through:24.87,tt:0.37,num_interact:373,Intrvl:15,num_users:392,errors:0
rt:15.81,through:24.8,tt:0.39,num_interact:372,Intrvl:15,num_users:475,errors:0
rt:17.61,through:21.67,tt:0.34,num_interact:325,Intrvl:15,num_users:393,errors:0
rt:16.34,through:24.53,tt:0.37,num_interact:368,Intrvl:15,num_users:424,errors:0
rt:16.22,through:24.67,tt:0.34,num_interact:371,Intrvl:15,num_users:405,errors:0
rt:16.5,through:25.93,tt:0.34,num_interact:389,Intrvl:15,num_users:500,errors:0
rt:18.08,through:25.67,tt:0.34,num_interact:385,Intrvl:15,num_users:524,errors:0
rt:19.53,through:26.13,tt:0.34,num_interact:393,Intrvl:15,num_users:525,errors:0
rt:19.76,through:22.4,tt:0.34,num_interact:336,Intrvl:15,num_users:449,errors:0
rt:18.89,through:24.67,tt:0.33,num_interact:370,Intrvl:15,num_users:475,errors:0
rt:18.54,through:25.47,tt:0.35,num_interact:382,Intrvl:15,num_users:494,errors:0
rt:18.09,through:20.6,tt:0.35,num_interact:309,Intrvl:15,num_users:392,errors:0
rt:16.89,through:23.93,tt:0.36,num_interact:359,Intrvl:15,num_users:407,errors:0
rt:16.74,through:25.8,tt:0.33,num_interact:387,Intrvl:15,num_users:482,errors:0
rt:17.75,through:24.27,tt:0.35,num_interact:364,Intrvl:15,num_users:469,errors:0
rt:18.73,through:25.53,tt:0.34,num_interact:383,Intrvl:15,num_users:532,errors:0
rt:19.37,through:25.07,tt:0.4,num_interact:376,Intrvl:15,num_users:511,errors:0
rt:19.75,through:20.73,tt:0.39,num_interact:311,Intrvl:15,num_users:417,errors:0
rt:17.95,through:24.33,tt:0.34,num_interact:365,Intrvl:15,num_users:426,errors:0
rt:16.83,through:24.4,tt:0.37,num_interact:366,Intrvl:15,num_users:407,errors:0
rt:16.23,through:25.13,tt:0.34,num_interact:377,Intrvl:15,num_users:399,errors:0
rt:15.63,through:23.73,tt:0.35,num_interact:356,Intrvl:15,num_users:368,errors:0
rt:14.71,through:25.8,tt:0.34,num_interact:387,Intrvl:15,num_users:430,errors:0
rt:15.57,through:22.53,tt:0.35,num_interact:338,Intrvl:15,num_users:367,errors:0
rt:15.27,through:25.53,tt:0.37,num_interact:383,Intrvl:15,num_users:496,errors:0
rt:18.02,through:24.2,tt:0.34,num_interact:363,Intrvl:15,num_users:462,errors:0
rt:18.27,through:24.8,tt:0.38,num_interact:372,Intrvl:15,num_users:563,errors:0
rt:20.25,through:23.13,tt:0.35,num_interact:347,Intrvl:15,num_users:503,errors:0
rt:20.17,through:24.27,tt:0.32,num_interact:364,Intrvl:15,num_users:515,errors:2
rt:18.54,through:21.33,tt:0.37,num_interact:320,Intrvl:15,num_users:391,errors:1
rt:16.14,through:27.93,tt:0.36,num_interact:419,Intrvl:15,num_users:449,errors:0
rt:14.26,through:30.6,tt:0.35,num_interact:459,Intrvl:15,num_users:440,errors:0
rt:13.86,through:31.93,tt:0.33,num_interact:479,Intrvl:15,num_users:454,errors:0
rt:13.16,through:31.93,tt:0.35,num_interact:480,Intrvl:15,num_users:466,errors:0
rt:10.82,through:29.33,tt:0.37,num_interact:440,Intrvl:15,num_users:372,errors:0
rt:9.51,through:32.53,tt:0.36,num_interact:488,Intrvl:15,num_users:440,errors:0
rt:14.71,through:23.6,tt:0.34,num_interact:354,Intrvl:15,num_users:426,errors:0
rt:15.62,through:26.27,tt:0.35,num_interact:394,Intrvl:15,num_users:454,errors:10
rt:18.02,through:22.33,tt:0.34,num_interact:335,Intrvl:15,num_users:438,errors:0
rt:16.63,through:26.27,tt:0.33,num_interact:394,Intrvl:15,num_users:412,errors:13
rt:15.71,through:21.93,tt:0.38,num_interact:329,Intrvl:15,num_users:428,errors:0
rt:16.62,through:26.93,tt:0.37,num_interact:404,Intrvl:15,num_users:449,errors:19
rt:18.47,through:22.6,tt:0.39,num_interact:339,Intrvl:15,num_users:447,errors:0
rt:16.08,through:26.6,tt:0.34,num_interact:399,Intrvl:15,num_users:445,errors:16
rt:18.77,through:20.4,tt:0.36,num_interact:306,Intrvl:15,num_users:370,errors:3
rt:15.45,through:24.47,tt:0.41,num_interact:367,Intrvl:15,num_users:440,errors:12
rt:17.62,through:22.47,tt:0.35,num_interact:337,Intrvl:15,num_users:409,errors:8
rt:16.83,through:24.47,tt:0.33,num_interact:367,Intrvl:15,num_users:459,errors:0
rt:18.61,through:24.53,tt:0.41,num_interact:368,Intrvl:15,num_users:508,errors:12
rt:19.62,through:22.47,tt:0.36,num_interact:337,Intrvl:15,num_users:449,errors:0
rt:16.78,through:26.13,tt:0.4,num_interact:392,Intrvl:15,num_users:529,errors:20
rt:21.4,through:21.4,tt:0.36,num_interact:321,Intrvl:15,num_users:498,errors:0
rt:18.73,through:22.53,tt:0.34,num_interact:338,Intrvl:15,num_users:384,errors:13
rt:16.88,through:20.87,tt:0.38,num_interact:313,Intrvl:15,num_users:437,errors:0
rt:16.39,through:25.4,tt:0.36,num_interact:381,Intrvl:15,num_users:493,errors:12
rt:21.14,through:23.4,tt:0.32,num_interact:351,Intrvl:15,num_users:484,errors:3
rt:17.85,through:22.27,tt:0.32,num_interact:334,Intrvl:15,num_users:438,errors:5
rt:18.21,through:24.8,tt:0.37,num_interact:372,Intrvl:15,num_users:449,errors:14
rt:18.38,through:24.2,tt:0.36,num_interact:363,Intrvl:15,num_users:518,errors:0
rt:19.39,through:24.87,tt:0.38,num_interact:373,Intrvl:15,num_users:475,errors:23
rt:19.44,through:22.53,tt:0.36,num_interact:338,Intrvl:15,num_users:484,errors:0
rt:18.4,through:25.2,tt:0.32,num_interact:378,Intrvl:15,num_users:477,errors:16
rt:20.05,through:23.73,tt:0.36,num_interact:356,Intrvl:15,num_users:476,errors:1
rt:18.06,through:26.13,tt:0.38,num_interact:392,Intrvl:15,num_users:475,errors:15
rt:20.39,through:24,tt:0.35,num_interact:360,Intrvl:15,num_users:483,errors:1
rt:17.64,through:22.53,tt:0.32,num_interact:338,Intrvl:15,num_users:414,errors:4
rt:17.76,through:24.87,tt:0.36,num_interact:373,Intrvl:15,num_users:449,errors:8
rt:19.37,through:26.4,tt:0.35,num_interact:397,Intrvl:15,num_users:717,errors:9
rt:24.09,through:20.27,tt:0.4,num_interact:304,Intrvl:15,num_users:994,errors:9
rt:31.05,through:20.13,tt:0.39,num_interact:302,Intrvl:15,num_users:386,errors:5
rt:23.3,through:21.4,tt:0.32,num_interact:321,Intrvl:15,num_users:386,errors:4
rt:21.83,through:26.93,tt:0.36,num_interact:404,Intrvl:15,num_users:469,errors:0
rt:22.18,through:27.33,tt:0.35,num_interact:415,Intrvl:15,num_users:431,errors:0
rt:20.34,through:28.6,tt:0.38,num_interact:429,Intrvl:15,num_users:487,errors:0
rt:20.47,through:30.53,tt:0.38,num_interact:458,Intrvl:15,num_users:462,errors:0
rt:18.34,through:30.93,tt:0.36,num_interact:500,Intrvl:15,num_users:440,errors:0
rt:18.08,through:30.13,tt:0.34,num_interact:452,Intrvl:15,num_users:448,errors:0
rt:18.77,through:33,tt:0.37,num_interact:495,Intrvl:15,num_users:521,errors:0
rt:16.74,through:29.67,tt:0.33,num_interact:445,Intrvl:15,num_users:420,errors:0
rt:16.96,through:28.2,tt:0.36,num_interact:423,Intrvl:15,num_users:512,errors:2
rt:20.09,through:27.33,tt:0.36,num_interact:410,Intrvl:15,num_users:535,errors:0
rt:21.55,through:29.8,tt:0.36,num_interact:447,Intrvl:15,num_users:484,errors:0
rt:17.11,through:30.27,tt:0.39,num_interact:454,Intrvl:15,num_users:427,errors:0
rt:17.79,through:25.53,tt:0.37,num_interact:477,Intrvl:15,num_users:589,errors:6
rt:20.08,through:30.93,tt:0.35,num_interact:468,Intrvl:15,num_users:427,errors:0
rt:16.31,through:25.47,tt:0.37,num_interact:382,Intrvl:15,num_users:420,errors:7
rt:18.36,through:23.93,tt:0.34,num_interact:359,Intrvl:15,num_users:445,errors:1
rt:21.02,through:25.13,tt:0.32,num_interact:377,Intrvl:15,num_users:458,errors:5
rt:19.74,through:27.6,tt:0.36,num_interact:414,Intrvl:15,num_users:526,errors:8
rt:26.91,through:22,tt:0.34,num_interact:330,Intrvl:15,num_users:428,errors:0
rt:19.65,through:26,tt:0.34,num_interact:390,Intrvl:15,num_users:444,errors:4
rt:21.19,through:25.8,tt:0.36,num_interact:387,Intrvl:15,num_users:438,errors:6
rt:20.73,through:23.93,tt:0.35,num_interact:359,Intrvl:15,num_users:490,errors:2
rt:20.94,through:25.47,tt:0.35,num_interact:382,Intrvl:15,num_users:510,errors:12
rt:22.01,through:29.27,tt:0.37,num_interact:445,Intrvl:15,num_users:454,errors:20
rt:21.11,through:21.47,tt:0.34,num_interact:323,Intrvl:15,num_users:493,errors:1
rt:21.4,through:26.2,tt:0.34,num_interact:393,Intrvl:15,num_users:514,errors:15
rt:24.16,through:29.93,tt:0.35,num_interact:449,Intrvl:15,num_users:510,errors:12
rt:24.22,through:20.27,tt:0.33,num_interact:304,Intrvl:15,num_users:570,errors:0
rt:24.51,through:25,tt:0.36,num_interact:375,Intrvl:15,num_users:479,errors:10
rt:23.42,through:24.8,tt:0.33,num_interact:372,Intrvl:15,num_users:468,errors:5
rt:24,through:23.13,tt:0.3,num_interact:347,Intrvl:15,num_users:442,errors:4
rt:22.16,through:26.07,tt:0.34,num_interact:391,Intrvl:15,num_users:433,errors:8
rt:20.17,through:26.27,tt:0.39,num_interact:394,Intrvl:15,num_users:483,errors:6
rt:23.44,through:22.8,tt:0.35,num_interact:342,Intrvl:15,num_users:503,errors:11
rt:25.76,through:25.47,tt:0.34,num_interact:383,Intrvl:15,num_users:431,errors:19
rt:20.23,through:30.27,tt:0.38,num_interact:454,Intrvl:15,num_users:445,errors:8
rt:21.81,through:21.47,tt:0.37,num_interact:322,Intrvl:15,num_users:557,errors:5
rt:25.05,through:24,tt:0.35,num_interact:360,Intrvl:15,num_users:477,errors:17
rt:22.85,through:27.93,tt:0.36,num_interact:419,Intrvl:15,num_users:532,errors:5
rt:25.39,through:19.93,tt:0.37,num_interact:299,Intrvl:15,num_users:442,errors:1
rt:21.89,through:25.47,tt:0.36,num_interact:382,Intrvl:15,num_users:580,errors:14
rt:25.84,through:23.93,tt:0.35,num_interact:359,Intrvl:15,num_users:497,errors:3
rt:24.33,through:22.27,tt:0.38,num_interact:334,Intrvl:15,num_users:489,errors:2
rt:22.31,through:29.13,tt:0.3,num_interact:437,Intrvl:15,num_users:490,errors:15
rt:21.77,through:25.87,tt:0.34,num_interact:388,Intrvl:15,num_users:549,errors:4
rt:26.87,through:22.33,tt:0.34,num_interact:335,Intrvl:15,num_users:489,errors:4
rt:22.85,through:25.67,tt:0.37,num_interact:385,Intrvl:15,num_users:536,errors:12
rt:22.36,through:26.53,tt:0.35,num_interact:398,Intrvl:15,num_users:497,errors:8
rt:24.51,through:23.2,tt:0.36,num_interact:348,Intrvl:15,num_users:524,errors:10
rt:23.3,through:28.53,tt:0.36,num_interact:428,Intrvl:15,num_users:535,errors:14
rt:22.9,through:25.07,tt:0.38,num_interact:376,Intrvl:15,num_users:525,errors:3
rt:26.75,through:21.87,tt:0.36,num_interact:328,Intrvl:15,num_users:594,errors:10
rt:25.64,through:27.07,tt:0.35,num_interact:407,Intrvl:15,num_users:553,errors:16
rt:24.18,through:26.67,tt:0.35,num_interact:400,Intrvl:15,num_users:594,errors:5
rt:27.52,through:18.73,tt:0.35,num_interact:281,Intrvl:15,num_users:476,errors:5
rt:25.2,through:27.2,tt:0.36,num_interact:408,Intrvl:15,num_users:451,errors:9
rt:21.31,through:24.6,tt:0.34,num_interact:369,Intrvl:15,num_users:417,errors:5
rt:23.49,through:22.2,tt:0.33,num_interact:333,Intrvl:15,num_users:491,errors:3
rt:22.51,through:25.2,tt:0.4,num_interact:378,Intrvl:15,num_users:508,errors:3
rt:22.09,through:26.4,tt:0.33,num_interact:396,Intrvl:15,num_users:507,errors:10
rt:26.86,through:23.93,tt:0.37,num_interact:360,Intrvl:15,num_users:484,errors:14
rt:22.3,through:29.6,tt:0.36,num_interact:444,Intrvl:15,num_users:528,errors:12
rt:24.33,through:21.6,tt:0.35,num_interact:324,Intrvl:15,num_users:448,errors:4
rt:23.14,through:25.4,tt:0.37,num_interact:385,Intrvl:15,num_users:504,errors:9
rt:21.18,through:28.33,tt:0.36,num_interact:425,Intrvl:15,num_users:529,errors:6
rt:24.12,through:23.47,tt:0.32,num_interact:352,Intrvl:15,num_users:518,errors:4
rt:23.79,through:21.93,tt:0.35,num_interact:330,Intrvl:15,num_users:431,errors:19
rt:19.87,through:28.53,tt:0.37,num_interact:428,Intrvl:15,num_users:490,errors:7
rt:23.47,through:21.87,tt:0.37,num_interact:330,Intrvl:15,num_users:461,errors:2
rt:23.11,through:26.53,tt:0.37,num_interact:400,Intrvl:15,num_users:490,errors:16
rt:24.9,through:25.13,tt:0.37,num_interact:377,Intrvl:15,num_users:448,errors:6
rt:21.29,through:22.4,tt:0.35,num_interact:336,Intrvl:15,num_users:430,errors:4
rt:21.58,through:29.2,tt:0.34,num_interact:438,Intrvl:15,num_users:461,errors:17
rt:22.97,through:23.73,tt:0.36,num_interact:356,Intrvl:15,num_users:431,errors:2
rt:22,through:22.27,tt:0.37,num_interact:334,Intrvl:15,num_users:440,errors:4
rt:21.63,through:27.33,tt:0.41,num_interact:410,Intrvl:15,num_users:521,errors:16
rt:20.46,through:26.33,tt:0.37,num_interact:395,Intrvl:15,num_users:497,errors:8
rt:23.87,through:21.53,tt:0.34,num_interact:323,Intrvl:15,num_users:472,errors:5
rt:21.58,through:29.6,tt:0.32,num_interact:444,Intrvl:15,num_users:477,errors:16
rt:20.82,through:26,tt:0.36,num_interact:390,Intrvl:15,num_users:468,errors:5
rt:22.35,through:22.87,tt:0.36,num_interact:343,Intrvl:15,num_users:525,errors:3
rt:25.15,through:25.67,tt:0.35,num_interact:385,Intrvl:15,num_users:535,errors:11
rt:22.55,through:27.33,tt:0.34,num_interact:410,Intrvl:15,num_users:491,errors:0
rt:23.58,through:23.47,tt:0.34,num_interact:352,Intrvl:15,num_users:570,errors:10
rt:24.27,through:25.27,tt:0.39,num_interact:379,Intrvl:15,num_users:603,errors:13
rt:25.27,through:26.33,tt:0.37,num_interact:395,Intrvl:15,num_users:522,errors:2
rt:24.63,through:22.07,tt:0.36,num_interact:331,Intrvl:15,num_users:531,errors:10
rt:22.31,through:27.8,tt:0.36,num_interact:417,Intrvl:15,num_users:510,errors:17
rt:24.45,through:24.8,tt:0.35,num_interact:372,Intrvl:15,num_users:433,errors:4
rt:23.22,through:22.07,tt:0.38,num_interact:331,Intrvl:15,num_users:461,errors:15
rt:20.99,through:28.53,tt:0.34,num_interact:428,Intrvl:15,num_users:528,errors:4
rt:22.4,through:23.07,tt:0.34,num_interact:346,Intrvl:15,num_users:518,errors:4
rt:24.54,through:24.8,tt:0.36,num_interact:378,Intrvl:15,num_users:487,errors:29
rt:22.87,through:30.47,tt:0.34,num_interact:457,Intrvl:15,num_users:501,errors:14
rt:19.84,through:18.8,tt:0.34,num_interact:282,Intrvl:15,num_users:447,errors:0
rt:23.24,through:25.33,tt:0.32,num_interact:392,Intrvl:15,num_users:578,errors:26
rt:27.28,through:27.53,tt:0.35,num_interact:417,Intrvl:15,num_users:556,errors:5
rt:25,through:22.73,tt:0.34,num_interact:343,Intrvl:15,num_users:500,errors:2
rt:25.73,through:24.13,tt:0.38,num_interact:362,Intrvl:15,num_users:503,errors:17
rt:22.15,through:25,tt:0.37,num_interact:375,Intrvl:15,num_users:469,errors:1
rt:23.08,through:24.27,tt:0.37,num_interact:364,Intrvl:15,num_users:487,errors:1
rt:22.2,through:26,tt:0.32,num_interact:392,Intrvl:15,num_users:514,errors:14
rt:26.81,through:28.33,tt:0.35,num_interact:425,Intrvl:15,num_users:494,errors:3
rt:24.15,through:21.4,tt:0.32,num_interact:321,Intrvl:15,num_users:490,errors:0
rt:21.07,through:26,tt:0.38,num_interact:390,Intrvl:15,num_users:638,errors:22
rt:27.34,through:25.47,tt:0.35,num_interact:382,Intrvl:15,num_users:634,errors:8
rt:24.91,through:24.93,tt:0.36,num_interact:374,Intrvl:15,num_users:595,errors:5
rt:24.13,through:26.13,tt:0.36,num_interact:396,Intrvl:15,num_users:524,errors:19
rt:23.07,through:26.8,tt:0.36,num_interact:402,Intrvl:15,num_users:554,errors:7
rt:25.41,through:21.93,tt:0.35,num_interact:329,Intrvl:15,num_users:560,errors:5
rt:27.54,through:25.47,tt:0.36,num_interact:382,Intrvl:15,num_users:624,errors:21
rt:26.61,through:27.2,tt:0.36,num_interact:408,Intrvl:15,num_users:517,errors:5
rt:23.19,through:22.47,tt:0.34,num_interact:337,Intrvl:15,num_users:561,errors:10
rt:24.82,through:27.33,tt:0.37,num_interact:413,Intrvl:15,num_users:596,errors:9
rt:26.26,through:26,tt:0.37,num_interact:390,Intrvl:15,num_users:540,errors:7
rt:25.81,through:22.8,tt:0.34,num_interact:344,Intrvl:15,num_users:606,errors:15
rt:26.15,through:26.2,tt:0.32,num_interact:396,Intrvl:15,num_users:564,errors:12
rt:28.12,through:25,tt:0.37,num_interact:375,Intrvl:15,num_users:561,errors:11
rt:26.62,through:23.33,tt:0.33,num_interact:350,Intrvl:15,num_users:613,errors:13
rt:25.99,through:25.87,tt:0.33,num_interact:388,Intrvl:15,num_users:567,errors:4
rt:26.6,through:24.47,tt:0.36,num_interact:367,Intrvl:15,num_users:596,errors:5
rt:26.14,through:24.27,tt:0.4,num_interact:364,Intrvl:15,num_users:643,errors:17
rt:28.19,through:27.53,tt:0.36,num_interact:413,Intrvl:15,num_users:511,errors:6
rt:22.62,through:22.4,tt:0.38,num_interact:336,Intrvl:15,num_users:598,errors:1
rt:23.39,through:25.93,tt:0.39,num_interact:396,Intrvl:15,num_users:629,errors:11
rt:29.64,through:25.47,tt:0.35,num_interact:394,Intrvl:15,num_users:567,errors:8
rt:25.33,through:22.33,tt:0.35,num_interact:335,Intrvl:15,num_users:526,errors:1
rt:25.8,through:24.33,tt:0.36,num_interact:365,Intrvl:15,num_users:447,errors:27
rt:22.19,through:30.6,tt:0.39,num_interact:459,Intrvl:15,num_users:505,errors:4
rt:25.31,through:20.13,tt:0.35,num_interact:302,Intrvl:15,num_users:542,errors:9
rt:24.69,through:28.07,tt:0.34,num_interact:421,Intrvl:15,num_users:498,errors:19
rt:21.24,through:26.8,tt:0.34,num_interact:402,Intrvl:15,num_users:491,errors:6
rt:23.41,through:22,tt:0.37,num_interact:330,Intrvl:15,num_users:483,errors:18
rt:24.38,through:26.93,tt:0.32,num_interact:404,Intrvl:15,num_users:550,errors:9
rt:25.76,through:26.53,tt:0.34,num_interact:398,Intrvl:15,num_users:522,errors:5
rt:26.86,through:21.6,tt:0.33,num_interact:324,Intrvl:15,num_users:522,errors:4
rt:24.92,through:27.53,tt:0.39,num_interact:413,Intrvl:15,num_users:570,errors:21
rt:25.28,through:24,tt:0.33,num_interact:360,Intrvl:15,num_users:458,errors:7
rt:22.16,through:21.6,tt:0.37,num_interact:324,Intrvl:15,num_users:539,errors:6
rt:23.61,through:28.47,tt:0.35,num_interact:427,Intrvl:15,num_users:533,errors:15
rt:21.75,through:24.67,tt:0.34,num_interact:370,Intrvl:15,num_users:510,errors:5
rt:23.08,through:23,tt:0.38,num_interact:345,Intrvl:15,num_users:529,errors:8
rt:25.17,through:26.93,tt:0.34,num_interact:404,Intrvl:15,num_users:543,errors:12
rt:26.24,through:26,tt:0.33,num_interact:390,Intrvl:15,num_users:512,errors:5
rt:24.57,through:21.87,tt:0.36,num_interact:328,Intrvl:15,num_users:468,errors:6
rt:21.56,through:30.33,tt:0.34,num_interact:455,Intrvl:15,num_users:486,errors:11
rt:22.68,through:25.47,tt:0.38,num_interact:382,Intrvl:15,num_users:519,errors:7
rt:25.39,through:22.4,tt:0.32,num_interact:336,Intrvl:15,num_users:525,errors:14
rt:23.68,through:30.07,tt:0.36,num_interact:451,Intrvl:15,num_users:507,errors:11
rt:22.31,through:21.73,tt:0.34,num_interact:326,Intrvl:15,num_users:511,errors:4
rt:23.68,through:25.13,tt:0.39,num_interact:385,Intrvl:15,num_users:528,errors:14
rt:23.84,through:28.2,tt:0.35,num_interact:426,Intrvl:15,num_users:521,errors:8
rt:24.3,through:26.27,tt:0.38,num_interact:394,Intrvl:15,num_users:617,errors:10
rt:27.36,through:19.6,tt:0.4,num_interact:297,Intrvl:15,num_users:505,errors:10
rt:26.99,through:25.4,tt:0.36,num_interact:416,Intrvl:15,num_users:617,errors:17
rt:25.45,through:24.93,tt:0.35,num_interact:374,Intrvl:15,num_users:525,errors:1
rt:24.4,through:24.33,tt:0.35,num_interact:365,Intrvl:15,num_users:563,errors:14
rt:26.53,through:28.73,tt:0.38,num_interact:431,Intrvl:15,num_users:622,errors:6
rt:24.56,through:24.67,tt:0.33,num_interact:370,Intrvl:15,num_users:608,errors:0
rt:26.37,through:25.07,tt:0.32,num_interact:376,Intrvl:15,num_users:585,errors:27
rt:26.83,through:27,tt:0.36,num_interact:405,Intrvl:15,num_users:525,errors:7
rt:22.76,through:22.73,tt:0.39,num_interact:341,Intrvl:15,num_users:554,errors:9
rt:26.33,through:27.13,tt:0.37,num_interact:431,Intrvl:15,num_users:616,errors:18
rt:26,through:24.87,tt:0.33,num_interact:373,Intrvl:15,num_users:556,errors:2
rt:24.73,through:23.6,tt:0.33,num_interact:354,Intrvl:15,num_users:517,errors:23
rt:24.41,through:27.07,tt:0.35,num_interact:406,Intrvl:15,num_users:501,errors:5
rt:22.06,through:23.8,tt:0.35,num_interact:357,Intrvl:15,num_users:547,errors:5
rt:25.44,through:25.47,tt:0.33,num_interact:384,Intrvl:15,num_users:543,errors:21
rt:26.02,through:28.27,tt:0.34,num_interact:449,Intrvl:15,num_users:524,errors:10
rt:26.99,through:23.47,tt:0.39,num_interact:352,Intrvl:15,num_users:622,errors:5
rt:26,through:24,tt:0.36,num_interact:360,Intrvl:15,num_users:613,errors:16
rt:26.12,through:27.27,tt:0.34,num_interact:409,Intrvl:15,num_users:458,errors:10
rt:23.38,through:20.27,tt:0.36,num_interact:304,Intrvl:15,num_users:552,errors:1
rt:26.03,through:24,tt:0.35,num_interact:360,Intrvl:15,num_users:641,errors:10
rt:30.99,through:52.4,tt:0.36,num_interact:786,Intrvl:15,num_users:671,errors:10
rt:29.54,through:26.8,tt:0.37,num_interact:402,Intrvl:15,num_users:648,errors:14
rt:28.59,through:27.53,tt:0.36,num_interact:413,Intrvl:15,num_users:633,errors:3
rt:24.83,through:26.2,tt:0.34,num_interact:393,Intrvl:15,num_users:606,errors:11
rt:26.82,through:23.67,tt:0.38,num_interact:380,Intrvl:15,num_users:650,errors:21
rt:29.37,through:26.13,tt:0.34,num_interact:392,Intrvl:15,num_users:608,errors:8
rt:27,through:25.67,tt:0.39,num_interact:386,Intrvl:15,num_users:575,errors:21
rt:26.57,through:27,tt:0.35,num_interact:405,Intrvl:15,num_users:573,errors:6
rt:24.31,through:22.67,tt:0.31,num_interact:340,Intrvl:15,num_users:532,errors:2
rt:26.34,through:23.87,tt:0.34,num_interact:358,Intrvl:15,num_users:617,errors:21
rt:28.76,through:38.8,tt:0.36,num_interact:582,Intrvl:15,num_users:680,errors:2
rt:31.3,through:24.87,tt:0.35,num_interact:373,Intrvl:15,num_users:567,errors:13
rt:28.8,through:55.67,tt:0.37,num_interact:835,Intrvl:15,num_users:664,errors:9
rt:30.76,through:23.53,tt:0.36,num_interact:353,Intrvl:15,num_users:622,errors:16
rt:27.83,through:25.07,tt:0.35,num_interact:376,Intrvl:15,num_users:651,errors:3
rt:28.41,through:26.67,tt:0.35,num_interact:400,Intrvl:15,num_users:655,errors:37
rt:25.31,through:27.13,tt:0.35,num_interact:407,Intrvl:15,num_users:678,errors:8
rt:35.67,through:24.4,tt:0.36,num_interact:379,Intrvl:15,num_users:693,errors:8
rt:32.46,through:23.33,tt:0.33,num_interact:350,Intrvl:15,num_users:675,errors:11
rt:31.8,through:26.73,tt:0.36,num_interact:410,Intrvl:15,num_users:553,errors:2
rt:22.77,through:27,tt:0.34,num_interact:408,Intrvl:15,num_users:535,errors:10
rt:23.39,through:26.87,tt:0.35,num_interact:403,Intrvl:15,num_users:535,errors:1
rt:24.23,through:25.13,tt:0.31,num_interact:377,Intrvl:15,num_users:545,errors:0
rt:24.68,through:21.4,tt:0.36,num_interact:321,Intrvl:15,num_users:757,errors:16
rt:31.31,through:22.6,tt:0.34,num_interact:339,Intrvl:15,num_users:581,errors:11
rt:27.19,through:24.87,tt:0.35,num_interact:373,Intrvl:15,num_users:566,errors:0
rt:23.68,through:25.67,tt:0.34,num_interact:385,Intrvl:15,num_users:490,errors:21
rt:22.23,through:24.07,tt:0.39,num_interact:361,Intrvl:15,num_users:616,errors:2
rt:25.83,through:21.53,tt:0.36,num_interact:323,Intrvl:15,num_users:549,errors:4
rt:26.52,through:26.13,tt:0.37,num_interact:392,Intrvl:15,num_users:556,errors:23
rt:25.07,through:28.67,tt:0.37,num_interact:434,Intrvl:15,num_users:559,errors:3
rt:24.28,through:24.33,tt:0.33,num_interact:365,Intrvl:15,num_users:522,errors:11
rt:23.04,through:29.6,tt:0.35,num_interact:444,Intrvl:15,num_users:542,errors:7
rt:25.55,through:24.93,tt:0.33,num_interact:374,Intrvl:15,num_users:567,errors:11
rt:25.05,through:23.8,tt:0.39,num_interact:357,Intrvl:15,num_users:601,errors:17
rt:29.16,through:25.53,tt:0.35,num_interact:385,Intrvl:15,num_users:543,errors:7
rt:27.55,through:23.8,tt:0.33,num_interact:357,Intrvl:15,num_users:529,errors:2
rt:24.56,through:25.6,tt:0.37,num_interact:384,Intrvl:15,num_users:567,errors:22
rt:27.34,through:26.93,tt:0.35,num_interact:404,Intrvl:15,num_users:528,errors:3
rt:26.38,through:22.8,tt:0.34,num_interact:342,Intrvl:15,num_users:619,errors:4
rt:26.06,through:25.53,tt:0.33,num_interact:391,Intrvl:15,num_users:592,errors:24
rt:26.32,through:27.33,tt:0.34,num_interact:410,Intrvl:15,num_users:542,errors:7
rt:23.25,through:22.27,tt:0.36,num_interact:334,Intrvl:15,num_users:564,errors:0
rt:23.64,through:26.87,tt:0.34,num_interact:404,Intrvl:15,num_users:550,errors:17
rt:24.76,through:26.33,tt:0.36,num_interact:395,Intrvl:15,num_users:543,errors:4
rt:26.9,through:23.2,tt:0.34,num_interact:348,Intrvl:15,num_users:585,errors:7
rt:27.15,through:25.2,tt:0.35,num_interact:378,Intrvl:15,num_users:536,errors:20
rt:26.64,through:27.87,tt:0.35,num_interact:418,Intrvl:15,num_users:581,errors:8
rt:26.97,through:23.4,tt:0.34,num_interact:351,Intrvl:15,num_users:658,errors:6
rt:27.68,through:25.2,tt:0.35,num_interact:378,Intrvl:15,num_users:637,errors:15
rt:30.05,through:33.73,tt:0.38,num_interact:510,Intrvl:15,num_users:648,errors:7
rt:28.68,through:23.8,tt:0.36,num_interact:357,Intrvl:15,num_users:647,errors:16
rt:31.16,through:24.73,tt:0.34,num_interact:371,Intrvl:15,num_users:602,errors:10
rt:25.66,through:27.27,tt:0.36,num_interact:409,Intrvl:15,num_users:577,errors:1
rt:23.99,through:26.87,tt:0.37,num_interact:403,Intrvl:15,num_users:651,errors:12
rt:27.41,through:25.67,tt:0.35,num_interact:385,Intrvl:15,num_users:595,errors:6
rt:26.84,through:22.2,tt:0.38,num_interact:333,Intrvl:15,num_users:727,errors:0
rt:24.9,through:25.87,tt:0.35,num_interact:389,Intrvl:15,num_users:526,errors:32
rt:24.38,through:25.13,tt:0.41,num_interact:377,Intrvl:15,num_users:574,errors:2
rt:23.91,through:25.07,tt:0.37,num_interact:376,Intrvl:15,num_users:574,errors:17
rt:26.61,through:26.8,tt:0.34,num_interact:414,Intrvl:15,num_users:582,errors:12
rt:27.69,through:26,tt:0.34,num_interact:390,Intrvl:15,num_users:636,errors:5
rt:28.84,through:24.67,tt:0.33,num_interact:370,Intrvl:15,num_users:570,errors:12
rt:24.58,through:25.2,tt:0.35,num_interact:378,Intrvl:15,num_users:514,errors:3
rt:25.54,through:23.47,tt:0.35,num_interact:352,Intrvl:15,num_users:510,errors:1
rt:25.67,through:23.87,tt:0.35,num_interact:358,Intrvl:15,num_users:626,errors:10
rt:27.61,through:24.73,tt:0.33,num_interact:371,Intrvl:15,num_users:619,errors:6
rt:26.86,through:25.87,tt:0.36,num_interact:388,Intrvl:15,num_users:615,errors:3
rt:28.76,through:25.87,tt:0.35,num_interact:388,Intrvl:15,num_users:570,errors:17
rt:23.14,through:28.47,tt:0.34,num_interact:427,Intrvl:15,num_users:584,errors:3
rt:34.84,through:24.2,tt:0.35,num_interact:363,Intrvl:15,num_users:589,errors:19
rt:29.02,through:24.47,tt:0.38,num_interact:367,Intrvl:15,num_users:613,errors:11
rt:29.11,through:26.07,tt:0.34,num_interact:416,Intrvl:15,num_users:630,errors:3
rt:26.66,through:24.8,tt:0.39,num_interact:372,Intrvl:15,num_users:596,errors:18
rt:27.45,through:25.6,tt:0.38,num_interact:384,Intrvl:15,num_users:601,errors:6
rt:23.95,through:26.87,tt:0.37,num_interact:403,Intrvl:15,num_users:542,errors:3
rt:23.03,through:24.27,tt:0.37,num_interact:364,Intrvl:15,num_users:629,errors:24
rt:30.07,through:26,tt:0.34,num_interact:390,Intrvl:15,num_users:598,errors:4
rt:25.95,through:23.53,tt:0.37,num_interact:353,Intrvl:15,num_users:652,errors:21
rt:28.82,through:24.47,tt:0.38,num_interact:367,Intrvl:15,num_users:584,errors:11
rt:25.52,through:29.73,tt:0.36,num_interact:446,Intrvl:15,num_users:615,errors:2
rt:27.1,through:25.47,tt:0.34,num_interact:389,Intrvl:15,num_users:624,errors:21
rt:28.67,through:25.4,tt:0.35,num_interact:381,Intrvl:15,num_users:550,errors:9
rt:23.63,through:25.53,tt:0.38,num_interact:383,Intrvl:15,num_users:613,errors:2
rt:26.54,through:27,tt:0.35,num_interact:405,Intrvl:15,num_users:561,errors:13
rt:27.15,through:22.8,tt:0.36,num_interact:342,Intrvl:15,num_users:701,errors:4
rt:27.2,through:26.53,tt:0.36,num_interact:408,Intrvl:15,num_users:634,errors:14
rt:36.33,through:27.53,tt:0.36,num_interact:413,Intrvl:15,num_users:697,errors:8
rt:30.72,through:40.27,tt:0.36,num_interact:604,Intrvl:15,num_users:724,errors:9
rt:31.87,through:26.33,tt:0.35,num_interact:395,Intrvl:15,num_users:641,errors:18
rt:30.25,through:35.2,tt:0.36,num_interact:530,Intrvl:15,num_users:686,errors:5
rt:29.54,through:23.07,tt:0.37,num_interact:356,Intrvl:15,num_users:603,errors:23
rt:31.72,through:31.6,tt:0.36,num_interact:474,Intrvl:15,num_users:623,errors:3
rt:27.02,through:26.67,tt:0.35,num_interact:428,Intrvl:15,num_users:658,errors:16
rt:32.59,through:24.27,tt:0.34,num_interact:435,Intrvl:15,num_users:710,errors:3
rt:34.68,through:25.67,tt:0.35,num_interact:385,Intrvl:15,num_users:643,errors:11
rt:32.71,through:43.47,tt:0.37,num_interact:652,Intrvl:15,num_users:710,errors:7
rt:31.86,through:24,tt:0.34,num_interact:360,Intrvl:15,num_users:739,errors:10
rt:31.49,through:9.07,tt:0.35,num_interact:136,Intrvl:15,num_users:708,errors:2
rt:103.48,through:0.27,tt:0.34,num_interact:211,Intrvl:15,num_users:658,errors:13
rt:124.7,through:26.87,tt:0.36,num_interact:403,Intrvl:15,num_users:658,errors:0
rt:31.99,through:15.93,tt:0.33,num_interact:239,Intrvl:15,num_users:627,errors:0
rt:24.1,through:0.27,tt:0.36,num_interact:4,Intrvl:15,num_users:706,errors:0
rt:53.48,through:0.07,tt:0.41,num_interact:1,Intrvl:15,num_users:696,errors:0
rt:78.03,through:0.47,tt:0.34,num_interact:7,Intrvl:15,num_users:661,errors:0
rt:111.61,through:9.87,tt:0.33,num_interact:148,Intrvl:15,num_users:678,errors:0
rt:138.76,through:22.4,tt:0.34,num_interact:336,Intrvl:15,num_users:655,errors:0
rt:80.9,through:22.47,tt:0.37,num_interact:337,Intrvl:15,num_users:686,errors:0
rt:198.04,through:7.07,tt:0.36,num_interact:290,Intrvl:15,num_users:651,errors:1
rt:921.34,through:26.4,tt:0.37,num_interact:396,Intrvl:15,num_users:715,errors:1
rt:1141.09,through:0.4,tt:0.44,num_interact:6,Intrvl:15,num_users:725,errors:0
rt:1076.95,through:0.6,tt:0.24,num_interact:9,Intrvl:15,num_users:720,errors:4
rt:1132.51,through:0.33,tt:0.32,num_interact:5,Intrvl:15,num_users:643,errors:0
rt:?,through:0,tt:0.37,num_interact:46,Intrvl:15,num_users:633,errors:6
rt:954.32,through:2.47,tt:0.33,num_interact:37,Intrvl:15,num_users:608,errors:9
rt:828.9,through:0.87,tt:0.25,num_interact:13,Intrvl:15,num_users:648,errors:3
rt:400.7,through:157.8,tt:0.36,num_interact:2367,Intrvl:15,num_users:672,errors:162
rt:689.94,through:1.4,tt:0.31,num_interact:21,Intrvl:15,num_users:638,errors:0
rt:230.2,through:51.8,tt:0.35,num_interact:777,Intrvl:15,num_users:665,errors:10
rt:367.08,through:6.53,tt:0.34,num_interact:98,Intrvl:15,num_users:662,errors:0
rt:660.21,through:6.4,tt:0.3,num_interact:96,Intrvl:15,num_users:686,errors:0
rt:582.33,through:6.33,tt:0.36,num_interact:95,Intrvl:15,num_users:778,errors:0
rt:404.2,through:6.2,tt:0.3,num_interact:93,Intrvl:15,num_users:749,errors:86
rt:175.52,through:5.33,tt:0.42,num_interact:80,Intrvl:15,num_users:697,errors:8
rt:66.93,through:3.27,tt:0.34,num_interact:49,Intrvl:15,num_users:643,errors:3
rt:65.68,through:2.73,tt:0.37,num_interact:41,Intrvl:15,num_users:662,errors:1
rt:199.19,through:4.47,tt:0.3,num_interact:67,Intrvl:15,num_users:666,errors:59
rt:363.9,through:3.2,tt:0.32,num_interact:48,Intrvl:15,num_users:657,errors:11
rt:71.98,through:2.4,tt:0.37,num_interact:36,Intrvl:15,num_users:577,errors:41
rt:324.39,through:3.6,tt:0.31,num_interact:54,Intrvl:15,num_users:666,errors:44
rt:137.03,through:3.8,tt:0.35,num_interact:57,Intrvl:15,num_users:697,errors:71
rt:107.53,through:3.2,tt:0.46,num_interact:48,Intrvl:15,num_users:804,errors:28
rt:418.66,through:3.4,tt:0.32,num_interact:51,Intrvl:15,num_users:725,errors:49
rt:262.02,through:3.27,tt:0.29,num_interact:49,Intrvl:15,num_users:605,errors:53
rt:184.22,through:2.13,tt:0.38,num_interact:32,Intrvl:15,num_users:595,errors:39
rt:119.45,through:3.2,tt:0.32,num_interact:48,Intrvl:15,num_users:596,errors:33
rt:181.06,through:3.4,tt:0.34,num_interact:51,Intrvl:15,num_users:595,errors:42
rt:261.41,through:3.93,tt:0.34,num_interact:59,Intrvl:15,num_users:634,errors:33
rt:199.11,through:3.87,tt:0.33,num_interact:58,Intrvl:15,num_users:644,errors:44
rt:164.7,through:2.8,tt:0.4,num_interact:42,Intrvl:15,num_users:545,errors:48
rt:77.91,through:2.8,tt:0.41,num_interact:42,Intrvl:15,num_users:560,errors:65
rt:108.88,through:2,tt:0.38,num_interact:30,Intrvl:15,num_users:533,errors:205
rt:163.66,through:3.2,tt:0.38,num_interact:48,Intrvl:15,num_users:585,errors:104
rt:201.09,through:3.4,tt:0.34,num_interact:51,Intrvl:15,num_users:623,errors:768
rt:59.79,through:2.93,tt:0.49,num_interact:44,Intrvl:15,num_users:645,errors:44
rt:115.61,through:3.4,tt:0.36,num_interact:51,Intrvl:15,num_users:602,errors:277
rt:120.02,through:3.27,tt:0.35,num_interact:49,Intrvl:15,num_users:567,errors:58
rt:136.73,through:3,tt:0.44,num_interact:45,Intrvl:15,num_users:713,errors:233
rt:67.9,through:3.2,tt:0.37,num_interact:48,Intrvl:15,num_users:727,errors:153
rt:90.67,through:3.13,tt:0.46,num_interact:47,Intrvl:15,num_users:679,errors:140
rt:121.07,through:2,tt:0.36,num_interact:30,Intrvl:15,num_users:596,errors:449
rt:148.26,through:3.4,tt:0.39,num_interact:51,Intrvl:15,num_users:601,errors:26
rt:138.93,through:4.27,tt:0.29,num_interact:64,Intrvl:15,num_users:606,errors:505
rt:257.75,through:3.07,tt:0.41,num_interact:46,Intrvl:15,num_users:644,errors:10
rt:109.95,through:3.07,tt:0.31,num_interact:46,Intrvl:15,num_users:671,errors:453
rt:122.8,through:3.13,tt:0.41,num_interact:47,Intrvl:15,num_users:634,errors:184
rt:132.49,through:3.27,tt:0.34,num_interact:49,Intrvl:15,num_users:588,errors:491
rt:152.44,through:1.6,tt:0.46,num_interact:24,Intrvl:15,num_users:664,errors:304
rt:135.42,through:3.67,tt:0.27,num_interact:55,Intrvl:15,num_users:689,errors:87
rt:152.11,through:3.13,tt:0.36,num_interact:47,Intrvl:15,num_users:662,errors:611
rt:131.01,through:3,tt:0.35,num_interact:45,Intrvl:15,num_users:613,errors:7
rt:135.23,through:3.33,tt:0.4,num_interact:50,Intrvl:15,num_users:606,errors:533
rt:132.16,through:3.4,tt:0.32,num_interact:51,Intrvl:15,num_users:634,errors:17
rt:157.99,through:3.27,tt:0.36,num_interact:49,Intrvl:15,num_users:601,errors:235
rt:123.87,through:12.8,tt:0.35,num_interact:193,Intrvl:15,num_users:661,errors:21
rt:65.75,through:16.33,tt:0.37,num_interact:245,Intrvl:15,num_users:638,errors:81
rt:52.17,through:16.27,tt:0.37,num_interact:244,Intrvl:15,num_users:686,errors:40
rt:53.44,through:12,tt:0.32,num_interact:180,Intrvl:15,num_users:575,errors:2
rt:39.72,through:13.87,tt:0.36,num_interact:208,Intrvl:15,num_users:577,errors:39
rt:31.46,through:15.67,tt:0.34,num_interact:235,Intrvl:15,num_users:599,errors:76
rt:33.5,through:13.87,tt:0.38,num_interact:208,Intrvl:15,num_users:617,errors:40
rt:44.87,through:14.93,tt:0.38,num_interact:224,Intrvl:15,num_users:662,errors:0
rt:20.63,through:17.73,tt:0.37,num_interact:266,Intrvl:15,num_users:690,errors:72
rt:28.55,through:13.6,tt:0.34,num_interact:204,Intrvl:15,num_users:640,errors:78
rt:43.88,through:14.07,tt:0.36,num_interact:211,Intrvl:15,num_users:627,errors:19
rt:32.45,through:15,tt:0.34,num_interact:225,Intrvl:15,num_users:603,errors:14
rt:19.78,through:15.8,tt:0.37,num_interact:237,Intrvl:15,num_users:601,errors:49
rt:28.37,through:13.6,tt:0.38,num_interact:204,Intrvl:15,num_users:675,errors:66
rt:34.94,through:16,tt:0.42,num_interact:240,Intrvl:15,num_users:661,errors:1
rt:26.15,through:13.8,tt:0.35,num_interact:207,Intrvl:15,num_users:566,errors:47
rt:28.75,through:12.4,tt:0.36,num_interact:186,Intrvl:15,num_users:603,errors:72
rt:33.79,through:15.47,tt:0.37,num_interact:232,Intrvl:15,num_users:714,errors:23
rt:28.17,through:18.47,tt:0.4,num_interact:277,Intrvl:15,num_users:700,errors:43
rt:30.41,through:10.87,tt:0.37,num_interact:163,Intrvl:15,num_users:662,errors:71
rt:42.3,through:11.87,tt:0.34,num_interact:178,Intrvl:15,num_users:560,errors:26
rt:32.22,through:14.67,tt:0.38,num_interact:220,Intrvl:15,num_users:666,errors:19
rt:23.76,through:18.33,tt:0.37,num_interact:275,Intrvl:15,num_users:703,errors:65
rt:28.59,through:12.67,tt:0.3,num_interact:190,Intrvl:15,num_users:676,errors:33
rt:42.57,through:14.93,tt:0.36,num_interact:224,Intrvl:15,num_users:640,errors:2
rt:24.74,through:16.73,tt:0.38,num_interact:251,Intrvl:15,num_users:662,errors:44
rt:24.19,through:17.13,tt:0.38,num_interact:257,Intrvl:15,num_users:693,errors:80
rt:35.79,through:12.47,tt:0.34,num_interact:187,Intrvl:15,num_users:647,errors:39
rt:38.35,through:15.33,tt:0.38,num_interact:230,Intrvl:15,num_users:661,errors:10
rt:23.42,through:18,tt:0.35,num_interact:270,Intrvl:15,num_users:643,errors:54
rt:24.25,through:11.93,tt:0.32,num_interact:179,Intrvl:15,num_users:707,errors:90
rt:39.82,through:14.53,tt:0.37,num_interact:218,Intrvl:15,num_users:678,errors:22
rt:41.64,through:14.2,tt:0.34,num_interact:215,Intrvl:15,num_users:762,errors:19
rt:30.32,through:17.07,tt:0.34,num_interact:256,Intrvl:15,num_users:717,errors:90
rt:41.29,through:12.2,tt:0.37,num_interact:183,Intrvl:15,num_users:722,errors:44
rt:48.24,through:13.53,tt:0.37,num_interact:203,Intrvl:15,num_users:651,errors:4
rt:26.7,through:17.93,tt:0.35,num_interact:269,Intrvl:15,num_users:648,errors:37
rt:21.77,through:13.33,tt:0.35,num_interact:200,Intrvl:15,num_users:689,errors:74
rt:38.78,through:11.87,tt:0.34,num_interact:178,Intrvl:15,num_users:606,errors:35
rt:37.19,through:16.6,tt:0.36,num_interact:249,Intrvl:15,num_users:701,errors:19
rt:23.75,through:14.27,tt:0.39,num_interact:214,Intrvl:15,num_users:767,errors:90
rt:40.59,through:8.4,tt:0.32,num_interact:126,Intrvl:15,num_users:550,errors:36
rt:52.13,through:12.2,tt:0.35,num_interact:183,Intrvl:15,num_users:640,errors:9
rt:27.34,through:15.93,tt:0.39,num_interact:239,Intrvl:15,num_users:599,errors:39
rt:21.96,through:15.73,tt:0.35,num_interact:236,Intrvl:15,num_users:738,errors:55
rt:33.99,through:10.87,tt:0.43,num_interact:166,Intrvl:15,num_users:602,errors:4
rt:28.3,through:12.33,tt:0.39,num_interact:185,Intrvl:15,num_users:626,errors:36
rt:33.63,through:11.87,tt:0.42,num_interact:178,Intrvl:15,num_users:658,errors:77
rt:38.34,through:10.87,tt:0.33,num_interact:163,Intrvl:15,num_users:515,errors:37
rt:30.97,through:12.87,tt:0.34,num_interact:193,Intrvl:15,num_users:570,errors:17
rt:25.89,through:14.87,tt:0.34,num_interact:223,Intrvl:15,num_users:615,errors:8
rt:24.86,through:11.4,tt:0.39,num_interact:171,Intrvl:15,num_users:686,errors:55
rt:42.62,through:8.67,tt:0.37,num_interact:130,Intrvl:15,num_users:532,errors:60
rt:46.65,through:12.93,tt:0.35,num_interact:194,Intrvl:15,num_users:669,errors:14
rt:26.54,through:17.07,tt:0.37,num_interact:256,Intrvl:15,num_users:682,errors:44
rt:25.09,through:14.07,tt:0.36,num_interact:211,Intrvl:15,num_users:655,errors:54
rt:34.73,through:13.4,tt:0.32,num_interact:201,Intrvl:15,num_users:666,errors:51
rt:41.36,through:16.13,tt:0.35,num_interact:242,Intrvl:15,num_users:696,errors:7
rt:27.92,through:14.73,tt:0.36,num_interact:221,Intrvl:15,num_users:592,errors:68
rt:33.12,through:12.33,tt:0.32,num_interact:185,Intrvl:15,num_users:580,errors:46
rt:37.88,through:15.33,tt:0.33,num_interact:230,Intrvl:15,num_users:606,errors:9
rt:21.87,through:17.47,tt:0.38,num_interact:262,Intrvl:15,num_users:651,errors:51
rt:27.43,through:18.73,tt:0.36,num_interact:281,Intrvl:15,num_users:644,errors:77
rt:24.84,through:23,tt:0.38,num_interact:345,Intrvl:15,num_users:671,errors:22
rt:22.05,through:17.73,tt:0.32,num_interact:266,Intrvl:15,num_users:657,errors:16
rt:21.27,through:18.2,tt:0.36,num_interact:273,Intrvl:15,num_users:633,errors:44
rt:25.1,through:20.53,tt:0.36,num_interact:308,Intrvl:15,num_users:633,errors:86
rt:28.09,through:17.8,tt:0.33,num_interact:267,Intrvl:15,num_users:561,errors:30
rt:20.17,through:21.33,tt:0.34,num_interact:320,Intrvl:15,num_users:591,errors:23
rt:16.27,through:20.07,tt:0.35,num_interact:302,Intrvl:15,num_users:598,errors:35
rt:20.92,through:19.87,tt:0.34,num_interact:298,Intrvl:15,num_users:584,errors:68
rt:26.57,through:20,tt:0.34,num_interact:300,Intrvl:15,num_users:566,errors:46
rt:18.35,through:19.13,tt:0.37,num_interact:287,Intrvl:15,num_users:532,errors:35
rt:19.45,through:19.67,tt:0.37,num_interact:295,Intrvl:15,num_users:584,errors:47
rt:21.13,through:17.73,tt:0.33,num_interact:266,Intrvl:15,num_users:491,errors:52
rt:18.91,through:20.13,tt:0.36,num_interact:302,Intrvl:15,num_users:591,errors:16
rt:14.4,through:17.07,tt:0.34,num_interact:256,Intrvl:15,num_users:525,errors:43
rt:20.09,through:17.87,tt:0.31,num_interact:268,Intrvl:15,num_users:496,errors:42
rt:21.53,through:20.53,tt:0.35,num_interact:308,Intrvl:15,num_users:563,errors:62
rt:20.62,through:19.4,tt:0.37,num_interact:291,Intrvl:15,num_users:511,errors:30
rt:13.56,through:21.27,tt:0.39,num_interact:319,Intrvl:15,num_users:587,errors:30
rt:20.05,through:18.67,tt:0.37,num_interact:280,Intrvl:15,num_users:609,errors:43
rt:23.33,through:19.67,tt:0.35,num_interact:295,Intrvl:15,num_users:575,errors:57
rt:22.06,through:20.53,tt:0.37,num_interact:308,Intrvl:15,num_users:584,errors:64
rt:21.13,through:21.2,tt:0.35,num_interact:318,Intrvl:15,num_users:655,errors:16
rt:17.19,through:15.6,tt:0.37,num_interact:234,Intrvl:15,num_users:531,errors:25
rt:18.78,through:20.4,tt:0.35,num_interact:306,Intrvl:15,num_users:518,errors:61
rt:23.09,through:20.13,tt:0.33,num_interact:302,Intrvl:15,num_users:546,errors:47
rt:19.94,through:19.33,tt:0.36,num_interact:290,Intrvl:15,num_users:504,errors:11
rt:12.18,through:18.13,tt:0.35,num_interact:272,Intrvl:15,num_users:455,errors:37
rt:16.27,through:20.4,tt:0.39,num_interact:309,Intrvl:15,num_users:594,errors:49
rt:25.28,through:16.47,tt:0.35,num_interact:247,Intrvl:15,num_users:479,errors:48
rt:19.9,through:20.67,tt:0.37,num_interact:310,Intrvl:15,num_users:549,errors:46
rt:19.2,through:17.93,tt:0.35,num_interact:269,Intrvl:15,num_users:508,errors:27
rt:18.07,through:19.33,tt:0.32,num_interact:290,Intrvl:15,num_users:528,errors:40
rt:17.7,through:21.47,tt:0.33,num_interact:322,Intrvl:15,num_users:657,errors:51
rt:18.58,through:21.33,tt:0.33,num_interact:320,Intrvl:15,num_users:652,errors:23
rt:16.87,through:20,tt:0.39,num_interact:302,Intrvl:15,num_users:647,errors:40
rt:25.2,through:15.6,tt:0.36,num_interact:234,Intrvl:15,num_users:594,errors:50
rt:27.84,through:17.93,tt:0.37,num_interact:269,Intrvl:15,num_users:491,errors:50
rt:19.87,through:20.2,tt:0.37,num_interact:303,Intrvl:15,num_users:556,errors:39
rt:19.47,through:16.53,tt:0.34,num_interact:248,Intrvl:15,num_users:594,errors:7
rt:24.23,through:15.4,tt:0.35,num_interact:231,Intrvl:15,num_users:578,errors:17
rt:27.26,through:15.13,tt:0.34,num_interact:227,Intrvl:15,num_users:554,errors:34
rt:25.14,through:15.87,tt:0.37,num_interact:238,Intrvl:15,num_users:531,errors:59
rt:18.92,through:26.07,tt:0.36,num_interact:391,Intrvl:15,num_users:598,errors:38
rt:16.49,through:25.07,tt:0.35,num_interact:376,Intrvl:15,num_users:540,errors:47
rt:13.71,through:29.93,tt:0.36,num_interact:449,Intrvl:15,num_users:595,errors:53
rt:13.62,through:26.27,tt:0.35,num_interact:394,Intrvl:15,num_users:591,errors:50
rt:17.83,through:24.73,tt:0.32,num_interact:371,Intrvl:15,num_users:505,errors:43
rt:17.22,through:23.33,tt:0.41,num_interact:350,Intrvl:15,num_users:578,errors:60
rt:18.33,through:27.73,tt:0.34,num_interact:416,Intrvl:15,num_users:536,errors:51
rt:13.48,through:28.87,tt:0.35,num_interact:433,Intrvl:15,num_users:522,errors:49
rt:15.27,through:29,tt:0.35,num_interact:435,Intrvl:15,num_users:493,errors:49
rt:10.44,through:27.67,tt:0.35,num_interact:416,Intrvl:15,num_users:524,errors:14
rt:12.58,through:26.73,tt:0.35,num_interact:401,Intrvl:15,num_users:503,errors:53
rt:14.26,through:29.13,tt:0.35,num_interact:437,Intrvl:15,num_users:560,errors:63
rt:18.2,through:29.4,tt:0.36,num_interact:441,Intrvl:15,num_users:580,errors:67
rt:14.44,through:26.4,tt:0.35,num_interact:396,Intrvl:15,num_users:581,errors:11
rt:11.46,through:28.8,tt:0.33,num_interact:432,Intrvl:15,num_users:528,errors:31
rt:13.8,through:29.27,tt:0.36,num_interact:439,Intrvl:15,num_users:547,errors:66
rt:15.22,through:27,tt:0.35,num_interact:405,Intrvl:15,num_users:484,errors:53
rt:8.75,through:28.67,tt:0.35,num_interact:430,Intrvl:15,num_users:515,errors:12
rt:13.18,through:26.13,tt:0.37,num_interact:392,Intrvl:15,num_users:557,errors:45
rt:14.57,through:29.33,tt:0.34,num_interact:440,Intrvl:15,num_users:536,errors:63
rt:14.39,through:26.8,tt:0.38,num_interact:402,Intrvl:15,num_users:466,errors:51
rt:13.85,through:29.6,tt:0.38,num_interact:444,Intrvl:15,num_users:494,errors:25
rt:9.77,through:26.8,tt:0.36,num_interact:402,Intrvl:15,num_users:501,errors:27
rt:11.74,through:29.93,tt:0.35,num_interact:449,Intrvl:15,num_users:561,errors:48
rt:14.22,through:29.53,tt:0.34,num_interact:446,Intrvl:15,num_users:564,errors:60
rt:17.26,through:28.27,tt:0.36,num_interact:424,Intrvl:15,num_users:540,errors:62
rt:13.34,through:27.27,tt:0.38,num_interact:409,Intrvl:15,num_users:532,errors:19
rt:12.48,through:31.2,tt:0.34,num_interact:468,Intrvl:15,num_users:540,errors:38
rt:12.53,through:28.93,tt:0.35,num_interact:434,Intrvl:15,num_users:512,errors:60
rt:14.19,through:30,tt:0.36,num_interact:450,Intrvl:15,num_users:561,errors:54
rt:12.41,through:26.33,tt:0.35,num_interact:395,Intrvl:15,num_users:589,errors:26
rt:16.31,through:25.87,tt:0.34,num_interact:388,Intrvl:15,num_users:574,errors:40
rt:17.44,through:26.07,tt:0.35,num_interact:391,Intrvl:15,num_users:543,errors:81
rt:17.02,through:29.13,tt:0.33,num_interact:437,Intrvl:15,num_users:494,errors:42
rt:10.91,through:22.6,tt:0.38,num_interact:339,Intrvl:15,num_users:525,errors:8
rt:15.39,through:24.47,tt:0.36,num_interact:367,Intrvl:15,num_users:535,errors:23
rt:15.87,through:16.13,tt:0.37,num_interact:242,Intrvl:15,num_users:578,errors:12
rt:18.48,through:25.8,tt:0.35,num_interact:387,Intrvl:15,num_users:629,errors:64
rt:18.91,through:21.33,tt:0.35,num_interact:320,Intrvl:15,num_users:574,errors:52
rt:18.81,through:23.4,tt:0.34,num_interact:351,Intrvl:15,num_users:469,errors:58
rt:10.61,through:35.87,tt:0.35,num_interact:538,Intrvl:15,num_users:484,errors:35
rt:6.67,through:35.07,tt:0.37,num_interact:526,Intrvl:15,num_users:437,errors:34
rt:9.95,through:34.47,tt:0.36,num_interact:519,Intrvl:15,num_users:430,errors:33
rt:8.5,through:33.87,tt:0.35,num_interact:508,Intrvl:15,num_users:463,errors:50
rt:9.35,through:36.53,tt:0.36,num_interact:549,Intrvl:15,num_users:487,errors:56
rt:9.24,through:36.33,tt:0.37,num_interact:545,Intrvl:15,num_users:452,errors:48
rt:10.23,through:36.27,tt:0.34,num_interact:544,Intrvl:15,num_users:525,errors:59
rt:12.68,through:34.33,tt:0.39,num_interact:515,Intrvl:15,num_users:533,errors:62
rt:8.05,through:36.87,tt:0.34,num_interact:553,Intrvl:15,num_users:500,errors:17
rt:9.36,through:34.13,tt:0.34,num_interact:512,Intrvl:15,num_users:494,errors:32
rt:10.11,through:32.8,tt:0.38,num_interact:492,Intrvl:15,num_users:573,errors:55
rt:15.14,through:34.07,tt:0.33,num_interact:511,Intrvl:15,num_users:536,errors:60
rt:13.56,through:30,tt:0.38,num_interact:538,Intrvl:15,num_users:578,errors:61
rt:11.62,through:33,tt:0.35,num_interact:504,Intrvl:15,num_users:575,errors:24
rt:7.57,through:37.2,tt:0.34,num_interact:558,Intrvl:15,num_users:353,errors:31
rt:7.79,through:38,tt:0.33,num_interact:570,Intrvl:15,num_users:372,errors:36
rt:7.16,through:35.67,tt:0.35,num_interact:538,Intrvl:15,num_users:367,errors:23
rt:6.02,through:38.53,tt:0.36,num_interact:589,Intrvl:15,num_users:371,errors:42
rt:8.81,through:39.27,tt:0.38,num_interact:589,Intrvl:15,num_users:398,errors:58
rt:7.45,through:38.4,tt:0.37,num_interact:576,Intrvl:15,num_users:405,errors:36
rt:4.57,through:36.4,tt:0.35,num_interact:546,Intrvl:15,num_users:335,errors:29
rt:6.47,through:35.93,tt:0.34,num_interact:539,Intrvl:15,num_users:375,errors:32
rt:9.08,through:38,tt:0.35,num_interact:570,Intrvl:15,num_users:371,errors:60
rt:7.87,through:38.33,tt:0.34,num_interact:575,Intrvl:15,num_users:370,errors:51
rt:4.3,through:38.2,tt:0.35,num_interact:573,Intrvl:15,num_users:395,errors:15
rt:7.38,through:36.47,tt:0.32,num_interact:547,Intrvl:15,num_users:370,errors:48
rt:7.69,through:36.8,tt:0.35,num_interact:552,Intrvl:15,num_users:381,errors:62
rt:9.77,through:38.6,tt:0.34,num_interact:579,Intrvl:15,num_users:371,errors:74
rt:6.38,through:35.27,tt:0.37,num_interact:529,Intrvl:15,num_users:363,errors:33
rt:6.26,through:36.13,tt:0.33,num_interact:542,Intrvl:15,num_users:372,errors:29
rt:7.62,through:38.33,tt:0.35,num_interact:575,Intrvl:15,num_users:433,errors:49
rt:10.85,through:38.07,tt:0.36,num_interact:571,Intrvl:15,num_users:400,errors:71
rt:7.94,through:35,tt:0.37,num_interact:525,Intrvl:15,num_users:445,errors:22
rt:7.25,through:34.67,tt:0.35,num_interact:520,Intrvl:15,num_users:382,errors:35
rt:8.15,through:38.8,tt:0.33,num_interact:582,Intrvl:15,num_users:374,errors:55
rt:8.48,through:37.47,tt:0.35,num_interact:562,Intrvl:15,num_users:428,errors:58
rt:6.34,through:34.87,tt:0.35,num_interact:523,Intrvl:15,num_users:385,errors:8
rt:6.59,through:36.47,tt:0.35,num_interact:547,Intrvl:15,num_users:349,errors:43
rt:10.85,through:37.4,tt:0.38,num_interact:569,Intrvl:15,num_users:423,errors:66
rt:8.71,through:36.6,tt:0.33,num_interact:549,Intrvl:15,num_users:409,errors:40
rt:5.39,through:35.8,tt:0.34,num_interact:537,Intrvl:15,num_users:393,errors:5
rt:7.25,through:34.27,tt:0.35,num_interact:514,Intrvl:15,num_users:399,errors:62
rt:11.8,through:36.2,tt:0.37,num_interact:543,Intrvl:15,num_users:406,errors:64
rt:7.03,through:42.47,tt:0.36,num_interact:659,Intrvl:15,num_users:329,errors:44
rt:4.59,through:41.87,tt:0.37,num_interact:630,Intrvl:15,num_users:438,errors:24
rt:7.25,through:38.53,tt:0.32,num_interact:578,Intrvl:15,num_users:431,errors:37
rt:7.26,through:40.93,tt:0.36,num_interact:614,Intrvl:15,num_users:374,errors:34
rt:9.28,through:59.47,tt:0.35,num_interact:893,Intrvl:15,num_users:405,errors:87
rt:7.29,through:39.4,tt:0.36,num_interact:597,Intrvl:15,num_users:365,errors:41
rt:6.11,through:54.07,tt:0.34,num_interact:811,Intrvl:15,num_users:379,errors:54
rt:5.83,through:60.47,tt:0.35,num_interact:912,Intrvl:15,num_users:437,errors:34
rt:6.32,through:71.47,tt:0.35,num_interact:1072,Intrvl:15,num_users:454,errors:100
rt:5.36,through:37,tt:0.35,num_interact:616,Intrvl:15,num_users:510,errors:78
rt:19.33,through:38.53,tt:0.35,num_interact:578,Intrvl:15,num_users:370,errors:19
rt:7.19,through:36.8,tt:0.32,num_interact:552,Intrvl:15,num_users:421,errors:21
rt:5.63,through:39.6,tt:0.33,num_interact:594,Intrvl:15,num_users:384,errors:26
rt:6.07,through:38,tt:0.38,num_interact:570,Intrvl:15,num_users:442,errors:27
rt:11.19,through:38.2,tt:0.33,num_interact:584,Intrvl:15,num_users:438,errors:68
rt:6.48,through:41.47,tt:0.33,num_interact:622,Intrvl:15,num_users:330,errors:46
rt:6.97,through:40.07,tt:0.34,num_interact:601,Intrvl:15,num_users:346,errors:38
Terminating EBs...
EB TPCW Broswing Mix EB #187commiting suicide!
EB TPCW Broswing Mix EB #1693commiting suicide!
EB TPCW Broswing Mix EB #3802commiting suicide!
EB TPCW Broswing Mix EB #268commiting suicide!
EB TPCW Broswing Mix EB #1735commiting suicide!
EB TPCW Broswing Mix EB #232commiting suicide!
EB TPCW Broswing Mix EB #4028commiting suicide!
EB TPCW Broswing Mix EB #16747commiting suicide!
EB TPCW Broswing Mix EB #4010commiting suicide!
EB TPCW Broswing Mix EB #154commiting suicide!
EB TPCW Broswing Mix EB #42commiting suicide!
EB TPCW Broswing Mix EB #4029commiting suicide!
EB TPCW Broswing Mix EB #205commiting suicide!
EB TPCW Broswing Mix EB #149commiting suicide!
EB TPCW Broswing Mix EB #1678commiting suicide!
EB TPCW Broswing Mix EB #255commiting suicide!
EB TPCW Broswing Mix EB #228commiting suicide!
EB TPCW Broswing Mix EB #1662commiting suicide!
EB TPCW Broswing Mix EB #186commiting suicide!
EB TPCW Broswing Mix EB #1732commiting suicide!
EB TPCW Broswing Mix EB #43commiting suicide!
EB TPCW Broswing Mix EB #1681commiting suicide!
EB TPCW Broswing Mix EB #273commiting suicide!
EB TPCW Broswing Mix EB #1689commiting suicide!
EB TPCW Broswing Mix EB #92commiting suicide!
EB TPCW Broswing Mix EB #223commiting suicide!
EB TPCW Broswing Mix EB #263commiting suicide!
EB TPCW Broswing Mix EB #16737commiting suicide!
EB TPCW Broswing Mix EB #3828commiting suicide!
EB TPCW Broswing Mix EB #59commiting suicide!
EB TPCW Broswing Mix EB #216commiting suicide!
EB TPCW Broswing Mix EB #127commiting suicide!
EB TPCW Broswing Mix EB #3563commiting suicide!
EB TPCW Broswing Mix EB #143commiting suicide!
EB TPCW Broswing Mix EB #82commiting suicide!
EB TPCW Broswing Mix EB #3560commiting suicide!
EB TPCW Broswing Mix EB #256commiting suicide!
EB TPCW Broswing Mix EB #1655commiting suicide!
EB TPCW Broswing Mix EB #138commiting suicide!
EB TPCW Broswing Mix EB #17commiting suicide!
EB TPCW Broswing Mix EB #144commiting suicide!
EB TPCW Broswing Mix EB #41commiting suicide!
EB TPCW Broswing Mix EB #85commiting suicide!
EB TPCW Broswing Mix EB #1643commiting suicide!
EB TPCW Broswing Mix EB #7commiting suicide!
EB TPCW Broswing Mix EB #213commiting suicide!
EB TPCW Broswing Mix EB #110commiting suicide!
EB TPCW Broswing Mix EB #16742commiting suicide!
EB TPCW Broswing Mix EB #1675commiting suicide!
EB TPCW Broswing Mix EB #1711commiting suicide!
EB TPCW Broswing Mix EB #3810commiting suicide!
EB TPCW Broswing Mix EB #34commiting suicide!
EB TPCW Broswing Mix EB #4032commiting suicide!
EB TPCW Broswing Mix EB #1695commiting suicide!
EB TPCW Broswing Mix EB #65commiting suicide!
EB TPCW Broswing Mix EB #146commiting suicide!
EB TPCW Broswing Mix EB #239commiting suicide!
EB TPCW Broswing Mix EB #3562commiting suicide!
EB TPCW Broswing Mix EB #4021commiting suicide!
EB TPCW Broswing Mix EB #44commiting suicide!
EB TPCW Broswing Mix EB #174commiting suicide!
EB TPCW Broswing Mix EB #221commiting suicide!
EB TPCW Broswing Mix EB #16741commiting suicide!
EB TPCW Broswing Mix EB #121commiting suicide!
EB TPCW Broswing Mix EB #16734commiting suicide!
EB TPCW Broswing Mix EB #4019commiting suicide!
EB TPCW Broswing Mix EB #1687commiting suicide!
EB TPCW Broswing Mix EB #141commiting suicide!
EB TPCW Broswing Mix EB #40commiting suicide!
EB TPCW Broswing Mix EB #80commiting suicide!
EB TPCW Broswing Mix EB #159commiting suicide!
EB TPCW Broswing Mix EB #270commiting suicide!
EB TPCW Broswing Mix EB #240commiting suicide!
EB TPCW Broswing Mix EB #131commiting suicide!
EB TPCW Broswing Mix EB #37commiting suicide!
EB TPCW Broswing Mix EB #1656commiting suicide!
EB TPCW Broswing Mix EB #54commiting suicide!
EB TPCW Broswing Mix EB #1694commiting suicide!
EB TPCW Broswing Mix EB #28commiting suicide!
EB TPCW Broswing Mix EB #52commiting suicide!
EB TPCW Broswing Mix EB #8commiting suicide!
EB TPCW Broswing Mix EB #16745commiting suicide!
EB TPCW Broswing Mix EB #16735commiting suicide!
EB TPCW Broswing Mix EB #122commiting suicide!
EB TPCW Broswing Mix EB #1701commiting suicide!
EB TPCW Broswing Mix EB #76commiting suicide!
EB TPCW Broswing Mix EB #16740commiting suicide!
EB TPCW Broswing Mix EB #86commiting suicide!
EB TPCW Broswing Mix EB #6commiting suicide!
EB TPCW Broswing Mix EB #67commiting suicide!
EB TPCW Broswing Mix EB #195commiting suicide!
EB TPCW Broswing Mix EB #163commiting suicide!
EB TPCW Broswing Mix EB #4025commiting suicide!
EB TPCW Broswing Mix EB #1704commiting suicide!
EB TPCW Broswing Mix EB #16738commiting suicide!
EB TPCW Broswing Mix EB #261commiting suicide!
EB TPCW Broswing Mix EB #48commiting suicide!
EB TPCW Broswing Mix EB #190commiting suicide!
EB TPCW Broswing Mix EB #88commiting suicide!
EB TPCW Broswing Mix EB #3830commiting suicide!
EB TPCW Broswing Mix EB #253commiting suicide!
EB TPCW Broswing Mix EB #118commiting suicide!
EB TPCW Broswing Mix EB #56commiting suicide!
EB TPCW Broswing Mix EB #50commiting suicide!
EB TPCW Broswing Mix EB #1728commiting suicide!
EB TPCW Broswing Mix EB #139commiting suicide!
EB TPCW Broswing Mix EB #107commiting suicide!
EB TPCW Broswing Mix EB #214commiting suicide!
EB TPCW Broswing Mix EB #1730commiting suicide!
EB TPCW Broswing Mix EB #266commiting suicide!
EB TPCW Broswing Mix EB #164commiting suicide!
EB TPCW Broswing Mix EB #1707commiting suicide!
EB TPCW Broswing Mix EB #119commiting suicide!
EB TPCW Broswing Mix EB #4031commiting suicide!
EB TPCW Broswing Mix EB #1684commiting suicide!
EB TPCW Broswing Mix EB #3553commiting suicide!
EB TPCW Broswing Mix EB #16732commiting suicide!
EB TPCW Broswing Mix EB #47commiting suicide!
EB TPCW Broswing Mix EB #160commiting suicide!
EB TPCW Broswing Mix EB #3564commiting suicide!
EB TPCW Broswing Mix EB #16744commiting suicide!
EB TPCW Broswing Mix EB #1669commiting suicide!
EB TPCW Broswing Mix EB #1734commiting suicide!
EB TPCW Broswing Mix EB #23commiting suicide!
EB TPCW Broswing Mix EB #3803commiting suicide!
EB TPCW Broswing Mix EB #1649commiting suicide!
EB TPCW Broswing Mix EB #132commiting suicide!
EB TPCW Broswing Mix EB #16743commiting suicide!
EB TPCW Broswing Mix EB #16739commiting suicide!
EB TPCW Broswing Mix EB #136commiting suicide!
EB TPCW Broswing Mix EB #87commiting suicide!
EB TPCW Broswing Mix EB #237commiting suicide!
EB TPCW Broswing Mix EB #267commiting suicide!
EB TPCW Broswing Mix EB #4007commiting suicide!
EB TPCW Broswing Mix EB #3095commiting suicide!
EB TPCW Broswing Mix EB #250commiting suicide!
EB TPCW Broswing Mix EB #1722commiting suicide!
EB TPCW Broswing Mix EB #173commiting suicide!
EB TPCW Broswing Mix EB #148commiting suicide!
EB TPCW Broswing Mix EB #1708commiting suicide!
EB TPCW Broswing Mix EB #1664commiting suicide!
EB TPCW Broswing Mix EB #64commiting suicide!
EB TPCW Broswing Mix EB #3823commiting suicide!
EB TPCW Broswing Mix EB #252commiting suicide!
EB TPCW Broswing Mix EB #1710commiting suicide!
EB TPCW Broswing Mix EB #1697commiting suicide!
EB TPCW Broswing Mix EB #129commiting suicide!
EB TPCW Broswing Mix EB #231commiting suicide!
EB TPCW Broswing Mix EB #117commiting suicide!
EB TPCW Broswing Mix EB #3827commiting suicide!
EB TPCW Broswing Mix EB #3809commiting suicide!
EB TPCW Broswing Mix EB #109commiting suicide!
EB TPCW Broswing Mix EB #11commiting suicide!
EB TPCW Broswing Mix EB #207commiting suicide!
EB TPCW Broswing Mix EB #3557commiting suicide!
EB TPCW Broswing Mix EB #264commiting suicide!
EB TPCW Broswing Mix EB #45commiting suicide!
EB TPCW Broswing Mix EB #3805commiting suicide!
EB TPCW Broswing Mix EB #4016commiting suicide!
EB TPCW Broswing Mix EB #3804commiting suicide!
EB TPCW Broswing Mix EB #157commiting suicide!
EB TPCW Broswing Mix EB #72commiting suicide!
EB TPCW Broswing Mix EB #3807commiting suicide!
EB TPCW Broswing Mix EB #4026commiting suicide!
EB TPCW Broswing Mix EB #178commiting suicide!
EB TPCW Broswing Mix EB #247commiting suicide!
EB TPCW Broswing Mix EB #33commiting suicide!
EB TPCW Broswing Mix EB #55commiting suicide!
EB TPCW Broswing Mix EB #3808commiting suicide!
EB TPCW Broswing Mix EB #1692commiting suicide!
EB TPCW Broswing Mix EB #96commiting suicide!
EB TPCW Broswing Mix EB #226commiting suicide!
EB TPCW Broswing Mix EB #38commiting suicide!
EB TPCW Broswing Mix EB #130commiting suicide!
EB TPCW Broswing Mix EB #152commiting suicide!
EB TPCW Broswing Mix EB #133commiting suicide!
EB TPCW Broswing Mix EB #3094commiting suicide!
EB TPCW Broswing Mix EB #1682commiting suicide!
EB TPCW Broswing Mix EB #1706commiting suicide!
EB TPCW Broswing Mix EB #142commiting suicide!
EB TPCW Broswing Mix EB #1683commiting suicide!
EB TPCW Broswing Mix EB #217commiting suicide!
EB TPCW Broswing Mix EB #1709commiting suicide!
EB TPCW Broswing Mix EB #36commiting suicide!
EB TPCW Broswing Mix EB #1705commiting suicide!
EB TPCW Broswing Mix EB #172commiting suicide!
EB TPCW Broswing Mix EB #35commiting suicide!
EB TPCW Broswing Mix EB #3821commiting suicide!
EB TPCW Broswing Mix EB #4012commiting suicide!
EB TPCW Broswing Mix EB #236commiting suicide!
EB TPCW Broswing Mix EB #161commiting suicide!
EB TPCW Broswing Mix EB #1670commiting suicide!
EB TPCW Broswing Mix EB #20commiting suicide!
EB TPCW Broswing Mix EB #181commiting suicide!
EB TPCW Broswing Mix EB #1691commiting suicide!
EB TPCW Broswing Mix EB #202commiting suicide!
EB TPCW Broswing Mix EB #3552commiting suicide!
EB TPCW Broswing Mix EB #219commiting suicide!
EB TPCW Broswing Mix EB #1713commiting suicide!
EB TPCW Broswing Mix EB #189commiting suicide!
EB TPCW Broswing Mix EB #77commiting suicide!
EB TPCW Broswing Mix EB #244commiting suicide!
EB TPCW Broswing Mix EB #4008commiting suicide!
EB TPCW Broswing Mix EB #1712commiting suicide!
EB TPCW Broswing Mix EB #3561commiting suicide!
EB TPCW Broswing Mix EB #95commiting suicide!
EB TPCW Broswing Mix EB #3814commiting suicide!
EB TPCW Broswing Mix EB #272commiting suicide!
EB TPCW Broswing Mix EB #1674commiting suicide!
EB TPCW Broswing Mix EB #4024commiting suicide!
EB TPCW Broswing Mix EB #19commiting suicide!
EB TPCW Broswing Mix EB #4020commiting suicide!
EB TPCW Broswing Mix EB #128commiting suicide!
EB TPCW Broswing Mix EB #71commiting suicide!
EB TPCW Broswing Mix EB #168commiting suicide!
EB TPCW Broswing Mix EB #15commiting suicide!
EB TPCW Broswing Mix EB #271commiting suicide!
EB TPCW Broswing Mix EB #171commiting suicide!
EB TPCW Broswing Mix EB #3801commiting suicide!
EB TPCW Broswing Mix EB #1733commiting suicide!
EB TPCW Broswing Mix EB #3093commiting suicide!
EB TPCW Broswing Mix EB #3824commiting suicide!
EB TPCW Broswing Mix EB #254commiting suicide!
EB TPCW Broswing Mix EB #30commiting suicide!
EB TPCW Broswing Mix EB #1661commiting suicide!
EB TPCW Broswing Mix EB #241commiting suicide!
EB TPCW Broswing Mix EB #3819commiting suicide!
EB TPCW Broswing Mix EB #1652commiting suicide!
EB TPCW Broswing Mix EB #3816commiting suicide!
EB TPCW Broswing Mix EB #103commiting suicide!
EB TPCW Broswing Mix EB #81commiting suicide!
EB TPCW Broswing Mix EB #269commiting suicide!
EB TPCW Broswing Mix EB #1724commiting suicide!
EB TPCW Broswing Mix EB #156commiting suicide!
EB TPCW Broswing Mix EB #201commiting suicide!
EB TPCW Broswing Mix EB #27commiting suicide!
EB TPCW Broswing Mix EB #1715commiting suicide!
EB TPCW Broswing Mix EB #1673commiting suicide!
EB TPCW Broswing Mix EB #62commiting suicide!
EB TPCW Broswing Mix EB #16746commiting suicide!
EB TPCW Broswing Mix EB #1727commiting suicide!
EB TPCW Broswing Mix EB #4014commiting suicide!
EB TPCW Broswing Mix EB #1647commiting suicide!
EB TPCW Broswing Mix EB #209commiting suicide!
EB TPCW Broswing Mix EB #16733commiting suicide!
EB TPCW Broswing Mix EB #1653commiting suicide!
EB TPCW Broswing Mix EB #16736commiting suicide!
EB TPCW Broswing Mix EB #104commiting suicide!
EB TPCW Broswing Mix EB #1663commiting suicide!
EB TPCW Broswing Mix EB #1723commiting suicide!
EB TPCW Broswing Mix EB #1721commiting suicide!
EB TPCW Broswing Mix EB #16338commiting suicide!
EB TPCW Broswing Mix EB #3817commiting suicide!
EB TPCW Broswing Mix EB #242commiting suicide!
EB TPCW Broswing Mix EB #1658commiting suicide!
EB TPCW Broswing Mix EB #3829commiting suicide!
EB TPCW Broswing Mix EB #134commiting suicide!
EB TPCW Broswing Mix EB #3818commiting suicide!
EB TPCW Broswing Mix EB #162commiting suicide!
EB TPCW Broswing Mix EB #194commiting suicide!
EB TPCW Broswing Mix EB #234commiting suicide!
EB TPCW Broswing Mix EB #249commiting suicide!
EBs finished.
Really finishing RBE!.
