Remote Browser Emulator for TPC-W.
  ECE 902  Fall '99
  Version 1.5
System's current path is /root/loadtest
rt:0.07,through:2.47,tt:0.32,num_interact:37,Intrvl:15,num_users:1,errors:0
rt:0.42,through:25.13,tt:0.35,num_interact:377,Intrvl:15,num_users:20,errors:0
rt:2.57,through:24.6,tt:0.35,num_interact:369,Intrvl:15,num_users:80,errors:0
rt:3.71,through:26.53,tt:0.39,num_interact:398,Intrvl:15,num_users:120,errors:0
rt:5.33,through:27.73,tt:0.43,num_interact:416,Intrvl:15,num_users:180,errors:0
rt:7.05,through:27.8,tt:0.35,num_interact:417,Intrvl:15,num_users:240,errors:0
rt:9.15,through:27.53,tt:0.36,num_interact:413,Intrvl:15,num_users:280,errors:0
rt:9.63,through:27.87,tt:0.38,num_interact:418,Intrvl:15,num_users:310,errors:0
rt:11.41,through:27.47,tt:0.36,num_interact:412,Intrvl:15,num_users:340,errors:0
rt:12.18,through:27.8,tt:0.35,num_interact:417,Intrvl:15,num_users:370,errors:0
rt:12.94,through:27.53,tt:0.35,num_interact:413,Intrvl:15,num_users:399,errors:0
rt:14.23,through:27.8,tt:0.34,num_interact:417,Intrvl:15,num_users:412,errors:0
rt:14.19,through:27.53,tt:0.35,num_interact:413,Intrvl:15,num_users:419,errors:0
rt:14.88,through:27.2,tt:0.36,num_interact:408,Intrvl:15,num_users:401,errors:0
rt:14.63,through:26.07,tt:0.38,num_interact:391,Intrvl:15,num_users:380,errors:0
rt:13.46,through:27.8,tt:0.35,num_interact:417,Intrvl:15,num_users:430,errors:0
rt:15.39,through:26.67,tt:0.36,num_interact:400,Intrvl:15,num_users:408,errors:0
rt:14.87,through:27.67,tt:0.33,num_interact:415,Intrvl:15,num_users:468,errors:0
rt:16.06,through:23.27,tt:0.32,num_interact:349,Intrvl:15,num_users:392,errors:0
rt:15.2,through:27.47,tt:0.36,num_interact:412,Intrvl:15,num_users:425,errors:0
rt:14.73,through:27.07,tt:0.39,num_interact:406,Intrvl:15,num_users:407,errors:0
rt:14.53,through:27.13,tt:0.34,num_interact:407,Intrvl:15,num_users:400,errors:0
rt:14.44,through:26.8,tt:0.38,num_interact:402,Intrvl:15,num_users:385,errors:0
rt:13.59,through:27.53,tt:0.36,num_interact:413,Intrvl:15,num_users:413,errors:0
rt:14.61,through:28.13,tt:0.37,num_interact:422,Intrvl:15,num_users:433,errors:0
rt:15.22,through:26.47,tt:0.35,num_interact:397,Intrvl:15,num_users:403,errors:0
rt:14.21,through:27.47,tt:0.34,num_interact:412,Intrvl:15,num_users:398,errors:0
rt:14.22,through:27.47,tt:0.33,num_interact:412,Intrvl:15,num_users:392,errors:0
rt:14.04,through:27.73,tt:0.37,num_interact:416,Intrvl:15,num_users:427,errors:0
rt:14.49,through:24.33,tt:0.34,num_interact:365,Intrvl:15,num_users:370,errors:0
rt:14.13,through:27.87,tt:0.35,num_interact:418,Intrvl:15,num_users:376,errors:0
rt:12.97,through:26.8,tt:0.33,num_interact:402,Intrvl:15,num_users:365,errors:0
rt:13.02,through:28.47,tt:0.37,num_interact:431,Intrvl:15,num_users:408,errors:0
rt:14.3,through:26.93,tt:0.37,num_interact:404,Intrvl:15,num_users:387,errors:0
rt:14.05,through:26.8,tt:0.34,num_interact:402,Intrvl:15,num_users:430,errors:0
rt:15.22,through:28.2,tt:0.36,num_interact:423,Intrvl:15,num_users:454,errors:0
rt:16.11,through:24.47,tt:0.37,num_interact:367,Intrvl:15,num_users:378,errors:0
rt:14.17,through:26.6,tt:0.36,num_interact:399,Intrvl:15,num_users:409,errors:0
rt:14.72,through:28,tt:0.36,num_interact:425,Intrvl:15,num_users:431,errors:0
rt:15.31,through:26.13,tt:0.34,num_interact:392,Intrvl:15,num_users:401,errors:0
rt:14.24,through:27.53,tt:0.36,num_interact:413,Intrvl:15,num_users:395,errors:0
rt:14.05,through:26.73,tt:0.36,num_interact:401,Intrvl:15,num_users:376,errors:0
rt:13.45,through:24.4,tt:0.34,num_interact:366,Intrvl:15,num_users:327,errors:0
rt:12.07,through:28,tt:0.35,num_interact:420,Intrvl:15,num_users:409,errors:0
rt:14.37,through:26.27,tt:0.38,num_interact:394,Intrvl:15,num_users:377,errors:0
rt:13.95,through:27.87,tt:0.35,num_interact:418,Intrvl:15,num_users:414,errors:0
rt:14.11,through:26.13,tt:0.34,num_interact:392,Intrvl:15,num_users:387,errors:0
rt:14.46,through:27.93,tt:0.34,num_interact:419,Intrvl:15,num_users:407,errors:0
rt:14.2,through:27.87,tt:0.36,num_interact:418,Intrvl:15,num_users:452,errors:0
rt:15.31,through:24.27,tt:0.36,num_interact:364,Intrvl:15,num_users:393,errors:0
rt:15.36,through:27.07,tt:0.34,num_interact:406,Intrvl:15,num_users:414,errors:0
rt:14.46,through:28.07,tt:0.37,num_interact:421,Intrvl:15,num_users:434,errors:0
rt:15.04,through:27.93,tt:0.38,num_interact:419,Intrvl:15,num_users:431,errors:0
rt:15.37,through:23.07,tt:0.31,num_interact:346,Intrvl:15,num_users:353,errors:0
rt:13.36,through:25.4,tt:0.33,num_interact:381,Intrvl:15,num_users:329,errors:0
rt:12.49,through:27.4,tt:0.4,num_interact:411,Intrvl:15,num_users:390,errors:0
rt:13.77,through:27.47,tt:0.32,num_interact:412,Intrvl:15,num_users:393,errors:0
rt:13.63,through:27.2,tt:0.33,num_interact:408,Intrvl:15,num_users:377,errors:0
rt:13.61,through:28.2,tt:0.35,num_interact:423,Intrvl:15,num_users:396,errors:0
rt:13.39,through:27.73,tt:0.36,num_interact:416,Intrvl:15,num_users:469,errors:0
rt:16.36,through:24.6,tt:0.38,num_interact:369,Intrvl:15,num_users:398,errors:0
rt:15.55,through:26.67,tt:0.37,num_interact:400,Intrvl:15,num_users:413,errors:0
rt:14.13,through:27.47,tt:0.37,num_interact:412,Intrvl:15,num_users:426,errors:0
rt:15.08,through:28.4,tt:0.32,num_interact:426,Intrvl:15,num_users:429,errors:0
rt:15.4,through:27.13,tt:0.4,num_interact:410,Intrvl:15,num_users:425,errors:0
rt:14.68,through:28.13,tt:0.35,num_interact:422,Intrvl:15,num_users:451,errors:0
rt:16.2,through:26.27,tt:0.35,num_interact:394,Intrvl:15,num_users:428,errors:0
rt:15.48,through:27.6,tt:0.36,num_interact:414,Intrvl:15,num_users:436,errors:0
rt:15.29,through:25.47,tt:0.36,num_interact:382,Intrvl:15,num_users:398,errors:0
rt:14.67,through:26.07,tt:0.31,num_interact:391,Intrvl:15,num_users:368,errors:0
rt:12.98,through:28.2,tt:0.35,num_interact:423,Intrvl:15,num_users:369,errors:0
rt:13.35,through:29.6,tt:0.36,num_interact:444,Intrvl:15,num_users:615,errors:0
rt:19.68,through:28.4,tt:0.41,num_interact:426,Intrvl:15,num_users:660,errors:0
rt:21.53,through:18.73,tt:0.34,num_interact:281,Intrvl:15,num_users:466,errors:0
rt:20.67,through:25.67,tt:0.35,num_interact:386,Intrvl:15,num_users:599,errors:0
rt:21.16,through:27.93,tt:0.4,num_interact:419,Intrvl:15,num_users:605,errors:0
rt:21.36,through:26.6,tt:0.36,num_interact:399,Intrvl:15,num_users:587,errors:0
rt:20.99,through:25.93,tt:0.39,num_interact:395,Intrvl:15,num_users:554,errors:0
rt:21.09,through:27.67,tt:0.38,num_interact:420,Intrvl:15,num_users:640,errors:0
rt:21.35,through:27.6,tt:0.36,num_interact:414,Intrvl:15,num_users:626,errors:0
rt:21.79,through:27.67,tt:0.39,num_interact:415,Intrvl:15,num_users:631,errors:0
rt:21.92,through:26.53,tt:0.35,num_interact:398,Intrvl:15,num_users:606,errors:0
rt:22.96,through:26.67,tt:0.33,num_interact:400,Intrvl:15,num_users:614,errors:0
rt:21.34,through:28.87,tt:0.38,num_interact:433,Intrvl:15,num_users:672,errors:1
rt:22.44,through:25.27,tt:0.34,num_interact:379,Intrvl:15,num_users:636,errors:0
rt:23.57,through:23.47,tt:0.35,num_interact:352,Intrvl:15,num_users:536,errors:0
rt:22.17,through:25.6,tt:0.35,num_interact:384,Intrvl:15,num_users:536,errors:0
rt:21.13,through:27.87,tt:0.35,num_interact:418,Intrvl:15,num_users:551,errors:0
rt:19.94,through:28.27,tt:0.36,num_interact:424,Intrvl:15,num_users:555,errors:0
rt:19.34,through:27.2,tt:0.37,num_interact:408,Intrvl:15,num_users:560,errors:0
rt:20.1,through:27.73,tt:0.35,num_interact:416,Intrvl:15,num_users:618,errors:0
rt:20.94,through:27.93,tt:0.34,num_interact:419,Intrvl:15,num_users:632,errors:0
rt:21.39,through:27.47,tt:0.36,num_interact:412,Intrvl:15,num_users:632,errors:0
rt:22.03,through:27,tt:0.35,num_interact:405,Intrvl:15,num_users:611,errors:0
rt:21.82,through:25.4,tt:0.36,num_interact:381,Intrvl:15,num_users:561,errors:0
rt:21.21,through:27.53,tt:0.37,num_interact:413,Intrvl:15,num_users:629,errors:0
rt:20.98,through:25.47,tt:0.31,num_interact:382,Intrvl:15,num_users:583,errors:0
rt:21.31,through:27,tt:0.37,num_interact:405,Intrvl:15,num_users:586,errors:0
rt:21.51,through:27.13,tt:0.36,num_interact:408,Intrvl:15,num_users:629,errors:0
rt:21.37,through:26.47,tt:0.4,num_interact:397,Intrvl:15,num_users:610,errors:0
rt:22.11,through:28.6,tt:0.35,num_interact:429,Intrvl:15,num_users:633,errors:0
rt:21.05,through:27.73,tt:0.35,num_interact:417,Intrvl:15,num_users:643,errors:0
rt:22.86,through:27.2,tt:0.37,num_interact:408,Intrvl:15,num_users:620,errors:0
rt:21.95,through:25.47,tt:0.37,num_interact:382,Intrvl:15,num_users:583,errors:0
rt:21.06,through:27.4,tt:0.37,num_interact:411,Intrvl:15,num_users:603,errors:0
rt:21.95,through:23.87,tt:0.32,num_interact:358,Intrvl:15,num_users:508,errors:1
rt:20.36,through:26.13,tt:0.32,num_interact:392,Intrvl:15,num_users:570,errors:0
rt:20.2,through:27.73,tt:0.39,num_interact:416,Intrvl:15,num_users:725,errors:1
rt:22.07,through:24.47,tt:0.4,num_interact:367,Intrvl:15,num_users:627,errors:0
rt:23.45,through:25.93,tt:0.37,num_interact:389,Intrvl:15,num_users:668,errors:0
rt:22.39,through:22.53,tt:0.35,num_interact:338,Intrvl:15,num_users:580,errors:0
rt:23.3,through:25.2,tt:0.35,num_interact:379,Intrvl:15,num_users:534,errors:0
rt:21.98,through:27.47,tt:0.33,num_interact:412,Intrvl:15,num_users:594,errors:0
rt:21.1,through:27.67,tt:0.36,num_interact:415,Intrvl:15,num_users:619,errors:0
rt:21.81,through:27.27,tt:0.36,num_interact:409,Intrvl:15,num_users:608,errors:1
rt:21.45,through:27.53,tt:0.35,num_interact:413,Intrvl:15,num_users:616,errors:3
rt:23.5,through:20.6,tt:0.34,num_interact:309,Intrvl:15,num_users:452,errors:0
rt:21.13,through:25.33,tt:0.35,num_interact:380,Intrvl:15,num_users:652,errors:0
rt:19.64,through:27.67,tt:0.39,num_interact:415,Intrvl:15,num_users:655,errors:0
rt:22.92,through:25.87,tt:0.37,num_interact:388,Intrvl:15,num_users:617,errors:0
rt:22.52,through:27.87,tt:0.33,num_interact:418,Intrvl:15,num_users:645,errors:0
rt:22.01,through:27.53,tt:0.36,num_interact:413,Intrvl:15,num_users:711,errors:0
rt:23.07,through:27.67,tt:0.34,num_interact:415,Intrvl:15,num_users:706,errors:0
rt:23.07,through:25.4,tt:0.36,num_interact:381,Intrvl:15,num_users:637,errors:0
rt:23.57,through:26.73,tt:0.34,num_interact:401,Intrvl:15,num_users:734,errors:0
rt:23.31,through:24.6,tt:0.34,num_interact:369,Intrvl:15,num_users:676,errors:0
rt:24.35,through:27.47,tt:0.33,num_interact:412,Intrvl:15,num_users:670,errors:0
rt:24.24,through:21.87,tt:0.36,num_interact:328,Intrvl:15,num_users:535,errors:0
rt:23.22,through:26.47,tt:0.34,num_interact:397,Intrvl:15,num_users:539,errors:0
rt:21.05,through:23.47,tt:0.34,num_interact:352,Intrvl:15,num_users:458,errors:1
rt:19.74,through:26.47,tt:0.34,num_interact:398,Intrvl:15,num_users:525,errors:1
rt:18.69,through:27.73,tt:0.38,num_interact:416,Intrvl:15,num_users:734,errors:0
rt:21.72,through:25.67,tt:0.36,num_interact:385,Intrvl:15,num_users:679,errors:0
rt:22.45,through:25.4,tt:0.35,num_interact:381,Intrvl:15,num_users:630,errors:0
rt:22.95,through:27.2,tt:0.35,num_interact:408,Intrvl:15,num_users:745,errors:2
rt:24.1,through:21.47,tt:0.33,num_interact:322,Intrvl:15,num_users:608,errors:0
rt:23.44,through:25.53,tt:0.34,num_interact:383,Intrvl:15,num_users:702,errors:0
rt:22.02,through:29.8,tt:0.38,num_interact:448,Intrvl:15,num_users:710,errors:0
rt:25.65,through:27.73,tt:0.38,num_interact:416,Intrvl:15,num_users:761,errors:0
rt:23.4,through:25.33,tt:0.34,num_interact:380,Intrvl:15,num_users:679,errors:0
rt:23.28,through:26.33,tt:0.37,num_interact:395,Intrvl:15,num_users:664,errors:0
rt:24.92,through:27.6,tt:0.34,num_interact:414,Intrvl:15,num_users:722,errors:0
rt:23.86,through:25.67,tt:0.34,num_interact:385,Intrvl:15,num_users:671,errors:0
rt:22.96,through:26.8,tt:0.35,num_interact:402,Intrvl:15,num_users:703,errors:16
rt:25.04,through:27.07,tt:0.37,num_interact:406,Intrvl:15,num_users:686,errors:4
rt:33.56,through:28.13,tt:0.33,num_interact:422,Intrvl:15,num_users:692,errors:1
rt:23.95,through:27.2,tt:0.34,num_interact:410,Intrvl:15,num_users:682,errors:0
rt:23.9,through:27.47,tt:0.34,num_interact:412,Intrvl:15,num_users:710,errors:1
rt:24.78,through:25.73,tt:0.38,num_interact:386,Intrvl:15,num_users:653,errors:0
rt:24.68,through:26.87,tt:0.35,num_interact:403,Intrvl:15,num_users:679,errors:2
rt:23.57,through:24.93,tt:0.37,num_interact:374,Intrvl:15,num_users:625,errors:4
rt:25.42,through:27.67,tt:0.35,num_interact:415,Intrvl:15,num_users:702,errors:0
rt:22.72,through:27,tt:0.34,num_interact:405,Intrvl:15,num_users:689,errors:0
rt:23.65,through:28.27,tt:0.35,num_interact:424,Intrvl:15,num_users:784,errors:2
rt:23.91,through:26.2,tt:0.36,num_interact:393,Intrvl:15,num_users:760,errors:0
rt:25.43,through:27.07,tt:0.35,num_interact:406,Intrvl:15,num_users:717,errors:2
rt:25.32,through:25.73,tt:0.33,num_interact:389,Intrvl:15,num_users:680,errors:3
rt:26.33,through:26.2,tt:0.32,num_interact:393,Intrvl:15,num_users:643,errors:2
rt:25.7,through:27.53,tt:0.37,num_interact:413,Intrvl:15,num_users:716,errors:0
rt:24.97,through:29.13,tt:0.36,num_interact:437,Intrvl:15,num_users:773,errors:4
rt:26.53,through:25.07,tt:0.35,num_interact:376,Intrvl:15,num_users:708,errors:3
rt:25.25,through:27.2,tt:0.36,num_interact:408,Intrvl:15,num_users:737,errors:1
rt:24.86,through:26.87,tt:0.34,num_interact:403,Intrvl:15,num_users:720,errors:1
rt:27.67,through:27.07,tt:0.35,num_interact:406,Intrvl:15,num_users:789,errors:2
rt:24.59,through:24.13,tt:0.35,num_interact:364,Intrvl:15,num_users:683,errors:1
rt:25.57,through:26.27,tt:0.38,num_interact:410,Intrvl:15,num_users:685,errors:1
rt:27.27,through:28.13,tt:0.34,num_interact:422,Intrvl:15,num_users:708,errors:2
rt:24.86,through:27.73,tt:0.38,num_interact:416,Intrvl:15,num_users:719,errors:2
rt:24.59,through:27.4,tt:0.34,num_interact:411,Intrvl:15,num_users:714,errors:1
rt:24.43,through:27.53,tt:0.36,num_interact:413,Intrvl:15,num_users:758,errors:0
rt:24.14,through:27.47,tt:0.35,num_interact:412,Intrvl:15,num_users:760,errors:3
rt:25.68,through:27.33,tt:0.35,num_interact:410,Intrvl:15,num_users:737,errors:7
rt:27.83,through:26.8,tt:0.35,num_interact:402,Intrvl:15,num_users:828,errors:2
rt:29.02,through:23.8,tt:0.34,num_interact:357,Intrvl:15,num_users:730,errors:3
rt:27.49,through:27.67,tt:0.36,num_interact:415,Intrvl:15,num_users:744,errors:3
rt:27.26,through:27.4,tt:0.35,num_interact:411,Intrvl:15,num_users:779,errors:6
rt:26.73,through:24,tt:0.38,num_interact:360,Intrvl:15,num_users:684,errors:2
rt:27.06,through:25.67,tt:0.39,num_interact:389,Intrvl:15,num_users:663,errors:2
rt:26.54,through:28.53,tt:0.36,num_interact:428,Intrvl:15,num_users:764,errors:5
rt:25.98,through:25,tt:0.35,num_interact:375,Intrvl:15,num_users:695,errors:0
rt:25.37,through:25.53,tt:0.34,num_interact:383,Intrvl:15,num_users:656,errors:2
rt:25.74,through:26.4,tt:0.39,num_interact:396,Intrvl:15,num_users:640,errors:4
rt:24.45,through:27.73,tt:0.36,num_interact:416,Intrvl:15,num_users:699,errors:8
rt:25.75,through:28,tt:0.38,num_interact:420,Intrvl:15,num_users:723,errors:0
rt:24.18,through:28,tt:0.38,num_interact:427,Intrvl:15,num_users:744,errors:3
rt:24.59,through:28,tt:0.35,num_interact:429,Intrvl:15,num_users:783,errors:6
rt:27.6,through:24.53,tt:0.34,num_interact:368,Intrvl:15,num_users:693,errors:2
rt:27.84,through:25,tt:0.35,num_interact:375,Intrvl:15,num_users:652,errors:0
rt:24.27,through:27.6,tt:0.35,num_interact:414,Intrvl:15,num_users:703,errors:2
rt:26.07,through:27.47,tt:0.39,num_interact:415,Intrvl:15,num_users:705,errors:1
rt:26.58,through:23.53,tt:0.36,num_interact:353,Intrvl:15,num_users:603,errors:3
rt:25.01,through:27.27,tt:0.35,num_interact:409,Intrvl:15,num_users:765,errors:0
rt:23.14,through:25.33,tt:0.36,num_interact:380,Intrvl:15,num_users:692,errors:2
rt:25.38,through:25.67,tt:0.35,num_interact:385,Intrvl:15,num_users:647,errors:1
rt:23.42,through:27.27,tt:0.36,num_interact:411,Intrvl:15,num_users:661,errors:2
rt:23.58,through:28.8,tt:0.35,num_interact:432,Intrvl:15,num_users:679,errors:1
rt:23.42,through:28.07,tt:0.4,num_interact:421,Intrvl:15,num_users:685,errors:4
rt:24.4,through:27.53,tt:0.34,num_interact:413,Intrvl:15,num_users:736,errors:1
rt:23.84,through:25.47,tt:0.35,num_interact:382,Intrvl:15,num_users:676,errors:0
rt:24.74,through:26.73,tt:0.39,num_interact:406,Intrvl:15,num_users:711,errors:3
rt:25.75,through:24.33,tt:0.32,num_interact:365,Intrvl:15,num_users:625,errors:6
rt:25.15,through:26.47,tt:0.36,num_interact:409,Intrvl:15,num_users:631,errors:4
rt:25.42,through:28.93,tt:0.36,num_interact:434,Intrvl:15,num_users:686,errors:1
rt:24.96,through:26.27,tt:0.34,num_interact:394,Intrvl:15,num_users:645,errors:5
rt:24.84,through:27.27,tt:0.33,num_interact:409,Intrvl:15,num_users:702,errors:0
rt:24.29,through:26.53,tt:0.36,num_interact:398,Intrvl:15,num_users:678,errors:2
rt:25.2,through:27.07,tt:0.31,num_interact:406,Intrvl:15,num_users:671,errors:0
rt:23.66,through:27.73,tt:0.34,num_interact:416,Intrvl:15,num_users:662,errors:0
rt:22.96,through:27.8,tt:0.32,num_interact:417,Intrvl:15,num_users:708,errors:1
rt:23.98,through:27.6,tt:0.37,num_interact:414,Intrvl:15,num_users:736,errors:1
rt:24.34,through:28.53,tt:0.39,num_interact:428,Intrvl:15,num_users:759,errors:0
rt:25.06,through:25.73,tt:0.36,num_interact:386,Intrvl:15,num_users:714,errors:1
rt:26.42,through:25.67,tt:0.33,num_interact:385,Intrvl:15,num_users:666,errors:0
rt:24.54,through:27.4,tt:0.35,num_interact:411,Intrvl:15,num_users:743,errors:1
rt:23.11,through:27,tt:0.38,num_interact:419,Intrvl:15,num_users:803,errors:0
rt:25.18,through:25.13,tt:0.35,num_interact:377,Intrvl:15,num_users:747,errors:0
rt:25.32,through:26.93,tt:0.35,num_interact:404,Intrvl:15,num_users:728,errors:5
rt:26.01,through:27.4,tt:0.34,num_interact:411,Intrvl:15,num_users:724,errors:4
rt:27.57,through:27,tt:0.32,num_interact:405,Intrvl:15,num_users:708,errors:1
rt:25.27,through:26.07,tt:0.33,num_interact:391,Intrvl:15,num_users:666,errors:1
rt:24.71,through:26.53,tt:0.34,num_interact:407,Intrvl:15,num_users:729,errors:6
rt:27.89,through:24.73,tt:0.31,num_interact:371,Intrvl:15,num_users:671,errors:5
rt:25.07,through:27.07,tt:0.38,num_interact:406,Intrvl:15,num_users:654,errors:5
rt:25.64,through:25.53,tt:0.36,num_interact:383,Intrvl:15,num_users:632,errors:1
rt:25.7,through:27.87,tt:0.34,num_interact:421,Intrvl:15,num_users:638,errors:3
rt:23.61,through:28.53,tt:0.39,num_interact:428,Intrvl:15,num_users:706,errors:5
rt:23.86,through:27.67,tt:0.36,num_interact:415,Intrvl:15,num_users:739,errors:1
rt:24.2,through:26,tt:0.37,num_interact:394,Intrvl:15,num_users:707,errors:6
rt:24.96,through:28.8,tt:0.33,num_interact:432,Intrvl:15,num_users:723,errors:2
rt:26.63,through:27.67,tt:0.33,num_interact:415,Intrvl:15,num_users:722,errors:0
rt:24.37,through:29.07,tt:0.35,num_interact:436,Intrvl:15,num_users:741,errors:1
rt:23.47,through:27.87,tt:0.37,num_interact:418,Intrvl:15,num_users:799,errors:4
rt:25.32,through:26.4,tt:0.35,num_interact:399,Intrvl:15,num_users:773,errors:3
rt:29.49,through:28.33,tt:0.35,num_interact:427,Intrvl:15,num_users:769,errors:0
rt:25.48,through:25.93,tt:0.31,num_interact:389,Intrvl:15,num_users:701,errors:0
rt:25.99,through:26.2,tt:0.33,num_interact:393,Intrvl:15,num_users:695,errors:0
rt:25.44,through:27.6,tt:0.35,num_interact:414,Intrvl:15,num_users:762,errors:2
rt:27.16,through:26.53,tt:0.36,num_interact:398,Intrvl:15,num_users:730,errors:9
rt:27.41,through:25.33,tt:0.37,num_interact:380,Intrvl:15,num_users:665,errors:4
rt:26.1,through:27.4,tt:0.37,num_interact:411,Intrvl:15,num_users:709,errors:5
rt:25.23,through:25,tt:0.35,num_interact:385,Intrvl:15,num_users:666,errors:2
rt:25.62,through:27.53,tt:0.36,num_interact:413,Intrvl:15,num_users:733,errors:4
rt:24.94,through:27.33,tt:0.36,num_interact:410,Intrvl:15,num_users:738,errors:3
rt:26.53,through:26.93,tt:0.35,num_interact:404,Intrvl:15,num_users:699,errors:5
rt:24.6,through:27.27,tt:0.36,num_interact:409,Intrvl:15,num_users:701,errors:1
rt:26.45,through:25.73,tt:0.37,num_interact:394,Intrvl:15,num_users:644,errors:1
rt:23.31,through:26.6,tt:0.34,num_interact:400,Intrvl:15,num_users:666,errors:2
rt:23.92,through:28.53,tt:0.35,num_interact:428,Intrvl:15,num_users:719,errors:2
rt:26.21,through:27.67,tt:0.34,num_interact:415,Intrvl:15,num_users:739,errors:2
rt:25.2,through:27.27,tt:0.35,num_interact:409,Intrvl:15,num_users:729,errors:2
rt:25.73,through:27.07,tt:0.33,num_interact:406,Intrvl:15,num_users:760,errors:1
rt:26.77,through:20.67,tt:0.36,num_interact:310,Intrvl:15,num_users:592,errors:2
rt:24.43,through:25.87,tt:0.33,num_interact:389,Intrvl:15,num_users:596,errors:1
rt:22.94,through:27.73,tt:0.34,num_interact:416,Intrvl:15,num_users:734,errors:5
rt:24.35,through:27.87,tt:0.37,num_interact:425,Intrvl:15,num_users:765,errors:2
rt:24.65,through:29.33,tt:0.39,num_interact:440,Intrvl:15,num_users:792,errors:0
rt:24.82,through:24.33,tt:0.34,num_interact:365,Intrvl:15,num_users:723,errors:3
rt:25.71,through:27.07,tt:0.37,num_interact:406,Intrvl:15,num_users:720,errors:2
rt:25.89,through:27.33,tt:0.33,num_interact:410,Intrvl:15,num_users:744,errors:2
rt:25.19,through:28.27,tt:0.36,num_interact:424,Intrvl:15,num_users:756,errors:1
rt:24.49,through:26.27,tt:0.36,num_interact:394,Intrvl:15,num_users:715,errors:14
rt:27.62,through:26.8,tt:0.35,num_interact:402,Intrvl:15,num_users:690,errors:1
rt:25.81,through:26.6,tt:0.34,num_interact:399,Intrvl:15,num_users:678,errors:2
rt:24.29,through:25.27,tt:0.38,num_interact:379,Intrvl:15,num_users:612,errors:2
rt:22.98,through:26.33,tt:0.35,num_interact:395,Intrvl:15,num_users:688,errors:0
rt:24.89,through:29,tt:0.37,num_interact:435,Intrvl:15,num_users:701,errors:11
rt:24.42,through:28.07,tt:0.37,num_interact:421,Intrvl:15,num_users:751,errors:1
rt:26.21,through:25.2,tt:0.35,num_interact:378,Intrvl:15,num_users:704,errors:7
rt:27.13,through:27.93,tt:0.32,num_interact:419,Intrvl:15,num_users:780,errors:5
rt:25.7,through:22.13,tt:0.34,num_interact:332,Intrvl:15,num_users:654,errors:2
rt:26.85,through:27.2,tt:0.37,num_interact:408,Intrvl:15,num_users:725,errors:2
rt:23.99,through:27.33,tt:0.36,num_interact:410,Intrvl:15,num_users:738,errors:0
rt:26.21,through:27.2,tt:0.37,num_interact:408,Intrvl:15,num_users:729,errors:2
rt:26.73,through:26.93,tt:0.35,num_interact:405,Intrvl:15,num_users:767,errors:4
rt:24.12,through:26.33,tt:0.32,num_interact:395,Intrvl:15,num_users:724,errors:0
rt:26.77,through:26.8,tt:0.37,num_interact:404,Intrvl:15,num_users:784,errors:2
rt:24.55,through:26.2,tt:0.36,num_interact:393,Intrvl:15,num_users:751,errors:3
rt:27.02,through:29.2,tt:0.36,num_interact:443,Intrvl:15,num_users:779,errors:6
rt:26.26,through:29.07,tt:0.34,num_interact:436,Intrvl:15,num_users:799,errors:6
rt:29.05,through:26.47,tt:0.36,num_interact:397,Intrvl:15,num_users:780,errors:2
rt:28.98,through:27.07,tt:0.35,num_interact:406,Intrvl:15,num_users:750,errors:10
rt:29.22,through:27.53,tt:0.37,num_interact:413,Intrvl:15,num_users:799,errors:0
rt:27.54,through:24.67,tt:0.36,num_interact:371,Intrvl:15,num_users:716,errors:9
rt:27.32,through:26.87,tt:0.34,num_interact:411,Intrvl:15,num_users:769,errors:0
rt:24.89,through:26.8,tt:0.37,num_interact:402,Intrvl:15,num_users:738,errors:4
rt:26.8,through:24.93,tt:0.38,num_interact:374,Intrvl:15,num_users:656,errors:5
rt:28.97,through:27.73,tt:0.34,num_interact:416,Intrvl:15,num_users:707,errors:2
rt:24.09,through:26.4,tt:0.35,num_interact:396,Intrvl:15,num_users:683,errors:7
rt:26.22,through:27.07,tt:0.35,num_interact:406,Intrvl:15,num_users:821,errors:1
rt:24.57,through:28.6,tt:0.36,num_interact:430,Intrvl:15,num_users:830,errors:2
rt:26.67,through:25,tt:0.34,num_interact:375,Intrvl:15,num_users:731,errors:4
rt:28.25,through:26.2,tt:0.36,num_interact:393,Intrvl:15,num_users:749,errors:4
rt:28.74,through:27.67,tt:0.34,num_interact:415,Intrvl:15,num_users:753,errors:0
rt:26.16,through:27.73,tt:0.35,num_interact:425,Intrvl:15,num_users:758,errors:5
rt:26.88,through:28.33,tt:0.35,num_interact:425,Intrvl:15,num_users:764,errors:4
rt:27.75,through:27.53,tt:0.35,num_interact:426,Intrvl:15,num_users:798,errors:2
rt:26.78,through:23.6,tt:0.31,num_interact:354,Intrvl:15,num_users:668,errors:2
rt:27.02,through:26.53,tt:0.38,num_interact:398,Intrvl:15,num_users:769,errors:3
rt:23.88,through:27.27,tt:0.39,num_interact:409,Intrvl:15,num_users:819,errors:1
rt:27.27,through:26.67,tt:0.37,num_interact:400,Intrvl:15,num_users:776,errors:2
rt:25.98,through:27.67,tt:0.37,num_interact:415,Intrvl:15,num_users:825,errors:4
rt:26.32,through:25.87,tt:0.35,num_interact:388,Intrvl:15,num_users:795,errors:5
rt:29.88,through:26.6,tt:0.37,num_interact:399,Intrvl:15,num_users:757,errors:3
rt:29.71,through:26.8,tt:0.33,num_interact:404,Intrvl:15,num_users:788,errors:0
rt:28.86,through:29.2,tt:0.36,num_interact:441,Intrvl:15,num_users:854,errors:4
rt:27.96,through:22.33,tt:0.36,num_interact:335,Intrvl:15,num_users:689,errors:2
rt:27.49,through:26.67,tt:0.34,num_interact:400,Intrvl:15,num_users:775,errors:3
rt:27.03,through:24.2,tt:0.33,num_interact:363,Intrvl:15,num_users:693,errors:0
rt:27.47,through:26.33,tt:0.33,num_interact:395,Intrvl:15,num_users:669,errors:7
rt:27.17,through:26.93,tt:0.33,num_interact:404,Intrvl:15,num_users:702,errors:2
rt:25.35,through:29.53,tt:0.33,num_interact:443,Intrvl:15,num_users:769,errors:1
rt:24.34,through:25.8,tt:0.36,num_interact:387,Intrvl:15,num_users:724,errors:4
rt:25.51,through:26.87,tt:0.34,num_interact:403,Intrvl:15,num_users:743,errors:3
rt:27.7,through:27.93,tt:0.35,num_interact:420,Intrvl:15,num_users:834,errors:9
rt:28.61,through:25.73,tt:0.39,num_interact:386,Intrvl:15,num_users:768,errors:0
rt:26.71,through:27.53,tt:0.32,num_interact:413,Intrvl:15,num_users:842,errors:3
rt:29.56,through:25.33,tt:0.32,num_interact:380,Intrvl:15,num_users:789,errors:4
rt:30.64,through:27.2,tt:0.35,num_interact:408,Intrvl:15,num_users:846,errors:3
rt:26.68,through:25.53,tt:0.34,num_interact:385,Intrvl:15,num_users:801,errors:2
rt:28.5,through:27.4,tt:0.37,num_interact:411,Intrvl:15,num_users:818,errors:0
rt:28.2,through:27.13,tt:0.34,num_interact:417,Intrvl:15,num_users:811,errors:4
rt:26.66,through:25.93,tt:0.35,num_interact:389,Intrvl:15,num_users:764,errors:0
rt:27.13,through:26.2,tt:0.35,num_interact:393,Intrvl:15,num_users:733,errors:5
rt:28.96,through:26.53,tt:0.34,num_interact:398,Intrvl:15,num_users:759,errors:6
rt:29.31,through:26,tt:0.37,num_interact:390,Intrvl:15,num_users:697,errors:1
rt:26.51,through:27.07,tt:0.36,num_interact:408,Intrvl:15,num_users:779,errors:4
rt:26.08,through:27.2,tt:0.35,num_interact:408,Intrvl:15,num_users:756,errors:7
rt:27.11,through:26.47,tt:0.36,num_interact:397,Intrvl:15,num_users:730,errors:7
rt:27.15,through:27.73,tt:0.36,num_interact:416,Intrvl:15,num_users:765,errors:12
rt:25.94,through:27.07,tt:0.31,num_interact:406,Intrvl:15,num_users:746,errors:3
rt:30.28,through:28.47,tt:0.36,num_interact:427,Intrvl:15,num_users:888,errors:4
rt:28.61,through:24,tt:0.38,num_interact:362,Intrvl:15,num_users:801,errors:3
rt:29.4,through:25.53,tt:0.36,num_interact:383,Intrvl:15,num_users:772,errors:3
rt:28.83,through:27.67,tt:0.35,num_interact:415,Intrvl:15,num_users:831,errors:3
rt:27.05,through:27.87,tt:0.35,num_interact:418,Intrvl:15,num_users:818,errors:0
rt:28.71,through:26.87,tt:0.37,num_interact:429,Intrvl:15,num_users:836,errors:1
rt:26.07,through:27.13,tt:0.36,num_interact:407,Intrvl:15,num_users:811,errors:4
rt:27.56,through:25.8,tt:0.36,num_interact:387,Intrvl:15,num_users:760,errors:3
rt:28.83,through:26.53,tt:0.38,num_interact:398,Intrvl:15,num_users:763,errors:10
rt:26.81,through:30.13,tt:0.35,num_interact:452,Intrvl:15,num_users:792,errors:4
rt:26.44,through:27.87,tt:0.34,num_interact:418,Intrvl:15,num_users:795,errors:4
rt:28.97,through:27.87,tt:0.33,num_interact:418,Intrvl:15,num_users:844,errors:6
rt:26.49,through:24.73,tt:0.34,num_interact:371,Intrvl:15,num_users:770,errors:15
rt:28.71,through:26.6,tt:0.35,num_interact:399,Intrvl:15,num_users:743,errors:10
rt:32.6,through:27.07,tt:0.36,num_interact:406,Intrvl:15,num_users:855,errors:4
rt:29.6,through:22.53,tt:0.35,num_interact:338,Intrvl:15,num_users:706,errors:2
rt:28.52,through:25.8,tt:0.34,num_interact:387,Intrvl:15,num_users:779,errors:9
rt:26.57,through:27.53,tt:0.39,num_interact:413,Intrvl:15,num_users:848,errors:7
rt:29.74,through:30.53,tt:0.39,num_interact:458,Intrvl:15,num_users:871,errors:3
rt:28.46,through:27.53,tt:0.37,num_interact:413,Intrvl:15,num_users:906,errors:4
rt:29.02,through:27.53,tt:0.37,num_interact:413,Intrvl:15,num_users:847,errors:5
rt:33.62,through:26.53,tt:0.34,num_interact:399,Intrvl:15,num_users:835,errors:6
rt:31.1,through:28.4,tt:0.36,num_interact:426,Intrvl:15,num_users:841,errors:5
rt:29.89,through:26.87,tt:0.33,num_interact:437,Intrvl:15,num_users:875,errors:3
rt:28.89,through:24.07,tt:0.34,num_interact:361,Intrvl:15,num_users:786,errors:5
rt:30.72,through:27.4,tt:0.34,num_interact:411,Intrvl:15,num_users:843,errors:5
rt:28.26,through:23.93,tt:0.31,num_interact:367,Intrvl:15,num_users:765,errors:4
rt:29.29,through:27.07,tt:0.34,num_interact:406,Intrvl:15,num_users:873,errors:7
rt:29.61,through:28.33,tt:0.36,num_interact:428,Intrvl:15,num_users:817,errors:8
rt:29.27,through:26.47,tt:0.33,num_interact:397,Intrvl:15,num_users:817,errors:8
rt:27.9,through:28.93,tt:0.34,num_interact:440,Intrvl:15,num_users:837,errors:7
rt:29.6,through:24.87,tt:0.35,num_interact:375,Intrvl:15,num_users:766,errors:3
rt:30.32,through:27.6,tt:0.35,num_interact:415,Intrvl:15,num_users:821,errors:1
rt:28.07,through:27.2,tt:0.39,num_interact:408,Intrvl:15,num_users:807,errors:2
rt:24.89,through:28,tt:0.37,num_interact:420,Intrvl:15,num_users:812,errors:13
rt:28.9,through:27.07,tt:0.35,num_interact:407,Intrvl:15,num_users:868,errors:5
rt:32.28,through:24.4,tt:0.38,num_interact:366,Intrvl:15,num_users:783,errors:5
rt:31.52,through:22.4,tt:0.38,num_interact:336,Intrvl:15,num_users:673,errors:11
rt:34.35,through:26.93,tt:0.32,num_interact:404,Intrvl:15,num_users:695,errors:7
rt:27.71,through:27.2,tt:0.36,num_interact:408,Intrvl:15,num_users:820,errors:6
rt:27.91,through:23.33,tt:0.37,num_interact:350,Intrvl:15,num_users:711,errors:10
rt:27.89,through:25.87,tt:0.35,num_interact:388,Intrvl:15,num_users:754,errors:1
rt:27.83,through:27.73,tt:0.35,num_interact:416,Intrvl:15,num_users:755,errors:3
rt:25.93,through:28.27,tt:0.35,num_interact:424,Intrvl:15,num_users:741,errors:6
rt:26.59,through:27.67,tt:0.35,num_interact:415,Intrvl:15,num_users:789,errors:5
rt:25.96,through:24.93,tt:0.35,num_interact:374,Intrvl:15,num_users:736,errors:8
rt:27.28,through:28.07,tt:0.36,num_interact:421,Intrvl:15,num_users:740,errors:5
rt:29.72,through:27.33,tt:0.35,num_interact:410,Intrvl:15,num_users:809,errors:6
rt:28.18,through:25.4,tt:0.37,num_interact:381,Intrvl:15,num_users:728,errors:2
rt:26.76,through:25.67,tt:0.34,num_interact:385,Intrvl:15,num_users:683,errors:0
rt:26.73,through:26.73,tt:0.36,num_interact:401,Intrvl:15,num_users:764,errors:3
rt:25.35,through:26.4,tt:0.38,num_interact:396,Intrvl:15,num_users:741,errors:4
rt:26.02,through:25.93,tt:0.35,num_interact:398,Intrvl:15,num_users:706,errors:8
rt:29.75,through:27.8,tt:0.38,num_interact:417,Intrvl:15,num_users:811,errors:4
rt:26.1,through:25.4,tt:0.38,num_interact:381,Intrvl:15,num_users:737,errors:0
rt:25.96,through:24.47,tt:0.34,num_interact:367,Intrvl:15,num_users:676,errors:1
rt:26.36,through:29,tt:0.33,num_interact:435,Intrvl:15,num_users:734,errors:4
rt:25.86,through:26.2,tt:0.34,num_interact:393,Intrvl:15,num_users:698,errors:3
rt:26.39,through:26.8,tt:0.34,num_interact:402,Intrvl:15,num_users:755,errors:4
rt:25.82,through:27.73,tt:0.35,num_interact:416,Intrvl:15,num_users:741,errors:4
rt:27.19,through:26.87,tt:0.35,num_interact:403,Intrvl:15,num_users:715,errors:0
rt:25.6,through:26.8,tt:0.36,num_interact:402,Intrvl:15,num_users:807,errors:2
rt:24.97,through:28.4,tt:0.39,num_interact:426,Intrvl:15,num_users:815,errors:7
rt:27.16,through:26.53,tt:0.37,num_interact:406,Intrvl:15,num_users:767,errors:3
rt:28.42,through:28.2,tt:0.35,num_interact:423,Intrvl:15,num_users:794,errors:4
rt:27.22,through:26.93,tt:0.34,num_interact:422,Intrvl:15,num_users:774,errors:0
rt:27.38,through:26.07,tt:0.34,num_interact:391,Intrvl:15,num_users:685,errors:1
rt:26.68,through:26.47,tt:0.33,num_interact:397,Intrvl:15,num_users:721,errors:4
rt:23.24,through:30.6,tt:0.36,num_interact:459,Intrvl:15,num_users:810,errors:7
rt:26.88,through:28.4,tt:0.38,num_interact:426,Intrvl:15,num_users:820,errors:3
rt:27.24,through:24.4,tt:0.34,num_interact:366,Intrvl:15,num_users:707,errors:3
rt:27.04,through:25.8,tt:0.34,num_interact:387,Intrvl:15,num_users:754,errors:7
rt:27.19,through:28.67,tt:0.36,num_interact:430,Intrvl:15,num_users:757,errors:9
rt:26.76,through:25.27,tt:0.36,num_interact:395,Intrvl:15,num_users:708,errors:5
rt:28.04,through:28,tt:0.34,num_interact:420,Intrvl:15,num_users:738,errors:9
rt:29.91,through:27.67,tt:0.34,num_interact:418,Intrvl:15,num_users:755,errors:1
rt:25.6,through:26.27,tt:0.31,num_interact:394,Intrvl:15,num_users:727,errors:7
rt:27.92,through:27.27,tt:0.33,num_interact:411,Intrvl:15,num_users:707,errors:1
rt:25.81,through:27.6,tt:0.33,num_interact:414,Intrvl:15,num_users:696,errors:5
rt:26.94,through:27.6,tt:0.38,num_interact:414,Intrvl:15,num_users:767,errors:0
rt:24.62,through:25.27,tt:0.37,num_interact:379,Intrvl:15,num_users:706,errors:5
rt:26.08,through:27,tt:0.35,num_interact:405,Intrvl:15,num_users:696,errors:8
rt:26.55,through:27.33,tt:0.36,num_interact:410,Intrvl:15,num_users:698,errors:4
rt:26.63,through:27.53,tt:0.38,num_interact:413,Intrvl:15,num_users:681,errors:3
rt:24.92,through:27.8,tt:0.35,num_interact:417,Intrvl:15,num_users:744,errors:2
rt:25.88,through:26.47,tt:0.4,num_interact:397,Intrvl:15,num_users:711,errors:4
rt:25.88,through:27.73,tt:0.34,num_interact:418,Intrvl:15,num_users:754,errors:2
rt:24.84,through:25.87,tt:0.36,num_interact:388,Intrvl:15,num_users:688,errors:0
rt:25.42,through:26.53,tt:0.38,num_interact:398,Intrvl:15,num_users:708,errors:4
rt:25.78,through:28.8,tt:0.36,num_interact:432,Intrvl:15,num_users:715,errors:2
rt:25.9,through:27.93,tt:0.34,num_interact:420,Intrvl:15,num_users:718,errors:0
rt:24.52,through:28.07,tt:0.33,num_interact:421,Intrvl:15,num_users:724,errors:8
rt:25.55,through:24.87,tt:0.34,num_interact:373,Intrvl:15,num_users:663,errors:4
rt:27.62,through:28.53,tt:0.37,num_interact:428,Intrvl:15,num_users:669,errors:0
rt:24.03,through:27.8,tt:0.35,num_interact:417,Intrvl:15,num_users:669,errors:5
rt:24.13,through:28.13,tt:0.34,num_interact:422,Intrvl:15,num_users:707,errors:0
rt:24.21,through:27.73,tt:0.36,num_interact:416,Intrvl:15,num_users:713,errors:5
rt:25.11,through:28.8,tt:0.33,num_interact:432,Intrvl:15,num_users:750,errors:0
rt:25.52,through:24.33,tt:0.35,num_interact:376,Intrvl:15,num_users:691,errors:1
rt:25.25,through:27.73,tt:0.37,num_interact:416,Intrvl:15,num_users:760,errors:2
rt:24.24,through:26.33,tt:0.34,num_interact:395,Intrvl:15,num_users:737,errors:2
rt:25.67,through:27.87,tt:0.37,num_interact:418,Intrvl:15,num_users:732,errors:6
rt:26.28,through:26.4,tt:0.36,num_interact:396,Intrvl:15,num_users:705,errors:5
rt:28.07,through:22.73,tt:0.34,num_interact:341,Intrvl:15,num_users:591,errors:0
rt:25.71,through:26.6,tt:0.32,num_interact:401,Intrvl:15,num_users:673,errors:3
rt:23.5,through:26.33,tt:0.39,num_interact:395,Intrvl:15,num_users:629,errors:3
rt:23.83,through:27.67,tt:0.37,num_interact:415,Intrvl:15,num_users:658,errors:1
rt:24.51,through:28.13,tt:0.34,num_interact:422,Intrvl:15,num_users:765,errors:1
rt:22.63,through:25.13,tt:0.39,num_interact:377,Intrvl:15,num_users:692,errors:4
rt:23.39,through:25.8,tt:0.36,num_interact:387,Intrvl:15,num_users:636,errors:1
rt:27.02,through:27.13,tt:0.38,num_interact:407,Intrvl:15,num_users:684,errors:0
rt:23.07,through:25.6,tt:0.35,num_interact:384,Intrvl:15,num_users:641,errors:3
rt:23.64,through:27.8,tt:0.36,num_interact:417,Intrvl:15,num_users:689,errors:1
rt:23.48,through:28.27,tt:0.36,num_interact:424,Intrvl:15,num_users:758,errors:0
rt:23.75,through:26.87,tt:0.32,num_interact:403,Intrvl:15,num_users:798,errors:2
rt:24.52,through:27.2,tt:0.33,num_interact:408,Intrvl:15,num_users:755,errors:0
rt:26.66,through:27.6,tt:0.35,num_interact:414,Intrvl:15,num_users:760,errors:1
rt:25.36,through:25.47,tt:0.36,num_interact:382,Intrvl:15,num_users:703,errors:3
rt:24.26,through:26.93,tt:0.37,num_interact:404,Intrvl:15,num_users:732,errors:4
rt:27.97,through:28.2,tt:0.34,num_interact:435,Intrvl:15,num_users:789,errors:5
rt:27.39,through:24.73,tt:0.34,num_interact:371,Intrvl:15,num_users:726,errors:1
rt:26.27,through:26.73,tt:0.35,num_interact:401,Intrvl:15,num_users:690,errors:1
rt:28.3,through:25.8,tt:0.34,num_interact:387,Intrvl:15,num_users:665,errors:1
rt:23.5,through:27.67,tt:0.35,num_interact:415,Intrvl:15,num_users:669,errors:3
rt:23.99,through:27.53,tt:0.36,num_interact:413,Intrvl:15,num_users:706,errors:6
rt:26.45,through:28,tt:0.38,num_interact:420,Intrvl:15,num_users:731,errors:9
rt:26.66,through:24.6,tt:0.34,num_interact:369,Intrvl:15,num_users:651,errors:4
rt:26.29,through:26.53,tt:0.33,num_interact:398,Intrvl:15,num_users:651,errors:2
rt:26.34,through:27.93,tt:0.39,num_interact:429,Intrvl:15,num_users:650,errors:1
rt:23.86,through:29.33,tt:0.35,num_interact:440,Intrvl:15,num_users:757,errors:2
rt:23.63,through:26.33,tt:0.37,num_interact:395,Intrvl:15,num_users:712,errors:2
rt:24.44,through:27,tt:0.31,num_interact:405,Intrvl:15,num_users:692,errors:3
rt:25.04,through:27.4,tt:0.34,num_interact:411,Intrvl:15,num_users:752,errors:1
rt:25.95,through:25.87,tt:0.4,num_interact:388,Intrvl:15,num_users:721,errors:0
rt:23.86,through:27.27,tt:0.3,num_interact:415,Intrvl:15,num_users:733,errors:2
rt:26.85,through:24.27,tt:0.35,num_interact:364,Intrvl:15,num_users:624,errors:0
rt:25.06,through:26.07,tt:0.37,num_interact:391,Intrvl:15,num_users:764,errors:2
rt:25.34,through:26,tt:0.37,num_interact:390,Intrvl:15,num_users:715,errors:2
rt:25.03,through:25.87,tt:0.38,num_interact:388,Intrvl:15,num_users:750,errors:0
rt:25.77,through:25.87,tt:0.35,num_interact:388,Intrvl:15,num_users:698,errors:1
rt:24.83,through:26.53,tt:0.33,num_interact:398,Intrvl:15,num_users:660,errors:0
rt:25.66,through:28.93,tt:0.33,num_interact:434,Intrvl:15,num_users:774,errors:2
rt:23.39,through:28.4,tt:0.38,num_interact:426,Intrvl:15,num_users:806,errors:6
rt:27.34,through:26,tt:0.35,num_interact:390,Intrvl:15,num_users:775,errors:3
rt:28.52,through:26.53,tt:0.35,num_interact:398,Intrvl:15,num_users:726,errors:7
rt:27.28,through:26.93,tt:0.34,num_interact:404,Intrvl:15,num_users:763,errors:1
rt:25.59,through:24.2,tt:0.38,num_interact:363,Intrvl:15,num_users:689,errors:3
rt:27.47,through:27.2,tt:0.33,num_interact:408,Intrvl:15,num_users:777,errors:0
rt:25.8,through:24.87,tt:0.35,num_interact:373,Intrvl:15,num_users:709,errors:5
rt:26.35,through:27,tt:0.33,num_interact:405,Intrvl:15,num_users:712,errors:2
rt:29.45,through:26.8,tt:0.35,num_interact:402,Intrvl:15,num_users:695,errors:3
rt:23.85,through:27.87,tt:0.35,num_interact:424,Intrvl:15,num_users:721,errors:0
rt:24.97,through:28.2,tt:0.38,num_interact:423,Intrvl:15,num_users:720,errors:4
rt:26.2,through:26.87,tt:0.36,num_interact:403,Intrvl:15,num_users:701,errors:7
rt:26.92,through:26.53,tt:0.33,num_interact:398,Intrvl:15,num_users:682,errors:4
rt:24.77,through:26.27,tt:0.33,num_interact:394,Intrvl:15,num_users:629,errors:2
rt:24.98,through:26,tt:0.38,num_interact:390,Intrvl:15,num_users:674,errors:5
rt:24.8,through:27.33,tt:0.37,num_interact:410,Intrvl:15,num_users:666,errors:0
rt:25.65,through:27.67,tt:0.31,num_interact:415,Intrvl:15,num_users:683,errors:1
rt:23.27,through:28,tt:0.37,num_interact:420,Intrvl:15,num_users:693,errors:2
rt:24.56,through:25.27,tt:0.34,num_interact:379,Intrvl:15,num_users:643,errors:6
rt:25.68,through:25.2,tt:0.32,num_interact:378,Intrvl:15,num_users:597,errors:1
rt:24.02,through:27.4,tt:0.37,num_interact:411,Intrvl:15,num_users:651,errors:0
rt:23,through:26.33,tt:0.38,num_interact:403,Intrvl:15,num_users:736,errors:1
rt:24.31,through:28.4,tt:0.36,num_interact:426,Intrvl:15,num_users:765,errors:1
rt:25.23,through:28.33,tt:0.37,num_interact:426,Intrvl:15,num_users:771,errors:2
rt:24.43,through:26.53,tt:0.36,num_interact:398,Intrvl:15,num_users:731,errors:0
rt:26.74,through:25.4,tt:0.34,num_interact:381,Intrvl:15,num_users:676,errors:0
rt:24.51,through:25.87,tt:0.36,num_interact:389,Intrvl:15,num_users:644,errors:0
rt:24.89,through:26.53,tt:0.33,num_interact:398,Intrvl:15,num_users:624,errors:4
rt:25.22,through:27.87,tt:0.35,num_interact:418,Intrvl:15,num_users:644,errors:1
rt:23.69,through:27,tt:0.33,num_interact:405,Intrvl:15,num_users:632,errors:0
rt:22.28,through:27.27,tt:0.36,num_interact:409,Intrvl:15,num_users:644,errors:0
rt:21.66,through:28.4,tt:0.35,num_interact:426,Intrvl:15,num_users:673,errors:0
rt:22.64,through:27,tt:0.34,num_interact:405,Intrvl:15,num_users:643,errors:0
rt:21.82,through:27.73,tt:0.32,num_interact:417,Intrvl:15,num_users:761,errors:3
rt:24.14,through:23.4,tt:0.36,num_interact:351,Intrvl:15,num_users:643,errors:8
rt:26.79,through:25.33,tt:0.36,num_interact:380,Intrvl:15,num_users:610,errors:0
rt:23.97,through:27.6,tt:0.38,num_interact:414,Intrvl:15,num_users:698,errors:2
rt:23.32,through:26.27,tt:0.38,num_interact:394,Intrvl:15,num_users:671,errors:2
rt:25.8,through:27.2,tt:0.34,num_interact:413,Intrvl:15,num_users:705,errors:1
rt:22.93,through:25.27,tt:0.34,num_interact:379,Intrvl:15,num_users:629,errors:1
rt:24.97,through:27.13,tt:0.36,num_interact:407,Intrvl:15,num_users:685,errors:1
rt:23.86,through:27.53,tt:0.37,num_interact:413,Intrvl:15,num_users:779,errors:1
rt:23.46,through:22.53,tt:0.32,num_interact:338,Intrvl:15,num_users:653,errors:0
rt:24.39,through:26.33,tt:0.32,num_interact:395,Intrvl:15,num_users:686,errors:3
rt:24.55,through:29.13,tt:0.34,num_interact:437,Intrvl:15,num_users:748,errors:0
rt:24.27,through:24.53,tt:0.36,num_interact:368,Intrvl:15,num_users:691,errors:6
rt:24.14,through:27.53,tt:0.35,num_interact:413,Intrvl:15,num_users:697,errors:3
rt:26.94,through:28.13,tt:0.36,num_interact:424,Intrvl:15,num_users:755,errors:0
rt:24.49,through:26.8,tt:0.34,num_interact:402,Intrvl:15,num_users:717,errors:4
rt:26.11,through:25.93,tt:0.37,num_interact:389,Intrvl:15,num_users:660,errors:0
rt:25.24,through:26.8,tt:0.37,num_interact:402,Intrvl:15,num_users:770,errors:4
rt:24.8,through:25.27,tt:0.34,num_interact:379,Intrvl:15,num_users:697,errors:1
rt:25.47,through:27.73,tt:0.36,num_interact:416,Intrvl:15,num_users:746,errors:4
rt:24.85,through:22.67,tt:0.35,num_interact:340,Intrvl:15,num_users:616,errors:6
rt:26.26,through:25.73,tt:0.34,num_interact:386,Intrvl:15,num_users:675,errors:2
rt:25.21,through:27.73,tt:0.36,num_interact:416,Intrvl:15,num_users:739,errors:2
rt:25.97,through:26.8,tt:0.38,num_interact:402,Intrvl:15,num_users:768,errors:3
rt:25.02,through:25.4,tt:0.35,num_interact:381,Intrvl:15,num_users:680,errors:6
rt:25.56,through:28.4,tt:0.36,num_interact:426,Intrvl:15,num_users:745,errors:2
rt:27.33,through:27,tt:0.39,num_interact:405,Intrvl:15,num_users:721,errors:5
rt:26.09,through:28.13,tt:0.35,num_interact:422,Intrvl:15,num_users:807,errors:4
rt:24.58,through:25,tt:0.34,num_interact:375,Intrvl:15,num_users:730,errors:2
rt:27.51,through:27.4,tt:0.38,num_interact:411,Intrvl:15,num_users:769,errors:4
rt:27.11,through:27.8,tt:0.36,num_interact:417,Intrvl:15,num_users:777,errors:0
rt:25.79,through:25.33,tt:0.35,num_interact:380,Intrvl:15,num_users:695,errors:1
rt:25.72,through:27.07,tt:0.37,num_interact:406,Intrvl:15,num_users:715,errors:0
rt:25.55,through:27.6,tt:0.37,num_interact:414,Intrvl:15,num_users:789,errors:4
rt:28.01,through:27.87,tt:0.37,num_interact:418,Intrvl:15,num_users:801,errors:0
rt:27.04,through:27.67,tt:0.36,num_interact:415,Intrvl:15,num_users:812,errors:3
rt:27.91,through:27.73,tt:0.34,num_interact:416,Intrvl:15,num_users:820,errors:9
rt:29.14,through:27.47,tt:0.35,num_interact:412,Intrvl:15,num_users:822,errors:4
rt:26.16,through:25.27,tt:0.34,num_interact:379,Intrvl:15,num_users:752,errors:5
rt:29.27,through:26.8,tt:0.33,num_interact:402,Intrvl:15,num_users:782,errors:2
rt:25.97,through:25.27,tt:0.39,num_interact:379,Intrvl:15,num_users:731,errors:3
rt:28.37,through:25.27,tt:0.33,num_interact:379,Intrvl:15,num_users:668,errors:2
rt:27.52,through:26.93,tt:0.36,num_interact:404,Intrvl:15,num_users:686,errors:9
rt:24.39,through:26.53,tt:0.34,num_interact:398,Intrvl:15,num_users:673,errors:4
rt:28.05,through:25.47,tt:0.37,num_interact:382,Intrvl:15,num_users:601,errors:4
rt:24.99,through:26.8,tt:0.36,num_interact:404,Intrvl:15,num_users:679,errors:7
rt:23.59,through:27.6,tt:0.35,num_interact:414,Intrvl:15,num_users:698,errors:4
rt:26.74,through:27.6,tt:0.35,num_interact:417,Intrvl:15,num_users:702,errors:4
rt:25.49,through:27,tt:0.36,num_interact:405,Intrvl:15,num_users:676,errors:4
rt:24.83,through:27,tt:0.32,num_interact:405,Intrvl:15,num_users:708,errors:4
rt:25.75,through:27.2,tt:0.33,num_interact:408,Intrvl:15,num_users:697,errors:1
rt:25.37,through:27.2,tt:0.33,num_interact:408,Intrvl:15,num_users:679,errors:1
rt:24.17,through:27.93,tt:0.33,num_interact:419,Intrvl:15,num_users:697,errors:1
rt:24.19,through:26.73,tt:0.39,num_interact:401,Intrvl:15,num_users:669,errors:1
rt:24.39,through:27.73,tt:0.37,num_interact:416,Intrvl:15,num_users:735,errors:0
rt:23.74,through:27.07,tt:0.36,num_interact:406,Intrvl:15,num_users:725,errors:0
rt:23.52,through:27.07,tt:0.33,num_interact:406,Intrvl:15,num_users:731,errors:0
rt:24.32,through:27,tt:0.33,num_interact:405,Intrvl:15,num_users:696,errors:5
rt:24.66,through:25.13,tt:0.38,num_interact:377,Intrvl:15,num_users:637,errors:6
rt:27.57,through:26.53,tt:0.38,num_interact:398,Intrvl:15,num_users:702,errors:6
rt:25.89,through:25.27,tt:0.35,num_interact:379,Intrvl:15,num_users:648,errors:0
rt:24.89,through:26.73,tt:0.34,num_interact:401,Intrvl:15,num_users:651,errors:2
rt:24.18,through:27,tt:0.34,num_interact:405,Intrvl:15,num_users:638,errors:4
rt:24.47,through:28,tt:0.35,num_interact:420,Intrvl:15,num_users:757,errors:1
rt:24.15,through:21.2,tt:0.37,num_interact:318,Intrvl:15,num_users:607,errors:4
rt:24.95,through:27.47,tt:0.34,num_interact:412,Intrvl:15,num_users:604,errors:3
rt:23.59,through:27.53,tt:0.36,num_interact:413,Intrvl:15,num_users:650,errors:1
rt:24.66,through:27.73,tt:0.36,num_interact:416,Intrvl:15,num_users:654,errors:0
rt:22.68,through:29,tt:0.37,num_interact:435,Intrvl:15,num_users:661,errors:4
rt:22.06,through:27.53,tt:0.33,num_interact:425,Intrvl:15,num_users:704,errors:0
rt:24.67,through:22.2,tt:0.38,num_interact:333,Intrvl:15,num_users:575,errors:0
rt:23.52,through:26.73,tt:0.34,num_interact:401,Intrvl:15,num_users:612,errors:0
rt:22.2,through:27.33,tt:0.39,num_interact:410,Intrvl:15,num_users:613,errors:1
rt:22.33,through:27.27,tt:0.35,num_interact:409,Intrvl:15,num_users:628,errors:0
rt:21.82,through:27.07,tt:0.31,num_interact:406,Intrvl:15,num_users:624,errors:0
rt:23.27,through:26.93,tt:0.34,num_interact:404,Intrvl:15,num_users:606,errors:1
rt:22.92,through:27.53,tt:0.32,num_interact:413,Intrvl:15,num_users:604,errors:1
rt:22.17,through:27.47,tt:0.33,num_interact:412,Intrvl:15,num_users:601,errors:0
rt:21.04,through:27.87,tt:0.36,num_interact:418,Intrvl:15,num_users:599,errors:0
rt:21.35,through:27.8,tt:0.34,num_interact:417,Intrvl:15,num_users:649,errors:0
rt:21.12,through:28.53,tt:0.37,num_interact:428,Intrvl:15,num_users:741,errors:2
rt:22.81,through:23.47,tt:0.35,num_interact:352,Intrvl:15,num_users:626,errors:1
rt:24.33,through:23.53,tt:0.37,num_interact:353,Intrvl:15,num_users:562,errors:0
rt:23.44,through:27.07,tt:0.33,num_interact:406,Intrvl:15,num_users:582,errors:0
rt:21.37,through:27.87,tt:0.38,num_interact:418,Intrvl:15,num_users:637,errors:0
rt:21.3,through:27.73,tt:0.36,num_interact:416,Intrvl:15,num_users:636,errors:0
rt:22.45,through:27.8,tt:0.34,num_interact:426,Intrvl:15,num_users:690,errors:0
rt:23.01,through:24.67,tt:0.36,num_interact:370,Intrvl:15,num_users:616,errors:1
rt:23.15,through:27.4,tt:0.37,num_interact:412,Intrvl:15,num_users:634,errors:0
rt:22.43,through:27.13,tt:0.36,num_interact:407,Intrvl:15,num_users:680,errors:0
rt:22.73,through:27.6,tt:0.35,num_interact:415,Intrvl:15,num_users:672,errors:2
rt:23.09,through:28.53,tt:0.33,num_interact:428,Intrvl:15,num_users:676,errors:2
rt:23.5,through:25.6,tt:0.36,num_interact:384,Intrvl:15,num_users:622,errors:0
rt:24.17,through:26.93,tt:0.34,num_interact:404,Intrvl:15,num_users:615,errors:0
rt:22.58,through:25.87,tt:0.32,num_interact:388,Intrvl:15,num_users:567,errors:0
rt:21.19,through:27.07,tt:0.33,num_interact:406,Intrvl:15,num_users:584,errors:0
rt:21.88,through:27.93,tt:0.34,num_interact:419,Intrvl:15,num_users:597,errors:1
rt:21.16,through:25.33,tt:0.34,num_interact:380,Intrvl:15,num_users:560,errors:0
rt:21.23,through:27.73,tt:0.35,num_interact:418,Intrvl:15,num_users:581,errors:4
rt:21.62,through:28.6,tt:0.35,num_interact:429,Intrvl:15,num_users:601,errors:0
rt:21.76,through:26.8,tt:0.33,num_interact:402,Intrvl:15,num_users:581,errors:0
rt:20.73,through:27.73,tt:0.39,num_interact:416,Intrvl:15,num_users:638,errors:0
rt:21.22,through:27.8,tt:0.36,num_interact:417,Intrvl:15,num_users:710,errors:0
rt:22.61,through:27.13,tt:0.36,num_interact:411,Intrvl:15,num_users:725,errors:0
rt:23.36,through:26.8,tt:0.36,num_interact:414,Intrvl:15,num_users:702,errors:0
rt:24.25,through:28.8,tt:0.33,num_interact:432,Intrvl:15,num_users:735,errors:0
rt:23.43,through:25.2,tt:0.36,num_interact:378,Intrvl:15,num_users:668,errors:0
rt:23.38,through:24.73,tt:0.32,num_interact:371,Intrvl:15,num_users:591,errors:1
rt:24.3,through:26.53,tt:0.37,num_interact:398,Intrvl:15,num_users:630,errors:0
rt:24.37,through:25.27,tt:0.33,num_interact:379,Intrvl:15,num_users:598,errors:0
rt:22.1,through:28.53,tt:0.35,num_interact:428,Intrvl:15,num_users:622,errors:0
rt:22.75,through:27.27,tt:0.36,num_interact:409,Intrvl:15,num_users:677,errors:0
rt:22.41,through:28.33,tt:0.37,num_interact:425,Intrvl:15,num_users:687,errors:0
rt:22.78,through:24.8,tt:0.34,num_interact:372,Intrvl:15,num_users:624,errors:2
rt:23.84,through:27.67,tt:0.36,num_interact:415,Intrvl:15,num_users:625,errors:0
rt:22.1,through:27.47,tt:0.33,num_interact:412,Intrvl:15,num_users:623,errors:0
rt:21.58,through:28.2,tt:0.37,num_interact:423,Intrvl:15,num_users:626,errors:2
rt:22.56,through:28,tt:0.37,num_interact:420,Intrvl:15,num_users:633,errors:1
rt:22.92,through:26,tt:0.36,num_interact:390,Intrvl:15,num_users:605,errors:0
rt:21.38,through:27.93,tt:0.38,num_interact:419,Intrvl:15,num_users:693,errors:0
rt:23.64,through:25.33,tt:0.37,num_interact:380,Intrvl:15,num_users:644,errors:2
rt:22.77,through:26.33,tt:0.34,num_interact:395,Intrvl:15,num_users:628,errors:1
rt:24.09,through:26.93,tt:0.34,num_interact:404,Intrvl:15,num_users:638,errors:0
rt:22.66,through:28.2,tt:0.34,num_interact:423,Intrvl:15,num_users:648,errors:0
rt:22.76,through:24.67,tt:0.36,num_interact:370,Intrvl:15,num_users:589,errors:2
rt:22.68,through:27.6,tt:0.34,num_interact:414,Intrvl:15,num_users:662,errors:0
rt:21.8,through:23.73,tt:0.36,num_interact:356,Intrvl:15,num_users:566,errors:0
rt:21.67,through:26.73,tt:0.35,num_interact:401,Intrvl:15,num_users:582,errors:1
rt:21.75,through:26.8,tt:0.38,num_interact:409,Intrvl:15,num_users:628,errors:0
rt:21.59,through:27.93,tt:0.35,num_interact:419,Intrvl:15,num_users:632,errors:3
rt:22.96,through:25.6,tt:0.36,num_interact:384,Intrvl:15,num_users:572,errors:0
rt:22.43,through:27,tt:0.38,num_interact:405,Intrvl:15,num_users:622,errors:2
rt:21.74,through:27.33,tt:0.39,num_interact:410,Intrvl:15,num_users:619,errors:3
rt:22.82,through:27.93,tt:0.39,num_interact:419,Intrvl:15,num_users:653,errors:0
rt:21.96,through:26.93,tt:0.36,num_interact:409,Intrvl:15,num_users:638,errors:3
rt:23.31,through:27.73,tt:0.35,num_interact:416,Intrvl:15,num_users:618,errors:2
rt:23.24,through:27.8,tt:0.33,num_interact:417,Intrvl:15,num_users:655,errors:0
rt:23.24,through:24.8,tt:0.36,num_interact:372,Intrvl:15,num_users:598,errors:0
rt:22.04,through:26.93,tt:0.33,num_interact:404,Intrvl:15,num_users:594,errors:0
rt:22.5,through:27.73,tt:0.39,num_interact:416,Intrvl:15,num_users:658,errors:0
rt:21.74,through:23.93,tt:0.35,num_interact:359,Intrvl:15,num_users:582,errors:1
rt:22.49,through:27.8,tt:0.35,num_interact:417,Intrvl:15,num_users:693,errors:0
rt:21.33,through:28.07,tt:0.35,num_interact:421,Intrvl:15,num_users:716,errors:0
rt:22.9,through:23.53,tt:0.39,num_interact:353,Intrvl:15,num_users:596,errors:0
rt:23.02,through:27.07,tt:0.37,num_interact:406,Intrvl:15,num_users:653,errors:0
rt:23.67,through:27.93,tt:0.35,num_interact:419,Intrvl:15,num_users:664,errors:0
rt:22.04,through:24.87,tt:0.36,num_interact:373,Intrvl:15,num_users:586,errors:0
rt:21.97,through:26.33,tt:0.33,num_interact:395,Intrvl:15,num_users:614,errors:1
rt:22.84,through:28.33,tt:0.36,num_interact:425,Intrvl:15,num_users:631,errors:2
rt:23.28,through:26.33,tt:0.36,num_interact:395,Intrvl:15,num_users:608,errors:1
rt:21.21,through:26.8,tt:0.38,num_interact:402,Intrvl:15,num_users:593,errors:1
rt:21.88,through:27.73,tt:0.36,num_interact:416,Intrvl:15,num_users:644,errors:1
rt:22.24,through:26.13,tt:0.35,num_interact:392,Intrvl:15,num_users:607,errors:2
rt:22.51,through:27.27,tt:0.33,num_interact:409,Intrvl:15,num_users:596,errors:1
rt:23.03,through:27.73,tt:0.32,num_interact:416,Intrvl:15,num_users:603,errors:1
rt:22.09,through:24.87,tt:0.34,num_interact:373,Intrvl:15,num_users:543,errors:1
rt:21.61,through:27.2,tt:0.35,num_interact:408,Intrvl:15,num_users:631,errors:1
rt:21.16,through:26.4,tt:0.37,num_interact:396,Intrvl:15,num_users:598,errors:0
rt:21.13,through:25.8,tt:0.35,num_interact:387,Intrvl:15,num_users:555,errors:0
rt:21.18,through:27.07,tt:0.32,num_interact:406,Intrvl:15,num_users:560,errors:0
rt:20.82,through:27.8,tt:0.37,num_interact:417,Intrvl:15,num_users:605,errors:0
rt:19.99,through:26.07,tt:0.35,num_interact:391,Intrvl:15,num_users:578,errors:0
rt:21.27,through:28.07,tt:0.34,num_interact:421,Intrvl:15,num_users:616,errors:0
rt:21.48,through:27.67,tt:0.36,num_interact:415,Intrvl:15,num_users:635,errors:0
rt:20.96,through:28,tt:0.36,num_interact:420,Intrvl:15,num_users:636,errors:0
rt:22.19,through:27.6,tt:0.36,num_interact:414,Intrvl:15,num_users:648,errors:0
rt:22.48,through:17.93,tt:0.32,num_interact:269,Intrvl:15,num_users:418,errors:0
rt:19.84,through:24.53,tt:0.36,num_interact:368,Intrvl:15,num_users:417,errors:1
rt:16.51,through:27.67,tt:0.36,num_interact:415,Intrvl:15,num_users:422,errors:0
rt:15.21,through:27.73,tt:0.36,num_interact:416,Intrvl:15,num_users:419,errors:1
rt:15.2,through:25.6,tt:0.34,num_interact:384,Intrvl:15,num_users:380,errors:0
rt:13.98,through:28.13,tt:0.36,num_interact:422,Intrvl:15,num_users:386,errors:0
rt:13.23,through:26.73,tt:0.34,num_interact:401,Intrvl:15,num_users:368,errors:0
rt:13.37,through:27.73,tt:0.38,num_interact:416,Intrvl:15,num_users:404,errors:0
rt:14.02,through:26.4,tt:0.37,num_interact:396,Intrvl:15,num_users:363,errors:0
rt:13.11,through:26.67,tt:0.36,num_interact:400,Intrvl:15,num_users:376,errors:0
rt:13.51,through:26.93,tt:0.37,num_interact:404,Intrvl:15,num_users:360,errors:0
rt:13.16,through:27.53,tt:0.39,num_interact:413,Intrvl:15,num_users:381,errors:0
rt:13.11,through:28.07,tt:0.34,num_interact:421,Intrvl:15,num_users:394,errors:0
rt:13.68,through:28.13,tt:0.38,num_interact:422,Intrvl:15,num_users:390,errors:0
rt:13.82,through:24.67,tt:0.35,num_interact:370,Intrvl:15,num_users:343,errors:0
rt:12.89,through:27.33,tt:0.36,num_interact:410,Intrvl:15,num_users:395,errors:0
rt:13.97,through:27.53,tt:0.36,num_interact:413,Intrvl:15,num_users:388,errors:0
rt:13.61,through:28,tt:0.34,num_interact:420,Intrvl:15,num_users:389,errors:0
rt:13.68,through:27.73,tt:0.38,num_interact:416,Intrvl:15,num_users:424,errors:0
rt:14.97,through:26.87,tt:0.36,num_interact:403,Intrvl:15,num_users:411,errors:0
rt:14.51,through:23.73,tt:0.33,num_interact:356,Intrvl:15,num_users:352,errors:0
rt:13.46,through:27.6,tt:0.39,num_interact:414,Intrvl:15,num_users:376,errors:0
rt:13.55,through:27.6,tt:0.34,num_interact:414,Intrvl:15,num_users:403,errors:0
rt:13.68,through:26.67,tt:0.35,num_interact:400,Intrvl:15,num_users:381,errors:0
rt:14.07,through:27.8,tt:0.32,num_interact:417,Intrvl:15,num_users:403,errors:0
rt:14.21,through:26.87,tt:0.34,num_interact:403,Intrvl:15,num_users:390,errors:0
rt:13.69,through:27.07,tt:0.34,num_interact:408,Intrvl:15,num_users:378,errors:0
rt:13.5,through:26.33,tt:0.33,num_interact:395,Intrvl:15,num_users:345,errors:0
rt:12.28,through:27.33,tt:0.33,num_interact:410,Intrvl:15,num_users:342,errors:0
rt:12.38,through:28.07,tt:0.36,num_interact:421,Intrvl:15,num_users:409,errors:0
rt:14.4,through:27.8,tt:0.36,num_interact:417,Intrvl:15,num_users:456,errors:0
rt:15.68,through:22.33,tt:0.36,num_interact:335,Intrvl:15,num_users:362,errors:0
rt:14.41,through:26.93,tt:0.37,num_interact:404,Intrvl:15,num_users:408,errors:0
rt:14.46,through:25.87,tt:0.32,num_interact:388,Intrvl:15,num_users:368,errors:0
rt:13.5,through:27.93,tt:0.37,num_interact:419,Intrvl:15,num_users:435,errors:0
rt:15.5,through:25.6,tt:0.32,num_interact:384,Intrvl:15,num_users:397,errors:0
rt:15.19,through:26.53,tt:0.32,num_interact:398,Intrvl:15,num_users:385,errors:0
rt:13.05,through:25.47,tt:0.36,num_interact:382,Intrvl:15,num_users:343,errors:0
rt:13.24,through:27.33,tt:0.35,num_interact:410,Intrvl:15,num_users:415,errors:0
rt:14.52,through:27.6,tt:0.37,num_interact:414,Intrvl:15,num_users:423,errors:0
rt:14.69,through:26.13,tt:0.36,num_interact:392,Intrvl:15,num_users:394,errors:0
rt:14.69,through:26,tt:0.34,num_interact:390,Intrvl:15,num_users:363,errors:0
rt:12.97,through:26.4,tt:0.36,num_interact:396,Intrvl:15,num_users:343,errors:0
rt:12.4,through:28.2,tt:0.36,num_interact:423,Intrvl:15,num_users:361,errors:0
rt:12.75,through:27.93,tt:0.35,num_interact:419,Intrvl:15,num_users:394,errors:0
rt:13.44,through:27.67,tt:0.35,num_interact:415,Intrvl:15,num_users:474,errors:0
rt:16.78,through:23.93,tt:0.36,num_interact:359,Intrvl:15,num_users:407,errors:0
rt:16.2,through:24.33,tt:0.36,num_interact:365,Intrvl:15,num_users:362,errors:0
rt:13.43,through:27.33,tt:0.34,num_interact:410,Intrvl:15,num_users:416,errors:0
rt:14.8,through:27.93,tt:0.37,num_interact:419,Intrvl:15,num_users:415,errors:0
rt:14.49,through:26.93,tt:0.31,num_interact:404,Intrvl:15,num_users:401,errors:0
rt:14.29,through:27.93,tt:0.36,num_interact:419,Intrvl:15,num_users:443,errors:0
rt:15.54,through:23.93,tt:0.34,num_interact:359,Intrvl:15,num_users:371,errors:0
rt:13.8,through:27.93,tt:0.36,num_interact:419,Intrvl:15,num_users:407,errors:0
rt:14.39,through:26.47,tt:0.35,num_interact:397,Intrvl:15,num_users:387,errors:0
rt:14.57,through:27.07,tt:0.35,num_interact:406,Intrvl:15,num_users:403,errors:0
rt:13.99,through:26,tt:0.33,num_interact:390,Intrvl:15,num_users:380,errors:0
rt:14.13,through:27.67,tt:0.34,num_interact:415,Intrvl:15,num_users:408,errors:0
rt:13.95,through:26.47,tt:0.34,num_interact:397,Intrvl:15,num_users:392,errors:0
rt:14.49,through:27.6,tt:0.38,num_interact:414,Intrvl:15,num_users:408,errors:0
Terminating EBs...
EB TPCW Broswing Mix EB #79commiting suicide!
EB TPCW Broswing Mix EB #112commiting suicide!
EB TPCW Broswing Mix EB #162commiting suicide!
EB TPCW Broswing Mix EB #22commiting suicide!
EB TPCW Broswing Mix EB #45commiting suicide!
EB TPCW Broswing Mix EB #15719commiting suicide!
EB TPCW Broswing Mix EB #233commiting suicide!
EB TPCW Broswing Mix EB #61commiting suicide!
EB TPCW Broswing Mix EB #183commiting suicide!
EB TPCW Broswing Mix EB #303commiting suicide!
EB TPCW Broswing Mix EB #196commiting suicide!
EB TPCW Broswing Mix EB #5commiting suicide!
EB TPCW Broswing Mix EB #309commiting suicide!
EB TPCW Broswing Mix EB #326commiting suicide!
EB TPCW Broswing Mix EB #146commiting suicide!
EB TPCW Broswing Mix EB #15723commiting suicide!
EB TPCW Broswing Mix EB #160commiting suicide!
EB TPCW Broswing Mix EB #15797commiting suicide!
EB TPCW Broswing Mix EB #170commiting suicide!
EB TPCW Broswing Mix EB #262commiting suicide!
EB TPCW Broswing Mix EB #15799commiting suicide!
EB TPCW Broswing Mix EB #314commiting suicide!
EB TPCW Broswing Mix EB #210commiting suicide!
EB TPCW Broswing Mix EB #247commiting suicide!
EB TPCW Broswing Mix EB #28commiting suicide!
EB TPCW Broswing Mix EB #15505commiting suicide!
EB TPCW Broswing Mix EB #15803commiting suicide!
EB TPCW Broswing Mix EB #15771commiting suicide!
EB TPCW Broswing Mix EB #816commiting suicide!
EB TPCW Broswing Mix EB #15802commiting suicide!
EB TPCW Broswing Mix EB #248commiting suicide!
EB TPCW Broswing Mix EB #53commiting suicide!
EB TPCW Broswing Mix EB #187commiting suicide!
EB TPCW Broswing Mix EB #164commiting suicide!
EB TPCW Broswing Mix EB #143commiting suicide!
EB TPCW Broswing Mix EB #151commiting suicide!
EB TPCW Broswing Mix EB #179commiting suicide!
EB TPCW Broswing Mix EB #49commiting suicide!
EB TPCW Broswing Mix EB #9commiting suicide!
EB TPCW Broswing Mix EB #108commiting suicide!
EB TPCW Broswing Mix EB #73commiting suicide!
EB TPCW Broswing Mix EB #93commiting suicide!
EB TPCW Broswing Mix EB #270commiting suicide!
EB TPCW Broswing Mix EB #178commiting suicide!
EB TPCW Broswing Mix EB #94commiting suicide!
EB TPCW Broswing Mix EB #109commiting suicide!
EB TPCW Broswing Mix EB #275commiting suicide!
EB TPCW Broswing Mix EB #204commiting suicide!
EB TPCW Broswing Mix EB #34commiting suicide!
EB TPCW Broswing Mix EB #7commiting suicide!
EB TPCW Broswing Mix EB #300commiting suicide!
EB TPCW Broswing Mix EB #15495commiting suicide!
EB TPCW Broswing Mix EB #95commiting suicide!
EB TPCW Broswing Mix EB #104commiting suicide!
EB TPCW Broswing Mix EB #101commiting suicide!
EB TPCW Broswing Mix EB #39commiting suicide!
EB TPCW Broswing Mix EB #159commiting suicide!
EB TPCW Broswing Mix EB #267commiting suicide!
EB TPCW Broswing Mix EB #15624commiting suicide!
EB TPCW Broswing Mix EB #817commiting suicide!
EB TPCW Broswing Mix EB #15619commiting suicide!
EB TPCW Broswing Mix EB #195commiting suicide!
EB TPCW Broswing Mix EB #278commiting suicide!
EB TPCW Broswing Mix EB #67commiting suicide!
EB TPCW Broswing Mix EB #15488commiting suicide!
EB TPCW Broswing Mix EB #154commiting suicide!
EB TPCW Broswing Mix EB #266commiting suicide!
EB TPCW Broswing Mix EB #128commiting suicide!
EB TPCW Broswing Mix EB #15625commiting suicide!
EB TPCW Broswing Mix EB #226commiting suicide!
EB TPCW Broswing Mix EB #174commiting suicide!
EB TPCW Broswing Mix EB #312commiting suicide!
EB TPCW Broswing Mix EB #193commiting suicide!
EB TPCW Broswing Mix EB #33commiting suicide!
EB TPCW Broswing Mix EB #134commiting suicide!
EB TPCW Broswing Mix EB #15807commiting suicide!
EB TPCW Broswing Mix EB #31commiting suicide!
EB TPCW Broswing Mix EB #240commiting suicide!
EB TPCW Broswing Mix EB #296commiting suicide!
EB TPCW Broswing Mix EB #185commiting suicide!
EB TPCW Broswing Mix EB #152commiting suicide!
EB TPCW Broswing Mix EB #50commiting suicide!
EB TPCW Broswing Mix EB #90commiting suicide!
EB TPCW Broswing Mix EB #291commiting suicide!
EB TPCW Broswing Mix EB #3commiting suicide!
EB TPCW Broswing Mix EB #156commiting suicide!
EB TPCW Broswing Mix EB #15500commiting suicide!
EB TPCW Broswing Mix EB #283commiting suicide!
EB TPCW Broswing Mix EB #136commiting suicide!
EB TPCW Broswing Mix EB #106commiting suicide!
EB TPCW Broswing Mix EB #44commiting suicide!
EB TPCW Broswing Mix EB #313commiting suicide!
EB TPCW Broswing Mix EB #1048commiting suicide!
EB TPCW Broswing Mix EB #288commiting suicide!
EB TPCW Broswing Mix EB #15721commiting suicide!
EB TPCW Broswing Mix EB #319commiting suicide!
EB TPCW Broswing Mix EB #4commiting suicide!
EB TPCW Broswing Mix EB #60commiting suicide!
EB TPCW Broswing Mix EB #15496commiting suicide!
EB TPCW Broswing Mix EB #285commiting suicide!
EB TPCW Broswing Mix EB #18commiting suicide!
EB TPCW Broswing Mix EB #58commiting suicide!
EB TPCW Broswing Mix EB #26commiting suicide!
EB TPCW Broswing Mix EB #15796commiting suicide!
EB TPCW Broswing Mix EB #76commiting suicide!
EB TPCW Broswing Mix EB #105commiting suicide!
EB TPCW Broswing Mix EB #148commiting suicide!
EB TPCW Broswing Mix EB #69commiting suicide!
EB TPCW Broswing Mix EB #310commiting suicide!
EB TPCW Broswing Mix EB #15621commiting suicide!
EB TPCW Broswing Mix EB #298commiting suicide!
EB TPCW Broswing Mix EB #123commiting suicide!
EB TPCW Broswing Mix EB #182commiting suicide!
EB TPCW Broswing Mix EB #103commiting suicide!
EB TPCW Broswing Mix EB #15795commiting suicide!
EB TPCW Broswing Mix EB #231commiting suicide!
EB TPCW Broswing Mix EB #301commiting suicide!
EB TPCW Broswing Mix EB #15504commiting suicide!
EB TPCW Broswing Mix EB #85commiting suicide!
EB TPCW Broswing Mix EB #259commiting suicide!
EB TPCW Broswing Mix EB #72commiting suicide!
EB TPCW Broswing Mix EB #207commiting suicide!
EB TPCW Broswing Mix EB #15503commiting suicide!
EB TPCW Broswing Mix EB #13commiting suicide!
EB TPCW Broswing Mix EB #311commiting suicide!
EB TPCW Broswing Mix EB #38commiting suicide!
EB TPCW Broswing Mix EB #292commiting suicide!
EB TPCW Broswing Mix EB #83commiting suicide!
EB TPCW Broswing Mix EB #82commiting suicide!
EB TPCW Broswing Mix EB #15502commiting suicide!
EB TPCW Broswing Mix EB #15777commiting suicide!
EB TPCW Broswing Mix EB #15772commiting suicide!
EB TPCW Broswing Mix EB #235commiting suicide!
EB TPCW Broswing Mix EB #127commiting suicide!
EB TPCW Broswing Mix EB #114commiting suicide!
EB TPCW Broswing Mix EB #102commiting suicide!
EB TPCW Broswing Mix EB #40commiting suicide!
EB TPCW Broswing Mix EB #219commiting suicide!
EB TPCW Broswing Mix EB #205commiting suicide!
EB TPCW Broswing Mix EB #23commiting suicide!
EB TPCW Broswing Mix EB #65commiting suicide!
EB TPCW Broswing Mix EB #15181commiting suicide!
EB TPCW Broswing Mix EB #15808commiting suicide!
EB TPCW Broswing Mix EB #215commiting suicide!
EB TPCW Broswing Mix EB #15774commiting suicide!
EB TPCW Broswing Mix EB #118commiting suicide!
EB TPCW Broswing Mix EB #21commiting suicide!
EB TPCW Broswing Mix EB #161commiting suicide!
EB TPCW Broswing Mix EB #232commiting suicide!
EB TPCW Broswing Mix EB #169commiting suicide!
EB TPCW Broswing Mix EB #214commiting suicide!
EB TPCW Broswing Mix EB #56commiting suicide!
EB TPCW Broswing Mix EB #142commiting suicide!
EB TPCW Broswing Mix EB #166commiting suicide!
EB TPCW Broswing Mix EB #149commiting suicide!
EB TPCW Broswing Mix EB #15490commiting suicide!
EB TPCW Broswing Mix EB #15773commiting suicide!
EB TPCW Broswing Mix EB #52commiting suicide!
EB TPCW Broswing Mix EB #57commiting suicide!
EB TPCW Broswing Mix EB #188commiting suicide!
EB TPCW Broswing Mix EB #15778commiting suicide!
EB TPCW Broswing Mix EB #252commiting suicide!
EB TPCW Broswing Mix EB #15489commiting suicide!
EB TPCW Broswing Mix EB #15626commiting suicide!
EB TPCW Broswing Mix EB #225commiting suicide!
EB TPCW Broswing Mix EB #258commiting suicide!
EB TPCW Broswing Mix EB #1045commiting suicide!
EB TPCW Broswing Mix EB #208commiting suicide!
EB TPCW Broswing Mix EB #15498commiting suicide!
EB TPCW Broswing Mix EB #173commiting suicide!
EB TPCW Broswing Mix EB #15commiting suicide!
EB TPCW Broswing Mix EB #15623commiting suicide!
EB TPCW Broswing Mix EB #305commiting suicide!
EB TPCW Broswing Mix EB #224commiting suicide!
EB TPCW Broswing Mix EB #87commiting suicide!
EB TPCW Broswing Mix EB #15775commiting suicide!
EB TPCW Broswing Mix EB #255commiting suicide!
EB TPCW Broswing Mix EB #20commiting suicide!
EB TPCW Broswing Mix EB #1046commiting suicide!
EB TPCW Broswing Mix EB #249commiting suicide!
EB TPCW Broswing Mix EB #144commiting suicide!
EB TPCW Broswing Mix EB #220commiting suicide!
EB TPCW Broswing Mix EB #197commiting suicide!
EB TPCW Broswing Mix EB #129commiting suicide!
EB TPCW Broswing Mix EB #175commiting suicide!
EB TPCW Broswing Mix EB #86commiting suicide!
EB TPCW Broswing Mix EB #217commiting suicide!
EB TPCW Broswing Mix EB #81commiting suicide!
EB TPCW Broswing Mix EB #32commiting suicide!
EB TPCW Broswing Mix EB #253commiting suicide!
EB TPCW Broswing Mix EB #186commiting suicide!
EB TPCW Broswing Mix EB #96commiting suicide!
EB TPCW Broswing Mix EB #320commiting suicide!
EB TPCW Broswing Mix EB #181commiting suicide!
EB TPCW Broswing Mix EB #1049commiting suicide!
EB TPCW Broswing Mix EB #98commiting suicide!
EB TPCW Broswing Mix EB #286commiting suicide!
EB TPCW Broswing Mix EB #111commiting suicide!
EB TPCW Broswing Mix EB #221commiting suicide!
EB TPCW Broswing Mix EB #10commiting suicide!
EB TPCW Broswing Mix EB #117commiting suicide!
EB TPCW Broswing Mix EB #15622commiting suicide!
EB TPCW Broswing Mix EB #199commiting suicide!
EB TPCW Broswing Mix EB #211commiting suicide!
EB TPCW Broswing Mix EB #15768commiting suicide!
EB TPCW Broswing Mix EB #307commiting suicide!
EB TPCW Broswing Mix EB #113commiting suicide!
EB TPCW Broswing Mix EB #241commiting suicide!
EB TPCW Broswing Mix EB #189commiting suicide!
EB TPCW Broswing Mix EB #282commiting suicide!
EB TPCW Broswing Mix EB #12commiting suicide!
EB TPCW Broswing Mix EB #15497commiting suicide!
EB TPCW Broswing Mix EB #216commiting suicide!
EB TPCW Broswing Mix EB #51commiting suicide!
EB TPCW Broswing Mix EB #15491commiting suicide!
EB TPCW Broswing Mix EB #302commiting suicide!
EB TPCW Broswing Mix EB #257commiting suicide!
EB TPCW Broswing Mix EB #230commiting suicide!
EB TPCW Broswing Mix EB #75commiting suicide!
EB TPCW Broswing Mix EB #229commiting suicide!
EB TPCW Broswing Mix EB #244commiting suicide!
EB TPCW Broswing Mix EB #308commiting suicide!
EB TPCW Broswing Mix EB #254commiting suicide!
EB TPCW Broswing Mix EB #155commiting suicide!
EB TPCW Broswing Mix EB #242commiting suicide!
EB TPCW Broswing Mix EB #293commiting suicide!
EB TPCW Broswing Mix EB #202commiting suicide!
EB TPCW Broswing Mix EB #120commiting suicide!
EB TPCW Broswing Mix EB #315commiting suicide!
EB TPCW Broswing Mix EB #84commiting suicide!
EB TPCW Broswing Mix EB #167commiting suicide!
EB TPCW Broswing Mix EB #201commiting suicide!
EB TPCW Broswing Mix EB #294commiting suicide!
EB TPCW Broswing Mix EB #289commiting suicide!
EB TPCW Broswing Mix EB #163commiting suicide!
EB TPCW Broswing Mix EB #29commiting suicide!
EB TPCW Broswing Mix EB #261commiting suicide!
EB TPCW Broswing Mix EB #131commiting suicide!
EB TPCW Broswing Mix EB #273commiting suicide!
EB TPCW Broswing Mix EB #15804commiting suicide!
EB TPCW Broswing Mix EB #116commiting suicide!
EB TPCW Broswing Mix EB #184commiting suicide!
EB TPCW Broswing Mix EB #88commiting suicide!
EB TPCW Broswing Mix EB #171commiting suicide!
EB TPCW Broswing Mix EB #107commiting suicide!
EB TPCW Broswing Mix EB #100commiting suicide!
EB TPCW Broswing Mix EB #279commiting suicide!
EB TPCW Broswing Mix EB #130commiting suicide!
EB TPCW Broswing Mix EB #327commiting suicide!
EB TPCW Broswing Mix EB #304commiting suicide!
EB TPCW Broswing Mix EB #239commiting suicide!
EB TPCW Broswing Mix EB #30commiting suicide!
EB TPCW Broswing Mix EB #1044commiting suicide!
EB TPCW Broswing Mix EB #328commiting suicide!
EB TPCW Broswing Mix EB #137commiting suicide!
EB TPCW Broswing Mix EB #306commiting suicide!
EB TPCW Broswing Mix EB #99commiting suicide!
EB TPCW Broswing Mix EB #147commiting suicide!
EB TPCW Broswing Mix EB #317commiting suicide!
EB TPCW Broswing Mix EB #1041commiting suicide!
EB TPCW Broswing Mix EB #194commiting suicide!
EB TPCW Broswing Mix EB #236commiting suicide!
EB TPCW Broswing Mix EB #66commiting suicide!
EB TPCW Broswing Mix EB #19commiting suicide!
EB TPCW Broswing Mix EB #41commiting suicide!
EB TPCW Broswing Mix EB #206commiting suicide!
EB TPCW Broswing Mix EB #139commiting suicide!
EB TPCW Broswing Mix EB #250commiting suicide!
EB TPCW Broswing Mix EB #55commiting suicide!
EB TPCW Broswing Mix EB #43commiting suicide!
EB TPCW Broswing Mix EB #198commiting suicide!
EB TPCW Broswing Mix EB #62commiting suicide!
EB TPCW Broswing Mix EB #280commiting suicide!
EB TPCW Broswing Mix EB #237commiting suicide!
EB TPCW Broswing Mix EB #265commiting suicide!
EB TPCW Broswing Mix EB #218commiting suicide!
EB TPCW Broswing Mix EB #15493commiting suicide!
EB TPCW Broswing Mix EB #35commiting suicide!
EB TPCW Broswing Mix EB #200commiting suicide!
EB TPCW Broswing Mix EB #54commiting suicide!
EB TPCW Broswing Mix EB #15769commiting suicide!
EB TPCW Broswing Mix EB #110commiting suicide!
EB TPCW Broswing Mix EB #15492commiting suicide!
EB TPCW Broswing Mix EB #271commiting suicide!
EB TPCW Broswing Mix EB #91commiting suicide!
EB TPCW Broswing Mix EB #133commiting suicide!
EB TPCW Broswing Mix EB #245commiting suicide!
EB TPCW Broswing Mix EB #299commiting suicide!
EB TPCW Broswing Mix EB #322commiting suicide!
EB TPCW Broswing Mix EB #42commiting suicide!
EB TPCW Broswing Mix EB #15494commiting suicide!
EB TPCW Broswing Mix EB #238commiting suicide!
EB TPCW Broswing Mix EB #223commiting suicide!
EB TPCW Broswing Mix EB #74commiting suicide!
EB TPCW Broswing Mix EB #135commiting suicide!
EB TPCW Broswing Mix EB #15506commiting suicide!
EB TPCW Broswing Mix EB #64commiting suicide!
EB TPCW Broswing Mix EB #89commiting suicide!
EB TPCW Broswing Mix EB #165commiting suicide!
EB TPCW Broswing Mix EB #243commiting suicide!
EB TPCW Broswing Mix EB #15770commiting suicide!
EB TPCW Broswing Mix EB #15501commiting suicide!
EB TPCW Broswing Mix EB #1043commiting suicide!
EB TPCW Broswing Mix EB #15800commiting suicide!
EB TPCW Broswing Mix EB #324commiting suicide!
EB TPCW Broswing Mix EB #59commiting suicide!
EB TPCW Broswing Mix EB #269commiting suicide!
EB TPCW Broswing Mix EB #277commiting suicide!
EB TPCW Broswing Mix EB #11commiting suicide!
EB TPCW Broswing Mix EB #295commiting suicide!
EB TPCW Broswing Mix EB #77commiting suicide!
EB TPCW Broswing Mix EB #36commiting suicide!
EB TPCW Broswing Mix EB #63commiting suicide!
EB TPCW Broswing Mix EB #290commiting suicide!
EB TPCW Broswing Mix EB #318commiting suicide!
EB TPCW Broswing Mix EB #172commiting suicide!
EB TPCW Broswing Mix EB #15805commiting suicide!
EB TPCW Broswing Mix EB #17commiting suicide!
EB TPCW Broswing Mix EB #15716commiting suicide!
EB TPCW Broswing Mix EB #281commiting suicide!
EB TPCW Broswing Mix EB #124commiting suicide!
EB TPCW Broswing Mix EB #276commiting suicide!
EB TPCW Broswing Mix EB #132commiting suicide!
EB TPCW Broswing Mix EB #256commiting suicide!
EB TPCW Broswing Mix EB #126commiting suicide!
EB TPCW Broswing Mix EB #15806commiting suicide!
EB TPCW Broswing Mix EB #1052commiting suicide!
EB TPCW Broswing Mix EB #190commiting suicide!
EB TPCW Broswing Mix EB #15620commiting suicide!
EB TPCW Broswing Mix EB #121commiting suicide!
EB TPCW Broswing Mix EB #228commiting suicide!
EB TPCW Broswing Mix EB #192commiting suicide!
EB TPCW Broswing Mix EB #16commiting suicide!
EB TPCW Broswing Mix EB #1053commiting suicide!
EB TPCW Broswing Mix EB #176commiting suicide!
EB TPCW Broswing Mix EB #15767commiting suicide!
EB TPCW Broswing Mix EB #153commiting suicide!
EB TPCW Broswing Mix EB #46commiting suicide!
EB TPCW Broswing Mix EB #48commiting suicide!
EB TPCW Broswing Mix EB #15718commiting suicide!
EB TPCW Broswing Mix EB #177commiting suicide!
EB TPCW Broswing Mix EB #268commiting suicide!
EB TPCW Broswing Mix EB #115commiting suicide!
EB TPCW Broswing Mix EB #97commiting suicide!
EB TPCW Broswing Mix EB #212commiting suicide!
EB TPCW Broswing Mix EB #191commiting suicide!
EB TPCW Broswing Mix EB #203commiting suicide!
EB TPCW Broswing Mix EB #260commiting suicide!
EB TPCW Broswing Mix EB #24commiting suicide!
EB TPCW Broswing Mix EB #92commiting suicide!
EB TPCW Broswing Mix EB #141commiting suicide!
EB TPCW Broswing Mix EB #15627commiting suicide!
EB TPCW Broswing Mix EB #37commiting suicide!
EB TPCW Broswing Mix EB #15715commiting suicide!
EB TPCW Broswing Mix EB #251commiting suicide!
EB TPCW Broswing Mix EB #213commiting suicide!
EB TPCW Broswing Mix EB #325commiting suicide!
EB TPCW Broswing Mix EB #15801commiting suicide!
EB TPCW Broswing Mix EB #15722commiting suicide!
EB TPCW Broswing Mix EB #15810commiting suicide!
EB TPCW Broswing Mix EB #27commiting suicide!
EB TPCW Broswing Mix EB #274commiting suicide!
EB TPCW Broswing Mix EB #70commiting suicide!
EB TPCW Broswing Mix EB #1050commiting suicide!
EB TPCW Broswing Mix EB #1042commiting suicide!
EB TPCW Broswing Mix EB #80commiting suicide!
EB TPCW Broswing Mix EB #15720commiting suicide!
EB TPCW Broswing Mix EB #180commiting suicide!
EB TPCW Broswing Mix EB #264commiting suicide!
EB TPCW Broswing Mix EB #246commiting suicide!
EB TPCW Broswing Mix EB #1051commiting suicide!
EB TPCW Broswing Mix EB #227commiting suicide!
EB TPCW Broswing Mix EB #1047commiting suicide!
EB TPCW Broswing Mix EB #272commiting suicide!
EB TPCW Broswing Mix EB #15717commiting suicide!
EB TPCW Broswing Mix EB #138commiting suicide!
EB TPCW Broswing Mix EB #297commiting suicide!
EB TPCW Broswing Mix EB #321commiting suicide!
EB TPCW Broswing Mix EB #15776commiting suicide!
EB TPCW Broswing Mix EB #209commiting suicide!
EB TPCW Broswing Mix EB #122commiting suicide!
EB TPCW Broswing Mix EB #157commiting suicide!
EB TPCW Broswing Mix EB #263commiting suicide!
EB TPCW Broswing Mix EB #119commiting suicide!
EB TPCW Broswing Mix EB #222commiting suicide!
EB TPCW Broswing Mix EB #125commiting suicide!
EB TPCW Broswing Mix EB #158commiting suicide!
EB TPCW Broswing Mix EB #234commiting suicide!
EB TPCW Broswing Mix EB #316commiting suicide!
EB TPCW Broswing Mix EB #78commiting suicide!
EB TPCW Broswing Mix EB #145commiting suicide!
EB TPCW Broswing Mix EB #287commiting suicide!
EB TPCW Broswing Mix EB #71commiting suicide!
EB TPCW Broswing Mix EB #284commiting suicide!
EB TPCW Broswing Mix EB #323commiting suicide!
EB TPCW Broswing Mix EB #150commiting suicide!
EB TPCW Broswing Mix EB #15499commiting suicide!
EB TPCW Broswing Mix EB #140commiting suicide!
EB TPCW Broswing Mix EB #168commiting suicide!
EBs finished.
Really finishing RBE!.
