Remote Browser Emulator for TPC-W.
  ECE 902  Fall '99
  Version 1.5
System's current path is /root/loadtest
rt:0.15,through:2.13,tt:0.31,num_interact:32,Intrvl:15,num_users:1,errors:0
rt:2.09,through:8.07,tt:0.38,num_interact:121,Intrvl:15,num_users:20,errors:0
rt:6.6,through:6.07,tt:0.41,num_interact:91,Intrvl:15,num_users:80,errors:0
rt:10.64,through:8.6,tt:0.43,num_interact:129,Intrvl:15,num_users:120,errors:0
rt:13.95,through:8.27,tt:0.39,num_interact:124,Intrvl:15,num_users:180,errors:0
rt:16.77,through:8.4,tt:0.37,num_interact:126,Intrvl:15,num_users:240,errors:0
rt:22.02,through:8.93,tt:0.33,num_interact:134,Intrvl:15,num_users:280,errors:0
rt:28.68,through:8.27,tt:0.38,num_interact:124,Intrvl:15,num_users:310,errors:0
rt:30.09,through:8.6,tt:0.34,num_interact:129,Intrvl:15,num_users:360,errors:0
rt:37.19,through:8.13,tt:0.4,num_interact:122,Intrvl:15,num_users:390,errors:13
rt:36.97,through:8,tt:0.42,num_interact:120,Intrvl:15,num_users:413,errors:0
rt:39.97,through:8.13,tt:0.37,num_interact:122,Intrvl:15,num_users:486,errors:18
rt:49.82,through:7.33,tt:0.36,num_interact:110,Intrvl:15,num_users:421,errors:1
rt:48.08,through:6.2,tt:0.35,num_interact:93,Intrvl:15,num_users:342,errors:14
rt:50.05,through:3.47,tt:0.35,num_interact:52,Intrvl:15,num_users:322,errors:2
rt:61.83,through:6.6,tt:0.39,num_interact:99,Intrvl:15,num_users:403,errors:2
rt:54.85,through:6.53,tt:0.45,num_interact:98,Intrvl:15,num_users:405,errors:2
rt:55.8,through:8.33,tt:0.37,num_interact:125,Intrvl:15,num_users:417,errors:0
rt:51.03,through:7.73,tt:0.41,num_interact:116,Intrvl:15,num_users:406,errors:13
rt:50.97,through:7.27,tt:0.35,num_interact:109,Intrvl:15,num_users:351,errors:0
rt:50.73,through:6.8,tt:0.36,num_interact:102,Intrvl:15,num_users:434,errors:23
rt:51.19,through:6.33,tt:0.37,num_interact:95,Intrvl:15,num_users:343,errors:0
rt:49.96,through:6.93,tt:0.36,num_interact:104,Intrvl:15,num_users:417,errors:11
rt:51.58,through:4.6,tt:0.37,num_interact:69,Intrvl:15,num_users:424,errors:0
rt:62.63,through:7.2,tt:0.36,num_interact:108,Intrvl:15,num_users:424,errors:6
rt:54.69,through:7.73,tt:0.36,num_interact:116,Intrvl:15,num_users:414,errors:0
rt:63.11,through:8.07,tt:0.37,num_interact:121,Intrvl:15,num_users:501,errors:6
rt:54.87,through:6.73,tt:0.32,num_interact:101,Intrvl:15,num_users:407,errors:9
rt:51.72,through:7.67,tt:0.33,num_interact:115,Intrvl:15,num_users:438,errors:0
rt:56.51,through:4.33,tt:0.34,num_interact:65,Intrvl:15,num_users:480,errors:18
rt:60.25,through:7.53,tt:0.38,num_interact:113,Intrvl:15,num_users:444,errors:0
rt:62.4,through:7.47,tt:0.38,num_interact:112,Intrvl:15,num_users:482,errors:8
rt:55.26,through:6.67,tt:0.32,num_interact:100,Intrvl:15,num_users:475,errors:1
rt:68.26,through:7.13,tt:0.37,num_interact:107,Intrvl:15,num_users:452,errors:26
rt:59.78,through:6.4,tt:0.37,num_interact:96,Intrvl:15,num_users:440,errors:2
rt:61.67,through:7.47,tt:0.36,num_interact:112,Intrvl:15,num_users:445,errors:14
rt:58.76,through:7.2,tt:0.31,num_interact:108,Intrvl:15,num_users:508,errors:6
rt:73.48,through:7.67,tt:0.35,num_interact:115,Intrvl:15,num_users:426,errors:0
rt:57.38,through:7.27,tt:0.38,num_interact:109,Intrvl:15,num_users:455,errors:12
rt:64.46,through:5.8,tt:0.37,num_interact:87,Intrvl:15,num_users:435,errors:0
rt:62.68,through:6.27,tt:0.36,num_interact:94,Intrvl:15,num_users:463,errors:14
rt:59.7,through:7.4,tt:0.33,num_interact:111,Intrvl:15,num_users:444,errors:0
rt:64.67,through:7.13,tt:0.42,num_interact:107,Intrvl:15,num_users:412,errors:17
rt:63.19,through:6.47,tt:0.35,num_interact:97,Intrvl:15,num_users:419,errors:1
rt:57.54,through:7.6,tt:0.38,num_interact:114,Intrvl:15,num_users:409,errors:19
rt:53.9,through:6,tt:0.38,num_interact:90,Intrvl:15,num_users:427,errors:1
rt:62.31,through:8.6,tt:0.38,num_interact:129,Intrvl:15,num_users:416,errors:12
rt:53.42,through:7.27,tt:0.33,num_interact:109,Intrvl:15,num_users:448,errors:3
rt:59.09,through:8.13,tt:0.43,num_interact:122,Intrvl:15,num_users:456,errors:2
rt:51.71,through:7.2,tt:0.37,num_interact:108,Intrvl:15,num_users:482,errors:17
rt:57.59,through:8.53,tt:0.43,num_interact:128,Intrvl:15,num_users:465,errors:1
rt:56.79,through:8.13,tt:0.36,num_interact:122,Intrvl:15,num_users:472,errors:10
rt:60.22,through:7.27,tt:0.34,num_interact:109,Intrvl:15,num_users:454,errors:0
rt:59.91,through:7,tt:0.33,num_interact:105,Intrvl:15,num_users:417,errors:14
rt:54.41,through:6.2,tt:0.37,num_interact:93,Intrvl:15,num_users:490,errors:0
rt:60.18,through:7.27,tt:0.39,num_interact:109,Intrvl:15,num_users:473,errors:15
rt:54.36,through:7.67,tt:0.36,num_interact:115,Intrvl:15,num_users:449,errors:0
rt:62.95,through:6.53,tt:0.4,num_interact:98,Intrvl:15,num_users:434,errors:17
rt:54.93,through:5.6,tt:0.31,num_interact:84,Intrvl:15,num_users:407,errors:3
rt:63.2,through:8,tt:0.38,num_interact:120,Intrvl:15,num_users:472,errors:7
rt:62.05,through:7.27,tt:0.33,num_interact:109,Intrvl:15,num_users:463,errors:4
rt:55.47,through:7.6,tt:0.34,num_interact:114,Intrvl:15,num_users:371,errors:5
rt:30.56,through:13.2,tt:0.42,num_interact:198,Intrvl:15,num_users:454,errors:17
rt:36.48,through:14.93,tt:0.35,num_interact:224,Intrvl:15,num_users:419,errors:0
rt:28.42,through:15,tt:0.33,num_interact:225,Intrvl:15,num_users:435,errors:2
rt:26.19,through:16.33,tt:0.38,num_interact:245,Intrvl:15,num_users:483,errors:0
rt:27.32,through:16.8,tt:0.36,num_interact:252,Intrvl:15,num_users:486,errors:31
rt:29.42,through:13.07,tt:0.33,num_interact:196,Intrvl:15,num_users:400,errors:0
rt:23.86,through:16.13,tt:0.39,num_interact:242,Intrvl:15,num_users:419,errors:16
rt:28.77,through:14.8,tt:0.35,num_interact:222,Intrvl:15,num_users:414,errors:0
rt:23.81,through:16.6,tt:0.36,num_interact:249,Intrvl:15,num_users:370,errors:15
rt:27.2,through:13.8,tt:0.42,num_interact:207,Intrvl:15,num_users:466,errors:0
rt:24.22,through:16.87,tt:0.33,num_interact:253,Intrvl:15,num_users:466,errors:18
rt:27.78,through:14.87,tt:0.34,num_interact:223,Intrvl:15,num_users:459,errors:2
rt:26.11,through:17.33,tt:0.38,num_interact:260,Intrvl:15,num_users:445,errors:29
rt:26.61,through:13.47,tt:0.35,num_interact:202,Intrvl:15,num_users:421,errors:3
rt:27.29,through:15.8,tt:0.35,num_interact:237,Intrvl:15,num_users:438,errors:4
rt:28.39,through:16.53,tt:0.35,num_interact:248,Intrvl:15,num_users:438,errors:15
rt:28.95,through:15.2,tt:0.37,num_interact:228,Intrvl:15,num_users:423,errors:0
rt:26.37,through:16.87,tt:0.31,num_interact:253,Intrvl:15,num_users:437,errors:9
rt:26.89,through:15.6,tt:0.35,num_interact:234,Intrvl:15,num_users:419,errors:0
rt:25.62,through:16.47,tt:0.37,num_interact:247,Intrvl:15,num_users:463,errors:15
rt:27.64,through:13.07,tt:0.38,num_interact:196,Intrvl:15,num_users:379,errors:1
rt:23.48,through:15.4,tt:0.38,num_interact:231,Intrvl:15,num_users:498,errors:5
rt:27.19,through:14.93,tt:0.34,num_interact:224,Intrvl:15,num_users:514,errors:14
rt:30.54,through:15.53,tt:0.35,num_interact:233,Intrvl:15,num_users:497,errors:0
rt:29.8,through:16.07,tt:0.4,num_interact:241,Intrvl:15,num_users:480,errors:18
rt:32.07,through:13.8,tt:0.34,num_interact:207,Intrvl:15,num_users:400,errors:0
rt:26.49,through:15.73,tt:0.33,num_interact:236,Intrvl:15,num_users:470,errors:11
rt:30.4,through:12.47,tt:0.35,num_interact:187,Intrvl:15,num_users:403,errors:0
rt:26.37,through:17.2,tt:0.42,num_interact:258,Intrvl:15,num_users:546,errors:13
rt:33.05,through:11.27,tt:0.31,num_interact:169,Intrvl:15,num_users:410,errors:2
rt:28.47,through:15.33,tt:0.39,num_interact:230,Intrvl:15,num_users:463,errors:8
rt:28.12,through:13.07,tt:0.37,num_interact:196,Intrvl:15,num_users:417,errors:2
rt:28.07,through:15.67,tt:0.39,num_interact:235,Intrvl:15,num_users:447,errors:7
rt:27.58,through:15.07,tt:0.37,num_interact:226,Intrvl:15,num_users:455,errors:6
rt:29.72,through:16.87,tt:0.39,num_interact:253,Intrvl:15,num_users:521,errors:0
rt:28.17,through:15.87,tt:0.35,num_interact:238,Intrvl:15,num_users:484,errors:16
rt:30.54,through:15.33,tt:0.34,num_interact:230,Intrvl:15,num_users:521,errors:0
rt:28.9,through:13.47,tt:0.34,num_interact:202,Intrvl:15,num_users:438,errors:15
rt:31,through:14.07,tt:0.32,num_interact:211,Intrvl:15,num_users:433,errors:1
rt:24.91,through:16.4,tt:0.35,num_interact:246,Intrvl:15,num_users:452,errors:21
rt:31.2,through:14.87,tt:0.33,num_interact:223,Intrvl:15,num_users:496,errors:2
rt:29.66,through:17.4,tt:0.34,num_interact:261,Intrvl:15,num_users:507,errors:15
rt:30.03,through:14.67,tt:0.38,num_interact:220,Intrvl:15,num_users:458,errors:5
rt:28.06,through:13.67,tt:0.34,num_interact:206,Intrvl:15,num_users:421,errors:5
rt:27.44,through:16.6,tt:0.3,num_interact:249,Intrvl:15,num_users:424,errors:6
rt:27.25,through:15.87,tt:0.34,num_interact:238,Intrvl:15,num_users:431,errors:0
rt:25.46,through:15.6,tt:0.35,num_interact:234,Intrvl:15,num_users:417,errors:15
rt:24.16,through:15.73,tt:0.39,num_interact:236,Intrvl:15,num_users:468,errors:0
rt:26.71,through:16.73,tt:0.33,num_interact:251,Intrvl:15,num_users:470,errors:28
rt:29.33,through:15.47,tt:0.37,num_interact:232,Intrvl:15,num_users:508,errors:0
rt:28.62,through:18,tt:0.4,num_interact:270,Intrvl:15,num_users:486,errors:13
rt:33.19,through:15.07,tt:0.34,num_interact:226,Intrvl:15,num_users:473,errors:0
rt:26.81,through:15.8,tt:0.39,num_interact:237,Intrvl:15,num_users:490,errors:16
rt:31.12,through:14.13,tt:0.35,num_interact:212,Intrvl:15,num_users:442,errors:2
rt:28.81,through:15.6,tt:0.38,num_interact:234,Intrvl:15,num_users:424,errors:8
rt:28.63,through:16.2,tt:0.37,num_interact:243,Intrvl:15,num_users:482,errors:3
rt:28.99,through:15.2,tt:0.36,num_interact:228,Intrvl:15,num_users:461,errors:0
rt:26.5,through:15.93,tt:0.37,num_interact:239,Intrvl:15,num_users:490,errors:9
rt:29.29,through:16.8,tt:0.4,num_interact:252,Intrvl:15,num_users:505,errors:0
rt:27.67,through:15.8,tt:0.39,num_interact:237,Intrvl:15,num_users:482,errors:21
rt:32.08,through:15.93,tt:0.34,num_interact:241,Intrvl:15,num_users:508,errors:0
rt:27.75,through:16.87,tt:0.38,num_interact:253,Intrvl:15,num_users:515,errors:13
rt:33.33,through:13.87,tt:0.33,num_interact:208,Intrvl:15,num_users:482,errors:1
rt:27.23,through:16.53,tt:0.34,num_interact:248,Intrvl:15,num_users:444,errors:22
rt:28.74,through:13.07,tt:0.33,num_interact:196,Intrvl:15,num_users:433,errors:1
rt:27.37,through:14.13,tt:0.35,num_interact:212,Intrvl:15,num_users:403,errors:14
rt:35.78,through:11.73,tt:0.39,num_interact:176,Intrvl:15,num_users:463,errors:2
rt:28.52,through:21,tt:0.34,num_interact:315,Intrvl:15,num_users:444,errors:8
rt:21.29,through:23.2,tt:0.36,num_interact:348,Intrvl:15,num_users:454,errors:5
rt:20.12,through:25.67,tt:0.35,num_interact:385,Intrvl:15,num_users:452,errors:0
rt:17.61,through:23.27,tt:0.34,num_interact:349,Intrvl:15,num_users:402,errors:1
rt:17.71,through:25.13,tt:0.37,num_interact:377,Intrvl:15,num_users:500,errors:0
rt:18.54,through:23.67,tt:0.35,num_interact:355,Intrvl:15,num_users:479,errors:0
rt:18.36,through:25.6,tt:0.36,num_interact:384,Intrvl:15,num_users:491,errors:0
rt:18.81,through:25.07,tt:0.34,num_interact:376,Intrvl:15,num_users:483,errors:0
rt:19.4,through:24.13,tt:0.39,num_interact:364,Intrvl:15,num_users:519,errors:0
rt:19.11,through:25.93,tt:0.35,num_interact:389,Intrvl:15,num_users:514,errors:0
rt:19.54,through:25.2,tt:0.36,num_interact:378,Intrvl:15,num_users:518,errors:0
rt:19.84,through:27.2,tt:0.37,num_interact:408,Intrvl:15,num_users:543,errors:0
rt:21.11,through:23.73,tt:0.32,num_interact:356,Intrvl:15,num_users:487,errors:0
rt:19.5,through:23.73,tt:0.38,num_interact:356,Intrvl:15,num_users:476,errors:0
rt:19,through:22.93,tt:0.34,num_interact:344,Intrvl:15,num_users:413,errors:0
rt:17.61,through:24,tt:0.36,num_interact:360,Intrvl:15,num_users:483,errors:0
rt:18.46,through:24.27,tt:0.38,num_interact:364,Intrvl:15,num_users:480,errors:0
rt:18.47,through:23.93,tt:0.34,num_interact:359,Intrvl:15,num_users:435,errors:0
rt:17.58,through:25.2,tt:0.37,num_interact:379,Intrvl:15,num_users:482,errors:0
rt:18.08,through:25.13,tt:0.39,num_interact:377,Intrvl:15,num_users:521,errors:0
rt:19.34,through:22.93,tt:0.37,num_interact:344,Intrvl:15,num_users:444,errors:0
rt:18.42,through:23.87,tt:0.39,num_interact:358,Intrvl:15,num_users:510,errors:0
rt:18.99,through:22.73,tt:0.37,num_interact:350,Intrvl:15,num_users:447,errors:0
rt:18.36,through:24.47,tt:0.3,num_interact:367,Intrvl:15,num_users:459,errors:0
rt:18.06,through:25.93,tt:0.36,num_interact:389,Intrvl:15,num_users:442,errors:0
rt:16.62,through:22.27,tt:0.37,num_interact:334,Intrvl:15,num_users:392,errors:0
rt:17.1,through:24.6,tt:0.37,num_interact:369,Intrvl:15,num_users:535,errors:0
rt:18.85,through:23.47,tt:0.35,num_interact:352,Intrvl:15,num_users:482,errors:0
rt:19.49,through:25,tt:0.35,num_interact:375,Intrvl:15,num_users:490,errors:0
rt:18.47,through:25.07,tt:0.31,num_interact:376,Intrvl:15,num_users:501,errors:0
rt:19.57,through:25.67,tt:0.36,num_interact:385,Intrvl:15,num_users:522,errors:0
rt:19.61,through:25.73,tt:0.39,num_interact:386,Intrvl:15,num_users:505,errors:0
rt:19.09,through:23.33,tt:0.36,num_interact:350,Intrvl:15,num_users:455,errors:0
rt:18.02,through:24.6,tt:0.36,num_interact:369,Intrvl:15,num_users:452,errors:0
rt:18.52,through:26.07,tt:0.36,num_interact:391,Intrvl:15,num_users:522,errors:0
rt:19.1,through:23.87,tt:0.36,num_interact:358,Intrvl:15,num_users:472,errors:0
rt:17.97,through:23.6,tt:0.33,num_interact:354,Intrvl:15,num_users:442,errors:0
rt:18.81,through:24.33,tt:0.36,num_interact:365,Intrvl:15,num_users:552,errors:0
rt:20.1,through:25.4,tt:0.38,num_interact:381,Intrvl:15,num_users:538,errors:0
rt:19.66,through:22.27,tt:0.34,num_interact:334,Intrvl:15,num_users:465,errors:0
rt:18.88,through:24.27,tt:0.37,num_interact:364,Intrvl:15,num_users:470,errors:0
rt:18.52,through:25.4,tt:0.34,num_interact:381,Intrvl:15,num_users:483,errors:1
rt:18.47,through:24.93,tt:0.35,num_interact:374,Intrvl:15,num_users:456,errors:0
rt:17.42,through:24.4,tt:0.35,num_interact:366,Intrvl:15,num_users:434,errors:0
rt:17.4,through:24.87,tt:0.38,num_interact:373,Intrvl:15,num_users:469,errors:0
rt:17.63,through:26,tt:0.35,num_interact:390,Intrvl:15,num_users:487,errors:0
rt:18.06,through:25.2,tt:0.35,num_interact:378,Intrvl:15,num_users:477,errors:0
rt:17.69,through:24.27,tt:0.35,num_interact:364,Intrvl:15,num_users:414,errors:0
rt:16.86,through:24.4,tt:0.36,num_interact:366,Intrvl:15,num_users:500,errors:0
rt:18.7,through:24.13,tt:0.34,num_interact:362,Intrvl:15,num_users:475,errors:0
rt:18.54,through:25.13,tt:0.35,num_interact:377,Intrvl:15,num_users:524,errors:0
rt:19.96,through:24.8,tt:0.36,num_interact:372,Intrvl:15,num_users:480,errors:0
rt:18.45,through:23.13,tt:0.35,num_interact:347,Intrvl:15,num_users:479,errors:0
rt:18.12,through:24.07,tt:0.37,num_interact:361,Intrvl:15,num_users:409,errors:0
rt:17.03,through:24.27,tt:0.37,num_interact:364,Intrvl:15,num_users:490,errors:0
rt:18.44,through:24.07,tt:0.35,num_interact:361,Intrvl:15,num_users:468,errors:0
rt:18.31,through:24.93,tt:0.39,num_interact:374,Intrvl:15,num_users:477,errors:0
rt:19.22,through:26,tt:0.36,num_interact:390,Intrvl:15,num_users:543,errors:1
rt:19.34,through:23.07,tt:0.35,num_interact:346,Intrvl:15,num_users:455,errors:0
rt:19.3,through:23.2,tt:0.37,num_interact:348,Intrvl:15,num_users:423,errors:4
rt:14.85,through:29.67,tt:0.34,num_interact:445,Intrvl:15,num_users:455,errors:1
rt:14.02,through:34.8,tt:0.36,num_interact:522,Intrvl:15,num_users:503,errors:0
rt:13.96,through:35.8,tt:0.35,num_interact:550,Intrvl:15,num_users:477,errors:0
rt:13.41,through:46.93,tt:0.34,num_interact:704,Intrvl:15,num_users:536,errors:0
rt:14.84,through:33.2,tt:0.34,num_interact:498,Intrvl:15,num_users:494,errors:0
rt:13.88,through:33.6,tt:0.35,num_interact:504,Intrvl:15,num_users:496,errors:0
rt:14.31,through:34.53,tt:0.38,num_interact:518,Intrvl:15,num_users:526,errors:0
rt:16.18,through:32.6,tt:0.36,num_interact:489,Intrvl:15,num_users:591,errors:0
rt:15.09,through:36.2,tt:0.35,num_interact:544,Intrvl:15,num_users:482,errors:0
rt:14.16,through:33.13,tt:0.35,num_interact:497,Intrvl:15,num_users:521,errors:1
rt:15.15,through:34.07,tt:0.36,num_interact:511,Intrvl:15,num_users:514,errors:0
rt:14.68,through:32.93,tt:0.36,num_interact:494,Intrvl:15,num_users:539,errors:0
rt:15.31,through:34.47,tt:0.35,num_interact:517,Intrvl:15,num_users:501,errors:0
rt:14.08,through:32.87,tt:0.36,num_interact:493,Intrvl:15,num_users:490,errors:0
rt:12.82,through:33.33,tt:0.33,num_interact:500,Intrvl:15,num_users:431,errors:0
rt:12.63,through:33.6,tt:0.34,num_interact:504,Intrvl:15,num_users:479,errors:0
rt:14.08,through:33.2,tt:0.36,num_interact:498,Intrvl:15,num_users:508,errors:0
rt:15.76,through:34.4,tt:0.37,num_interact:516,Intrvl:15,num_users:567,errors:0
rt:14.71,through:33.73,tt:0.35,num_interact:506,Intrvl:15,num_users:504,errors:0
rt:15.22,through:33.93,tt:0.34,num_interact:509,Intrvl:15,num_users:508,errors:0
rt:15.07,through:33.33,tt:0.35,num_interact:503,Intrvl:15,num_users:536,errors:0
rt:14.83,through:36.47,tt:0.34,num_interact:577,Intrvl:15,num_users:539,errors:0
rt:15.83,through:37,tt:0.35,num_interact:555,Intrvl:15,num_users:577,errors:0
rt:18.76,through:31.6,tt:0.36,num_interact:474,Intrvl:15,num_users:584,errors:0
rt:18.25,through:48.53,tt:0.34,num_interact:728,Intrvl:15,num_users:613,errors:0
rt:15,through:42.07,tt:0.36,num_interact:645,Intrvl:15,num_users:459,errors:0
rt:15,through:33.53,tt:0.37,num_interact:503,Intrvl:15,num_users:652,errors:0
rt:17.33,through:32.13,tt:0.38,num_interact:539,Intrvl:15,num_users:574,errors:0
rt:17.25,through:33.6,tt:0.35,num_interact:504,Intrvl:15,num_users:546,errors:0
rt:17.64,through:45.6,tt:0.35,num_interact:684,Intrvl:15,num_users:591,errors:0
rt:17.25,through:33,tt:0.36,num_interact:495,Intrvl:15,num_users:545,errors:0
rt:16.52,through:32.6,tt:0.32,num_interact:489,Intrvl:15,num_users:536,errors:0
rt:15.54,through:34.2,tt:0.39,num_interact:541,Intrvl:15,num_users:525,errors:0
rt:15.48,through:38.07,tt:0.33,num_interact:571,Intrvl:15,num_users:592,errors:0
rt:18.49,through:28.13,tt:0.35,num_interact:422,Intrvl:15,num_users:539,errors:0
rt:18,through:31.47,tt:0.36,num_interact:472,Intrvl:15,num_users:498,errors:0
rt:14.94,through:64.47,tt:0.36,num_interact:967,Intrvl:15,num_users:532,errors:0
rt:17.75,through:38.2,tt:0.36,num_interact:591,Intrvl:15,num_users:578,errors:0
rt:13.51,through:33.2,tt:0.37,num_interact:498,Intrvl:15,num_users:466,errors:0
rt:13.83,through:31.47,tt:0.36,num_interact:472,Intrvl:15,num_users:528,errors:0
rt:17.75,through:123.33,tt:0.38,num_interact:2281,Intrvl:15,num_users:668,errors:0
rt:22.42,through:30.67,tt:0.37,num_interact:615,Intrvl:15,num_users:594,errors:0
rt:19.29,through:35.73,tt:0.36,num_interact:536,Intrvl:15,num_users:581,errors:0
rt:17.48,through:27.33,tt:0.39,num_interact:539,Intrvl:15,num_users:672,errors:0
rt:24.37,through:31.87,tt:0.35,num_interact:478,Intrvl:15,num_users:658,errors:0
rt:19.97,through:26.6,tt:0.36,num_interact:399,Intrvl:15,num_users:615,errors:0
rt:20.32,through:37.47,tt:0.35,num_interact:562,Intrvl:15,num_users:592,errors:0
rt:16.11,through:29.67,tt:0.33,num_interact:445,Intrvl:15,num_users:531,errors:0
rt:16.37,through:30,tt:0.35,num_interact:480,Intrvl:15,num_users:522,errors:0
rt:16.38,through:47.73,tt:0.36,num_interact:716,Intrvl:15,num_users:585,errors:0
rt:17.82,through:38,tt:0.36,num_interact:570,Intrvl:15,num_users:610,errors:0
rt:18.24,through:24.4,tt:0.34,num_interact:381,Intrvl:15,num_users:589,errors:25
rt:19.59,through:19.6,tt:0.37,num_interact:294,Intrvl:15,num_users:577,errors:0
rt:33.32,through:3.07,tt:0.31,num_interact:46,Intrvl:15,num_users:557,errors:0
rt:56.1,through:2.2,tt:0.35,num_interact:33,Intrvl:15,num_users:574,errors:0
rt:56.71,through:1.67,tt:0.36,num_interact:25,Intrvl:15,num_users:568,errors:0
rt:53.96,through:1.53,tt:0.47,num_interact:23,Intrvl:15,num_users:566,errors:0
rt:79.64,through:2.67,tt:0.3,num_interact:40,Intrvl:15,num_users:528,errors:0
rt:98.77,through:2.2,tt:0.28,num_interact:33,Intrvl:15,num_users:498,errors:0
rt:109.13,through:2,tt:0.25,num_interact:30,Intrvl:15,num_users:507,errors:0
rt:129.87,through:1.53,tt:0.37,num_interact:23,Intrvl:15,num_users:498,errors:0
rt:155.75,through:1.6,tt:0.31,num_interact:24,Intrvl:15,num_users:442,errors:0
rt:106.83,through:66.4,tt:0.39,num_interact:996,Intrvl:15,num_users:491,errors:0
rt:18.87,through:34.53,tt:0.34,num_interact:539,Intrvl:15,num_users:560,errors:0
rt:14.93,through:37.87,tt:0.39,num_interact:568,Intrvl:15,num_users:588,errors:0
rt:19.19,through:22.93,tt:0.38,num_interact:344,Intrvl:15,num_users:505,errors:0
rt:22.63,through:31.8,tt:0.36,num_interact:477,Intrvl:15,num_users:518,errors:0
rt:13.39,through:35.4,tt:0.36,num_interact:533,Intrvl:15,num_users:501,errors:0
rt:14.18,through:33.67,tt:0.34,num_interact:966,Intrvl:15,num_users:461,errors:0
rt:13.73,through:136.6,tt:0.35,num_interact:2049,Intrvl:15,num_users:536,errors:0
rt:18.54,through:36.07,tt:0.33,num_interact:541,Intrvl:15,num_users:522,errors:0
rt:12.04,through:32.27,tt:0.36,num_interact:484,Intrvl:15,num_users:430,errors:0
rt:12.49,through:46.2,tt:0.35,num_interact:693,Intrvl:15,num_users:536,errors:0
rt:16.76,through:42.6,tt:0.35,num_interact:639,Intrvl:15,num_users:651,errors:0
rt:13.82,through:25.13,tt:0.35,num_interact:378,Intrvl:15,num_users:563,errors:0
rt:237.03,through:76.2,tt:0.38,num_interact:1234,Intrvl:15,num_users:623,errors:0
rt:39.92,through:33,tt:0.34,num_interact:495,Intrvl:15,num_users:511,errors:0
rt:12.64,through:24.53,tt:0.37,num_interact:368,Intrvl:15,num_users:578,errors:0
rt:17.26,through:27,tt:0.36,num_interact:698,Intrvl:15,num_users:529,errors:0
rt:12.27,through:31.2,tt:0.36,num_interact:468,Intrvl:15,num_users:505,errors:0
rt:14.04,through:47.07,tt:0.36,num_interact:706,Intrvl:15,num_users:585,errors:0
rt:11.88,through:35.73,tt:0.34,num_interact:656,Intrvl:15,num_users:466,errors:0
rt:11.71,through:58.67,tt:0.36,num_interact:880,Intrvl:15,num_users:532,errors:0
rt:14.82,through:34.13,tt:0.37,num_interact:512,Intrvl:15,num_users:542,errors:0
rt:47.99,through:26.93,tt:0.38,num_interact:821,Intrvl:15,num_users:620,errors:0
rt:138.27,through:5.93,tt:0.37,num_interact:89,Intrvl:15,num_users:552,errors:0
rt:84.88,through:42,tt:0.32,num_interact:630,Intrvl:15,num_users:547,errors:0
rt:18.39,through:35.07,tt:0.33,num_interact:584,Intrvl:15,num_users:550,errors:0
rt:13.43,through:32.87,tt:0.37,num_interact:493,Intrvl:15,num_users:508,errors:0
rt:12.35,through:35.6,tt:0.34,num_interact:635,Intrvl:15,num_users:491,errors:0
rt:12.22,through:54.47,tt:0.35,num_interact:817,Intrvl:15,num_users:617,errors:0
rt:18.18,through:41.27,tt:0.34,num_interact:619,Intrvl:15,num_users:627,errors:0
rt:19.11,through:30.33,tt:0.36,num_interact:456,Intrvl:15,num_users:605,errors:0
rt:16.91,through:37.73,tt:0.35,num_interact:622,Intrvl:15,num_users:668,errors:0
rt:16.02,through:33.33,tt:0.34,num_interact:500,Intrvl:15,num_users:549,errors:0
rt:13.1,through:31.8,tt:0.36,num_interact:517,Intrvl:15,num_users:571,errors:0
rt:14.28,through:29.2,tt:0.36,num_interact:438,Intrvl:15,num_users:584,errors:0
rt:17.48,through:25.13,tt:0.33,num_interact:377,Intrvl:15,num_users:587,errors:0
rt:20.43,through:24.13,tt:0.34,num_interact:363,Intrvl:15,num_users:529,errors:7
rt:18.54,through:24.07,tt:0.38,num_interact:361,Intrvl:15,num_users:556,errors:0
rt:19.81,through:24.33,tt:0.38,num_interact:365,Intrvl:15,num_users:612,errors:18
rt:20.69,through:23.6,tt:0.36,num_interact:354,Intrvl:15,num_users:571,errors:0
rt:19.96,through:24.73,tt:0.35,num_interact:371,Intrvl:15,num_users:571,errors:13
rt:19.85,through:22.67,tt:0.34,num_interact:342,Intrvl:15,num_users:526,errors:0
rt:19.31,through:23.6,tt:0.39,num_interact:354,Intrvl:15,num_users:620,errors:22
rt:20.82,through:25.47,tt:0.37,num_interact:382,Intrvl:15,num_users:679,errors:0
rt:22.7,through:21.6,tt:0.35,num_interact:324,Intrvl:15,num_users:564,errors:24
rt:22.15,through:22.33,tt:0.36,num_interact:335,Intrvl:15,num_users:535,errors:0
rt:17.96,through:23.2,tt:0.35,num_interact:348,Intrvl:15,num_users:606,errors:14
rt:22.2,through:23.07,tt:0.35,num_interact:350,Intrvl:15,num_users:629,errors:0
rt:19.19,through:26.33,tt:0.37,num_interact:395,Intrvl:15,num_users:568,errors:24
rt:24.54,through:21.4,tt:0.34,num_interact:321,Intrvl:15,num_users:659,errors:0
rt:22.68,through:24.53,tt:0.33,num_interact:368,Intrvl:15,num_users:624,errors:13
rt:23.88,through:22.07,tt:0.36,num_interact:333,Intrvl:15,num_users:592,errors:5
rt:20.69,through:24.87,tt:0.34,num_interact:373,Intrvl:15,num_users:616,errors:3
rt:22.89,through:25.47,tt:0.33,num_interact:382,Intrvl:15,num_users:612,errors:9
rt:20.93,through:23.47,tt:0.33,num_interact:354,Intrvl:15,num_users:608,errors:0
rt:22.89,through:26.13,tt:0.34,num_interact:392,Intrvl:15,num_users:617,errors:22
rt:22.65,through:24.73,tt:0.36,num_interact:371,Intrvl:15,num_users:599,errors:0
rt:19.52,through:22.07,tt:0.38,num_interact:331,Intrvl:15,num_users:498,errors:15
rt:19,through:22,tt:0.39,num_interact:330,Intrvl:15,num_users:564,errors:0
rt:19.21,through:25.67,tt:0.35,num_interact:385,Intrvl:15,num_users:591,errors:13
rt:21.52,through:22.2,tt:0.36,num_interact:333,Intrvl:15,num_users:648,errors:0
rt:23.44,through:19.93,tt:0.33,num_interact:301,Intrvl:15,num_users:531,errors:23
rt:22.32,through:26.93,tt:0.39,num_interact:407,Intrvl:15,num_users:714,errors:3
rt:21.72,through:24.33,tt:0.39,num_interact:365,Intrvl:15,num_users:690,errors:20
rt:23.81,through:21.87,tt:0.34,num_interact:328,Intrvl:15,num_users:641,errors:2
rt:22.34,through:25.2,tt:0.35,num_interact:378,Intrvl:15,num_users:746,errors:15
rt:24.62,through:22.73,tt:0.32,num_interact:341,Intrvl:15,num_users:703,errors:7
rt:26.9,through:23.53,tt:0.35,num_interact:353,Intrvl:15,num_users:643,errors:0
rt:23.36,through:23.73,tt:0.34,num_interact:356,Intrvl:15,num_users:732,errors:20
rt:26.18,through:22.07,tt:0.36,num_interact:331,Intrvl:15,num_users:634,errors:0
rt:22.98,through:26.13,tt:0.39,num_interact:392,Intrvl:15,num_users:651,errors:17
rt:25.84,through:21.07,tt:0.36,num_interact:316,Intrvl:15,num_users:617,errors:0
rt:22.02,through:25.93,tt:0.35,num_interact:389,Intrvl:15,num_users:650,errors:9
rt:24.36,through:20.13,tt:0.36,num_interact:302,Intrvl:15,num_users:567,errors:4
rt:21.61,through:24.73,tt:0.38,num_interact:371,Intrvl:15,num_users:622,errors:16
rt:23.53,through:23,tt:0.36,num_interact:345,Intrvl:15,num_users:694,errors:3
rt:24.62,through:24.13,tt:0.36,num_interact:372,Intrvl:15,num_users:662,errors:5
rt:23.14,through:22.87,tt:0.33,num_interact:343,Intrvl:15,num_users:591,errors:11
rt:22.09,through:23.53,tt:0.37,num_interact:353,Intrvl:15,num_users:717,errors:0
rt:24.17,through:22.73,tt:0.34,num_interact:341,Intrvl:15,num_users:672,errors:17
rt:23.57,through:24.8,tt:0.4,num_interact:372,Intrvl:15,num_users:648,errors:0
rt:22.32,through:24.4,tt:0.31,num_interact:366,Intrvl:15,num_users:634,errors:12
rt:24.03,through:25.07,tt:0.35,num_interact:376,Intrvl:15,num_users:693,errors:0
rt:22.59,through:24.87,tt:0.37,num_interact:373,Intrvl:15,num_users:742,errors:14
rt:25.3,through:18.8,tt:0.34,num_interact:282,Intrvl:15,num_users:601,errors:0
rt:21.65,through:25.6,tt:0.35,num_interact:384,Intrvl:15,num_users:638,errors:25
rt:25.12,through:19.73,tt:0.38,num_interact:296,Intrvl:15,num_users:700,errors:0
rt:23.48,through:28.2,tt:0.37,num_interact:423,Intrvl:15,num_users:708,errors:11
rt:26.67,through:22.93,tt:0.36,num_interact:344,Intrvl:15,num_users:673,errors:3
rt:25.68,through:22.87,tt:0.35,num_interact:343,Intrvl:15,num_users:648,errors:9
rt:23.6,through:25.93,tt:0.37,num_interact:389,Intrvl:15,num_users:673,errors:3
rt:24.93,through:24.13,tt:0.35,num_interact:362,Intrvl:15,num_users:638,errors:0
rt:22.66,through:24.53,tt:0.37,num_interact:368,Intrvl:15,num_users:675,errors:18
rt:23.83,through:23.8,tt:0.38,num_interact:357,Intrvl:15,num_users:731,errors:0
rt:26.42,through:25.33,tt:0.35,num_interact:380,Intrvl:15,num_users:661,errors:15
rt:22.52,through:23.53,tt:0.34,num_interact:353,Intrvl:15,num_users:742,errors:8
rt:24.48,through:21.07,tt:0.35,num_interact:316,Intrvl:15,num_users:654,errors:20
rt:25.3,through:26.13,tt:0.37,num_interact:392,Intrvl:15,num_users:762,errors:6
rt:26.04,through:24,tt:0.38,num_interact:360,Intrvl:15,num_users:708,errors:10
rt:27.85,through:29.87,tt:0.34,num_interact:448,Intrvl:15,num_users:643,errors:0
rt:24.23,through:19.8,tt:0.36,num_interact:297,Intrvl:15,num_users:736,errors:1
rt:29.33,through:31.53,tt:0.39,num_interact:473,Intrvl:15,num_users:753,errors:0
rt:64.34,through:22.87,tt:0.35,num_interact:704,Intrvl:15,num_users:703,errors:3
rt:123.83,through:44.07,tt:0.35,num_interact:943,Intrvl:15,num_users:717,errors:1
rt:715.02,through:1.93,tt:0.35,num_interact:29,Intrvl:15,num_users:655,errors:0
rt:442.06,through:46.27,tt:0.35,num_interact:694,Intrvl:15,num_users:693,errors:33
rt:66.28,through:23.33,tt:0.37,num_interact:350,Intrvl:15,num_users:640,errors:0
rt:20.46,through:24.47,tt:0.34,num_interact:374,Intrvl:15,num_users:665,errors:0
rt:18.03,through:26,tt:0.37,num_interact:390,Intrvl:15,num_users:676,errors:0
rt:18.81,through:24.67,tt:0.38,num_interact:370,Intrvl:15,num_users:686,errors:0
rt:18.74,through:25.4,tt:0.35,num_interact:381,Intrvl:15,num_users:710,errors:0
rt:19.98,through:26.6,tt:0.37,num_interact:400,Intrvl:15,num_users:714,errors:0
rt:19.93,through:21.87,tt:0.39,num_interact:328,Intrvl:15,num_users:636,errors:0
rt:18.81,through:23.67,tt:0.36,num_interact:355,Intrvl:15,num_users:676,errors:0
rt:18.89,through:25.2,tt:0.35,num_interact:378,Intrvl:15,num_users:678,errors:0
rt:18.82,through:25.6,tt:0.36,num_interact:384,Intrvl:15,num_users:711,errors:0
rt:19.25,through:18.4,tt:0.35,num_interact:284,Intrvl:15,num_users:697,errors:0
rt:20.21,through:16.8,tt:0.34,num_interact:260,Intrvl:15,num_users:741,errors:0
rt:24.58,through:17.27,tt:0.36,num_interact:259,Intrvl:15,num_users:791,errors:6
rt:26.36,through:16.8,tt:0.36,num_interact:252,Intrvl:15,num_users:826,errors:61
rt:30.19,through:15,tt:0.34,num_interact:225,Intrvl:15,num_users:739,errors:25
rt:44.42,through:13.67,tt:0.32,num_interact:205,Intrvl:15,num_users:676,errors:0
rt:39.39,through:13.8,tt:0.35,num_interact:207,Intrvl:15,num_users:644,errors:0
rt:37.84,through:16.6,tt:0.35,num_interact:251,Intrvl:15,num_users:672,errors:0
rt:30.87,through:16.93,tt:0.34,num_interact:254,Intrvl:15,num_users:661,errors:0
rt:27.14,through:14.87,tt:0.36,num_interact:223,Intrvl:15,num_users:602,errors:0
rt:27.89,through:15.4,tt:0.34,num_interact:231,Intrvl:15,num_users:666,errors:0
rt:26.45,through:16.4,tt:0.38,num_interact:246,Intrvl:15,num_users:654,errors:0
rt:27.47,through:17.53,tt:0.35,num_interact:263,Intrvl:15,num_users:713,errors:0
rt:28.6,through:13.73,tt:0.35,num_interact:206,Intrvl:15,num_users:655,errors:0
rt:28.49,through:15.8,tt:0.36,num_interact:237,Intrvl:15,num_users:697,errors:0
rt:29.89,through:17.53,tt:0.32,num_interact:263,Intrvl:15,num_users:732,errors:0
rt:30.67,through:14.53,tt:0.35,num_interact:218,Intrvl:15,num_users:671,errors:0
rt:30.79,through:15.87,tt:0.32,num_interact:238,Intrvl:15,num_users:704,errors:0
rt:31,through:15,tt:0.36,num_interact:225,Intrvl:15,num_users:641,errors:0
rt:29.33,through:14.87,tt:0.33,num_interact:223,Intrvl:15,num_users:657,errors:0
rt:28.6,through:17.47,tt:0.34,num_interact:262,Intrvl:15,num_users:685,errors:0
rt:28.3,through:17,tt:0.38,num_interact:255,Intrvl:15,num_users:722,errors:0
rt:28.87,through:16.67,tt:0.34,num_interact:250,Intrvl:15,num_users:718,errors:0
rt:30,through:16.93,tt:0.39,num_interact:254,Intrvl:15,num_users:732,errors:0
rt:30.86,through:16.93,tt:0.31,num_interact:254,Intrvl:15,num_users:699,errors:0
rt:31.37,through:15.53,tt:0.35,num_interact:233,Intrvl:15,num_users:708,errors:0
rt:30.39,through:15.33,tt:0.34,num_interact:230,Intrvl:15,num_users:654,errors:0
rt:30.6,through:14.93,tt:0.34,num_interact:224,Intrvl:15,num_users:633,errors:0
rt:28,through:15.73,tt:0.33,num_interact:236,Intrvl:15,num_users:692,errors:0
rt:28.96,through:14.33,tt:0.38,num_interact:215,Intrvl:15,num_users:610,errors:0
rt:28.61,through:14.73,tt:0.34,num_interact:221,Intrvl:15,num_users:638,errors:0
rt:28.02,through:17.27,tt:0.33,num_interact:259,Intrvl:15,num_users:673,errors:0
rt:26.66,through:16.47,tt:0.37,num_interact:247,Intrvl:15,num_users:664,errors:0
rt:27.6,through:17.27,tt:0.36,num_interact:259,Intrvl:15,num_users:697,errors:0
rt:28.12,through:17.07,tt:0.38,num_interact:256,Intrvl:15,num_users:694,errors:0
rt:28.99,through:16.93,tt:0.39,num_interact:254,Intrvl:15,num_users:774,errors:0
rt:30.17,through:15.33,tt:0.34,num_interact:230,Intrvl:15,num_users:685,errors:0
rt:31.65,through:13.47,tt:0.3,num_interact:202,Intrvl:15,num_users:692,errors:0
rt:31.94,through:13.4,tt:0.4,num_interact:201,Intrvl:15,num_users:647,errors:0
rt:31.64,through:18.07,tt:0.33,num_interact:271,Intrvl:15,num_users:658,errors:0
rt:27.07,through:17.13,tt:0.37,num_interact:257,Intrvl:15,num_users:673,errors:0
rt:28.31,through:13.53,tt:0.34,num_interact:203,Intrvl:15,num_users:594,errors:0
rt:27.02,through:15.73,tt:0.34,num_interact:236,Intrvl:15,num_users:641,errors:0
rt:27.21,through:14.4,tt:0.36,num_interact:216,Intrvl:15,num_users:584,errors:0
rt:25.96,through:15.67,tt:0.32,num_interact:235,Intrvl:15,num_users:629,errors:0
rt:25.67,through:17.47,tt:0.35,num_interact:262,Intrvl:15,num_users:679,errors:0
rt:26.32,through:13,tt:0.34,num_interact:195,Intrvl:15,num_users:578,errors:0
rt:27.9,through:14.73,tt:0.35,num_interact:222,Intrvl:15,num_users:595,errors:0
rt:25.57,through:16.8,tt:0.37,num_interact:252,Intrvl:15,num_users:606,errors:0
rt:24.46,through:17.53,tt:0.38,num_interact:263,Intrvl:15,num_users:720,errors:0
rt:26.48,through:15.93,tt:0.4,num_interact:239,Intrvl:15,num_users:704,errors:0
rt:29.28,through:15.47,tt:0.37,num_interact:232,Intrvl:15,num_users:690,errors:0
rt:30.93,through:16.53,tt:0.37,num_interact:248,Intrvl:15,num_users:655,errors:0
rt:29.4,through:14.87,tt:0.36,num_interact:223,Intrvl:15,num_users:613,errors:0
rt:27.67,through:15.67,tt:0.34,num_interact:235,Intrvl:15,num_users:708,errors:4
rt:27.48,through:17.47,tt:0.4,num_interact:266,Intrvl:15,num_users:715,errors:0
rt:24.58,through:23.2,tt:0.34,num_interact:348,Intrvl:15,num_users:651,errors:0
rt:20.99,through:23.2,tt:0.33,num_interact:348,Intrvl:15,num_users:661,errors:0
rt:19,through:24.53,tt:0.35,num_interact:368,Intrvl:15,num_users:701,errors:0
rt:19.64,through:25.2,tt:0.33,num_interact:378,Intrvl:15,num_users:686,errors:0
rt:19.76,through:26.4,tt:0.34,num_interact:396,Intrvl:15,num_users:704,errors:0
rt:19.62,through:23.73,tt:0.35,num_interact:356,Intrvl:15,num_users:669,errors:0
rt:19.03,through:23.13,tt:0.34,num_interact:347,Intrvl:15,num_users:631,errors:0
rt:18.53,through:25,tt:0.33,num_interact:375,Intrvl:15,num_users:671,errors:0
rt:18.5,through:25.2,tt:0.36,num_interact:378,Intrvl:15,num_users:720,errors:0
rt:20.04,through:23.73,tt:0.33,num_interact:356,Intrvl:15,num_users:680,errors:0
rt:19.52,through:25.93,tt:0.37,num_interact:390,Intrvl:15,num_users:708,errors:0
rt:20.38,through:21.4,tt:0.35,num_interact:321,Intrvl:15,num_users:631,errors:0
rt:18.79,through:24.93,tt:0.36,num_interact:374,Intrvl:15,num_users:700,errors:0
rt:19.41,through:21.8,tt:0.33,num_interact:327,Intrvl:15,num_users:613,errors:0
rt:18.46,through:24.2,tt:0.32,num_interact:363,Intrvl:15,num_users:676,errors:0
rt:18.88,through:25.27,tt:0.39,num_interact:379,Intrvl:15,num_users:679,errors:0
rt:18.7,through:26.13,tt:0.33,num_interact:392,Intrvl:15,num_users:676,errors:0
rt:18.84,through:25.13,tt:0.36,num_interact:377,Intrvl:15,num_users:739,errors:0
rt:20.67,through:25.07,tt:0.35,num_interact:376,Intrvl:15,num_users:710,errors:0
rt:20.9,through:25,tt:0.34,num_interact:375,Intrvl:15,num_users:735,errors:0
rt:19.93,through:20.6,tt:0.37,num_interact:309,Intrvl:15,num_users:609,errors:0
rt:19.47,through:23.2,tt:0.35,num_interact:348,Intrvl:15,num_users:710,errors:0
rt:19.96,through:24.8,tt:0.37,num_interact:376,Intrvl:15,num_users:699,errors:0
rt:19.81,through:25.47,tt:0.37,num_interact:382,Intrvl:15,num_users:687,errors:0
rt:19.78,through:25.33,tt:0.32,num_interact:383,Intrvl:15,num_users:755,errors:0
rt:20.76,through:22.4,tt:0.33,num_interact:336,Intrvl:15,num_users:806,errors:0
rt:23.6,through:7.67,tt:0.38,num_interact:165,Intrvl:15,num_users:797,errors:0
rt:495.98,through:0.13,tt:0.2,num_interact:2,Intrvl:15,num_users:770,errors:0
rt:405.17,through:44.33,tt:0.34,num_interact:665,Intrvl:15,num_users:659,errors:3
rt:13.06,through:29.6,tt:0.34,num_interact:444,Intrvl:15,num_users:640,errors:0
rt:9.89,through:28.8,tt:0.34,num_interact:432,Intrvl:15,num_users:749,errors:0
rt:11.52,through:18.27,tt:0.33,num_interact:274,Intrvl:15,num_users:575,errors:0
rt:13.32,through:22.8,tt:0.36,num_interact:342,Intrvl:15,num_users:792,errors:0
rt:15.49,through:22.53,tt:0.4,num_interact:338,Intrvl:15,num_users:699,errors:0
rt:15.83,through:23.67,tt:0.36,num_interact:355,Intrvl:15,num_users:728,errors:0
rt:15.83,through:25.2,tt:0.34,num_interact:378,Intrvl:15,num_users:717,errors:0
rt:14.69,through:23.07,tt:0.34,num_interact:346,Intrvl:15,num_users:669,errors:0
rt:13.48,through:25.33,tt:0.35,num_interact:380,Intrvl:15,num_users:699,errors:0
rt:13.78,through:22.87,tt:0.31,num_interact:343,Intrvl:15,num_users:643,errors:0
rt:13.43,through:25.73,tt:0.36,num_interact:386,Intrvl:15,num_users:685,errors:0
rt:12.51,through:22.4,tt:0.35,num_interact:336,Intrvl:15,num_users:630,errors:0
rt:12.99,through:24.93,tt:0.36,num_interact:374,Intrvl:15,num_users:734,errors:0
rt:14.9,through:23.4,tt:0.4,num_interact:351,Intrvl:15,num_users:692,errors:0
rt:14.84,through:25.6,tt:0.37,num_interact:384,Intrvl:15,num_users:724,errors:0
rt:14.23,through:21.47,tt:0.37,num_interact:322,Intrvl:15,num_users:651,errors:0
rt:13.24,through:24.4,tt:0.38,num_interact:375,Intrvl:15,num_users:662,errors:0
rt:12.33,through:24.27,tt:0.39,num_interact:364,Intrvl:15,num_users:627,errors:0
rt:12.14,through:23.73,tt:0.37,num_interact:356,Intrvl:15,num_users:610,errors:0
rt:11.32,through:27.07,tt:0.34,num_interact:406,Intrvl:15,num_users:673,errors:0
rt:12.44,through:24.33,tt:0.35,num_interact:365,Intrvl:15,num_users:661,errors:0
rt:12.55,through:28,tt:0.38,num_interact:420,Intrvl:15,num_users:714,errors:0
rt:14.62,through:19.93,tt:0.32,num_interact:299,Intrvl:15,num_users:651,errors:0
rt:12.91,through:23,tt:0.35,num_interact:345,Intrvl:15,num_users:616,errors:0
rt:12.86,through:24.93,tt:0.38,num_interact:374,Intrvl:15,num_users:687,errors:0
rt:13.42,through:25.67,tt:0.33,num_interact:385,Intrvl:15,num_users:693,errors:0
rt:13.55,through:23.33,tt:0.35,num_interact:350,Intrvl:15,num_users:652,errors:0
rt:13.94,through:25.27,tt:0.35,num_interact:379,Intrvl:15,num_users:736,errors:0
rt:14.05,through:21.07,tt:0.31,num_interact:316,Intrvl:15,num_users:648,errors:0
rt:13.62,through:24,tt:0.36,num_interact:360,Intrvl:15,num_users:671,errors:0
rt:14.23,through:25.47,tt:0.37,num_interact:382,Intrvl:15,num_users:745,errors:0
rt:14.81,through:19.6,tt:0.37,num_interact:294,Intrvl:15,num_users:699,errors:0
rt:14.03,through:14.47,tt:0.41,num_interact:220,Intrvl:15,num_users:689,errors:0
rt:11.44,through:21.6,tt:0.34,num_interact:324,Intrvl:15,num_users:697,errors:5
rt:13.2,through:16.87,tt:0.36,num_interact:253,Intrvl:15,num_users:683,errors:44
rt:23.29,through:19.67,tt:0.34,num_interact:295,Intrvl:15,num_users:710,errors:73
rt:19.7,through:21.33,tt:0.36,num_interact:320,Intrvl:15,num_users:675,errors:0
rt:19.13,through:15.8,tt:0.32,num_interact:237,Intrvl:15,num_users:672,errors:0
rt:21.5,through:16.8,tt:0.34,num_interact:252,Intrvl:15,num_users:671,errors:0
rt:22.48,through:19.2,tt:0.41,num_interact:288,Intrvl:15,num_users:640,errors:1
rt:16.2,through:14.53,tt:0.32,num_interact:218,Intrvl:15,num_users:567,errors:9
rt:13.96,through:14.47,tt:0.37,num_interact:218,Intrvl:15,num_users:592,errors:1
rt:17.4,through:14.13,tt:0.35,num_interact:212,Intrvl:15,num_users:598,errors:5
rt:15.29,through:12.73,tt:0.35,num_interact:191,Intrvl:15,num_users:546,errors:0
rt:16.08,through:19.33,tt:0.4,num_interact:290,Intrvl:15,num_users:648,errors:16
rt:18.17,through:15.87,tt:0.39,num_interact:238,Intrvl:15,num_users:707,errors:0
rt:18.72,through:13.8,tt:0.37,num_interact:207,Intrvl:15,num_users:599,errors:11
rt:19.03,through:13.6,tt:0.41,num_interact:204,Intrvl:15,num_users:664,errors:3
rt:20.53,through:15.93,tt:0.35,num_interact:239,Intrvl:15,num_users:721,errors:20
rt:24.97,through:15.87,tt:0.37,num_interact:238,Intrvl:15,num_users:774,errors:1
rt:25.43,through:12.53,tt:0.32,num_interact:188,Intrvl:15,num_users:634,errors:13
rt:22.73,through:11.87,tt:0.36,num_interact:178,Intrvl:15,num_users:596,errors:7
rt:20.53,through:14.93,tt:0.39,num_interact:224,Intrvl:15,num_users:683,errors:3
rt:24.16,through:14.27,tt:0.39,num_interact:214,Intrvl:15,num_users:627,errors:15
rt:18.04,through:13,tt:0.31,num_interact:195,Intrvl:15,num_users:599,errors:0
rt:20.17,through:14.67,tt:0.39,num_interact:220,Intrvl:15,num_users:651,errors:20
rt:19.21,through:18,tt:0.34,num_interact:270,Intrvl:15,num_users:655,errors:0
rt:22.29,through:16.2,tt:0.36,num_interact:243,Intrvl:15,num_users:648,errors:20
rt:20.88,through:14.87,tt:0.38,num_interact:223,Intrvl:15,num_users:606,errors:0
rt:18.41,through:16.6,tt:0.4,num_interact:249,Intrvl:15,num_users:633,errors:13
rt:18.47,through:15.87,tt:0.33,num_interact:238,Intrvl:15,num_users:640,errors:1
rt:20.34,through:17.27,tt:0.34,num_interact:259,Intrvl:15,num_users:623,errors:15
rt:19.21,through:14.67,tt:0.33,num_interact:220,Intrvl:15,num_users:622,errors:0
rt:19.49,through:16.6,tt:0.37,num_interact:249,Intrvl:15,num_users:624,errors:14
rt:18.6,through:14.93,tt:0.36,num_interact:224,Intrvl:15,num_users:603,errors:5
rt:17.3,through:16.8,tt:0.37,num_interact:252,Intrvl:15,num_users:623,errors:0
rt:19.31,through:16.4,tt:0.36,num_interact:246,Intrvl:15,num_users:647,errors:15
rt:17.78,through:14.67,tt:0.35,num_interact:220,Intrvl:15,num_users:587,errors:0
rt:20.77,through:13.87,tt:0.33,num_interact:208,Intrvl:15,num_users:574,errors:18
rt:18.43,through:12.27,tt:0.35,num_interact:184,Intrvl:15,num_users:543,errors:0
rt:16.15,through:20,tt:0.35,num_interact:300,Intrvl:15,num_users:644,errors:11
rt:14.85,through:14.27,tt:0.33,num_interact:214,Intrvl:15,num_users:566,errors:0
rt:15.76,through:11.93,tt:0.33,num_interact:179,Intrvl:15,num_users:554,errors:10
rt:14.62,through:16.87,tt:0.36,num_interact:253,Intrvl:15,num_users:598,errors:0
rt:19.97,through:15.8,tt:0.35,num_interact:237,Intrvl:15,num_users:543,errors:12
rt:11.87,through:15.73,tt:0.38,num_interact:236,Intrvl:15,num_users:595,errors:1
rt:16.9,through:14.8,tt:0.37,num_interact:222,Intrvl:15,num_users:556,errors:8
rt:17.6,through:11.33,tt:0.29,num_interact:170,Intrvl:15,num_users:542,errors:1
rt:19.08,through:16.33,tt:0.36,num_interact:245,Intrvl:15,num_users:545,errors:7
rt:14.17,through:16.27,tt:0.36,num_interact:244,Intrvl:15,num_users:542,errors:0
rt:12.82,through:21,tt:0.38,num_interact:315,Intrvl:15,num_users:622,errors:0
rt:12.4,through:16.4,tt:0.36,num_interact:246,Intrvl:15,num_users:591,errors:0
rt:18.44,through:14.6,tt:0.34,num_interact:219,Intrvl:15,num_users:580,errors:6
rt:15.62,through:18.4,tt:0.41,num_interact:276,Intrvl:15,num_users:661,errors:0
rt:18.73,through:16,tt:0.37,num_interact:240,Intrvl:15,num_users:652,errors:7
rt:17.63,through:13.07,tt:0.31,num_interact:196,Intrvl:15,num_users:599,errors:5
rt:19.8,through:17.27,tt:0.36,num_interact:259,Intrvl:15,num_users:630,errors:13
rt:17.02,through:24.2,tt:0.37,num_interact:363,Intrvl:15,num_users:783,errors:0
rt:18.32,through:21,tt:0.34,num_interact:315,Intrvl:15,num_users:636,errors:8
rt:14.41,through:21.67,tt:0.39,num_interact:325,Intrvl:15,num_users:707,errors:0
rt:16.39,through:23.93,tt:0.36,num_interact:359,Intrvl:15,num_users:657,errors:0
rt:14.26,through:24.33,tt:0.36,num_interact:367,Intrvl:15,num_users:687,errors:0
rt:13.61,through:22,tt:0.34,num_interact:330,Intrvl:15,num_users:605,errors:2
rt:12.11,through:23.47,tt:0.34,num_interact:352,Intrvl:15,num_users:592,errors:0
rt:11.51,through:24.07,tt:0.34,num_interact:361,Intrvl:15,num_users:595,errors:0
rt:11.11,through:26.47,tt:0.36,num_interact:397,Intrvl:15,num_users:626,errors:0
rt:12.75,through:25.6,tt:0.38,num_interact:384,Intrvl:15,num_users:643,errors:0
rt:12.24,through:25.2,tt:0.31,num_interact:378,Intrvl:15,num_users:627,errors:0
rt:12.51,through:24.87,tt:0.34,num_interact:373,Intrvl:15,num_users:627,errors:0
rt:11.31,through:22.87,tt:0.35,num_interact:343,Intrvl:15,num_users:567,errors:0
rt:10.22,through:26.4,tt:0.35,num_interact:396,Intrvl:15,num_users:589,errors:0
rt:11.54,through:24.27,tt:0.36,num_interact:364,Intrvl:15,num_users:626,errors:0
rt:11.69,through:24.67,tt:0.35,num_interact:370,Intrvl:15,num_users:606,errors:0
rt:10.67,through:22.87,tt:0.33,num_interact:343,Intrvl:15,num_users:571,errors:0
rt:8.87,through:25.33,tt:0.36,num_interact:380,Intrvl:15,num_users:568,errors:0
rt:10.89,through:25.2,tt:0.34,num_interact:378,Intrvl:15,num_users:568,errors:0
rt:9.95,through:25.73,tt:0.32,num_interact:386,Intrvl:15,num_users:582,errors:0
rt:9.75,through:25.73,tt:0.36,num_interact:386,Intrvl:15,num_users:584,errors:0
rt:8.95,through:23.87,tt:0.38,num_interact:358,Intrvl:15,num_users:505,errors:0
rt:10.04,through:23.07,tt:0.37,num_interact:346,Intrvl:15,num_users:592,errors:0
rt:12.17,through:25.47,tt:0.35,num_interact:382,Intrvl:15,num_users:662,errors:0
rt:13.58,through:23.27,tt:0.35,num_interact:349,Intrvl:15,num_users:581,errors:0
rt:12.78,through:23.53,tt:0.37,num_interact:353,Intrvl:15,num_users:711,errors:1
rt:15.93,through:25.4,tt:0.35,num_interact:381,Intrvl:15,num_users:750,errors:0
rt:17.25,through:24.33,tt:0.39,num_interact:365,Intrvl:15,num_users:704,errors:0
rt:14.98,through:21.33,tt:0.4,num_interact:320,Intrvl:15,num_users:638,errors:0
rt:14.49,through:23.8,tt:0.38,num_interact:357,Intrvl:15,num_users:627,errors:0
rt:12.73,through:25,tt:0.37,num_interact:375,Intrvl:15,num_users:608,errors:0
rt:12.37,through:24.87,tt:0.34,num_interact:373,Intrvl:15,num_users:631,errors:0
rt:13.6,through:25.67,tt:0.36,num_interact:385,Intrvl:15,num_users:666,errors:0
rt:12.74,through:21.67,tt:0.37,num_interact:325,Intrvl:15,num_users:557,errors:0
rt:12.72,through:22.73,tt:0.36,num_interact:343,Intrvl:15,num_users:668,errors:0
rt:13.49,through:24,tt:0.41,num_interact:360,Intrvl:15,num_users:633,errors:0
rt:12.28,through:24.47,tt:0.36,num_interact:367,Intrvl:15,num_users:609,errors:0
rt:13.35,through:24.53,tt:0.4,num_interact:368,Intrvl:15,num_users:638,errors:8
rt:10.24,through:31,tt:0.36,num_interact:465,Intrvl:15,num_users:595,errors:26
rt:7.33,through:39.73,tt:0.34,num_interact:611,Intrvl:15,num_users:592,errors:0
rt:7.95,through:39.27,tt:0.37,num_interact:589,Intrvl:15,num_users:633,errors:0
rt:9.29,through:37.13,tt:0.36,num_interact:568,Intrvl:15,num_users:617,errors:0
rt:8.43,through:51.2,tt:0.34,num_interact:849,Intrvl:15,num_users:624,errors:0
rt:7.33,through:39.87,tt:0.34,num_interact:598,Intrvl:15,num_users:599,errors:0
rt:6.72,through:41.93,tt:0.35,num_interact:629,Intrvl:15,num_users:557,errors:0
rt:7.01,through:47.67,tt:0.35,num_interact:769,Intrvl:15,num_users:605,errors:0
rt:8.28,through:37.13,tt:0.35,num_interact:557,Intrvl:15,num_users:666,errors:0
rt:11.24,through:38.8,tt:0.36,num_interact:586,Intrvl:15,num_users:658,errors:0
rt:8.12,through:39.4,tt:0.38,num_interact:591,Intrvl:15,num_users:601,errors:0
rt:8.05,through:39.47,tt:0.36,num_interact:602,Intrvl:15,num_users:608,errors:0
rt:8.59,through:35.53,tt:0.36,num_interact:533,Intrvl:15,num_users:605,errors:0
rt:6.97,through:40.07,tt:0.36,num_interact:601,Intrvl:15,num_users:557,errors:0
rt:10.13,through:30.47,tt:0.39,num_interact:726,Intrvl:15,num_users:665,errors:0
rt:10.5,through:33.87,tt:0.34,num_interact:508,Intrvl:15,num_users:644,errors:0
rt:7.89,through:36.2,tt:0.32,num_interact:543,Intrvl:15,num_users:585,errors:0
rt:6.26,through:43.4,tt:0.32,num_interact:651,Intrvl:15,num_users:540,errors:0
rt:7.84,through:34.07,tt:0.37,num_interact:512,Intrvl:15,num_users:638,errors:0
rt:9.74,through:35.27,tt:0.38,num_interact:529,Intrvl:15,num_users:659,errors:0
rt:6.58,through:36.67,tt:0.36,num_interact:550,Intrvl:15,num_users:531,errors:0
rt:6.97,through:55.53,tt:0.38,num_interact:833,Intrvl:15,num_users:640,errors:0
rt:7.67,through:39.53,tt:0.35,num_interact:705,Intrvl:15,num_users:570,errors:0
rt:6.52,through:39.27,tt:0.34,num_interact:589,Intrvl:15,num_users:566,errors:0
rt:7.29,through:78.6,tt:0.37,num_interact:1179,Intrvl:15,num_users:627,errors:0
rt:9.15,through:41.2,tt:0.36,num_interact:727,Intrvl:15,num_users:602,errors:0
rt:6.01,through:39.2,tt:0.33,num_interact:588,Intrvl:15,num_users:547,errors:0
rt:7.25,through:33.53,tt:0.38,num_interact:503,Intrvl:15,num_users:634,errors:0
rt:9.8,through:46,tt:0.37,num_interact:690,Intrvl:15,num_users:645,errors:0
rt:10.46,through:58,tt:0.36,num_interact:870,Intrvl:15,num_users:687,errors:0
rt:11.26,through:32.33,tt:0.33,num_interact:485,Intrvl:15,num_users:636,errors:0
rt:10.9,through:37.53,tt:0.38,num_interact:752,Intrvl:15,num_users:652,errors:0
rt:9.76,through:30.87,tt:0.34,num_interact:593,Intrvl:15,num_users:634,errors:0
rt:8.77,through:34.53,tt:0.35,num_interact:518,Intrvl:15,num_users:641,errors:0
rt:12.19,through:44.13,tt:0.34,num_interact:662,Intrvl:15,num_users:644,errors:0
rt:11.28,through:30.67,tt:0.37,num_interact:460,Intrvl:15,num_users:725,errors:0
rt:11.47,through:36.67,tt:0.37,num_interact:574,Intrvl:15,num_users:676,errors:3
rt:9.75,through:36.67,tt:0.37,num_interact:550,Intrvl:15,num_users:623,errors:0
rt:9.89,through:44.6,tt:0.39,num_interact:669,Intrvl:15,num_users:692,errors:10
rt:11.84,through:35.27,tt:0.37,num_interact:529,Intrvl:15,num_users:771,errors:1
rt:23.46,through:2.73,tt:0.35,num_interact:41,Intrvl:15,num_users:720,errors:0
rt:40.37,through:1.73,tt:0.25,num_interact:26,Intrvl:15,num_users:665,errors:0
rt:56.23,through:1.67,tt:0.37,num_interact:25,Intrvl:15,num_users:612,errors:0
rt:73.68,through:1.53,tt:0.24,num_interact:23,Intrvl:15,num_users:612,errors:0
rt:69.22,through:76.93,tt:0.36,num_interact:1154,Intrvl:15,num_users:650,errors:0
rt:8,through:19.67,tt:0.3,num_interact:295,Intrvl:15,num_users:680,errors:0
rt:29.68,through:32,tt:0.38,num_interact:480,Intrvl:15,num_users:750,errors:0
rt:12.97,through:33,tt:0.35,num_interact:495,Intrvl:15,num_users:668,errors:0
rt:7.43,through:41,tt:0.34,num_interact:615,Intrvl:15,num_users:589,errors:0
rt:8.29,through:66.2,tt:0.36,num_interact:993,Intrvl:15,num_users:657,errors:0
rt:6.2,through:39.4,tt:0.33,num_interact:591,Intrvl:15,num_users:566,errors:0
rt:7.02,through:75.2,tt:0.35,num_interact:1140,Intrvl:15,num_users:616,errors:0
rt:9.14,through:57.53,tt:0.36,num_interact:915,Intrvl:15,num_users:675,errors:0
rt:10.85,through:39.47,tt:0.35,num_interact:730,Intrvl:15,num_users:643,errors:0
rt:7.03,through:37.27,tt:0.32,num_interact:578,Intrvl:15,num_users:567,errors:0
rt:6.59,through:43.8,tt:0.37,num_interact:657,Intrvl:15,num_users:568,errors:0
rt:9.72,through:33.07,tt:0.37,num_interact:496,Intrvl:15,num_users:707,errors:0
rt:11.78,through:27.6,tt:0.36,num_interact:414,Intrvl:15,num_users:725,errors:0
rt:11.23,through:36.07,tt:0.34,num_interact:583,Intrvl:15,num_users:627,errors:0
rt:7.83,through:44.33,tt:0.36,num_interact:849,Intrvl:15,num_users:609,errors:0
rt:8.81,through:57.2,tt:0.37,num_interact:858,Intrvl:15,num_users:634,errors:0
rt:5.02,through:37.8,tt:0.33,num_interact:578,Intrvl:15,num_users:543,errors:1
rt:7.79,through:37.8,tt:0.37,num_interact:567,Intrvl:15,num_users:622,errors:0
rt:8.61,through:37,tt:0.33,num_interact:626,Intrvl:15,num_users:617,errors:0
rt:7.04,through:40.87,tt:0.37,num_interact:613,Intrvl:15,num_users:570,errors:0
rt:6.88,through:54.47,tt:0.34,num_interact:817,Intrvl:15,num_users:589,errors:0
rt:8.09,through:36.27,tt:0.37,num_interact:544,Intrvl:15,num_users:624,errors:0
rt:7.63,through:37.73,tt:0.33,num_interact:566,Intrvl:15,num_users:584,errors:0
rt:7.6,through:47.2,tt:0.35,num_interact:730,Intrvl:15,num_users:596,errors:0
rt:5.19,through:43.33,tt:0.35,num_interact:650,Intrvl:15,num_users:526,errors:0
rt:7.2,through:37,tt:0.36,num_interact:555,Intrvl:15,num_users:619,errors:0
rt:8.85,through:31.87,tt:0.33,num_interact:478,Intrvl:15,num_users:666,errors:0
rt:10,through:39.33,tt:0.36,num_interact:590,Intrvl:15,num_users:606,errors:0
rt:8.3,through:27.8,tt:0.38,num_interact:417,Intrvl:15,num_users:701,errors:0
rt:17.25,through:17.47,tt:0.36,num_interact:328,Intrvl:15,num_users:644,errors:0
rt:10.92,through:35.93,tt:0.36,num_interact:539,Intrvl:15,num_users:592,errors:0
rt:7.44,through:40.87,tt:0.34,num_interact:648,Intrvl:15,num_users:591,errors:0
rt:8.61,through:48.6,tt:0.35,num_interact:804,Intrvl:15,num_users:630,errors:0
rt:9.22,through:33.53,tt:0.33,num_interact:503,Intrvl:15,num_users:658,errors:0
rt:8.56,through:35.33,tt:0.38,num_interact:583,Intrvl:15,num_users:645,errors:0
rt:8.33,through:39.73,tt:0.32,num_interact:596,Intrvl:15,num_users:571,errors:0
rt:6.27,through:39.93,tt:0.34,num_interact:649,Intrvl:15,num_users:588,errors:0
rt:9.05,through:63.87,tt:0.36,num_interact:976,Intrvl:15,num_users:651,errors:0
rt:9.12,through:29.47,tt:0.37,num_interact:442,Intrvl:15,num_users:655,errors:0
rt:10.01,through:38.53,tt:0.32,num_interact:733,Intrvl:15,num_users:641,errors:0
rt:9.89,through:50.73,tt:0.37,num_interact:952,Intrvl:15,num_users:666,errors:0
rt:56.56,through:81.73,tt:0.35,num_interact:1226,Intrvl:15,num_users:692,errors:0
rt:23.02,through:20,tt:0.35,num_interact:341,Intrvl:15,num_users:609,errors:0
rt:9.77,through:32.13,tt:0.32,num_interact:482,Intrvl:15,num_users:608,errors:0
rt:9.92,through:27.2,tt:0.4,num_interact:408,Intrvl:15,num_users:715,errors:0
rt:10.93,through:35.93,tt:0.32,num_interact:599,Intrvl:15,num_users:601,errors:0
rt:8.46,through:36.6,tt:0.4,num_interact:568,Intrvl:15,num_users:626,errors:0
rt:10.05,through:44.13,tt:0.38,num_interact:662,Intrvl:15,num_users:644,errors:0
rt:8.46,through:33.93,tt:0.36,num_interact:509,Intrvl:15,num_users:624,errors:0
rt:4.57,through:41.2,tt:0.37,num_interact:618,Intrvl:15,num_users:400,errors:0
rt:4.82,through:44.4,tt:0.39,num_interact:666,Intrvl:15,num_users:482,errors:0
rt:4.31,through:36.07,tt:0.36,num_interact:541,Intrvl:15,num_users:398,errors:0
rt:4.01,through:44.8,tt:0.34,num_interact:672,Intrvl:15,num_users:449,errors:0
rt:4.62,through:42.6,tt:0.35,num_interact:639,Intrvl:15,num_users:444,errors:0
rt:4.3,through:38.33,tt:0.33,num_interact:575,Intrvl:15,num_users:403,errors:0
rt:5.12,through:43.53,tt:0.35,num_interact:676,Intrvl:15,num_users:486,errors:0
rt:4.78,through:42.87,tt:0.35,num_interact:643,Intrvl:15,num_users:461,errors:0
rt:5.14,through:41.4,tt:0.34,num_interact:621,Intrvl:15,num_users:447,errors:0
rt:6.36,through:40,tt:0.37,num_interact:600,Intrvl:15,num_users:529,errors:0
rt:5.66,through:43.87,tt:0.37,num_interact:663,Intrvl:15,num_users:480,errors:0
rt:4.76,through:39.27,tt:0.35,num_interact:589,Intrvl:15,num_users:440,errors:0
rt:4.73,through:41.73,tt:0.34,num_interact:626,Intrvl:15,num_users:423,errors:0
rt:4.21,through:43.87,tt:0.35,num_interact:658,Intrvl:15,num_users:433,errors:0
rt:4.69,through:43.47,tt:0.35,num_interact:653,Intrvl:15,num_users:463,errors:0
rt:5.01,through:42.53,tt:0.36,num_interact:639,Intrvl:15,num_users:475,errors:0
rt:4.84,through:38.67,tt:0.36,num_interact:580,Intrvl:15,num_users:409,errors:12
rt:4.89,through:44.27,tt:0.32,num_interact:690,Intrvl:15,num_users:479,errors:4
rt:4.27,through:51,tt:0.33,num_interact:801,Intrvl:15,num_users:441,errors:0
rt:4.42,through:44.87,tt:0.37,num_interact:713,Intrvl:15,num_users:452,errors:0
rt:4.56,through:58,tt:0.34,num_interact:870,Intrvl:15,num_users:458,errors:0
rt:3.91,through:46.2,tt:0.37,num_interact:693,Intrvl:15,num_users:437,errors:0
rt:2.97,through:52.53,tt:0.33,num_interact:821,Intrvl:15,num_users:402,errors:0
rt:3.67,through:53.2,tt:0.34,num_interact:798,Intrvl:15,num_users:417,errors:0
rt:4.07,through:45.2,tt:0.37,num_interact:700,Intrvl:15,num_users:468,errors:0
rt:5.65,through:44.93,tt:0.35,num_interact:674,Intrvl:15,num_users:489,errors:0
rt:4.98,through:44.07,tt:0.34,num_interact:661,Intrvl:15,num_users:469,errors:0
rt:3.67,through:52,tt:0.33,num_interact:780,Intrvl:15,num_users:413,errors:0
rt:3.32,through:51.07,tt:0.34,num_interact:766,Intrvl:15,num_users:410,errors:0
rt:4.97,through:43.13,tt:0.36,num_interact:826,Intrvl:15,num_users:487,errors:0
rt:3.63,through:49.13,tt:0.33,num_interact:737,Intrvl:15,num_users:419,errors:0
rt:3.78,through:71.4,tt:0.35,num_interact:1071,Intrvl:15,num_users:458,errors:0
rt:4.86,through:50.4,tt:0.37,num_interact:756,Intrvl:15,num_users:459,errors:0
rt:5.78,through:39.47,tt:0.37,num_interact:596,Intrvl:15,num_users:532,errors:0
rt:4.21,through:49.13,tt:0.36,num_interact:742,Intrvl:15,num_users:424,errors:0
rt:3.97,through:45.4,tt:0.36,num_interact:704,Intrvl:15,num_users:451,errors:0
rt:4.06,through:49.07,tt:0.32,num_interact:759,Intrvl:15,num_users:426,errors:0
rt:4.65,through:88.33,tt:0.35,num_interact:1341,Intrvl:15,num_users:554,errors:0
rt:6.01,through:58.53,tt:0.35,num_interact:881,Intrvl:15,num_users:479,errors:0
rt:4.41,through:46.87,tt:0.36,num_interact:703,Intrvl:15,num_users:465,errors:0
rt:5.52,through:55.53,tt:0.34,num_interact:833,Intrvl:15,num_users:529,errors:0
rt:7.7,through:102,tt:0.36,num_interact:1530,Intrvl:15,num_users:563,errors:0
rt:6.38,through:44.53,tt:0.34,num_interact:674,Intrvl:15,num_users:468,errors:0
rt:6.73,through:40.33,tt:0.34,num_interact:606,Intrvl:15,num_users:550,errors:0
rt:5.94,through:40.93,tt:0.34,num_interact:614,Intrvl:15,num_users:473,errors:0
rt:4.4,through:44.47,tt:0.34,num_interact:695,Intrvl:15,num_users:444,errors:0
Terminating EBs...
EB TPCW Broswing Mix EB #35commiting suicide!
EB TPCW Broswing Mix EB #256commiting suicide!
EB TPCW Broswing Mix EB #15665commiting suicide!
EB TPCW Broswing Mix EB #15503commiting suicide!
EB TPCW Broswing Mix EB #197commiting suicide!
EB TPCW Broswing Mix EB #143commiting suicide!
EB TPCW Broswing Mix EB #176commiting suicide!
EB TPCW Broswing Mix EB #313commiting suicide!
EB TPCW Broswing Mix EB #150commiting suicide!
EB TPCW Broswing Mix EB #683commiting suicide!
EB TPCW Broswing Mix EB #154commiting suicide!
EB TPCW Broswing Mix EB #15590commiting suicide!
EB TPCW Broswing Mix EB #15816commiting suicide!
EB TPCW Broswing Mix EB #1652commiting suicide!
EB TPCW Broswing Mix EB #166commiting suicide!
EB TPCW Broswing Mix EB #142commiting suicide!
EB TPCW Broswing Mix EB #15499commiting suicide!
EB TPCW Broswing Mix EB #78commiting suicide!
EB TPCW Broswing Mix EB #15817commiting suicide!
EB TPCW Broswing Mix EB #15143commiting suicide!
EB TPCW Broswing Mix EB #161commiting suicide!
EB TPCW Broswing Mix EB #490commiting suicide!
EB TPCW Broswing Mix EB #116commiting suicide!
EB TPCW Broswing Mix EB #15801commiting suicide!
EB TPCW Broswing Mix EB #92commiting suicide!
EB TPCW Broswing Mix EB #212commiting suicide!
EB TPCW Broswing Mix EB #57commiting suicide!
EB TPCW Broswing Mix EB #1649commiting suicide!
EB TPCW Broswing Mix EB #30commiting suicide!
EB TPCW Broswing Mix EB #311commiting suicide!
EB TPCW Broswing Mix EB #191commiting suicide!
EB TPCW Broswing Mix EB #303commiting suicide!
EB TPCW Broswing Mix EB #1481commiting suicide!
EB TPCW Broswing Mix EB #99commiting suicide!
EB TPCW Broswing Mix EB #192commiting suicide!
EB TPCW Broswing Mix EB #15663commiting suicide!
EB TPCW Broswing Mix EB #58commiting suicide!
EB TPCW Broswing Mix EB #15662commiting suicide!
EB TPCW Broswing Mix EB #231commiting suicide!
EB TPCW Broswing Mix EB #198commiting suicide!
EB TPCW Broswing Mix EB #132commiting suicide!
EB TPCW Broswing Mix EB #88commiting suicide!
EB TPCW Broswing Mix EB #673commiting suicide!
EB TPCW Broswing Mix EB #184commiting suicide!
EB TPCW Broswing Mix EB #669commiting suicide!
EB TPCW Broswing Mix EB #71commiting suicide!
EB TPCW Broswing Mix EB #15591commiting suicide!
EB TPCW Broswing Mix EB #225commiting suicide!
EB TPCW Broswing Mix EB #499commiting suicide!
EB TPCW Broswing Mix EB #500commiting suicide!
EB TPCW Broswing Mix EB #265commiting suicide!
EB TPCW Broswing Mix EB #316commiting suicide!
EB TPCW Broswing Mix EB #223commiting suicide!
EB TPCW Broswing Mix EB #73commiting suicide!
EB TPCW Broswing Mix EB #117commiting suicide!
EB TPCW Broswing Mix EB #15812commiting suicide!
EB TPCW Broswing Mix EB #9commiting suicide!
EB TPCW Broswing Mix EB #134commiting suicide!
EB TPCW Broswing Mix EB #15592commiting suicide!
EB TPCW Broswing Mix EB #126commiting suicide!
EB TPCW Broswing Mix EB #15774commiting suicide!
EB TPCW Broswing Mix EB #45commiting suicide!
EB TPCW Broswing Mix EB #84commiting suicide!
EB TPCW Broswing Mix EB #63commiting suicide!
EB TPCW Broswing Mix EB #299commiting suicide!
EB TPCW Broswing Mix EB #319commiting suicide!
EB TPCW Broswing Mix EB #107commiting suicide!
EB TPCW Broswing Mix EB #245commiting suicide!
EB TPCW Broswing Mix EB #213commiting suicide!
EB TPCW Broswing Mix EB #187commiting suicide!
EB TPCW Broswing Mix EB #1653commiting suicide!
EB TPCW Broswing Mix EB #158commiting suicide!
EB TPCW Broswing Mix EB #667commiting suicide!
EB TPCW Broswing Mix EB #186commiting suicide!
EB TPCW Broswing Mix EB #306commiting suicide!
EB TPCW Broswing Mix EB #15804commiting suicide!
EB TPCW Broswing Mix EB #310commiting suicide!
EB TPCW Broswing Mix EB #46commiting suicide!
EB TPCW Broswing Mix EB #163commiting suicide!
EB TPCW Broswing Mix EB #242commiting suicide!
EB TPCW Broswing Mix EB #56commiting suicide!
EB TPCW Broswing Mix EB #15586commiting suicide!
EB TPCW Broswing Mix EB #15145commiting suicide!
EB TPCW Broswing Mix EB #34commiting suicide!
EB TPCW Broswing Mix EB #15807commiting suicide!
EB TPCW Broswing Mix EB #2999commiting suicide!
EB TPCW Broswing Mix EB #103commiting suicide!
EB TPCW Broswing Mix EB #15498commiting suicide!
EB TPCW Broswing Mix EB #679commiting suicide!
EB TPCW Broswing Mix EB #317commiting suicide!
EB TPCW Broswing Mix EB #16commiting suicide!
EB TPCW Broswing Mix EB #289commiting suicide!
EB TPCW Broswing Mix EB #218commiting suicide!
EB TPCW Broswing Mix EB #496commiting suicide!
EB TPCW Broswing Mix EB #287commiting suicide!
EB TPCW Broswing Mix EB #252commiting suicide!
EB TPCW Broswing Mix EB #215commiting suicide!
EB TPCW Broswing Mix EB #72commiting suicide!
EB TPCW Broswing Mix EB #15809commiting suicide!
EB TPCW Broswing Mix EB #15502commiting suicide!
EB TPCW Broswing Mix EB #224commiting suicide!
EB TPCW Broswing Mix EB #15587commiting suicide!
EB TPCW Broswing Mix EB #136commiting suicide!
EB TPCW Broswing Mix EB #508commiting suicide!
EB TPCW Broswing Mix EB #15504commiting suicide!
EB TPCW Broswing Mix EB #301commiting suicide!
EB TPCW Broswing Mix EB #15589commiting suicide!
EB TPCW Broswing Mix EB #214commiting suicide!
EB TPCW Broswing Mix EB #139commiting suicide!
EB TPCW Broswing Mix EB #1656commiting suicide!
EB TPCW Broswing Mix EB #304commiting suicide!
EB TPCW Broswing Mix EB #51commiting suicide!
EB TPCW Broswing Mix EB #140commiting suicide!
EB TPCW Broswing Mix EB #235commiting suicide!
EB TPCW Broswing Mix EB #42commiting suicide!
EB TPCW Broswing Mix EB #170commiting suicide!
EB TPCW Broswing Mix EB #89commiting suicide!
EB TPCW Broswing Mix EB #15144commiting suicide!
EB TPCW Broswing Mix EB #308commiting suicide!
EB TPCW Broswing Mix EB #112commiting suicide!
EB TPCW Broswing Mix EB #61commiting suicide!
EB TPCW Broswing Mix EB #1478commiting suicide!
EB TPCW Broswing Mix EB #82commiting suicide!
EB TPCW Broswing Mix EB #221commiting suicide!
EB TPCW Broswing Mix EB #318commiting suicide!
EB TPCW Broswing Mix EB #1650commiting suicide!
EB TPCW Broswing Mix EB #15501commiting suicide!
EB TPCW Broswing Mix EB #77commiting suicide!
EB TPCW Broswing Mix EB #185commiting suicide!
EB TPCW Broswing Mix EB #15500commiting suicide!
EB TPCW Broswing Mix EB #680commiting suicide!
EB TPCW Broswing Mix EB #156commiting suicide!
EB TPCW Broswing Mix EB #15142commiting suicide!
EB TPCW Broswing Mix EB #90commiting suicide!
EB TPCW Broswing Mix EB #15584commiting suicide!
EB TPCW Broswing Mix EB #312commiting suicide!
EB TPCW Broswing Mix EB #684commiting suicide!
EB TPCW Broswing Mix EB #146commiting suicide!
EB TPCW Broswing Mix EB #1483commiting suicide!
EB TPCW Broswing Mix EB #169commiting suicide!
EB TPCW Broswing Mix EB #1477commiting suicide!
EB TPCW Broswing Mix EB #202commiting suicide!
EB TPCW Broswing Mix EB #15806commiting suicide!
EB TPCW Broswing Mix EB #15588commiting suicide!
EB TPCW Broswing Mix EB #108commiting suicide!
EB TPCW Broswing Mix EB #19commiting suicide!
EB TPCW Broswing Mix EB #675commiting suicide!
EB TPCW Broswing Mix EB #15805commiting suicide!
EB TPCW Broswing Mix EB #104commiting suicide!
EB TPCW Broswing Mix EB #1657commiting suicide!
EB TPCW Broswing Mix EB #85commiting suicide!
EB TPCW Broswing Mix EB #201commiting suicide!
EB TPCW Broswing Mix EB #15810commiting suicide!
EB TPCW Broswing Mix EB #15814commiting suicide!
EB TPCW Broswing Mix EB #502commiting suicide!
EB TPCW Broswing Mix EB #173commiting suicide!
EB TPCW Broswing Mix EB #229commiting suicide!
EB TPCW Broswing Mix EB #15585commiting suicide!
EB TPCW Broswing Mix EB #220commiting suicide!
EB TPCW Broswing Mix EB #2996commiting suicide!
EB TPCW Broswing Mix EB #294commiting suicide!
EB TPCW Broswing Mix EB #15818commiting suicide!
EB TPCW Broswing Mix EB #283commiting suicide!
EB TPCW Broswing Mix EB #15808commiting suicide!
EB TPCW Broswing Mix EB #689commiting suicide!
EB TPCW Broswing Mix EB #55commiting suicide!
EB TPCW Broswing Mix EB #118commiting suicide!
EB TPCW Broswing Mix EB #494commiting suicide!
EB TPCW Broswing Mix EB #668commiting suicide!
EB TPCW Broswing Mix EB #15811commiting suicide!
EB TPCW Broswing Mix EB #193commiting suicide!
EB TPCW Broswing Mix EB #506commiting suicide!
EB TPCW Broswing Mix EB #79commiting suicide!
EB TPCW Broswing Mix EB #259commiting suicide!
EB TPCW Broswing Mix EB #130commiting suicide!
EB TPCW Broswing Mix EB #101commiting suicide!
EB TPCW Broswing Mix EB #32commiting suicide!
EB TPCW Broswing Mix EB #492commiting suicide!
EB TPCW Broswing Mix EB #81commiting suicide!
EB TPCW Broswing Mix EB #489commiting suicide!
EB TPCW Broswing Mix EB #292commiting suicide!
EB TPCW Broswing Mix EB #323commiting suicide!
EB TPCW Broswing Mix EB #1480commiting suicide!
EB TPCW Broswing Mix EB #247commiting suicide!
EB TPCW Broswing Mix EB #279commiting suicide!
EB TPCW Broswing Mix EB #174commiting suicide!
EB TPCW Broswing Mix EB #258commiting suicide!
EB TPCW Broswing Mix EB #129commiting suicide!
EB TPCW Broswing Mix EB #269commiting suicide!
EB TPCW Broswing Mix EB #676commiting suicide!
EB TPCW Broswing Mix EB #15497commiting suicide!
EB TPCW Broswing Mix EB #15664commiting suicide!
EB TPCW Broswing Mix EB #15803commiting suicide!
EB TPCW Broswing Mix EB #262commiting suicide!
EB TPCW Broswing Mix EB #15775commiting suicide!
EB TPCW Broswing Mix EB #164commiting suicide!
EB TPCW Broswing Mix EB #15661commiting suicide!
EB TPCW Broswing Mix EB #15802commiting suicide!
EB TPCW Broswing Mix EB #209commiting suicide!
EB TPCW Broswing Mix EB #203commiting suicide!
EB TPCW Broswing Mix EB #133commiting suicide!
EB TPCW Broswing Mix EB #322commiting suicide!
EB TPCW Broswing Mix EB #15815commiting suicide!
EB TPCW Broswing Mix EB #1658commiting suicide!
EB TPCW Broswing Mix EB #160commiting suicide!
EBs finished.
Really finishing RBE!.
